PocketMine-MP Crash Dump Fri Jul 2 00:02:27 WIB 2021

Error: strict_types declaration must be the very first statement in the script
File: plugins/NapThe/src/KaYuuVN/NapTheFGC/Main
Line: 2
Type: E_COMPILE_ERROR

THIS CRASH WAS CAUSED BY A PLUGIN

Code:
[1] ﻿<?php
[2] declare(strict_types=1);
[3] 
[4] namespace KaYuuVN\NapTheFGC;
[5] 
[6] use pocketmine\plugin\PluginBase;
[7] use pocketmine\Server;
[8] use pocketmine\Player;
[9] use pocketmine\command\Command;
[10] use pocketmine\command\CommandSender;
[11] use pocketmine\math\Vector3;
[12] use pocketmine\event\Listener;

Backtrace:

PocketMine-MP version: 3.21.0 [Protocol 440]
Git commit: 82e8eb46ac8b7ef6a320da6051b755830d202b84
uname -a: Windows NT HQDATA-788 6.3 build 9600 (Windows Server 2012 R2 Standard Edition) AMD64
PHP Version: 7.4.18
Zend version: 3.4.0
OS : WINNT, win
Composer libraries: 
- adhocore/json-comment 1.1.2@fc2f76979f0a44a5f5bc2a2b600d0762fe0e78e7
- daverandom/callback-validator unknown@unknown
- pocketmine/binaryutils 0.1.13@0abee38d4e2861621f262c79a2a3d699d8a697f4
- pocketmine/callback-validator 1.0.3@64787469766bcaa7e5885242e85c23c25e8c55a2
- pocketmine/classloader 0.1.2@9757928424652393b178a3760073113aa7c9911b
- pocketmine/log 0.2.1@830b44a2cf96ef703c550abe64302f230231ca49
- pocketmine/log-pthreads 0.1.3@e477ecf6ec214fdd4415ea1da3fdd9d73bf699ea
- pocketmine/math 0.2.6@43057cb8c179a9859677b496a788db922fd5cfc3
- pocketmine/nbt 0.2.18@9f82ca4d7f97fcd9a566e44b63c4f18a7657ae82
- pocketmine/pocketmine-mp 3.21.0@82e8eb46ac8b7ef6a320da6051b755830d202b84
- pocketmine/raklib 0.12.11@9cce458b8bfde3e4dfdbf70c659fc7b7fe26b5c4
- pocketmine/snooze 0.1.5@70b5e7937a06878dd321a3182ceb76d56298f2cd
- pocketmine/spl 0.4.2@6b08b7cf8c4afa17139c9a1b3bf1b408531de161

Loaded plugins:
PlayerVaults 3.3.0 by  for API(s) 3.0.0
VanillaEnchantments 4.0.0 by TheAz928 for API(s) 3.0.0, 3.1.0
KeepInventory 1.0 by KhoaGamingPro for API(s) 3.0.0
InvCrashFix 0.0.1 by  for API(s) 3.14.0
CustomAlerts 2.1 by EvolSoft for API(s) 3.0.0
PurePerms 1.4.3 by 64FF00 & ProjectInfinity for API(s) 3.0.0
RandomBlock 2.0.0 by Edit By Nờ Cờ Dờ for API(s) 3.0.0
PM-Beacons 2.0.1 by jasonwynn10 for API(s) 3.0.0
PureEntitiesX 0.7.0 by milk0417, RevivalPMMP for API(s) 3.19.0
essentialsTP 1.2.2 by  for API(s) 3.0.0
PointAPI 2.0.9 by onebone | Edit By Nờ Cờ Dờ (NCD) (Danh Miner) for API(s) 3.0.0
AutoClearLagg 3.1.0 by Twisted for API(s) 3.0.0
BuilderTools 1.2.0-beta4 by CzechPMDevs, VixikHD for API(s) 3.16.0
EconomyAPI 5.7.2 by onebone for API(s) 3.0.0
FormAPI 1.3.0 by jojoe77777 for API(s) 3.0.0
MultiWorld 1.5.3 by CzechPMDevs, VixikCZ, fuyutsuki, kaliiks for API(s) 3.20.0
Netherite 1.2.1 by Wertzui123 for API(s) 3.0.0
DevTools 1.14.2 by PocketMine Team for API(s) 3.13.0
PiggyCustomEnchants 2.4.1 by DaPigGuy for API(s) 3.19.0
SlapperRotation 1.2.1 by jojoe77777 for API(s) 3.0.0
PiggyCrates 2.0.9 by DaPigGuy for API(s) 3.2.0
CustomCraft 1.0.0 by TeamBixby, alvin0319 for API(s) 3.0.0
NoFallDamage 1.0 by DeveloperNeb101 for API(s) 3.0.0
MaxEnchants 1.2.1 by Xenophilicy for API(s) 3.0.0
Broadcaster 1.5 by EvolSoft for API(s) 3.0.0
WorldProtect 2.3.8 by aliuly for API(s) 3.0.0
TopVoter 3.1.0 by SalmonDE for API(s) 3.0.0
DEVirion 1.2.7 by poggit, SOFe for API(s) 3.0.0
DLevelIsland 1.0.0 by Nguyễn Công Danh (NCD) for API(s) 3.0.0
BetterVoting 2.0.2 by Twisted for API(s) 3.0.0
PureChat 1.4.11 by 64FF00 for API(s) 3.0.0
AuctionHouse 1.2.5 by Shock95x for API(s) 3.0.0
Minerloot 1.0.0 by Distoxicqted for API(s) 3.1.4
SkyBlock 1 by  for API(s) 3
Minion 1.0.4 by phuongaz for API(s) 3.0.0
MuaPointUI 2.0.0 by JKPVN (JakayPluginVN) for API(s) 3.0.0
ShopUI 1.0.0 by SaltyPixelDevz for API(s) 3.0.0
HuongDan 1.0.0 by YTBJero for API(s) 3.0.0
VipJoinMessage 2 by Hender Plugner [Edit By CurliestDrake66] for API(s) 3.0.0
TopGems 2 by moch for API(s) 3
EnchantVipUI 0.6 by UnknownOreforsource|RBpmmpformod for API(s) 3.0.0
MuaKitUI 1.3.6 by Infernus101 for API(s) 3.0.0

----------------------REPORT THE DATA BELOW THIS LINE-----------------------

===BEGIN CRASH DUMP===
eNrNPIty20aSvzJHV13sO5IiwDdzurMsybESS+JKsp3bxZZrAAxIWAAGwUMUvZt/v+6ewVOMJTnc
qktVLKJnpqdf0y88/tHxZBLy7POdSFJfRp3FqNvJ/FB0FsbEHBvj2Xw07Q9mxsDsdvJYjZj9wXQ8
MWYDczYZDaajabcjkkQmncU/Otk2hhmd08/Hl+fLs/enn0+vri6vOt1OKNKUr3AszRLfyT7jzJS5
wgl4wjPYm4V5mjFbsGwtGNCzZZ6fACTNeCZCEWXMj2gsdRI/zgCn5weIMA7ylR+lBxc8vlmLgzRx
Dn7h/5vnHy806O1Pxwfn3I9gSeBHyMHvXb3qsx/dyeCO8AMq10+Eg6gd6QrkxwCglXvC8/7rf+J1
DCMmTiOqxcs6K4fGqx9heAjD8GcEfyIOTMfcEUyTY1klPTh1rKZO4E+eChZL51ZkIRBoWYo4y1rS
3zc8FbhgumPmtUhAVjg62zG6DPhWjc53jDoyDHnkWtax+oHzjMETJl6LyFVoDWPHdDCotWV9BEnK
ZEizzB2zxB3I3LLe+2kmIsQGSskSEFdn8be/dzsrBPIAlYCCBARLWnwOi3vnS8Bqg1gqw+0M+6bR
HyA89wMXDHg2MrodP/3sirvOwuNBKkDricykIwHtaDSATXzU+swUM2GPJtyZ2VPhTfjQHLh8Mhgb
9nQ8ng0Hrjkw7dkIcOealk9+5MpNyi5u2Lu/nBzdHPWmsxmb9IeMdmfzyWDAXhazlJKYOTBMdmWy
6wxkyBOXnbo+Wv4rdnR+MkH0aGKLzrQ/6hszuPwKcibORsQYjH6WKe5+dnFxAwC62JBhg4pimYrk
c+DbCU98kaLkuLsGbhNx8CWVUQ/VqOzc6Bt987XnmN50Mp/OvQEfjfjYG9uOyU0baHcH04npiYGY
zsQU0LscGACqZXjg8CCwuXPbu+OB7/IMDz7I5TaSm+i1/ovElqo+sP2IJ9s88wOkdwB7G8PXA24L
MZy5IwFuBJyN4ZkT05nOucmH7mQ+d2ccSPNGTVQ7Nwe194evJ6PpbDqCNZOJ7XA+FePZbGyOQLdj
xxw65ljMnPGYmy2EAU/TQHKwZ02b+Xo+HU/n5mxkjiZjczgf2sZ0xodTEMt0aBhDwO3M54ZhNzEF
ckUYzL7xGmzGBomajjefCG86GMLOyPBkNByYngn/DA2Hj+YPMPTibJ0I7haCGr4Wo+lUON5EOKYx
8lx3NDLGghsuH8LF3J0ObQ+kJXgTFR5BTc3kNWw6njr2zDFAvPPZeD6ZTu3RfMLBZl17bpqeO3Y8
Z9hEEdlZwc/s9dybmUCwO/VAJ4475+PJRIxG9mTojDxjxqeT8ZSLWUu41c9eGJdH9PUzzlsNWcJv
wbaVXIAm4/XcccRoPLNntueKoRi5nmuDrJ3JeO45U3vqCXNij50WmjSS8qvQ4h2/ng7ssZjOh1M+
mMymM9cdmgYfGsCtsKcTdzwx5zPPdNwWkjggDCOwlok9ADYcb+aMuMeNqTGcO3Nu2KAYwx4NZuOh
4QpjYnR+L6MOnU3lmz/yPMjSuperg7udun8bkhfgebaWSaq8JI99+AFjAxiDaxFxOxBu6e9cEYMP
0ZNT6WUndUCIQXHRCfPfUj/DqINb39HWRewoCcEzguRdXt98urx6fwKgjbBhHRKNvvsjj/wg4KeR
s+ZRho6mztau0Tp3I+Kgzl0HIuXRVziHnTafEGX7xp/g907RguEsEY+xts6yOF0cHECoWOd2H3zo
QUHYwS6mQBK/CBGfRRjeZLKtyaAJr3NvtHn/ZS35TxxsbbVMZGdfim5gtawGPZZVpEiPKRqWHCc8
Xb/172vM1aF11oDevvGHZmuM9mC3kMM5uLXn30M+oXz5E/g4hnxThkeBSBqW2gDXOTFbfHROIXW8
Btq+qZ8syZ/KT31nMM4mHZqd65ujq5sPy50mutls+gJoQvz97BZ5XOaJWIokbHiYEtY0wVF/2ORv
Mnr7FtKYf2dgLV8gmzuLPD/ys+3e7PGz2gF8TUFS7ed3HExaq6uBCg+I4YpSlzcBePCaIOrQpqIf
+CLM1NibLbuwckO4LjvWf0/U371JpEbS0w/k8rz3RnBHRg0tV8A2by0z/sIhOdxso8gY7I2PGk7L
sokOy6roeZwl0N5plEF6LNJfW7ZbwZt+ZtpWWugHt4ORgfnrlbjzIWVcnkPl0PA/8+8/ronCGYdh
DLETCBOaMGXEBZlPO7s1K67RetDkFwQDZTRuA6q4Wdbk0gA3j7XZN/8lWUN9S6jmmgQ8rmDpR9nR
8qxR32lQ217nTbXKSNjwP/sne+RUspcXxyev2MsTHq0Z1o3Jq70ZuCYCFI9UA0pQekX/o+wf5Zk8
DgRP3vPVqiaDJryZ/j1IEm42WDvvz/lkCp9lwR7SQSoCoMKy2kQ9O19SeI/SbZCH58cHTXwgjTdY
M4vkRsqg7sIa4LZRD3q2yPioKZHjr8JZL89PxB0u+Ojf+7fvTpoHfvInBOQg+jh0AT14NUVdhtSB
b2vS+lwR1Qg/aKAC6ZyC05ThtnlYasC6ZMbgBc2dx2X/li8UCWT7DXIetf63Mgmb7BSQppbbBU/n
i/wixRT/21+kKlFalqai/PEUXs6hPvI/yQRbTiU7NWCTo3E7x9phscd/xd5mvs2zNL/14fctD3z/
Nm2wbA72Zcch0rpBWiHjqNP9Z2y4hghkdCGytUhoYSmiCtY+2a305BOcsa+5b5jDvem8QmlZJR1P
y7d28F1hO6iYAq5BEG2PVoKaPEMV1Dq0Va+T3QgeNl3Y8PtzloIAy6qR8rz0pCLtoMSBAd1frbaq
ZtH1cCMb3THaDPOjtt5POCz6Kd9+O197jtoLjBCqH5KzE/gd1lBscrAD3QEK6jrgcSySK5nRbY+a
kNojjxyMf4EzbFHwjBKEmE14Jh5qXUEfSep2att8Nis7De2PLYBIa1z8eY0TmoOqwQAAL3vQX1DQ
Vg/oQYIHR/+Nf29js4gHd340GBrzP6lsvf9ZJkLdKqnEU+5XdB+IysbFU4zhQr7lQXDCQ7rhV3n8
Ovib3S/wKyKQYIgXwjYGxt7Mu4UXnH+NpKcb+zm/3+Hi6tBHTu6vIpLx2g98Z3+9lBpO5OS+8mtN
wh7l7k0CMxwOGXtSz8Vr0FZK8x1NsecwVtsZ0uwGGd/XE6O0ZJnIDG/1Vhw2wE1vNezPmkxCQpYH
+9OdQmdZlIXFioS2OT4xOp/nfuL5InDrN1+KO+RZIvDWEErvoMEuSOVGxh9lU+cl6JE69JoHoYxO
TvcXhjRCyypIqH49xYRPTj/6STO2lqD20Zw2eYnlCm8KQ5i+fLu/mklhtaw7osGyIPPWv2p0fUPR
xNR79F5nacCjeqnRAD8STy5WEPpyQzjjCHslg4E3ilaM2iPUKnkev80atCiZviEF3F5ExzJa4ZbA
e5P0xz2TyMAAwAr8qN4zaYDbaYb5r2iZPJJllH0Umyi7I8qw/dmg80k90OM1z1rtTwK1O/eGsat1
/0x9Vi3zhxy/5Q5mhCnejupCsLnzZZ4uT3sFvPMHXX2ktvq1h54+oaEOGm38DsgQjQZaDdw+661Q
db0GFzkf3/9Za2icg/p9sEomqd4Ke2tE4BoJxNZag9zHUw/sYgZS1o2igj1y/E/ALOW97/zWPgFg
Qd+fU9WQWlYWPD2Nur7dtu/IlKAGJ3/Uvv7++KK3say/5oHH16H/9kvyjPzPj5rBRQPa4m81J+N1
Dq6Pf91bVDl+f3RCLRy1/zMYyDk1qz+cNXpWJfCRm2E//7L8eMFe/sxv+VYdzY8X++usE3ZsRfFn
mNJaxg1mNOCRAwF5RrZd+vciADnuTy8fznD7p1P/LlchsUZ/CXqEg/+9efOz2OMTAsW+Tyf+ox//
DGZzXjzfWT3x0Rxo2FSTiXf0OCFDUwJPxv5W3NY5zpPAF2l2kvBbMZn8fX9c0oaWpUksfzyFX8hD
fxKN++kF5BschtJZd/bhuRAR5cK449OVpJMUYLNxShrg5s3USZOBD+q5vstEeACReeKIf169wVuf
+ACx3N89qGojKM/r9D3Lu/3iP/BtCtS+v9Bi8yzyRBLl6T6bDjWclkVUPJUVfF6MJ8ABpI2trnDv
fNmP15yaNyk9XdqHujEWCd1xLp5ZfrEsYQzSbs9fMXxm2kqs6MUn4bKf84gNB2wwXwyNxWjM/nMw
ZebANHACJOWrHA7uoYDcFa5DmbmHWDPw6UT9Cax8ODAGTF1x+DMaOvDv0J7Dv+Z0BKWGO5iqYTvF
8ZEp60N6qZsWM+HfQVpOwTFnyMpNYTciTTHci2WSHRpzY2gicLMGsfUCyEYOB3jNo0jmkYPFLz7H
1uPO2hfqQe/0EIIl4on5JurpehtsQi0M+b1ekx6OCLICFYCNCzUOBg9YS5j0PISCLlx80ra4ju9i
vYvre57v5BBpDolQ9WBzJpNeCgUB1ALpIckba6Ee2uuhLdwNT9IKmgrh1ibh8+aHb98f3SBI2WTv
t1wkW72jBiWQlhbk4O9+zNN0IxP38D/oP5BRnsleyu+EXnjni03PBRFyENzhDEH3trzv4QnRUxrP
Qfa3IT4H+YKhPTOHLCzXT/OjoTGQFWsYLRgeu1mLVLCCecYT9ci/jMBKM8jumYO6o1cB/MgJchcs
FdA/MHPEdS1DWOkhgjbOlHuiyyTekEkRJbMTwW/ZFpyXxsV8j4EOfc+nHUB9+PR/sEXEF2JTojtw
hUePQbKNjH7IGPbIecJQeiEwi88kb9XLCX6q+N6sRcTyeJVwFxD0rQiNViFbWBFjLz6t6U4RyyTs
ErkMUDB8mwCJzxIeQU0M+bQaJlIhXeWAGOQZiIzkhT0ERzBwkG5AEgwRs7LO4vAuGHkqHEjXeeaC
Z+3pNzEWzOro59KJ6nuWiN4XCIIM/O+/WR0i8ygI5IbhoQLKmG4jsTufs7+gveEcMryiw7RgeC+K
lp6SEeo1DIhkeDwYqA8khNjsLdNyxfnaZsvhGuUvPvkgHRmBkLnrApmp0gXKGKR/y0LBU6gM1Tsi
KdgNEg2SEr/lPEAZrvw7mHvHg1ywl3pTcHSvELvaEU6LQH/SAx2sViJZwDDtfZGHNogITOwo3UbO
DU9vwQqSWzCqPk34kIKe0M4LTnHaOoGKMAdVwvS0y6ivx/TBh8PRZfi4PjCCkYhkA24fYWEegTnh
FIX8mnQNPIHJJVBlgbkJEAOwRGYclcShbDVBZx4aLs5BA+0yP/sBxJcltMwV6OvIflqL2UvgAd/R
MEksxEZPc7ogVG3D5WQcSR5FqE5X9dZJCfRoRNpnkFXr3yz0V2s42VgZd+snURsOSiRJ8jhTUCUw
FEwItGm+SLlwQuktBledDn4nfRfI3k0B2gjanARBg3X1a4YGk3tqUmlp4PrBpSdbdUJ/CqQN1oNR
nSk4nIPQp7eQQrHi9jYDibNrJeoBCddPETctv0GtbXySPFkUnOBNTyEqjCwlDj0fSAT3RO/DIBov
EaLYUhk5aCvHM8tWEhQl8cyiVeBGKyKzR6Qt2AC5gN3JH6s3Cf7fc4Bp0rfox8j65+hPMxmrN8eU
vytJ0uhSBu4Dg6NwS4Jw14IqY2CONGHkBD7RqdD0pT/sgUI6F0QSegzm5BCJIohETNwLJyfnKxXJ
6kRi5Cpni3sH8oO04kg5rsub0wW7eXd2zd6fnZ/dsKPl8v3Z6TVbnl4xyDZ/Ob3qMpjEbi5h1in7
9O7y/SlbXl0en15f99suoCEPczzR4liKxJcUndERp8igsxbkkkkapbM1QPaQH7jkW2hKD++TKjdL
qCA/BT7BQYM1Ib9/ZGzKyCDbw2gY4TS9GWFWSMD1Vo5cRSTa4xJjCAZ9WtB/OBttQSf5oLZYOJgb
KMkiuUqvam3JA5iXiNOKVUioFa/pq90kac6HmvMVT2w4GT1HBoHKQ8kB7ZYuHTUkR69iehX47pBH
OWUidUogS8vBBl91i5jQNsLCDFV49TzApfgNqyPYZ5fK5yuDh1RC5oFb0uJDENlErKI/VYhjIh8Y
nQwGmlfY7S05iwdBkkxHYSh58xIZFsFWrdYzenXTrGsYudGafGAbbIdJNazjusgeUWUJ7IRmqA3Z
zcNYpVoqn2N6oIcDhb5OcJJeQLQTmQUHcAVhHg473yFgCNoQ+GCHOzCyNM0FOoZsDVpbFaknOi3c
raKqWyhS5Qg6w+wranDqH8oJaxxnnUe3aUH7MY8R6od5CDGW+jFFIYCKZKoiUlRUcsXzokVJJ+ah
jUHmHWuKaMMepsQ5BN1RqbETqYbaNo25EXo9hV9NLo6QwqUn1jmjzKHnQLUnSt5OgBTKVSB9ROkB
dSrBUFhijgUKU2sUhxV3sEzLU/FT7IyTq2wXBYgPtBZ4v43qW3ZoRZHIUGELHSIgNVvLQKWYNs+g
isVMnEiGrAlMSAcZ8m2qDNKjKrTYokw2VXh7UddSMYRuNdlmiLzLekZNgaQ82riXFcToEEBeu8pj
qTjFFNJVnGNhQ4k+LgagJqvP3kEuCLZ0SMkdO15+6MJaoMGG87XxXTB7yhWU9yzx9wj/gk2KtLvK
yFOSTm1unx254KjWPPAO8FFxKhNcATast4JNGXZf0MBqB7EKezVk9VLk9B69GqaYPOgzJOLDMloW
yXZVDWItgURBHU9I8ziKe/q6Vd2c61OX+l9FqU9Myws14oP1RcoEabsyj1poHc1NtehVny31moAn
K1rAdVmqbYF29BK+QhZAJyC2NA4oY8FaMwTi8bDzBPV0HPjYLaHiOYFiSqQZO7/5QJSmwBKybecZ
w2KdVFltp4qLfuFrwizv4aoFUYtW7go7Xy2KguW/mYGFik7X1nBUaZzpWjUtXv3H10ekClzaGgxE
ppyTwna8ljKlCryoU0RRiZIHc3nGWcrvCk+J7Y+iR4RjtRIWCKNHK1XCopsTWCKrYphaRD+wX215
j1afsLMT9vLXD2cnr4BnMHmgAeZvwN3HibpfCoaB9UsCxUu/ygDBEiRNIWFHYOm/vnlf4Ne1TQ3y
A21GHxeg/kAmsMilMEy8yaJVokNIrYPjebQtjPnetnef+27FLYc0BZyb4FnhNoF91ecsqgCqIDWh
YDaQdFJGFkkn8GNGa8FqzvkWLAYryVDeFUU5RjQdBsgV94oxtWVaOcCi41XvltxQu0OZu/pghdIF
zdW2nae67eLAQc6Uq9NremrNgsWQI935AW6j3Lh2UXoXjEM8WpV1QoTLgnY47BazGt2ynR0qpeSj
UOZ4gj0Vb/SBRlFqFWN8RQ9F7QgwQ/xNARIWX1G4rC0mxiOhyl9bKGQ2tuXhNzY0KcKtC3snE6c+
ZyPwKvZxo5J98EOMt0kFXhyKHExATNtF5WA3mTwBTGAfxbEDYovF+LekZkhnGZsDvTx28dHJmm+k
d1BoI2rs1o/mCW1m413clBwQylMkqGmmPlTANHdMN1OKAE5rGqwDvh4z2Qu2gjIsrcRTNWxKCfUf
iki7pg33qU4DNwlFjNJNLOM8KIxRX2AkoznaIQ7JHVKC34u1E8NYgn4Jgp1OnalTq1pUCx3EsaNG
ZaMCqxio9YXPm5S9jtohR3vv4bdNWqDyuDXB8RqyTU/WNAKnrKce0ihnriVqhkjp4w2hvi+JYnBk
2xDLHvyAC3YQnbQiHWs5Pc6qcWKBnBhfrRIooFWzTHfWVAMBPxFy2+aP6IMTfHlyucA+pnb5KvKh
U9gIlVtzODob2jElwisGCNav9bYh0JaSV6aplPNAqKBQNa6NCWI8fmuDIlU9RSS4rIsOsu4I7aTW
ueqCf4zXvMvw7SYKz1mZhYHr9UQCmXYPPVCE4U+NFtFKxQre6ITp+1218JpDxgmRnLxY4Sw0QtK8
Gi/2eKBpxWtd1ZkfVr5ax19EivPxJKBrRs2iw8QNqcWnFxXt3H61gR6p71BI89sRXrttpV11Kmqd
E40D0GdankWPZK2B5DGwyNF5s/YY2HKG0sSlxNH3SkRQfQAj6mYDeqCicaB8HODTLrKIbDzweaqr
EkgkeRgHxRWmPECj1tWiUJoaA7vFDtaC/Y1yFYifXWpp/R2RUsFRhcn6TRBiA/PGxHd106C49UTd
gF0RiwI6ReiU8mMqNvFdHqBVh9s6+WpfokH9ZHirCqOCil7VjguGN6wW5o/T7nh+b3SH98Ou+aPx
o4v5EJ3zl/h0qoPO9XA2UK5YXY3Gr1SSp24x1Gt1dcIxtoCMdSuNUg/qhYHWnC3eVsmdLE8Kp1wU
KEl5c4I8DuCBUOXQnaC0EFivuLEBtqCy2RdvydXQVjS/gSSnTEF/WqoG6VFqWcv5ZEzlrbgHx5fq
2s65xeogpToGJGL7kJdvVQ5H85BfIAUqDxVG1JlRXBJ+SEaS0ld3uh1xn4ko9fV74fSxi9rHhWxH
fySmhOAdJvwwUQMmw8+uzMAZNqD6O18VIE+C+jW6iPq15wf0bHEFWYWNTx2tIXzUr304ZXd1AH7B
qH4d2up+WR2W6g8r1WGx02T7Sni6udBYSX4/bYIgQwnrkOvl+wYF2/S3gD7QpH+xciiTtyKC8N7g
eMvpbqmp3wf46sfq5a8xPYXwVX3cppwNl/dhU6YSqTEHg6FhmPj6zPLkssGpKz8TJW0ggPymOuC4
R2namHjt44H+9bzBYosCuMQquckWADf4ylsDWPuMEb7GY+A3uIDgddO4qmj7mZKp+iei8EEnf6U+
HaWx4EM1hLJ4M5QckmsXnylCO0y2cSYJMKT5K/eByvyGlkk2wzoISrSc3O8qV7ZUkPNXzLkul9Td
qRb8/vv/AXMlYYA=
===END CRASH DUMP===
