PocketMine-MP Crash Dump Fri Jul 16 16:20:03 +07 2021

Error: Attempted to create tile redstone\blockEntities\BlockEntityChest in unloaded chunk -30 -12
File: pmsrc/src/pocketmine/level/Level
Line: 2609
Type: InvalidStateException

Code:
[2600] 			throw new LevelException("Invalid Tile world");
[2601] 		}
[2602] 
[2603] 		$chunkX = $tile->getFloorX() >> 4;
[2604] 		$chunkZ = $tile->getFloorZ() >> 4;
[2605] 
[2606] 		if(isset($this->chunks[$hash = ((($chunkX) & 0xFFFFFFFF) << 32) | (( $chunkZ) & 0xFFFFFFFF)])){
[2607] 			$this->chunks[$hash]->addTile($tile);
[2608] 		}else{
[2609] 			throw new \InvalidStateException("Attempted to create tile " . get_class($tile) . " in unloaded chunk $chunkX $chunkZ");
[2610] 		}
[2611] 
[2612] 		$this->tiles[$tile->getId()] = $tile;
[2613] 		$this->clearChunkCache($chunkX, $chunkZ);
[2614] 	}
[2615] 
[2616] 	/**
[2617] 	 * @return void
[2618] 	 * @throws LevelException
[2619] 	 */

Backtrace:
#0 pmsrc/src/pocketmine/tile/Tile(169): pocketmine\level\Level->addTile(object redstone\blockEntities\BlockEntityChest)
#1 pmsrc/src/pocketmine/tile/Spawnable(62): pocketmine\tile\Tile->__construct(object pocketmine\level\Level, object pocketmine\nbt\tag\CompoundTag)
#2 pmsrc/src/pocketmine/tile/Tile(116): pocketmine\tile\Spawnable->__construct(object pocketmine\level\Level, object pocketmine\nbt\tag\CompoundTag)
#3 pmsrc/src/pocketmine/level/format/Chunk(723): pocketmine\tile\Tile::createTile(string[5] Chest, object pocketmine\level\Level, object pocketmine\nbt\tag\CompoundTag)
#4 pmsrc/src/pocketmine/level/Level(2683): pocketmine\level\format\Chunk->initChunk(object pocketmine\level\Level)
#5 pmsrc/src/pocketmine/level/Level(2295): pocketmine\level\Level->loadChunk(integer -30, integer -10, boolean 1)
#6 pmsrc/src/pocketmine/level/Level(2957): pocketmine\level\Level->getChunk(integer -30, integer -10, boolean 1)
#7 pmsrc/src/pocketmine/Player(1066): pocketmine\level\Level->populateChunk(integer -30, integer -10)
#8 pmsrc/src/pocketmine/Player(1862): pocketmine\Player->sendNextChunk()
#9 pmsrc/src/pocketmine/Server(2399): pocketmine\Player->checkNetwork()
#10 pmsrc/src/pocketmine/Server(2152): pocketmine\Server->tick()
#11 pmsrc/src/pocketmine/Server(1992): pocketmine\Server->tickProcessor()
#12 pmsrc/src/pocketmine/Server(1586): pocketmine\Server->start()
#13 pmsrc/src/pocketmine/PocketMine(291): pocketmine\Server->__construct(object BaseClassLoader, object pocketmine\utils\MainLogger, string[34] C:\Users\Administrator\Desktop\Sv\, string[42] C:\Users\Administrator\Desktop\Sv\plugins\)
#14 pmsrc/src/pocketmine/PocketMine(321): pocketmine\server()
#15 pmsrc(11): require(string[89] phar://C:/Users/Administrator/Desktop/Sv/PocketMine-MP.phar/src/pocketmine/Pocke)

PocketMine-MP version: 3.22.0 [Protocol 448]
Git commit: c32c21464c30cd7059a4cbfb0a7d7e493238a561
uname -a: Windows NT HQDATA-788 6.3 build 9600 (Windows Server 2012 R2 Standard Edition) AMD64
PHP Version: 7.4.18
Zend version: 3.4.0
OS : WINNT, win
Composer libraries: 
- adhocore/json-comment 1.1.2@fc2f76979f0a44a5f5bc2a2b600d0762fe0e78e7
- daverandom/callback-validator unknown@unknown
- pocketmine/binaryutils 0.1.13@0abee38d4e2861621f262c79a2a3d699d8a697f4
- pocketmine/callback-validator 1.0.3@64787469766bcaa7e5885242e85c23c25e8c55a2
- pocketmine/classloader 0.1.2@9757928424652393b178a3760073113aa7c9911b
- pocketmine/log 0.2.1@830b44a2cf96ef703c550abe64302f230231ca49
- pocketmine/log-pthreads 0.1.3@e477ecf6ec214fdd4415ea1da3fdd9d73bf699ea
- pocketmine/math 0.2.6@43057cb8c179a9859677b496a788db922fd5cfc3
- pocketmine/nbt 0.2.18@9f82ca4d7f97fcd9a566e44b63c4f18a7657ae82
- pocketmine/pocketmine-mp 3.22.0@c32c21464c30cd7059a4cbfb0a7d7e493238a561
- pocketmine/raklib 0.12.11@9cce458b8bfde3e4dfdbf70c659fc7b7fe26b5c4
- pocketmine/snooze 0.1.5@70b5e7937a06878dd321a3182ceb76d56298f2cd
- pocketmine/spl 0.4.2@6b08b7cf8c4afa17139c9a1b3bf1b408531de161

Loaded plugins:
ARQuest 0.2 by phuongaz for API(s) 3.9.0
AntiTNT 0.1 by Adam1609 for API(s) 3.0.0
AntiToolBox 0.1 by NgLamVN for API(s) 3.19.0
AntiVoid 1.1.0 by FiberglassCivic for API(s) 3.0.0
AuctionHouse 1.2.5 by Shock95x for API(s) 3.0.0
AutoClearLagg 3.1.0 by Twisted for API(s) 3.0.0
AutoFeed 1 by Ghast Noob for API(s) 3.0.0
AutoFix 1 by Ghast Noob for API(s) 3.0.0
AutoInv 0.0.10 by JackNoordhuis for API(s) 3.0.0
AutoSell 1 by Jero, Cur for API(s) 3.0.0
AutoXP 1.1.0 by JackMD for API(s) 3.0.0
BLOCKBREAK 1 by YTBJero for API(s) 3.0.0
Banking_vonfram 1 by Noob for API(s) 3.0.0
BetterVoting 2.0.2 by Twisted for API(s) 3.0.0
BlockCMD 1.0.0-beta by kenygamer for API(s) 3.0.0-ALPHA10, 3.0.0-ALPHA11, 3.0.0-ALPHA12, 3.0.0
BlockSniper 3.2.3 by BlockHorizons, Sandertv (@Sandertv), Chris-Prime (@PrimusLV) for API(s) 3.2.0
Blood 1.1.0 by NashanPlaysYT for API(s) 3.4.0, 3.3.0, 3.2.0, 3.1.0, 3.9.0, 3.9.1
Boss_Quai 2.1 by phuongaz for API(s) 3.0.0
Broadcaster 1.5 by EvolSoft for API(s) 3.0.0
BuilderTools 1.2.0-beta4 by CzechPMDevs, VixikHD for API(s) 3.16.0
BuonLau 3.0.0 by AmGM for API(s) 3.1.2
BuyCMD 1.0.0 by zZPROGAMERZz423 for API(s) 3.0.0, 3.1.0, 4.0.0
BuyFix 1 by phuongaz for API(s) 3.0.0
CachMuaLand 1.2 by Noob for API(s) 3.1.1
ChoCanh 1 by YTBJero for API(s) 3.0.0
ChongBug 1.0.0 by shin1134 for API(s) 3.0.0
Class 1 by YTBJero for API(s) 3.0.0
CmdSnooper 1.0.0 by HotshotHD for API(s) 3.1.1
CustomAlerts 2.1 by EvolSoft for API(s) 3.0.0
CustomCraft 1.0.0 by TeamBixby, alvin0319 for API(s) 3.0.0
CustomItem 1.0.0 by Phuongaz for API(s) 3.0.0
DEVirion 1.2.7 by poggit, SOFe for API(s) 3.0.0
DLevelIsland 1.0.0 by Nguyễn Công Danh (NCD) for API(s) 3.0.0
DancingFarm 1 by RicardoMilos384, DontTouchMeXD for API(s) 3.17.0
DanhHieu 1.0.0 by JeroGamingYT for API(s) 3.0.0
DevTools 1.14.2 by PocketMine Team for API(s) 3.13.0
EconomyAPI 5.7.2 by onebone for API(s) 3.0.0
EconomyLand 2.1.2 by onebone for API(s) 3.0.0
Eff 2 by AmGM for API(s) 2.0.0, 3.0.0
EnchantUI 0.6 by UnknownOre for API(s) 3.0.0
EnchantVipUI 0.6 by UnknownOreforsource|RBpmmpformod for API(s) 3.0.0
Eternity 1 by minefore and shin1134 for API(s) 3.9.0
Fly 1 by Ghast Noob for API(s) 3.0.0
FormAPI 1.3.0 by jojoe77777 for API(s) 3.0.0
FormImagesFix 0.0.1 by  for API(s) 3.11.4
GemUI 1 by WoolChannel3295 for API(s) 3.0.0
HeartWings 1.3 by Edit Nờ Cờ Dờ (NCD) for API(s) 3.0.0
HuongDan 1.0.0 by YTBJero for API(s) 3.0.0
InvCrashFix 0.0.1 by  for API(s) 3.14.0
InvSee 1.0.0 by BlockHorizons for API(s) 3.0.0
KeepInventory 1.0 by KhoaGamingPro for API(s) 3.0.0
Kickk 1.1 by MCPEVN-TEAM for API(s) 3.0.0
LoadAllWorlds 1.1.2 by  for API(s) 3.12.0
LpkCuaHangUI 1.0.0 by phuongaz | Moded by LamPocketVN for API(s) 3.0.0
MS_GiftCode 1 by YTBJero for API(s) 3.0.0
MS_NV 1 by YTBJero for API(s) 3.0.0
MaxEnchants 1.2.1 by Xenophilicy for API(s) 3.0.0
MenuAuto 1.0.0 by JeroGamingYT for API(s) 3.0.0
MineLevel 1.0.0 by TungstenVn for API(s) 3.0.0
MineRalGUI 2.4.0 by YTBJero for API(s) 3.0.0
Minerloot 1.0.0 by Distoxicqted for API(s) 3.1.4
Minion 1.0.4 by phuongaz for API(s) 3.0.0
MuaCoinUI 3.5 by BlackPMFury for API(s) 3.0.0, 3.2.0
MuaFLY 1.2 by SableIamNoob for API(s) 3.1.1
MuaKeyUI 1.0VH - RBplugin by Ibenrm01 for API(s) 3.0.0
MuaKitUI 1.3.6 by Infernus101 for API(s) 3.0.0
MuaPointUI 2.0.0 by JKPVN (JakayPluginVN) for API(s) 3.0.0
MuaTuNhanUI 1 by FurryJaki1992 for API(s) 3.0.0
MultiWorld 1.6.0-beta1 by CzechPMDevs, VixikCZ, fuyutsuki, kaliiks for API(s) 3.20.0
NapTheFGC 1 by KaYuuVN for API(s) 3.0.0
Netherite 1.2.1 by Wertzui123 for API(s) 3.0.0
NgoiNha 1 by Nguyen_Dong_Quy for API(s) 3.0.0
NoFallDamage 1.0 by DeveloperNeb101 for API(s) 3.0.0
NoTP 1.0.7 by awzaw for API(s) 3.0.0
OreGenerator 0.1 by phuongaz for API(s) 3.0.0
PCEBookShop 1.0.3 by Aericio for API(s) 3.11.2
PECollide 1 by saxavlax001 for API(s) 3.0.0
PHP-Sell 1.2.7 by Muqsit for API(s) 3.0.0-ALPHA9, 3.0.0-ALPHA10, 3.0.0-ALPHA11, 3.0.0-ALPHA12, 3.0.0
PM-Beacons 2.0.1 by jasonwynn10 for API(s) 3.0.0
PayPoint 1.0.0 by YTBJero for API(s) 3.0.0
PickaxeFunction 1.0.0 by NamVN for API(s) 3.0.0
PiggyCrates 2.0.9 by DaPigGuy for API(s) 3.2.0
PiggyCustomEnchants 2.4.2 by DaPigGuy for API(s) 3.19.0
PiggyFactions 1.2.0 by DaPigGuy for API(s) 3.13.0
PixelgamesToDiscord 1 by ImNotYourDev for API(s) 3.0.0
PlayerVaults 3.3.0 by  for API(s) 3.0.0
PointAPI 2.0.9 by onebone | Edit By Nờ Cờ Dờ (NCD) (Danh Miner) for API(s) 3.0.0
PureChat 1.4.11 by 64FF00 for API(s) 3.0.0
PureEntitiesX 0.7.0 by milk0417, RevivalPMMP for API(s) 3.19.0
PurePerms 1.4.3 by 64FF00 & ProjectInfinity for API(s) 3.0.0
QuyenVipUI 1.2 by NightBlackDM for API(s) 3.1.1
RankUPUI 4 by YTBJero for API(s) 3.0.0
RebirthUI 3.0.0 by YTBJero [Edit by NCD, Ghast, CurlliestDrake66] for API(s) 3.0.0
RedstoneCircuit 2.0.0 by tedo0627 for API(s) 3.6.0
Report 1.3 by ImNotYourDev for API(s) 3.7.0
SEnchant 1.0.0 by NamVN for API(s) 3.0.0
ScoreHud 4.0.0 by JackMD for API(s) 3.0.0
SeasonPass 2.0.0 by TungstenVn for API(s) 3.0.0
ShopUI 1.0.0 by SaltyPixelDevz for API(s) 3.0.0
Shulkerbox 1.1.2 by UltraFlappy for API(s) 3.0.0
SizePlayer 1.1.0 by  for API(s) 3.0.0
SkyBlock 1 by KhoaGamingPro for API(s) 3.0.0
SkyBlockUI 2.0 KSCore by KaysilGMVN for API(s) 3.0.0
Slapper 1.6.2 by Slapper for API(s) 3.0.0, 4.0.0
SlapperRotation 1.2.1 by jojoe77777 for API(s) 3.0.0
StaffTable 0.4 by GigantLeyKey for API(s) 3.0.0
StepCommand 1.0.3 by DavidFlash for API(s) 3.14.0
TimeCommander 2.2 by Zeao for API(s) 3.0.0
TopGems 2 by moch for API(s) 3
TopVoter 3.1.0 by SalmonDE for API(s) 3.0.0
TradeGui 1.2.3 by Only FurkanGM for API(s) 3.11.0
UpGrade 1.0.0 by LetTIHL for API(s) 3.0.0
VanillaEnchantments 4.0.0 by TheAz928 for API(s) 3.0.0, 3.1.0
VeSo 3.0.0 by AmGM for API(s) 3.1.2
VipJoinMessage 2 by Hender Plugner [Edit By CurliestDrake66] for API(s) 3.0.0
Warp 1.0.0 by  for API(s) 3.0.0, 4.0.0
WorldProtect 2.3.8 by aliuly for API(s) 3.0.0
essentialsTP 1.2.2 by  for API(s) 3.0.0
helpnewbie 1 by YTBJero for API(s) 3.0.0
iProtector 3.1.1 by LDX for API(s) 3.0.0

----------------------REPORT THE DATA BELOW THIS LINE-----------------------

===BEGIN CRASH DUMP===
eNrtXXt32zay/yq4yp6tvdeSRert3fTEke3Yje2otvNoy54ciIQk1iSh8iFb2e13vzMASAG0o4et
dO8fbc+JxSE4mN/MYGYAguS/KyMehzT9PGNx4vOoctDcq6R+yCoHVttuN+2OXW/Umu1OowEnsqk8
Zdv1Xq3daXeteq/T6zYbe5WAJulxHPO4cvDvSjqfQqvKWTSjge9dpzRlx/cug6uhh71KyJKEjrHF
YZqycJoyj6ScuDGDhiT1A0Zi5iUpj5jjDAPu3h5HqZ/6LHGc18XhvD9hSUr8iGRRwKkHTNxJFt2S
aqNOqpYNHY2yIDgBdtDTdELjg/39/sH++wSg7h96oR/5SRrTlMf7Ryy5Tfl0/3q2PwD+LL3wI1a9
GNTwsv0kdvenggzXsP2AzViwf47/wvkp9qP6CLHl11tDywBIoL92vQdqjqkLB79UXtTJo5eiJvZv
4J8dq93bPSCLU44j2DqO4Fv9nnqeaMeHvzE3XV97uyDSC2tJ79dTehfRIbBu2yUJ8LzjYLfV7z9/
dnkEyszcNJfha8LukUcaRMMUGNKx4/R5OOVZ5N3QsRDOXqkaq/2oYIXk31K6Blliczmy9vvolDsd
u/FV/R0cSNcXeEBOPxr/0vqVCAs9KtAzJG6SVV66Y7e7jce9TSICpgip+j0MoFSiWyGj6Lm1Rs92
r7XUz3Gcyx79KGVjFuNg3yPFgQUHQ84DRiNiiV7ba/Taa3WW9jpm6Waddh7vdBDQOYt3rHq7vbS/
KZ9mAfjD8k5FT93lPXUfjFp5pvp9wiLvkt0rYIJX73Fe1yyG5LBjN3q9r/ByJ8y9vWTpHY8VK6u+
nJfVKsslz1S/T30352Et5WH1est4DGLuQprhsWJmL2fW6ra/wixJaZwqJl8Z7ouUAb5kfYXPI0Ho
NU1YHxJnco7pK350JGcQJiBwX1A/OufjMbZSEaLRhBBx4DginzmOkdAcR2U06H/mOMU1TXvta6ZB
NvYjaCShN1dCb9hl6IlUrmSghj/Ea2gVs98zPy6CXbf3K9lighYtdiu//rFXYf/vSpInlAqAQ1rj
sx/NeDBjIYtSYBKBNNDQ5R5DiNC0DlQnxf/TSczvSMTuiOBXYN1xch0QTDcExmzgOZXdfwIjYGAp
Bn/IQxsO5a+GOvE3AegTeUn+lorUD8HxJOA8/rSzS77/njQVo6bR/ueH7X8227eKntrqSn+04ycJ
S3f+lk78BKMMMEp++duEJhNgt7Ozo2TZJX8n9fsT9d8u+de/SMPeJf+BJkR1X2ry6+7uv2VnnUJh
j/Ty66KwEsLnSurmSmJBwhSj3iOad5xH3Q1M8FUncyqkRkBFn12MC6pbIAH9oVfltlAgCytadcOK
lpXr1rJzq0iwyB2wFoY583Z2f81NpXg1zEtcSHOxSBp9CnE/t8FeoWl1mbS/EqAwriWNu/+Pf8hD
qX7yD/IqZmkWR2TGfU+e6hanhEKTkh/LRj3VaL/yx1/19F/19F/19F/19F/19F/19F/19Depp/cq
YxaxmAZYbUYUVwIrxtUg2BBssFhMrDRqtl2rIz3zA69yYInFQj/57LFZ5WBEoYCC4jbmKXc5sG02
u9CJj8Wt27Bd22q2m26j7nqdeqtHm+5wNKzTjtdhzV7DbnRpq20B70zJ8tGPPKwULm/I6Y9HhzeH
1U63S9q1BhG9kx4UyGQnbyUdidh18OUrm0CNFnk09six52OBsUsOL47aTWCPa3wHlU6tWYOiZK/y
BUa6QNYUwODsZ55g72eXlzdAEAd3fiQqc0gWoP3PgT+MaQwlA2qOehNAG7P93xIeVaGNKuetmlWz
X41ce9Rp9zq9UZ02m7Q1ag1dm9pDkN2rd9r2iNVZp8s6wN6jAACk5uG+S4NgSN3bqqg30cTAECJR
xO+iV+ovCrsw6tCPaDwXwwGa1qFvq/GqToeMNbpek9ldKNZsa2S3bbfTozZteO1ez+tSEG3UNFk9
2rlVq9car9rNTrfThGva7aFLaYe1ut2W3bRZt+XaDddusa7balG7xBAHsSh1YyWb/arXaXV6drdp
N9stiJ2NodXp0kYH1NJpWFYDeLu9nmUNTU4BHwsOds161W3Uh6BR2x312mzUqTegZwTcbjbq9siG
fxqWS5u9BxyqUyhBGfVyRTVesWanw9xRm6GLjjyv2bRajFoebcBBz+s0hiPQFqMmK8j1EyVN+xV0
2uq4w65rgXp73Vav3ekMm702BZ/1hj3bHnktd+Q2TBZQiOR4uq96o64NAnudEdjE9XowHNqs2Ry2
G25zZHVpp93qUNYtKXfxsxpOiyH6aoPxpjGL6S34ttQLyGS96rkua7a6w+5w5LEGa3ojbwi6dtut
3sjtDDsjZreHLbfkQUnE+Rem1Nt61akPW6zTa3Rovd3tdD0PYiFtWICWDTttr9W2e92R7XolJtNA
cGiCt7SH9e6w4466bpOOqNWxGj23R60hGMYaNuvdVsPymAVo/igm12JsHl79mEGVqAW4nLJXWUQ1
0D8c0yyd8DjBGcd0kvFoTL9gjKRTH0mNWg/iAxwzUTVDyIBcBcHOY1MIIHgVnEv4KD3SCSHkJXG3
QvJzHNG5+oOLAjAoMOq+u775+O7q/AhId2yY+CmKipOgQ5iM3EAc0gAoignAMgEcejS0cBarA6g/
HYDqVCbahdzXN4dXN+8Hj0sNJd9rfl+WXFGXSn85Pqfhh0tDeOsZ6lf8IKEvJIBqUgakFUaA7DXJ
hjUI6/u5WArgB5zbmug+yOnuAhrmgLoJ7sQfsniMEbHvz3x3WxZ6jVOkyQ29hYIhmL8W2UACRqEW
v1bhnaTpNIFCQ8P9GOv9gh9qA4o2wHvKs4TpGtHJplbsWsvUyjXk0Nte6/556qgcQxHJw/nh4AzY
n0WzfkyTyYkv2CpFJaonx6FSvgnKBwoypV09MrOU93H15JyOxwZqna7Dbjx0hps7KOEA2pacIJXs
EBpUYChEAEIgNlOmTT1AiXmYzIMsvOjvm/yUMk4Y80p6ECTD8ib8NxOapOSS8+HWApXqtRypltsR
PaQkuX//XxDcv99MbvDwktxIMWMrRNeS0/0AtR2IHnuTzE+2Jf9vwDTKmUoH9KOZdD0p1FqIrlkQ
lCAJ0hJb/MBivkf6WbxNUyTQ6Wa2+DQoyf1psCoVoCEujrYltuQmNf5psJ7wj4x1yWZfIQBwr8/f
9d++vjo+fKsB1IhLTPPTzWu0zrYQKnaOM4zXt81rGmHi+jzj0SimoY6hdGYJkG2OdOTlONj5BiBY
mrL4A09BXh2BTtbFhxlAuabdSqqpDPzxeN7PkpSHx5E7oVGaVB7JP0Mh2EwIBlhNMVejxWX4PowM
DWlOMocUAKhCX9SEesui+RiuexARqofng9NDEQ/1Y6t0bOfHTy7GlLTqjoKUez3Y15E/ZXEZuaKa
1YRda5i4RdNTHvtfOEx/9irXNIIKN52RnVf5T1xs6k9iP6kOYj9kcAb/Zsn5h11DWfbGnnExHwQ8
rZSUkEujNCFxrFt7K6Vwz1QHX1ljX0LVRyNcf01+ujFwyUWeRq2h/trqr6X+9oq/1pPH96JzgZp7
6s9acHmSfP4xo74OuaCZQ9xaY9Ja38ak9TCLKQoBOODftWDE0MKFGsl0ZY1qWrA0Gzie8eAaxNre
5KjoGDAYUiyZyebJ8e7ursZAIuReS28FPlyAZDHOJRMdoE4uz3hkpGqaSPtfmDsZXByxGV7wwb/3
b0/NisBqPx23i9ynoQfcISZL4VIUDrRgirpplaDJvW+wEsrh0TnNDL1Iihm/6uVhexi+uTCxQxJ7
IvThBuXb62xeyjaS8CDXmOJ++Xlw9e7N4cXx1c9fmnbjgbMu4krzOc57kdFzFk3en20EyJzSKMKS
Cmfb0UP2uL7IuP0AkdJIj/Y6tTSeVhRo1tMDeAC9OU4kyrQwo4HsfDWCCe/TaKJLryj/hQrZdTdQ
/QQs/zobm5JL0oohkEz8yLIazW3Jf6344T30QoLVAHA1TZdeHP95Whf9ffCnG6g89K7BwcxKTyOu
UPspT5MJT8uZ4uku74ZeIrsGzetirEYi5gKHASQWwwQ6eWnZsu1cr/cMYEw5npbtJZN+TEfpA4iS
usJeN4yGr/374RzJwcyP6g3rmWvzqvuzlIWqmF6ooOguxy+ENA7WNy328AC1IK4APdhyRln0vP44
Ozr+4MdCwgJAQSrXZ51SQuRjvHMNs6h3J2xrNbVg6jgzIYLjQGWmfmlirbi5ciS2wZwlgZkqDfIK
01yOs7mTWcxtRaTvZPX6qBmNyRHkKrJz2T/a3Qiuueh+wuMQfy29HZPNWdQH58AeAbop+Wqj0sj1
o/EJjXXH1KlLQv+V79LY4xd+wJNGF6vxIx6lNzyDQoN9KgXUztMtbXAFjAvpjIM18U5OfZaZYCVp
haExy72hIXRWmgc/w4ePTjcYf2xWniMVpNIcvlku6RZbUQgGNNMyjWfIrwTADT2z0vxnWWLQZj8L
0fYLHoBWGwgLvMboWCBu1TplwDxiQ9wCviU7KXaOw6QEwNNxDGlWmk+1LhXlOrWU2rcBSdfYBvBk
1W7KthrgaKQDgyMD0NLpqV1M8p5hJOjSchzkbK0/qtTK63vDzQqaefunbWJ4L/cOvYu35mYLjqD9
XIiNsUD1/BgcSV4T0QgoPItd9p+r19MwnOJ2XO5tH6dVABXibYA1ZXHkp3MdZ05akrJwNwxgYQSc
mjw643rG3oicOUx1R+sjOQl0EHj0p94shQ43kFVVJJq8imJmoEY5ef7Gf+Osg/9t7SZpwdFxlBDF
j3WhnIV0zBJzecekP7j/a8Ay0qhVaz7ZcbLfEyxlcZT5ou/RJus9b1hoDHh5vMSLPkKW7cOgi1jQ
sHutbZnkzSbTiVNG4/QjVFN6QaMRSw5Vmuh6PowCLLs9D6tu8fdI/d287F6CaSHRBtAyWY/rwHLS
iiJzy6spebfry65v9FmIr1M3GBLNZ8RSNST8aOZiz2JArH+rCwS+ZsxEgIQV6jfv+m1r+da8eScl
2QTMW8amcBWLUh7rucKkl6CZwN5OOJWTl8H2vMtg6jiGOOt73Fvfvb3VUYnj0ozGRHPRHxx/uKze
HB9ebAuLZAkgVO8rxUbzHQbBR3xIVA9hJr18c9X++mCxny78LY/ACC5EdcdBwWkQiIdXN4hZ59Pb
fkZPaTQ2UolBXjF48tse5D/kguOjmMM5OaehnOCVtqCunLgsMvmA+1Eqfxozrq9sn1h9C7YAtL52
Lq4/v/FHaV89TqyUo1P/vBXyi2vsFJ9sdhyt+3UwXH4wpYfjP1Nu6M9xRJ+rhaX3hVE1kTVqecmx
JPwnFvHpxA98d74tABpL9JxCFONgLXAsynBPmI4sJ/0XFqHyvjcYDjDRkc/iawgK2qoF/AyKqZRF
H6JtAVhwBAiaGGvhuKLBGyPkaURzRab5jYu1Y0+ZdjNDxAHnaUl+SVthiCMfYue97/5e3sr2jJmM
ztNx0mAjKObNBUUog2h+23vt/fPDI7HFQ3a/gfwZ7UOmMl2poJm7NVrlqpO6t4OLkyyeP7rxwX7W
hoefXRDBcY64f+OzzQCdnP9kokHC0r0D1yjiGQ23uYcA+8VFikt/PEmFro4uAIagrgnkLZuXDSNJ
Je/6cEqq5Oq1fOrJRHY2ZFEc1q1tOVrOTyDJhVkLi58+wOKn7x8uwZQW986iEYujLLG2iGHBEivn
jRYrQWxR2ZWx5MTyFtxyInw7+HBJdn6gt3Q+EOb6cLm1Sb9gLgyzEZ6b7BJqgDKggrqk1IKhH88B
i4+Pmm9tZU9nKtDkomyCKkh9MZcxQBVE0+faamOetXJjXv9n8Q7CeZYm2S1uxrylge/fmnNuu76l
7XohCixf5+MYwj9nq57GCBR1Sac3E3bypq/paUFbYvq39Kcs23B2tGxOLtlBtMw7X9/YlyydsFgc
LzAUtBUF90cWp18y33pk894ToSw4AppcjCc/i7Hgtr/AhKDH3IdRoUNWlGXPMIjb7p+PoPT4/GO2
tRnGm5sNjMVPYJp/REPxbq6F8Dp56ZLQEVbJuDXpkg23mBNKbMF0mkSbwLsZGLBuBg9KwdIuE3r3
hd5tC4ZghjsX0+mTXU4KBGDexeyNeD1EyvVNagZ56VO8324/ui7DJmuSg/7xa85vryd8qr/yQqOW
rVVawj+EEej65uTJWrVJedNFH9WJ42iCGQdPsKriua9xEe/YGhz3eRD4xgrRgrYkmCT0ns4Cel/f
3iDUWDrOlLlSiHUfOR+cDqqlhwcL0oqdXhdi2f7xZ4V6pUeDvvmjQyjwqdjKsG7UGVxUXzOKb8/R
sS+I5aK0ZMnfaMKju3kUWfXtPQtasMRHwVAMfAgsF2c1IiiPsaLW8eSkP/deVLGferrB5t6B797S
e3aSReKJch1F6cyqbXoP3oLwnPAp+94EBoYtCLLMcCyNWvasXilZU2j8plRp2Ft+5DDvBCLkQjLj
4AnhMme6r7HZX+jElKWsG/NseTnOXkNHz3nXRVkfhjSPEp+vH4PdQk8nVHj5Aw0V9AdPSK2jm8bz
XgohZkCK8pUbMnuV06u3/QkVm3/xzU6nmfd1j8vRlA6frdWCkVDnPQvwidbkhh/5CcjkGUp9eHZJ
6j4LL3n6E89iqHq3tqii8QRFvCkEEQdrPf0q35b3gYJ9DI/RyeaKZHnDzpaw5Hfxp6Lnmeg5f5lf
IcdqOPkdQP3dasVNwaVxU+1sJP8R7y4jr+fLd42QHbFxWyyh72598+gUhRZbRzXxV6PPYiZGkIY+
J5mjvlmzSv7Zbp6c1DerRQTzAYvDRwrrSj6QcBPBXuUTm/k8SwbH1WKALVB/ln0DViXs4tcTxrMQ
Sr6Lar9go5STv3P2U0lDC7o5t+qUg2PoB7f1poWl7BVAmtFgcHEx2FoaiSVP3EYJPgCCseIlubqY
G++c1mTdN/EqxUgrmkqRtLLfNB5zG/J3AnbG10SeRSNf7Kzc0ogwfENIpP3cgndIPqCFH3GZprwf
ViMufw5Su9+wrXsZH84G+AS7uoeRC7EyBlzR6Pb9wEBRkHQMzW9awWOX2TTz1697r9jQj9OJKXhB
W/EIs5Ke/CJC9xBCd/9oj4gdsOIdNTCnZUl6FNNb1m7/ujWQzI9cGkc03eTNR1fqNdh9P3YzPzXg
mmdW3NeAXnm9bZvbZNvPCT75+7nXm/tfsSmPTfkFYel2zK+WQZ0nzFAeFmBfq42kaPnfdcx0rQpT
DV9B+jMnkJfyHXrreldROWti5yRj+D9yn+ybvBcp730DCAwXMgbmw8UaccWw+LabRhZy6L/XgjXh
ZnJRhBXOdE2DdC5cHRx5a6u678/k+ubaNplkwS2Lh8abJTXi8s2LlfdBGtOTgE6nWysMNJZgCSmJ
eMHk2pD8L0xOL3RIC+Lyl91s68l77O8c+wMQxe+1xL+di93CuvA5adk9xO3t7i3tsZQP50H+mGtR
WL6eCIwiX1O0MqfkEMyBsiCWxj55e92H8FK+TTpP/ODNxfZi8EKADdwLXdP0LUUp3wgv74tRzR5u
73nW+0wSyXZjAFc8paX11PKZFbd7t/9AT0mADTCldDS6wQ51OAuiOfsrlchv/DEk/3M2f8u2FsUS
7HsT+dm0z8PQfDJUp664lXZEZ74HUTOZVLb1+MWCJYQwlCTcINff+CFTohtjxaSbo740Xn5mdGvT
lvOjT/jxE63vJ9/RBVZVfFJg34SCmPn0DTNm2zllyVOwIXcNkz15mQ34AETZ4QZ24tMP3HytWEFa
8bJdKGBCHh0db23wK34ChZBg8WstKDH12JtMf9VbQSpHstLoeRcFc3KSxbc0Kr8yy3rW5ivBEGCg
HOsb5f30DV6gAckpK2rKc5benJ2eb8si2QaF5Aca+UFA1UwKv9mgD4THzq6YtdxM2OGXnt396nvA
nghqJkXBbxXF7Ckvb1Zy7T+GCRXBrvVd/eLwT3xRG/a3gdX86Q/cjy7y7/stxDZPLAlgpwzjH8G1
twj+/pIvsuPqzLdYnJH9iYWzH8SuZvVjHbgfaaxvVRGHy4fUlou1ow224ol9hVDMp8zVFysMsplA
G7VuaTtU4GfB1moayc1xxC7KqZRgnTWlRwbRRebHI58Fnv69DfWhif00Zvg1EHyj5L6BFr9YmSS4
dE6DxNgbZpDLwd7+FhM8vUfHKfW/0rYTFkwjdjf09TGnEf+8R7JOodP1fdJXpjD2sGnEcslQkh1q
p61WdIuen1/OaSjEV09oDOjABUsvz8m/AiXujIlvJNVgKMCkRdy/Oai8GBRHpM+jkT8m+FFTJ3ai
FzCJJj9kAbFsYlkHVufAbpL/rXeIXbctbBDQaJxBuH3JojEehzz1XuL7pGinLf8ETtaoW3Uij4bw
p9lw4d/GsAf/2p2mk1levSNPjxI837S5fkpd6iV5S/i3nhRN8Jx79oEUvUJ3QjaJtYqrrC+tntWw
kXg3Ab1WAz9JX9bxmEYRzyIXh7L4Vht1Jz6TH2RNXsJ8DvnghxKrKnqAo8gLQ3qvrkleNgQF139D
7jF5fsRj4FrQOMytgApm8HAVMj+ezqaqF88fjXw3C9L5SyHoON/fWE1Yiu/NTl4KhYsv4KEbvzzn
w+H8OgtDyC3FmYQxT2uIX8l9eXJ+eIMk6bTV3zMWz1WvihS7AEuJhL9rU5okEDS9l/8Q/4GespRX
Ezpj6sKZz+6qHqiRgvJedpF0P+T3VRw6qonxMZ/aPMSP+bwg6PTEFW6WxWLOLLyNgL6I4bPgfQQq
l4SRXAGExoykE0Z4BK6aTmhKXLRfSoaM+JEbZPj8LrB/4OXI65qHcOUIGZR5JnTE9gjH/dUJsiTD
mNFbMudZrHgRf0TAjj5kAOwBTBiDM0BqAcaX7K5gt++xkdghQO549F1KcHGAxgS1FwJY/LDWHCXE
b69K3HcTFpFsOoZiGRjUnAgdVzI7cCJCXnyciI3f+GFZ/CYhARbqa3Wgg5hGCX4J0ZOnhagBh24A
KvxiqdAXvmTOZQSKPi8QGgyRs/TQfAQfEPHxNjyRTLLU4+Dz6iPKB8SpqI+rCanvScyqv0EBQyJ+
9z9ORYh5GAT8juDAAsmISoxk5lPyI/obthGOl+fMA4KhU1x6LJxQXSPecYNDhID5QEPIbTgnSq/Y
XvlscVqT/MVHqG/BPUDJ1PNAzETaAnWMHz0kIaNJFovhjViGDIUGTbHfMxqgDsf+DNrOaJAxsqM6
hWi3i9xljzBaxJ2bKtgAvzd4AKdF35dZOAQVgYsdJvPIvaHJLX6N+RacqiYavE/ATujnOVJsNok5
RCAwJTRP9uTnm4ka/DA49gh+cw6AYIoSuoHcgLQwi8CdsIlkfi1sDZjA5WJ+74O7MVADQBJuHBXC
oW6VQGcjdFxsgw66R/z0O1BfGovLPIbxTvhP6WKyAxgyGES2UIuAUVVIDwSrsuNS4RxxFuET/+iO
uNleGEG8kzqpkSM2U79JiHewiXh/xp4+EpXjoEbiOJumkioVhooJQTaFSxgXRqj4FJ8nRwfFTxGD
2I9LgD6CPsdB0eBdNc3RoHFVNio8DcI/hPV4Lkfom4APwXsw7xNJh3EQ+uK74SEb0+E8BY2Ta6nq
ulCunyBvcfkNWu3OF5oXHgUj+K4qGeVOlgiEI1+8A4owfF0FshlB3Zl3KZ0crJXhmCVjDobiOGbR
K7CjsRCzKkQ7IHVEAb2LeCw/h/f/HgEWUsvkx+z6PPmTlE+FCCqWFiIpdgmB8IHJkXmFQNhrLpVV
t5tKMBEEPopRoeRLvtuChGJcCJEwYhA3g0wUQSYi7J65mQi+XIosRyRmrqI1u3ehPkgWiGTgendz
fEBuTs+uyfnZxdkNORwMzs+Or8ng+IpASfr2+GqPQCNy8w5aHZOPp+/Oj8ng6l3/+Pq6Vg4Bhj7s
VlupY8Bin4vsjIE4Ed9Jx8/i5toogq0Fuof6wBOxRTSp4vZbGWYFKyhSAScEaPAmxPs1Z5NOBhUf
ZsMIm6nOBGfJBELvIpDLjCT6EOtrmPTFBbWHrdEX1CwAzDZlLtYGUrMorrSrvLbAAO7FpskCaqOu
sCa7j4ukkDcU8jGNhzAyqvhkhKxFRQB6XLtiqKE46iqiroLYHdIoE5WILglUaRn44O5enhPKTpi7
oUyvoxHwknjDxRCskXcy5kuHh1KCZ4FXyOJDErmLyEL+RDKeCvEBaLteV1ihtxMRLB4kSeE6kkOB
bRTzME+28mrVoqq7pm5hRKMs+cA3yCMuZXjHdV49oslifE4F3FA5speFU1lqyXqOqBNVPJHb6wgb
qQuE7ELMHAEcQZqHwU4fUTAkbUh80MMMnCxJMoaBIZ2A1cZ56YlBC3tbSLWXG1LWCKrCrElpsOlX
9YTzHBe/gZ3ksvfpFKl+mIWQY8VSWj4RQEMSOSuSUiz0iuNFqVKMmIc+BpX3VEkkOqxiSZxB0m0W
Fjvi8lTZp7E2wqgn+cvG+RCSvFRDHZmoHKouzPhYge0IRBG1CpSPqD2QThYYksuU4gSFyGskwgU6
uEzpU+LJe8bGi2oXFYgfzsv5Lme1zA+dKJKfFD9QKQJKswkPZIk5pCnMZLESFyIn+GV0opKMiG1y
GqTOytQyZEWxKdPbC91K+SkMq/E8ReZ7pGppBhTGEx1X01wYlQJE1F7UsWJyiiWkJ5HjxEYU+ngx
EJVYNXIKtSD40ktR3JH+4P0eXAsyDGF83fkeuL2oFWT0LPhXBf8D0s7L7kVFngjtaG1r5NCDQDWh
wWgf91yLaYLHwIdVV9ApwSUadDBtIC7SnsZMn4oc32NUwxKTBjWCQrwfRIO82F7MBnEugULdQdrE
C7NpNK2q49Ls5kKNusT/wgp7YlmemxGX9PKSCcp26R5aam32bHnRbo0M1DUBjcfiAqqmpcoXRI+j
mI4RAtgE1JZMA1Gx4FwzBOFxsNMY7dQPfFwxEZNn/HY5S1JycfNeSJoAJIQ9zFKCk3VhykV3cnJR
y2NNmGZVvOpASIte7rFhNj7IJyzfEwsnKqpcm8BQFeeJmqsmcnaNnhwlXCYu5Q0WMpPBSXLrTzhP
xAw8n6ewfCYqIphHU0oSOssjJS5/5OtEeE6bwoJgYiVQFixqcQKnyHIyLJaJviOfhvwevT4mZ0dk
59P7s6NdwAwuDzJA+zsI99NYbk8Hx8D5SwyTl9qiAgRP4KKJUHYEnv7p9XnOX81tNMp3ojNcLBJJ
E6oPnOSKNCyw8XypRKUQbQVnNBLdwjl/NK/eZ763QEuhTIHgxmiah02ALz/9ns8CxAxSCQpuA0Wn
qMgi7gb+lIhrwWsu6Bw8BmeSIZ/lk3LMaCoNiFBczc/JLpNFAMxXvPTVkhux3CHdHV9MSlNpC9FW
+XaWqGUXF79rK0OduqYqrzkgU6iRZn6A3cgwrkKU6gXzEI3GxTwhwsuCcjrcy1sZq2WPrlBJIx+G
PMMRPJL5Rg1oVKUyMeZXjFBiOQLcEH+LBAkXX4l0qV0sgEdMTn+HTDIbyjcJi0VNkeEmub8LFxdr
nUbilfCxowI+xCFCy6ICFldkDsIgpz0mZf1xMWkMnMA/8mEHwuYX499CmoYYy7g4UM2mHj6Rp8VG
8a1b0ZFY3NWH5pHobIi7phIRgFCfLEZLQ6keeVB9KXRELabkCVxcY0AHflVikxdkHOO+y0I9iwWb
QkO1hypSoemO+mKeBmESJjHSNlM+zYLcGdUBZjLRRgXEhgiHosCvTlUQw1yCcQmSnSqdxUqtXKI6
UEkcV9TEtFGSZQ5U9sI3dxVrHdogR3+v4vv6SqRiuJnk6QSqzRHXLAKjrCrvXhQtJxwtI0Sp4YMl
NZ8LiSGQzUOc9iS4iyoBhMlCdJzLqfNkcV5AEEGMjscxTKDlYplaWZMLCGlMheUMfEI+GMHvjt4d
4DqmCvky82FQuGOytqYwdO5Ej4kQfAFA0Gra2jYk2kLz0jWlcR4oFQwqzytnghwfVVWm0ktEQee6
6qDqjtBPtJWrPYiP0wndI/jyGpGe06IKg9A7YjFU2lVXvjH5QJ3Ns5XMFdRYCVM3wrT0mkHFCZlc
RLE8WCiGwvLyfN7HA0tLrLqpUz9cxGqVf5EptseRgKEZLYsBEzsUS3zqonw5t7boQJ3Re8i1uTzD
q7AtrStHhbZyongA+1TpM18jmSiiiBg4yVF1s4oYuOQMUxNPFI7+qGAEsw8AIm82YATKFw5kjAN+
KkTmmY0GPk3UrAQKSRpOg/wISx6QUdnqIDeaPAd+iytYB+QXUatA/twTS1q/IlP5ctUiTeo3QQQM
rBtj31OLBvntJ7Ea8FjGEgldZOhE1MdisonP1oKsKt3q4st+hQzyJ8FbVZgVZPZa9HhA8IbVgf3P
zl6rd2/tNe4be/Y/rX96WA+Jcb6D99tdDK4vu3UZiuVRs7Urizx5i0Gfq8sRjrkFdKyW0kTpIdbC
wGruHG+rZG6axXlQzicocXFzQkQc4AOpyhV3gpJcYdX8xgb4gqxmX5yIUCO6Eu0NJpmoFCTls0ap
itJSq/n4VExv2T0EvkTN7dxbnB0kYh4DGhn6UJfPZQ0n2iFeEAVmHjKNyDEjUQr+UIzERayu7FXY
fcqiJH9WW+wzOqh08NlM3J8xdKEmmugUvMMUeTQ2aDz87PEUgqFBxVuQBiGLA/0YQ4R+PPIDsbtv
QRmHU/1wgltGtWMfRtlMJ/yWiLv5xXE4lPfLdBqWYiC/p9Omrgn7io3U4oJxpYj7iUmCCiXUKdeD
c0OCefJ7gBtl81+kOJXyWxZBejcQz6m4W2qrHcxf/Knc+d8Sr8f7EvhDvTUc3oemTjlKY9frDcuy
8eHiwdE7A6nHPwtJykQg+aY5YLhHSWI0vPZxQH+6MCCWJIBDnCWbsIB4h2+wMohTtVaovmhsQUZC
gSemcy2y7WdRTGWpjx8VwpcOiT1O/njoRxRfNC644AYawTL/qoMISN5QXCGV6sbzKb7NFggN0X7s
PTCZb1hZ6Kahk2CKlonwO86kL+Xi/Iw117uBWN1ZXPDHH/8He6NTNQ==
===END CRASH DUMP===
