PocketMine-MP Crash Dump Fri Jul 16 15:40:30 WIB 2021

Error: Trying to get property 'data' of non-object
File: plugins/Leaderboard (1)/src/moch/TopGems/Main
Line: 42
Type: ErrorException

THIS CRASH WAS CAUSED BY A PLUGIN
BAD PLUGIN: TopGems v2

Code:
[33]       $config->set("positions", [round($p->getX()), round($p->getY()), round($p->getZ())]);
[34]       $config->save();
[35]       $p->sendMessage("§a* §oXác định thành công vị trí của danh sách Những người nạp gem hàng đầu§r§f!");
[36]      }
[37]      return true;
[38]     }
[39] 
[40]     public function getLeaderBoard():string{
[41]      $data = $this->getServer()->getPluginManager()->getPlugin("GemUI");
[42]      $money_top = $data->data->getAll();
[43]      $message = "";
[44]      $topmoney = "§l§c⚒§6 Xếp Hạng Nạp Gem §c ⚒\n";
[45]      if(count($money_top) > 0){
[46]       arsort($money_top);
[47]       $i = 0;
[48]       foreach($money_top as $name => $money){
[49]        $message .= "§l§bHạng §e".($i+1).".§b thuộc về §c".$name." §b Với".$money."\n";
[50]        if($i >= 10){
[51]         break;
[52]        }

Backtrace:
#0 plugins/Leaderboard (1)/src/moch/TopGems/Main(42): pocketmine\utils\Utils::errorExceptionHandler(integer 8, string[43] Trying to get property 'data' of non-object, string[83] C:\Users\Administrator\Desktop\Sv\plugins\Leaderboard (1)\src\moch\TopGems\Main., integer 42, array[1])
#1 plugins/Leaderboard (1)/src/moch/TopGems/UpdateTask(14): moch\TopGems\Main->getLeaderBoard()
#2 pmsrc/src/pocketmine/scheduler/TaskHandler(137): moch\TopGems\UpdateTask->onRun(integer 1)
#3 pmsrc/src/pocketmine/scheduler/TaskScheduler(179): pocketmine\scheduler\TaskHandler->run(integer 1)
#4 pmsrc/src/pocketmine/plugin/PluginManager(654): pocketmine\scheduler\TaskScheduler->mainThreadHeartbeat(integer 1)
#5 pmsrc/src/pocketmine/Server(2389): pocketmine\plugin\PluginManager->tickSchedulers(integer 1)
#6 pmsrc/src/pocketmine/Server(2152): pocketmine\Server->tick()
#7 pmsrc/src/pocketmine/Server(1992): pocketmine\Server->tickProcessor()
#8 pmsrc/src/pocketmine/Server(1586): pocketmine\Server->start()
#9 pmsrc/src/pocketmine/PocketMine(291): pocketmine\Server->__construct(object BaseClassLoader, object pocketmine\utils\MainLogger, string[34] C:\Users\Administrator\Desktop\Sv\, string[42] C:\Users\Administrator\Desktop\Sv\plugins\)
#10 pmsrc/src/pocketmine/PocketMine(321): pocketmine\server()
#11 pmsrc(11): require(string[89] phar://C:/Users/Administrator/Desktop/Sv/PocketMine-MP.phar/src/pocketmine/Pocke)

PocketMine-MP version: 3.22.0 [Protocol 448]
Git commit: c32c21464c30cd7059a4cbfb0a7d7e493238a561
uname -a: Windows NT HQDATA-788 6.3 build 9600 (Windows Server 2012 R2 Standard Edition) AMD64
PHP Version: 7.4.18
Zend version: 3.4.0
OS : WINNT, win
Composer libraries: 
- adhocore/json-comment 1.1.2@fc2f76979f0a44a5f5bc2a2b600d0762fe0e78e7
- daverandom/callback-validator unknown@unknown
- pocketmine/binaryutils 0.1.13@0abee38d4e2861621f262c79a2a3d699d8a697f4
- pocketmine/callback-validator 1.0.3@64787469766bcaa7e5885242e85c23c25e8c55a2
- pocketmine/classloader 0.1.2@9757928424652393b178a3760073113aa7c9911b
- pocketmine/log 0.2.1@830b44a2cf96ef703c550abe64302f230231ca49
- pocketmine/log-pthreads 0.1.3@e477ecf6ec214fdd4415ea1da3fdd9d73bf699ea
- pocketmine/math 0.2.6@43057cb8c179a9859677b496a788db922fd5cfc3
- pocketmine/nbt 0.2.18@9f82ca4d7f97fcd9a566e44b63c4f18a7657ae82
- pocketmine/pocketmine-mp 3.22.0@c32c21464c30cd7059a4cbfb0a7d7e493238a561
- pocketmine/raklib 0.12.11@9cce458b8bfde3e4dfdbf70c659fc7b7fe26b5c4
- pocketmine/snooze 0.1.5@70b5e7937a06878dd321a3182ceb76d56298f2cd
- pocketmine/spl 0.4.2@6b08b7cf8c4afa17139c9a1b3bf1b408531de161

Loaded plugins:
ARQuest 0.2 by phuongaz for API(s) 3.9.0
AntiToolBox 0.1 by NgLamVN for API(s) 3.19.0
AntiVoid 1.1.0 by FiberglassCivic for API(s) 3.0.0
AuctionHouse 1.2.5 by Shock95x for API(s) 3.0.0
AutoClearLagg 3.1.0 by Twisted for API(s) 3.0.0
AutoFix 1 by Ghast Noob for API(s) 3.0.0
AutoXP 1.1.0 by JackMD for API(s) 3.0.0
BLOCKBREAK 1 by YTBJero for API(s) 3.0.0
BetterVoting 2.0.2 by Twisted for API(s) 3.0.0
BlockCMD 1.0.0-beta by kenygamer for API(s) 3.0.0-ALPHA10, 3.0.0-ALPHA11, 3.0.0-ALPHA12, 3.0.0
BlockSniper 3.2.3 by BlockHorizons, Sandertv (@Sandertv), Chris-Prime (@PrimusLV) for API(s) 3.2.0
Blood 1.1.0 by NashanPlaysYT for API(s) 3.4.0, 3.3.0, 3.2.0, 3.1.0, 3.9.0, 3.9.1
Broadcaster 1.5 by EvolSoft for API(s) 3.0.0
BuilderTools 1.2.0-beta4 by CzechPMDevs, VixikHD for API(s) 3.16.0
BuonLau 3.0.0 by AmGM for API(s) 3.1.2
BuyCMD 1.0.0 by zZPROGAMERZz423 for API(s) 3.0.0, 3.1.0, 4.0.0
BuyFix 1 by phuongaz for API(s) 3.0.0
CachMuaLand 1.2 by Noob for API(s) 3.1.1
CmdSnooper 1.0.0 by HotshotHD for API(s) 3.1.1
CustomAlerts 2.1 by EvolSoft for API(s) 3.0.0
CustomCraft 1.0.0 by TeamBixby, alvin0319 for API(s) 3.0.0
CustomItem 1.0.0 by Phuongaz for API(s) 3.0.0
DEVirion 1.2.7 by poggit, SOFe for API(s) 3.0.0
DLevelIsland 1.0.0 by Nguyễn Công Danh (NCD) for API(s) 3.0.0
DancingFarm 1 by RicardoMilos384, DontTouchMeXD for API(s) 3.17.0
DanhHieu 1.0.0 by JeroGamingYT for API(s) 3.0.0
DevTools 1.14.2 by PocketMine Team for API(s) 3.13.0
EconomyAPI 5.7.2 by onebone for API(s) 3.0.0
EconomyLand 2.1.2 by onebone for API(s) 3.0.0
Eff 2 by AmGM for API(s) 2.0.0, 3.0.0
FormAPI 1.3.0 by jojoe77777 for API(s) 3.0.0
HeartWings 1.3 by Edit Nờ Cờ Dờ (NCD) for API(s) 3.0.0
InvCrashFix 0.0.1 by  for API(s) 3.14.0
InvSee 1.0.0 by BlockHorizons for API(s) 3.0.0
KeepInventory 1.0 by KhoaGamingPro for API(s) 3.0.0
LoadAllWorlds 1.1.2 by  for API(s) 3.12.0
MS_GiftCode 1 by YTBJero for API(s) 3.0.0
MS_NV 1 by YTBJero for API(s) 3.0.0
MaxEnchants 1.2.1 by Xenophilicy for API(s) 3.0.0
MenuAuto 1.0.0 by JeroGamingYT for API(s) 3.0.0
Minion 1.0.4 by phuongaz for API(s) 3.0.0
MuaFLY 1.2 by SableIamNoob for API(s) 3.1.1
MuaKeyUI 1.0VH - RBplugin by Ibenrm01 for API(s) 3.0.0
MultiWorld 1.6.0-beta1 by CzechPMDevs, VixikCZ, fuyutsuki, kaliiks for API(s) 3.20.0
Netherite 1.2.1 by Wertzui123 for API(s) 3.0.0
NoFallDamage 1.0 by DeveloperNeb101 for API(s) 3.0.0
NoTP 1.0.7 by awzaw for API(s) 3.0.0
OreGenerator 0.1 by phuongaz for API(s) 3.0.0
PCEBookShop 1.0.3 by Aericio for API(s) 3.11.2
PHP-Sell 1.2.7 by Muqsit for API(s) 3.0.0-ALPHA9, 3.0.0-ALPHA10, 3.0.0-ALPHA11, 3.0.0-ALPHA12, 3.0.0
PM-Beacons 2.0.1 by jasonwynn10 for API(s) 3.0.0
PayPoint 1.0.0 by YTBJero for API(s) 3.0.0
PiggyCrates 2.0.9 by DaPigGuy for API(s) 3.2.0
PiggyCustomEnchants 2.4.2 by DaPigGuy for API(s) 3.19.0
PlayerVaults 3.3.0 by  for API(s) 3.0.0
PointAPI 2.0.9 by onebone | Edit By Nờ Cờ Dờ (NCD) (Danh Miner) for API(s) 3.0.0
PureChat 1.4.11 by 64FF00 for API(s) 3.0.0
PureEntitiesX 0.7.0 by milk0417, RevivalPMMP for API(s) 3.19.0
PurePerms 1.4.3 by 64FF00 & ProjectInfinity for API(s) 3.0.0
QuyenVipUI 1.2 by NightBlackDM for API(s) 3.1.1
RedstoneCircuit 2.0.0 by tedo0627 for API(s) 3.6.0
SEnchant 1.0.0 by NamVN for API(s) 3.0.0
ShopUI 1.0.0 by SaltyPixelDevz for API(s) 3.0.0
Shulkerbox 1.1.2 by UltraFlappy for API(s) 3.0.0
SkyBlock 1 by KhoaGamingPro for API(s) 3.0.0
Slapper 1.6.2 by Slapper for API(s) 3.0.0, 4.0.0
SlapperRotation 1.2.1 by jojoe77777 for API(s) 3.0.0
TopGems 2 by moch for API(s) 3
TopVoter 3.1.0 by SalmonDE for API(s) 3.0.0
TradeGui 1.2.3 by Only FurkanGM for API(s) 3.11.0
UpGrade 1.0.0 by LetTIHL for API(s) 3.0.0
VanillaEnchantments 4.0.0 by TheAz928 for API(s) 3.0.0, 3.1.0
VeSo 3.0.0 by AmGM for API(s) 3.1.2
VipJoinMessage 2 by Hender Plugner [Edit By CurliestDrake66] for API(s) 3.0.0
Warp 1.0.0 by  for API(s) 3.0.0, 4.0.0
WorldProtect 2.3.8 by aliuly for API(s) 3.0.0
essentialsTP 1.2.2 by  for API(s) 3.0.0
helpnewbie 1 by YTBJero for API(s) 3.0.0
iProtector 3.1.1 by LDX for API(s) 3.0.0

----------------------REPORT THE DATA BELOW THIS LINE-----------------------

===BEGIN CRASH DUMP===
eNrtfQtT28iy8F+Z62x9C+diY8lvTiUVAiRwFogPkMfZ1VZqJI1tLXqtHgbnfPvfv+6ekTQSBBvC
nu/eqk1VsNSa6df0dPc8NPp3axYlAc++LEWSelHY2uvvtDIvEK09Y2gO+2Z/3Ot2RpPxsDvZaeWx
fNTvdAd9E2DdnmGYo0lvp+XzNDtKkihp7f27la1iKNWi+6NbR0A1QL3TCkSa8jk+ukpWXjhnWcTm
ImNxEsUiyVbsR5dn/EcWzVgYhe3I/k04GdSb5b7/1vOx4sGeZX1IgVnL2ncDL/TSLOFZlFjWoUiv
syi2rMulZcV+PvdCKHQquCsSO+KJy7aMbctKE8eygshZWNZVFL8TARQ6417YiRcxkpJkVP3dRvVd
qL2LlXdV3V2sCtV8L0S9mKC8hDtw+UvrRZc9CstW39zeY3HkXIsMBBOWlWeeD9x9wJ+9PVHT5jEP
XV8kW16YiblI2HiHgSZAp7/0e7+yR6i3rDeGen+edndYwSkoifEk4atfjF+3QXUvjM319CEGCcQV
T6+3jD5o6x5K7VcgskT0BhFtEQ2TxQFiw/+VindTZyHcHPS4izgLnRq90V3cFen2qyi8yMNS9QZR
6G1C4bK42zJGk0ZrlyWBaMVM+1Vyh1T/flJSi7tT+jnjIfS0ZGs46D9Mp2Sp/SoA9V0tEtDdseBJ
ZgueNSgP7qd8KRLwH1tmb9wUSvJkWTWm2q8yz6kIpw0iw4eJGINmP5FPJFbZ3KMHURiTyUMopknk
gKOKEolr/DCuwXj4DVxpBkqUOCb345jS5RlcbpkT4xtovnxxohD6Ye5kW7LLsjc8FQfgcdPTCO18
hyn4Pc4Du8RpNJ9jKdXRe/2NO3rlVMzHOwfZubtrRe+ZTdFTqVuJwJAItgwslYjfcy8RW4XPmvzK
4gVP9nZ3D/Z2ibndGm+7irXdy6VGsn027WC1e5nabv36x05L/Gmx7PsCDLAmq37xwmXkL0Ugwgzw
uaAVwi+fIlsSAYCcyBUoSq8HYEb/fgCbmnlzMFKRbVmtOEo9lCu1WjvslyTKQ3frh5hc6eet7e0d
VgP96y7oZwD9uv13INbr30OEL8WWfDqonsZIPXTPpCKBCyvvdvmI/43Ji+gz/grDwXvDMKzcEI4d
Lli2oAdduHTwatYH9S/lY5Yl9NDFR4YQI85cDgVThWvBzhf0YAZ1wjlitrsIcF2PhXjBjRgaMmAF
kblGno9yyVsif2b/ZbWkXMNCrj/wblTcJSLLkxCYygUVG6sHVGoCN/Db7ypgnNu+57BZHjrYGKwZ
yPak1f8b6xgFhR/QzNhL9kO28FJqC+WZtummHg10GCgc7OPDiZKgb5YYgygUqy/QaxAtom+/kn+h
7r7vy5bs96rysgWhNLRhix6WRvADoCF88ilpzZc/0EDmcGLKmyH7jAq2ZzE7lq0Aij8v2gMYVUaB
xkC1rFCRKi3Km205YJPZViXANnvFutuksLKBIPkA314rRXhGlWV6wGyXgOMSCHmy4M5Cq8Z4yn4I
eQCCv1JKk6QmZaVKN5074tuVnBIgrFZn6wfvv43tDlypQmDsOZnnxFEmbhSagEJEHkqzovRHKmt7
+Iw4goelqgbdijFQFoj56iUzpH4GRvWM2SDqNdUwK+gfrT/+ym7/ym7/ym7/ym7/ym7/N2e3O625
CEXCfcwJMYCAj6/VBsZsaINqTqjV65hmp4vw3PPd1p4x7vd2Wl76xRXL1t6M+6mAzDOJssiJAG2/
PwYiHualTs90TKM/7Du9ruOOuoMJ7zv2zIZo5Y5Ef9KDbsUHQwNw54qXT17oRjcpO79ix/883L/a
b4/GYzbs9BhRZ5Nht8u2ilLSkJjZNUx2YbLLDDwLetgjlzLabbZ/djjsY2K8iAH5qNPvGGO4/Qqp
J0nWJ8Hg6ZcoReon5+dXAKCbG8q9nSiABFkkX3zPTnjiiRQ1x90FSJuI3d9SCDdQRmXiRsfomK9n
jjkbDSejyazL+30+mA1sx+SmDby73dHQnImuGI3FCNC7kB0nwHUU7Drc923uXLeX3PdcbGJAmIfX
YXQTvla/yGzVqLYX8mRF3QGKdoG20Xvd5bYQvbHbF+Z4aAxNY2YOTWc04SbvucPJxB1zYG3Wr6O6
l7jR6XZ6r4f90XjUhzrDoe1wSFUG4/HA7JtiPHDMnmMOxNgZDLjZQIid2KdOrHgzX09Gg9HEHPfN
/nBg9iY92xiNeW8Eahn1DKMHuJ3JxDDsOiY/mhMGs2O8Hve6NmjUdGaToZiNuj2gjAIP+72uOTPh
T89wOCRhTQztOCP3Xyiq91r0RyPhzIYCTXTmuv2+MYCMzOU9uJm4o549A20JXkcV8GyhuBm+BqKD
kWOPHQh5fDIeTIajkd2fDDnYrGtPTHPmDpyZ06ujCO2skGf8ejIbm8CwO5pBmzjuBLrDUPT79rDn
9GfGGHLjwYiLcUO51WU7iMsu+voR/U1DlvBrsG2pF+DJeD1xHNEfjO2xPXNFT/TdmWuDrp3hYDJz
RvZoJsyhPXAaFpSGUfRVKPUOXo+69kCMJr0R7w7Ho7Hrgi/kPQOkFfZo6A6G5mQ8Mx23gST2CUMf
rGVod8f2yJmNnT6fcWNk9CbOhBs2NIxh97vjQc9whQHS/FGOi6lv7l/8Mxdppjm4ArLTqrwa6B/u
eZ4toiTFpDZe5FE451/RR/LYQ1CvMwH/APci5LYvwGXgWA46rYjBgWAteJZGs+xQB2CugYN8hc+y
iLj6wdE8dAr0uu8vrz69vzg9BNCNsGEMjqxinr0fZt5VFPlvoltdCA1aF8SoC3I+P+XBx/OaHMZ3
CKLwQWisOID8WHbtNeJAHFjkdgcc5G7BlhLwY+S5DekIpIuG3rRbF+6tZ4tkjr7lwFt6Tk3I7tNl
fAO+IVtc8WsIvf7qDflVKTAyVV2tk3eRZXEKIVuT+z7UuyU+1EZOI/7jKE+FrhEdXNeK2RnUtXIJ
0eh6Mrj9PnW0jiAdi4LV/vQE0J+Ey4OEp4u3HqFVikoVJcvikr8F8gcKqnO73sbzLDrwIRc/5fN5
TWodrovdu2sMVzeQDIFoz2QEmUSHokEug0z4wATKVufpsRag2NxPV34enB3s1vEpZaCa62pASK3d
68K/W/A0Y+dRZD+X/IqozKw3bcTP0wbbn6fr+vA/IM84O3wuriU22Uqfp5sxf08jSTS7SgIQ7s3p
+4Of3lwc7f+kCagBH2iaf129+YdIoueSUKGzLDvZvG3eiCwTyccoA7ejC6CDdREgf2hGxGfpXq2p
N5+vDvI0i4Kj0FnwMEtb9/Q5mxhbEmOW1WBzvbQ+uKUDMCpN0gJUt0YQoA20eF3UaxGu5lAvaQrb
3j+dHu8baMH6vdG4N4v7JwcgxS2IXvG9mdiXoReLpCm5gtY9qNnp1eWmosdR4n2FgTg8uoShiEiy
Jdt6XVziUPVgkXhpe5p4gYAn+Junpx+3a8oyH20ZZ6upH2WthhIKbpQmpByb5htKKZFbV0e0Nq84
h0jHw6nPV+m/rmpyySFir9NTv6b6NdTvpPw1npxhVcRJ6shVPxuJm0AJB2JB3QY0aF30RupwtIz8
S+Dr+TKpkjAIUeNCiXJ5tX9x9WF6r0O+ubnpCOAIsXeya5IPx/0iwcQz1QXUwc30SHbxfl3Sg6/C
WUzPDsUSK3z0br3r43oUMoZPl9tB7HHgAnZwZpK5DJkDLdRZfWxk0vjeraEi5UThKc9repGQesfv
Nu19P3h3VpcdvP8TRbf9R4SlfNVw0xJwx0nX2f368/Ti/bv9s6OLn7/2zd4dY606ZP97jPcs56ci
XHw4eZRA9dRNAR5ID+4daX5PlyOKm7N8wJ0FSspD3U3q0EZ/arjKZsppPN3z+UDNskLAaFlBzn1J
fL0EgXsJlephTwOusabjKINxTNbs/U8XwwncVJK2rBob6yWhxGjfB2ehe7cauJ6mGX+u/9YpgzB1
Pp7mwSUSGEzOsjsiSuia9roSPHjj3dorBPtLL+z2jMl3pqWS/EkmApVZVCooyRXyE5O1m82bFinc
kZqAa4SePrOXqChv7ikOjz56CXFYClCCmjF31HBy0RwXASClfP9WPJcMEqllLYkFy4Joq640th4w
UpLpVCyFf5L6dfdXA69pmvN5vqLl+EHIDspNKIe41WTr/OBw+1Hi1mdd3kZJgFcPzsflKxEegHEg
RRC9zvn6RuWhA8OqtzzRDVOHPhC7LjyHJ2505vlR2htjhnUYhdlVlEPwEJ8bDnX09JauYQUZK+5q
NxvKuzj2RF4XVoLWNDQOu9/xAIg1BgXfYcOHx4/of2LZzHtLUGNA02+G6WpVj6FDq7dMr8G/WsXb
TADFAS6OLhtJ7UORQUtpK952SxwgrtYTKoFr3aMSedAZNSWOQmHD/+dqKIXOsoTkAHBaVo2bte2n
SjcyLR3aiO3PIZKusUeIJ1OxOm/rBZzNdMHgribQg2MOs8zcv6ORgKRhWYjZ2LxbFU624ryA1DtV
r+kPfot+i8QI/z2XkVUYLUsxUV5sIgptZ/kEDkr3ERqwIVAjd3S9TO6zc10MZPR7qH4fH8keELPi
aPNW0hcgKtl0aH0ZrLkQVnN4/afzHuS/p5h0eOHSQcoz7/Yx01HA8KUQdQkQsCb01GfmnmukWJ9g
k5w8RpifhIihlgizKFlpMtXhDdHqgv20iLiMqdPnmyKvIbWsGjubWxzqYd/3P0WJ7+r9qQ5vziSa
37Y68+kSXUchSONAaLQsZJz7/g3R31ycs8sv77xZdqB2gCthdOh/bg3j7BKJ4mZ0y9LIbyLD+cc6
93D/n+Qb6FkW0VzPLL8tlzg0ljVoc9DUYP6zCKN44fmes3ouATSUaDklK7WbjYQTYY6rY7pkBej/
Qxpd0H5Ed/DC+lBWAZrM9//c2bqD0/1DmiSW5B/Bf87fnv5L518CHpysu0QGT3jwnJN2SNcHazr3
5ovsjc+d68MzEIOgGwryk1h9OKmLIkGNxvh4zNrs4o16r6Um2YktwiToGs/VLgU+kqRgZgNZ/Myj
wFCTpgTW5RmqlQlj7crEwc/06usqz9L82oPra+573nU9EzC7z7ReESDDFF5Qeo3571mr0BCBos5F
thAJVSz1VMHW+MVPIsm+5p5xz8z/E8WvMIIdF2w8efNAhW23kgmFjt5C3D7kAb0sVsmtgx9Mlg5x
agfnks+FbTyfrTfQggo0jjb3SOfR1bQm1tX0jjdtTAvym6/85rnEIGS4fJDFT246yRAI8z4R72hr
dBbpqwo18IP77p47UFQbCHUeHpOtTw+O3kTR9eUiivXt3hq02VqNAeI+WLLj1ZMpY91K4bd2fHxz
25EkYlkaY7WbJ7SqwrmrYdkljRxP25fCr+1+L0BrJrTPaBh4//6QSWM7yJ++XQQZPqYJm0376vSs
/UZwfN9Cl70CNvcCNYz7N55G4c0qDI3us019VChx+w+ygRt/CnbWS8RX08gL9TWlErQmIf2zNmjF
8SMahHoJ9GlRaxEN2mySSSM2cCj8Ll995y6ch/dnFUSgQ1ac1W6e0DsLpLsamt1KJ3VemrqpP63r
6M4k+L06+p7N0E191Li5F/j9+qmhk3ry+UokHzlkWDUF6eD6BpDmVOYzWX4xNxYT5SVRxlfianys
7wrYZ+sTsiVoTSdQs9js/9I7P+zN6uH5TLZFq3S48pBsP/tCQYxM0zKBxv566fNEHCx4zY8VoLof
63eMhlse9t++7T7OIxPyqUiCe4Jy6y2nbdwpTs3ttD6LpRfl6fSoXcA1z/BF0gZZFbPV1RNMnphS
78qWaJRyjsLMyzyRfm5oqILX87JR090Hnn/d7RsY0C9ApCX3p2dn02fzCYnEGQcBuP8YGBOKMamR
gs1Hr5JpvO7W5VWKka1YV4qENe2md5/ZsP/DoJ3x9cqTcOaFXvZsk0412yCOtMtnsA6JB7TwT1wK
/+jFtckEDfjwRiZt/uK55kY+nkxx76aaEymYWOsDLoQLTj4UB17i5J7uCppPmv6wYeqZcKPu0Kyv
Tw2/x7Yl+WZe863dFZcqTmkSlKB1uyruvLX0HRZ4Ll9Z2jQZwwFCzYYUYA3Ll9zPVlPvVvgwon62
gd+HEzkE2pz53L/GwwVuawKUwIcXLFof/Czhb30ex8/W/zWUlqU4obfGNhbpekVrVbpABeiByf/N
15bWb3iobzxQOxbwVA0tBsod7CCW3Mm+vnegSmqbFgtIc56wOY2rit3d9/pd+11TifYR7SIrXEQZ
z+qT6c0na2b0nn8lvcHA5jIVZyVVslSnJ31zLwMeoaFz/uQE+u4xHxvy/DGq7/gvQWtemgOfFUTh
4dGz6V3hIymIg+pqI1ES7op3uaeLUoCaRtRIY96H/oq9zZNrHjZ3sxtPF6hACGIgH5s3yof4HVbQ
BCkga8LIqciuTo5Pn6tF8kfEjo889HyfqxCNpxjoHeG+p7os/Xv26i7E/teJOf7mFv0nCrWUrFjW
QZSIp7yEqfjavU8mVIS41Jc26fY/+A4F0ntEq3nxP2CEeVYcQ1exXX/wgAM7Fvh6F8OsGsbC7Jdi
+HyQJz6MMbLDhF+L4fDX59sBhPQoJUYOy4tNxP3EE30Cm24f7lLPHCcPDzZvG1rxgvQjwyP5NKZ1
cD2J73XGjUUS38v9Z0vGJDbLovW9WHKwSTp/Tyc6y71k5gnf1U+gKI64ymDguxvQy167NWnxRMU0
xUExJF21FaMauOnszT9jwkqnaFkN+mvbdiH8OBQ3tqf3OQ34n9uXcgxEN7dJTzVFbWVLAzZThgbv
p4efn4tvQGVZFeUnL9sBnvbZwfRoV5OCzgHhCUgHJtjYA12ci0RzXnRqUEedHUcn+rReTMs7dkAn
VzI8rNNKrPAFZP3sH7nPDJMZxp4x2jP77L+7I2Z2TQML+Dyc5+BuX4pwjvdBlLkv1cmG5al/va7R
LU7qg59+D0+v7NkT+GuO+lZuuN2ROlcSj6vs981If6SqumlREv5207IInQl48pGVVIEc8SZlbcdR
kr00JkbPRODNAvTa9r00e9nFex6GUR462JVx4rbNnYUn5Omi6UtIpRFPzG/CtvIeYCiyYsBvVZ30
ZY8g+BJ1ELlCPp9FCWAtYdFshlBoBhcPTyru42WsqLjebOY5OQyqXxKj82LVs52KDN8FT1+SwnH5
uo1m/PI0su3VZR4EEFvKJ6kQrlYQT3F9+fZ0/wpB0mjbv+ciWSmqCpTAeK9gCa87MU9TcJruy7/R
P9BTnkVtPM9UVVx64qbtgho5KO/lGEG3MOBuY9dRRWrH23RWAR5v84Kh0TN5QGqe0HCFrA3PmWQ1
mwXrY5C5pIIVCmA8ESxbCAZD0RQueMYcbL+M2YJ5oePnrnDhgt2xcsR1GQUCD0nM7uJM+UzssAh3
L6SIUh4EyVZRnihczJsxaEcPIgBSgCbEY2chtADic3FTott1xYzm/tlNFP6YMRyX8YSh9gIQFo+a
WiGHeGiplPtmIUKWx3NIlgFBxwrRcCWyPStk7MWnBW2rwGMf8dhYBijU+W2gg4SHMJDNgCl6TKz6
EZABUeFKZKQvfFfIEWxBhw8iJEDM0kKLHrzHaF4AH6SLPHMjsHl1iOces1rquDHi+pYlov0bJDAs
jG7+y2oRm/u+H90w7Fh4RqUKjGzpcfZPtDcsQ4ZXxMw9OhyWqh6REao6DJhk2EXwgEvQEGKzV0zp
Fcsrmy0fa5y/+AT5LZgHKJm7LrCZyrZAHeMhgCwQPM0T6t4oiy2QadCU+D3nPp2s6S2h7JL7uWBb
iih4u23ELilCbxHoU9rQBngC3x48JtrneWCDisDE9tNV6OAxjGAFyTUYVYcKfEihndDOC0mx2CKJ
wANBU0LxdIdRpsJU54fOscPwFDYQBEMU6QZiA8KCPARzwiIS+SW1NcgEJpdEtx6YmwA1gEhkxmHJ
HOpWMXQyQ8PFMmigO8zLfgT1ZQlVcwX6O7KfRmW2BTLk0IlMUguJ0VaS7hGqpuFyMo4kD3FjL5oj
bsGhRqDXxdMOOxRLdc0CnJtmtN98R++JynBQI0mSx5mESoWhYgLgTclFjQs9lA6nc2Xv4MvIc4Ht
+zlAG0Gbi0DRYF0dzdCgcFsWKi0N3D+49WQle+g7P7LBejDuMwmHfhDAmALaOBBzbq8y0Di7lKru
knK9FHFT9StstRuPNE8WBT34pi0RFUaWkoQzD1gE9yRwezeimUHeWZCURg6tldPBu/MIGirCPotW
gYTmxGabWNtjXZQCqJM/lgfE/Y+XABOph/jH6Pp9/Kd4vjGyoHxpyZJClzJwHxgchVsyhFQLroyu
2VeMkRP4RL1C8Zf++AwcUr8gltBjMCeHSBRCJGLiVjg5Od9Isix7JEausrS4dSA/SCuJpON6f3W0
x66OTy7Z6cnZyRXbn05PT44u2fTogkFK+tPRxQ6DQuzqPZQ6Yp+O358esenF+4Ojy8tO0wXU9GEO
hkodU5F4EUVndMQpCugsBLlk0kbpbA3QPeQHLvkWKtLGXRLSzRIqSFJBTnDQYE0o77eMTRoZZHwY
DUMspogRZokEXG/lyGVEIho0v4ZBnyp07pZGW1CjAGi2WDiYG0jNIruyXWXdUgYwLxGnlai9rpI1
3b6fJSV5T0k+54kNPaPtRL4vc1FyQPdrl7oasqNqMVULfHfAw5wyEZ0TyNJysMHtnSImNI2wMEMZ
XmczwCXlDaou2GHvpc+XBg+pRJT7bsmLB0HkJmQV/6lEHBP7IOiw21WyArW35CzuBEkyHYmhlG2W
REERbGVtVaKtm6bewiiNask7tsHuMamadVwW2SM2WQKU0AyVIbt5EMtUS+ZzTD1o44OivQ6xkKpA
vBObhQR4wvqNgM7O71EwBG0IfEBhCUaWprlAx5AtoNXmReqJTgupVVztFA0pcwSVYXYkN1j0m3rC
cY6zyMPrtOD9gMcI9YI8gBhLU2nFQAAbkslRkeSi0iv2F6VK6jF3bQwy71hxRATbmBLnEHT7ZYsd
RvJR06YxN0KvJ/HLwkUXkrhUQV0yyhzaDoz4RCnbIbBCuQqkj+qsdZlgSCwxxwEKk3WkhJV0UE3p
U8pTUMbCVbaLCsQD8Aq8D6N6yA6tMBQZNtieChGQmi0iX6aYNs9gJIuZOLGc4kntTAUZ8m1yGKSe
ytBiizLZlOHthd5KxSN0q8kqQ+Q7rG1oDUiNR4TbWcGMCgHktas8lganmEK6UnIc2FCij5UBqNjq
sGPIBcGWXlJyxw6mH3agLvBgQ/+68Vwwe8oVpPcs8bcJ/x4bFml3lZGnpB2tbIftu+CoFtyf7eJu
KhomuAJsWJECogynaNDAtI5YhT0NmT4UObpFr4YpJvc7DJn4MA2nRbJdjQZxLIFM3UDYxIp5HMZt
dd8Y3ZypXpd6X0XZnpiWF82IU3pFygRpuzQPLbT2J6astN1hU1XH58mcKnA1LFW2QBRnCZ+jCNAm
oLY09iljwbFmAMxjZ+cJttOB7+GMCQ2e8TRvkWbs7OoDcZqCSCi2nWcMB+vUlBU5ObjoFL4myPI2
1tojbtHKXWHn871iwPKKGThQUenaAroqPWdqrJrK0TVacphGMnApazAQmXROEtvBIopSGoEX4xRR
jETJg9EXRlK+LDwlTn8U80T4TBvCAmM0EygTFjU5gUNkORimaaIf2Wc7ukWrT9jJIdv6/OHkcBtk
BpMHHqD8Dbj7OJEbz8AwcPySwOClU2WAYAkRFSFl4+cePr85LfCrsY0G+ZGI4WQRBU3IPnCQS2GY
ZIuKqRIVQrQZnNmMyMIzb7Zq3+aeW0nLIU0B5yZ4VrhNEF/uKihGATSCVIyC2UDSSRlZGDm+FzOq
C1ZzxldgMTiSDKJlMSjHiKbCALnidvFMkkwrB1jMeOmzJVc03SHNXX7iT7YFlVW2nadq2sXB82ml
q1N12rLOHoshR1p6PpKRbly5KEUF4xAP5+U4IcRqfjMc7hSlarNl985QyUbeD/BDLjTQppArOzSq
UjUxxlf0UDQdAWaI1xQgofIFhUutMgkeCjn8tYVEZgv8ogujSU2KcIvC3snEaa6zFnil+EioFB/8
EONNVmP5gQWght+LuY/L7v1scvqiEuNFtwNmi8r4W3LTo76MkwPtnD7bkWq+kc6sJUI0uat3zUMi
ZuMGmpQcEOpTJNjSTJ4/z5R0TE2mFAGc6tREB3xtZrIXbA7DsLRSTzVhU2qoc1dFyjXdcI/GaeAm
YRAj2yaO4twvjFHdYCSjMsoh9sgdUoLfjpUTw1iCfgmCnUqdaaZWTlHtqSCOM2o0bJRgGQNVe+GZ
o+Vch9bJ0d7b+NJyA1R2tzo4XkC2OYu0FoFe1parF2XJRYQtQ6x0cMtox4uIY3BkqwCHPSluYElB
wrRiHcdy6jmrnpMI5MT4fJ7AAFpOlqmZNTmBgB/tuW7KR/xBD35/+B4/PNFWLl9GPnQKN0Lm1hy6
zg1RTInxSgCCdbS5bQi0pealacrGuaNUaFD5XBkTxHj8hAJFKj1FJHikqw6y7hDtRJu52gH/GC/4
DsPXKik8Z2UWBq53JhLItNvogUIMf/JpEa1krOC1mTC1EKaF1xwyTojk5MUKZ6EQUsvL5wWNOy0t
ZdWbOvOCyler+ItIsTz2BHTN2LLoMJEgTfGpSsV0bqcioJ7oFAptPhzhlduWrSt7hTZzonAA+kzp
s5gjWSggeQwc5Ki8WXkMnHKGoYlLiaM3KxHB6AMEkYsN6IGKiQPp4wCfcpFFZOO+x1M1KoFEkgex
X9xhygM8qrbaKxpNPgO7xRmsPfYL5SoQP3doSutXRCrPUCjDpL4IQmJg3ph4rpo0KJafaDbgvohF
AZ0idEr5MQ028b1X4FWFW519SZd4kJcMl6owKsjoVVHcY7hgtWf+fbQzmNwaO73b3o75d+PvLuZD
1M+3cL2dvnn2ctyVrlje9QfbMsmTSwz6WF32cIwtoGM1lUapB82FQas5Kya/x5MnhVMuBihJuThB
HgfwQKhyaCUoLRTWLhY2wBZkNvviLbkaIkXla0hyyhTUNw01SJtSSy3ni+jLYEzcguNL1djOucbR
QUrjGNCI7UFevpI5HJVDeYEVGHnIMCL7jJSS8EMykpS+urXTEreZCFNPvSJH+4y0b8bYjvr2RwnB
FSb83kwNFgVf3CgDZ1iDqg9JVoA88fV7dBH6/czzaXdfBZkHtS/YLCB86Pce9LKlDsAP0+j3gS3X
y3RYqr6Xo8Nipy72hZipyYVaTfL7aR0EGUqgQy6npzUOVunvPn13R12x8lEWXYsQwntN4hWn1VJT
bR796sVy//KgM8Rb+c2SsjTc3gZ1nUbIjSm/U42vDU0P39ckdaMvxEkTCCCv3hzQ3cM0rRW89LBD
fz6ridjgAG4Tob6AowNv8P3wGlD7Og2+w2fgp5WA4UXduKpo+4WSKf3LP7jHyZvLLwIpLLiBhlAW
J1mRQ3Lt4uszaIfJKsYjPQDQo/Jz906TebVWJt30dBAM0XJyv/Nc2lLBzs+Yc72f0uxOVeGPP/4f
mg7lcw==
===END CRASH DUMP===
