PocketMine-MP Crash Dump Fri Sep 10 23:32:43 +07 2021

Error: Class shoghicp\FastTransfer\StrangePacket contains 1 abstract method and must therefore be declared abstract or implement the remaining methods (pocketmine\network\mcpe\protocol\DataPacket::handle)
File: plugins/FastTransfer-master/src/shoghicp/FastTransfer/StrangePacket
Line: 0
Type: E_ERROR

THIS CRASH WAS CAUSED BY A PLUGIN
BAD PLUGIN: FastTransfer v1.0.2

Code:
[1] <?php
[2] 
[3] /*
[4]  * FastTransfer plugin for PocketMine-MP
[5]  * Copyright (C) 2015 Shoghi Cervantes <https://github.com/shoghicp/FastTransfer>
[6]  *
[7]  * This program is free software: you can redistribute it and/or modify
[8]  * it under the terms of the GNU Lesser General Public License as published by
[9]  * the Free Software Foundation, either version 3 of the License, or
[10]  * (at your option) any later version.

Backtrace:

PocketMine-MP version: 3.22.1 [Protocol 448]
Git commit: 9477034a4ae58cc5c12b8278c14a8e46a43992b2
uname -a: Windows NT tungnguyen2-4si 10.0 build 14393 (Windows Server 2016) AMD64
PHP Version: 7.4.18
Zend version: 3.4.0
OS : WINNT, win
Composer libraries: 
- adhocore/json-comment 1.1.2@fc2f76979f0a44a5f5bc2a2b600d0762fe0e78e7
- daverandom/callback-validator unknown@unknown
- pocketmine/binaryutils 0.1.13@0abee38d4e2861621f262c79a2a3d699d8a697f4
- pocketmine/callback-validator 1.0.3@64787469766bcaa7e5885242e85c23c25e8c55a2
- pocketmine/classloader 0.1.2@9757928424652393b178a3760073113aa7c9911b
- pocketmine/log 0.2.1@830b44a2cf96ef703c550abe64302f230231ca49
- pocketmine/log-pthreads 0.1.3@e477ecf6ec214fdd4415ea1da3fdd9d73bf699ea
- pocketmine/math 0.2.6@43057cb8c179a9859677b496a788db922fd5cfc3
- pocketmine/nbt 0.2.18@9f82ca4d7f97fcd9a566e44b63c4f18a7657ae82
- pocketmine/pocketmine-mp 3.22.1@9477034a4ae58cc5c12b8278c14a8e46a43992b2
- pocketmine/raklib 0.12.11@9cce458b8bfde3e4dfdbf70c659fc7b7fe26b5c4
- pocketmine/snooze 0.1.5@70b5e7937a06878dd321a3182ceb76d56298f2cd
- pocketmine/spl 0.4.2@6b08b7cf8c4afa17139c9a1b3bf1b408531de161

Loaded plugins:
AcidRainVictory 1 by YTBJero for API(s) 3.0.0
AntiTNT 0.1 by Adam1609 for API(s) 3.0.0
AntiToolBox 0.1 by NgLamVN for API(s) 3.19.0
AntiVoid 1.1.0 by FiberglassCivic for API(s) 3.0.0
AppeallationUI 1.0.0 by YTBJero for API(s) 3.22.0
AuctionHouse 1.2.5 by Shock95x for API(s) 3.0.0
AutoClearLagg 3.1.0 by Twisted for API(s) 3.0.0
AutoFeed 1 by Ghast Noob for API(s) 3.0.0
AutoFix 1 by Ghast Noob for API(s) 3.0.0
AutoInv 0.0.10 by JackNoordhuis for API(s) 3.0.0
AutoSell 1 by Jero, Cur for API(s) 3.0.0
AutoXP 1.1.0 by JackMD for API(s) 3.0.0
Bank 0.0.1 by YTBJero, GhastNoob, Kaido Joestar for API(s) 3.21.0
BetterVoting 2.0.2 by Twisted for API(s) 3.0.0
BlockCMD 1.0.0-beta by kenygamer for API(s) 3.0.0-ALPHA10, 3.0.0-ALPHA11, 3.0.0-ALPHA12, 3.0.0
BlockPets 1.1.3 by itzmade for API(s) 3.19.0
BlockSniper 3.2.3 by BlockHorizons, Sandertv (@Sandertv), Chris-Prime (@PrimusLV) for API(s) 3.2.0
BossPlugin 3.21 by HmmHmmmmm for API(s) 3.11.0
Broadcaster 1.5 by EvolSoft for API(s) 3.0.0
BuilderTools 1.2.0-beta4 by CzechPMDevs, VixikHD for API(s) 3.16.0
BuonLau 3.0.0 by AmGM for API(s) 3.1.2
BuyFix 1 by phuongaz for API(s) 3.0.0
BuyRank 0.0.1 by tungstenvn for API(s) 3.0.0
Buy_cmd 1 by TungstenVn for API(s) 3.0.0
CrashTransfer 1.0.0 by Xenophilicy for API(s) 3.0.0
CustomAlerts 2.1 by EvolSoft for API(s) 3.0.0
DEVirion 1.2.7 by poggit, SOFe for API(s) 3.0.0
DLevelIsland 1.0.0 by Nguyễn Công Danh (NCD) for API(s) 3.0.0
DancingFarm 1 by RicardoMilos384, DontTouchMeXD for API(s) 3.17.0
DevTools 1.14.2 by PocketMine Team for API(s) 3.13.0
EconomyAPI 5.7.2 by onebone for API(s) 3.0.0
EnchantUI 0.6 by UnknownOre for API(s) 3.0.0
EnchantVipUI 0.6 by UnknownOreforsource|RBpmmpformod for API(s) 3.0.0
Eternity 1 by minefore and shin1134 for API(s) 3.9.0
ExtendedBlocks 1.1.5 by Javier Leon9966 for API(s) 3.14.0
FastTransfer 1.0.2 by shoghicp for API(s) 3.0.0
FormAPI 1.3.0 by jojoe77777 for API(s) 3.0.0
FormImagesFix 0.0.1 by  for API(s) 3.11.4
GCPClan 1.2 by InstantlyTa for API(s) 3.0.0, 4.0.0
GMCDetect 1 by TungstenVn for API(s) 3.0.0
GemUI 1 by WoolChannel3295 for API(s) 3.0.0
Giftcode 1.0.0 by  for API(s) 3.0.0, 4.0.0
HotBlock 1.1.5 by survanetwork for API(s) 3.0.0
HuongDan 1.0.0 by YTBJero for API(s) 3.0.0
InfoBook 1.0 by  for API(s) 3.0.0
InvCrashFix 0.0.1 by  for API(s) 3.14.0
InvSee 1.0.0 by BlockHorizons for API(s) 3.0.0
KDR 1.0.0 by JackMD for API(s) 3.0.0
KeepInventory 1.0 by KhoaGamingPro for API(s) 3.0.0
Kickk 1 by ytbjero for API(s) 3.0.0
KingofBlock 1 by YTBJero for API(s) 3.0.0
LoadWorlds 1.1 by shin for API(s) 3.0.0
LockedItem 3.0.0 by ytbjero for API(s) 3.0.0
LpkCuaHangUI 1.0.0 by phuongaz | Moded by LamPocketVN for API(s) 3.0.0
Lucky 0.0.1 by YTBJero for API(s) 3.0.0
MSpawns 2.2 by EvolSoft for API(s) 3.0.0
MaxEnchants 1.2.1 by Xenophilicy for API(s) 3.0.0
MenuGUI 0.0.1 by YTBJero for API(s) 3.22.0
MenuPet 1.0.0 by YTBJero for API(s) 3.0.0
MineLevel 1.0.0 by TungstenVn for API(s) 3.0.0
Minion 1.0.4 by phuongaz for API(s) 3.0.0
MuaCoinUI 3.5 by BlackPMFury for API(s) 3.0.0, 3.2.0
MuaKeyUI 1.0VH - RBplugin by Ibenrm01 for API(s) 3.0.0
MuaKitUI 1.3.6 by Infernus101 for API(s) 3.0.0
MuaPointUI 2.0.0 by JKPVN (JakayPluginVN) for API(s) 3.0.0
MuaTuNhanUI 1 by FurryJaki1992 for API(s) 3.0.0
MultiServerChat 0.0.2 by tungsten for API(s) 3.0.0-ALPHA12, 3.0.0, 3.0.6, 4.0.0
MultiWorld 1.6.0-beta3 by CzechPMDevs, VixikCZ, fuyutsuki, kaliiks for API(s) 3.20.0
MyCrate 1.0.0 Beta by VirakMC7788 for API(s) 3.0.0
MyItem 0.1 by AnhKhoaaa for API(s) 3.0.0
NameSpaceRemover 1.0.0 by JackMD for API(s) 3.0.0
Napthe 0.0.1 by hachkingtohach1,tungstenvn for API(s) 3.0.0
Netherite 1.2.1 by Wertzui123 for API(s) 3.0.0
NoFallDamage 1.0 by DeveloperNeb101 for API(s) 3.0.0
NoTP 1.0.7 by awzaw for API(s) 3.0.0
OreGenerator 0.1 by phuongaz for API(s) 3.0.0
PCEBookShop 1.0.3 by Aericio for API(s) 3.11.2
PHP-Sell 1.2.7 by Muqsit for API(s) 3.0.0-ALPHA9, 3.0.0-ALPHA10, 3.0.0-ALPHA11, 3.0.0-ALPHA12, 3.0.0
PM-Beacons 2.0.1 by jasonwynn10 for API(s) 3.0.0
PayPoint 1.0.0 by YTBJero for API(s) 3.0.0
PiggyCustomEnchants 2.4.1 by DaPigGuy for API(s) 3.19.0
PlayerVaults 3.3.0 by  for API(s) 3.0.0
PointAPI 2.0.9 by onebone | Edit By Nờ Cờ Dờ (NCD) (Danh Miner) for API(s) 3.0.0
PureChat 1.4.11 by 64FF00 for API(s) 3.0.0
PureEntitiesX 0.7.0 by milk0417, RevivalPMMP for API(s) 3.19.0
PurePerms 1.4.3 by 64FF00 & ProjectInfinity for API(s) 3.0.0
RandomBlock1 2.0.0 by Edit By Nờ Cờ Dờ for API(s) 3.0.0
RebirthUI 3.0.0 by YTBJero [Edit by NCD, Ghast, CurlliestDrake66] for API(s) 3.0.0
RedSkyBlock 3.1.1 by RedCraftPE for API(s) 3.0.0
RedstoneCircuit 2.0.0 by tedo0627 for API(s) 3.6.0
Report 1.3 by ImNotYourDev for API(s) 3.7.0
SEnchant 1.0.0 by NamVN for API(s) 3.0.0
ScoreHud 4.0.0 by JackMD for API(s) 3.0.0
SeasonPass 2.0.0 by TungstenVn for API(s) 3.0.0
ShopGUI- 6 by ItzFabb for API(s) 3.0.0
ShopGem 1.0.0 by YTBJero for API(s) 3.0.0
Shulkerbox 1.1.2 by UltraFlappy for API(s) 3.0.0
Slapper 1.6.2 by jojoe77777 for API(s) 3.0.0, 4.0.0
SlapperRotation 1.2.1 by jojoe77777 for API(s) 3.0.0
Specter 0.9 by Falkirks for API(s) 3.14, 3.15, 3.16, 3.17, 3.18
StaffTable 0.4 by GigantLeyKey for API(s) 3.0.0
TimeCommander 2.2 by Zeao for API(s) 3.0.0
TradeGui 1.2.3 by Only FurkanGM for API(s) 3.11.0
TradeNPC 1.0.0 by alvin0319 && FunkaDev for API(s) 3.0.0
VQ 1.0.0 by YTBJero for API(s) 3.0.0
VanillaBlocks 1.0.7 by xSuper for API(s) 3.0.0
VanillaEnchantments 4.0.0 by TheAz928 for API(s) 3.0.0, 3.1.0
Wolfies-FloatingText 1.3.5 by  for API(s) 3.0.0
WorldProtect 2.3.8 by aliuly for API(s) 3.0.0
essentialsTP 1.2.2 by  for API(s) 3.0.0
fly 1 by IDontKnow for API(s) 3.0.0
iProtector 3.1.1 by LDX for API(s) 3.0.0

----------------------REPORT THE DATA BELOW THIS LINE-----------------------

===BEGIN CRASH DUMP===
eNrNfQt327qx7l9BlbW6k15LFvWWe3JuHNlO0tiOajuP06orCyQhCTFJsHzIVk73f78zAEgBtLYl
Ocred682FofkYD7MYGbwIPC/talIQpp9XbAk5SKqHXUOahkPWe3I6bWd1tDp9tqNTmfY6w0Oanms
brVajUG71201h06z1Ws3ewc1liQiqR39by1bxvBE7fTr6dXVh6vaQS1kaUpnSBsFNE1JOhezOffi
yeSMptlNQqN0ypLJ5DqDnzM2pt4ty4gnoozyKCUOoW4Kt7yMhCybC5/QyCdhnmYkm7OEgfyMuIz4
zAtowvzV4yIhPIwDFrJIPksSFgJLHs00p5Q8jwWWFvKITSYRy+5EcjuZhF4Ml3EiMuGJYDI5oRlV
Yh0dzaH0gL0AXFMeIKg4yGcg56EJph7CBUsO08Q7LOBaDxxaYIFZABLUjpq/Hmh+X3m0EMFCyg6F
+DxhHj6n7gLF5AZ0T/gMa9+BW//1f+N5DLQW/IY/bfhz+Bf40YEf5C/EfJMofgQqkYxlVVyAIPWL
MTzeVY+PRLxM+GyekeejF6TVdLrkWkIiI5YsaJSxlPzXPMvi9OjwcMazee42PBGux/3fwLcn+cKP
virgZs5TApU9S2hI4Oc0YYykYprdgTqPyFLkxKMRKM/noFju5hkjPEMrOASpQ+Hz6RK4DRQ3uJNH
PiBDhYMOwpSIqbx4c/mRnIMtwr03LGIJDcg4dwPukXPusShlhIIcSEnnYEYuMh0qpvj6GYp1rcUi
ZwJKoRm0mAPCOBoi0S2ItIsCNdsDMERg5TQVr+c0Q0wJETG+/gKALElAsxWHRg3MAE0YNPrPfx3U
ZkpaVG9EsfnVqqpyacpWLbjWbkADdZCe88CHljzoQKvm6VefLWpHUxqAULXCvKHFd6Bpg+bgzWGn
32+2O7RDWXfgeV3PabmDVn/gOR06YJ0e7bSHw5bbAt65luUzj3xxl5LLG5Ll0Sya5UsWteqdlBOn
2WgSKQNx4MU2eV48fA2mA4DBmnovyPHFSa+Dtg1We1TrNzoNZwCX31nkSzCdRlPd/SpSLPDd5eUN
EOTFHTQGtP4wFqDYrwF3E5pwlmJlUX8OABN2+C0VUR2e0Y3JaTiN1qup15r2e8P+cNqknQ7tTruu
16Itt9ds+s1+rzVlTdYfsD6w9ykIC/YGVu3RIHCh0dYXNOBgAOjzoCpuI3EXvdJ/UdjSrRy6PKLJ
Ms94gPI2oWyn/apJXcbaA7/DWoOe02s501av5fWHtEXbfm849AcURJt2bFZrC3cazUb7Va/TH/Q7
8E6v53qU9kF9g26r02KDrtdqe60uG3jdLm1VGKJDDgSF9qJla70a9rv9YWvQaXXAwYPSXKc/oO0+
VEu/7Tht4O0Nh47j2pwCMZMcwO5eDdpNF2q05U2HPTYFe4KSEXCv0262pi34p+14tDN8wKEeZ/OE
Ub+oqPYrBvbIvGmPeS2nM/X9TsfpMur4tA0XQ7/fdqdQW4zarCCezbU0vVdQaLfvuWDCUL3DQXfY
6/ddiGe0Pxj47rDVmvpdb+q1bRaRmxV4Bq+G00ELBPb7U9CJ5w9pt9djnY7ba3udqTOg/V63T9mg
Urmrn/UwLlvlqx2amMEsobdg26pegAuw8TzW6Q7cgTv1WZt1/KnvQl17ve5w6vXd/pS1em7Xq1hQ
Ggnxnenq7b7qN90u6w/bfdrsDfoD32+3HNp2AC1z+z2/22sNB9OW51eYxIHk0AFr6bnNgdv3pgOv
Q6fU6TvtoTekjguKcdxOc9BtOz5zek7t1zK0ybZ57HH/CoLxJ+6BGS8N31a9c1BbOTb0aTSH0J0A
k3/W/ufm9d9YImrgI2nMkdKGxtDEaxZRN2DgP7IkB2fnsxi8Sar8KcaWE5OAWQFwp95iMrmg0qNg
o0BH++H65vOHq/MTIN0xN+UZioj++TjK+A34IUNwTTEFbjYqIh/7NHR6zeG+ZNaFVuW+vjm+uvk4
Xi+1EMFrcV+VXFMflf5ydk7DT5eW8M7w6dJrfpOJIcFkcq4c0gYlGKlGIZYG+Elwv4JOkixLAvtv
2uDOuMuSGXrEEV9wb18aeg0eLZvf0FvIO4PlaxkNFGAUavVrE941KdY61oclP6yNOGYQM2Se8vGd
WSf2DbtmmtWaWdfOwJc9XiW1M+hYHI+R+Skk8yJcqotxnrDRnGb65xhTtNoj9acLn0xozndonrmH
2N6KPGUmbpNso241ujZqyHK922H3/scMwQb/LlqMEprOz7hkqyGmuiTEKOWbo3xgGra0W4DOxChg
NDmns5mF2qSbsNsPm8HNHaTZAG1P5p8pdggN0k0UIgAhEJst0662r8U8TpdBHl6MDm1+ujLOGPMr
9SBJj8SUN3PorpBLIdy9uWhd6i7GC2/w+6rk/P4PEJzf7yY3WHhFbqTYUQXiSsXo/gZZLYie+POc
p/uS/xswjQqmygChV61MTwm1FaJrFgQVSJL0iC7QYR2QUZ7sUxUpFLqbLr6MK3J/GW8KgqiIi5N9
ia24qRr/Mt5O+DVtXbE51AgA3Gsa3RrQ5OUDE1sfww5UQ5Ht5KD2nnJfkL8JlmbUVlbLeTrsMmS5
INj2KnvNsowln0QG4dxEZ5JNlBCBG62f4LxrYz6bLUd5monwNPLmNMrS2hqP7krBFlKwyaQi5ma0
AQS9EdiagbQgPchH6lAWtaHesmg5g/cetLH68fn47bH0MOa1U7luFddPTuy0tAB9Jfd2sMcsS6u4
Ja3aOts2Zp59DyE33lv+LQt+KxL+XUSpxoFybJuDl4CuIx6zpApJU+2Eo1UFZQkBt64pjt9lC/L8
VfETh1tH84Sn9XHCQwZ38G+enn96YTfanU39YjkORFZ7vEoUjp0qRaTpWA/VrupkRaxUScVXvQ1D
+B/8Zyt6k0eqXQc0VhWOmfUpdAQyztIvj2XX8zCcY0nQmkE6wAv/PsFDFxIfGhixGhLg48mxcLMe
DKpt8JUM/HQhAhxx3V9XrCwYkFpSPNJvLuDe3d01GEiE3BvZrcSHY5sswZ6r1Z5NcrWXoXxZx0Y6
+s68+fjihC3whU/8nt++taOw03s6bg+5x6EP3EHPSrgMhYNasEXdVe+G3IcWK1k5IjqnuVUvimJb
/4Pu5nH45sLGDmHuidDdHVKm1/nSzro14ZFEL54DpBn9vjcLlSXuJPJVJRfSlA3pEA7Vg+lHi2hv
Hb2SI1qVFKL8sSWUr17o21Ak5ZH6v9GFftobDMURy91eC7JLX07GrQDY9A2DLF9YJOI5D7i33BcW
g+VkYglTudwKpMwHjwNwHaavs8h2dur8XG9ulgx4bDme5s9PTj/xRIpf4itJVT/er3gCMcMpNEhf
PpyxfUFUTCeThRRhMgEPrn8ZYm0Y8j05ZwsWvEsDGpmNyyJvMM3LWb6c5A7zuhEZTfJmc9qJZuSE
RnPy/HJ08mInuPaAWDFI+OggMc4ojsDPYokA3ZZ8o+HCWx70Sc5oEpr4DeojDuaKezTxxQUPRNoe
YNQ+EVF2I3JvfsG+VEJ0/+matrjiioNSOutiK7xsUU1ISlKlf9Gp9h9XE8vkhtFK/tn+AXhaAACz
EmWLNmqkGivRDksev1pjyyu8lomtEHcb/SpgETEX/r+vBqvZTSZMSQA8JxNLmo3q0z1ua7h+RbPD
es8G81HNP39I9oZnxRFgFEJsHxj1K594vA6OIm+JaAoUkSce+8/V6zgMY1y2JPz943RKoFK8HbBC
RyLimTmVWZIecTA4oyqXMOGqpnTOI8dpdyxYP9C/L5hPJuF0ByT3kFH5zJd9X9ONVG5UByu61aHE
BWcJOWciGg57PduXdH5kUBH5FmxBXZZU28O0VlCtQFYWVtmBseI9ijVO+zLD31oaV5FpN8e5diGW
rAAdew3s5ZSdCbtdzQe+iW+C9fG/vQ3VlxwBrBKi/LGVLuHRdyGdsdTuwdn0x/tElbGWzpMbXf7v
FJM29FBclj3dpUv3ZjQeQWpjgCgolQzU1sm7KM3AaQXLG/pAKQe1zo8ohxesMwqoPOqBMKCd0bGW
auOgAdgjvBazxkKOCr25GJ2wDNczGhhL2h/R25uFni9L30FNLLRimrp+RPjPkLGMIK5ELGi3ht19
IYBydxCaT7NipWghd0F6vA+wZ5O6odGNQCvC4kdQ/PYY3opMenoDQ0naEJHSHBesqlW+T+6zPOa+
kf9kMheZi+JMJoZgW42s6QVSDcmoAZIePiuYSei56gSZ0AvSE5Zw/ID+imK3V9u7aCpeC2GqrSRV
ZH/U8J4o8EVyyaNvtNkcTCZcl4uj3eJ2O+FXyzZM+VfUHULLD6Q+RWjh0cLDkmVg2X5WAgS+ZsxG
gIQNtmNP0OxrpNOeZ1GS7ALm/cmVgQSvNsD4OVPbULD8ZyuRGYsBKIsqSx5t+mOtofZ+LugbCnn9
bLy/1mwxBTSmONu38PfcuzWbt7p+JCIuM/fbHn2SZjeZ3GLBu8gdzcS0GlNM6u+3BPX9h9fbC45t
5bNIAt/soxnESjSsdl343rKoVZnbL/HAPooXL6JGJmIFxrtl/ruMhRaYkrhhzuhn2dJKAvP3VtqJ
b0c5fUujmZUnWuQNHquYXSL/IReQI+E3KeSchmokrLIMt7n9csyx4FG2bmXm+mUfvzk4raXDsXcN
aAfbzb1b0wWq6y3X8OxJyeUynQAL3172i+uY3kVmoyso9vxH6+fOf+hCQe6y9KfNelzQ+1LfBiaD
Wp37cH7fqStDFOtiK2WxKH9jtcCC8gRja7WejmjBvRBK3sHM4OkxyyqSj1n2O+f6ZTMJYxC+FGGz
/DxicqrGRFDSNmD4WV195AgoDDG2wWFPCWpCFUHn5y4NGJ0fn8gFHKr4HewopyPw+HYbKGl2XO1W
M3/IcscXZ3myXDOo9IT1Vob3yuk/PBBhMjkR/Iaz3QC9Z8sqHkWqKOXTW1InV6/jYtWVOWDmsigJ
m86+9FPwAxwrYbbCwrMHWHj28eEobK864jdlSZSnzh4xrFhCN4DvNNcDYsvEooqlIFZXrlZ7Z+/H
ny7J87/RW7pUC8g+Xb7YW2cNmUvF7ITnJr+EOFMFVFIf6RZAi0mWgIU7w2FrXygsphJNIcouqIKM
q69v5Uc4JjL7TjU8ttYvIPqN1ber1bXqb+9HRwyL8to7YpX9kipMRbTbV0+vzGtvXJk3+gd+/Z8v
8yzNbzn8vqUB57f20Eiruaf1eiEKfIcCo8oN4X9krZ7BCCtqOUpoZg4MFZQHUZq8frAQ+xNP6O3F
qN8fDPZl6ZolAFZylD+2Uvuy0ovUhMe/y4zmOApC6d6y86XqNG5rrJcgK+TxHrtioVhYM5IPbv0h
A11VKXaBFmdzZgGShA0J+Jx6c/yyMRP4yznY/5LFSgmIEQUr/m6FjeHeD9xqPCvahn7TZ5Zk33Pu
tNr7QrTiCCAKMZ783c2K2+EKE4IWZzQITmgot3VZ4TbJj45inmDuLWKWXDJ3j+lLhS1UgSHRDvYq
bsYWrJvxgyZXWf1H777Tu719h47MJpNIZPGTVacEAjAfEqZ2O8mE6VMs8qOecd/9mNWwkSnDLiP/
49EpTtxcz0Vs7oliUKvaqsT0Y7Bkj4vq1xWPLzLfdXhMFzKZGIJZF0/QquZ5aHA5lDXydlyvfKZY
kjasW72QU0rrs7hh5ZOpn/5JFQr8lkY7LL0eX9RfM+oJazjOIFZ7HRXj/kZTEd0to8hp7u+r05Il
fiKHYuDHcYU4mxFB/we7TCaegvQHDfzE8Q4KWdNKDCRr7toq6lRVdELhpTf5cm8fvRUMoTE+lGYt
8QkttSjkcA071WQDumTJJwqJuFVBJtkem2n/nJnxYk45liUvZMlQC7Ycm9VezCmYm1SV0wx2Gxyu
XYJL/kNOfZ6R10tyiYvNfR/Xmsu/J/qvXGxOnsuF5ziEl7zY+7rdGIWWq3YN8TejL/a0MNCvtrkw
2yyYd8W+e52zs+Zu3uexjTNqZ1RuGpGO5cfOX9iCizwdn9YLuvGt41dVNmDVwq5+PcHkpVB6M7yS
za/VbxHtGlrR7RykX3VtIQ9umx0Hg9cVQFrQYHxxMd6bT0gUT1xYDDYAgjEtmKqRQsyd114ash7a
eH81tz+xK0XRqnbTXmc25M8E9PyNedm7aMrlWuM9tQjLNqRExs89WIfiA7VwJTdWkxPtjlERFnnD
2OEGv7GvKjFE2j4eXjGXJ9ncGkRc0TbMausITP4pEbqAcHRyQOQGBnJ7iSAAW8pOEnrLer1/7Q0n
45FHk4hmu2xacsX869tldRmFSa1uPFP91Ib5o4ROs/Hp/oAUHCcTQ5DJxBBpG1wQvCM24omX88zG
Zt3ZYKVQm6LZa9lrpns/4rNU8dvu/XXFYpHY8ktCZZqhMskQXorsf0SeQN/aErz/hF0l7lmAOzak
N+KEp55IfCMWmQWhtlC04u82arrW2ZWBryRt+rztwZ5mP2Bzl2pDs21bzTVuUPk2N0eoS5Ipduf3
GuYrSt8BAsMez5imZhwziBuaxc+d6V3JYf7eChZ0rt98fFc3QRUkE1J1Vi77fkZd9wc+iazsEfab
c3WqIIAlBxa21hZisIbHC8of0rn86s1nuwifB7csca3dCw1idf13Zc7qY5Al9Aw3ydhbmmSwRE1I
SeQmhltD0nt2GHjKXTzs6anW1h/h/OBUW6oEePLY40qywwLLCuiVyOSugw8Bl3c2jJrv/+ujigA7
KC+GzNtWnqbY3ZlKj/eMBrc8qUwYOh05euZ01Z+e+tNXfwY7xlo+ElGWiOCjucugEg3MtJRxM8CM
Tqc3WKyJcUW0YVZWwLzhM4i+52z5nu2tvaVY9vYKuuEhG4kwlPsIGRBs+qPL9v7B6N6c3vnJl8nE
KvvJjQxY1S9G49NDGwpiTqjP3uTchFuQqk2rku19iIIlOcuTWxpVt2BxfmjdgmQI0FGOHbSHj1+O
R1UkSNoQrWiw4FGz7QzJn/8MiKJbWk1gfyTB0EJsj+TT3w0McPH7xtpPf99BUhrxIKAPvv216Rum
w+6v85glO+ZA9sfFj8BR3CcTS6TK5Q5QdS8BN4dfA9i6uyEjv5mz4+/D1mDtWrkfaEALJcpkMoLc
/Cl7pWq5Dtdhgor4LIIpZ2n9DBjj9n037N7sR629XV2c1v0ZY9NY8gmLnHZ7MjFL396c5RqXcSIq
n5taZNv9txuDqivhebC3AKa4TSZyRU+sJNimB79GrRc5T0AxgW9uNV8cR5IlDDfCl8eQWGihUvAQ
jCjjNEitiW6LXI0UrZ+hX7PEyaRS/kbdTgPzCwK8emRF3jvcYeV9JPY2S38W7PDJANe1b83BG8QN
Q2MQ7PeagqxK/vH8w0Ah9/inCaADq6vsJ1O/GDfiudpkNZWrDBtg/eDH5bj6Ue3ZuLwikLxO+Yzg
ATuTZBI9O0s4uWYxcZrE6R+1Okfw4/80+6TVbDn4QECjWU5n7CWLZngdisx/ifsU0X5P/QkmebsJ
b6mraQ5/W/0O/Nt2h/JfSlbPd4btSe74zSb+bnvlU63hFP8dTMka3lIQBayOY1YvnaHTbiHxbg6V
WA94CjS8plEk8sjDpopzbHXqzTlTJ/2kL6H3gXzwg4669g5gFS+bEha91++kL9uSgqNpofCZuj8V
CXAtaQISZaBCnfs4plNcx4tYl+Lz6ZR7eZAtX0pBZ8VijHrKMnS16UtZu7iqpo42+1J+aLKipYz5
xiN48tPLs/PjGyQp26z/O2fJUpenSYkHgLQw+LsR0zQFd+i//Iv8D2ooz0Q9pQumX1xwdlfH038o
VNvLAZLuobtfxxZScFJVBvEtBP9hE0PhlhTrJIvGMsSTLJ4RbAN44hRYXZ7IPqA0vofHIoExEoim
KSNFFRE8DQhP+xERWG42pxmeVhSJDM+k4pEX5PjhFrB/YPTI61qETB8XVOWZ0ikeHYTLrlJ5AJKb
MHqrjg5SvAifquOPuCwBlIyHRIFbAsaX7K5kd+izqZzIJXci+iUj2NmlCcFaDgEsniqzRAkzPIhJ
4r6bs4jk8QzyXGDQmERo2orZ0SQi5NnnuVwPRjIBpUQ+ARYED2dC4fFkqxQPNPLVbSkqJGUUGEN9
BkwdxoV7mXmMqPO0kBIiZ2XDRYM+IvKwIryRzvPMF6hNdZzYEZnU9ClCUup7krD6NwEwwMf/6U9/
mtSkoMdBIO4INj489ksHR7LglPwdLROfkSZaxM0jgr5UvnoqzbU4IQu358FmhCdVQR0hN3dJdM3i
89q6y9uG7M8+Q9YFBgLVTH0fBE2VNrCWof5vSchomifqoDJA4zIUGuqK/TunAdbijC/g2QUNckae
60LB/b1A7qpEaFdyrLwOWpjNWHIEt2XZl3noQiWBkR2ny8i7oektwQ0QwKwa8oGPKWgKLb1Aio/N
EwFeCpQJj6cHRGYrRDsIeegVHrkEQOSJV1g3ECyQFuYRGBQ+ophfS20DJjC6RNxD68wYVANAkoYc
lcJh3WqB3k3RdPEZNNEDwrNfoPqyRL6m9umQFlR5mTwHDDk0o5asFgmjrpEeSVZV06XSOJI8kmfC
+Wr1oFSC3CQ1bRDoNOrfJJRnoMnP7g/MtqgNB2skSfJYH+6lKkyeVAeyaVxSudBG5UlUvmofdCG4
D2KvlwBtBG1OQEWDdTUMQ4OH6+qh0tIgRIDrT5aqjb4JhAvWg4kAUXRoByHPsKmHbEbdZQY1Tq5V
VTdl5fIUecvX5bFsd1zWvLQoaMN3dcWoMLJUIpxyuX0VYQt50J5QJ7jpIpWRg7ZybLVkJkBRuHxY
WgUWNJNi1qVoR6SJKKB06ZHVaVD/3yPAzOox+TEC/5j8aSZiKYL2pqVIml1KwH1gGGV+KRCWWpVK
eoDPsklo4dJf9iCebBTqwD30Ll4OgQj3CyLsnnm59LxCyauaIwau8ml270Eaka7gKK/14eb0iNy8
fXdNzt9dvLshx+Px+bvTazI+vSKQoL4/vTog8BC5+QBPnZLPbz+cn5Lx1YfR6fV1o9r+11bGmCVc
yNCMPjhFeN6cSW8s66L0sw5UOyQHvnQr8pE6fougPKxkhaOtPALfDIaEaH/LzpR9QUKIoTDCx3Rh
krNiAl535cNVMJJlyLE5jPjyhcbDp9EMdI8AlBYzDxMDVa8ortKqerfEAJbF4nQFtd3UWNMX60XS
yNsa+YwmLjSKuieCQKWq0vesr13ZylAc/RbRb+EpjjTKZRpiSgIpWg4W+OKgCAdVEyyMUEXW6RR4
KbzhqvU1yAfl7pW54+mjeeCXsnCIH3cRWcmfKsaxFB+A9ppNjRVKO5N+4kF8lKajOJTYpokIizir
3tZP1E3DNDWMaLQmH9gGWWNSlnVcF6mjpwb+A3XKqTRkPw9jlWepZI7oG3W8UejrBB/SL0jZpZgF
Ajwa845BU6drKhjiNR7SOYeEHWwwzRm6hWwOWpsVeSf6KyxtJdVBoUiVHuj0sqGkwUd/s56wG+TN
8+g2LWQf0RipPMxDCK/y9M+it4CKJKrTpKRY1Su2F12VssU8tDFIu2MtkSywjvlwDvG2U2rsRKhb
VZvGtAh9nuKvHi6akOKlHzSRyaSh7kGHkJXYTkAUmaZA5oi1B9Kp3EJxifVpufIdhXCFDl7T9anw
FCXjw6tEFysQD04q+D7O6jE7nER6c60jHSAgK5uLQGWXLs2go4tJuBQZEiYwIR1ipG9TfSB9VwUW
l5V5popsz0wtFbfQrSbLDJkfkLpjKFAqTxZczwphwG13e9prr1JY2YPF7NFXyLFXI3N8fBmIWqwG
eQtpINjSS5nXkdH44wG8CzK40L7uuA9mL9ME5T1L/nXJ/4j0iox7lYynsnaMZxvk2AdHNafB9BDX
xcoegs/AhnVRUCjB4Ro0MKMhroKewczshZzeo1fD7JIGDYJCfBxH4yLPXnUFsRuBQt1B0MQX8ziK
6/q60rG50K0u5d9ZqU/MyAs14ohekS1Bxq7MwwitnWFLvfSiQcb6nYAmM/kC1X1SbQuyxGlCZwgB
dALVlsaBzFewowkd/wAbO01QT6OA44CKPjoY+nhpRi5uPkpJU4CEsN08I9hTl6pcFaf6FY3C14RZ
Xse3jqS0aOU+c/PZUdFX+W/iYB9FZ2pzaKryPtEd1VR1rdGSo1SowKWtwUFmyjkpbqO5EKnsfhdd
FFZ0QqUH82lGSUoXhafEMZJiGAnvGb1XEEyOCqqERY9MYP9Y9YPlKNIv5Isr7tHqE/LuhDz/8vHd
yQvADCYPMsDzd3gicqKWEINhYNclgX5LY5X/gSUI+Yis7Ags/cvr84K/7tYYlF9kYTiWJIMmZB/Y
v5VhWGITxTiJDiHWMI8sFu7x6bJ+n3PfMEQKeQp4N0azwm8CfnXQcdEDkL1HLSnYDWOqexYJL+Ax
ke+C2VzQJZgM9iLxI0fdIceQpuOA9MX14p4qMl15wGJczBwruZGDHcre1WHrShnyWW3ceaoHXTw8
0lH5Ov1OXb1zRGJIkhY8wGKUH9c+SpeCgQiPFC/6CBG+FlTj4UHxlDWmtnZ8Smn5OBQ5NuGpCji6
RWNVah1jgEUXJYciwA7xt4yQ8PKVjJfGyxJ4xFTX12WKmas2QJaDdTLEzQuDlzYux/CsyKvgY0El
fHBEhFZFBSyeDB2EQVBbJ2VzvZg0weO9CS3aHQhbvIx/S2nasjHjwEA9j8GAWWrYpDzsUBYkB3/N
tnkiC5P7OqbSA2F9sgQ1TdRB00SjI3ogpYjg8h0LOvCrkxZ5RmYJrnIrq2c1WFPWUONhFWnfdEe5
7KaBn4RejNJNLOI8KIxRX2Aok89oj9iW/lBm+PVYezEMJuiYINrp3FmO56rhqSMdxXE0TfYaFVkF
Qa0vPE6sHOfwV/WG9l7HvUorpLK52eR4HuNOj4ZGoJXV1VRG+eRcoGakKA1c/d/gQkoMnmwZYr8n
xTVBKSBMV6JjZ07fJ6v7EoL0YnQ2S6D/rAbK9KiaGjzAU91vq/ikfNCCP5x8OMJRTO3zVehDp3DH
VHJNoencyRJTKfgKgKQ1jJFtiLRlzSvTVMp5UKmgUHVfGxMEeTwrXYYqM0eUdGFWHaTdEdqJMWp1
AP4xntMDghspyPiclWkYuN4pSyDVrntqF9wjfbcIVypYUGsUTM+KGfE1h5QTQrn0YoWz0Ayl5tX9
oowHmlZYTVVnPFz5ah2AkSk+jy0BXTNqFh0mFiiH9/RLxVBuY1WAvmOWUNTm4yFeu22lXdUqjIET
zQPYZ7o+iyGSuSZKj4G9HJ04a4+Bw83QN/Fl5sinJSPofgAQNdWAHqgYOVA+DvhpF1lENhpwmupu
CWSSNIyD4gpzHpBR6+qoUJq6B3aLo1dH5J8yWYH4eSCHs/6FTGWPYxUmzSkQCQMTx4T7etSgmJ6S
wwHrIpYM6DJCpzJBlr1N3OkCZNXh1hRflStlUD8JTmhhVFDRa1XiEcFpraPWX/sH3eG9c9C+bx+0
/ur81ceESLbz5zjf7qFzfTloKlesrjrdFyrLU9MLZmddtXCMLVDHeiRNph5yKAy05i1xUiX3sjwp
nHLRQ0nKiQnpcYAPhCpPzgOlRYXVi0kNsAWVzj47k65GFiWft5jkMlNQlK8GpS5zSyPpE7Hs37J7
cHyp7tx5t9g9SGVHBmrE5ZCYL1USJ59DvHIjcX3qtGozCqXkD8lIUvrq2kGN4XqglOsve+XKl6Na
Hz+gw/UZrgc50dyk4PxS5NPEoonwqy+yCHdRM6g4UWkR8iQwr325GcrqesoDucpzRZmFsXk5h/Bh
XnNoZQuT8C2VU/vldeiq2TKThqkYyO+btNizYV+xqR5dsN6Ufj+1SZChhCblenxuSbBM/x3giUDF
L1LeysQtiyC8W4iXVM6VtvR63O88Vmusu3Jrn+8Bd82n4fI+tOtUoDStZrPtOC1cDzs++WAh9cVX
KUmVCCRuqwOae5Sm1oPXHBv0lwsLYkUCuMRusg0LiHe4rYVFjPVgoT6v0oGIhALPbeNaRduvMpnK
M46H7uAOCnLJF5+58kR2zQUX0EiWxYEK0iH5rnxDVaqXLONMSEJbPj/zH6iMW1qWddM2SdBHy6X7
neXKlgpx/oE514exHN5ZvfDrr/8P4ToNKA==
===END CRASH DUMP===
