PocketMine-MP Crash Dump Mon Nov 8 19:10:19 +07 2021

Error: Undefined variable $remainings
File: plugins/MuaVeSo/src/S2T/GTA/VeSoTask
Line: 41
Type: ErrorException

THIS CRASH WAS CAUSED BY A PLUGIN
BAD PLUGIN: VeSo v0.1

Code:
[32]         } else {
[33]             #Chưa đến lúc hết vé, hãy tìm xem đã đến lúc gửi tin nhắn chưa.
[34]             if($diff->i === 45 && $diff->s === 0) {
[35]                 # 45 Minutes remaining.
[36]                 $this->plugin->getServer()->broadcastMessage(TextFormat::YELLOW."[Lotte] $remaining cho đến khi hết vé! Tổng giải thưởng hiện tại là ".
[37]                 TextFormat::GREEN.$this->lm->getPrizePool().' '.ConfigManager::getCurrencyName());
[38]             }
[39]             if($diff->i === 30 && $diff->s === 0) {
[40]                 # 30 Minutes remaining.
[41]                 $this->plugin->getServer()->broadcastMessage(TextFormat::YELLOW."[Lotte] $remainings cho đến khi hết vé! Tổng giải thưởng hiện tại là ".
[42]                     TextFormat::GREEN.$this->lm->getPrizePool().' '.ConfigManager::getCurrencyName());
[43]             }
[44]             if($diff->i === 15 && $diff->s === 0) {
[45]                 # 15 Minutes remaining.
[46]                 $this->plugin->getServer()->broadcastMessage(TextFormat::YELLOW."[Lotte] $remaining cho đến khi hết vé! Tổng giải thưởng hiện tại là ".
[47]                     TextFormat::GREEN.$this->lm->getPrizePool().' '.ConfigManager::getCurrencyName());
[48]             }
[49]             if($diff->i === 10 && $diff->s === 0) {
[50]                 # 10 Minutes remaining.
[51]                 $this->plugin->getServer()->broadcastMessage(TextFormat::YELLOW."[Lotte] $remaining cho đến khi hết vé! Tổng giải thưởng hiện tại là ".

Backtrace:
#0 plugins/MuaVeSo/src/S2T/GTA/VeSoTask(41): pocketmine\utils\Utils::errorExceptionHandler(integer 2, string[30] Undefined variable $remainings, string[79] C:\Users\tungnguyen\Desktop\AcidIsland\plugins\MuaVeSo\src\S2T\GTA\VeSoTask.php, integer 41)
#1 pmsrc/src/pocketmine/scheduler/TaskHandler(137): S2T\GTA\VeSoTask->onRun(integer 35961)
#2 pmsrc/src/pocketmine/scheduler/TaskScheduler(179): pocketmine\scheduler\TaskHandler->run(integer 35961)
#3 pmsrc/src/pocketmine/plugin/PluginManager(654): pocketmine\scheduler\TaskScheduler->mainThreadHeartbeat(integer 35961)
#4 pmsrc/src/pocketmine/Server(2389): pocketmine\plugin\PluginManager->tickSchedulers(integer 35961)
#5 pmsrc/src/pocketmine/Server(2152): pocketmine\Server->tick()
#6 pmsrc/src/pocketmine/Server(1992): pocketmine\Server->tickProcessor()
#7 pmsrc/src/pocketmine/Server(1586): pocketmine\Server->start()
#8 pmsrc/src/pocketmine/PocketMine(314): pocketmine\Server->__construct(object BaseClassLoader, object pocketmine\utils\MainLogger, string[39] C:\Users\tungnguyen\Desktop\AcidIsland\, string[47] C:\Users\tungnguyen\Desktop\AcidIsland\plugins\)
#9 pmsrc/src/pocketmine/PocketMine(344): pocketmine\server()
#10 pmsrc(11): require(string[94] phar://C:/Users/tungnguyen/Desktop/AcidIsland/PocketMine-MP.phar/src/pocketmine/)

PocketMine-MP version: 3.25.0 [Protocol 471]
Git commit: f48b703533e0ced4e8ff9e118c5fe3889ccaf23e
uname -a: Windows NT tungnguyen2-4si 10.0 build 14393 (Windows Server 2016) AMD64
PHP Version: 8.0.11
Zend version: 4.0.11
OS : WINNT, win
Composer libraries: 
- adhocore/json-comment 1.1.2@fc2f76979f0a44a5f5bc2a2b600d0762fe0e78e7
- daverandom/callback-validator unknown@unknown
- pocketmine/binaryutils 0.1.13@0abee38d4e2861621f262c79a2a3d699d8a697f4
- pocketmine/callback-validator 1.0.3@64787469766bcaa7e5885242e85c23c25e8c55a2
- pocketmine/classloader 0.1.2@9757928424652393b178a3760073113aa7c9911b
- pocketmine/log 0.2.1@830b44a2cf96ef703c550abe64302f230231ca49
- pocketmine/log-pthreads 0.1.3@e477ecf6ec214fdd4415ea1da3fdd9d73bf699ea
- pocketmine/math 0.2.6@43057cb8c179a9859677b496a788db922fd5cfc3
- pocketmine/nbt 0.2.18@9f82ca4d7f97fcd9a566e44b63c4f18a7657ae82
- pocketmine/pocketmine-mp 3.25.0@f48b703533e0ced4e8ff9e118c5fe3889ccaf23e
- pocketmine/raklib 0.12.11@9cce458b8bfde3e4dfdbf70c659fc7b7fe26b5c4
- pocketmine/snooze 0.1.5@70b5e7937a06878dd321a3182ceb76d56298f2cd
- pocketmine/spl 0.4.2@6b08b7cf8c4afa17139c9a1b3bf1b408531de161

Loaded plugins:
AcidIsland 3.2.9 by GODSMineVn for API(s) 3.0.0
AntiInternalKick 1 by Jibix for API(s) 3.0.0
AntiTNT 0.1 by Adam1609 for API(s) 3.0.0
AntiToolBox 0.1 by NgLamVN for API(s) 3.19.0
AntiToolbox 1.0 by FaigerSYS for API(s) 3.0.0-ALPHA4, 3.0.0-ALPHA5, 3.0.0-ALPHA6, 3.0.0-ALPHA7, 3.0.0-ALPHA8, 3.0.0-ALPHA9, 3.0.0-ALPHA10, 3.0.0-ALPHA11, 3.0.0-ALPHA12, 3.0.0, 4.0.0
AuctionHouse 1.2.5 by Shock95x for API(s) 3.0.0
AutoClearLagg 3.1.0 by Twisted for API(s) 3.0.0
AutoFeed 1 by Ghast Noob for API(s) 3.0.0
AutoFix 1 by Ghast Noob for API(s) 3.0.0
AutoSell 1 by Jero, Cur for API(s) 3.0.0
AutoXP 1.1.0 by JackMD for API(s) 3.0.0
Badge 1.0.0 by YTBJero for API(s) 3.0.0
BanItem 2.3.3 by LDX for API(s) 3.0.0
Bank 0.0.1 by YTBJero, GhastNoob, Kaido Joestar for API(s) 3.21.0
BetterVoting 2.0.2 by Twisted for API(s) 3.0.0
BlockCMD 1.0.0-beta by kenygamer for API(s) 3.0.0-ALPHA10, 3.0.0-ALPHA11, 3.0.0-ALPHA12, 3.0.0
BlockSniper 3.2.3 by BlockHorizons, Sandertv (@Sandertv), Chris-Prime (@PrimusLV) for API(s) 3.2.0
BossPlugin 3.21 by HmmHmmmmm for API(s) 3.11.0
Broadcaster 1.5 by EvolSoft for API(s) 3.0.0
BuilderTools 1.2.0-beta4 by CzechPMDevs, VixikHD for API(s) 3.16.0
BurgerSellWands 1.0.1 by Heisenburger69 for API(s) 3.0.0
BuyKey 1.0.0 by  for API(s) 3.0.0
CmdSnooper 1.0.0 by HotshotHD for API(s) 3.1.1
CoinAPI 2.0.9 by onebone | Edit By SenKai Official for API(s) 3.0.0
CrateVH 1.1 by PIG for API(s) 3.0.0
Crossbow 1 by SonsaYT for API(s) 3.0.5
CustomAlerts 2.1 by EvolSoft for API(s) 3.0.0
CustomWing 1.5 by YTEsDev for API(s) 3.0.0
DEVirion 1.2.7 by poggit, SOFe for API(s) 3.0.0
DLevelIsland 1.0.0 by Nguyễn Công Danh (NCD) for API(s) 3.0.0
DancingFarm 1 by RicardoMilos384, DontTouchMeXD for API(s) 3.17.0
DevTools 1.14.2 by PocketMine Team for API(s) 3.13.0
EasyCommandAutofill 1.0.9 by jasonwynn10 for API(s) 3.0.0
EconomyAPI 5.7.3 by onebone for API(s) 3.0.0
EnchantUI 0.6 by UnknownOre for API(s) 3.0.0
EnchantVipUI 0.6 by UnknownOreforsource|RBpmmpformod for API(s) 3.0.0
Eternity 1 by minefore and shin1134 for API(s) 3.9.0
ExtendedBlocks 1.3.0 by Javier Leon9966 for API(s) 3.14.0
Fishing 0.4 by benda95280 for API(s) 3.0.0
Fix 0.0.1 by YTBJero for API(s) 3.22.0
FormAPI 1.3.0 by jojoe77777 for API(s) 3.2.0
FormImagesFix 0.0.1 by  for API(s) 3.11.4
GCPClan 1.2 by InstantlyTa for API(s) 3.0.0, 4.0.0
GemUI 1 by WoolChannel3295 for API(s) 3.0.0
GuessTheNumber 3.1.0 by SalmonDE for API(s) 3.0.0
InvCrashFix 0.0.1 by  for API(s) 3.14.0
InvSee 1.0.0 by BlockHorizons for API(s) 3.0.0
KeepInventory 1.0 by KhoaGamingPro for API(s) 3.0.0
KeepYourXp 1.1.1 by ArasakaID for API(s) 3.0.0
KingofBlock 1 by YTBJero for API(s) 3.0.0
LoadWorlds 1.1 by shin for API(s) 3.0.0
LockedItem 3.0.1 by ytbjero for API(s) 3.0.0
MSpawns 2.2 by EvolSoft for API(s) 3.0.0
MaxEnchants 1.2.1 by Xenophilicy for API(s) 3.0.0
MenuAuto 1.0.0 by JeroGamingYT for API(s) 3.0.0
Minion 1.0.4 by phuongaz for API(s) 3.0.0
MuaPointUI 2.0.0 by JKPVN (JakayPluginVN) for API(s) 3.0.0
MuaTuNhanUI 1 by FurryJaki1992 for API(s) 3.0.0
MultiServerChat 0.0.2 by tungsten for API(s) 3.0.0-ALPHA12, 3.0.0, 3.0.6, 4.0.0
MultiWorld 1.6.0-beta5 by CzechPMDevs, VixikCZ, fuyutsuki, kaliiks for API(s) 3.20.0
MyItem 0.1 by AnhKhoaaa for API(s) 3.0.0
NVSSP 0.2.1 by YTBJero for API(s) 3.15.4
NameSpaceRemover 1.0.0 by JackMD for API(s) 3.0.0
Napthe 0.0.1 by hachkingtohach1,tungstenvn for API(s) 3.0.0
Netherite 1.2.1 by Wertzui123 for API(s) 3.0.0
NoAdvertisings 0.0.3 by YTBJero for API(s) 3.0.0
NoFallDamage 1.0 by DeveloperNeb101 for API(s) 3.0.0
NoTP 1.0.7 by awzaw for API(s) 3.0.0
OffHand 2.1.2 by alvin0319 for API(s) 3.0.0
OnlineTOP 1.0.1 by HMMMM for API(s) 3.0.0
PCEBookShop 1.0.3 by Aericio for API(s) 3.11.2
PHP-Sell 1.2.7 by Muqsit for API(s) 3.0.0-ALPHA9, 3.0.0-ALPHA10, 3.0.0-ALPHA11, 3.0.0-ALPHA12, 3.0.0
PM-Beacons 2.0.1 by jasonwynn10 for API(s) 3.0.0
PiggyCustomEnchants 2.4.3 by DaPigGuy for API(s) 3.19.0
PlayerVaults 3.3.1 by  for API(s) 3.0.0
PureChat 1.4.11 by 64FF00 for API(s) 3.0.0
PureEntitiesX 0.7.0 by milk0417, RevivalPMMP for API(s) 3.19.0
PurePerms 1.4.3 by 64FF00 & ProjectInfinity for API(s) 3.0.0
RankShopSystem 1.0.0 by zZPROGAMERZz423 ( Edit: PhongGremVN) for API(s) 3.0.0
RebirthUI 3.0.0 by YTBJero [Edit by NCD, Ghast, CurlliestDrake66] for API(s) 3.0.0
Report 1.3 by ImNotYourDev for API(s) 3.7.0
SETVIP 2.3 by MCPEVN TEAM for API(s) 3.0.0
ScoreHud 4.0.0 by JackMD for API(s) 3.0.0
SeasonPass 2.0.0 by TungstenVn for API(s) 3.0.0
Shield 1.1.0 by JavierLeon9966 for API(s) 3.7.0
ShopPoint 1 by S2TwKen for API(s) 3.0.0
ShopUI 1.0.0 by SaltyPixelDevz for API(s) 3.0.0
Shulkerbox 1.1.2 by UltraFlappy for API(s) 3.0.0
SizePlayer 1.0.3 by  for API(s) 3.0.0
Slapper 1.6.2 by jojoe77777 for API(s) 3.0.0, 4.0.0
SlapperRotation 1.2.0 by jojoe77777 for API(s) 3.0.1
StaffMute 1.0.0 by YTBJero for API(s) 3.0.0
StaffTable 0.4 by GigantLeyKey for API(s) 3.0.0
TableSpoon 1.0.0 by CortexPE, Xenophilicy, HyperFlareMC for API(s) 3.0.0
TimeCommander 2.2 by Zeao for API(s) 3.0.0
TokoThirstBar 1.1 by Rand for API(s) 3.0.0, 4.0.0
TopVoter 3.2.0 by SalmonDE for API(s) 3.0.0
TradeNPC 1.0.0 by alvin0319 && FunkaDev for API(s) 3.0.0
Trident 1.0.0 by brokiem for API(s) 3.15.0
UIShop 3.5.4 by SaltyPixelDevz for API(s) 3.0.0
VanillaBlocks 1.0.7 by xSuper for API(s) 3.0.0
VanillaEntityAI 1.0.0-alpha5 by jasonwynn10 for API(s) 3.0.0
VeSo 0.1 by LousWiteMC for API(s) 3.0.0
WorldProtect 2.3.8 by aliuly for API(s) 3.0.0
essentialsTP 1.2.2 by  for API(s) 3.0.0
iProtector 3.1.1 by LDX for API(s) 3.0.0
reyyogaWtrhit 1.1.6 by reyyogaMnelux for API(s) 3.0.0, 4.0.0

----------------------REPORT THE DATA BELOW THIS LINE-----------------------

===BEGIN CRASH DUMP===
eNrtfYlz2ziy97+CdbZ2nFeWLOqWtzIVx0fiHR/6LOWYGU6lQBKUOCYJDQ/byr75379uAKQAWtHh
KPNevdrsYbFJNH59oLsBguS/93yeRDT7fM+SNODx3lH7YC8LIrZ3ZHVb3Vav1bYG9UFj0O4PDvby
mTrVbzTrg1az0bT6nW6r0T/YC2manSUJT/aO/r2XzWdw1Z44Pnt0GTQD1gd7EUtTOsFT72OP+UHM
PHJPk4A6ISN/T1hEgziIJylc6udheB6EeO3JkW2/TwGfbWd5PIkn+ZzFtn3K0ruMz2z72A28izSk
sWfbszCfBDFceZXTD2zEbTtNXNseNce2/XZ8bNtIHNP0rj6bzrAb2YVqdqhaHUKjQ2hzCE0OixZw
dQiIQUMWqCihLvz8de9Fg2zSeL9tvTwiM+7esSwCLradZ0EION/jn6MjZqjqHcgSsmQ/iDM2YQlp
HpA0S0Azv7Yav5HVuisv7Q1+I99NdQekwAaCgWZeWGQWoeD4v4WYh6k7ZV4Oshxiy0Iuq9UDbTzl
XPuRx7d5XMrd6gy6kn1zE/aj4mjf6g0q6i6vtG0NSe3HZGl3reXdSRUdDsWfKxqDLyf73U57dV8l
rNqPaKTxNGHUe8dokjmMZkt6by/vfcQSGKX7zVa/KpzEZdsGsNqPWeAuOk+XdNRZ3ZHVaVY6kmck
533BoruShTUYrGIxTLgLIYEnkldvNa9Ov/sVXmkGypQ8+st5DMXPK/i537LaX2Hz+bPLYxg9uZvt
c+d35mbkDU3ZCcS29JJTjyUHRNGXjOQrsO0ln0zwqmK0bjkEy4bt3jPHrtDBYL0O2k98VipZjuWG
ZLBvYdBK2B95kLB9BW3Q/o3MpjQ5Ojw8OToUAA8X+A4VvMMFOq3f2tWwjm2ryF7u/fbnwR7bZfp4
VlwHELLF5yC+5+E9i1icARsP5HezveIsULAxHLvcY4i41QQaUf/+JCxMGfk3nG+1NDr+e3EytfOG
5TQowb+WZecWc/yYhHDY8KlLppKSkXuksMEBUuBHa04y8cONyCOLyuZ46mu8JkhhXkCyICax4Ezh
vFtgqCPEdgVi4O//3Qt8v/ZjQF69ekXaHfKPfxBFSgWp8VJK16k0FRJiAzB2nrGUlDYRPXWXXP73
bBqktR+lYms/TlimhvvL2o9OAoPOhcLiShp+f8wes3NRrxwd/Xx2eXnzsW7v/XrJs4z9pjkACMgr
KrmbBk80+zcyRorXgRaTQCinBapSyhGnfDg1FafcXoz6h2usQCqYNYi9J+TqLZFLh/r29uzsuq4k
DSMh5TAJvrAh5+H+y/oP5If6CY/9YKJC99ERXHGSJwmL3fk1jdj+y5f/xJ76lZ7+ROJgjQFbja8Z
sN1YakBosNSAbesvMmD6F1uw3Vwi2HezYru1xIrtdcPQ+uowbC8fhtZXhmH7/+gwbPf+UiMuG4rt
dUPR+upQ7CwfitZXhmLH+r9oxD//M7H6z8TqPxOr/0ys/jOx2tnE6mBvwmKW0BDnKTHF5bs9oyEA
c8AYixXAvVa92ak3kJ4Hobd31GxYrYO9IP3ssfu9I5/C7AamQgnPuMuBbbtnQScBTpT8dt/pNVqd
Vos1XOa1Wd/3B8yy+m7HZ61+f+C61G+2GPDOFZaPQezxh5Rcj8lC2matnQaQ/OoNIjAQq90atMh+
cbF0LALAui/J8dVpt42Ts+kM+PXrjbplweEXFgP2vXZxDKc/8xR7vLi+HgNBHDwEsZjHRTMOGv8c
Bk4CsZ+lqC3qTUHChB3+nvK4Bteo6aBVt+rN177b9HvdQW/gN2i7TTt+x3GbtOl0Gw2v0es2fdZg
vT7rAXuPAlqwGI8OXRqGDnXvavc0DDya4YwXdHEX84f4tfqLYBc2dIKYJnMxFuBSEKZutV43qMNA
oaDhZr9rdZuW3+w23d6ANmnL6w4GXp8CNL9tslrauQUKar3utnv9XhvadLuOS2mPdfr9TrPdZP2O
22y5zQ4DG3Zos8IQR3AoRrDC1nw96HV6g2a/3Wx3O02wmmP1+rTVA7X0WpbVAt7uYGBZjskp5BPB
oVm3XvdbDQc02nT9QZf54E/QMwrcbbcaTXCfRrNluRSKrSqH2iwTOaBQVOs1a/d6zPW7zG1abd/z
2m2rA2WHR1twMPB6LccHbTFqsoKiaKrQdF9Dp52e6/RdyH100IcY3+s57UGX9vp9zxk0m77XcX23
ZbKInayQp/964PebANjr+WAT1xvQTrfL2m2n23LbvtWnvW6nR1m/otzFz1o0K4fl6y3GmMYsoXfg
21IvgMl6DZexdqfv9B3fYy3W9nzPAV273c7Ad3tOz2fNrtNxKx6Uxpx/YUq9nde9htNhvUGrRxvd
fq/vea2mRVsWSMucXtfrdJuDvt90vQqTWSg4tMFbuk4DxHH9vtumPrV6VmvgDqjlgGEsp93od1qW
x6yutfdnuTgjxuYiDGpxTSMe7BnxrI7OQvNsypMUq8u3N6cjjH8fYoyQdBYgsQUjoYHHLMbiDzhD
yoJQ57EZxBJsB+dS7menJWHvDDIbj+bHwwvoQMVVHrM5ssGiBLq/mg9DnkEeE39xuQkGDEbhm9H4
483t5SmQHpiTBhnKgEXwcZwFF1BUJDENf4J0rotYPaULaplC/itwgsdvk28hhWAGybHSv0zPmwo1
hsBryjIWoXghAviVKcSxRyOr2xjsSg7VaRX3aHx8O34/XI4a5oZv+GMVuaKuRH89uaTRh2sDvDV4
PnrFT9pBIbBtWUOtMwKk6Gnu1CGPHRawNAGdpQI6FQEtURdoAp7TAAqz0c+jqn1qx5fDd8cYPrTD
jnnYNQ975mHfPByYh1ajcmxVjpvFMU7Mv8VjShEXWnf4o3GwTvXTLJulUNhpJii5Hup80CBQJeNU
lecp0y2ik02TNOsd0ygjqFvuBp3HXca2i/j+JKHp9FyGFKWbVPVk21TimyI+0I2Jdn1wyDN+EsLU
7ZJOJobUOt0M6k98cfwQpBmItqNIkUl2KBpUuggiBBAom4lpW8srmMfpPMyjq5NDk59SxjljXkUP
grQi3L+d0jQj15w7O4uVqtctgjy2CB6ryIPH/wHgmK62wT1iYVgBLkirMixL+AE5yZNdAk+h0+2Q
fxpWcH8aVkLEk7HyL5gGXJ3urDgQ3OTQ+DTcDPySkSHZHCoJQLg31JvoQVAeVxJSVbSfx2/QLruS
TbGzbdH55oZ5Q+OLjEUGeknR8TfrrXrLxH95+mlX2IEV4hbdPtsqwKR2dTI8OyzwS+HuTMnuKoXQ
k1KoMMuBHO9iuB/s/UQDj5N/cYZLTYbYTWsHNnMA2BYmYxlUth94FsR6EjLIpvFggvcdctDeMJhM
5id5mvHoLHanNM7SvSWJyRHA7gUwsLMJc720IeTuEwgCmqQF6ckQq0Ff1BT1jsXzCbRLlpd+WxRo
z7RygRZEX+DeTOxRHMxYUpVcUatzx8r4FJe+40nwhce412AE802WZPdk/3XxE1f7TqZJkNaGSRAx
OIN/8/Tyw0vTx7f2DDWJrCihQKM0IeXYdF4glMLTdKg2Nyx0siBWVFIZ2u+iCP4L/8x5zroBvDcK
6UwqfJgn7Azq4CxgqYh+X7P5NIqm2BM4P6ADeeH/nxHTCsSHmoyohuIumekbGtUcGJW6++yehyMA
vqvwrXUMkhooVkxbC3EfHh7qDBAh93p2J+TDxVSW4Gwj1QXUydW5hRz6bVPSky/MnQ6vTtk9NvgQ
PAZ378xqwuo+X24Xuc8iD7iDnSW4DMGBFkyo29pdw31osBLKSXBGBtXXRyoQafoxz1SjY3U4sCBl
sSMadbdbuNDnXCsUZPaAWjEAbpHx8vlPbG6IKgirS6xdubfoa3OwJ5E3ijk3A7dGXFMXvuMZTFez
qp+C9Z7rppGXyq5t24CxXhIexGhiTQxFqZYXlXVLHjMH/kf+m5x5QUbezMmIxVBDkRvfD9yAhrsK
Paoj23YBGDAECUuE68VLaMY+vNPFU5TKrMQUbnjxdlfwRzwPP4p51C956NNpFJz/nmzhaQmkBYc/
GBIo0orp4AhSMP15XBGi83whBDtQvep7CwFE7XgcQtzUA5lBNl3N+r6pTO8ZBDJxPC+ZSSYfzVpd
I65M1T+Pz1LIArsV76Oowze10enZhyAR8Er0JamahHsm+hmf4A1XqD1vztmuZJBMbfteQLBtSL/q
lwZrzXL56SW7Z+GTGzMGeU2Yvp7kc7FLqBOTE7GTtR1PyCmNp2T/+uT05bPz6cEe7ndak1mvxf3n
Ex5PsEcQ3US+3qg0dsELzmmiz/x16or4cRu4NPH4VRDytNXHkuuUx9mY5+70in2q5K3e8y1tcAUZ
F+iMg43kZffVarIkVYJ9uzpXXmxDIGNGK5OH1jeIpwDgno77SqW4KsZodeIC2mHJA6Q9o+n8hEcR
OAMuUvmBsWK47GzV2Sv5/Hea8vhhHsdWY1fDWGNp20sgbR6gtLGjCakPqIVsnXqvOk9WJcTOKxIm
EYiixECzXiC5lvLekKekmetXXVOY93Jrxk2yM3kWHEGMAsQWxpFNPgSzZeJI8oYS+UDheeKy/759
M4uiGT4SyL3dy2mVggp4W8iK95uDTJ+nlKQV4RQ3G4AsjID3k3QaxJbVahtifcOd2IK5bUf+FpI8
ZsCJeWKZRg+alRNm2Gg9Xb2/D1hCLhmPB4Nu14yc7W9Zx0e+BVswl4FqczHPA1S3XpcVFNMlK6sK
DnRGB51mf2fBUHVr24v+11Qw5t2r6p2rFevaxrpecwdr11vdwCpKGw26oqxxpd/575z18N+3rUxq
CajkCDJIEOWPTUW5iOiEpRVbGPTVVqmsQ7afPcrzP1KsiTEkBqJvfxurvD0ZnkDlqAlRUCoFvmmT
izjNIEqG8zF9MhC+cTNDULDOKEjlUhfAgHVOjhWqtQtqUCdBsxmr34sV07csMvKPPF4RlD9CLXUC
OSBmYas56OxqoL/d9AaXAJ2zNB1P2XUeOcZiUuXEmv0GIxpGPD4929miheJn2yaOzQXTN2kspNKp
Wwybb8gjxbAJ4nsXexaDZvO7EQB4xJgpARLWzBzNGzO7WqQ0769IJNsI8xNjM2jF4ownegVj0ldu
svppyulbChXHZLi7+9oGU9s24GzucdjsZygeP80qoilidRtCdXcfeAe9oxc724lQMpQSSRRbiAPq
4L6wuS6PRl0R2na88eCnmzebA0d//MiT0LhvoRFXLrxiabSzLQdln5tvOMC5tzu7j+sZn0lhYPbt
VXZPaEQzLj+pyOaZ8/sO7aDY4ZgvEOi/N7HO1WhGH2LdNAXFXIRtft9FWNUpGKbs/XlLr1f0sdyX
oMmkUasLmBUTfWIxn02DMHDnuxJOY4meV0IxDjYyFotzXCzRJStIazIQDn8ZU5/cBXi+0VTfm8eC
qyA2l5UVoQq+MvuaTXMeT+iXna2JXx6fiju4svst8Od0yIPKOo1GrN4jqxrhp+GHa7L/L0gDc3lr
/8P1y53tdEPm4lHOreQZ59fgf1WBSuqKpHKeJ8kcZAnwkb+dTYt1pkKaAso2UoVZIB/Egno+MyQz
z1RrzkqUw8e+0ozFX9lGpO/jxr/db50CFf21tpRVZLWqmJJojqyu2jPRWbtn4uQX8aqreZ6l+V0A
v+9oGAR3ZvHabOxoJ0WEgB8QMJpcA/8tuyg0RqioeSVrK8LqRzziKRajlO4sZM433/CIqK8/jEb6
Flp5bGJubrLuY3Wev9RwHLLHN0mwRZzE1xFAInfZLYv4vTGRfXJqXeL6LtuBqyi2EW2WTZkhkCCs
WYubUnd6B9k34/jLOiiG+v3OyttKDygjAiv+biQbgwsTcbwQr6StKZw+siT7kgdWs7UriRYcQYgC
xrM3Cy+4HS5kQqH5sQeCZUEq3tCkSW6eqBq49dfs7TZRbOGn/JyG4SmNqLFP3SCvnNqf4u1l3DZ0
zRyrYe1KsApbFHCBaBvxxkZcxMNqJKlsTaAPX+jDrsQQzGw75tns2R4pAYEwN77/ztyWUFAqO2Gq
BQoN74O40bJ29gxiydC2AcJUvGlA/djEKjcxvrBsfKObZkFbtznxCv7t7p5sKF5ysKk/DU/O3nB+
N5pyfblIp1bRV8b/MQQUN+DVfcbN1ZtAvrKd/quZWHZi2xow4+AZXqh4HmpcDoVG3g1rlQePStKa
TUBXYpF1edX8/Icln7t2DYDfCUfe2Beuam8YxReD6LIviNVZnvXX7pxwBAx8qqKAs16iJW6mibbk
rClju+rtpxQavc3nO3t8uGAI3vwUzVLiM1y96ORwCTvp8yGds+QDhZmDoSCdbC7xtVbcp2h8+22K
mej5XvSML/sxcKw3e56wygy4JJlDuC3fRKJZuNs+P29s58CC+ZAl0ZIYtndOxXO36VA8aPWJ3Qc8
T4dntYKuPTjyWfYN8iqwi1/PMLoApd7XVbL5s/pgh6mhBd2s+nrVIikKwrtG28L4dwsi3dNweHU1
3NmoSCRP3PoCvgDAmAImNVLA3HoTmYb10JRXKUZa0VSKpFX9prXMbcg/CNgZX5t0EfuB2A2zo4Fh
+IZApP3cgXdIPqCFWxqLXDiap+a6QeXEmunrl1+Gtzdvj6/Obn/50m62yL7YHn9EhlMeT94mLNp2
BVAfwYutC7oKFtRiY/wKfZrSbJ4jb5kTJNnUWDdc0Kq3QZY/B0t+FY8KOHNyfXJ6QMTDl+KZ5TAE
X8xOE3rHut3fduU6tyyIXZrENNvmufFbNuNJZkgpCJXNK5VtEtE1z/AOX3Ujd+8ZD1w+shAfZkzH
/DRIXZ54WqjUO7JtCa34u4l0o7Pxhwu9WleEyoPAlfLuZHj24ZqMz453Vq5LlvheNtyBtxFyfP/V
u1yfNJUkHX37r1pSKnrf3LVGDMu6IU31SKsR19xNGKslpA87W0JacERLFDj03xuJNQ2YsRytCGuf
+9d3+G01asrp8hYbCCWo4u9mcvGZuNFjiFbQVj180xw//MR2ZqWyzy08DZoYoVoR1iSvEQ2zuQhA
EF52dvft/YWctm4OPg/vWGK+BkgjVv2qskbyPswSeo7P8+6sCNFYogMJJOJ1RxuLhO/1FcW8LtKC
uHqtYVd+hP1dYn8gRPl7I/jq6WgNe/m8tHm7qbnRls4d7B5MJYBnr8UtkB0WsiwEveUZzcwb19Uz
T55N3lDwZz/iWQGwhe9l1PevcmORf0H7a99ggl1uiXyMvVShS+LKHdxvgwlM8y+ZeIh4R/BT7Htz
/ALlaMYNR9KIa3R/AjUdexyeienzYpPKwd67OTgChKOEXZ18lz0rC4z67/U71sdBxNQzPka0MOkr
Nxr9wijf6TtnjL6//c0zpigoM7/j42mQpNkbashs0FduertVpcwu42MiVkARxEaeymcfuPmqiZJU
fQfJd9l6rJ7Awx73lm1DLtAsfm0kVkI9dj080cUqSGsGX3ljBF+Tf57Hd3SHz+gWILYIJUngMaMS
LShr5HASfhewqLo34NnQFT+wg+zftodXCyhr5ZC1oCaGIphO1qkG828oTDd8j8W2ReoHGgdhSJ88
PWXS19yhfBzlM5ZsKY75eNYKkSR32zYgVQ63EFWsGc6PL54KW555+q4mGs6m1d1HO7tf8vRdPctu
n1RA4pN/Jdw1+Ux8W0kTV35qacX+oUuepx+h/e7ysvkFhU3MJXZADROIka4eLwxy9b1v/WrwC/Jw
vrt7zMjNtsV+r5lEsMlLb5ek4as8SHycv+uvpC4+zpElDF+Yja8lOjSkxS96pSkupdMwNbYRGORq
Sd/8HpMwvUfbrvS/1raBEonrmVojVh8Tsr7v+/wWPX97YaVJAYImbD7nE/oxS6aB7sUmvboSUHmu
WF18FbMwf9x5gSWZAwxr06yB7w2nCQgCHlp57UDx2QQRz8V+1TqMlBnuA8IvAOy9GJZHRH4ViOCH
5ez4xRWPyTW/J33S6B81GkfNLnk/PiH4RVQ7lqxquDr8yhpYrXZJCmavcFMT/MeOI555rwws6rMG
dvwA8rFaGKTZKw5Tn5jGMc9jFwcdLh7UqDsNmPw6XfoKpgtxitv5a2qUg2VeWV3ogD6qBumrJnSI
y9sR99gr+O3zBNiVFNELKMLD1VV5NLufCdb4raLAzaESeNUEHuJbEuAutZRl+KLB9JUdh7jZqIa+
8uqSO868ZnUKYsqYV16B3/V7dXp2fvz+cmzH0vy1P3KWzEVPipBA5SAh4K/6jKYpxDDv1X+Jf6CM
POO1lN4z0eg+YA81L8CHGl32qm/Hjw5/rKE7itMhjSc5nbBXLJ4UaoLMFMHYl31IUsQddWy8qb4+
j/BN9S8IehpxhQfkiVgJEI5AQI3EMCG4BhlPWcpIoR8CE0aSTRnhMXhRNqUZcdGeGXEYCWI3zKGs
gB/kiQMirxGPoKWPDKo8U+qzA8Jxj12KLImTMHpH5jxPFC8S+ATMG0Dsxh7AtvgZQ0gKwPiaPZTs
Dj3mi7vd5IHHP2QElzxoQlDREQiLX42YI0L8vJSU+2HKYpLPJlBR4wepbHRBxezIjgl58XEqNv+R
jEMvsUeAhfoEC+gAZklpiPeH5GkBFeoiCoxBnyHLhL7w9TMuI1PxQSGkRMhZOm5h1iMivkaCJ9Jp
nnkcbSk/cHVE7D31mRCB+pEkrPY7xw8h8oe//e1v9p4AehyG/IHgUMOPXamkRu4DSv4fOiZeIzy0
yHdHBKOVaHom/FW1Ee8YwNFDwICgI+TmzInSLF6v3Ls8rWF/8RFqJXAQUDP1PACaSmuglvFzPiRi
NIWqCwc8SuMwBA26Yn/kNEQtToJ7uPaehjkj+6pTiEYvkbvsEQaWuF9VAyvgt3SOCMYE6Fs+Y4pO
dpzOYxc/rAR+kNyBW9XFBe9TsBR6eiEpXjZNoL7PwZhweXpARJVBVHSA4XFA8JMqIAjmCaEbCMlI
i/IYHAovkcxHwtogEzhdwh9hZGYM1AAiCUeOS3CoWwXowkfXxWvQRQ9IkP0A6ssS0cxjGAOFB1Ua
k32QIYdh1BRqEWLUlKRHglXVdalwjiSPxZfQPLmnUhhBvJQwrROYGKnfJAomUxjb+LjrgT4WleOg
RpIkn2WSKhWGiokAm5JLGBfGqPjSjCfHB73ngQewlyNAH0Gf46Bo8K665mhwcU1eVHoa5ASI98lc
jtG3IXfAezDVEkmHcRAFGQ71iE2oM89A42QkVd0Qyg1S5C2aj9FqD4HQvPAoGMMPNcmocLJUSOgH
4h0chOHTpcjGh5qx6FI6OVgrx1FLJhwMhXvFhVdgRxMBsyagHZEGSgG9i4gsv/byv14CrF1W4cfE
+23404zPBAQVTUtIil1KIHxgJmVeCQh7raISEeCjGBIKXPrDDuCJQSHwYLggrvicIiQiwh6Zm4vI
yyVeORwxcZVXs0cXioh0IY6MWjfjsyMyfncxIpcXVxdjcjwcXl6cjcjw7JZAGfjT2e0BgYvI+Aau
OiMf391cnpHh7c3J2WhUr47/pcoYsiTgIjVjDE5RPHfKRDQWuijjrAVqh+LAE2FFXFLD1x3KCCtY
QfEIUkJsBkdCab/mZ9K/oPzDVBjjZaozwVkygai7iOEyGYk+bjB9YMYXDepPr0Y3UDU3GG3GXCwM
pF4RrrSqbFvKAJ7FZulC1FZDyZq+XA5JSd5Skk9o4sCgqLk8DGVpKmLPcu2KUYZwVCuiWkHYjmic
izJERxLJL2O+PCjSQdUFCyeUmdX3gZeUN1qMvjq5keFeujvUETwPvRJLAPnjISYL/KlkPBPwQdBu
o6Fkhd7ORZx4kh+F60gOpWx+wqMiz8rW6oqa7pi6hVEaZcknvkGWuJThHaOidESTJdATuqFyZC+P
ZrLOksUcUSdqeKKw1ylepBoI7AJmIQEcQYaHoU6XKBjyNeQ86OEenCxNc4ZhIZuC1SZF3YnxCntb
oDooDCnLA1Ve1iUavPSresJ5jzvN47u0wH5CZ0gNojyC9Ir3EEgxZUBDEjlLkigWesXxolQpRsxT
H4Oye6YQiQ5rWA/nkG/bpcVOuTxV9WksizDmSf7y4mIISV7qQl0yUTTUXJj+sVK2U4AiyhSoHFF7
gE7WFpLLjOLshMg2UsKFdNBM6VPKU/SMFy8KXVQgfp6k4Lua1So/tOOYZWiwI5UgoCqb8lBWlw7N
3KkowgXkFL+ESlSKEbFNzoHUWZlYHFbWmTKzvdCtVJzCsJrMM2R+QGqWZkBhPNFxLSvAQNjudFXU
XpSwYgaL1aMnJcdZjajxsTEQFaw6eQdlIPjSK1HXkZPh+wNoCxgcGF8PgQduL8oEGT1L/jXB/4h0
i4p7UYynQjvatXVy7EGgmtLQP8R3AYsZgsfAh1VX0CnBRRF0MG0gLpKexkyfhZw9YlTD6pKGdYIg
3g/jYVFnL6aCOI1AUA+QNLFhPotnNXVcmdhcqVGXBl9YaU+syAsz4kpcUS1BxS7dQ0ut7UFTNnpZ
J0PVJqT4tmucS6s5qfIF0aOf0AmKADYBtaWzUNQrONGESX+Ig50maKeTMMDlEzFzxi9xsjQjV+P3
AmkKIqHYTp4RnKkLUy66k/OKehFroiyvYasjgRa93GNOPjkq5io/EgvnKKpSm8JQFeeJmqimcmqN
nhynXCYu5Q0WMpPBSXI7mXKeiul3MUVhxSRURDCPZpSk9L6IlLhMUiwa4Tlt9grAxLqbLFjUygTO
j+U8WCwb/UA+OfwRvT4hF6dk/9P7i9OXIDO4PGCA6x8g3M8SucscHAOnLgnMW+qL+g88gYtLhLJj
8PRPby4L/mpao1F+EJ3hUpJImlB94PxWpGEhGy/WSVQK0VZ7fF90C+cCf157zANPc0QKdQpEN0az
Im6C/PJLpsUMQMweFVLwG6g5RUkWczcMZkS0Bbe5onNwGZxF4hOtakKOKU3lARGLa8U52WW6iIDF
qpi+VjIWix3S333xRW5pDHGtcu48VYsuLozkTMY61aYm2xyRGRRJ90GI3cg4rmKU6gUTEY0n5Rwh
xmZhNR8eFFcZC2tL16eklY8jnuMQ9mXCUSMaValsjAkWQ5RYigA/xN8iQ0LjW5EvtcZC8JjJqa/D
JDNHvsVRLNWJFDctHF74uFjBMzKvFB87KsWHQERoFepMfiYZemOQ1JahbCyHSRPgBP5RjDsAWzTG
vyWalhjMuDBQy2fgwCzVfFJ8Ukx0JJZ69bF5KjpzxM1CEYFQnyxBSxP5IVmipCNqIaXI4KKNITrw
q5EmeUEmCW4zLdWzWKwpNVR/qiIVmx5oIKZpECdhFiNtM+OzPCycUR1gKhPXqIjYEvFQVPi1mYpi
mEwwMEG2U7WzWNKVy1NHKovjapqYNUqyTILKXvhCx3Kdw1voDf0dcpvHKqRyuJnk2RTKTZ9rFoFR
VpN3S8orpxwtI6DU8QGResAFYohk8wjnPSnuDEtBwnQBHSdz6jxZnBciiChGJ5ME5s9yoUytqsnF
gyyhwnKGfAIfjOCb0xv8anRNxXyZ+jAoPDBZXFMYOg+ix1QAXwggaHVtZRsybal56ZrSOE+UCgaV
55UzQZLHbyGLVKXXiILOddVB2R2jn2irVgdE3Jo+IPh6DJGfs7IMg9DrswRK7ZorXw94pM4W6Uom
C2qsgqk7UVp+zaHkhFQuolgRLBRDYXl5vujjiaWlrLqpsyBaxGqVgJEpXo8jAUMzWhYDJnYolvdU
o2Ipt77oQJ3Reyi0uTrFq7AtrStHhbZwongA+0zps1gimSqiiBg4y1GFs4oYuNwMcxNPVI6BXzKC
6QcIIm81YAQqVg5kjAN+KkQWmY2GAU3VtAQqSRrNwuIIax7AqGx1VBhNngO/xdWrI/KrKFYgfx6I
5azfkKmYcSzSpH4LRIiBhSNug5GrBsW9KbEcsCxjiYQuMnQqCmQx28T3lwBWlW51+LJfgUH+JHg7
C7OCzF6LHo/I+eXx+Kj5z95BZ/BoHbQeWwfNf1r/9LAgEuN8H++TuxhcX/UbMhTLo3bnpazy5O0F
fbIuRzjmFtCxWkkTpYdYCgOruXO8qZK7WZ4UQbmYoSTljQkRcYAPpCpX3AdKC4XVipsa4AuynH1x
LkKN6EpcbzDJRaUgKZ81Sk3UllrRx2difsseIfClanLn3uH0IBUTGdCIE0BhPpdFnLgO5RUvJw1l
GpFjRkop+EMxkpSxeu9gj+GWnDRQzw+fQIWgf/3dcdVHvEsK3l+KPdwtqNF49NnjGQRDg4o3Kg1C
noT6MYYI/dgPQrGNb0GZRMa36KeQPvTjAEbZvU7AL8zrx5Ej75bpNCzFAL+n02auKfYt89XqgtFS
xP3UJEGFEumU0fDSQDBP/wjxbQnFL1KeyvgdiyG9GxLPqbhX2lSvLPkSzOT2gIHYVfZFfny8vBoO
HyNTpxzRNBuNlmU18fH14emNIanHPwskVSKQAtMcMNzjNDUuHAU4oD9dGSJWEMAhTpNNsYD4gO8w
MYjaZ+Zxb6YFGQkBT03nWmTbz6KYyrMgLL5MjxshgokTxBTfCSq4oJpEDPLkZ9rlm5rdZD7DV9EJ
QlP6GsOyxfA274nlAsPYQkUtQ92p9jpomLflIiRPculfBcRfsA67GYoln0XrP//8/7Ly+Ck=
===END CRASH DUMP===
