PocketMine-MP Crash Dump Mon Nov 29 22:40:27 +07 2021

Error: pocketmine\Server::unloadLevel(): Argument #1 ($level) must be of type pocketmine\level\Level, null given, called in C:\Users\tungnguyen\Desktop\Servers\AcidIsland\plugins\226-NichiSkyBlock\src\BaliGamerz\SkyBlock\island\IslandManager.php on line 261
File: pmsrc/src/pocketmine/Server
Line: 914
Type: TypeError

A PLUGIN WAS INVOLVED IN THIS CRASH
BAD PLUGIN: NichiSkyBlock v17 Official Release

Code:
[905] 			}
[906] 		}
[907] 
[908] 		return null;
[909] 	}
[910] 
[911] 	/**
[912] 	 * @throws \InvalidStateException
[913] 	 */
[914] 	public function unloadLevel(Level $level, bool $forceUnload = false) : bool{
[915] 		if($level === $this->getDefaultLevel() and !$forceUnload){
[916] 			throw new \InvalidStateException("The default world cannot be unloaded while running, please switch worlds.");
[917] 		}
[918] 
[919] 		return $level->unload($forceUnload);
[920] 	}
[921] 
[922] 	/**
[923] 	 * @internal
[924] 	 */

Backtrace:
#0 plugins/226-NichiSkyBlock/src/BaliGamerz/SkyBlock/island/IslandManager(261): pocketmine\Server->unloadLevel(NULL )
#1 plugins/226-NichiSkyBlock/src/BaliGamerz/SkyBlock/EventListener(138): BaliGamerz\SkyBlock\island\IslandManager->unloadByPlayer(object JackMD\NameSpaceRemover\CustomPlayer)
#2 pmsrc/src/pocketmine/plugin/MethodEventExecutor(42): BaliGamerz\SkyBlock\EventListener->onLeave(object pocketmine\event\player\PlayerQuitEvent)
#3 pmsrc/src/pocketmine/plugin/RegisteredListener(80): pocketmine\plugin\MethodEventExecutor->execute(object BaliGamerz\SkyBlock\EventListener, object pocketmine\event\player\PlayerQuitEvent)
#4 pmsrc/src/pocketmine/event/Event(88): pocketmine\plugin\RegisteredListener->callEvent(object pocketmine\event\player\PlayerQuitEvent)
#5 pmsrc/src/pocketmine/Player(3713): pocketmine\event\Event->call()
#6 plugins/AntiInternalKick_dev-4/src/Jibix/AntiInternalKick/utils/ModifiedRakLib(101): pocketmine\Player->close(object pocketmine\lang\TranslationContainer, string[17] client disconnect)
#7 pmsrc/vendor/pocketmine/raklib/src/server/ServerHandler(127): Jibix\AntiInternalKick\utils\ModifiedRakLib->closeSession(string[18] 117.6.169.92 27395, string[17] client disconnect)
#8 plugins/AntiInternalKick_dev-4/src/Jibix/AntiInternalKick/utils/ModifiedRakLib(88): raklib\server\ServerHandler->handlePacket()
#9 plugins/AntiInternalKick_dev-4/src/Jibix/AntiInternalKick/utils/ModifiedRakLib(78): Jibix\AntiInternalKick\utils\ModifiedRakLib->process()
#10 pmsrc/vendor/pocketmine/snooze/src/SleeperHandler(113): Jibix\AntiInternalKick\utils\ModifiedRakLib->Jibix\AntiInternalKick\utils\{closure}()
#11 pmsrc/vendor/pocketmine/snooze/src/SleeperHandler(75): pocketmine\snooze\SleeperHandler->processNotifications()
#12 pmsrc/src/pocketmine/Server(2155): pocketmine\snooze\SleeperHandler->sleepUntil(double 1638200427.6474)
#13 pmsrc/src/pocketmine/Server(1992): pocketmine\Server->tickProcessor()
#14 pmsrc/src/pocketmine/Server(1586): pocketmine\Server->start()
#15 pmsrc/src/pocketmine/PocketMine(314): pocketmine\Server->__construct(object BaseClassLoader, object pocketmine\utils\MainLogger, string[47] C:\Users\tungnguyen\Desktop\Servers\AcidIsland\, string[55] C:\Users\tungnguyen\Desktop\Servers\AcidIsland\plugins\)
#16 pmsrc/src/pocketmine/PocketMine(344): pocketmine\server()
#17 pmsrc(11): require(string[102] phar://C:/Users/tungnguyen/Desktop/Servers/AcidIsland/PocketMine-MP.phar/src/poc)

PocketMine-MP version: 3.25.0 [Protocol 471]
Git commit: f48b703533e0ced4e8ff9e118c5fe3889ccaf23e
uname -a: Windows NT tungnguyen2-8si 10.0 build 14393 (Windows Server 2016) AMD64
PHP Version: 8.0.11
Zend version: 4.0.11
OS : WINNT, win
Composer libraries: 
- adhocore/json-comment 1.1.2@fc2f76979f0a44a5f5bc2a2b600d0762fe0e78e7
- daverandom/callback-validator unknown@unknown
- pocketmine/binaryutils 0.1.13@0abee38d4e2861621f262c79a2a3d699d8a697f4
- pocketmine/callback-validator 1.0.3@64787469766bcaa7e5885242e85c23c25e8c55a2
- pocketmine/classloader 0.1.2@9757928424652393b178a3760073113aa7c9911b
- pocketmine/log 0.2.1@830b44a2cf96ef703c550abe64302f230231ca49
- pocketmine/log-pthreads 0.1.3@e477ecf6ec214fdd4415ea1da3fdd9d73bf699ea
- pocketmine/math 0.2.6@43057cb8c179a9859677b496a788db922fd5cfc3
- pocketmine/nbt 0.2.18@9f82ca4d7f97fcd9a566e44b63c4f18a7657ae82
- pocketmine/pocketmine-mp 3.25.0@f48b703533e0ced4e8ff9e118c5fe3889ccaf23e
- pocketmine/raklib 0.12.11@9cce458b8bfde3e4dfdbf70c659fc7b7fe26b5c4
- pocketmine/snooze 0.1.5@70b5e7937a06878dd321a3182ceb76d56298f2cd
- pocketmine/spl 0.4.2@6b08b7cf8c4afa17139c9a1b3bf1b408531de161

Loaded plugins:
AddGems 1 by  for API(s) 3.0.0
AlwaysNight 0.0.1 by YTBJero for API(s) 3.0.0
AntiInternalKick 1 by Jibix for API(s) 3.0.0
AntiTNT 0.1 by Adam1609 for API(s) 3.0.0
AntiToolbox 1.0 by FaigerSYS for API(s) 3.0.0-ALPHA4, 3.0.0-ALPHA5, 3.0.0-ALPHA6, 3.0.0-ALPHA7, 3.0.0-ALPHA8, 3.0.0-ALPHA9, 3.0.0-ALPHA10, 3.0.0-ALPHA11, 3.0.0-ALPHA12, 3.0.0, 4.0.0
AuctionHouse 1.2.5 by Shock95x for API(s) 3.0.0
AutoClearLagg 3.1.0 by Twisted for API(s) 3.0.0
AutoFeed 1 by Ghast Noob for API(s) 3.0.0
AutoFix 1 by Ghast Noob for API(s) 3.0.0
AutoInv 0.0.10 by JackNoordhuis for API(s) 3.0.0
AutoSell 1 by Jero, Cur for API(s) 3.0.0
AutoXP 1.1.0 by JackMD for API(s) 3.0.0
Badge 1.0.0 by YTBJero for API(s) 3.0.0
BanItem 2.3.3 by LDX for API(s) 3.0.0
BanXuid 0.0.1 by YTBJero for API(s) 3.0.0
Bank 0.0.1 by YTBJero, GhastNoob, Kaido Joestar for API(s) 3.21.0
BetterVoting 2.0.2 by Twisted for API(s) 3.0.0
BlockCMD 1.0.0-beta by kenygamer for API(s) 3.0.0-ALPHA10, 3.0.0-ALPHA11, 3.0.0-ALPHA12, 3.0.0
BlockCountry 0.0.1 by YTBJero for API(s) 3.0.0
BlockSniper 3.2.3 by BlockHorizons, Sandertv (@Sandertv), Chris-Prime (@PrimusLV) for API(s) 3.2.0
Boss_Quai 2.1 by phuongaz for API(s) 3.0.0
Broadcaster 1.5 by EvolSoft for API(s) 3.0.0
BuilderTools 1.2.0-beta4 by CzechPMDevs, VixikHD for API(s) 3.16.0
BurgerSellWands 1.0.1 by Heisenburger69 for API(s) 3.0.0
BurgerSpawners 0.1.4 by Heisenburger69 for API(s) 3.0.0
BuyKey 1.0.0 by  for API(s) 3.0.0
Buy_cmd 1 by TungstenVn for API(s) 3.0.0
ChoDenUI 3.5 by BlackPMFury for API(s) 3.0.0, 3.2.0
CmdSnooper 1.0.0 by HotshotHD for API(s) 3.1.1
CoinAPI 2.0.9 by onebone | Edit By SenKai Official for API(s) 3.0.0
Command 1.1.2 by PIG for API(s) 3.0.0
CrateVH 1.1 by PIG for API(s) 3.0.0
Crossbow 1 by SonsaYT for API(s) 3.0.5
CustomAlerts 2.1 by EvolSoft for API(s) 3.0.0
CustomPrivateTalkCMD 1.0.0 by YTBJero for API(s) 3.0.0
CustomWing 1.5 by YTEsDev for API(s) 3.0.0
DEVirion 1.2.7 by poggit, SOFe for API(s) 3.0.0
DLevelIsland 1.0.0 by Nguyễn Công Danh (NCD) for API(s) 3.0.0
DancingFarm 1 by RicardoMilos384, DontTouchMeXD for API(s) 3.17.0
DanhHieu 3.0.0 by padreon for API(s) 3.0.0
DevTools 1.14.2 by PocketMine Team for API(s) 3.13.0
EasyCommandAutofill 1.0.9 by jasonwynn10 for API(s) 3.0.0
EconomyAPI 5.7.3 by onebone for API(s) 3.0.0
Enchanted_Item 1.0.0 by Panda for API(s) 3.0.0, 4.0.0
Eternity 1 by minefore and shin1134 for API(s) 3.9.0
ExtendedBlocks 1.3.0 by Javier Leon9966 for API(s) 3.14.0
Fishing 0.4 by benda95280 for API(s) 3.0.0
Fix 0.0.1 by YTBJero for API(s) 3.22.0
FormAPI 1.3.0 by jojoe77777 for API(s) 3.2.0
FormImagesFix 0.0.1 by  for API(s) 3.11.4
GCPClan 1.2 by InstantlyTa for API(s) 3.0.0, 4.0.0
GMCDetect 1 by TungstenVn for API(s) 3.0.0
GemUI 1 by WoolChannel3295 for API(s) 3.0.0
GiftCode 0.0.1-Beta1 by YTBJero for API(s) 3.0.0
GuessTheNumber 3.1.0 by SalmonDE for API(s) 3.0.0
Hyperion 2.6 by hachkingtohach1 for API(s) 3.19.3
InvCrashFix 0.0.1 by  for API(s) 3.14.0
InvSee 1.0.0 by BlockHorizons for API(s) 3.0.0
KeepInventory 1.0 by KhoaGamingPro for API(s) 3.0.0
KeepYourXp 1.1.1 by ArasakaID for API(s) 3.0.0
KingofBlock 1 by YTBJero for API(s) 3.0.0
KitUI 1.3.5 by Infernus101 for API(s) 3.4.0
LoadWorlds 1.1 by shin for API(s) 3.0.0
LockWorld 0.0.1 by YTBJero for API(s) 3.0.0
LockedItem 3.0.1 by ytbjero for API(s) 3.0.0
MSpawns 2.2 by EvolSoft for API(s) 3.0.0
MapImageV2 1.1.3 by Fixed fernanACM for API(s) 3.0.0
MaxEnchants 1.2.1 by Xenophilicy for API(s) 3.0.0
MenuAuto 1.0.0 by JeroGamingYT for API(s) 3.0.0
Minion 1.0.4 by phuongaz for API(s) 3.0.0
MonsterGate 1.2 by K27 for API(s) 3.0.0
MuaDanhHieu 3.5 by BlackPMFury for API(s) 3.0.0, 3.2.0
MuaPointUI 2.0.0 by JKPVN (JakayPluginVN) for API(s) 3.0.0
MultiServerChat 0.0.2 by tungsten for API(s) 3.0.0-ALPHA12, 3.0.0, 3.0.6, 4.0.0
MultiWorld 1.6.0-beta5 by CzechPMDevs, VixikCZ, fuyutsuki, kaliiks for API(s) 3.20.0
MyItem 0.1 by AnhKhoaaa for API(s) 3.0.0
NGVS_Khoe 1.0.0 by NguyenDongQuy for API(s) 3.0.0
NGVS_Quest 1 by NguyenDongQuy for API(s) 3.0.0
NVSSP 0.2.1 by YTBJero for API(s) 3.15.4
NV_Mitsuhi_Otake 1 by Nguyen_Dong_Quy for API(s) 3.0.0
NameSpaceRemover 1.0.0 by JackMD for API(s) 3.0.0
Napthe 0.0.1 by hachkingtohach1,tungstenvn for API(s) 3.0.0
Netherite 1.2.1 by Wertzui123 for API(s) 3.0.0
NichiSkyBlock 17 Official Release by BaliGamerz\MadeAja for API(s) 3.0.0
NoAdvertisings 0.0.3 by YTBJero for API(s) 3.0.0
NoFallDamage 1.0 by DeveloperNeb101 for API(s) 3.0.0
NoPvPArea 0.0.1 by author_name for API(s) 3.0.0
NoTP 1.0.7 by awzaw for API(s) 3.0.0
OffHand 2.1.2 by alvin0319 for API(s) 3.0.0
OnlineTOP 1.0.1 by HMMMM for API(s) 3.0.0
OreGenerator 0.1 by phuongaz for API(s) 3.0.0
PCEBookShop 1.0.3 by Aericio for API(s) 3.11.2
PHP-Sell 1.2.7 by Muqsit for API(s) 3.0.0-ALPHA9, 3.0.0-ALPHA10, 3.0.0-ALPHA11, 3.0.0-ALPHA12, 3.0.0
PM-Beacons 2.0.1 by jasonwynn10 for API(s) 3.0.0
PiggyCrates 2.0.9 by DaPigGuy for API(s) 3.2.0
PiggyCustomEnchants 2.4.3 by DaPigGuy for API(s) 3.19.0
PlayerVaults 3.3.1 by  for API(s) 3.0.0
PureChat 1.4.11 by 64FF00 for API(s) 3.0.0
PureEntitiesX 0.7.0 by milk0417, RevivalPMMP for API(s) 3.19.0
PurePerms 1.4.3 by 64FF00 & ProjectInfinity for API(s) 3.0.0
QuyenVipUI 1.2 by NightBlackDM for API(s) 3.1.1
RandomBlock1 2.0.0 by Edit By Nờ Cờ Dờ for API(s) 3.0.0
RankShopSystem 1.0.0 by zZPROGAMERZz423 | §eFor issues report by §2Visiting GitHub.com/zZPROGAMERZz423 for API(s) 3.0.0
Report 1.3 by ImNotYourDev for API(s) 3.7.0
SAC 3.6.5 by DarkWav for API(s) 3.0.0
SETVIP 2.3 by MCPEVN TEAM for API(s) 3.0.0
SeasonPass 2.0.0 by TungstenVn for API(s) 3.0.0
Shield 1.1.0 by JavierLeon9966 for API(s) 3.7.0
Shigeootaku 1 by Nguyen_Dong_Quy for API(s) 3.0.0
ShinPickaxeLevel 6.0.0 by shin for API(s) 3.0.0
ShopGem 1.0.0 by YTBJero for API(s) 3.0.0
ShopPoint 1 by S2TwKen for API(s) 3.0.0
Shulkerbox 1.1.2 by UltraFlappy for API(s) 3.0.0
SizePlayer 1.0.3 by  for API(s) 3.0.0
SkillAnimate 1.0.1 by Tungsten for API(s) 3.0.0
Slapper 1.6.2 by jojoe77777 for API(s) 3.0.0, 4.0.0
SlapperRotation 1.2.0 by jojoe77777 for API(s) 3.0.1
SpawnerGUI 1 by DandierSmile122 for API(s) 3.0.0
SpawnerUI 1 by DandierSmile122 for API(s) 3.0.0
StaffMute 1.0.0 by YTBJero for API(s) 3.0.0
StaffTable 0.4 by GigantLeyKey for API(s) 3.0.0
TableSpoon 1.0.0 by CortexPE, Xenophilicy, HyperFlareMC for API(s) 3.0.0
TimeCommander 2.2 by Zeao for API(s) 3.0.0
TokoThirstBar 1.1 by Rand for API(s) 3.0.0, 4.0.0
TopLeaderboard 1.0.0 by YTBJero for API(s) 3.0.0
TopLeaderboardCoin 1.0.0 by YTBJero for API(s) 3.0.0
TopLeaderboardGem 1.0.0 by YTBJero for API(s) 3.0.0
TopLeaderboardIs 1.0.0 by YTBJero for API(s) 3.0.0
TopVoter 3.2.0 by SalmonDE for API(s) 3.0.0
TradeNPC 1.0.0 by alvin0319 && FunkaDev for API(s) 3.0.0
Trident 1.0.0 by brokiem for API(s) 3.15.0
VanillaEnchantments 4.0.0 by TheAz928 for API(s) 3.0.0, 3.1.0
Wolfies-FloatingText 1.3.5 by  for API(s) 3.0.0
WorldProtect 2.3.8 by aliuly for API(s) 3.0.0
essentialsTP 1.2.2 by  for API(s) 3.0.0
fly 1 by IDontKnow for API(s) 3.0.0
iProtector 3.1.1 by LDX for API(s) 3.0.0

----------------------REPORT THE DATA BELOW THIS LINE-----------------------

===BEGIN CRASH DUMP===
eNrtfQtz2ziy7l/B1ZzadfZaski9vZWpOLKdeGM7mkh5zKymXBAJSYgpUsuHbWXP/PfT3QAlgHYs
yVE2p07NTM1YbJKNrxuNfoAg+O/SOIpnPL26EXEio7B0WN8vpXImSodOs9Z2q9W626o0m/VWvbZf
yub6VLVZrVU6nZpTa3TcjlNt75cCnqQncRzFpcN/l9LFHC4rDeCPou2XZiJJ+ASp88i7FulMhmI4
7IsYWj48zMIg4v65uBHB3rNDdhRPspkIU/aTw/b+K0DyMzbLkpSNBIvGDPkzkw9dMhwSg30WZkHA
JvJGhPvM40EgfCZD1j0cDt8nIOdwmGbhJJxkCxEOh8ciuU6jeY4Fzh550j9LAh76w+E8yCYyBKLr
NsuX0pvK/vXiZQBND4dJ7A2HL3kgX/GZiL8Ah+UpqW9XbC54CKLHlfl0zqKQBQCZuU0HtDIGpKcy
ILVMeXx4cNA9PCCQByuMBxrigUZ4sAJ40CMlXADH8kWvgjwOANbBSjf6Jmwb29NtzfCiBy+EixBf
6bDjoCnE3IPf/yz9VGVaFQf3NEGMVno4WNKVFg4sJeyB4NDD942g/LNpBJfvz8/ZMwADFrB9wyfQ
9em5TFIRQotOrQ0tbtFROZSXi17AF8AhGn0WXsr+wb3ri+Ph8BLY9OegmXdiFgH04bALthnN1NWE
2mUP6liJcnAh0mnkE8qTO+FlaRTv1d2vgrTEKf8cheeC34gclalKgVei1SKQ4VAB+iWTKbEgZLVH
kb0TE2wnFv5Sfe1qob/UpcPhA1KUfxb0awluA4H22dMEqT8sCN2pLGCv3f4K9Ptiln9GT6Fuexqe
xsN4tAnVWk6tAEbzJA6q+T1i1Fxa/FGYyrMQcIY8eCO96ytf3JTr1MI/5Eje3bvgIEtlkBxcRL4c
S+G/49fncrTnVItDToGCRoMoedCQYDRMhsNBzEMYGClEhm4UplxSdyVpLMPJP53W78wLJLppXyZe
FIbAhARoaU2AYH4Um8qI+XUgRyRAQqNee53XMPgCHKpuC5CSbOCHC8INhyQdGJ4lnpaiDwEGcO7l
6Nq/M8eB2FVxmp1Kx2Vuq9ZpbAC+vWvtkxEqwSFmkLi5z9Nil3+e0o8eR0UpI+jsGkar/QTNzuPI
A70qSE71q/2ahFH0RRCmfiDE3OhRMvtt2113/b+xy7NY/KGROU9A1moUBoW6FPrGum6phMsoBYwe
jYZcI19x86p391ynsWkbCR6/B3GDPT/KRoFgZv4F6Zdqr/Zoe06n434ltqagvZ6SA2KNYlZ/nFmj
3fwKsyTlsTZT52teb5mX7NWc+lf4XF3BwIMBmXnpKl4kogu5ZHIO8fcrsSG3GXBH59FkYrikOozq
J6V5Sw6Nxu/fmCgqtTTXq6VeVIvyDVqv2ofC+EHvIf6VyVgsfVvV/Z3tOl98Vvr9j/2S+DOF3zaF
3yqlBhUrPFcyvImCG4E6gttl6EMHe2kpPw80Cyuc8CJfYNd0qg04O0zx3z+A3qk29bE6asER/Whr
cizSLA5Jp3+nEx06QVc7VX214xDx4G9/oyOXjtjf2It0Gke3CQNNhDegKb+f8lSc3Hlijp6QLq7p
iw/oqE5Hc/Bi0mPjLPTwOmbaB/2fKavYZ6MoggMoRD3xni5iz9mYB4l4xg7p5L+JbS60HGt7Ys+f
P2f/lU5lUv55ItJjMeZZkGoLZNBp7P+ZXJ8pNs2l7kgwForbr8m2NywNpoL5ijG7jeLAB2sMw4is
WEkElnk7BRtgcRaGMDr3IXAL8GIsuZWpN1V3JZVh6Rnp3mmZfeW0c+137L5SEuaFyJ4lB/Fxq6s+
dB3NxXXNPnRryz6UOogSub7srT/+rPD+rPD+rPD+rPD+rPD+rPD+rPD+rPD+rPD+b1d4+6UJhkJI
BKGOCDk+zClZNwCyEXTQ6nlQqVZxG5Uq0jMZ+KVDt+rU9ksyQSdVOqQ8HWqWOEojLwK29ZYDjUis
acb19qhVrTVqNVH1hF8X7fG4Ixyn7TXGotZudzyPj92aAN6ZxvIR6iAsNi4HbCWtW24nkjnVSpUR
BubUa50a28svVkpgAKz5jB1dHDfrWEVN58CvXalWHKzSvoDbgON6fgynr6IEWzy7vBwAgQ5uZUh1
1mwO4Sa+An8e81iKBLXF/SlIGIuDz0kUluEaXbk5Fafivhh77rjV7LQ64yqv13lj3Bh5LndHzWrV
r7aa7lhURastWsDeh8wOoq4fzQ4wIxhBSChT8cFTLL1BF9dhdBu+0H8R7Mq8RjLk8YLGB1wKwlSc
2osqHwlQKGjYbTedpuuM3abrtTrc5TW/2en4bQ7QxnWb1YONO6Cg2gtwR+1WHe5pNkce5y3RaLcb
bt0V7Ybn1jy3IaAPG9wtMMRRTSVRrLG5LzqtRqvjtutuvdlwoddGTqvNay1QS6sGgQN4ex0oPUc2
pyCaEAe34rxo16oj0KjrjTtNMQZ7gpZR4Ga9VnXBfKpuzfF4vXOPQ3kOBZ7gfq6o2gtRb7WEN24K
z3XqY9+v152G4I7Pa3DQ8Vu10Ri0JbjNasbTqUbTfAGNNlreqO05oN5Ou9FptlqjeqfJW+22P4IC
bOw3vLFXs1mEozSXp/2iM267ANhvjaFPPL/DG82mqNdHzZpXHztt3mo2Wly0C8pd/SzP5sth+WKL
MXYvSVN6AUzOC7hM1BvtUXs09kVN1P2xPwJde81GZ+y1Rq2xcJujhlewIBXqtHobL1rVUUO0OrUW
rzbbrbbv11yH1xyQVoxaTb/RdDvtsev5BSbzgDjUwVqaoyqI443bXp2PuQMJdcfrcGcEHeOM6tV2
o+b4wmk6pT+W8yg0No98/5WYJYZTyyn7pZUnw3HPM6hoYrjyn+AL+Vxi5VsDm6+ibxQhh7gMfgIC
Fjg1H+J36Otrk2icHpuEGadJmvk0i8IJh+LnNZZsEEWwXYxcOO0DgwE97Nv+4OPbd+fHQLoVo0Sm
CBGr76Pgli+SSzmZpiZ4g2oKUEXvZQlR+nXw8h8ijko7kkazGw55qMLvRkIUcjhTkuKpr/dHiTLC
XQny1fRyG6EGEBlsWQYUK8weKQhx5POZ06x2diWHbrSIuz84ejd433sYdRQFo+iuiFxTrQ6guG6g
P+USkq3+r/0i/PLRee/1EQ5/47BhHzbtw5Z92LYPO/ahUy0cO4VjNz+Gv/VvUehSRGUcWi3WwTrz
mKbpPIHEDLKcaTaqQCpwsOR6YPLBDslo9vN1lCXC7BGTbHeJW2nYndKHvOO60/jGoVE6gUw8mi2O
emfA/iy86cY8mZ6qEad1k+iWYPgrfFPEB7qx0a4fO1kadQPB43M+mVhSm3RT7Frlni0ObnHext/V
QEoVOxQNMlUEEQAIlM3GtG3Pa5hHySLIZhfdA5ufVsapQLSWHoj0iDd8NeVJyi6jaLQzV6Jb3cIH
4h3yrohc3v0A4OjNt8ENFl7AjZR70bRgdDj/C9Bjf5rJZFf4PwPTMGeqDFCGN8r0FKiNJOqLICiI
RKTHQirE8n3WzeJddkUCjW7XF596BdyfegWnd2/0q4n4nWUDelpftb0Z+AfGumJzoCUA4V5yf2K6
dXVcCLFF0b5XykaNb94xL3l4loqZhV5RTPxupVap2fjPjz/tCjuwQtzU7JN7BZiUL7q9k4McvxLu
UyZ9Wzii/KB8Wje/Vfdc2/CvN8W+r3wwueD90hsu/Yj9IxI4p2fJ5To7EGwEwLaQSqSQjH+IUhma
iYFFts0PiubvkBeUenIyWahneiehN+VhmpQeSBZGBOyGgEEn2jDXS4vPwrrgxgxJc9I9J1GGtrgt
6rUIFxN8tPZwOr5F0vzEXs7Rgugr3BuKHWVhGi/uia7JP2oYGhi2sFq8qx/KuYiL8miqncu6RZdJ
l76OYvklCnFOos9DX8TpDdt7kf/EOeHuNJZJuRfLmYAz+DdLzj88swft1qZ+segFUVoq9GqORutE
yTEcqkn5jZQSJcnVLxmXpkqWNHsQF3o3nzMp7XwO5iiLOYIAqeD/G4kRwxUex0fFpiAG1R6pheLs
5CYK+gBrV6IYDYMMFopHSv88Kt7e3lYEIELulfSa5MMZcxFjSWrOj1nkYgGqfFHdlrT7RXjT3sWx
uMEbPsg7ef3aTtCc5tPl9pD7fOYDd/C6ClyK4EALNtRt0wMD94HFipQTY9kOCe1HTogM/dhniu66
YNGvhUxEOKKbmttN/piF+SMKsltArVgAt3Bm6sY5vw1F/IDI+YnCNFelvjOJt5dSY3pyilgAS1pY
vBFWdFKEx3P3XQ1yamubLltceTPfRkuUR2q/QRZOcOHLh3BXnaM4YrubQ+9Oo2MRvj8zsC9JdtBs
FEMmFFu9i9MMkoUi/v2nxMGVHDmA4VD92kKamd+HSt7OAwzimsrvdZQm0ygtuk1wJk/1mjM/UU2D
LCaM9ZJEMkSPY4ihKcX0u2PLEIViBP+x/2YnvkzZywXrixBqDPZ2PJae5MGurE03NBx6AAwYgoRL
hBuIN5vx0LfEU5TivEOhuuidvdqVALrFLVxzN+ap+PDaRK0pBdTfDXM/yoKPNL/zWxaM+XQmTz/H
2wgAWdcourUk0KRHXFUf8lD+66AgROPpQhA7MBjd9hYCUEV4FEDyYYZGi/xoarvrfNBsOV+EusTx
tIxQr2SN5Q3Y1oAHhQr1wdM/aErrISzbduZHe6rBID6a2P86OEkgZ9xtP36kaYRN8R+ffJAxwVui
X5KKKXurUGFFE1yDA5Xm21OxszKLmA6HNwRhOIRkXf8yYK15QHlMi7/VUiVTLpO8xtguJ9limDnC
a4SsO8yq1XE9nLBjHk7Z3mX3+NmTs+/90mkUz9bk4Ze0JKkL9Sa2CKLbyNd3Kg89sIJTHptTryb1
EUf5Tno89qMLGURJrY0Z+XEUpoMo86YX4lMhrWg9vactriDjCp11sKG809dSZLawimQngPc6es79
WEQ7S181u+FwINM0EEfH77YYiuKmWEEvSYXYXL+XUizX17GB4DO7k2rf0EkaAK5bvClUx4+FBKMu
WkE7WPIAaU94stDZCz7rGEvrwdNDZ4tDtpA0fuZJFN4uwtCp7u6h2pLlcPgApM371vAAhpCmW1jJ
1qi0inN7Ok/dedorFALKfC006wVSE9rCvyo84CmcWONne6BN/kDt9U3LL5YQtugfXL4jU7NYX5Ie
8ZW4uGwcxYJeBEumMnScWt0Sp/N0MXLmw+FsvIUkd1CP+8KnGVfTlxRO2B1Tu/9s9EaKmJ2DM+t0
mk3bodS/5Skp8s3ZgtVZqDYX81Sius2kK6fYc0qFGaURNMY7Dbe9Mx+hmx0OV+2vSU/s1Q7FlQ4b
Pqhw3R2kvlsteMjzFgO6pqwxpc/R50i08J9ve8hg+OUlR5BBgVj+2FSUsxmfiKTQFxb98V6xBgTO
XD51lGf/SjDhxT2SJLU93qZXXnV7XUgLDSFySiF7t/vkLExScJHBYrBz7ytz1ikHqTzuBbjO87R7
pFGtnVeF9AFum4vKTUgSXnSPRYqvLRsyLmk/YnJyMvN8an2LbhIza35SHT8C/iPkSV2IYqEIam6n
sSsJXm26BoJAy3Ha1e+D57hz0r3BUX4pUv4fesKao3j6Ihtg84pDgJ38OiBJM5Ekg6m4zGYja961
cGLNcsI+D2ZReHyys5kyzQ8ktnBs3oWvF3NRKO+XJHuOqWmLMuXe9Br0k0b4y7Hjfwfy0yeKVOA7
HOZwVr829BE4MxB48aKSLFKRVEKRHvg8mY4iqF7prXNz/elKfJO6hYf/hpQn9/AyvPGwZfLvmz8D
B8B9IWwJkLAms7aXA+zqoZL9VF8h2UaYN0LM4S4RppG1bsOmP7p+/M004mrs9nbnWiymw6EFZ/PR
hrf9GmXxp3lBNE0sPhcorusH6+DX/GxnSxKXDJVECsUW4oA6orHaGcSQx6A+EsB27PvfvH25DfDU
irbquJimNoop0RgKvixxqra3+4aRb7CEHkAQm8uAY+ojbethCGIQH31ag5XIztZPLtvcPNxitPXm
N2EljeZKGO+aeFiy5LQftE7r/OM2veFdC78w1WEQi7OMBREW6ejzDkXQ7NDx5gjM35sIdEHrHUzb
yil2WuB+30dPulHoiGXrT3vgdMHnVLl9cE2RVsSi6y1MsEE2IHyGo5WHR92LnU0OrF4EyrGchBN6
Tds+3qjL+N1yGakp44pafGBTsMJPIozmUxlIb7ErAQ2WKNISinWwkXAizHBa1ZQsJ63JdKxkfld2
qdve3ENcyNDOszWhCL7+fZcpds+Pjml9m2p+C/y4h4KIX/HUzDVN6qMTCm/c1s5CvdvCrTyWDW+T
X15k/IGHQSb1By4I6gIGvSKoS8/1Nu6bjPciGdpJjUEsLqcpDpA3vQ+XbO8fkAouevRC84fLZzt7
7QWZgygZ30aeIJVqR4XulKeWUPaZYmpQsLpUT/F8Ze26+UIn/m1+69xW3l5tS1mLuY9BtEdVU6+L
baxdF9v9jbb2XmRpkl3jWuhrHkh5bZd6bnVHq2VnCJh2mcOuNsB/y0pZgxEqalFIrzTh8VehwymW
bpzvzPEvNn9PCFFfvvrQvwIIptNc0TZYZSDCYwgAv2Q7C8lvzrZE/0smkrQIXxEfqe++C/bj11tg
/9Dvm+/8qWPbWtxNagmn8fTZ+6NA3L2MZbgN7KsLCWN2Kq/epvzaspviqbXqv0L9X+2wAy4/bCFJ
Yf9CU5LiqXUp3Hd5E/P+BoubizZPp1bXKMKaSrUwubmfh4ubnRXj96ZPFbD870ayCbgwllaat6Kt
KSE+ijj9kknHre1KohVHECKH8eSJ/RW3g5VMKLS1za0heGH7W0P41nK1MXsnaLfVQq5o7El5Afnp
0eedBaGHt7vcZvJlpZEcGiohOvJBwFQmYEFmDVk4UbTy2n9mPsZGscVgjU55EBzzGbfek7bIj84o
H+PqOlzUfilGxdm/6jetnTLZooArRNuI17vpHcWCW7LltDUeSf28ott2+hAUpdEYjJ+byTOwwjYe
FsNDYaUpv/3Cb3eFn5gNh2GUzp/sZhQgEAZcxGt7lWlOKazgLlYuPLiRYbXm7OytpiXD4RAgTGk3
Qf1jk155G+L24YO3ZtesaOveTLuAf3a3OC3QE2SbjY+3sXhF+w2mkZmCWORHa4jv96aoiWGbWYxe
9+RlFF33p5H5IMmkFjuk4KKPIPB5spDmog0+ukz5K++rfzX3VY0MhwYw6+AJA0vzPDC40LPc3ute
ubA3yZK0Zpn6BT1+fXiG4Ok7RD31iT4Afk1jc1Pz7l2UXwqOO5yasq+Ixbkf5z+7KnZEMHDbghzO
eonIzPClI0skg7rm9bBjDhe/KhQ97o63Z8gbAYteIbMOnmDeOdMDg83BSic2lqJu7LO2jupFD/Cg
jpxvWI1a1IeF5kHit+vHYqf0RDuOf8BPJVgKMsn2DG+t8l22ZMwXdait3G+o5XxD9CWO9UMhi0Vh
BnRJst1aXW0pa/Rws356Wt1uUBPznohnD/j10imnDdiSHu3u8kncyChLeiflnG6MjSvVNsirwa5+
PaHTCZTepXzJRivnJExlKkXyqaChFd0O7a1ibj+TwXW17mBMeAci3fCgd3HR29moiBXP+WwGoW8O
wIQGpjSSw9z6pQkD64Etr1aM6kVbKYpWtJvaQ2bD/sKgn3FP7LNwLGmZ+44GhmUbhMj4uQPrUHxA
C7/gBNgHObceihjERx9X0b6n9LTn+GJXL0p/OOvhRifEczjMQaz1Ae9om2aq8R1DEou85gFP/pb0
Jb6y5vv4xhr9PVZ/d9W1BqTN8xe4idK4/iKxp/cLJ9bMEH75rffu7auji5N3v32puzX23wzfyuMt
cRrFTCZJJhIWi3kUp2y00OfcDxKAyHDCXsn0tbanAqPt/af2cqvl5o84VUt3hrRbqI9kMtWmCIXF
TIWlTLPLKMXVXsWXS1tPSJLuRID7QyWD6Bg/cRH7RiAwG8LPoSC0/O8m0vWPuoZoeGQH72bxAe0x
j68/8p29MavZDYfQNP1v/dsb/ZMBDHQTtSIUNrQr1CDd3smHSzY4OdpZmaxY4mcEUnA1GylbYOLe
44kZNwziGifzvZbTI0cUI8dh/t5IrKkU1sNVTVi7+aP5ItJWo2Q5x7PFe04KVP53Q7kmIopSfp3Z
wi2pP+LxkLu56wKoYU961/xO0PvLthT2KVOU5n3b2+V6xmLb2wgUzV9ZMSyn/JCtC6686WQ78LRe
pABf0R7bOMMd3L4RO1S/bnMb6FlwLWJ7v3GDuGa7lfdBGvPTgM/nOxsHBksc0oTkZbTFa1t9+UWo
YtEUaUV8fH5vV12B7Z2rT5Gtfm8E/1oGwVEoZ/ZqMYu8Zs548JWlO98aTPCJ2QqFfbSRaNirdrdo
SnGljrvRa447eKMuUQCe/LRihewgl2Ul6DuIJam9crF45t7WfRsK/uRKqgBgi2GlNnF7ZdWEBvER
N3cMAR0idn8mA+G47nZ1waoYKGxw92juSQ1uLdxDsn0/0XYqQMrH44vMdhlL2n82hmKTWyIfYCtF
6Ir46Dvnr+SEh+m5oL3/dgQ/wbY3x08o+/PIGuYGcY3uu1DOibveCc0LrtaQ69cLIQ7G4qL7XZaU
rzCav9dXaQM5E3qzDsuX2/RHX3X4TfBop3uQW21/+07ktigoc3QdDaYyTtKX3JLZoj/63tA7XdXs
MnrF9LgLQWxkqdH8XOBzUnqP05LCOvGDNgszIGwx+izouMPgV+Wikz9eNoTxVPnsCun+uR8v3VYv
wdsCnCVfle0s+VGiFXFsJdyHyN6Vekkqbjf+Xd511xtXYYulh957z9Gsfm0kVgzauOyZc4tL0po+
Wi6jYX/5CzvNwmu+ww36chBbdFAsfWHV7DlljRyjOLqWYlZc6Pxk6JoffsyZ2h8OexcrKGvl+MBD
KMO4fpaLX7U0B9JDZ0356g/MRk7F0ZeO237wNZ1v+ObEjYKCG8HG4imfatK4Dh6SCRTxMQrGUiTl
U2CMjyYG4s7s3QdPP/7i8q7W4ULLxyJ0arXh0Gx9c1ulNzl6cVTYq8UiFz/70i6OPpkFi90tiUNu
wyG9tzJXCDb5yN0D3XqRyXiMM7fmNzLzT2unscAveOL7ageWtKAUkST4SJgHibXq0SIX62v3e/Sv
2eJwWGh/bd+OA3O3Bjx6pN48w60d34TRzpZsngZbbMIgtfat1YAGsbiHi/N9vzy0avnbU35DCvo4
KY9BulQUt4DMv8lMsw/0Ll0FrH+OS6txyVXpp97yiHWjcCwnbCwDMYyH4U99jt9Vu2FOjTmdw0b1
0G2x/19tMbfqOniB4lfGB3zPnY5Tcw2inD/HJcjwLxJnUeo/Vw9iPfUngNSEfvj0sWu45nYKQpcD
maTPI6hngcLDMMpCDwcXTkaWuTeV4kaQ/3wOVSC2hnMeZT2eoR+fq+b4nb4nee4SBZ9aziJfqPPj
KAauS5puDrTk4weX8+P5zVy34ktc/Z8F6eI5yTjJF3KWE5Gic0yeIznARwhltLLnF93K6197Z59O
ziuXJ4PVyUQI37g2hZr5+fHJ6dH7c7pIWVb5X5mIF7ptTYo9EE4Dw9+VOU8ScGb+87/RP6CtLI3K
Cb8R+sYbKW7LvsQNuDzxvI2ku1F0V0b71peA6icZn4jnIpystMlxgjRI8tYUcRaNlhTre7qVxQy/
p/sTQ4NmHplQFtNcHVkSA2Uzyx7BshiExkSwXHuMx4KlU8GiEMwwnYLdedj5KRsJJkMvyHzhww92
z4KRVz+awZ1jZFDkmfCx2GcRvvyRIEs2igW/ZosoizUvJscMjECCQ8cWoP9jsCTwMcD4Utwu2R34
YkxLudhtFP41ZTgpyWOGSp+BsPht6wUiTKcyUXLfTkXIsvkE8jxgUBmGODYUs8NhyNhPH6f0VgpL
I2gl9Bmw0N+MBx1ApZwEPAVQdJqgBhE0A6LCL5GSvnDfI08wXNgdkAZnyFmZd965h4y+mY4nkmmW
+hH2Jvh8OjUsqVEY68F5gX+Fs2DdKa4XES32Ev/yWsQGdI3w4BZEfxQE0S3D4YqLKnT4YzeSs1/Q
evEaMuM8Mh4y9JZ06wmZtL6HtsvEYcegV0FxyG20YFrdeL0eAcvThkA/fYS8CqwGdM99n8UiUV2E
qodOuWYzwZMsJpfBoGNGAkGDAsW/Mh6gaifyBq694UEm2J5uFBzcM+SuWoSxR2sYytA1k4mID+E0
ta3230LLO0oWoTfgyTUYR3wNtlahC94nuI8EtJZLipdN4wi8GvQwXJ7sM8pHmHYoMGb2GX4NHgTB
qES6gXCAtFkWgpXhJYp5n0wAZAJLjKM7eqYBagCRyLrDJTjUrQZ0NkZ7xmvQbveZTP8K6ktjuk1t
Y0dmVbiZ7YEMGYwtl9RCYpS1pIfEqmjPnIwjzsIQu9NXL79QJ9CndpIKg0pK/2YzXH/FaDusfXOA
asNBjcRxNk8VVSkMFTMDbFou6lwYuKAm2kGUMNxE0gfYDyNAG0Gbi0DRYF0Vw9Dg4rK6KLdZiCgQ
KeKFGrevgmgExoORnik6DIOZTHH4z8SEj2gPMtZXmq6SbmWCrOn2AXbarSTFk0HBuL4tK0a5jSUk
4FjSbrJM4OZTyGYMyWXepLJx6KwMRzKbRNBP+GIjGQU2NCGYZYJ2yKooBbROXlp9p/5/vQSYOj2G
HwP2t+FP0mhOELSHXULS7BIG3gMjrfCXgLDVIipyAB9pRGhwyV93AI/GBOFBb8G8DIIT7qbJxJ3w
MnK8kcKrRiMGs+XV4s6DZCNZiaOc1tvBySEbvD7rs/Ozi7MBO+r1zs9O+qx38o5BBvrm5N0+g4vY
4C1cdcI+vn57fsJ67952T/r9SnH4P6iMHu7cR+EaXXCC4nlTQc6YdLF0sw6oHRIGn7wKXVLGVfDK
wRIryEhBSnDNYEgo7dfsTNkXZJAYHkO8TDdGnBUTcLorF56Pa2jjLUYPzALohsr9q9EMdMoPnTYX
HiYLSq8IV/WquncpA1iWmCcrUWtVLWvy7GFIWvKalnzC4xEMirIXBYHKbMn3PKxdGmUIR9/F9F3g
tWc8zCg1MZFA2paBBT7bz6NB0QRzI1SBdTwGXkre2Wr0Vdhb5e2VuUNuEWWBv8QiIXzchmyFP1GM
aVtHHwRtVqtaVmjtlPzEvfBIpqM4LGUbx9EsD7Pqbn1F2TRMs4dRGt2T92yDPWBSlnX083QSuyyG
ltAMtSH72Wyuci+V4DF9oown8v46xov0DYSdYOYSwBEEeBjq/AEFQ7iGkAct3Ih8WestVILQa5M8
F0V/ha2tUO3nHamyA51yVhQavPSresKqyZtm4XWSY+/yOVLlLJtBdMVnSywvKLAjmaqxFIqVXnG8
aFXSiLlvY5CKzzUiarCMOXIG4ba+7LHjSJ0q2jRmRejzFH91cT6EFC99oSkZ5QxlD+pHsZTtGKBQ
lgKJI2oP0KnUQnGZc6xYmLpHSbiSDm7T+lTy5C3jxas8FxWIH2bP+T7O6jE7HIahSLHDDnWAgKRs
GgUquRzx1JtSDk6QIV8CE9Ihhnybqov0WRVYRmKZZqrI9pPZS/kpdKvxIkXm+6zsGB1InUcNl9Mc
DLjtRlN77VUGS3UuJo++khwrHUrx8WYgalgV9hqyQLCl55TWsW7v/T7cCxhGML5upQ9mT2mC8p5L
/mXif8iaecK9ysUT0o5xbYUd+eCopjwYH+AXxahA8AXYsG4KGmU4H4MGZgzEVdAzmJlFyMkdejVM
LnlQYQjifS/s5Wn2qjykFekA6hafGMKN2Tycl/Vxoa650KMukV/Esj8xIc+7Eafs8mwJEnZlHkZo
rXdcddOzCuvpewKO61GwvtZ1qrYFanEc8wmKAH0CakvmAeUrWHzOADwOdh5jP3UDifMvVE3HUEaJ
JGUXg/eENAGRUOxRljKs3qkrV82psqKS+5pZmpXxrkNCi1bui1E2OcxLlZ+ZgyWKztSmMFTpPNPF
a6LKbbTkMIlU4NLW4CAz5ZwUt+40ihIqyfMKReQ1KHkwn6ecJfwm95Q4jZLPOuE5o3gFYDTtpxIW
PVvxOZKhKoNp0umv7NMoukOrj9nZMdv79P7s+BnIDCYPGOD6W3D381i9VgWGgZVLDGVLZZX/gSVE
dAkpOwRL//TyPOevqxqD8ldqDKeeKGhC9oHlLYVhki3K5050CDFmgsZjahbOyfGifJdJ3zBEDnkK
eDfB09xvgvx0dj+vAKh41EjBbiDnpJQsjLxAzhndC2ZzwRdgMlhE4vYruh7HkKbjAPnicn5ONWnU
X/nsmTl/MqAJEGXvuGM+T1Vn0LXauLNET8R4MJJT5ev0PWV1zyGbQ5J0IwNsRvlx7aN0KxiIeDhZ
1ggh3hYU4+F+fpU17fbgnJXq5aMZfhWaamyKuWpEoyp1H2OARRdFMxFgh/ibIiTc/I7ipXEzCR4K
VfmOhGI2Ut8joQk8CnHT3ODJxmlez4q8SnxsaCk+OCLGi1BBFo9CBxMQ1B5CWX0YJo+BE9hHPu4A
bH4z/l2iqdFgxnmBcjb38c1YwyY9DKrUEM0Wm2PzmBob0fdDyAOhPkWMPc1iemOJaemYnkfJIzjd
Y4kO/MrMZT+xSYxvIizVs5qrWWqocl9F2jfdcvXSEfhJqGJU38yjeRbkxqgPMJTRNdoj1sgfUoZf
nmsvhsEEHRNEO50705Svmp061FEcJ9OoalRkFQR1f+GnSZbTHP5Kb2jvENt8USAth5tNnk8h3RxH
Ro/AKCurZxXLK6cR9gxBqeAbkRUZEWLwZIsZ1j0JrudMQMJkBR2LOX2erc6TCOTF+GQSQ/2s5sn0
pJqaPEhjTj1nyUf4YAS/PX57CPooa5+vQh86hVuhkmsOQ+eWWkwI+EoAolWM2W6ItEvNK9NUnXNP
qdCh6rw2JgjyYVmHKjNHJHpkqg7S7hDtxJi02gf/OJ/yfYb7AVJ8TpdpGLjesYgh1S576hsRh/ps
Hq5UsODWJJh+7GXE1wxSTgjl5MVyZ6EZUs+r83kb93payWp2dSpnK1+tAzAyxetxJKBrxp5Fh4kN
0uyevimfya2sGtBnzBZybT4e4rXbVr2rRoUxcaJ5APtU6zOfIplqInkMrHJ04qw9Bs42Q23iU+Yo
x0tGUH6AIOrxA3qgfOZA+Tjgp11kHtl4IHmiyxLIJPlsHuRHmPMARt1Xh3mnqXNgtzh7dcj+SckK
xM99ms76HZlSxbEKk+ZjERIDE0dcsKFmDfKnWTQd8FDEooBOETqhBJmqTdywEbDqcGvCV+0SBvWT
4WMvjAoqeq1aPGSn50eDQ/fvrf1G587Zr93V9t2/O3/3MSGicb6HD9Q9dK7P21XlitVRvfFMZXnq
6YJZrKsRjrEFdKxn0ij1oKkw6DVvgQ9aMi/N4twp5xVKvHwuQR4H+ECo8ujZUJIrrJw/0wBbUOns
T6fkaqgput5iklGmoChXBqVMuaWR9EVzqm/FHTi+RBd33jWWBwkVMqCRkYTEfKGSOLoO5aXP7AQq
jKgxo6Qk/pCMxEtfXdovCfzKViL1JiK0tOWw1MYl+vj0e+RBTjQ1KfjMKfRxFalBi2ZXfpSCM7So
+DjTImRxYB779IrI6ngsA1pwtqJMZnPzcArhwzyWMMpuTMLnhJ7dL49nI/UEzaRhKubTAtIVbe7Z
Yr8TYz27YN1Jfj+xSZChzExKv3duIVgk/wpwF6j8F1ueSqNrEUJ4tyRecHp+6ur99b7IuVqM26Gl
418COTKvhsO7ma3TCNG41WrNcVzcHKV3/NaS1I+uCEmRCCRpdwcM9zBJrAv7Egf0pwtLxAICOIxp
yWGBeIsb7lnEuZ4s1KsIHYhICHhqG9cq2l5RMpWlEj+EiZs10ZouORnJkOMnQ4gLqol8kD+ii9Q3
x7x4MccdxIngKlsTmLZY1ubf6zlpdTapqGapOzE+bAZ1W0YueZIp+8oh/oZ52NseTfms7v7jj/8B
OMKW4g==
===END CRASH DUMP===
