PocketMine-MP Crash Dump Mon Nov 29 19:39:34 +07 2021

Error: pocketmine\Server::unloadLevel(): Argument #1 ($level) must be of type pocketmine\level\Level, null given, called in C:\Users\tungnguyen\Desktop\Servers\AcidIsland\plugins\226-NichiSkyBlock\src\BaliGamerz\SkyBlock\island\IslandManager.php on line 261
File: pmsrc/src/pocketmine/Server
Line: 914
Type: TypeError

A PLUGIN WAS INVOLVED IN THIS CRASH
BAD PLUGIN: NichiSkyBlock v17 Official Release

Code:
[905] 			}
[906] 		}
[907] 
[908] 		return null;
[909] 	}
[910] 
[911] 	/**
[912] 	 * @throws \InvalidStateException
[913] 	 */
[914] 	public function unloadLevel(Level $level, bool $forceUnload = false) : bool{
[915] 		if($level === $this->getDefaultLevel() and !$forceUnload){
[916] 			throw new \InvalidStateException("The default world cannot be unloaded while running, please switch worlds.");
[917] 		}
[918] 
[919] 		return $level->unload($forceUnload);
[920] 	}
[921] 
[922] 	/**
[923] 	 * @internal
[924] 	 */

Backtrace:
#0 plugins/226-NichiSkyBlock/src/BaliGamerz/SkyBlock/island/IslandManager(261): pocketmine\Server->unloadLevel(NULL )
#1 plugins/226-NichiSkyBlock/src/BaliGamerz/SkyBlock/EventListener(138): BaliGamerz\SkyBlock\island\IslandManager->unloadByPlayer(object JackMD\NameSpaceRemover\CustomPlayer)
#2 pmsrc/src/pocketmine/plugin/MethodEventExecutor(42): BaliGamerz\SkyBlock\EventListener->onLeave(object pocketmine\event\player\PlayerQuitEvent)
#3 pmsrc/src/pocketmine/plugin/RegisteredListener(80): pocketmine\plugin\MethodEventExecutor->execute(object BaliGamerz\SkyBlock\EventListener, object pocketmine\event\player\PlayerQuitEvent)
#4 pmsrc/src/pocketmine/event/Event(88): pocketmine\plugin\RegisteredListener->callEvent(object pocketmine\event\player\PlayerQuitEvent)
#5 pmsrc/src/pocketmine/Player(3713): pocketmine\event\Event->call()
#6 plugins/AntiInternalKick_dev-4/src/Jibix/AntiInternalKick/utils/ModifiedRakLib(101): pocketmine\Player->close(object pocketmine\lang\TranslationContainer, string[17] client disconnect)
#7 pmsrc/vendor/pocketmine/raklib/src/server/ServerHandler(127): Jibix\AntiInternalKick\utils\ModifiedRakLib->closeSession(string[17] 1.52.90.163 44466, string[17] client disconnect)
#8 plugins/AntiInternalKick_dev-4/src/Jibix/AntiInternalKick/utils/ModifiedRakLib(88): raklib\server\ServerHandler->handlePacket()
#9 plugins/AntiInternalKick_dev-4/src/Jibix/AntiInternalKick/utils/ModifiedRakLib(78): Jibix\AntiInternalKick\utils\ModifiedRakLib->process()
#10 pmsrc/vendor/pocketmine/snooze/src/SleeperHandler(113): Jibix\AntiInternalKick\utils\ModifiedRakLib->Jibix\AntiInternalKick\utils\{closure}()
#11 pmsrc/vendor/pocketmine/snooze/src/SleeperHandler(75): pocketmine\snooze\SleeperHandler->processNotifications()
#12 pmsrc/src/pocketmine/Server(2155): pocketmine\snooze\SleeperHandler->sleepUntil(double 1638189574.3979)
#13 pmsrc/src/pocketmine/Server(1992): pocketmine\Server->tickProcessor()
#14 pmsrc/src/pocketmine/Server(1586): pocketmine\Server->start()
#15 pmsrc/src/pocketmine/PocketMine(314): pocketmine\Server->__construct(object BaseClassLoader, object pocketmine\utils\MainLogger, string[47] C:\Users\tungnguyen\Desktop\Servers\AcidIsland\, string[55] C:\Users\tungnguyen\Desktop\Servers\AcidIsland\plugins\)
#16 pmsrc/src/pocketmine/PocketMine(344): pocketmine\server()
#17 pmsrc(11): require(string[102] phar://C:/Users/tungnguyen/Desktop/Servers/AcidIsland/PocketMine-MP.phar/src/poc)

PocketMine-MP version: 3.25.0 [Protocol 471]
Git commit: f48b703533e0ced4e8ff9e118c5fe3889ccaf23e
uname -a: Windows NT tungnguyen2-8si 10.0 build 14393 (Windows Server 2016) AMD64
PHP Version: 8.0.11
Zend version: 4.0.11
OS : WINNT, win
Composer libraries: 
- adhocore/json-comment 1.1.2@fc2f76979f0a44a5f5bc2a2b600d0762fe0e78e7
- daverandom/callback-validator unknown@unknown
- pocketmine/binaryutils 0.1.13@0abee38d4e2861621f262c79a2a3d699d8a697f4
- pocketmine/callback-validator 1.0.3@64787469766bcaa7e5885242e85c23c25e8c55a2
- pocketmine/classloader 0.1.2@9757928424652393b178a3760073113aa7c9911b
- pocketmine/log 0.2.1@830b44a2cf96ef703c550abe64302f230231ca49
- pocketmine/log-pthreads 0.1.3@e477ecf6ec214fdd4415ea1da3fdd9d73bf699ea
- pocketmine/math 0.2.6@43057cb8c179a9859677b496a788db922fd5cfc3
- pocketmine/nbt 0.2.18@9f82ca4d7f97fcd9a566e44b63c4f18a7657ae82
- pocketmine/pocketmine-mp 3.25.0@f48b703533e0ced4e8ff9e118c5fe3889ccaf23e
- pocketmine/raklib 0.12.11@9cce458b8bfde3e4dfdbf70c659fc7b7fe26b5c4
- pocketmine/snooze 0.1.5@70b5e7937a06878dd321a3182ceb76d56298f2cd
- pocketmine/spl 0.4.2@6b08b7cf8c4afa17139c9a1b3bf1b408531de161

Loaded plugins:
AddGems 1 by  for API(s) 3.0.0
AlwaysNight 0.0.1 by YTBJero for API(s) 3.0.0
AntiInternalKick 1 by Jibix for API(s) 3.0.0
AntiTNT 0.1 by Adam1609 for API(s) 3.0.0
AntiToolbox 1.0 by FaigerSYS for API(s) 3.0.0-ALPHA4, 3.0.0-ALPHA5, 3.0.0-ALPHA6, 3.0.0-ALPHA7, 3.0.0-ALPHA8, 3.0.0-ALPHA9, 3.0.0-ALPHA10, 3.0.0-ALPHA11, 3.0.0-ALPHA12, 3.0.0, 4.0.0
AuctionHouse 1.2.5 by Shock95x for API(s) 3.0.0
AutoClearLagg 3.1.0 by Twisted for API(s) 3.0.0
AutoFeed 1 by Ghast Noob for API(s) 3.0.0
AutoFix 1 by Ghast Noob for API(s) 3.0.0
AutoInv 0.0.10 by JackNoordhuis for API(s) 3.0.0
AutoSell 1 by Jero, Cur for API(s) 3.0.0
AutoXP 1.1.0 by JackMD for API(s) 3.0.0
Badge 1.0.0 by YTBJero for API(s) 3.0.0
BanItem 2.3.3 by LDX for API(s) 3.0.0
BanXuid 0.0.1 by YTBJero for API(s) 3.0.0
Bank 0.0.1 by YTBJero, GhastNoob, Kaido Joestar for API(s) 3.21.0
BetterVoting 2.0.2 by Twisted for API(s) 3.0.0
BlockCMD 1.0.0-beta by kenygamer for API(s) 3.0.0-ALPHA10, 3.0.0-ALPHA11, 3.0.0-ALPHA12, 3.0.0
BlockCountry 0.0.1 by YTBJero for API(s) 3.0.0
BlockSniper 3.2.3 by BlockHorizons, Sandertv (@Sandertv), Chris-Prime (@PrimusLV) for API(s) 3.2.0
Boss_Quai 2.1 by phuongaz for API(s) 3.0.0
Broadcaster 1.5 by EvolSoft for API(s) 3.0.0
BuilderTools 1.2.0-beta4 by CzechPMDevs, VixikHD for API(s) 3.16.0
BurgerSellWands 1.0.1 by Heisenburger69 for API(s) 3.0.0
BurgerSpawners 0.1.4 by Heisenburger69 for API(s) 3.0.0
BuyKey 1.0.0 by  for API(s) 3.0.0
Buy_cmd 1 by TungstenVn for API(s) 3.0.0
ChoDenUI 3.5 by BlackPMFury for API(s) 3.0.0, 3.2.0
CmdSnooper 1.0.0 by HotshotHD for API(s) 3.1.1
CoinAPI 2.0.9 by onebone | Edit By SenKai Official for API(s) 3.0.0
Command 1.1.2 by PIG for API(s) 3.0.0
CrateVH 1.1 by PIG for API(s) 3.0.0
Crossbow 1 by SonsaYT for API(s) 3.0.5
CustomAlerts 2.1 by EvolSoft for API(s) 3.0.0
CustomPrivateTalkCMD 1.0.0 by YTBJero for API(s) 3.0.0
CustomWing 1.5 by YTEsDev for API(s) 3.0.0
DEVirion 1.2.7 by poggit, SOFe for API(s) 3.0.0
DLevelIsland 1.0.0 by Nguyễn Công Danh (NCD) for API(s) 3.0.0
DancingFarm 1 by RicardoMilos384, DontTouchMeXD for API(s) 3.17.0
DanhHieu 3.0.0 by padreon for API(s) 3.0.0
DevTools 1.14.2 by PocketMine Team for API(s) 3.13.0
EasyCommandAutofill 1.0.9 by jasonwynn10 for API(s) 3.0.0
EconomyAPI 5.7.3 by onebone for API(s) 3.0.0
Enchanted_Item 1.0.0 by Panda for API(s) 3.0.0, 4.0.0
Eternity 1 by minefore and shin1134 for API(s) 3.9.0
ExtendedBlocks 1.3.0 by Javier Leon9966 for API(s) 3.14.0
Fishing 0.4 by benda95280 for API(s) 3.0.0
Fix 0.0.1 by YTBJero for API(s) 3.22.0
FormAPI 1.3.0 by jojoe77777 for API(s) 3.2.0
FormImagesFix 0.0.1 by  for API(s) 3.11.4
GCPClan 1.2 by InstantlyTa for API(s) 3.0.0, 4.0.0
GMCDetect 1 by TungstenVn for API(s) 3.0.0
GemUI 1 by WoolChannel3295 for API(s) 3.0.0
GiftCode 0.0.1-Beta1 by YTBJero for API(s) 3.0.0
GuessTheNumber 3.1.0 by SalmonDE for API(s) 3.0.0
Hyperion 2.6 by hachkingtohach1 for API(s) 3.19.3
InvCrashFix 0.0.1 by  for API(s) 3.14.0
InvSee 1.0.0 by BlockHorizons for API(s) 3.0.0
KeepInventory 1.0 by KhoaGamingPro for API(s) 3.0.0
KeepYourXp 1.1.1 by ArasakaID for API(s) 3.0.0
KingofBlock 1 by YTBJero for API(s) 3.0.0
KitUI 1.3.5 by Infernus101 for API(s) 3.4.0
LoadWorlds 1.1 by shin for API(s) 3.0.0
LockWorld 0.0.1 by YTBJero for API(s) 3.0.0
LockedItem 3.0.1 by ytbjero for API(s) 3.0.0
MSpawns 2.2 by EvolSoft for API(s) 3.0.0
MapImageV2 1.1.3 by Fixed fernanACM for API(s) 3.0.0
MaxEnchants 1.2.1 by Xenophilicy for API(s) 3.0.0
MenuAuto 1.0.0 by JeroGamingYT for API(s) 3.0.0
Minion 1.0.4 by phuongaz for API(s) 3.0.0
MonsterGate 1.2 by K27 for API(s) 3.0.0
MuaDanhHieu 3.5 by BlackPMFury for API(s) 3.0.0, 3.2.0
MuaPointUI 2.0.0 by JKPVN (JakayPluginVN) for API(s) 3.0.0
MultiServerChat 0.0.2 by tungsten for API(s) 3.0.0-ALPHA12, 3.0.0, 3.0.6, 4.0.0
MultiWorld 1.6.0-beta5 by CzechPMDevs, VixikCZ, fuyutsuki, kaliiks for API(s) 3.20.0
MyItem 0.1 by AnhKhoaaa for API(s) 3.0.0
NGVS_Khoe 1.0.0 by NguyenDongQuy for API(s) 3.0.0
NGVS_Quest 1 by NguyenDongQuy for API(s) 3.0.0
NVSSP 0.2.1 by YTBJero for API(s) 3.15.4
NV_Mitsuhi_Otake 1 by Nguyen_Dong_Quy for API(s) 3.0.0
NameSpaceRemover 1.0.0 by JackMD for API(s) 3.0.0
Napthe 0.0.1 by hachkingtohach1,tungstenvn for API(s) 3.0.0
Netherite 1.2.1 by Wertzui123 for API(s) 3.0.0
NichiSkyBlock 17 Official Release by BaliGamerz\MadeAja for API(s) 3.0.0
NoAdvertisings 0.0.3 by YTBJero for API(s) 3.0.0
NoFallDamage 1.0 by DeveloperNeb101 for API(s) 3.0.0
NoPvPArea 0.0.1 by author_name for API(s) 3.0.0
NoTP 1.0.7 by awzaw for API(s) 3.0.0
OffHand 2.1.2 by alvin0319 for API(s) 3.0.0
OnlineTOP 1.0.1 by HMMMM for API(s) 3.0.0
OreGenerator 0.1 by phuongaz for API(s) 3.0.0
PCEBookShop 1.0.3 by Aericio for API(s) 3.11.2
PHP-Sell 1.2.7 by Muqsit for API(s) 3.0.0-ALPHA9, 3.0.0-ALPHA10, 3.0.0-ALPHA11, 3.0.0-ALPHA12, 3.0.0
PM-Beacons 2.0.1 by jasonwynn10 for API(s) 3.0.0
PiggyCrates 2.0.9 by DaPigGuy for API(s) 3.2.0
PiggyCustomEnchants 2.4.3 by DaPigGuy for API(s) 3.19.0
PlayerVaults 3.3.1 by  for API(s) 3.0.0
PureChat 1.4.11 by 64FF00 for API(s) 3.0.0
PureEntitiesX 0.7.0 by milk0417, RevivalPMMP for API(s) 3.19.0
PurePerms 1.4.3 by 64FF00 & ProjectInfinity for API(s) 3.0.0
QuyenVipUI 1.2 by NightBlackDM for API(s) 3.1.1
RandomBlock1 2.0.0 by Edit By Nờ Cờ Dờ for API(s) 3.0.0
RankShopSystem 1.0.0 by zZPROGAMERZz423 | §eFor issues report by §2Visiting GitHub.com/zZPROGAMERZz423 for API(s) 3.0.0
Report 1.3 by ImNotYourDev for API(s) 3.7.0
SAC 3.6.5 by DarkWav for API(s) 3.0.0
SETVIP 2.3 by MCPEVN TEAM for API(s) 3.0.0
SeasonPass 2.0.0 by TungstenVn for API(s) 3.0.0
Shield 1.1.0 by JavierLeon9966 for API(s) 3.7.0
Shigeootaku 1 by Nguyen_Dong_Quy for API(s) 3.0.0
ShinPickaxeLevel 6.0.0 by shin for API(s) 3.0.0
ShopGem 1.0.0 by YTBJero for API(s) 3.0.0
ShopPoint 1 by S2TwKen for API(s) 3.0.0
Shulkerbox 1.1.2 by UltraFlappy for API(s) 3.0.0
SizePlayer 1.0.3 by  for API(s) 3.0.0
SkillAnimate 1.0.1 by Tungsten for API(s) 3.0.0
Slapper 1.6.2 by jojoe77777 for API(s) 3.0.0, 4.0.0
SlapperRotation 1.2.0 by jojoe77777 for API(s) 3.0.1
SpawnerGUI 1 by DandierSmile122 for API(s) 3.0.0
SpawnerUI 1 by DandierSmile122 for API(s) 3.0.0
StaffMute 1.0.0 by YTBJero for API(s) 3.0.0
StaffTable 0.4 by GigantLeyKey for API(s) 3.0.0
TableSpoon 1.0.0 by CortexPE, Xenophilicy, HyperFlareMC for API(s) 3.0.0
TimeCommander 2.2 by Zeao for API(s) 3.0.0
TokoThirstBar 1.1 by Rand for API(s) 3.0.0, 4.0.0
TopLeaderboard 1.0.0 by YTBJero for API(s) 3.0.0
TopLeaderboardCoin 1.0.0 by YTBJero for API(s) 3.0.0
TopLeaderboardGem 1.0.0 by YTBJero for API(s) 3.0.0
TopLeaderboardIs 1.0.0 by YTBJero for API(s) 3.0.0
TopVoter 3.2.0 by SalmonDE for API(s) 3.0.0
TradeNPC 1.0.0 by alvin0319 && FunkaDev for API(s) 3.0.0
Trident 1.0.0 by brokiem for API(s) 3.15.0
VanillaEnchantments 4.0.0 by TheAz928 for API(s) 3.0.0, 3.1.0
Wolfies-FloatingText 1.3.5 by  for API(s) 3.0.0
WorldProtect 2.3.8 by aliuly for API(s) 3.0.0
essentialsTP 1.2.2 by  for API(s) 3.0.0
fly 1 by IDontKnow for API(s) 3.0.0
iProtector 3.1.1 by LDX for API(s) 3.0.0

----------------------REPORT THE DATA BELOW THIS LINE-----------------------

===BEGIN CRASH DUMP===
eNrtfQtz2ziy7l/B9ZzadfZaski9vZWpOLKdeGM7mlh5zKy2XBAJSYgpUsOHbGXP/PfT3QAlgFYs
yVE2p07NTM1YbJKNrxuNfoAg+O+9YRRPeHozE3Eio3DvqHawl8qJ2DtyGtWW02rXm7VyrdJ0qnAi
m6pT7WrDLdfb7Xaz7TRc12kc7AU8SU/jOIr3jv69l86ncNVeD/4o2sHeRCQJHyF1Gnm3Ip3IUPT7
1yKGho+OsjCIuH8hZiLYf3bEjuNRNhFhyn5y2P5/BUh+xiZZkrKBYNGQIX9m8qFL+n1icMDCLAjY
SM5EeMA8HgTCZzJknaN+/30CYvb7aRaOwlE2F2G/fyKS2zSa5ljg7LEn/fMk4KHf70+DbCRDILpu
o3QlvbG8vp2/DKDpfj+JvX7/JQ/kKz4R8RfgsDgl9e2KzSUPQfS4PB1PWRSyACAzt+GAVoaA9EwG
pJYxj48ODztHhwTycInxUEM81AgPlwAPu6SES+BYuuyWkcchwDpc6kbfhG1je7qtCV608kK4CPFB
HztoCTH34Pc/936qMK2KwweaIEZLPRwu6EoLh5YS9kFw6OGHRlD62TSCq/cXF+wZgAEL2L7hU+j6
9EImqQihRafagha36Kgcyst5N+Bz4BANPgsvZf/g3u3lSb9/BWyup6CZd2ISAfR+vwO2GU3U1YTa
ZSt1rEQ5vBTpOPIJ5em98LI0ivdr7ldBWuKUfo7CC8FnIkdlqlLglWi1CKTfV4B+yWRKLAhZ9VFk
78QI24mFv1Bfq1LoL3Vpv79CitLPgn4twG0g0AF7miC11YLQncoC9lutr0B/KGbpZ/QU6ran4amv
xqNNqAoetABG8yQOqvl9YtRYWPxxmMrzEHCGPHgjvdsbX8xKNWrhH3Ig7x9ccJilMkgOLyNfDqXw
3/HbCznYdyrFIadAQaNBlKw0JBgNo36/F/MQBkYKgaEThSmX1F1JGstw9E+n+S/mBRLdtC8TLwpD
YEICNLUmQDA/ik1lxPw2kAMSIKFRr73Oaxh8AQ5VtwlISTbwwwXh+n2SDgzPEk9LcQ0BBnDuG+ic
ct0ttytliGSsVqs1Ghtgb+1a+WSDSm4IGSRt7vK01KWfx/Sjy1FPygbau4bRbD1BsdM48kCtCpJT
+Wq3JmEUfRGE6ToQYmp0KFn9tu2uu/7f2ONZLP7QyJwnIGvWC2NCXQp9Y123UMJVlAJGjwZDrpGv
eHnVu/uuU9+0jQSP34O4wb4fZYNAMCP7qkKapdqrPtqe0267XwmtKWivq+SAUKOY1R5nVm81vsIs
SXmszdT5mtNbpCX7Vaf2FT43NzDwYEBmXroMF4noQCqZXED4/UpoyG0GvNFFNBoZHqkGo/pJWd6C
Q73+r2/ME5VaGuvVUiuqRfkGrVftQmH8oPcQv2cyFgvXVnH/xXadLj7b+9cfB3vizwx+2wx+q4wa
VKzw3MhwFgUzgTqC22XoQwd76V5+HmgWVjjhRb7ArmlX6nC2n+K/fwC9XWnoY3XUhCP60dLkWKRZ
HJJO/04n2nSCrnYq+mrHIeLh3/5GRy4dsb+xF+k4ju4SBpoIZ6Ap/zrlqTi998QUPSFdXNUXH9JR
jY6m4MWkx4ZZ6OF1zLQP+j9TVnHABlEEB1CGeuI9XcSesyEPEvGMHdHJfxPbXGg51PbEnj9/zv4r
Hcuk9PNIpCdiyLMg1RbIoNPY/zO5PlNsGgvdkWAsFHdfk22/v9cbC+YrxuwuigMfrDEMI7JiJRFY
5t0YbIDFWRjC6DyAwC3Ai7HkTqbeWN2VlPt7z0j3TtPsK6eVa79t95WSMK9D9i05iI9bWfah62gu
rmv2oVtd9KHUQZTItUVv/fFngfdngfdngfdngfdngfdngfdngfdngfdngfd/usA72BthJIQ8EMqI
kOOTnD3rBkA2gA5aPgzaq5bdermC9EwG/t6RW3GqB3syQSe1d0RpOpQscZRGXgRsa00HGpFY0gxr
rUGzUq1Xq6LiCb8mWsNhWzhOy6sPRbXVanseH7pVAbwzjeUjlEFYa1z12FJat9RKJHMq5QojDMyp
VdtVtp9frJTAAFjjGTu+PGnUsIgaT4FfqwyhAYu0L+A24LiWH8PpmyjBFs+vrnpAoIM7GVKZNZlC
tIlvwJ/HPJYiQW1xfwwSxuLwcxKFJbhGF25O2Sm7L4aeO2w2YBQPK7xW4/VhfeC53B00KhW/0my4
Q1ERzZZoAnsfEjsIun40OcSEYAAhoUS1B0+x8gZd3IbRXfhC/0WwS/MayJDHcxofcCkIU3aqLyp8
IEChoGG31XAarjN0G67XbHOXV/1Gu+23OEAb1mxWKxt3QEHVF41as9WswT2NxsDjvCnqrVbdrbmi
VffcqufWBfRhnbsFhjiqqSKKNTb3RbtZb7bdVs2tNeou9NrAabZ4tQlqaVYhcABvrw2V58DmFEQj
4uCWnRetamUAGnW9YbshhmBP0DIK3KhVKy6YT8WtOh6vtR9wKE2hvhPczxVVfSFqzabwhg3huU5t
6Pu1mlMX3PF5FQ7afrM6GIK2BLdZTXg61mgaL6DRetMbtDwH1Ntu1duNZnNQazd4s9XyB1B/Df26
N/SqNotwkObytF60hy0XAPvNIfSJ57d5vdEQtdqgUfVqQ6fFm416k4tWQbnLn6XJdDEsX2wxxh7k
aEovgMl5AZeJWr01aA2GvqiKmj/0B6Brr1FvD73moDkUbmNQ9woWpEKdVm/9RbMyqItmu9rklUar
2fL9quvwqgPSikGz4dcbbrs1dD2/wGQaEIcaWEtjUAFxvGHLq/EhdyCfbntt7gygY5xBrdKqVx1f
OA1n74/FNAqNzWPffyUmieHUcsrB3tKT4bjnGRQ0MVz5T/CFfCqx8K2CzVfQN4qQQ1wGPwEBC5ya
D/E79PW1STRMT0zChNMczXScReGIQ+3zGis2iCLYLkYunPWBwYAe9u117+PbdxcnQLoTg0SmCBGL
7+Pgjs+TKzkapyZ4g2oKUEHvZQmx92vv5T9EHO3tSBrNrt/noQq/GwlRyOFMSYqnvt4fe5QR7kqQ
r6aX2wjVg8hgy9KjWGH2SEGIY59PnEalvSs5dKNF3Ne943e9993VqKMoGET3ReSaanUAxXUD/RmX
kGxd/3pdhF86vui+PsbhbxzW7cOGfdi0D1v2Yds+dCqFY6dw7ObH8Lf2LQpdiKiMQ6vFOlhnHuM0
nSaQmEGWM84GZUgFDhdcD00+2CEZTX6+jrJEmD1iku0ucct1u1OuIe+4bde/cWjsnUImHk3mx91z
YH8ezjoxT8ZnasRp3SS6JRj+Ct8Y8YFubLTrx06WRp1A8PiCj0aW1CbdFLtafmCLvTuctvF3NZBS
xQ5Fg0wVQQQAAmWzMW3b8xrmcTIPssll59Dmp5VxJhCtpQciPeINX415krKrKBrszJXoVrfwgXiH
vC8il/c/ADh6821wg4UXcCPlQTQtGB1O/wL02B9nMtkV/s/ANMyZKgOU4UyZngK1kUTXIggKIhHp
sZAKsfyAdbJ4l12RQKPb9cWnbgH3p27B6T0Y/WoefmfZgJ7VV21vBn7FWFdsDrUEINxL7o9Mt66O
CyG2KNr3Stmo8c075iUPz1MxsdArionfLVfLVRv/xcmnXWEHVoibmn1yrwCT0mWne3qY41fCfcqk
bwtHlB+UT+vmt+qeWxv+7abYD5QPJhd8sPeGSz9i/4gEzulZcrnODgQbALAtpBIpJOMfolSGZmJg
kW3zg6L5O+QFe105Gs3VI73T0BvzME32ViQLAwI2I2DQiTbM9dLio7AOuDFD0pz0wEmUoC1ui3or
wvkIn6ytTse3SJqf2Ms5WhB9iXtDsaMsTOP5A9E1+UcNQwPDFlaLd12HciriojyaaueybtFl0qWv
o1h+iUKck7jmoS/idMb2X+Q/cU64M45lUurGciLgDP7NkosPz+xBu7WpX867QZTuFXo1R6N1ouTo
99Wk/EZKiZLk5peMS1MlC5o9iAu9m8+Z7O18DuY4izmCAKng/xuJEcMVHscnxaYgBtUeqYXi7HQW
BdcAa1eiGA2DDBaKR0r/PCre3d2VBSBC7uX0luTDGXMRY0lqzo9Z5GIBqnxRzZa080V44+7liZjh
DR/kvbx9bSdoTuPpcnvIfTrxgTt4XQUuRXCgBRvqtumBgfvQYkXKibFsh4T2IydEhn7sM0V3XbDo
10ImIhzQTY3tJn/MwvwRBdktoFYsgFs4M3XjlN+FIl4hcn6iMM1Vru1M4u2l1JienCIWwJIW5m+E
FZ0U4fHcfVeDnNrapsvmN97Et9ES5ZHar5eFI1z38iHcVecojtju5tA74+hEhO/PDewLkh0068WQ
CcVW9/Isg2ShiP/gKXFwKUcOoN9Xv7aQZuJfQyVv5wEGcU3l9zpKk3GUFt0mOJOnes2Jn6imQRYT
xnpJIhmixzHE0JRi+t22ZYhCMYD/2H+zU1+m7OWcXYsQagz2djiUnuTBrqxNN9TvewAMGIKEC4Qb
iDeZ8NC3xFOU4rxDobronr/alQC6xS1ccyfmqfjw2kStKQXU3w3zdZQFH2l+57csGPLxRJ59jrcR
ALKuQXRnSaBJj7iqa8hD+a+9ghD1pwtB7MBgdNtbCEAV4XEAyYcZGi3yo6ntrvNBs+V8DeoCx9My
Qr2QNZYzsK0eDwoV6srTP2hKaxWWbTvzoz3VYBAfTex/7Z0mkDPuth8/0jTCpvhPTj/ImOAt0C9I
xZS9WaiwohGuwYFK8+2Z2FmZRUz7/RlB6PchWde/DFhrHlCe0NpvtVTJlMskrzG2q1E272eO8Ooh
6/SzSmVYC0fshIdjtn/VOXn25Oz7YO8siidr8vArWpLUgXoTWwTRbeTrO5WHHljBGY/NqVeT+oij
fCc9HvvRpQyipNrCjPwkCtNelHnjS/GpkFY0n97TFleQcYnOOthQ3vFrKTJbWEWyE8AHHT3lfiyi
naWvml2/35NpGojjk3dbDEUxK1bQC1IhNtcepBSL9XWsJ/jE7qTqN3SSBoDrFmeF6vixkGDURUto
hwseIO0pT+Y6e8FnHUNpPXhadbY4ZAtJ42eeROHdPAydyu4eqi1Y9vsrIG3et4YHMIQ03cJStnq5
WZzb03nqztNeoRBQ5muhWS+QmtAW/k3hAU/hxBo/2wVt8hW11zctv1hA2KJ/cPmOTM1ifUF6xFfi
4rJhFAt6DywZy9BxqjVLnPbTxciZ9/uT4RaS3EM97gufZlxNX1I4YXdM9eGz0ZkUMbsAZ9ZuNxq2
Q6l9y1NS5JuzBauzUG0u5plEdZtJV06x55QKM0oDaIy3625rZz5CN9vvL9tfk57Yqx2KKx02fFDh
ujtIfbda8JDnLQZ0TVljSp+jz5Fo4j/f9pDB8MsLjiCDArH4sako5xM+EkmhLyz6471iDQicuXzq
KM9+TzDhxQ2SJLU93KZXXnW6HUgLDSFySiF7t/vkPExScJHBvLdz7ytz1ikHqTzuBbjO86xzrFGt
nVeF9AFum4ryLCQJLzsnIsW3lg0ZF7QfMTk5mng+tb5FN4mJNT+pjh8B/xHypA5EsVAEVbdd35UE
rzZdA0Gg5TDt6NfBc9w56cHgKL0UKf8PPWHNUTx9kQ2wecUhwI5+7ZGkmUiS3lhcZZOBNe9aOLFm
OeE1DyZReHK6s5kyzQ8ktnBs3oWv51NRKO8XJHuOqWGLMube+Bb0k0b4y7Hjfxvy0yeKVODb7+dw
lr829BE4MxB48byczFORlEORHvo8GQ8iqF7ppXNz/elSfJO6hYf/hpQn9/AynHnYMvn3zZ+BA+Br
IWwJkLAms7aXA+zqoZL9VF8h2UaYN0JM4S4RppG1bsOmP7p+/M044mrsdnfnWiym/b4FZ/PRhrf9
GmXxp2lBNE0sPhcorusH6+C3/HxnSxIXDJVECsUW4oA6oqHaGMSQx6A+EsB27PvfvH25DfDUirbq
uJim1osp0RAKvixxKra3+4aRb7CEHkAQm8uAY+oj7ephCGIQH31ag5XIztZPLtrcPNxitPWms7Cc
RlMljHdLPCxZctoPWqd18XGb3vBuhV+Y6jCIxVnGggjzdPB5hyJoduh4cwTm700EuqT1DqZt5RQ7
LXC/76Mn3Sh0xKL1pz1wuuRTqtw+uKZIS2LR9RYm2CAbED7D0crD487lziYHli8C5VhOwxG9pm0f
b9Rl/H6xjNSUcUktPrApWOEnEUbTsQykN9+VgAZLFGkBxTrYSDgRZjitakqWk9ZkOlYyvyu71G1v
7iEuZWjn2ZpQBF/7vssUOxfHJ7S+TTW/BX7cQ0HEr3hq5pom9dEJhTduc2eh3m3iVh6LhrfJLy8z
vuJhkEn9gQuCOoBBrwjq0HO9jfsm491IhnZSYxCLy2mKA+RN98MV2/8HpILzLr3Q/OHq2c5ee0Hm
IErGt5EnSKXaUaEz5qkllH2mmBoUrC7VUzxfWbtuvtCJfxvfOreVt1fdUtZi7mMQ7VHV0Oti62vX
xXZ+o42951maZLe4FvqWB1Le2qWeW9nRatkJAqZN5rCrDfDfslLWYISKmhfSK014/FXocIylG+c7
c/zzzd8TQtRXrz5c3wAE02kuaRusMhDhCQSAX7KdheQ351ui/yUTSVqEr4iP1HffBfvJ6y2wf7i+
Nt/5U8e2tbib1BJO/emz98eBuH8Zy3Ab2DeXEsbsWN68TfmtZTfFU2vVf4P6v9lhB1x92EKSwvaF
piTFU+tSuO/yJubD/RU3F22ajq2uUYQ1lWphcvMgDxeznRXjD6ZPFbD870ayCbgwllaat6StKSE+
ijj9kknHre5KoiVHECKH8eSJ/SW3w6VMKLS1y60heGH3W0P45mK1MXsnaLPVQq5obEl5Cfnp8eed
BaHVu11uM/my1EgODZUQHfsgYCoTsCCzhiycKFp59T8zH2Oj2GKwRmc8CE74hFvvSVvkR2eUT3B1
HS5qvxKD4uxf5ZvWTplsUcAlom3E6866x7Hglmw5bY1HUj9v6LadPgRFaTQG4+dm8vSssI2HxfBQ
WGnK777wu13hJ2b9fhil0ye7GQUIhAEX8dpeZZpTCiu4i5ULD2YyrFSdnb3VtGDY7wOEMe0mqH9s
0itvQ9w9vPfW7Jolbd2baZfwz+4WpwV6gmyz8fE2Fq9ov8E0MlMQi/xoDfH93hQ1MWwzi9HtnL6M
otvrcWQ+SDKpxQ4puOhjCHyeLKS5aIOPLlP+yvvqX819VSP9vgHMOnjCwNI8Dw0u9Cy3+7pbKuxN
siCtWaZ+SY9fV88QPH2HqKc+0QfAr2lsbmre3cvSS8Fxh1NT9iWxOPfj/GdXxQ4IBm5bkMNZLxGZ
Gb50ZIlkUNe8HnbC4eJXhaLH3fH2DHkjYNFLZNbBE8w7Z3posDlc6sTGUtSNfdbWUa3oAVbqyPmG
1ahFfVhoVhK/XT8WO6Un2nD8A34pwVKQSbZneKvl77IlY76oQ+3kPqOW8/3QFzjWD4UsFoUZ0AXJ
dms1taWs0cON2tlZZbtBTcy7Ip6s8Ot7Z5w2YEu6tLvLJzGTUZZ0T0s53RgbN6ptkFeDXf56QqcT
KL1L+YKNVs5pmMpUiuRTQUNLuh3am8XcfiKD20rNwZjwDkSa8aB7ednd2aiIFc/pZAKhbwrAhAam
NJLD3PqlCQProS2vVozqRVspila0m+oqs2F/YdDPuCf2eTiUtMx9RwPDsg1CZPzcgXUoPqCFX3AC
7IOcWg9FDOKjj6to31N62nNyuasXpT+cd3GjE+LZ7+cg1vqAd7RNM9X4jiGJRV7zgCd/S/oKX1nz
fXxjjf6eqL+76loD0ub5C9xEadz1PLGn9wsn1swQfvmt++7tq+PL03e/fam5VfbfDN/K401xFsVM
JkkmEhaLaRSnbDDX59wPEoDIcMReyfS1tqcCo+39p/Zyy+XmjzhVS3eGtFuoj2Qy1aYIhcVMhaVM
k6soxdVexZdLm09Iku5FgPtDJb3oBD9xEftGIDAbwq+hILT87ybSXR93DNHwyA7ejeID2hMe337k
O3tjVrPr96Fp+t/6tzeuT3sw0E3UilDY0K5Qg3S6px+uWO/0eGdlsmKJnxFIwdVspGyBiXuXJ2bc
MIhrnMz3Wk6PHFGMHIf5eyOxxlJYD1c1Ye3mj+aLSFuNksUczxbvOSlQ+d8N5RqJKEr5bWYLt6D+
iMdD7uauC6CGXend8ntB7y/bUtinTFEaD21vl+sZi21vI1A0fWXFsJzyQ7YuuPHGo+3A03qRAnxF
e2zjDLd390bsUP26zW2gZ8GtiO39xg3imu1W3gdpzM8CPp3ubBwYLHFIE5KX0RavbV3LL0IVi6ZI
S+Lj83u76gps70J9iWz5eyP4tzIIjkM5sVeLWeQ1c8a9ryzd+dZggk/Mlijso41Ew161u0VTiit1
3I1ec9zBG3WJAvDkpxVLZIe5LEtB30EsSe2Vi8UzD7bu21DwJ1dSBQBbDCu1idsrqyY0iI+4uRMI
6BCxrycyEI7rblcXLIuBwgZ3j+ae1ODWwq2S7fuJtlMBUj4cXma2y1jQ/rMxFJvcEnkPWylCV8RH
3zl/JUc8TC8E7f23I/gJtr05fkJ5PY2sYW4Q1+i+A+WcuO+e0rzgcg25fr0Q4mAsLjvfZUn5EqP5
e32V1pMToTfrsHy5TX/0VYffBI92uge51fa370Rui4IyR7dRbyzjJH3JLZkt+qPvDb3TVc0uo1dM
j7sQxEaWGk0vBD4npfc4LSmsEz9oszADwhajz4KOOwx+VS46+eNlQxhPlc+ukB6e+/HSbfUSvC3A
efJV2c6THyVaEcdWwn2I7F2pF6TiduPf5V13vXEVtri36r33HM3y10ZixaCNq645t7ggremjxTIa
9pe/sLMsvOU73KAvB7FFB8XSF1bNnlPWyDGIo1spJsWFzk+Grvnht5yp/X6/e7mEslaODzyEMozr
Z7n4VUtzIK06a8pXWzEbORbHX9pua+VrOt/wzYmZgoIbwcbiKZ9q0rgOV8kEivgYBUMpktIZMMZH
Ez1xb/buytOPv7i8q3W40PKJCJ1qtd83W9/cVulNjm4cFfZqscjFz760iqNPZsF8d0vikFu/T++t
TBWCTT5yt6JbLzMZD3Hm1vxGZv5p7TQW+AVPfF/t0JIWlCKSBB8J8yCxVj1a5GJ97X6P/jVb7PcL
7a/t22Fg7taAR4/Um+e4teObMNrZks2zYItNGKTWvrUa0CAW93Bxvu+Xh5Ytf3vKb0hBHyflMUiX
iuIWkPk3mWn2gd6lK4P1T3FpNS652vupuzhinSgcyhEbykD043740zXH76rNmFNlTvuoXjlym+z/
V5rMrbgOXqD4lfAB33On7VRdgyinz3EJMvyLxEmU+s/Vg1hP/QkgNaEfPn3sGq65G4PQpUAm6fMI
6lmg8DCMstDDwYWTkSXujaWYCfKfz6EKxNZwzqOkxzP043PVHL/X9yTPXaLgU8tJ5At1fhjFwHVB
082Blnz84HJ+PJ1NdSu+xNX/WZDOn5OMo3whZykRKTrH5DmSA3yEUEIre37ZKb/+tXv+6fSifHXa
W55MhPCNa1OomZ+fnJ4dv7+gi5RllX7PRDzXbWtS7IFwGhj+Lk95koAz85//jf4BbWVpVEr4TOgb
Z1LclXyJG3B54nkLSfeD6L6E9q0vAdWPMj4Sz0U4WmqT4wRpkOStKeIkGiwo1vd0y/MJfk/3J4YG
zTwyoSymuTqyJAbKZpY9gmUxCI2JYLn2GI8FS8eCRSGYYToGu/Ow81M2EEyGXpD5wocf7IEFI6/r
aAJ3DpFBkWfCh+KARfjyR4Is2SAW/JbNoyzWvJgcMjACCQ4dW4D+j8GSwMcA4ytxt2B36IshLeVi
d1H415ThpCSPGSp9AsLit63niDAdy0TJfTcWIcumI8jzgEG5H+LYUMyO+iFjP30c01spLI2gldBn
wEJ/Mx50AJVyEvAUQNFpghpE0AyICr9ESvrCfY88wXBhd0AanCBnZd555x4x+mY6nkjGWepH2Jvg
8+lUf0+NwlgPzkv8K5w564xxvYhospf4l1cj1qNrhAe3IPrjIIjuGA5XXFShwx+bSc5+QevFa8iM
88h4xNBb0q2nZNL6HtouE4cdg14FxSG3wZxpdeP1egQsThsC/fQR8iqwGtA9930Wi0R1EaoeOuWW
TQRPsphcBoOOGQgEDQoUv2c8QNWO5AyunfEgE2xfNwoO7hlyVy3C2KM1DCXomtFIxEdwmtpW+2+h
5R0n89Dr8eQWjCO+BVsr0wXvE9xHAlrLJcXLxnEEXg16GC5PDhjlI0w7FBgzBwy/Bg+CYFQi3UA4
QNokC8HK8BLF/JpMAGQCS4yje3qmAWoAkci6wwU41K0GdD5Ee8Zr0G4PmEz/CupLY7pNbWNHZlW4
me2DDBmMLZfUQmKUtKRHxKpoz5yMI87CELvTVy+/UCfQp3aSMoNKSv9mE1x/xWg7rANzgGrDQY3E
cTZNFVUpDBUzAWxaLupcGLigJtpBlDDMIukD7NUI0EbQ5iJQNFhX2TA0uLikLsptFiIKRIp4rsbt
qyAagPFgpGeKDsNgIlMc/hMx4gPag4xdK01XSLcyQdZ0ew877U6S4smgYFzflRSj3MYSEnAoaTdZ
JnDzKWQzhOQyb1LZOHRWhiOZjSLoJ3yxkYwCGxoRzBJBO2IVlAJaJy+tvlP/v14CTJ0ew48B+9vw
J2k0JQjawy4gaXYJA++BkVb4C0DYahEVOYCPNCI0uOSvO4BHY4LwoLdgXgbBCXfTZOJeeBk53kjh
VaMRg9nianHvQbKRLMVRTutt7/SI9V6fX7OL88vzHjvudi/OT69Z9/Qdgwz0zem7AwYXsd5buOqU
fXz99uKUdd+97ZxeX5eLw3+lMrq4cx+Fa3TBCYrnjQU5Y9LFws06oHZIGHzyKnRJCVfBKwdLrCAj
BSnBNYMhobRfszNlX5BBYngM8TLdGHFWTMDpLl14Pq6hjbcYPTALoBvKD69GM9ApP3TaVHiYLCi9
IlzVq+rehQxgWWKaLEWtVrSsybPVkLTkVS35iMcDGBQlLwoCldmS71mtXRplCEffxfRd4LUnPMwo
NTGRQNqWgQU+O8ijQdEEcyNUgXU4BF5K3sly9JXZW+XtlblDbhFlgb/AIiF83IVsiT9RjGlbRx8E
bVQqWlZo7Yz8xIPwSKajOCxkG8bRJA+z6m59Rck0TLOHURrdkw9sg60wKcs6rvN0ErsshpbQDLUh
+9lkqnIvleAxfaKEJ/L+OsGL9A2EnWDmEsARBHgY6nyFgiFcQ8iDFmYiX9Z6B5Ug9Nooz0XRX2Fr
S1QHeUeq7ECnnGWFBi/9qp6wavLGWXib5Ng7fIpUOckmEF3x2RLLCwrsSKZqLIViqVccL1qVNGIe
2hik4lONiBosYY6cQbitLXrsJFKnijaNWRH6PMVfXZwPIcVLX2hKRjlDyYP6USxkOwEolKVA4oja
A3QqtVBcphwrFqbuURIupYPbtD6VPHnLePEyz0UF4ofZc76Ps3rMDvthKFLssCMdICApG0eBSi4H
PPXGlIMTZMiXwIR0iCHfpuoifVYFloFYpJkqsv1k9lJ+Ct1qPE+R+QErOUYHUudRw6U0BwNuu97Q
XnuZwVKdi8mjryTHSodSfLwZiBpWmb2GLBBs6TmldazTfX8A9wKGAYyvO+mD2VOaoLzngn+J+B+x
Rp5wL3PxhLRjXFtmxz44qjEPhof4RTEqEHwBNqybgkYZzseggRkDcRn0DGZmEXJ6j14Nk0selBmC
eN8Nu3mavSwPaUU6gLrDJ4ZwYzYNpyV9XKhrLvWoS+QXsehPTMjzbsQpuzxbgoRdmYcRWmttV930
rMy6+p6A43oUrK91naptgVocxnyEIkCfgNqSaUD5ChafEwCPg53H2E+dQOL8C1XTMZRRIknZZe89
IU1AJBR7kKUMq3fqymVzqqwo575mkmYlvOuI0KKV+2KQjY7yUuVn5mCJojO1MQxVOs908Zqochst
OUwiFbi0NTjITDknxa0zjqKESvK8QhF5DUoezOcpZwmf5Z4Sp1HyWSc8ZxSvAIym/VTComcrPkcy
VGUwTTr9lX0aRPdo9TE7P2H7n96fnzwDmcHkAQNcfwfufhqr16rAMLByiaFsKS/zP7CEiC4hZYdg
6Z9eXuT8dVVjUP5KjeHUEwVNyD6wvKUwTLJF+dyJDiHGTNBwSM3COTmcl+4z6RuGyCFPAe8meJr7
TZCfzh7kFQAVjxop2A3knJSShZEXyCmje8FsLvkcTAaLSNx+RdfjGNJ0HCBfXMrPqSaN+iufPTPn
T3o0AaLsHXfM56nqDLpWG3eW6IkYD0Zyqnydvqek7jliU0iSZjLAZpQf1z5Kt4KBiIejRY0Q4m1B
MR4e5FdZ024r56xULx9P8KvQVGNTzFUjGlWp+xgDLLoomokAO8TfFCHh5ncUL42bSfBQqMp3IBSz
gfoeCU3gUYgb5wZPNk7zelbkVeJjQwvxwRExXoQKsngUOpiAoLYKZWU1TB4DJ7CPfNwB2Pxm/LtA
U6XBjPMCpWzq45uxhk16GFSpIZotNsfmCTU2oO+HkAdCfYoYe5rF9MYS09IxPY+SR3C6xxId+JWY
y35ioxjfRFioZzlXs9BQ+aGKtG+64+qlI/CTUMWovplG0yzIjVEfYCija7RHrJI/pAy/NNVeDIMJ
OiaIdjp3pilfNTt1pKM4TqZR1ajIKgjq/sJPkyymOfyl3tDeIbb5okBaDDebPB1DujmMjB6BUVZS
zyoWV44j7BmCUsY3IssyIsTgyeYTrHsSXM+ZgITJEjoWc/o8W54nEciL8dEohvpZzZPpSTU1eZDG
nHrOko/wwQh+e/L2CPRR0j5fhT50CndCJdcchs4dtZgQ8KUARCsbs90QaReaV6apOueBUqFD1Xlt
TBDkw5IOVWaOSPTIVB2k3SHaiTFpdQD+cTrmBwz3A6T4nC7SMHC9QxFDql3y1DcijvTZPFypYMGt
STD92MuIrxmknBDKyYvlzkIzpJ5X5/M2HvS0ktXs6lROlr5aB2BkitfjSEDXjD2LDhMbpNk9fVM+
k1teNqDPmC3k2nw8xGu3rXpXjQpj4kTzAPap1mc+RTLWRPIYWOXoxFl7DJxthtrEp8xRDheMoPwA
QdTjB/RA+cyB8nHAT7vIPLLxQPJElyWQSfLJNMiPMOcBjLqvjvJOU+fAbnH26oj9k5IViJ8HNJ31
L2RKFccyTJqPRUgMTBxxwYaaNcifZtF0wKqIRQGdInRCCTJVm7hhI2DV4daEr9olDOonw8deGBVU
9Fq2eMTOLo57R+7fmwf19r1zUL2vHrh/d/7uY0JE43wfH6h76FyftyrKFaujWv2ZyvLU0wWzWFcj
HGML6FjPpFHqQVNh0GveHB+0ZF6axblTziuUePFcgjwO8IFQ5dGzoSRXWCl/pgG2oNLZn87I1VBT
dL3FJKNMQVFuDEqJcksj6YumVN+Ke3B8iS7uvFssDxIqZEAjAwmJ+VwlcXQdykuf2QlUGFFjRklJ
/CEZiRe+eu9gT+BXthKpNxGhpS1Hey1coo9Pvwce5ERjk4LPnEIfV5EatGhy40cpOEOLio8zLUIW
B+axT6+ILI+HMqAFZ0vKaDI1D8cQPsxjCaNsZhI+J/TsfnE8GagnaCYNUzGfFpAuaVPPFvudGOrZ
BetO8vuJTYIMZWJSrrsXFoJ58nuAu0Dlv9jiVBrdihDCuyXxnNPzU1fvr/dFTtVi3DYtHf8SyIF5
NRzeT2ydRojGrVSqjuPi5ijdk7eWpH50Q0iKRCBJuztguIdJYl14LXFAf7q0RCwggMOYlhwWiHe4
4Z5FnOrJQr2K0IGIhIDHtnEto+0NJVNZKvFDmLhZE63pkqOBDDl+MoS4oJrIB/kDukh9c8yL51Pc
QZwIrrI1gWmLZW3+g56TVmeTiqqWuhPjw2ZQt2XkkkeZsq8c4m+Yh73t0pTP8u4//vgfRhCWew==
===END CRASH DUMP===
