PocketMine-MP Crash Dump Mon Oct 11 17:27:47 WIB 2021

Error: Array and string offset access syntax with curly braces is no longer supported
File: plugins/WorldProtect_Edit.phar/src/aliuly/worldprotect/BanCmd
Line: 50
Type: E_COMPILE_ERROR

THIS CRASH WAS CAUSED BY A PLUGIN
BAD PLUGIN: WorldProtect v2.3.8

Code:
[41] 			} else {
[42] 				$c->sendMessage(mc::_("[WP] Commands(%1%): %2%",count($cmds), implode(", ",$cmds)));
[43] 			}
[44] 			return true;
[45] 		}
[46] 		$cc = 0;
[47] 		$cmds = $this->owner->getCfg($world, "bancmds", []);
[48] 		if ($scmd == "unbancmd") {
[49] 			foreach ($args as $i) {
[50] 				if ($i{0} !== "/") $i = "/".$i;
[51] 				$i = strtolower($i);
[52] 				if (isset($cmds[$i])) {
[53] 					unset($cmds[$i]);
[54] 					++$cc;
[55] 				}
[56] 			}
[57] 		} elseif ($scmd == "bancmd") {
[58] 			foreach ($args as $i) {
[59] 				if ($i{0} !== "/") $i = "/".$i;
[60] 				$i = strtolower($i);

Backtrace:

PocketMine-MP version: 3.24.0 [Protocol 465]
Git commit: b54854529f8a1366e156f8ec32e02635ec670e95
uname -a: Windows NT tungnguyen2-4si 10.0 build 14393 (Windows Server 2016) AMD64
PHP Version: 8.0.11
Zend version: 4.0.11
OS : WINNT, win
Composer libraries: 
- adhocore/json-comment 1.1.2@fc2f76979f0a44a5f5bc2a2b600d0762fe0e78e7
- daverandom/callback-validator unknown@unknown
- pocketmine/binaryutils 0.1.13@0abee38d4e2861621f262c79a2a3d699d8a697f4
- pocketmine/callback-validator 1.0.3@64787469766bcaa7e5885242e85c23c25e8c55a2
- pocketmine/classloader 0.1.2@9757928424652393b178a3760073113aa7c9911b
- pocketmine/log 0.2.1@830b44a2cf96ef703c550abe64302f230231ca49
- pocketmine/log-pthreads 0.1.3@e477ecf6ec214fdd4415ea1da3fdd9d73bf699ea
- pocketmine/math 0.2.6@43057cb8c179a9859677b496a788db922fd5cfc3
- pocketmine/nbt 0.2.18@9f82ca4d7f97fcd9a566e44b63c4f18a7657ae82
- pocketmine/pocketmine-mp 3.24.0@b54854529f8a1366e156f8ec32e02635ec670e95
- pocketmine/raklib 0.12.11@9cce458b8bfde3e4dfdbf70c659fc7b7fe26b5c4
- pocketmine/snooze 0.1.5@70b5e7937a06878dd321a3182ceb76d56298f2cd
- pocketmine/spl 0.4.2@6b08b7cf8c4afa17139c9a1b3bf1b408531de161

Loaded plugins:
AuctionHouse 1.2.5 by Shock95x for API(s) 3.0.0
AutoClearLagg 3.1.0 by Twisted for API(s) 3.0.0
AutoXP 1.1.0 by JackMD for API(s) 3.0.0
BetterVoting 2.0.2 by Twisted for API(s) 3.0.0
BlockSniper 3.2.3 by BlockHorizons, Sandertv (@Sandertv), Chris-Prime (@PrimusLV) for API(s) 3.2.0
BoilingCauldrons 1.0.2-stable by Spice for API(s) 3.0.0
Broadcaster 1.5 by EvolSoft for API(s) 3.0.0
BuilderTools 1.2.0-beta4 by CzechPMDevs, VixikHD for API(s) 3.16.0
DEVirion 1.2.7 by poggit, SOFe for API(s) 3.0.0
DancingFarm 1 by RicardoMilos384, DontTouchMeXD for API(s) 3.17.0
DevTools 1.14.2 by PocketMine Team for API(s) 3.13.0
ExtendedBlocks 1.2.0 by Javier Leon9966 for API(s) 3.14.0
FormAPI 1.3.0 by jojoe77777 for API(s) 3.0.0
InvCrashFix 0.0.1 by  for API(s) 3.14.0
KDR 1.0.0 by JackMD for API(s) 3.0.0
KeepInventory 1.0 by KhoaGamingPro for API(s) 3.0.0
LockedItem 3.0.0 by ytbjero for API(s) 3.0.0
MSpawns 2.2 by EvolSoft for API(s) 3.0.0
MaxEnchants 1.2.1 by Xenophilicy for API(s) 3.0.0
MultiWorld 1.6.0-beta4 by CzechPMDevs, VixikCZ, fuyutsuki, kaliiks for API(s) 3.20.0
MyCrate 1.0.0 Beta by VirakMC7788 for API(s) 3.0.0
NameSpaceRemover 1.0.0 by JackMD for API(s) 3.0.0
Netherite 1.2.1 by Wertzui123 for API(s) 3.0.0
NoFallDamage 1.0 by DeveloperNeb101 for API(s) 3.0.0
PlayerVaults 3.3.0 by  for API(s) 3.0.0
PureEntitiesX 0.7.0 by milk0417, RevivalPMMP for API(s) 3.19.0
PurePerms 1.4.3 by 64FF00 & ProjectInfinity for API(s) 3.0.0
Shulkerbox 1.1.2 by UltraFlappy for API(s) 3.0.0
VanillaBlocks 1.0.7 by xSuper for API(s) 3.0.0
Wolfies-FloatingText 1.3.5 by  for API(s) 3.0.0
WorldProtect 2.3.8 by aliuly for API(s) 3.0.0
essentialsTP 1.2.2 by  for API(s) 3.0.0
iProtector 3.1.1 by LDX for API(s) 3.0.0

----------------------REPORT THE DATA BELOW THIS LINE-----------------------

===BEGIN CRASH DUMP===
eNrNXAtz20aS/isT2rlYtySFB98ppexI8sa3ksWTlNi1Yco1AAYkIgCDYABRdCr//bp7BsRDWkeO
tXeXh00MBj399bsHQ/7eC2We8OLDrchVJNPeYtTvFVEiegt74rrz0cyaTIej+Xg+dfq9MjO3hs7Y
HVnz2cQZ2zPXtsb9nshzmfcWv/eKXQZTeqcfji/Ol2/OTj+cXl5eXPb6vUQoxdd471We8x3jacBU
kUfpmskwVKJg3PdhDlO7tOB3bBsVG+aXebxjXs7hDosUSyWLZboWOVNllsm8EAGQDqMY6WZxuY5S
dfhO5nGwzGUh/OLDaRAVw2zD80OV+4c8jsp4d7jFGZmecfg9T48TJBNHKZAZW3/0DakPUXor41uR
iLQA+kGUw/xedRdGmivBuC8DgTIY2XBvVeC/fzARK8F+h7sjZz+6Kp77g++USINzLZUXib9YfHix
6v38bvkLO5ZJAuJRL762vz5YsK+dr1e9vi/LtHjx3E8CddBnUZLFsBo80Wfwvx4+OPgW13Hr1fFy
tL/MRVHmKSvyUtDEsblD0ybm4rnvsyNm0YTpfgzIw+jzYhOpwXdym4p88N1aFMfh+sVzkiay4fEU
JyJPP/+ieZkZClHIXjxXcJcdHcHMMtVzV70DLZv5nkmwSMH9DUzn+VoxrtjzSE8aWw0BEsHod+sP
9hVRPERSzyNmPg+fR7j+2G7KHO+CyRUylluRw+PE49jpkI0UWKOW9M/Po18OzOpuY9qqKNP2JKI0
ak35299AljQ+boyjsMeTlorGlZy1tXRk1ZbUePYYSc0/W1IT688kBW5RoCP2Fj//0u+tBdgAj9Hc
U45RobeU/o0ozsGJBudLoOhxJerA0nOHzmho4XgZxUFv4Vi23e9F6kMgbnuLkANw8CzwJelLIDua
QFRZR+h33ng0G4/GzjyccdudTIQ9noQz4buOsJyJOxb+ZGqJ+Rhol4aXd1EayK1ib68ZaGqdrsud
SJ3BSEXMtoYWIx6YPXLnLntRTb4SObDLgLHJAXt1fjIZoa9vMqA3G1pD24bLj+CzcD2qruH2B6lw
xTdv317DAF1sITpgOEgyqUT+IY4gguWRUCgtHmwAYS4Of1UyHcAcE13sIcTVl6HvhNPJfDoPLT4a
8XE49nyHO97EsgJrOnFCYYnpTEyBfMCBWwgTMjn0eRx73L8Z3EKAC3iBoRhkcZOCp740fyOzpKEE
NHToRSnPd2URxcgvgBna7kuLe0K4s2AknNnEnjh26EwcfzrnDneDyXwezDiwFo7apB5c3AYBuS8n
o+lsOoJnJhPP53wqxrPZ2Bk5Yjb2Hdd3xmLmj8fc6RCMuVKx5IHIDW/Oy/l0PJ07s5EDduGA1jx7
OuPuFMQydW3bBdr+fG7bXptSLNdEwRnaL2eu5YFEHT+cT0Q4tVxYGQFPRq7lhA784do+h0DUpTDI
ig04WlAJyn0pRtOp8MOJ8B17FAbBaGSPBbcD7sLFPJi6XgjSErxNCvLsxnAzeQmLjqe+N/NtEO98
Np5PplNvNJ/w6WwWeHPHCYOxH/pum0TqFRWe2UtwBwcYDqYh6MQP5nwMrjEaeRPXH4X2jE8n4ykX
s45w64+DJNu75cvP8LEGsZzfgG1ruQBP9ss5pPDReObNvDAQrhgFYeCBrP3JeB76U28aCmfijf2O
BalUyo/CiHf8cmp5YzGdu1NuTWbTWRC4js1dG9AKbzoJxhNnPgsdP+gQyWKiMAJrmXjWzJv64cwf
8ZDbU9ud+3Nue6AY2xtZs7FrB8Ke2L0/9rmefPNV6RcQrX6QpRKNyNYa7vfqmAaWOUSR8LLYyBxI
/Ny7Au++mY/vehAjeRbhkAu+YOG1SLkXQ8VSRbtAZBBOlA6oSobFyX6gd+rLVCa7V8s3QP9Nenuc
c7V5HRHdhFP1ocxSqxXXDG6QwdWqwy56Eobni6vrdxeXZycwtBWeigqEhlH9VVnI41jw/Iyv1y3Y
zfEmbhf0ZLVxX28jhdXYl8GuwRWaHmKDjIBcxMAFgmsz9Ul0m6LI1OLwEPLIpvSGEGwPDZ+v1C4u
k/PjwzY9I433y44Y3i87er+H/78gAp6fPBl8TU7Dfb9crc45pZTPRavJHBoIgO57URQi/0kWUHc3
MLaGm0gdQOH8OzTdW0br9e64VIVMTlN/w9NC9R5Qv0ec3RJnq1WHzz817e9jcJGrNMpE3kTbGG2b
tTN022Bp6g8yjz5KCBH93hUkXJEXt+zFy+rjAQwfb3IojJc59EdwB/8u1dlPBy0ZOZ8vo/PdMpZF
QywtdkAcNZDV6kxnzMdIRUbQ66yPeRkHudShrxJN91bb7MEYBqpAAJ2ol0VQGD6V8Suktlr5FRMA
9D5bn+sKxOJ7gp/Doz4H+2oZRWO0DboT4U+hJ7wCzj8JF3usR6JtLAxAW1wYjFfXry6vf1w+iHC7
3Q4FcITUh8UN4cPiVuTXUsYt1TaHu1nMGoCj8VEb6fFH4W+W5yfiFh/4KbqLbn5ohzh78gVq9pF8
lkD9Dxr2NHcFcgdiaPP6ubpuMH7YIgXSOTn9KcoJ+F4y+6GuVKZteWRyjR0JRIGL109n7ZrqanVL
PKxWIA/zqcHXJyyBQEGPCP7xmudJE1djtAWtDesy8nkeyPMolsqdoQ2cyLS4lqW/ORfvOwqffgHS
FlmAV7PXunhMCAPVdu17P9TJ1KNuAqsbVXYteNLG534JPsMBoKl5eYQPNyy35u1wTwPgnt4VsJoI
KOA3QXdu3HPrbpFyG0GHeyZkOp9PJm3koy8qV5BwRXe1arP1uPIFcb6WeYIlbw2wGmkjc7vIfpW/
SjHFf57ML2uSq5XhYv/hMViaRXuNpznaxGThjkIL05MpJyl/UxhgovTWx6XD6O5zqoV/nFw2+Mer
bk3wv1MKw8r0x6N4FiIDSYu0kPmuyX1rvIOjjeIfG8n/zqG1XC9z+WRgWlQBTpOfx7vJGUaJ4E0h
mtG+Mdguau8paFd4v4onBGXooVFVLDQ/PwbR+VXGt61KtBppdyPOX6jFPgeKWRVUsV/+rxVh5/xu
39Y0QDVGu7G6k5Xfi1RmGyh7/d2ToWvQRGPb89K6eJS6yriI6O1HE1w92MY2eXR5efxPfJ1T7spC
lTcRfL7hcRTdqHYjZT1V0Zkgx/T6AiTQ5P5LCs4GIZTUDsJ90dxNqkbuRVEG3S1viwjqP35zfjyd
zmZPZgSGJiDWjOw/PEbxbwEDeIYvLkUib1sN1L1b/zdposvG46PqW1FsRB61lFWP/Ym7voPe5WMZ
2Y77ZIhqkoCq4uMvbwXV1A5rUIhavuZxfMITejlbA28OfzJRgtGLWGYifys827KfDH6HLsigwdLj
tbqM+U7kP3HwymYkbg2382W3uHwqQFUdltHSt7T0atVh5M/xlLk4TYuoiIR63wTUGm+XltOuzpIo
vrFGNva3l9Bu3vJ4eX6+bPcD8y+AmmuiWZJkgBc4E4YzwNvg87Pbowazh23ARjJLkSeqIxU91rbh
UXejbzJ6/dqy2H8wqMt+FX7xJg2jNCqeLvd+0CtoARBLjY9/wZ/pWXPioaYDYrjalPGNyD3ZbDsa
g92N7E5J9WNc5Px1zLPs6bA3aK5WhpXv5d3jnfgnnkZxzO+1v+3xbsLpbN/cXZW44/tZoLoN9idA
avKrVYunzuVjsL6TcQgmPXgNM3Gf+1rcFQ3ID97udsfjf0sAw6VPRGq7kJCayz9ej60DM01MrXM0
zYLfHc7aWtRHeJ5q81VTW62aJ4K6cB4Zm87LKAfNxEHzHWt1JqmAEHiY0L5u63wSCkUoheERFHHd
fO/UGu5WH86/RcHNJVerDgN/qtzIYJLNqrAx2H2D2Kmgzk7eP1nAAVqrVb30Xy6agM7g/Hh5etiA
Qe+MeQ7wQJmdDcXB+ZIOm1GcoOMkQzAqCAuU7Ra9Z8v9FTuWkGLWDA+vrfJV+uyqTNmVyJjtwH+L
kbNw5+xv1pQ5lmPjhJin6xJKnyORrvE6kUVwtCoti08n+q94VbqWbTF9FZbwtzMdwZ+uN6c/Oavn
j+buqrQDyEjw2fX3s5x5iH/OQvYAbWJEAxvg8bsje267Dg5uNyDEQRyp4sjCa56mskx99ACsbwbc
30RCH6VTRzIlOthhD4zTgVnoBxN+Z55RRy6NrEHUiQyEvh/KHKjux2QY4ijIPMBTNdV1dpuZVYIo
DCMfqqvdETGqDy6BIgdKFBjB1BFJF6vNARrtEXX+9ZgSImhMwQOOR6/PXl3jkDbOwW+lyHfV0mYs
9wGRGcLPw4wrBWEmOPpP+gdEVBZyoPitMJzeRmI7CECCHOR2NMOhO0jYA/SRipKWGaSUBLyhPZhI
bz/SOhox3CV4NOIZQydgPpldCSIAkZP1MRApa9kwWCO73gglWCUjxnPBoGtgMgXTLTa8YD6quGCe
YFHqxyXkSPjA7lk90rqSCTwZIoEuTcVD0WcSGxKFJJmXC37DdrLMDS0WhQxUHUFsxRVAy3gME4I2
EH4rtntyh4EIqYpmW5l+UzCoNgTPGUo5AbB4TGmHHOIZRo17uxEpK7N1zgMgMFylaNua2GKVMvbs
3YY6JVZIhoc1GZAwZ1ZBBjlPVQxtc6BvE6uQ5DkQBnnGoiB54dscX7ANT4OYJJggZW3ElUcvGMU2
vKE2ZRFI1KY+GLpgq545l0Zc37FcDH6VACOV26+++mrVI0ZfxbHcMvQ+PE9rkg67jTj7bzRNnEM2
WuWjBR0CpUdPyVzNM3QqF/2IgQJDeufKvB0zksX5xrr3txu8P3sHhQ4YCIiZBwEwqrQ2UMog/xuW
CK6gUsUYgGg8gUyDrMRvJY9RiuvoFuZCgV8K9sIsCvHvAKnrFcGvBAaeAWhhvRb5Am7T2m/LxAMh
gZG9UrvUv+bqBuwgh0JTDWnCjwo0hZZeIcVpm1xCmAJlwnTVZ1QFMBMhwD36DM/wARDMWiQbyBY4
lpQpGBRO0cSvSNuACYwul3fgnYUAMQAkMuR0zxzK1jD0JkTTxTloon0WFd+A+IqcHgsEBkWyoM7D
7AVgKMGNHBILwRgYpAsi1TVdTsaRl2mK6gx0W01KoJeuasig1TafWRKtN+Db+J6g3/RFYzgokTwv
s0KPaoGhYBLgzeAi5YKP0tHGQPsHv5VRAGw/zAHaCNqcBEGDdQ0bhgaTB3rS3tIgR0Dsz3faR/8e
Sw+sBysBpsfBD5KoQFdPxJp7uwIkzq60qC0SbqSQNj1+jVrbRiR5sijw4e1AE6qMTBHCMAIWIUAJ
3K5HMiHUdNWS2shBWyV6LVtLUBTuPpFV4EJrYnNArC2YhShgdYrI+njh/3sEWFp9in9MwV/Gvypk
RiyYaLpnyZBTDMIHplER7BnCVbtcUQR4Ry5hmFPfPAF75BTED4YL/G5CDnIENxd3wi8p8krNr3ZH
TFz72eLOhzpC1XB01Lq4Pl2w6x/eXLGzN+dvrtmr5fLszekVW55eMqhQ/3F62WcwiV1fwKxT9u6H
i7NTtry8OD69uhp2/f9BYSxFHklKzRiDFcLzN4KiMcliH2dtEDsUBwGFFZoywF1hHWGJFFSsgBJi
MxgSov1XdqbtCypCTIUpTjOLEWVNBKJuHcN1MqI1LjB9YManB4b3Z6MZmJ4AlJYJHwsDLVdkV2tV
P7vHAJYlMlVDdS2DVR08zJJB7hrka5574BQDX8axrlUp9jwsXfIyZMc8xcxTELYTnpZUhjQ5gRKt
BAs86FfpoGuClRHqzBqGQEvjTWrvG7ILHe61uUMdIcs42PMSQf7YpqzmX2nCGbEPQCeWZbDCaq8p
TtzLj2Q6msIeW5jLpMqz+mkzY9A0zKaGEY3R5D3bYA+YVMs6rqrSEVWWw0pohsaQgzLJdJ2lizlm
bgzwRqWvE5xkHiDeic0KAX6HYivA1fkDAoZ8DTkPVrgFI1OqFEp/R0mJdVV3YrzC1Wqu+pUidXlg
ysuh5gan/ks5YR/kb8r0RlW8H/MMR6OkTCC94uFDVnULqEimuybNRS1X9BcjSvKY+zYGZXdmOKIF
B1gPl5BvR3uNnUh9q2vTWBZhzNP09eTKhTQtM7GJjIqGgQ8dodhjOwFWqEyByhGlB9zp2kJTyTh2
J0w/oxHW6OAxI0+Np1oZJ9eFLgoQz/lWdD9N6lN2uEpTUaDCFiZBQFW2kbGuLj1eQKeLRTixDAUT
mJBJMRTbdA9k7urE4ol9nakz27OmlqpbGFbzXYHE+2xgNxRIyqOFB0XFDITt8cRE7bqEpRYWq8dA
I8euhmp8fBgGDVtD9gOUgWBLR1TXsePlj314FnjwwL+2UQBmT2WCjp57+gOiv2CTquKui3FF0mnM
HbJXAQSqDY/DQ2gqdYcQCLBhsxQsynC/Bg2s4Yh10msQa3Yhp3cY1bC65PGQIRM/LtNlVWfXrSC2
EcjUFpImPlhmaTYw153G5tx4nYo+ir0+sSKv1IgbZVW1BBW7No9Gah3NHf3QwZAtzTMxz9f0ADc9
qbEFWjHM+RohgE5AbCqLqV7BRhMa/xidneeop+M4wh0V6pxz6KOEKtj59Y/EqQJICNsrC4adOqmy
Xk73FcMq1iRFOcCnFsQtWnkgvHK9qHqV75iNPYqp1DbgqnSfmUZV6dYaLTlVUicuYw02EtPBSVM7
3kipqP2uWhRRNaEUwQJecKb4bRUpcY+k2kfCe43uFRij3V5dsJidCeyPdR9M20jfsPeevEOrz9mb
E/bi/Y9vTg4AM5g88ADztxDuM3xlBakODANblxz6lmFd/4ElSJpCwk7B0t9/f1bRN21NY+QbWgw3
kyhpQvWB/S2lYcImq30Sk0Ja2zy0LNyLwt3groyChiFyqFMgugleVHET8Ot90aoDoO7RcAp2AzUn
lWSp9OMoY/QsmM0534HJYBeJ78hNQ44pzeQBisWD6p5eUtURsNoYa+6VXNNmh7Z3/a1irQyaa4y7
VGbTxQdPLnSsM88M9DMLlkGRdBvFuIyO4yZGmVUwEfF0ve8RUnws7ubDfjWrtaf24P6U1vKrBL9e
S0025Vzt0ShKo2NMsBiiaCsC7BA/U4aEhy8pXzYeJuCp0K2vJzQxT+AXNhlt1lGK21QGTzZOe3it
zKvh40J7+BCIGO+yClh8Sh2Mvg76AJfWw2zyHCiBfVR+B8xWD+Pfe25ccmbcGBiUGRiwUA2bpO/m
0EK0+9v0zRNazKM3XxSBUJ4iR00z/c1FZtAxs5FSZXB6pgUd6A2Yw56xNXRhqhZPvVmzl9DwvohM
bNryiNo0iJPQxWjdZDIr48oYzQWmMppjIqJL8ZAq/EFmohgmEwxMkO1M7Uz7uXp7amGyOO6mUdeo
h3USNPrCL7Ts9zmCWm5o7wP8KnlnaO9u7eFsA+VmKBsaAS8b6HcZ+5kbiZohVob4Un4YSeIYItku
wb4HHKTA3UNf1axjM2fus/o+QaAoxtfrHPpnvVFmdtX05gF+T/imi4/4Aw++OLlY4C6mifk69WFQ
2ApdXHNwnS2tqIjxGgCNDRs725Bp95LXpqmVc0+ooFB93xgTJHn88i2lqmaNSOOyKToou1O0k8au
VR/iY7bhfYaH2ig/F/syDEJvKHIotQcYgVLMf/pula50suCtXTDzXqyRX0soOSGVUxSrgoUhSJrX
96s17mlaY22quoiSOlabBIxEcT56AoZm1CwGTFyQtvfMQ9VW7rBewNxprlBJ89Mp3oRtrV3tFY2N
E0MDyBdGntUWycYMUsTALscUziZi4HYz9CYBVY5RuCcE7QcA0a8aMAJVOwc6xgE9EyKrzMbjiCvT
lkAlyZMsrq6w5gEeja4WldL0PbBb3L1asJ+pWIH82aftrF+QKHUcdZpsvgIhGFg45lFgdg2q91O0
HfBQxqKEThlaUYFM3SYeOgReTbptsq/XJR70R4ZvtDAr6OxVr7hg+F5r4Xw77Y/nd3bfvXP7zrf2
twEWROTnL/A9Nv0SxdHM0qFYX43GB7rK068Xms269nDMLSBjs5NGpQdthYHW/B2+VCn9osyroFx1
KPn+xQRFHKADqcqn90CqEtigeqkBtqDL2WevKdTQUjS/RaSkSsH8wkdjZEC1ZaPokxn1t+IOAp8y
zZ1/g+2BokYGJOJFUJjvdBFH8xAvsAKth04j2mc0SqIPxUi+j9W9fk/g+RK0IzrWcgwVQvPnBjzf
fGt8P4Lvl9KA560xmXwIZAHBsDVqfoqlHijzuHkd0LnU+jqMYvpKXD2yTlo/frCB9NG8jsDLbpsD
+JMGzevE02/LmmNYigH/QXMs89uwL0VodhdaT1LcV+0hqFCS5sjV8qzFwU79FtNPNphPbH+rkDci
hfTeQrzj9K7UMQc8P0aZPiU1H+Lh5Y/62+772XB5l7RlKpEbx7Jc23bwtwSWJxctpIH8QJx0B2Eo
aqsD3D1VqjXxCn/2Rbw/b0HscACX2Ca3YcHgFg98tgYbv2uA30618Yc4gOFN27jqbPuBiqnmb0bg
qcJorX9LwlBBMVEMCvTvAujDlH6+ywppBhzzkz1YtrSsLbinuailbBKR2xyCVq2kKLwutUlVXP0T
S6+LJe3y1A/88cf/AN+fQsg=
===END CRASH DUMP===
