PocketMine-MP Crash Dump Sat Jul 17 19:57:55 +07 2021

Error: Call to undefined method pocketmine\entity\DataPropertyManager::getItem()
File: plugins/Fireworks.phar/src/BlockHorizons/Fireworks/entity/FireworksRocket
Line: 72
Type: Error

THIS CRASH WAS CAUSED BY A PLUGIN
BAD PLUGIN: Firework v0.0.1

Code:
[63] 			$this->doExplosionAnimation();
[64] 			$this->flagForDespawn();
[65] 			return true;
[66] 		}
[67] 
[68] 		return false;
[69] 	}
[70] 
[71] 	protected function doExplosionAnimation(): void {
[72] 		$fireworks = $this->propertyManager->getItem(self::DATA_FIREWORK_ITEM);
[73] 		if($fireworks === null) {
[74] 			return;
[75] 		}
[76] 
[77] 		$fireworks_nbt = $fireworks->getNamedTag()->getCompoundTag("Fireworks");
[78] 		if($fireworks_nbt === null) {
[79] 			return;
[80] 		}
[81] 
[82] 		$explosions = $fireworks_nbt->getListTag("Explosions");

Backtrace:
#0 plugins/Fireworks.phar/src/BlockHorizons/Fireworks/entity/FireworksRocket(63): BlockHorizons\Fireworks\entity\FireworksRocket->doExplosionAnimation()
#1 plugins/Fireworks.phar/src/BlockHorizons/Fireworks/entity/FireworksRocket(50): BlockHorizons\Fireworks\entity\FireworksRocket->doLifeTimeTick()
#2 pmsrc/src/pocketmine/entity/Entity(1393): BlockHorizons\Fireworks\entity\FireworksRocket->entityBaseTick(integer 1)
#3 pmsrc/src/pocketmine/level/Level(854): pocketmine\entity\Entity->onUpdate(integer 161740)
#4 pmsrc/src/pocketmine/level/Level(787): pocketmine\level\Level->actuallyDoTick(integer 161740)
#5 pmsrc/src/pocketmine/Server(2265): pocketmine\level\Level->doTick(integer 161740)
#6 pmsrc/src/pocketmine/Server(2396): pocketmine\Server->checkTickUpdates(integer 161740, double 1626526675.4962)
#7 pmsrc/src/pocketmine/Server(2152): pocketmine\Server->tick()
#8 pmsrc/src/pocketmine/Server(1992): pocketmine\Server->tickProcessor()
#9 pmsrc/src/pocketmine/Server(1586): pocketmine\Server->start()
#10 pmsrc/src/pocketmine/PocketMine(291): pocketmine\Server->__construct(object BaseClassLoader, object pocketmine\utils\MainLogger, string[34] C:\Users\Administrator\Desktop\Sv\, string[42] C:\Users\Administrator\Desktop\Sv\plugins\)
#11 pmsrc/src/pocketmine/PocketMine(321): pocketmine\server()
#12 pmsrc(11): require(string[89] phar://C:/Users/Administrator/Desktop/Sv/PocketMine-MP.phar/src/pocketmine/Pocke)

PocketMine-MP version: 3.22.0 [Protocol 448]
Git commit: c32c21464c30cd7059a4cbfb0a7d7e493238a561
uname -a: Windows NT HQDATA-788 6.3 build 9600 (Windows Server 2012 R2 Standard Edition) AMD64
PHP Version: 7.4.18
Zend version: 3.4.0
OS : WINNT, win
Composer libraries: 
- adhocore/json-comment 1.1.2@fc2f76979f0a44a5f5bc2a2b600d0762fe0e78e7
- daverandom/callback-validator unknown@unknown
- pocketmine/binaryutils 0.1.13@0abee38d4e2861621f262c79a2a3d699d8a697f4
- pocketmine/callback-validator 1.0.3@64787469766bcaa7e5885242e85c23c25e8c55a2
- pocketmine/classloader 0.1.2@9757928424652393b178a3760073113aa7c9911b
- pocketmine/log 0.2.1@830b44a2cf96ef703c550abe64302f230231ca49
- pocketmine/log-pthreads 0.1.3@e477ecf6ec214fdd4415ea1da3fdd9d73bf699ea
- pocketmine/math 0.2.6@43057cb8c179a9859677b496a788db922fd5cfc3
- pocketmine/nbt 0.2.18@9f82ca4d7f97fcd9a566e44b63c4f18a7657ae82
- pocketmine/pocketmine-mp 3.22.0@c32c21464c30cd7059a4cbfb0a7d7e493238a561
- pocketmine/raklib 0.12.11@9cce458b8bfde3e4dfdbf70c659fc7b7fe26b5c4
- pocketmine/snooze 0.1.5@70b5e7937a06878dd321a3182ceb76d56298f2cd
- pocketmine/spl 0.4.2@6b08b7cf8c4afa17139c9a1b3bf1b408531de161

Loaded plugins:
ARQuest 0.2 by phuongaz for API(s) 3.9.0
AntiTNT 0.1 by Adam1609 for API(s) 3.0.0
AntiToolBox 0.1 by NgLamVN for API(s) 3.19.0
AntiVoid 1.1.0 by FiberglassCivic for API(s) 3.0.0
AuctionHouse 1.2.5 by Shock95x for API(s) 3.0.0
AutoClearLagg 3.1.0 by Twisted for API(s) 3.0.0
AutoFeed 1 by Ghast Noob for API(s) 3.0.0
AutoFix 1 by Ghast Noob for API(s) 3.0.0
AutoInv 0.0.10 by JackNoordhuis for API(s) 3.0.0
AutoSell 1 by Jero, Cur for API(s) 3.0.0
AutoXP 1.1.0 by JackMD for API(s) 3.0.0
BLOCKBREAK 1 by YTBJero for API(s) 3.0.0
Banking_vonfram 1 by Noob for API(s) 3.0.0
BetterVoting 2.0.2 by Twisted for API(s) 3.0.0
BlockCMD 1.0.0-beta by kenygamer for API(s) 3.0.0-ALPHA10, 3.0.0-ALPHA11, 3.0.0-ALPHA12, 3.0.0
BlockSniper 3.2.3 by BlockHorizons, Sandertv (@Sandertv), Chris-Prime (@PrimusLV) for API(s) 3.2.0
Blood 1.1.0 by NashanPlaysYT for API(s) 3.4.0, 3.3.0, 3.2.0, 3.1.0, 3.9.0, 3.9.1
Boss_Quai 2.1 by phuongaz for API(s) 3.0.0
Broadcaster 1.5 by EvolSoft for API(s) 3.0.0
BuilderTools 1.2.0-beta4 by CzechPMDevs, VixikHD for API(s) 3.16.0
BuonLau 3.0.0 by AmGM for API(s) 3.1.2
BuyCMD 1.0.0 by zZPROGAMERZz423 for API(s) 3.0.0, 3.1.0, 4.0.0
BuyFix 1 by phuongaz for API(s) 3.0.0
CachMuaLand 1.2 by Noob for API(s) 3.1.1
ChoCanh 1 by YTBJero for API(s) 3.0.0
ChongBug 1.0.0 by shin1134 for API(s) 3.0.0
Class 1 by YTBJero for API(s) 3.0.0
CmdSnooper 1.0.0 by HotshotHD for API(s) 3.1.1
CustomAlerts 2.1 by EvolSoft for API(s) 3.0.0
CustomCraft 1.0.0 by TeamBixby, alvin0319 for API(s) 3.0.0
CustomItem 1.0.0 by Phuongaz for API(s) 3.0.0
DEVirion 1.2.7 by poggit, SOFe for API(s) 3.0.0
DLevelIsland 1.0.0 by Nguyễn Công Danh (NCD) for API(s) 3.0.0
DancingFarm 1 by RicardoMilos384, DontTouchMeXD for API(s) 3.17.0
DanhHieu 1.0.0 by JeroGamingYT for API(s) 3.0.0
DevTools 1.14.2 by PocketMine Team for API(s) 3.13.0
EconomyAPI 5.7.2 by onebone for API(s) 3.0.0
EconomyLand 2.1.2 by onebone for API(s) 3.0.0
Eff 2 by AmGM for API(s) 2.0.0, 3.0.0
EnchantUI 0.6 by UnknownOre for API(s) 3.0.0
EnchantVipUI 0.6 by UnknownOreforsource|RBpmmpformod for API(s) 3.0.0
Eternity 1 by minefore and shin1134 for API(s) 3.9.0
Firework 0.0.1 by  for API(s) 3.0.0
Fly 1 by Ghast Noob for API(s) 3.0.0
FormAPI 1.3.0 by jojoe77777 for API(s) 3.0.0
FormImagesFix 0.0.1 by  for API(s) 3.11.4
GemUI 1 by WoolChannel3295 for API(s) 3.0.0
HeartWings 1.3 by Edit Nờ Cờ Dờ (NCD) for API(s) 3.0.0
HuongDan 1.0.0 by YTBJero for API(s) 3.0.0
InvCrashFix 0.0.1 by  for API(s) 3.14.0
InvSee 1.0.0 by BlockHorizons for API(s) 3.0.0
KeepInventory 1.0 by KhoaGamingPro for API(s) 3.0.0
Kickk 1.1 by MCPEVN-TEAM for API(s) 3.0.0
KingofBlock 1 by YTBJero for API(s) 3.0.0
LoadAllWorlds 1.1.2 by  for API(s) 3.12.0
LpkCuaHangUI 1.0.0 by phuongaz | Moded by LamPocketVN for API(s) 3.0.0
MS_GiftCode 1 by YTBJero for API(s) 3.0.0
MS_NV 1 by YTBJero for API(s) 3.0.0
MaxEnchants 1.2.1 by Xenophilicy for API(s) 3.0.0
MenuAuto 1.0.0 by JeroGamingYT for API(s) 3.0.0
MineLevel 1.0.0 by TungstenVn for API(s) 3.0.0
MineRalGUI 2.4.0 by YTBJero for API(s) 3.0.0
Minerloot 1.0.0 by Distoxicqted for API(s) 3.1.4
Minion 1.0.4 by phuongaz for API(s) 3.0.0
MuaCoinUI 3.5 by BlackPMFury for API(s) 3.0.0, 3.2.0
MuaFLY 1.2 by SableIamNoob for API(s) 3.1.1
MuaKeyUI 1.0VH - RBplugin by Ibenrm01 for API(s) 3.0.0
MuaKitUI 1.3.6 by Infernus101 for API(s) 3.0.0
MuaPointUI 2.0.0 by JKPVN (JakayPluginVN) for API(s) 3.0.0
MuaTuNhanUI 1 by FurryJaki1992 for API(s) 3.0.0
MultiWorld 1.6.0-beta1 by CzechPMDevs, VixikCZ, fuyutsuki, kaliiks for API(s) 3.20.0
NapTheFGC 1 by KaYuuVN for API(s) 3.0.0
Netherite 1.2.1 by Wertzui123 for API(s) 3.0.0
NgoiNha 1 by Nguyen_Dong_Quy for API(s) 3.0.0
NoFallDamage 1.0 by DeveloperNeb101 for API(s) 3.0.0
NoTP 1.0.7 by awzaw for API(s) 3.0.0
OreGenerator 0.1 by phuongaz for API(s) 3.0.0
PCEBookShop 1.0.3 by Aericio for API(s) 3.11.2
PECollide 1 by saxavlax001 for API(s) 3.0.0
PHP-Sell 1.2.7 by Muqsit for API(s) 3.0.0-ALPHA9, 3.0.0-ALPHA10, 3.0.0-ALPHA11, 3.0.0-ALPHA12, 3.0.0
PM-Beacons 2.0.1 by jasonwynn10 for API(s) 3.0.0
PayPoint 1.0.0 by YTBJero for API(s) 3.0.0
PickaxeFunction 1.0.0 by NamVN for API(s) 3.0.0
PiggyCrates 2.0.9 by DaPigGuy for API(s) 3.2.0
PiggyCustomEnchants 2.4.1 by DaPigGuy for API(s) 3.19.0
PiggyFactions 1.2.0 by DaPigGuy for API(s) 3.13.0
PixelgamesToDiscord 1 by ImNotYourDev for API(s) 3.0.0
PlayerVaults 3.3.0 by  for API(s) 3.0.0
PointAPI 2.0.9 by onebone | Edit By Nờ Cờ Dờ (NCD) (Danh Miner) for API(s) 3.0.0
PureChat 1.4.11 by 64FF00 for API(s) 3.0.0
PureEntitiesX 0.7.0 by milk0417, RevivalPMMP for API(s) 3.19.0
PurePerms 1.4.3 by 64FF00 & ProjectInfinity for API(s) 3.0.0
QuyenVipUI 1.2 by NightBlackDM for API(s) 3.1.1
RankUPUI 4 by YTBJero for API(s) 3.0.0
RebirthUI 3.0.0 by YTBJero [Edit by NCD, Ghast, CurlliestDrake66] for API(s) 3.0.0
RedstoneCircuit 2.0.0 by tedo0627 for API(s) 3.6.0
Report 1.3 by ImNotYourDev for API(s) 3.7.0
SEnchant 1.0.0 by NamVN for API(s) 3.0.0
ScoreHud 4.0.0 by JackMD for API(s) 3.0.0
SeasonPass 2.0.0 by TungstenVn for API(s) 3.0.0
ShopUI 1.0.0 by SaltyPixelDevz for API(s) 3.0.0
Shulkerbox 1.1.2 by UltraFlappy for API(s) 3.0.0
SizePlayer 1.1.0 by  for API(s) 3.0.0
SkyBlock 1 by KhoaGamingPro for API(s) 3.0.0
SkyBlockUI 2.0 KSCore by KaysilGMVN for API(s) 3.0.0
Slapper 1.6.2 by Slapper for API(s) 3.0.0, 4.0.0
SlapperRotation 1.2.1 by jojoe77777 for API(s) 3.0.0
StaffTable 0.4 by GigantLeyKey for API(s) 3.0.0
StepCommand 1.0.3 by DavidFlash for API(s) 3.14.0
TimeCommander 2.2 by Zeao for API(s) 3.0.0
TopGems 2 by moch for API(s) 3
TopVoter 3.1.0 by SalmonDE for API(s) 3.0.0
TradeGui 1.2.3 by Only FurkanGM for API(s) 3.11.0
VanillaEnchantments 4.0.0 by TheAz928 for API(s) 3.0.0, 3.1.0
VanishV2 1.0.0 by superbobby for API(s) 3.0.0
VeSo 3.0.0 by AmGM for API(s) 3.1.2
VipJoinMessage 2 by Hender Plugner [Edit By CurliestDrake66] for API(s) 3.0.0
Warp 1.0.0 by  for API(s) 3.0.0, 4.0.0
WorldProtect 2.3.8 by aliuly for API(s) 3.0.0
essentialsTP 1.2.2 by  for API(s) 3.0.0
helpnewbie 1 by YTBJero for API(s) 3.0.0
iProtector 3.1.1 by LDX for API(s) 3.0.0

----------------------REPORT THE DATA BELOW THIS LINE-----------------------

===BEGIN CRASH DUMP===
eNrtXQtz2ziS/is45+rGubNkkXp7K1NxJDv2xHY0tvOYGU25IBKSOKYIDh+yld3579cNgCRAO3rY
SvbqamZrY7FJdvfXaHQ3QBD8586YRzOa3MxZFHs82Dlo7O0k3oztHFgtu9W0W612s9q0G1bD2ttJ
Q3Wq1qhZ1Vqj1ezCCbtrwU0+jZOjKOLRzsE/d5JFCJftyOO9nRmLYzpBSo/6Pkk4SQOXjb2AuWTG
kil3ScidW5bMgDQcsiDxksVw2KcJHUQ8ZFGyOKcBcIgODiYsOU3YbPcl8B2nvn/s+cg4nNLoYH+/
d7D/IQYo+4cu8PLiJKIJj/b7LL5NeLh/Nd8P/XTiBfH+sRexOx7dxlW8dT+OnP03PihxwiPvC9cv
2Jf6FIRLoSvcF6IOSv622AJLH6ywc9C2oSUi6sDP33Ze1MjWJOy26i8PiHHPcJhfU5i/dFvlR5cf
3Yc+Rz85DDzwGvgh2uGFtUXtmrWnanfmjdk1OOi159xKvWwSzlAF/H/hYZnkI/Fn16p3n2gQeeIN
jaVIL0gY+CixhOz647J9Nmf+/hn+u9tpNkDwY64vVav8yIMPoUsTVvBuWe1GTQhorBbQ7rRLAsTZ
4VCcrvxInSSFHrnocxNAIaT5uJArFkHE2LUhRCwV4H6VcWs543q3VWIsz1R+dKbMuUWu0jJxifke
cXk68hnR4lej27KF0PZyoVbT/orQJHepzlIWVre7jAVEMwdiIY8kr+5yXs3O12wQJzRKVNerPc5k
IH6ew89dCNBf4XNz44CzJ1HqJLt89AdzEoLe3INgHp9x6rJojyi6fnuaeD70i3PqBWd8MsGrgIkX
TH6rN34nvYPhUATh4dCIwhDQZRgG+fPhML+nYa99j4oyw6GEbq2EXrfL0GNpXMlAxYddC6+K2J8p
9PBdpVan+ztZO6sUIivngyL0lZV6ufP7X3s77HunyW+XogCNZHvjBXPuz9kMbgFZLtzh4IXyLFAy
HkBzuMsQfqsO9GGC//vPZOrFX8sw/4B7Wo3ytWOfTo55BI0Q0rvsqmZ+VcSSNAoI+DYTZ1rqzF94
0IYD/NtRRHXxmPqxvLorTuC17Zq8tm0JUhjxBJBBi4zTwEH9yONKH5A591zyT7zVVmL+c5wZkrwi
CkZotlzlx6zlYuaPDw76h9eHN8enl0ef3l++uzm9PjoXQNuZ6bzxrs711SsSQFH0UsptlKwh7mxq
hmi3FLj2Aw1vglGCWuYEodkFnTH3mk52X4rDHp+FHJwUKcOdImXuSCU7jykpGZuKdh9RtFPTFO1Y
UtFObkqW2Tw2tETuQrUz6KZSrbx1pF5//V1W/V1W/V1W/V1W/V1W/T8qq/Z2JixgEfWxsAgozlLs
GHeDYiNog2KiY6dete1qDemp57s7B1anUd/b8eIbl813DkQtAPUL5HvucGDbaHRAiIfVjVO3Hdtq
tBpOvea47VqzSxvOaDyq0bbbZo1u3a53aLNlAe9U6fLJC1x+F5OLa3LyMyb1SrvTIa1qnQjppNuq
1chudpV0JGLXwJSXNrlKaODSyCVHrofZ4SU5PO9DRQTqTUNg3q42qlYHDr+wwBXIGgIYnL3hMUo/
vbi4BoI4uIN6DIswSN1g/RvfG0U08liMlqPuFNBGbP+PmAcVuEbVc1bVqtqvx449bre67e64RhsN
2hw3R45N7RHo7tbaLXvMaqzdYW1g71IAAFrz2b4DoXBEndvKnPqei00MDNPgNuB3wWv1F5UtGnXk
BTRaiO4Al9ZAtlV/XaMjxuodt8HsTguikDW2W7bT7lKb1t1Wt+t2KKg2bpisHhVuVWvV+utWA+J4
A+5ptUYOpW3W7HSadsNmnaZj1x27yTpOs0ntEkPsxL7oxEo3+3W33Wx37U7DbkBohLQ3stodWm+D
Wdp1y6oDb6fbtayRycnnE8HBrlqvO/XaCCxqO+Nui43btTpIRsCtRr1mj234p245tNF9wKESJtOI
UTczVP01a7TbzBm3GLro2HUbDavJqOXSOhx03XZ9NAZrMWqygrJjqrRpvQahzbYz6jgWmLfbaXZb
7fYIoj0Fn3VHXdseu01n7NRNFlB5ZXg6r7vjjg0Ku+0xtInjdqE7tFijMWrVncbY6tB2q9mmrFMy
bvGzMgvzLvp6g/6mMYvoLfi2tAvoZL3uOg5rNDujzmjssjpruGN3BLZ2Ws3u2GmP2mNmt0ZNp+RB
ccD5F6bM23zdro2arN2tt2mt1Wl3XBdiIa1bgJaN2i232bK7nbHtuCUmoS84NMBbWqNaZ9R2xh2n
QcfUakOh5HSpNYKGsUaNWqdZt1wGWXfnr3x0Jfrm4eXPKYsTLcBllL2dIqqB/eGYpjBcjGKsccNp
yoMJ/YIxkoYekurVLsQHOGYBhZwOIQOHSdBpWQgBBO+CczEfJ32dMKNiIJfxGw6FcPUHx4TQKTDq
vr+6hsHKWR9Id2wUewmqimX3IVRf1xCHNACKYgKwTACHLp1ZrVrXAFB7OgAlVCbaQu+r68PL6w+D
x7Xm3H/D78uaK+pS7S8mZ3T28cJQ3nqG+RU/SOiFBlAXyoC0ohEge03TURXC+n6mlgL4EcaqJXSC
pEPDHFAzwR17IxZNMCL2vLnnbKuF3kBES6bX9BYKBn/xRmQDCRiVKn6twjtNkjCGQkPD/Rjr/Zwf
WiMVo/oTnsZMt4hONq1iV5umVa4gh952m/fPM8fOERSRfLY4HJwC+9Ng3otoPD32BFtlqFhJGg6p
1G+K+oGBTG1X98w04T2f0eiMTiYGap2uw64/dIbrOyjhANqWnCCR7BAaVGCohA9KIDZTp009QKl5
GC/8dHbe2zf5KWMcM+aW7CBIRsub8N9OaZyQC85HWwtUSmo5Ui1vR/SQkube/b9Bce9+M73Bw0t6
I8WMrRBdS073E9R2oHrkTlMv3pb+fwDTIGMqHdAL5tL1pFJrIbpivl+CJEhL2uInFvE90kujbTZF
DEI3a4vPg5LenwerUgE2xHl/W2pLbtLinwfrKf9IX5ds9hUCAPfm7H3v3ZvLo8N3GkCNuKRpfrl+
g62zLYSK3XA4itZvmzc0wMR1M+fBOKIzHUPpzBIg2+zpyGs4ROEbgGBJwqKPPAF9dQQ6WVcfRgDl
mnYrqWZn4E0mi14aJ3x2FDhTGiTxziP5ZyQUmwvFAKup5mq0OP/Zg56hIc1IZpcCABWQRU2otyxY
TOC+BxGhcng2ODkU8VA/tkrHdnb85GJMaQvQC73Xg30VeCGLysgV1awm7GrdxG3MG8OpKxpAhZvM
ye7r7CdONvWmkRdXBpE3Y3AG/6bx2ceXhrHsjT3jfDHwebJTMkIxi63hWLf2VkbhrmkOvrLGvoCq
jwYDny7iX64NXHKSp16tq7+2+mupv938r/Xk/l0IF6i5q/6sBZfH8c3PKfV0yDnN7OLWGoPW2jYG
rYdpRFEJwAH/rgUjgiscqJFMV9aoZguWRgNHc+5fgVrbGxzlggGDocWSkWyWHO/u7qoMNELu1eRW
4MMJSBbhWDLWAerk8ohHRqqGibT3hTnTwXmfzfGGj969d3tiVgRW6+m4HeQezlzgDjFZKpegcmAF
U9VNqwRN732DlTAOD85oathFUsz4VSt328PZ23MTOySxJ0IfbVC+vUkXpWwjCQ9yjanul18Hl+/f
Hp4fXf76pWHXHzhrEVcaz3He85SesWD64XQjQOaQRhGWVDjbjh5S4voq96gzRaQ00KO9Ti31pxUF
mvX0AO6DtOEwEGXaLKW+FL4awZT3aDDVtVeUf0OF7DgbmH4KLf8mnZiaS9KKLhBPvcCy6o1t6X+l
+A2HmgarAeBsmq69OP5+VhfyPnrhBiafuVfgYGalpxFXmP2EJ/GUJ+VM8XSXd2ZuLEWD5XU1ViMR
Y4FDHxKL0QQ6eWnZsu1cr0sGMKYeT8v2kkkvouPkAURJXdFe14zO3nj3owWS/bkX1OrWM+fmlXhc
9qSK6cIEubgMv1DSOFi/aVHCA9SCuAL0YMsZpZC8fj/rH330IqFhDiAnleuzdikh8gk+uYZR1Ptj
trWaWjAdDudCheEQKjP1S1NrxcOVvljQchr7Zqo0yCua5mKSLoapxZxmQHrDtFYbN4IJ6UOuIrsX
vf7LjeCak+7HPJrhr6WPY9IFC3rgHCgRoJuar25UGjheMDmmke6YOnVJ6L/0HBq5/NzzeVzvYDXe
50FyzVMoNNjnUkBtP72lDa644DTXzjhYE+/0xGOpCVaSVjQ0Zrm3dAbCSuPgZ/hw/2SD/sfm5TFS
TiqN4Rvlkq5YikIwoJktU3+G/koBXNAzL41/liUGbfRTqLaf8wC0Wkco8Bq9o0DcrLbLgHnARvD/
bbWTYjccMqkB8BwODW1WNp+6ulSU69RSat8GJN1iG8CTVbup22qA47EODI4MQEuHp3Y+yHtGI4FI
azhEztb6vUrNvH4w3CynmY9/WiaGD3Lt0Ptoa25WcMS1okqJjbFA9fwYHEleE9EYKDyNHPavyzfh
bBbia3rc3T5OKwcq1NsAa8KiwEsWOs6MtCRl4WoYwMIIODV5dMT1jLURGXMY6o7XR5K/mVAg0V5W
KD1+NNBsa3rhq0uk159aPvb1lsCj7/rEFwRuYHBVVmn6KoqZRuvlCuAP/gdnbfxva096c45gd6lE
/mNdKKczOmGxOUdl0tf3IsuqNp7s/emfMdbjGCo8IXu8yaTVWzYzopY8XuJFn6BU6EHkCJhft7vN
bTXJ203GRCeMRsknKAn1qkwjlhyqNFp3PegFOHZwXRw6iL999XfzscMSTIVGG0BL5aBCB5aRVlTK
W54SysSur7u+WqlQX6du0CUaz0gIqkt4wdxByaJDrB9UQeErxkwESFhhfvPR5bdJElKTTcC8YyyE
u1iQ8EjPFSa9BM0E9m7KqRyBDbbnXQbT4dBQZ32Pe+c5t3oGl8elYZmJ5rw3OPp4Ubk+OjzfFhbJ
EkAo6WuoHUz4WLStoXxB/X4zv+/ev1nf3uh3h77/iUe+q8dek15+tG1/vZfbT1f8lgdgMAfS0XCI
ilPfvxPyN4AT3vZSekKDiZEDDfKKXp89dCL/IufcZS4ZLcgZncnhdWkB8MphY1GCDLgXJPKnMd79
yuKV1Q/Ac0DrW+f86uatN0566r1dZRyd+v289PwKheIrxMOhJn4dDBcfTe3h+HvqDfKGQyFztbL0
Pm9UTWWNWp7wLSn/mQU8nHq+5yy2BUBjiZ6Tq2IcrAWOBSmuyNORZaR/wxRgJnuD7gDDTDHNqyPI
aasen6RQBSYs+BhsC0DBESBoaqyF45L6b42QpxHN+bDGN64yj1zVtJs1RORznpT0l7QVDdH3IHbe
e86f5YWEzxiC6TyHw8TfCIr5aEcRyiAa33alQ+/ssC8W2EjxG+if0h5kKtOVcpq5VqZZLpepczs4
P06jxaPLTuxnLTf51QEVhsM+9649thmg47NfTDRIWLpy4wpVPKWzba7gQLk4u3LhTaaJsFX/HGAI
6ppA3rFFuWEkqeRdH09IhVy+UXt2GMhORyyIZjVrW46W8RNIMmXWwuIlD7B4yYeHc0elqdXTYMyi
II2tLWIoWGLJv9FUMagtKrsyloxYXgBdToTvBh8vyO5P9JYuBqK5Pl5sbbZCMBcNsxGe6/QCaoAy
oJy6pNSCrh8tAIuH7/lvbUpSZyrQZKpsgspPPDGWMUDlRNPnWmpZpLVyWWTvV7F73SJN4vQWl8Le
Ut/zbs3JAru2pcWSM1RYjIjQDJryz1koqTECQ13Q8HrKjt/2NDsVtCVN/47+kqYbjo6WjWElO4iW
mfD1G/uCJVMWieMCQ05bUXB/YlHyJfWsR5ZOPhFKwRHQZGo8+U2Ygtt+gQlBT7gHvUKHrCjL3iAR
ix5u+lB63Pycbm2E8fZ6g8bixzDM79OZ2DCrUF4nL53L6mOVjAvDLthoizmhxBaaTtNoE3jXAwPW
9eBBKVha40PvvtC7bcEQzHDdaBI+2eWkQgDmfcTeis05Eq4vETTIS9+h/nZvA+g6bDKZOugdveH8
9mrKQ33DEY1abq3Ss4dD6IGOZw6erFVLxDed9FFChkNNMePgCa2qeO5rXPaFRY563Pc9Y4aooC0J
JjG9p3Of3te21wk1lsNhyBypxLov/A9OBpXSq5s5acU6u3PxvOHxN7W6pRezvvmLW6jwiVhIsm7U
GZxX3jCKexfp2AtiuSgtteQfNObB3SIIrNr23sTNWeKLeKgGvoKXqbMaEZTHWFHreDLS932Ilq9m
DzdYWj3wnFt6z47VVoM6itKZVYskH+xB8ZzwKWVvAgPDVoTbihkQCmrZs7qlZE3h4relSsPe8guf
mRCIkIVmxsETwmXGdF9js1/YxNSlbBvzbHk6zlrDRs/ZaaRsD0ObR4nPt4/BrrDTMRVe/sBCOf3B
+2nr2Kb+vC05xAhIUb7yQGZv5+TyXW9KxdJr3FfrJHW/7nEZmtLhs62aMxLmvGc+vk8cX/O+F4NO
rmHUh2eXpO7T2QVPfuFpBFXv1iZVNJ5giLe5IuJgrXeP8XVVFn2k0D6Gx+hkc0ayvNJoS1iy5Qeh
kDwXkgGGqcdqONkTQH1nu/yh4NK4qdaVkn+JnePIm8Xy5S5kVyybF1PoL7e+dDdEpcXCXU391ejT
iIkepKHPSGavh4hY8s9W4/i4tlktIpgPWDR7pLDeyToSrn7Y2/nM5h5P48FRJe9gBeobKRuwKmWL
X0/oz0IptRVszkYZR+xp6rH4c8lCBd0cW7XLwXHm+be1hoWl7CVAmlN/cH4+2FoaiSRPXMQKPgCK
MaWYtEim5sbr1jVd9028yjCyFU2jSFrZb+qPuQ35LwLtjJt0ngZjT6xr3VKPMHxDaKT93IJ3SD5g
hZ9xmqa8GlkjLn8LVXvesK1nGR9PB7h/gHqGkSmxMgZc0uD2w8BAkZN0DI1vWsGjyDRMvfXr3ks2
8qJkaiqe01a8QK60J7+J0D2C0N3r7xGxdFfsEARjWhYn/Yjeslbr962BZF7g0CigySb7Tl0yF+qe
gPW8yEm9xIBrnlnxXAOk8lrLNtf3tp4TfKT4dcf+lyzkkam/ICxdR/rVMqj9hBHKwwLsa7WRVC37
u04zXanCVMOXk77nAPJC7mC4rnfllbOmdkYyuv8jz8m+ya5UmfQNIDCcyBiYr3ZrxBXd4tsuGin0
0H+vBWvKzeSiCCuc6Yr6yUK4Ojjy1mZ1P5zK+c2122Sa+rcsGhn7emrE5YsXdz74SUSPfRqGWysM
NJbQElITsb3n2pC8L0wOL3RIBXH5VkPb2vcA5Z2hPACR/15L/dtFeSlsTlr2DHF7y5JLayzlq5GQ
PxZaFJabQ0GjyE2iVuaUDILZUQpiqe+Td1c9CC/lx6SL2PPfnm8vBhcKbOBe6JqmbylK+UF4eV2M
uuzh8p5n7SYTS7YbA7jkCS3Np5bPrHjcu/03kUoKbIApoePxNQrU4RREc/RXKpHfehNI/mds8Y5t
LYrFKHsT/VnY47OZ+V6uTl3xKK1P554LUTOe7mzrvZGCJYQw1GS2Qa7Hb6Uo1Y2+YtLNXl/qL78y
urVhy1n/83BoyH7yE11gVcFXHPZNKIiZh2+ZMdrOKEveQZ5xx2iyJ0+zAR+AKAVu0E48/MjNTd1y
0oqtjqGAmfGgf7S1zq/4CRRCg+LXWlAi6rK3qb7RXk4qR7JS73kf+AtynEa3NChvWGY9a/GVYAgw
UI/1G+UjDTzfp2pUgl+f0J3qsbMrRgDXU3b4pWt3vrqj2RMRzqUqw6FK1htvQ6302n8MkzJEPP1o
l9AL0qqNrNIQK9jRaHshPec4HGZaFL/Wald2pS/4F4ffcQc9lLeBE3rhT9wLzrPv8RVqmyeWxLYT
hqGR4LRcAH9/y+bfceLmW8zbSHliTu0nseBZ/VgH7ica6atYxOFyF9tyHdffYJWeWHI4kF/h05XW
yWZurVc7pZVSvpf6W+sbkttwKBZYqs8DrjPd9EhMOE+9aOwx39U/hJJ9Ai6JGH6mBbf63DfQ4hcl
4xhn1akfG8vGDHI5D9jfYuynSxwOS/JXtu2U+WHA7kae3uc04vd7W+sEhK7vk55qCmN5m0YsVxMl
3aGs2mqxV0h+fqWnoRCfo6ERoAMXLO1qlH2eSzw0Ex+vqqoPW4oPS+28GORHpMeDsTch+FXSYTQM
XsD4mvyU+sSyiWUdWO0Du0H+p9Ymds228AKfBpMUwu0rFkzweMYT9xVu9EXbLfnHH6b1mlUj8mgE
fxp1B/6tj7rwr91uDFPLrbXl6XGM5xs210+pW904uxL+rcX5JXjOOf1IcqkgTugmsVZwAvaV1bXq
NhLvpmDXiu/FyasaHtMg4GngYFfGmZAKdaYek59KjV/BUA/54DdMKyp6gKPIG2f0Xt0Tv6oLCk4N
z7jL5Pkxj4BrTuMw7AIqNIOLE5TZcTgPlRTXG489J/WTxSuh6CRb+liJWYIbmsevhMHFRwbRjV+d
Yc6/SmczyC35mZgxV7sQv2L76vjs8BpJ0mkrf6YsWiipihQ5AEuphL+rIY1jCJruq/8W/4Gd0oRX
Yjpn6sa5x+4qLpiRgvFedZB0P+L3Few66hLjK0vVxQy/svSCoNMTR7hZGonhtPA2AvYihs+C9xEo
xGJGMgMQGjGSTBnhAbhqMqUJcbD9EjJixAscP8VXe4H9Ay9HXld8BneOkUGZZ0zHbI9wXHodI0sy
ihi9JQueRooX8cYE2tGDDIASoAnxG7qQWoDxBbvL2e27bCwWD5A7HvyQEJw3oBFB6+HHQ/GLZwvU
EL8vK3HfTVlA0nACpTgwqA4DdFzJ7GAYEPLi01SsCcdPDkPEdgl+flh+rw9sENEg9vF5kDwtVPU5
iAGo8Islwl64+5/DCNSwri8sOEPO0kOzHnwgv7CLJ+JpmrgcfF599PiADHfUV++E1vckYpU/oIAh
Ab/7j+GOUPPQ9/kdwY4FmmXfRiVzj5Kf0d/wGuF4Wc48EJ//FbceCSdU94jNh7CLEGg+sBByGy2I
siter3w2P61p/uITlOvgHmBk6rqgZizbAm2MH6MkM0bjNBLdG7GMGCoNlmJ/plR81XnizeHaOfVT
RnaVUIh2L5G7lAi9RTzUqUAb4IcgD+C0kH2RzkZgInCxw3gRONc0viW4VxA4VVVc8CHGTxODtAwp
XjaNOEQgaEq4PN4jolIhqvND59gj+DFAAIIpStgGcgPSZmkA7oSXSOZXoq0BE7hcxO/xW7UMzACQ
hBsHuXJoW6XQ6RgdF69BB90jXvIDfts6Ere5DOOd8J/SzWQXMKTQiWxhFgGjopAeCFZlx6XCOaI0
wM0A0B1xHb5oBLFZeFwlfTZXv8kMH24TsSfInt4TleOgRaIoDRNJlQZDw8xAN4VLNC70UPGNRFf2
Diq++ZzGj2uAPoI+x8HQ4F1VzdHg4oq8KPc0CP8Q1qOF7KFvfT4C78G8TyQd+sEMxhTQxjM2oaNF
AhYnV9LUNWFcL0be4vZrbLU7T1heeBT04LuKZJQ5WSwQ4peU4QdhuAUHshlD3ZmJlE4OrZVinyUT
Dg3Fsc+iV6CgiVCzIlQ7IDVEAdJFPJbfKfw/jwALqWX6Y3Z9nv5xwkOhgoqluUqKXUwgfGByZG6u
EErNtLJqdkMpJoLAJ9ErlH7xD1vQUPQLoRJGDOKkkIkCyESE3TMnFcGXS5Vlj8TMlV/N7h2oD+IC
kQxc76+PDsj1yekVOTs9P70mh4PB2enRFRkcXRL8tvnR5R6Bi8j1e7jqiHw6eX92RAaX73tHV1fV
cggw7GE3W8ocAxZ5XGRnDMQxAhSfNc6skQdbC2wP9YErYou4pIIrc2WYFaygSAWcEKDBmxDv15xN
OhlUfJgNA7xMCROcJRMIvUUglxlJyBBTb5j0xQ3Vh1ejL6hRADRbyBysDaRlUV3ZrvLeHAO4Fwvj
Amq9prDGLx9XSSGvK+QTGo2gZ1TwpQlZi4oA9Lh1RVdDddRdRN0FsXtGA/ENbEMTqNJS8MGXe1lO
KDth5oYyvY7HwEvinRVdsErey5gvHR5KCZ76bq6LB0nkLiCF/rFkHAr1AWirVlNYQdqxCBYPkqRw
HckhxzaO+CxLtvJudUVFd029hRGNaskHvkEecSnDO66y6hGbLMJXWMANlSO76SyUpZas54g6UcET
WXv18SJ1g9BdqJkhgCNI89DZ6SMGhqQNiQ8kzMHJ4jhlGBiSKbTaJCs9MWihtEKrvawhZY2gKsyq
1AYv/aqdcJzjTNPgNs5079EQqd4snUGOFVNp2UAAG5LIUZHUorAr9hdlStFjHvoYVN6h0kgIrGBJ
nELSbeQt1ufyVNmnsTbCqCf5y4uzLiR5qQt1ZKJyqDgw4mM5tj6oImoVKB/ReqCdLDAkl5DiAIXI
eyTCAh3cpuwp8WSS8eKi2kUD4hcNM77LWS3zw2EQsAQb7EClCCjNptyXJeaIJjCSxUpcqAxVE7iQ
SjIitslhkDorU8uI5cWmTG8v9FbKTmFYjRYJMt8jFUtrQNF4QnAlyZRRKUBE7aKOFYNTLCFdiRwH
NqLQx5uBqNSqkhOoBcGXXonijvQGH/bgXtBhBP3rznPB7UWtIKNnzr8i+B+QVlZ2FxV5LKyjXVsl
hy4Eqin1x/u4HFsME1wGPqxEgVCCUzToYFpHLNKexkwfihzdY1TDEpP6VYJKfBgEg6zYLkaDOJZA
pe4gbeKNaRiEFXVcGt2cq14Xe19Y3p5YlmfNiFN6WckEZbt0Dy21Nrq2vOlllQzUPT6NJuIGqoal
yheExHFEJwgB2gTMFoe+qFhwrDkD5bGz0wjbqed7OGMiBs/4UXkWJ+T8+oPQNAZICHuUJgQH66Ip
C3FycFHNYs0sSSt414HQFr3cZaN0cpANWH4kFg5UVLk2ha4qzhM1Vo3l6Bo9OYi5TFzKGyxkJoOT
5Nabch6LEXg2TmHZSFREMJcmlMR0nkVKnP7I5onwnDaEBcXETKAsWNTkBA6R5WBYTBP9QD6P+D16
fURO+2T384fT/kvADC4POsD1dxDuw0iuXAfHwPFLBIOXalEBgidwcYkwdgCe/vnNWcZfjW00yg9C
GE4WiaQJ1QcOckUaFth4NlWiUog2gzMeC7FwzhsvKvep5xZoKZQpENwYTbKwCfCFl+5lowAxglSK
gttA0SkqsoA7vhcScS94zTldgMfgSHLG59mgHDOaSgMiFFeyc1JkXATAbMZLny25FtMd0t1xs1Wa
yLYQ1yrfTmM17eLgB4dlqFP3VOQ9BySEGmnu+ShGhnEVopQUzEM0mOTjhABv88vpcC+7ypgte3SG
Sjby4Yyn2IPHMt+oDo2mVE2M+RUjlJiOADfE3yJBws2XIl1qNwvgAZPD3xGTzEZyi2cxqSky3DTz
d+HiYq7TSLwSPgrK4UMcIrSsKmBxROYgDHLaY1rWHleTRsAJ/CPrdqBsdjP+zbWpi76MkwOVNHTx
ZT0tNoqPEAtBYnJX75p9IWyEC6piEYDQnizCloZSPXCh+lLoiJpMyRK4uMeADvwqxCYvyCTCJZm5
eYoJm9xC1YcmUqHpjnpinAZhEgYxsm1CHqZ+5ozqADOZuEYFxLoIh6LAr4QqiGEuwbgEyU6VzmKm
Vk5RHagkjjNqYtgoyTIHqvbCTb3yuQ6tk6O/V3ArvxIp724mOZxCtTnmWotAL6vIpxf5lVOOLSNU
qeI7J1WPC40hkC1mOOyJcYFVDAjjQnUcy6nzpDgvIIggRieTCAbQcrJMzazJCYQkoqLlDHxCP+jB
7/vvD3AeU4V8mfkwKNwxWVtT6Dp3QmIsFC8ACFpVm9uGRJtbXrqmbJwHRoUGleeVM0GODyoqU+kl
oqBz3XRQdQfoJ9rM1R7Ex3BK9wjuayPSc5JXYRB6xyyCSrviyF2gD9TZLFvJXEGNmTD1IExLrylU
nJDJRRTLgoViKFpens9kPGhpiVVv6sSbFbFa5V9kitdjT8DQjC2LARMFiik+dVM2nVstBKgzuoTM
msszvArbsnVlr9BmThQPYJ8oe2ZzJFNFFBEDBzmqblYRA6ecYWjiisLRG+eMYPQBQOTDBoxA2cSB
jHHAT4XILLNR36OxGpVAIUlnoZ8dYckDOqq2OsgaTZ4Dv8UZrAPym6hVIH/uiSmt35Gp3Hc1T5P6
QxABA+vGyHPVpEH2+EnMBjyWsURCFxk6FvWxGGzia7egq0q3uvpSrtBB/iT4qAqzgsxehcQDgg+s
Dux/tPea3Xtrr35f37P/Yf3DxXpI9PNdfN7uYHB91anJUCyPGs2XssiTjxj0sbrs4ZhbwMZqKk2U
HmIuDFrNWeBjldRJ0igLytkAJcofToiIA3wgVTniSVCcGaySPdgAX5DV7ItjEWqEKHG9wSQVlYKk
3GiUiigttZqPh2J4y+4h8MVqbOfc4uggFuMYsMjIg7p8IWs4cR3iBVVg5CHTiOwzEqXgD8VIlMfq
nb0ddp+wIM5e4xbLpg522vjaJq7PGDlQE011Cj5hClwaGTQ+u3F5AsHQoOIjSIOQRr5+jCFCPx57
vlj4V1Ams1A/nOJqUu3Yg1421wl/xOJpfn48G8nnZToNSzHQ39VpoWPCvmRjNblg3CnifmySoEKZ
6ZSrwZmhwSL+08c1tNkvkp9K+C0LIL0biBdUPC211eLmL14oXwpoip3zvvjeSL8aDu9npk05amPX
anXLsvG940H/vYHU5TdCkzIRSJ7ZHNDdgzg2LrzysEN/PjcgljSAQxwlm7CAeIebWxnEUM0Vqk9N
W5CRUOGp6VxFtr0RxVSaePi1J9yPSKxx8iYjL6C4ebrgggtoBMvsSxUiILkjcYc0qhMtQtzoFgh1
cf3EfdBkntHKwjZ1nQRDtFSE30kqfSlT51esud4PxOxOccNff/0vk5S85Q==
===END CRASH DUMP===
