PocketMine-MP Crash Dump Sat Nov 13 09:40:27 +07 2021

Error: jojoe77777\FormAPI\Form cannot implement pocketmine\form\Form - it is not an interface
File: plugins/GemUI/src/jojoe77777/FormAPI/Form
Line: 10
Type: E_ERROR

THIS CRASH WAS CAUSED BY A PLUGIN
BAD PLUGIN: GemUI v1

Code:
[1] <?php
[2] 
[3] declare(strict_types = 1);
[4] 
[5] namespace jojoe77777\FormAPI;
[6] 
[7] use pocketmine\form\Form as IForm;
[8] use pocketmine\Player;
[9] 
[10] abstract class Form implements IForm{
[11] 
[12]     /** @var array */
[13]     protected $data = [];
[14]     /** @var callable */
[15]     private $callable;
[16] 
[17]     /**
[18]      * @param callable $callable
[19]      */
[20]     public function __construct(?callable $callable) {

Backtrace:

PocketMine-MP version: 3.25.0 [Protocol 471]
Git commit: 0000000000000000000000000000000000000000
uname -a: Windows NT tungnguyen2-4si 10.0 build 14393 (Windows Server 2016) AMD64
PHP Version: 8.0.11
Zend version: 4.0.11
OS : WINNT, win
Composer libraries: 
- adhocore/json-comment 1.1.2@fc2f76979f0a44a5f5bc2a2b600d0762fe0e78e7
- daverandom/callback-validator unknown@unknown
- pocketmine/binaryutils 0.1.13@0abee38d4e2861621f262c79a2a3d699d8a697f4
- pocketmine/callback-validator 1.0.3@64787469766bcaa7e5885242e85c23c25e8c55a2
- pocketmine/classloader 0.1.2@9757928424652393b178a3760073113aa7c9911b
- pocketmine/log 0.2.1@830b44a2cf96ef703c550abe64302f230231ca49
- pocketmine/log-pthreads 0.1.3@e477ecf6ec214fdd4415ea1da3fdd9d73bf699ea
- pocketmine/math 0.2.6@43057cb8c179a9859677b496a788db922fd5cfc3
- pocketmine/nbt 0.2.18@9f82ca4d7f97fcd9a566e44b63c4f18a7657ae82
- pocketmine/pocketmine-mp 1.0.0+no-version-set@unknown
- pocketmine/raklib 0.12.11@9cce458b8bfde3e4dfdbf70c659fc7b7fe26b5c4
- pocketmine/snooze 0.1.5@70b5e7937a06878dd321a3182ceb76d56298f2cd
- pocketmine/spl 0.4.2@6b08b7cf8c4afa17139c9a1b3bf1b408531de161

Loaded plugins:
AcidIsland 3.2.9 by GODSMineVn for API(s) 3.0.0
AddGems 1 by  for API(s) 3.0.0
AlwaysNight 0.0.1 by YTBJero for API(s) 3.0.0
AntiInternalKick 1 by Jibix for API(s) 3.0.0
AntiTNT 0.1 by Adam1609 for API(s) 3.0.0
AntiToolbox 1.0 by FaigerSYS for API(s) 3.0.0-ALPHA4, 3.0.0-ALPHA5, 3.0.0-ALPHA6, 3.0.0-ALPHA7, 3.0.0-ALPHA8, 3.0.0-ALPHA9, 3.0.0-ALPHA10, 3.0.0-ALPHA11, 3.0.0-ALPHA12, 3.0.0, 4.0.0
AuctionHouse 1.2.5 by Shock95x for API(s) 3.0.0
AutoClearLagg 3.1.0 by Twisted for API(s) 3.0.0
AutoFeed 1 by Ghast Noob for API(s) 3.0.0
AutoFix 1 by Ghast Noob for API(s) 3.0.0
AutoInv 0.0.10 by JackNoordhuis for API(s) 3.0.0
AutoSell 1 by Jero, Cur for API(s) 3.0.0
AutoXP 1.1.0 by JackMD for API(s) 3.0.0
Badge 1.0.0 by YTBJero for API(s) 3.0.0
BanItem 2.3.3 by LDX for API(s) 3.0.0
Bank 0.0.1 by YTBJero, GhastNoob, Kaido Joestar for API(s) 3.21.0
BetterVoting 2.0.2 by Twisted for API(s) 3.0.0
BlockCMD 1.0.0-beta by kenygamer for API(s) 3.0.0-ALPHA10, 3.0.0-ALPHA11, 3.0.0-ALPHA12, 3.0.0
BlockSniper 3.2.3 by BlockHorizons, Sandertv (@Sandertv), Chris-Prime (@PrimusLV) for API(s) 3.2.0
BossAnnouncement 2.0.4 by XenialDan for API(s) 3.13
Boss_Quai 2.1 by phuongaz for API(s) 3.0.0
Broadcaster 1.5 by EvolSoft for API(s) 3.0.0
BuilderTools 1.2.0-beta4 by CzechPMDevs, VixikHD for API(s) 3.16.0
BurgerSellWands 1.0.1 by Heisenburger69 for API(s) 3.0.0
BuyKey 1.0.0 by  for API(s) 3.0.0
Buy_cmd 1 by TungstenVn for API(s) 3.0.0
ChoDenUI 3.5 by BlackPMFury for API(s) 3.0.0, 3.2.0
CmdSnooper 1.0.0 by HotshotHD for API(s) 3.1.1
CoinAPI 2.0.9 by onebone | Edit By SenKai Official for API(s) 3.0.0
CrateVH 1.1 by PIG for API(s) 3.0.0
Crossbow 1 by SonsaYT for API(s) 3.0.5
CustomAlerts 2.1 by EvolSoft for API(s) 3.0.0
CustomWing 1.5 by YTEsDev for API(s) 3.0.0
DEVirion 1.2.7 by poggit, SOFe for API(s) 3.0.0
DLevelIsland 1.0.0 by Nguyễn Công Danh (NCD) for API(s) 3.0.0
DancingFarm 1 by RicardoMilos384, DontTouchMeXD for API(s) 3.17.0
DanhHieu 3.0.0 by padreon for API(s) 3.0.0
DevTools 1.14.2 by PocketMine Team for API(s) 3.13.0
EasyCommandAutofill 1.0.9 by jasonwynn10 for API(s) 3.0.0
EconomyAPI 5.7.3 by onebone for API(s) 3.0.0
Eternity 1 by minefore and shin1134 for API(s) 3.9.0
ExtendedBlocks 1.3.0 by Javier Leon9966 for API(s) 3.14.0
Fishing 0.4 by benda95280 for API(s) 3.0.0
Fix 0.0.1 by YTBJero for API(s) 3.22.0
FormAPI 1.1 by jojoe77777 for API(s) 3.0.0
FormImagesFix 0.0.1 by  for API(s) 3.11.4
GMCDetect 1 by TungstenVn for API(s) 3.0.0
GemUI 1 by WoolChannel3295 for API(s) 3.0.0
GuessTheNumber 3.1.0 by SalmonDE for API(s) 3.0.0
InvCrashFix 0.0.1 by  for API(s) 3.14.0
InvSee 1.0.0 by BlockHorizons for API(s) 3.0.0
KeepInventory 1.0 by KhoaGamingPro for API(s) 3.0.0
KeepYourXp 1.1.1 by ArasakaID for API(s) 3.0.0
KingofBlock 1 by YTBJero for API(s) 3.0.0
LoadWorlds 1.1 by shin for API(s) 3.0.0
LockedItem 3.0.1 by ytbjero for API(s) 3.0.0
MSpawns 2.2 by EvolSoft for API(s) 3.0.0
MaxEnchants 1.2.1 by Xenophilicy for API(s) 3.0.0
MenuAuto 1.0.0 by JeroGamingYT for API(s) 3.0.0
Minion 1.0.4 by phuongaz for API(s) 3.0.0
MuaDanhHieu 3.5 by BlackPMFury for API(s) 3.0.0, 3.2.0
MuaPointUI 2.0.0 by JKPVN (JakayPluginVN) for API(s) 3.0.0
MuaTuNhanUI 1 by FurryJaki1992 for API(s) 3.0.0
MultiServerChat 0.0.2 by tungsten for API(s) 3.0.0-ALPHA12, 3.0.0, 3.0.6, 4.0.0
MultiWorld 1.6.0-beta5 by CzechPMDevs, VixikCZ, fuyutsuki, kaliiks for API(s) 3.20.0
MyItem 0.1 by AnhKhoaaa for API(s) 3.0.0
NGVS_Khoe 1.0.0 by NguyenDongQuy for API(s) 3.0.0
NVSSP 0.2.1 by YTBJero for API(s) 3.15.4
NameSpaceRemover 1.0.0 by JackMD for API(s) 3.0.0
Napthe 0.0.1 by hachkingtohach1,tungstenvn for API(s) 3.0.0
Netherite 1.2.1 by Wertzui123 for API(s) 3.0.0
NoAdvertisings 0.0.3 by YTBJero for API(s) 3.0.0
NoFallDamage 1.0 by DeveloperNeb101 for API(s) 3.0.0
NoTP 1.0.7 by awzaw for API(s) 3.0.0
OffHand 2.1.2 by alvin0319 for API(s) 3.0.0
OnlineTOP 1.0.1 by HMMMM for API(s) 3.0.0
OreCore 1.01 by  for API(s) 3.0.0
PHP-Sell 1.2.7 by Muqsit for API(s) 3.0.0-ALPHA9, 3.0.0-ALPHA10, 3.0.0-ALPHA11, 3.0.0-ALPHA12, 3.0.0
PM-Beacons 2.0.1 by jasonwynn10 for API(s) 3.0.0
PlayerVaults 3.3.1 by  for API(s) 3.0.0
PureChat 1.4.11 by 64FF00 for API(s) 3.0.0
PureEntitiesX 0.7.0 by milk0417, RevivalPMMP for API(s) 3.19.0
PurePerms 1.4.3 by 64FF00 & ProjectInfinity for API(s) 3.0.0
RankShopSystem 1.0.0 by zZPROGAMERZz423 | §eFor issues report by §2Visiting GitHub.com/zZPROGAMERZz423 for API(s) 3.0.0
Report 1.3 by ImNotYourDev for API(s) 3.7.0
SETVIP 2.3 by MCPEVN TEAM for API(s) 3.0.0
ScoreHud 4.0.0 by JackMD for API(s) 3.0.0
Shield 1.1.0 by JavierLeon9966 for API(s) 3.7.0
ShinPickaxeLevel 6.0.0 by shin for API(s) 3.0.0
ShopPoint 1 by S2TwKen for API(s) 3.0.0
ShopUI 1.0.0 by SaltyPixelDevz for API(s) 3.0.0
Shulkerbox 1.1.2 by UltraFlappy for API(s) 3.0.0
SizePlayer 1.0.3 by  for API(s) 3.0.0
Slapper 1.6.2 by jojoe77777 for API(s) 3.0.0, 4.0.0
SlapperRotation 1.2.0 by jojoe77777 for API(s) 3.0.1
StaffMute 1.0.0 by YTBJero for API(s) 3.0.0
StaffTable 0.4 by GigantLeyKey for API(s) 3.0.0
TableSpoon 1.0.0 by CortexPE, Xenophilicy, HyperFlareMC for API(s) 3.0.0
TimeCommander 2.2 by Zeao for API(s) 3.0.0
TokoThirstBar 1.1 by Rand for API(s) 3.0.0, 4.0.0
TopLeaderboard 1.0.0 by YTBJero for API(s) 3.0.0
TopLeaderboardCoin 1.0.0 by YTBJero for API(s) 3.0.0
TopLeaderboardGem 1.0.0 by YTBJero for API(s) 3.0.0
TopLeaderboardIs 1.0.0 by YTBJero for API(s) 3.0.0
TopVoter 3.2.0 by SalmonDE for API(s) 3.0.0
TradeNPC 1.0.0 by alvin0319 && FunkaDev for API(s) 3.0.0
Trident 1.0.0 by brokiem for API(s) 3.15.0
UIShop 3.5.4 by SaltyPixelDevz for API(s) 3.0.0
Wolfies-FloatingText 1.3.5 by  for API(s) 3.0.0
WorldProtect 2.3.8 by aliuly for API(s) 3.0.0
essentialsTP 1.2.2 by  for API(s) 3.0.0
iProtector 3.1.1 by LDX for API(s) 3.0.0
reyyogaWtrhit 1.1.6 by reyyogaMnelux for API(s) 3.0.0, 4.0.0

----------------------REPORT THE DATA BELOW THIS LINE-----------------------

===BEGIN CRASH DUMP===
eNrNfYl32ziS97+CUe+bTmYtWaRuz5fdOD4Sd3xoLOXoHs3LA0lIQkwSHB6yldn5378qAJQA2m1L
jrK9mTdtsUgWfnWgqnCQ/FdtKtKI5l8WLM24iGsH7b1aziNWO3C6rW6v57hur9FptjpdZ69WJOpU
q9Ht95xu33GdVqvXHzS7ezWWpiKtHfyrli8TuKR28uXk+vrqurZXi1iW0RnSvoqvgvXw32RyCu0e
Ds/UD+LTOBY54VESsojFOUmEf8PyiMdsMkGI+ro64XBVRvBiGhMe5yydUp9BM1MeYhtJWMx4nO2/
ZdGHs/0s9ffXre7rRuVfuCUE9iBo8997+rYvPF6IcCEhAK+Ap8zPa+VZoEiuQPBFwFBYB2j/77+T
eQI0F37DnxbeyPyQpuxFlqfcz7+gSjLyijgv/woXtNV1HfgTU1BOAvjJA6rBa7vq2h78KTL2e1qh
GTnDH3hH/4FLhyFdshTPDhQ/pwl/qQfwqJ8TwJplRHJaGUBz/Bde7OibUEAC//b/8hfyekFTQtOU
Lslf9vFkS59MUpGD0lhA/iOgOQWp//4PbNlpV+/2aRhSL2SaQWfFgC9ozsh/lOfl3VoRTm/NBQ/7
+pAAz4SmNFpzXd2P1w1W12FbbrNsq/BC7pNpEfs5eD/58sUXMWil8PMX/32f00vyrxr4CmoNrP/3
f+zVZixmKQ3RFdCWwHYo9X4Beq9fDKEtj2Zs3btqrYbbaTSRXvAwqB24Tae1V+PZl4AtagdTGmYM
3A10KHwBbNs96HYzjs7Y3PAf8C40lk88DsRtRi7HJC/iWTwrlix26+2ME6fZaBKJgTjt1qBFXpQX
j1gKcAkA674khxfH3TZ2APDwg1q/0WyAN+zVvrEYsNfa5TGc/iIybPHs8nIMBHlwC10Gu0qUiIyl
X0LupTTlLENt0WAOEqZs/2sm4jpco7uc03Aa7uup70573UFvMG3Sdpt2ph3Pd6nrdZvNoNnrulPW
ZL0+6wH7gAJaCtCjfTSTR/2b+oKGHJwP4xHo4iYWt/Fr/RfBrnrGvsdjmi6LnIeIF4RpOK3XTeox
1uoHbeb2u07XdaZu1/V7A+rSVtAdDII+BWjTts3qwcYdUFDrdbfd6/facE+36/mU9lin3++4bZf1
O77b8t0O6/udDnUrDLFXhoIGLNXY3NeDXqc3cPttt93tuGA1z+n1aasHaum1HKcFvP3BwHE8m1Mo
ZpKD23Be91tNDzTq+tNBl017zRa0jAJ3262mO3XhPy3Hp+3BPQ71JJ+njAalolqvWbvXY/60y3zX
aU+DoN12Oow6AW3BwSDotbwpaItRmxUkm7lG030NjXZ6vtf3HVDvoN8ZQMbx2oMu7fX7gTdw3WnQ
8ad+y2YRe3kpT//1YNp3AXDQm4JN/GBAO90ua7e9bstvT50+7XU7Pcr6FeWuf9ajRBuq+Z+xqOue
Ws9Y/rDLpPQGHFkpAQA4rwe+z9qdvtf3pgFrsXYwDTxQrN/tDKZ+z+tNmdv1On7FXbJYiG9M67Lz
utf0Oqw3aPVoE1JrPwharkNbDojGvF436HTdQX/q+kGFSRJKDm1wja7X7Hs9f9r323RKnZ7TGvgD
6nhgBcdrN/udlhMwp+vU/r3KdrIjHvo8OMtCih16FcQM4l7NCl4N9Axa5HORwu1/r729Oh5hsPsY
1yAc0oQjsYXaxGMWY9gEzhBSIa4FLIHAkanQmYlpfrwi1E4g8opoCXkPGtBBVMRsiWwiKpPvxXIY
inwyUX8xf0PvwJB7NRp/uro+PwbSLfMynqMMGKkPgwAydmZKpimmWI4l0neJsQabzAsRz+i3yeQd
gxAVTybY7gWVMfFp4OEtXWaXfDbPTfAG1RSgiXHYtsuv4ze/sFTUdiSNZjeZUBBkYyHinJ9hhRbT
8D33b0xJqqd+3x61X7jH73YliGQ2mVTb306oMeQ4W5axzHqmRSpCHAY0crrNwa7k0I1WcY/Gh9fj
D8OHUQsReuKuilxTLQPICsVAf0r5jKWjX0dV+PXD8+G7Q4xtxmHHPuzahz37sG8fDuxDp1k5dirH
bnmMhfX3KHQlonIOrRbr4Cn3mOd5kh3s70O9Ni+8BhQ1+yuu+yYfNEghK853Amp10yIm2TaJ2+jY
RhlBBXUz6NztMvCexYujlGbzU9XjtG4y3RJ0f4VvjvhANzbap/tOkYujkNH0nM5mltQm3c4493xx
fMszGF7sqiPlih2KBjU3gggBBMpmY9rW8hrmYbYMi+jiaN/mp5VxylhQ0YMkPRIN385plpNLIbyd
hRLd6hYxEO/gd1Xk/O4PAI7RfBvc4OEV3Ei5l00rTvcLVPYAPQ3mBc92hf8rMI1LpsoBebxQrqdA
bSTRiIVhRSRJeiylQi7fI0dFuktTZNDodrb4PKzg/jysBL17vR8NcXG8s2pAclMa/zzcDPwDfV2x
2dcSgHBvaDAzw7o6rqTYqmg/qmSTjW9umDc0PstZZKFXFBO/22g1Wjb+8+PPu8IOrBC3bPbZVgEm
9Yuj4cl+iV8Jd2NLdrNpJb2nIpgMYHu195QHgvwiWJZTuxe5zg5s5gGwLUzGcihlP4qcx2Zatci2
8WDw/AOyam3IZ7PlUZHlIjqJ/TmN86z2QKr1JLCFBAZ2tmE+LW0I1cgRBAFD0pJ0r4vVoS1qi3rD
4uUM7ksfLma3KDmfaeUSLYi+xr2Z2KOYJyytSq6p1aF6pX/KS9+JlH8TMQ6ARzC8Z2m+IC9elz9f
AvlonvKsPkx5xOAM/i2y848vbR/f2jP0mL2ihBKN1oSSYzI5V7NemyhFZNlhHIsi9vWk/Voz1VPV
HtC21fOZxZyGx9SeyHBaz7XyneQX4IC5CmVbCb/8raC8Ipqi2TJVIlc5BVHb+ZTGYZFSBKFE20iM
FK7wIX7a3mtQ7a5bGeucLEQ4Ali7EsVoGGSwUDwyki6TzO3tbYMBIuTeyG+kfDiVzlIc4ZnTTRa5
Op5TwanihkffmD8fXhyzBd7wkd/xm3d2veN0ny+3j9yTKADuEIYVuBzBgRZsqNtmWwP3vsVKKifF
UTDUh5+oRGToxz5Tjd8Vj37HeMZiT97U3W4uxRznPqIguwXUigVwi5xcLN+zpSWqJDxeBO7KvWVb
W4H94keBjVZSHhlEjIt4Bn0m/t6p3zVsxRHb3Rz60Vwcs/jDmYF9RbITYqeaDqFqH16cFunyHv69
5+S4tRwlgMlE/dpCmigYwZDQzvEG8YkhxDuRZ3ORVwMGdKPnxosoyFTTIIsJ42lJYCyLfc0QQ1Oq
ebiyoiBi5sH/yf+Qk4Dn5M2SjFgM5Ta5mk65Dyl1V96mG5pMfAAGDEHCFcKnxUtpzj6+M8XTlMoA
1hZuePb2Ufh6AXgj/CNRhJ/kmPu3IpzSecRPv6ZbuFoKqdsTt5YImvRIrx9BuUZ/HVek6DzXCJod
6F63vYUAcpxxGEIGM1OKRX60Ptp1UWG2DALZOJ5XVigmn+xxnUF8tGj6dXySQT7erXif5JhtUxsd
n3zkqYS3Qr8iVcuhXqV6FTPc+ADjlKtTtrMSVjKdTBYSwmQChZD+ZcB6Yi3l+JwtWHhvzdQiPxGn
L2fFclI4zO/E5GhSNJvTdjwjMPaYkxeXR8cvt4sR9hS+3j30WJFzKTeCHEExj02C7Db0p61KYx/c
4JSm5jSRSX0kgFxzn6aBuOChyFp9rH6PRZyPReHPL9jnSubqPd/UFleQcY3OOthQ3vk7zgpbWEWy
a4x7lk5okDIR7yzoa36TyZjnecgOj6+36IxsUR2frEiVrNWuzg+ttzWRMaNRZYz8HVbSAMAmaygb
xEpj5LGGtr/iAdKe0Gx5JKIIfBonZqfcmiV/6Gy101YKk680E/HtMo6d5s7MafCcTB7AtLlxjRhg
SGkGhrVwnUavOjmki6Gd11ZMIZDllYXmaYFwdZ7n5hBqRXokvODGmKlIGQEtkmzOY8dptS2xBs8X
q2Q+mUTTLUxzB6OkgAVyjsvsfZUTtv+17i99LDhLyTl0/8Gg27W7YPt7FkGQb8kWzGSh2lzMU47q
NguVkmLPsFcmPDxojA46br+5K+fTzU4m6/afSOn2YmZ1IXPD7TWuu4OJ/63WM8tUb0DXlEcHIeu9
xjtbyfy9jd0b9nW89CyiM5ZVLGHRH7eJ1R2cRvvZMTkq/plhjYgbrLlsfLqNUd5eHB0z3AJtyLGm
/RHzKbPID2TrWwgh97kbAuh9778L/hOk3aM5jWMWttxBZ1cSvN10/U+CLliWjefssog8awKlcuKJ
DSYjGkYiPj7ZlQwlv8nExrG5YOaunLVUJnWLrvEdmaLsGTxe+Niy7BebL2UA4BFjtgRIeGKwZK9b
7WqG1F5+Uki2EeY9YwncxeJcpGaNYtMf3VX3fi7oWwo1xWy4u2V/i+lkYsHZ3OPwtl9FkX5OKqJp
YnWXRnW3I3gHvaFnO9uosWKoJFIothAH1CGm0uamPAb1kdC2430Z76/ebA4c/fGTSENr0cQgPprn
sfjZ2Y6MVZub78fAYZqfLOJGLhIlDAzUgsrmEoNYHUpXxFnm3tcd2kGzwz5fIjB/b2Kdi1FCb2PT
NCXFnnd0f+y8o24UDLNq/XmzjRf0brVtw5DJoFbn7Jx7a+gimfOQ+8tdCWewRM9bQbEONjIWiwsc
VpuSlaQnMhB2fxVT7018P99ouu3NY8EFj+2ZVE2ogm//2F0AR+eHx3L5WDW/Bf6CPjCRZlL/wPW6
I8CgF+yO5JzoFlINBY9zq1w2iNXVrqprvR9+vCQvfoHkthzKp3I+Xr7c2fSS5A6yFHQrgcbFJXSr
qkQr6iO5EqyTLkEY7gwG7s7G8yZTKU0JZRupwpyrRxthmJJbktlnqqV0JXjnepT2O5vHzOcR8G/3
e59LKNtrbSmrTNZVMRXRDhhdvQ+l8+Q+lKPf8DHrYlnkWXGDe49uaMj5jV2Tu80d7U6JEPAtAkaT
G+C/Z2eKwQgVtawUI5rw+JM88RxrbEp31ktVq5vb9/Ltx9EXwGAOpda0DZaeWHwMKeFvxc6S9Pst
euLlx9HI3Petjm2Vu5vMtzmdyiTPNuOJkN29SfkW2esS0I7wUf1rFomFNb1w79RT5cQP2cNeRbGN
aEk+t5xJEZ6YA51Tf34DNVEu8JezV0aqxc4GHZUWUEYEVv7dSDYGF6byeC3eivZEOfuJpfm3gjtu
a1cSrTmCECWMZ+9wX3PbX8uEQovDAATLeQbKM0v5yomqgVv/Ow8k2Ci28FNxSsPwmEbUerjCIj86
4XKMy9y4gemSeU7T2ZVgFbYo4BrRNuKNrbiIh9VIUtkjQW+/0dtdiSGZTSaxyJNne6QCBMJcTafv
7P0RJaWyJadaX9FwweNmy9nZk7IrhpMJQICyMVj92MQqVzG+JWZ8ZZpmTXtqv+oF/NtZnSBks5s7
1FXKjkRqdpWSUoG9+QPw28DVjW0zqTp8N6xXHmdbkZ7YLnQh56Yfrsqf/1Dxc6f8AfA76Wmb2mp4
UX/DKL59xpR9TawOI53n7U3Y6ulEY2uCJ2HgszolnKclki8d+kih4rZkMsn2gL/V+CFvYihXLRLZ
8kK2XL4TaYXjaXEKcGd75Lgi2a7ZVu/EMazTbZ+eNrczjGQ+ZGmU3d/IVTul8rnrbCgfS/vMFlwU
2fCkXtKNx2y+qLZBXg12/esZ4V2C0i/YWrHRyjmJc55zln2uaGhNt8uNXjU7Rzy8abYd7NfXINKC
hsOLi6Fd8n/H3o1U8UyiCNJbAsCYBqY0UsLcevuRgXXfllcrRlnRVoqiVf2m9ZDbkD8TsPNX5udn
8ZTL7S876hiWb0hExs8deIfiA1q4pvHNaC6S0TKzx9uVE0+Mm779Nry+ent4cXL927e22yL/Q3Dr
JO2xU5ESnmUFy0jKEpHmxFvqc+5HqDLxyULylufvNNAKoy13Wxr9Z73F4ZHuula4Le7myeFaCmXq
TREqG4ZsbZ1FlyLHhbLqFuDe1jm9NuR3LMRnJrOxOOaZL9LAiDFmS5OJwlb+3US80cn445lZX2lC
5XnjSr4/Gp58vCTjk8OLnU3JS5aTyYjlH3myEXJ8hdm7wixzVyQTfftZkwBbzfTqWYCy+c2dazTn
zJop1IQnH8Q3d4096mD3cls5FNhiU5oCVf7dUK54yP0besfk9mZbQvuUKWv3vq12uZBabXsbQ4lE
ripYkpS0xx7ZcMe379nu9iCvGt0Ou7WeoAlPRPwRDfOlDD4QWna2gvXhDFvfBnwR3rDUfneSQaz2
lMqI9kOYp/Q0pEmys8xtsMQuIZG8EVtsUhvxb0xVwKZIa2LVLq0fMkKUDZ5jgyDF6vdG+FF2G7ym
VBc33I33Pn7nQk2mADx76sR4TW0py1rQa5HT3F79rZ6593TxhoI/+9nACoAtnC+n0+lFYc3Jrmk7
eEvKVosvRc62hD6Wb5WtYB/rV80+stP5LZ/ROD9n8jngHUWCDNveHL9EOUqE5UkG8QnlH0FFx+6G
J3LUud7qsVd7twRPOMV3Hl8c/ZCdH2uM5u+nd3aPecT0MxVWuLDpj27X+Y1RsdMX21htf//rbWxR
UGZxI8Zznmb5G2rJbNEf3Tp2rcuzXQbIVE6IIYiNPFUk5wznDT1B08CSwjrxB71UyYCwRe+zoOPT
xr8rlzz5vxwKHxIOcTxXwLfWWP/+uT/edFttL7cFOMt+V7az7I8SrYpjK+E+CvvlLCtS9b1CP2S/
vH7CEFusPbR3vkSz/rWRWClo43J4ZIpVkp6w0WrdiPz5z+S0iG/oDp+lLkFsYaCUB/YLjkrKE3J4
qbjhLKpunXg2dM0P7KDan0yGF2soT8qhBl+GGJpQ2ftXrZ2+YyS44Ztfth0VfhLhlLOsfgpX4gTj
mN2Z1nnwdPUJv86PWO/Alo9Z7LRak4nZ+jaipWEwVB9ysEQyyNWXAfarvYcX4XJ3a7jIbTKR28H0
FyY2efXxA2XTRcHTKc4hme+ALz8akqcM31CPb4Lat6QFpbAswxUDyKfWMr1Fro7B3B9hX7PFyaTS
/pO25VokYYZ6g1h9OMr5sS95XLf8/YWwIQUImrLlUszopzydc9OLbXp17qZri6svvohZWNztvCBW
zAGGs2nfxHf342dOGHho5bn8+sWwkczVyygzuZ21AT0lwX02+MmN2k/D1RE5EvGUzwh+MmeSTuKf
PrGAXIoFcZqkOThwnYNOi/xns0fcpuvgBYpfHSf0XzkDp9U2iDx5hXuH4H9IjEQevLJA6Q+K4Mlb
EJXVQ54BFzym+p14dbU0W6f+nDP19Z3sFYz0sBF8oqGuuzyY6ZXTlc3QO31T9sqVDePqRCQC9koe
TUUKbFc0AWNkoIJ2ApwfL4+TRaKbCTi+XKiAHPPKldzkd13Ak/BDEBhAs1dIDnHGto6O9Gp0szwX
nrd01/SMscC4DL/68+r45PTww/kYqcpF6v8sWLrUzWpSCgmqxIS/GwnNMoh1wau/yH+gqSIX9Ywu
mL5xwdltPQBFUlDfqz6S7jxxV0fX1ZeENJ4VdMZesXi21iSNeQSxomxNESPhrSjWFyYaywi/MPET
Qe8kvvSaIpXTPdJ5COiZWNYGZyLjOcsYKRVHaMpIPmdExOB5+Zzm5deePEZ47IdFAN4H7O85LfIa
iQjunCKDKs+MTtkeEbjvLUOWxEsZvSFLUaSaF+FTAvbnEO+xBTA9fs8JEgkwvmS3K3b7AZvKjQDk
VsQ/5wTntfDzRqD0CITFT7ssEWE+55mS+3bOYlIkMyjjgEFjEmN3UMwOJjEhP32ayw15JBfQShwQ
YEHwa1AIPoeRcBZS/EaSPC2hhgKaAVHhF8ulvvDdND4juFEplBqMkLPy7NK4B0QO8PBENi/yQKA1
1fe2Dsikpr/lI1HfkZTVv8JwjsTi9k9/+tOkJoEehqG4JdgncZFUJ0Ky4JT8DR0Vr5EeW+bIA4IR
Tt56Ir1X3yPft4CdC78ABTpCbt6SaM3i9drZV6cN7D994qAfEYOaaRAA0ExZA7UM+r8hEaNZkapP
g4E0HkPQoCv2z4KGqMUZX8C1CxoWjLzQjUL4eoncVYvQzeSKZB2sMJux9ABOy7bV07joZIfZMvbH
NLsBP0hvwK0a8oIPGVgKPb2UFC+bp1BUFmBMuDzbI7IyITpsQPfYI/jdIxAEc4vUDYRxpEVFDA6F
lyjmI2ltkAmcLhV30DtzBmoAkaQjxytwqFsN6GyKrovXoIvuEZ7/DOrLU3mbetRbelDlZvICZMBv
g7lSLVKMupb0QLKqui6VzpEWcYzmDNQ+R2kE+e7IrEGgGte/SYTfJSHyweA9sy9qx0GNpGmR5Iqq
FIaKiQCblksaF/qo/BxUoPoHXQgeAOyHEaCPoM8JUDR4V8NwNLi4ri4qfRbyBuSDdKm66NtQeOA8
mJ2JokM3iPD7cjEcz6i3zEHhZKQ03ZS65RmylreP0Wi3XCpeOhR04du6YlT6WCYFnHL5OhLC8DFc
ZDOFMrNsUvk4GKvATktmAuyE27elU2BDMwmzLqEdkCZKAa3LgKy+yPR/XgIsdx7Dj2n5+/BnuUgk
BB1MV5A0u4xA9MCkyoIVIGy1ikoGgE+yR2hw2c87gCf7hMSD0YL4BeShGPIQYXfML2TgFQqv6o2Y
t1ZXszsf6opsLY4KWlfjkwMyfnc2IudnF2djcjgcnp+djMjw5JpA5fj+5HqPwEVkfAVXnZBP767O
T8jw+uroZDRqVLv/g8oYspQLmZkxBGconj9nMhhLXazCrANqh9ogkFFFXlLHdyGqACtZQb0JUkJo
BkdCaX/Pz5R/QZmImTDGy3RjkrNiAkF3HcLLfg1tXGH2wIQvb2jcvxrdQJfpYLSE+VgXKL0iXGVV
de9KBvAslmRrUVtNLWv28mFIWvKWlnxGUw86Rd0XYagKWBl7Htau7GUIR99F9F0QtSMaF7IKMZFA
hVaAB77cK7NB1QVLJ1SJdToFXkreaN37GuRKRXvl7lBGiCIMVlg4pI/bmKzxZ4pxIuGDoN1mU8sK
rZ3KOHEvPUrXURxWsk1TEZVpVt2tr6ibjmlaGKXRlrznG+QBl7K8Y1RWjmiyFFpCN9SOHBRRosos
VcsRfaKOJ0p7HeNF+gaJXcIsJcBPcN4y6Or0AQVDuoaUBy0sWLlN7RaGr2C1WVl2YrzC1tao9kpD
qupAV5cNhQYv/V094djInxfxTVZiP6IJUnlURJBdcZmIlGMHNCRRIymFYq1X7C9albLH3PcxqLoT
jUg2WMdyuIB0215Z7FioU1WfxqoIY57iry4uu5DipS80JZM1Q92HYSJbyXYMUGSVAoUjag/QqdJC
cUkoDk6IukdJuJYObtP6VPKULePF6zoXFYgf7in5Ps7qMT+cxDHL0WAHOkFAUTYXoSouPZr7c1mD
S8hQL4EL6RQjY5saAumzKrF4bFVmqsz2k2ml8hSG1XSZI/M9UncMA0rjyYbreQkGwnanq6P2uoKV
Q1osHgMlOQ5qZImPNwNRw2qQd1AFgi+9kmUdORp+2IN7AYMH/euWB+D2skxQ0XPFvy75H5BuWXCv
a/FMase4tkEOAwhUcxpO9/FFwXKAEDDwYd0UNEpwHgUdzOiI66RnMDMHISd3GNWwuKRhgyCID8N4
WJbZ65Gg3GEKoG5x8Q9uLJI4qevjyrjmQve6jH9jK3tiQV6aESfvymoJCnblHkZqbQ9cddPLBhnq
e0KK7yTHobQekmpfkC1OUzpDEcAmoLYsCWW9guNMGPeH2NlpinY6Crn8zC8OnFMYRrEsJxfjDxJp
BiKh2F6Ryy8tS1Oum1PDikYZa6K8qONdBxItennAvGJ2UA5V/os4OETRldocuqo8T/Q4NVMja/Tk
OBMqcWlvcJCZCk6K29FciEyOvssRCivHoDKCyS8OZ3RRRkqcMSknl/CcMXgFYHKqThUsemICh8dq
GCynln4mnz1xh16fkrNj8uLzh7PjlyAzuDxggOtvIdwnqdp/D46BI5cUhi2Ndf0HniDkJVLZMXj6
5zfnJX89qjEoP8vG5Geh5dxAznB4K9OwlE2U0yQ6hRiTPtOpbBbO8emyflfwwHBECnUKRDdG8zJu
gvxqbbgcAcjBo0YKfgM1pyzJYuGHPCHyXnCbC7oEl8FBJD5kqsfjmNJ0HpCxuF6eU00a469yosyc
KhnLuQ7l7+pr5MoY8lrt3EWm51x86Mm5inX6nrq654AkUCQteIjNqDiuY5RuBRMRjWerMUKMt4XV
fLhXXmXNsD04PaWsfBiJArvwVCUc3aNRldrGmGAxRMmZCPBD/C0zJNx8LfOlcbMUPGZq5OsxxcxT
L7SUc3Uyxc1Lh5c+LqfwrMyrxMeGVuJDICK0ChVk8WXqIAyS2kMomw/DpClwAv8o+x2ALW/Gvys0
LdmZcV6gXiTgwJC21z4pP7YnG5JTwmbfPJaNefIFlDICoT5ZipYm6mPPREtH9DxKmcHlPZbowK9O
XPITmcEoLFurZz1Xs9JQ476KdGy6peohAoiTMIpRtklEUoSlM+oDTGXyGh0RWzIeygq/nugohskE
AxNkO107y9ldNTt1oLM4TqbJUaMiqySo7YXvtlxNcwRrvaG/1/HL9BXSqrvZ5GQO5eZUGBaBXlZX
CyyrK+cCLSOhNPDRmQYXEjFEsmWE454Md/9lIGG2ho6DOX2erM9LEWQUo7NZCuNnNU+mJ9XU5AF+
Wv2mKp/EBz346vjqACcxdcxXqQ+Dwi1TxTWFrnMrW8wk8LUAktYwJrYh0640r1xTGeeeUsGg6rx2
Jkjy+L1ymarMGlHShak6KLtj9BNj0moP4mMyp3sEX7gh83O+KsMg9E5ZCqV23VfvUTzQZ8t0pZIF
tSbB9OKVkV8LKDkhlcsoVgYLzVBaXp0v27hnaSWraeqcR+tYrRMwMsXrsSdgaEbLYsDEBuXsnr6p
nMltrBvQZ8wWSm0+nuJ12FbWVb3CmDjRPIB9rvVZTpHMNVFGDBzl6MJZRwycbYaxSSArRz5dMYLh
BwiiVhowApUzByrGAT8dIsvMRkNOMz0sgUqSRklYHmHNAxi1rQ5Ko6lz4Lc4e3VA/i6LFcife3I6
6x/IVI441mnSXAGRYmDhiFsv1KxBuWYlpwMeylgyocsMnckCWY428Y0ogFWnWxO+aldiUD8JrnBh
VlDZa93iATk9PxwfuH/t7XUGd85e66615/7V+WuABZHs5y9wad3H4Pqq31ShWB21Oy9VladWF8zB
uurhmFtAx3omTZYecioMrOYvcU2l8PMiLYNyOUJJV+sSMuIAH0hVvlwGykqF1cs1DfAFVc7+dCpD
jWxKXm8xKWSloChfDEpd1pZG0ScSOb5ldxD4Mj24829weJDJgQxoxONQmC9VESevQ3kBCgw9VBpR
fUZJKflDMZKuYnVtr8bwNc0Z108Mqwe9a33c0I1L9p4PNdHcpODyUhzghlCDJqIvgcghGFpUXLm0
CEUamscYIszjKQ/l1rE1ZRYl5uEc0od5zKGXLUzC10yuwK+OI08tlpk0LMUCuRd0TUt8W+xrNtWz
C9adMu5nNgkqlMikjIbnFoJl9s8QX2BQ/iKrU7m4YTGkd0viJZVLpa5+i8g3nqgdBQO5k+lbyD3z
aji8i2ydCkTjNpstx3HxgfXh8ZUlaSC+SCRVIpC4bQ7o7nGWWReOOHbozxeWiBUEcJjKzYMV4i2+
VsQiJnqyUO8HdCAjIeC57VzrbPtFFlNFzvHbA/hGJbl3gs88HlN8earkgmqSMSjw5EXq/ed+ukzw
nX2S4CpfY1i2WN4W3LMct4wtVdSy1J0ZL1mHcVshQ/KsUP5VQvwN67CroZzyWd/973//f9f7kB8=
===END CRASH DUMP===
