PocketMine-MP Crash Dump Sat Jul 3 23:16:24 +07 2021

Error: Attempted to create tile pocketmine\tile\Chest in unloaded chunk 1 2
File: pmsrc/src/pocketmine/level/Level
Line: 2609
Type: InvalidStateException

A PLUGIN WAS INVOLVED IN THIS CRASH
BAD PLUGIN: PureEntitiesX v0.7.0

Code:
[2600] 			throw new LevelException("Invalid Tile world");
[2601] 		}
[2602] 
[2603] 		$chunkX = $tile->getFloorX() >> 4;
[2604] 		$chunkZ = $tile->getFloorZ() >> 4;
[2605] 
[2606] 		if(isset($this->chunks[$hash = ((($chunkX) & 0xFFFFFFFF) << 32) | (( $chunkZ) & 0xFFFFFFFF)])){
[2607] 			$this->chunks[$hash]->addTile($tile);
[2608] 		}else{
[2609] 			throw new \InvalidStateException("Attempted to create tile " . get_class($tile) . " in unloaded chunk $chunkX $chunkZ");
[2610] 		}
[2611] 
[2612] 		$this->tiles[$tile->getId()] = $tile;
[2613] 		$this->clearChunkCache($chunkX, $chunkZ);
[2614] 	}
[2615] 
[2616] 	/**
[2617] 	 * @return void
[2618] 	 * @throws LevelException
[2619] 	 */

Backtrace:
#0 pmsrc/src/pocketmine/tile/Tile(169): pocketmine\level\Level->addTile(object pocketmine\tile\Chest)
#1 pmsrc/src/pocketmine/tile/Spawnable(62): pocketmine\tile\Tile->__construct(object pocketmine\level\Level, object pocketmine\nbt\tag\CompoundTag)
#2 pmsrc/src/pocketmine/tile/Tile(116): pocketmine\tile\Spawnable->__construct(object pocketmine\level\Level, object pocketmine\nbt\tag\CompoundTag)
#3 pmsrc/src/pocketmine/level/format/Chunk(723): pocketmine\tile\Tile::createTile(string[5] Chest, object pocketmine\level\Level, object pocketmine\nbt\tag\CompoundTag)
#4 pmsrc/src/pocketmine/level/Level(2683): pocketmine\level\format\Chunk->initChunk(object pocketmine\level\Level)
#5 pmsrc/src/pocketmine/level/Level(2295): pocketmine\level\Level->loadChunk(integer 0, integer 1, boolean )
#6 pmsrc/src/pocketmine/level/Level(2013): pocketmine\level\Level->getChunk(integer 0, integer 1)
#7 plugins/PureEntitiesX.phar/src/revivalpmmp/pureentities/InteractionHelper(80): pocketmine\level\Level->getNearbyEntities(object pocketmine\math\AxisAlignedBB, object pocketmine\Player)
#8 plugins/PureEntitiesX.phar/src/revivalpmmp/pureentities/task/EndermanLookingTask(67): revivalpmmp\pureentities\InteractionHelper::getEntityPlayerLookingAt(object pocketmine\Player, integer 30, boolean 1)
#9 pmsrc/src/pocketmine/scheduler/TaskHandler(137): revivalpmmp\pureentities\task\EndermanLookingTask->onRun(integer 145981)
#10 pmsrc/src/pocketmine/scheduler/TaskScheduler(179): pocketmine\scheduler\TaskHandler->run(integer 145981)
#11 pmsrc/src/pocketmine/plugin/PluginManager(654): pocketmine\scheduler\TaskScheduler->mainThreadHeartbeat(integer 145981)
#12 pmsrc/src/pocketmine/Server(2389): pocketmine\plugin\PluginManager->tickSchedulers(integer 145981)
#13 pmsrc/src/pocketmine/Server(2152): pocketmine\Server->tick()
#14 pmsrc/src/pocketmine/Server(1992): pocketmine\Server->tickProcessor()
#15 pmsrc/src/pocketmine/Server(1586): pocketmine\Server->start()
#16 pmsrc/src/pocketmine/PocketMine(291): pocketmine\Server->__construct(object BaseClassLoader, object pocketmine\utils\MainLogger, string[34] C:\Users\Administrator\Desktop\Sv\, string[42] C:\Users\Administrator\Desktop\Sv\plugins\)
#17 pmsrc/src/pocketmine/PocketMine(321): pocketmine\server()
#18 pmsrc(11): require(string[89] phar://C:/Users/Administrator/Desktop/Sv/PocketMine-MP.phar/src/pocketmine/Pocke)

PocketMine-MP version: 3.21.0 [Protocol 440]
Git commit: 82e8eb46ac8b7ef6a320da6051b755830d202b84
uname -a: Windows NT HQDATA-788 6.3 build 9600 (Windows Server 2012 R2 Standard Edition) AMD64
PHP Version: 7.4.18
Zend version: 3.4.0
OS : WINNT, win
Composer libraries: 
- adhocore/json-comment 1.1.2@fc2f76979f0a44a5f5bc2a2b600d0762fe0e78e7
- daverandom/callback-validator unknown@unknown
- pocketmine/binaryutils 0.1.13@0abee38d4e2861621f262c79a2a3d699d8a697f4
- pocketmine/callback-validator 1.0.3@64787469766bcaa7e5885242e85c23c25e8c55a2
- pocketmine/classloader 0.1.2@9757928424652393b178a3760073113aa7c9911b
- pocketmine/log 0.2.1@830b44a2cf96ef703c550abe64302f230231ca49
- pocketmine/log-pthreads 0.1.3@e477ecf6ec214fdd4415ea1da3fdd9d73bf699ea
- pocketmine/math 0.2.6@43057cb8c179a9859677b496a788db922fd5cfc3
- pocketmine/nbt 0.2.18@9f82ca4d7f97fcd9a566e44b63c4f18a7657ae82
- pocketmine/pocketmine-mp 3.21.0@82e8eb46ac8b7ef6a320da6051b755830d202b84
- pocketmine/raklib 0.12.11@9cce458b8bfde3e4dfdbf70c659fc7b7fe26b5c4
- pocketmine/snooze 0.1.5@70b5e7937a06878dd321a3182ceb76d56298f2cd
- pocketmine/spl 0.4.2@6b08b7cf8c4afa17139c9a1b3bf1b408531de161

Loaded plugins:
PurePerms 1.4.3 by 64FF00 & ProjectInfinity for API(s) 3.0.0
essentialsTP 1.2.2 by  for API(s) 3.0.0
CustomCraft 1.0.0 by TeamBixby, alvin0319 for API(s) 3.0.0
DEVirion 1.2.7 by poggit, SOFe for API(s) 3.0.0
BuilderTools 1.2.0-beta4 by CzechPMDevs, VixikHD for API(s) 3.16.0
PiggyCustomEnchants 2.4.1 by DaPigGuy for API(s) 3.19.0
DevTools 1.14.2 by PocketMine Team for API(s) 3.13.0
FormAPI 1.3.0 by jojoe77777 for API(s) 3.0.0
Shulkerbox 1.1.2 by UltraFlappy for API(s) 3.0.0
MaxEnchants 1.2.1 by Xenophilicy for API(s) 3.0.0
CustomAlerts 2.1 by EvolSoft for API(s) 3.0.0
VanillaEnchantments 4.0.0 by TheAz928 for API(s) 3.0.0, 3.1.0
Broadcaster 1.5 by EvolSoft for API(s) 3.0.0
KeepInventory 1.0 by KhoaGamingPro for API(s) 3.0.0
PureEntitiesX 0.7.0 by milk0417, RevivalPMMP for API(s) 3.19.0
MultiWorld 1.5.3 by CzechPMDevs, VixikCZ, fuyutsuki, kaliiks for API(s) 3.20.0
Netherite 1.2.1 by Wertzui123 for API(s) 3.0.0
PureChat 1.4.11 by 64FF00 for API(s) 3.0.0
NoFallDamage 1.0 by DeveloperNeb101 for API(s) 3.0.0
EconomyAPI 5.7.2 by onebone for API(s) 3.0.0
InvCrashFix 0.0.1 by  for API(s) 3.14.0
WorldProtect 2.3.8 by aliuly for API(s) 3.0.0
AutoClearLagg 3.1.0 by Twisted for API(s) 3.0.0
SlapperRotation 1.2.1 by jojoe77777 for API(s) 3.0.0
PiggyCrates 2.0.9 by DaPigGuy for API(s) 3.2.0
PlayerVaults 3.3.0 by  for API(s) 3.0.0
PointAPI 2.0.9 by onebone | Edit By Nờ Cờ Dờ (NCD) (Danh Miner) for API(s) 3.0.0
TopVoter 3.1.0 by SalmonDE for API(s) 3.0.0
BurgerSpawners 0.1.4 by Heisenburger69 for API(s) 3.0.0
AuctionHouse 1.2.5 by Shock95x for API(s) 3.0.0
BetterVoting 2.0.2 by Twisted for API(s) 3.0.0
DLevelIsland 1.0.0 by Nguyễn Công Danh (NCD) for API(s) 3.0.0
MineRalGUI 2.4.0 by YTBJero for API(s) 3.0.0
BuonLau 3.0.0 by AmGM for API(s) 3.1.2
EnchantVipUI 0.6 by UnknownOreforsource|RBpmmpformod for API(s) 3.0.0
BuyCMD 1.0.0 by zZPROGAMERZz423 for API(s) 3.0.0, 3.1.0, 4.0.0
PayPoint 1.0.0 by YTBJero for API(s) 3.0.0
SkyBlock 1 by  for API(s) 3
MuaKitUI 1.3.6 by Infernus101 for API(s) 3.0.0
SpawnerGUI 1 by DandierSmile122 for API(s) 3.0.0
AutoInv 0.0.10 by JackNoordhuis for API(s) 3.0.0
MineLevel 1.0.0 by TungstenVn for API(s) 3.0.0
OreGenerator 0.1 by phuongaz for API(s) 3.0.0
GemUI 1 by WoolChannel3295 for API(s) 3.0.0
NPCANIMATION 1.2.1 by jojoe77777 for API(s) 3.0.0
Blood 1.1.0 by NashanPlaysYT for API(s) 3.4.0, 3.3.0, 3.2.0, 3.1.0, 3.9.0, 3.9.1
DanhHieu 1.0.0 by JeroGamingYT for API(s) 3.0.0
AutoFeed 1 by Ghast Noob for API(s) 3.0.0
Minerloot 1.0.0 by Distoxicqted for API(s) 3.1.4
LpkCuaHangUI 1.0.0 by phuongaz | Moded by LamPocketVN for API(s) 3.0.0
GiftCode 1 by YTBJero for API(s) 3.0.0, 4.0.0
Banking_vonfram 1 by Noob for API(s) 3.0.0
AutoFix 1 by Ghast Noob for API(s) 3.0.0
PixelgamesToDiscord 1 by ImNotYourDev for API(s) 3.0.0
PECollide 1 by saxavlax001 for API(s) 3.0.0
Slapper 1.6.2 by jojoe77777 for API(s) 3.0.0
ShopUI 1.0.0 by SaltyPixelDevz for API(s) 3.0.0
VipJoinMessage 2 by Hender Plugner [Edit By CurliestDrake66] for API(s) 3.0.0
HuongDan 1.0.0 by YTBJero for API(s) 3.0.0
AntiVoid 1.1.0 by FiberglassCivic for API(s) 3.0.0
SizePlayer 1.1.0 by  for API(s) 3.0.0
MuaCoinUI 3.5 by BlackPMFury for API(s) 3.0.0, 3.2.0
RebirthUI 3.0.0 by YTBJero [Edit by NCD, Ghast, CurlliestDrake66] for API(s) 3.0.0
SellExp 3.0.0 by EzMinh, LetTIHL for API(s) 3.0.0
AutoSell 1 by Jero, Cur for API(s) 3.0.0
VanishV2 1.0.0 by superbobby for API(s) 3.0.0
AntiToolBox 0.1 by NgLamVN for API(s) 3.19.0
TradeGui 1.2.3 by Only FurkanGM for API(s) 3.11.0
Daily_Reward 1.1 by MCPEVN-TEAM for API(s) 3.0.0
Fly 1 by Ghast Noob for API(s) 3.0.0
Login 1.0.0 by YTBJero for API(s) 3.0.0
MuaTuNhanUI 1 by FurryJaki1992 for API(s) 3.0.0
NapTheFGC 1 by KaYuuVN for API(s) 3.0.0
BuyFix 1 by phuongaz for API(s) 3.0.0
SeasonPass 2.0.0 by TungstenVn for API(s) 3.0.0
StackUp 1 by NickteeChunky for API(s) 3.0.0
UpGrade 1.0.0 by LetTIHL for API(s) 3.0.0
PHP-Sell 1.2.7 by Muqsit for API(s) 3.0.0-ALPHA9, 3.0.0-ALPHA10, 3.0.0-ALPHA11, 3.0.0-ALPHA12, 3.0.0
MuaPointUI 2.0.0 by JKPVN (JakayPluginVN) for API(s) 3.0.0
Kickk 1.1 by MCPEVN-TEAM for API(s) 3.0.0
MenuAuto 1.0.0 by JeroGamingYT for API(s) 3.0.0
Minion 1.0.4 by phuongaz for API(s) 3.0.0
VeSo 3.0.0 by AmGM for API(s) 3.1.2
Eff 2 by AmGM for API(s) 2.0.0, 3.0.0
RankUPUI 4 by YTBJero for API(s) 3.0.0
TableSpoon 1.0.0 by CortexPE, Xenophilicy, HyperFlareMC for API(s) 3.0.0
MuaFLY 1.2 by SableIamNoob for API(s) 3.1.1
PickaxeFunction 1.0.0 by YTBJero for API(s) 3.0.0
ScoreHud 4.0.0 by JackMD for API(s) 3.0.0
StaffTable 0.4 by GigantLeyKey for API(s) 3.0.0
MuaKeyUI 1.0VH - RBplugin by Ibenrm01 for API(s) 3.0.0
khongtp 1.0.0 by awzaw for API(s) 3.0.0
QuyenVipUI 1.2 by NightBlackDM for API(s) 3.1.1
TimeCommander 1.0.2 by TheDeibo for API(s) 3.0.2
TopGems 2 by moch for API(s) 3
InvSee 1.0.0 by BlockHorizons for API(s) 3.0.0
EnchantUI 0.4 by UnknownOre for API(s) 3.0.0
SEnchant 1.0.0 by NamVN for API(s) 3.0.0
CustomItem 1.0.0 by Phuongaz for API(s) 3.0.0
Report 1.3 by ImNotYourDev for API(s) 3.7.0
Boss_Quai 2.1 by phuongaz for API(s) 3.0.0

----------------------REPORT THE DATA BELOW THIS LINE-----------------------

===BEGIN CRASH DUMP===
eNrtfQtz2za28F/BVXZu7f0kWaTe2ptMHNmO3dqONnYebdnJgCQosaZIlg/Zym7/+3cOAJIgLevh
qN17Z9qdjcVD8DyAg/MCCP6r5gTRnCZfFiyK3cCvjTr1WuLOWW2k9fRuWx8MB53msKdp7Xa9lobi
1lDrDJqtQb/T7bQGre5Ar9c8GienURREtdG/askyhFa1C39BPde+SWjCTh8sBk8DhXptzuKYTrHF
cZKweZgwmyQBsSIGDUnieoyEgXXHkrnrM8NAgGGMZyxOiOuT1PcCasMj1iz174hGdEDppJ53Bu0A
Zzij0ejoaDw6+hCDUEfHNqBx4ySiSRAdnbD4LgnCo5vF0YTTuAIajatJEx87iiPrqCB95LEF844u
8V+4HyIdSWOOLZ9uDS09ANVGeq81hA6NqAUXP9detMjKR1HEo1v450DrDQ9HJfE5WsPgeBuvqG3z
doH5K7OSp/rpEBh4oa2hdRPSe5+agKinV+gJNEik8erLFyvwoetSK1lFUWWtTlY08M0EENIpsBXM
wyD17Vs65czpGztC661kLOf8j+SuTdaMsJgxR2NUv4O+3n6y/0YjodJcHuDT9ac/d38hfIRWMvQN
HHfIJp080HuD9mrdEhKh7oBIjVcwXRIh3QYeOeXuFpT1YXetVuOMFhRdP2FTFpFWnWQ/tToxg8Bj
1CecYG8Lgi2tvZbglCVP0+NU+iT00qnrx0eTNGKnfuImLos/F3YiYgsX7Fs4n4dHITRhssnRBeCB
CY/G7px5IYsOBq1NzFwzGpnLjMqqfocBmhnG8YMbH3vu1Gf2mzcrVWTi0SWLuAiDZ4uQ0Pju6NS3
GeiFfxkEd6C6twA76PVBEuUxw1CfM4xHso9GIB0nvRScSWzHK6esaFIMRbtVjL0YluHqwY+tGbNT
j0VHyOY59W34faC1N7CLchrGCkEbrwL/fern6qF1usOB4EBrbcPCTXZ1oPWrFj1vCWai4LbxKnqC
4BOGXAzu0YT/uaI+uNTooNftrKeWM9Z4NaeufzsDE2Wfg/olJtiqlfSfsNU3LIKo4UBvD6oCCs5w
OBXWGq8S1yrIxytJtdeT0rpVbyXuCNwHAkdnLQ5tOFyHYxIFFoQnQSSRddcj6w56TyCLE+hSieQJ
i1UEIAf6UHsCzwon94bGbAwBV3yJgVC00gyk4IZAwa9giC+D6RRbSQ/U7oALGhkGj47AoqjhkWHI
+AjoLwwjf6ajb/2MNDmGIUTvbxS9rVdFj0XnCgQDgQDiAT6Vf0vdKHemg+EvZI/hHm9xWPvl93qN
/QdD2WeEmMCx6Pcvrr8IvAWbg40DJK5vQ3dZSS27D7CSL4AbVmAzlBTwtOC2keD/klkU3BOf3RNO
LBf5wMi6gmBUQ+6DyLON2uE/ABEg0CSC38WlDpfiV1ve+BuX9DN5Sf6W8AgTvMOZFwTR54ND8uoV
6UhEnVL7nx63/6ncvptT6sknXefAjWOWHPwtmblx4xVHFP/8txmNZ4Du4OBA8nJI/pu0Hs7kf4fk
f/6HtPVD8m9oQiT5SpNfDg//JYj18w5bQeWXIlrnzGedNMg6iXkxk4iGK3oevekKrYMheFLXjBpp
EuiiLxaaB0kWQAB/rG7ZWEgh81HUWqVR1LSsbzU9GxUhLGIHWfOBubAPDn/JhkriapcfscCVRzzy
GlPwBNkY1POelo+J8ZcM5IOricE9+vvfxaXofvJ38jpiSRr5ZBG4trg1yG/xDo0reiwaDWWjo9rv
fyVpfyVpfyVpfyVpfyVpfyVpfyVpfyVpfyVp/8uTtHptynwwYx7mLj7FZYla6WlgzIQxKFY2au2m
rjVbCE9dz66NtEFHq9fc+IvNFrWRQyEchzwpCpLACgBtp9MCIi7mUQOdDZjZ6VFrYPaZ06NtvWVT
SDs0s9/tDtotW2/p5qADuFPJyyfIvTDuvL4l5/88Ob49bvQHA9JrtgmnToaQbpGDrJVQJAIuUSfv
dQIRv2/TyCantotm+pAcX530ED0uQ4xq/WanCSFuvfaV+TaXrMMFg7tfghipX1xf3wKAX9y7Ps/z
IBiB3v/iuWZEIzCt2HPUnoG0ETv6NQ78BrSRmaPW1Jr6a8fSnX5v2B86Ldrp0K7TNS2d6ibwbrf6
Pd1hLdYfsD6gtykIAFwH8yOLep5JrbsGz15wiAEh+HE/uPdfy7/IbDGopuvTaMmnAzRtAW2t/bpF
TcbaA7vD9AGE/rrm6D3d6g+pTtt2bzi0BxRYczplVCuJw7A32697nf6g34Fnej3TorTPuoNBV+/A
2HYtvW3pXTawul2qVxDiJOaJUyR5018P+93+UB909E6vq7eHbVPrD2i7D93Sb2taG3Bbw6GmmWVM
XjDlGPSm9hp0xoQe1S1n2GNOv9UGyihwr9Nu6Y4O/7Q1i3aGjzA0woR7g6yj2q9Zp99nltNjlq51
HNvudLQuo5pN23AxtPtt04HeYrSMCkMVyU3vNRDt9i1zYIEfpMNBd9jr983OsEdBZ21zqOuO3bUc
q11GAYFuJs/g9dAZ6MCw3XdgTCx7SLu9Hut0zF7b6jjagPZ73T5lg0rnFj8b8zCfoq93mG8Ksoje
gW6LfgGetNdDy2Kd7sAcmI7N2qxjO7YJfW31ukPH6pt9h+k9s2tV0MR+EHxlsnu7r/sts8v6w3af
tnqD/sC2wRbStgbSMrPfs7s9fThwdMuuIAk9jqED2tIzWyCG5QysDnWo1tfaQ2tINRMGRjM7rUG3
rdlM62m13/M6Dp+bGBBOIOiJVROXw+q1wrJpQAcHh6bJLIhizGJ7nbMzsDD/TcBZouO58B1MGZZo
OWnoYpM2zIoWXjOeq4EhAQ8GJtBmIZgVxAL34sBJTlQABiRA8osgAPFDxpHyE4tTMGOQ33c3t5/e
vb88AdA9M2M3QSlmSRLG4BDAus5Sswlmh0e/EyUSFniwFBfHGAuCdb6dKB1RApf7Qm/qpb7Yk8Qq
RcOo0F8rLooxTuMkmI8j6iSKFCq0LESLG3RlQG8Znb9xH8wlgr2F67fa2vDbRlOSv0jYXEQptULa
nBxknAWTpYttxD45/ehGXKZc5hxUHbV+WeAQQiIXidy8O2P7UluB1DAWnAXDANcvfylsSalubo/f
336YPJLpDTpwFt1CzqNOzRK4KlurYbKEdsoSjr8yaza5OmELfOCj++DenZ+UJNV6zxfVQuzhHCSE
qWkK5hJkzjAqrO46VxW+j0qooHMm7nS6FEpy6lsz6icl87XirtpVOgY25U46ofDQ27RsuLTh8/sl
Qwj26jE3K4HP6KKMyNEKdLzcCJ1XVaAcVFYerVOxZ0qcS3Calnum/Q09IxnAbGFRUY5Vk2GVGc9Z
O8pxgLRnQTQ/nlwowmaQsqztqtX7Nfg1YH38b18WoMBoGJKJ/Mc2Fu1mlnp3LDKDB0UaBVgZvOrY
ffAg6znzaBjuzRUrKCG9E5y8CR5EYrmNSFf0YcVcVaFVc1aZo5+ZH4Qz13OtvQmloERBHooJWuZr
S8d77IHxix95Xgkum6CKcKeLwLsBLvclmUo586c5H1vMtvv7+yYDnhB/M7lDGT9S3/U8KrsFUzhV
1FV3VYk7K4KNGTv+ChnOI5nraGKeL/tCsIKl8Yg9w6xmfB2tkgldcwQILRonLFI9swIta3L3jx1q
hTA43RIXzxvoHxgLL/wFiBtES0XCMrwSSZZl/GEW0LcUkpQpZAb7ErSE1DBK7Gxvh8pL0+WkR12y
LqRrNftV+eaud9fqaBhMvhdF5cnV1WRv0cOaQrXK5s6OU+G1vBLADXTqJe4nXGtX7XMBrCh1NRdc
EWeOf+K7ZpdpEqd3Lvy+o57r3sWlftJbe4o+58iq2CtglNj+lshTQQRddM2SGYv4g3kPFbAN/usT
WN+vqavp7X1NiAKjYeRsbDcTVohdYDsqZJITZjyjSWWucFC1PqBpqwoEO8mrVB8e55JnYkUpRqtS
B/e9cIM0npw2MnjtidoBMlv82kPlgKNBjQjOqOed0DnfoFMohQpeaylPcOUvCFl0zUytpe1LNSpo
QT8UjrY3lqdW4AfzZTmqVoCqaF0wk5U4NPCZCf/fl1ASnWEwwQHgNIwSNxsFAocxjmg8O3PVyFqF
li1/qzKLSxa+83xR5ulvMZYIXH9hIWXHhVBa1ke2EINbJJgECe67KuQogcvxZrs5KI8NmOLU21sk
LbAZBre/oeCgqmZbOqmr1I0cl3m2WrjN1q8T8IVHcx7fHJWkhU45TpNgjHt/Lul0qvRKGa52iwgz
y0HpvQvI7X31SyLQGQaQCPjGJA+YMIwqTzvHqALvcbz00vnV+KiMDzNITNVY9D5IaFIujVXvbHBb
+0+OKwzsELrxMkdEE/a43COgZZ1vNYdblHn0nSuaq6o3T5d+OGeli28v9XA0vMQjNkp8pBCnlDpF
BZdVvlr+2NOoZhYt5JQXnHK2jyPnY/MQB66flN1NDtowuNI7kH/zBU3yZkmujVRjtk3G8u+J/Htw
PT45JAcn1J8RrCJFh3v3UCEyzf2Twv5G6W+D8GNQTitz0Aa7dUO9eeCfnO5tkkp8hpFxUPzaRpQ3
aTRlEd+jx6JyBbt0o+xuIYYsi3XO3Jj5Jn+mN9yXcGWsWKpWeXp2BF1hlrsksQMKolRW8kgKuGp/
K+WCmxl4wWH34RtXYUphkhrvFL0SS0rorDh/M+QPfVWJ281DzxJQEtAUyNTVgVfB1bms/wFeeIOd
zl2zyRlbcMZAF8psbl584nv3LmKP+mriXAJvWHW7noK3ANNkdX20Va2W0/GnhJsnbqp2y59KI53V
nNdMBqTO/HHgT5GiYVQ431zYBQv6nnpvP6hGWwFWl14qwv94++Z7tr8i0akdiBrR9mHFmzTwL2la
slECUra5j8bteP72qlzzAT1+Jt+mt0NWJpT5oxuW+rwELtvVXmV9QOyPeRcxByBBGlns3+/fYLkJ
NwAHe4t+Czoabq4s2NtlcJbjq5PS2HDAhin19afJ+3dvj69O3//0tbOi4lLPfWjnWwS8Sukl82e7
CDShSx4SqBFOBtog1J6nikQHwUq4Pfs3d8s3HvgJNaHIQCX2n4oxnx2QSCqG8VPqOXQ2d89+jXZY
fkrpD25StlEZqLo8WJktF77DIj+N91ieUVAaBmdihxEQYUrZ3irAp0cBUhPfdiHQmbse03R9N79S
LF8+CuEUl7N2TZxT315STGohVKmk8gh5VKSpzJTvqXV3HQSRPUvdeG+LuoDUz5CKjN71FyKXF0xt
5SvFm3VlV5m9bbd+c07qTyFi8T/6+5KowAiDorCxUQ6w6G/5ztgkUJOVErgS2Vf23czAxU7p171t
uZH4DEPlYZeS2ls2L80ocb1mMn0KAm8MHs1nXlsfdvclCdDdfoZcT8bH1xdXx7cX767V8rMK/r9T
3wH7HqgxtLiu7nWoBs+Qx1Af6wzxj7clETrSz7flX73k99vNYf5Xe66oCnHIHJBd+WerzAHC7XOX
qYFnDtpgCtBvizC3IvO3LBmc72aZzxizK6aZg9ZMmbczGicEDLO5L6YzqjsEAljwgSFKKiZYwDb0
+wmkjMGDa/1WTU6xcPHcfldwGkayQx5wGd6NU3pO/WnJcpXAGwTK7Cb5N7kK8LVdc0ku6VzssPp4
/dwIQSl6ldLRJzLyzVY9F2j73nnrOslYvnee2fQMtEZHnwqyvzFTyEjvYA2pjy+hfVkEvhPRuWoX
K3fWSLPPuYa4wLwB8R0NRWmtLYP8+WbCfdhlqeGBeVPgOL4NYIJaEPWVlhwe310jz8X8Okh+hDT7
hC32lkEoOA1j8jZnhF+cbCXj6TjwPLc0QwrYGnli+kAXHn1o7S8hUlBCPsoswcQ2K4jKYtfjRa6K
+etV64z7D35iQfjZNeSCo6NMBr4fNCjXeiRgg3W/oV6y5MoKWrK3WPvDBVLffi59dMPvwR9cZceY
FHsGyzdKhcLqMgC+mUtwBwZ4avJztsIzTiPPZXFyEtE71uv9sr8FAqRnGJLD/Mc24p6nopSqCJqD
/twCT0Z2B3PtJ+5HPN9CsdcZaEMcfuaaLJrie2xjd+Fa+9vdyGgyu6Xo8LzlG/4OH6Tckqni1zOm
2irURzk+nHXuVyYWMNWZVwDX98i+simkd4n0DKP4vWXJaww6W615SVi5tl1ZdHrjUetucnWWRsuV
pVP9m0qmP1l8Tp0E7q3LdtDO98x0o2RWEqiAbSjWy7klbQeEudfjkzrhoUad25E/xJC8Z65v0cin
yS45yg3zvNOHUNU6Cdkg5OlXSGVmdXLJktuL88u9LapwtIZx+nmym+nHuAtZr8R/HLQmwMCB4oOy
z/gvBqI7OC3qu/Hso17Z4s5BG6x4nIb4loZp7m13VYERPJHkovi1rWHHF2XelN4oUaFry3XXU0gK
K+ngt2xwlviE+ZYcbFusUyx4xhZunYjg2bepq26dyEDVClhl5/I731sSMHV31K+u533DWwgZQsPg
fGyveSfU9ZZf3rN7Wso5SuCK5ynLczWenH68btyeHl/tSwEFSjDZZSY2ynLmqS8Q4NWfmvadeTu8
GHAZ8LPrijIKv/4PLcl5052Wtm7T6xl95Olz6JpOBzWNlt9DDITHoeyt31WkuBs/Z2WH0jYNb2fs
7O1YrWvnsDUS/UB/TNMdS1fr3joR6AwjJ77T4nW5+CEBa7jf98KIoLhL6EHjwJ9AGF+KPnJgdePO
n7pGVfCh/t5KrAQC2g+liEpC1hXPXOsuYYyfD7Y3X15CCmIINrYfoA/hW/QniiQZZIOp2nNMmO7A
8+R80qiEgTlowwv6V3xbaZXpxvHl5Px4yHOR/FJrVa61yrWeXT87FwOG8ZCunWwzr4VXTXMG3DCd
vv9h8vGaHIAppUvx+snH671tVuXIuXXeXp4fQHvVvR/i+j8VjmTUNw8D81PMAdRByED/gaW2jPZO
q1blXfwSUGW+88d6k/Hl8Ql/2U6Q3yGdYjdq5/PLP3F3HdLbYX+d46jb6uBqTWmywqae10i+Jd92
HA1yI8Cs7VAdof7dh0m5OJKBSm9i/6ERLJJMw9Tdnu9bJHITBiX1VoAb5uc4iBL2MDnl7wMWJwTU
a+dLSJrPPBqxq/EfcmBAwaP6e/NqBRjcs8sfy/4AARVPWC3lA4ELOn+UHmnP372AdDFDunans4SX
/E6uuD8QidoWi2TWHX1gZ6lvVd4xqt75c7OoUFDfIejF0+nOUzXdzkEbDjHAnWZXJ3tzyRwbRIWS
+g4iJNRxuBaWY9wMWC7vVGzAW3dK/eSSLX9g+6tZIe3d9mey5aP9mRxU0Z6P56RB3r+Rh82XV1pN
5kfzPe7TlPj4rMiY2SjL3QycbqImGxlkwzyg91/p/b5494MkfPYypOAEZPknvhxQ3WmuANcaLdWw
7MtofbyY4B4raawyJjZ7GXfOxsF8Tn27/H5VCV4dH/3RiSUnzDWrhurZYUmJ+LaL3bdB+JaVzuvL
IGuilHlgzWp72IWNePiLYEhw+9l94S9uGCu/cY2ADfOBb/g+DyL3q3y3fy8VERUp//4BcLLLTlG5
c2nVuxePXrzoPPXixf5fscjfsNhpM7l8RnUaGWjTW0uPVgS+pSoilgO2Zbs4U/DRaUscuIH1yb7T
opzyLouZIUSupZVMDqi8jLDlTqL+M16Oe7yH6antRYK17O9Wlc8gjr/8M6XqekwBW3sU1h+3Nfw4
jSgyAf4j2KZsiCel0giYT1j1TLzs5Gi+e5Gfq9wMIzxvg5/LM6oZqcMc58Ukh5Fx4DvulOCXd4zI
8F98Yjb5PvVJu0Vaw1FbG3W65P+1+kRv6Ro28Kg/TemUvWT+FK/nQWK/xJcDab8n/nhG2m5pLSKu
KPzptC34t20O4V+93zFSzW71xW0zxvsdPVBvyUftOGsJ/7bivAnes9okJwrUOGtC4AbqwkttqLV1
BN7PoNsanhsnL1t4TX0/gPAfj27ADQsNas1cJj4aFL+ElAnx4BskDXlaBGiDeHBOH+Qz8csOh6CW
zgObiftOEAHWHBZAlAlQGAsbg+bsOlyEkortOo5rpV6yfMkZnWZvBzRiluBbnvFL3t/8Ewyoqi9N
Zt/TKC6gMWO20gi/1/Ty7PL4FkFCJRu/pSxaSooSFFkgkmQHfzdDGsf3MM9e/p3/B32UJkEjpgsm
H1y47L5hQxdS6LiXAwQ9mMFDA2eHbFI6Abi5nOMJwC8IGh1icQ0DHce+5IpGoK9ISWlB8QhEMTEj
mfAEEmSSzBgJfNDSZEYTYuHYJcRkxPUtL8VtwYD+kZojrptgDk86iKCKM6YOq5MATxKKESUxI0bv
yBKMisRFXIfAGLqOyynA8OF3pCAjBcTX7D5Hd2Qzh58gQO4D/7uE4LY4GhHsvTkIi6dxL5FD/PyP
kPt+xnyShtOI2oCgafiotALZyPAJefFpxo84wm8bxWAxCKCQR9xDH0TUjz0qP30kWYWggQJi6E+P
Jby/8FRXi5EZ/2gDQuaIWWhnNnlHhJ/4jjfiWZrY4Kkb8nNeI2LU5InsnOsHErHGrwGIAf78v4wa
Z/PY84J7gpMKOMs+4kEWLiX/RH3DNlzxsvNRRgQNI3/0lCuhfIYAkwSnB4Hhgx5CbOaSyH7F9lJn
89sK5y8+udA7Aa6SU9sGNmMxFtjH+KUEMmc0TiM+tVEWkyHT0FPst5R62IdTdwFtF9RLGTmQRMHQ
HSJ2QRFmC/ctDRgD/EjBCG5z2tfp3IQuAhU7jpe+hR+uwA+C3YFSNXmDDzGME+p5Jik2m0UBWB8Y
Smge18UXxIic+DA56gQPqgdB0AfxvgGzj7B56oM6YROB/IaPNcgEKhcFDy6oG4NuAJG4Gvs5c9i3
kqELBxUX26CC1ombfAfdl0T8MZuhreP6U3mYHIAMKUwinXcLF6MhJR1xVFXFpVw5otT3cThtceIT
HwR+EG/cJOC85W8yx1SM8LOG6upMlIqDPRJFaZgIqOgw7Jg58Cbl4oMLM5Sf32+L2UHxa1jA9moO
UEdQ58DbuqBdTUXRoHFDNMo1DUw/mPRoKWboWy8wQXvQqxMBh3kwd/k37eZsSs1lAj1ObkRXt3jn
ujHi5o/f4qjdu7znuUbBDL5vCESZksVcQscFFsE8MTxKENE4EWMZSaHkMFopzlkyDWCgApyzqBVI
aMrZbHDWRqSFUgB1bo/FGfr/6yXAMGkd/+hZv41/CI5DzoK0pTlLEl1MwHygc2R2zhBSzbjSWnpH
MsaNwCc+KyR/8Xd74JDPC84SWgxipeCJfPBEhD0wK+XGNxAsixmJnitvzR4siA/iQiJhuN7dno7I
7fnFDbm8uLq4JceTyeXF6Q2ZnL4nEG3+cPq+TqARuX0HrU7Jp/N3l6dk8v7d+PTmplk1AaX+0Ls9
2R0TFrkB985oiGP+qb4Z4yaZ90ZubDXoe4gPbG5beJMGniEkzCxHBfEpyAkGGrQJ5X1K2YSSQbSH
3tDHZpIYxyyQgOktDLnwSJwG32mFTp8/0HzcGnVBxvgwbCGzMDYQPYvsinEVz+YygHqxMC5EhYBa
yBofrmZJSt6Wkk9pZMLMaOA7ByIO5QZode/yqYbsyKeIfAps95z6KY9EVE4gSktBBw/rmU+oKmGm
hsK9Og7gEvLOiynYJO+EzRcKD6FEkHp2zosLTuTeJwX/sUAccvZB0F6rJWUFamfcWDxyklx1BIZc
NicK5pmzFU/LFg1VNdURRmnkSD7SDbJCpUracZNFjzhkEb4BAmooFdlO56EItUQ8R+SNBt7IxusE
G8kHOO+czUwCuAI3D5OdruhgcNrg+IDCApQsjlOGhiGZwahNs9ATjRZSK7iqZwMpYgQZYTYFN9j0
yX7CHEd8xjPjfUxDhLrzdA4+lr/tkCUCOJBEZESCi6Jfcb7IruQz5rGOQeQdSo44wQaGxCk43U4+
YieB/FhnRacxNkKrJ/CLxtkUErhkQ1UyHjk0LPzwZi7bCbDCYxUIH7H3gDsRYAgsIcUEhYhnhISF
dPCY7E8hT0YZGxfRLnYgnn6X4V2Pap0eGr7PEhywkXQREJrNAk+EmCZNIIvFSJyzHOP36Yh0Mty2
iTRI3hWuxWR5sCnc2wt1lLJbaFajZYLI66ShKQPIB48TbiQZM9IFcKtdxLE8OcUQ0haSY2LDA318
GICSrSY5h1gQdOklD+7IePKhDs8CDybMr3vXBrXnsYKwnjn+Bsc/Ir0s7C4i8pj3jtK2SY5tMFQz
6jlHeCYbTxNsBjosSQFRgtUXVDBlIhZuT0GmpiKnD2jVMMSkXpMgEx8m/iQLtotsEHMJZAo3quKD
aeiHDXldyW6u5KyL3a8sH08My7NhxG+wZCEThO1CPRTX2hnq4qHDJpnIZzyKR2RgOi3TUqkLnKIT
0SmKAGMC3RaHHo9YMNecA/M42WmE4zT2XKyW8OQZP3iGX3S+uv3AOY1BJBTbTBOCyTofyoKcSC6a
ma2ZJ2kDnxpxblHLbWam01GWsLzCb2sCFyJcm8FU5feJzFVjkV2jJvtxIByX1AYNkQnjJLCNZ0EQ
8ww8y1NYlolyC2bThJKYLjJLieWPrEaE95QUFhjjdT4RsMjiBKbIIhnmJaLvyGczeECtj8jFCTn4
/OHi5BBkBpUHHqD9PZj7MBInBYNiYP4SQfLSLCJA0ISAN+Gd7YOmf35zmeGXuY0C+Y4Tw0IRd5oQ
fWCSy90wly3ISiXShSgVHMfhZOGe6ywbD6lrF9JSCFPAuDGaZGYTxBffi8uyAJ5BSkZBbSDo5BGZ
H1ieGxL+LGjNFV2CxmAmOQ8WWVKOHk26AW6KG9k9QTIuDGBW8VKrJbe83CHUXXwiVowFbyt1O41l
2UV86pbPOvlMQzwzIiHESAvXQzLCjEsTJamgH6L+NM8TfHzMq7rDetaqVC1bWaESg3w8D1KcwY7w
N3JCY1fKIUb/ihaKlyNADfE3d5Dw8HvuLpWHueA+E+mvyQQyEw/Sgt9Y0OQebpbpO1dxXucsOV4h
PhLKxQc7RGiV1VB8hRKoMfBpq7hsrWaTRvhRYEKzaQfMZg/j35ybNp/LWBxopKGNx4oqtpEfWMsJ
8cKuOjVPODET19JiboCwP1mEI03EJ/qIlI7IYkrmwPkzJdEBX4Po5AWZRri1N++eomCT91DzcRdJ
03RPXZ6ngZmEJEaMTRiEqZcpo7xAT8bbSIPY5uaQB/iNUBox9CVol8DZydCZV2pFiWoknThW1Hja
KMDCB8rxwvPn8lqHMslR38G12awCyqdbGRzOINp0AmVEYJY1xHJ93nIW4MhwVpp4hFvTDTjHYMiW
c0x7YjyHJQYJ44J1zOXkfVLc5yJwI0an0wgSaFEsk5U1UUDAT5jfVeXj/MEMfnfyDr/N2ZAmX3g+
NAr3TMTWlH91HinGnPFCAA5rKrVtcLR5zwvVFIPzqFNhQMV9qUzg4/Erk9xTqSEihwdq10HU7aOe
KJWrOtjHcEbrBD+lxd1zkkdhYHodFkGk3bDEuT8jeTfzVsJX0FIlTK50Ke41hYgTPDm3YpmxkAj5
yIv7GY1HIy1kVYc6ceeFrZb+F5Fie5wJaJpxZNFgIkFe4pMPZeXcZkFA3lEpZL253sNLsy1GV8wK
pXIicQD6RPZnViOZSSC3GJjkyLhZWgwsOUNqYvPA0XVyRJB9gCBisQEtUFY4EDYO8EkTmXk26rk0
llkJBJJ0HnrZFYY8wKMcq1E2aOIe6C1WsEbkZx6rgP+s85LWL4iUJxyFm1QXQbgYGDdGri2LBtnS
E68GrPJY3KFzDx3z+Jgnm/gNCuBVuluVfUGX8yB+ElyqQq8gvFdBcURwwWqk/6Nf7w4ftHr7oV3X
/6H9w8Z4iM/zAzxb3ULj+nLQEqZYXHW6hyLIE0sMaq4uZjj6FuhjWUrjoQevhcGoWUsiPlmcRplR
zhKUKF+c4BYH8ICrsvhKUJx1WCNb2ABdENHsizNuajgp3r6EJOWRgoB8USANHloqMV8Q8vSWPYDh
i2VuZ91hdhDzPAZ6xHQhLl+KGI63Q3mBFcg8hBsRc0ZIyfFDMBLltrpWr7GHhPkx/y7F6F81/jUi
5bO6piU/j5pDcIUJP8lbggXzL3aQgDEsQXEJsgRII0+9RhOhXjuux8+VLiDTeekjvzNwH+q1C7Ns
oQLw273q9dwU62UqLJafFFZhoVUW+z1zZHGh9CS3+3EZBBHKXIXcTC5LHCzj3zz+aWL5i+S3kuCO
+eDeSxIvKV8t1eUZaF/dULyu0OUHPn4Vn3XNW8Plw7zcpwFyo7dabU3T8d2Tycm7kqR28IVzUgUC
yC0PB0x3P45LDW9cnNCfr0oiVjiAS8ySy2IB8B6/1VICKh/wxbf1Nfz6NDA8KytX4W2/8GBK/Tgy
bplxp+KjyRIL7injKLNv6HGDZJvZB3pRD6NliK9ZAKDN20/tR0PmlkaZ901bBUGKlnLzO02FLmXs
/IQx17sJr+4UD/z++/8HjscHiw==
===END CRASH DUMP===
