PocketMine-MP Crash Dump Sat Nov 20 18:28:17 +07 2021

Error: pocketmine\Server::unloadLevel(): Argument #1 ($level) must be of type pocketmine\level\Level, null given, called in C:\Users\tungnguyen\Desktop\Servers\AcidIsland\plugins\226-NichiSkyBlock\src\BaliGamerz\SkyBlock\island\IslandManager.php on line 261
File: pmsrc/src/pocketmine/Server
Line: 914
Type: TypeError

A PLUGIN WAS INVOLVED IN THIS CRASH
BAD PLUGIN: NichiSkyBlock v17 Official Release

Code:
[905] 			}
[906] 		}
[907] 
[908] 		return null;
[909] 	}
[910] 
[911] 	/**
[912] 	 * @throws \InvalidStateException
[913] 	 */
[914] 	public function unloadLevel(Level $level, bool $forceUnload = false) : bool{
[915] 		if($level === $this->getDefaultLevel() and !$forceUnload){
[916] 			throw new \InvalidStateException("The default world cannot be unloaded while running, please switch worlds.");
[917] 		}
[918] 
[919] 		return $level->unload($forceUnload);
[920] 	}
[921] 
[922] 	/**
[923] 	 * @internal
[924] 	 */

Backtrace:
#0 plugins/226-NichiSkyBlock/src/BaliGamerz/SkyBlock/island/IslandManager(261): pocketmine\Server->unloadLevel(NULL )
#1 plugins/226-NichiSkyBlock/src/BaliGamerz/SkyBlock/EventListener(138): BaliGamerz\SkyBlock\island\IslandManager->unloadByPlayer(object JackMD\NameSpaceRemover\CustomPlayer)
#2 pmsrc/src/pocketmine/plugin/MethodEventExecutor(42): BaliGamerz\SkyBlock\EventListener->onLeave(object pocketmine\event\player\PlayerQuitEvent)
#3 pmsrc/src/pocketmine/plugin/RegisteredListener(80): pocketmine\plugin\MethodEventExecutor->execute(object BaliGamerz\SkyBlock\EventListener, object pocketmine\event\player\PlayerQuitEvent)
#4 pmsrc/src/pocketmine/event/Event(88): pocketmine\plugin\RegisteredListener->callEvent(object pocketmine\event\player\PlayerQuitEvent)
#5 pmsrc/src/pocketmine/Player(3713): pocketmine\event\Event->call()
#6 plugins/AntiInternalKick_dev-4/src/Jibix/AntiInternalKick/utils/ModifiedRakLib(101): pocketmine\Player->close(object pocketmine\lang\TranslationContainer, string[17] client disconnect)
#7 pmsrc/vendor/pocketmine/raklib/src/server/ServerHandler(127): Jibix\AntiInternalKick\utils\ModifiedRakLib->closeSession(string[19] 123.17.155.13 58110, string[17] client disconnect)
#8 plugins/AntiInternalKick_dev-4/src/Jibix/AntiInternalKick/utils/ModifiedRakLib(88): raklib\server\ServerHandler->handlePacket()
#9 plugins/AntiInternalKick_dev-4/src/Jibix/AntiInternalKick/utils/ModifiedRakLib(78): Jibix\AntiInternalKick\utils\ModifiedRakLib->process()
#10 pmsrc/vendor/pocketmine/snooze/src/SleeperHandler(113): Jibix\AntiInternalKick\utils\ModifiedRakLib->Jibix\AntiInternalKick\utils\{closure}()
#11 pmsrc/vendor/pocketmine/snooze/src/SleeperHandler(75): pocketmine\snooze\SleeperHandler->processNotifications()
#12 pmsrc/src/pocketmine/Server(2155): pocketmine\snooze\SleeperHandler->sleepUntil(double 1637407697.6029)
#13 pmsrc/src/pocketmine/Server(1992): pocketmine\Server->tickProcessor()
#14 pmsrc/src/pocketmine/Server(1586): pocketmine\Server->start()
#15 pmsrc/src/pocketmine/PocketMine(314): pocketmine\Server->__construct(object BaseClassLoader, object pocketmine\utils\MainLogger, string[47] C:\Users\tungnguyen\Desktop\Servers\AcidIsland\, string[55] C:\Users\tungnguyen\Desktop\Servers\AcidIsland\plugins\)
#16 pmsrc/src/pocketmine/PocketMine(344): pocketmine\server()
#17 pmsrc(11): require(string[102] phar://C:/Users/tungnguyen/Desktop/Servers/AcidIsland/PocketMine-MP.phar/src/poc)

PocketMine-MP version: 3.25.0 [Protocol 471]
Git commit: f48b703533e0ced4e8ff9e118c5fe3889ccaf23e
uname -a: Windows NT tungnguyen2-8si 10.0 build 14393 (Windows Server 2016) AMD64
PHP Version: 8.0.11
Zend version: 4.0.11
OS : WINNT, win
Composer libraries: 
- adhocore/json-comment 1.1.2@fc2f76979f0a44a5f5bc2a2b600d0762fe0e78e7
- daverandom/callback-validator unknown@unknown
- pocketmine/binaryutils 0.1.13@0abee38d4e2861621f262c79a2a3d699d8a697f4
- pocketmine/callback-validator 1.0.3@64787469766bcaa7e5885242e85c23c25e8c55a2
- pocketmine/classloader 0.1.2@9757928424652393b178a3760073113aa7c9911b
- pocketmine/log 0.2.1@830b44a2cf96ef703c550abe64302f230231ca49
- pocketmine/log-pthreads 0.1.3@e477ecf6ec214fdd4415ea1da3fdd9d73bf699ea
- pocketmine/math 0.2.6@43057cb8c179a9859677b496a788db922fd5cfc3
- pocketmine/nbt 0.2.18@9f82ca4d7f97fcd9a566e44b63c4f18a7657ae82
- pocketmine/pocketmine-mp 3.25.0@f48b703533e0ced4e8ff9e118c5fe3889ccaf23e
- pocketmine/raklib 0.12.11@9cce458b8bfde3e4dfdbf70c659fc7b7fe26b5c4
- pocketmine/snooze 0.1.5@70b5e7937a06878dd321a3182ceb76d56298f2cd
- pocketmine/spl 0.4.2@6b08b7cf8c4afa17139c9a1b3bf1b408531de161

Loaded plugins:
AddGems 1 by  for API(s) 3.0.0
AlwaysNight 0.0.1 by YTBJero for API(s) 3.0.0
AntiInternalKick 1 by Jibix for API(s) 3.0.0
AntiTNT 0.1 by Adam1609 for API(s) 3.0.0
AntiToolbox 1.0 by FaigerSYS for API(s) 3.0.0-ALPHA4, 3.0.0-ALPHA5, 3.0.0-ALPHA6, 3.0.0-ALPHA7, 3.0.0-ALPHA8, 3.0.0-ALPHA9, 3.0.0-ALPHA10, 3.0.0-ALPHA11, 3.0.0-ALPHA12, 3.0.0, 4.0.0
AuctionHouse 1.2.5 by Shock95x for API(s) 3.0.0
AutoClearLagg 3.1.0 by Twisted for API(s) 3.0.0
AutoFeed 1 by Ghast Noob for API(s) 3.0.0
AutoFix 1 by Ghast Noob for API(s) 3.0.0
AutoInv 0.0.10 by JackNoordhuis for API(s) 3.0.0
AutoSell 1 by Jero, Cur for API(s) 3.0.0
AutoXP 1.1.0 by JackMD for API(s) 3.0.0
Badge 1.0.0 by YTBJero for API(s) 3.0.0
BanItem 2.3.3 by LDX for API(s) 3.0.0
Bank 0.0.1 by YTBJero, GhastNoob, Kaido Joestar for API(s) 3.21.0
BetterVoting 2.0.2 by Twisted for API(s) 3.0.0
BlockCMD 1.0.0-beta by kenygamer for API(s) 3.0.0-ALPHA10, 3.0.0-ALPHA11, 3.0.0-ALPHA12, 3.0.0
BlockSniper 3.2.3 by BlockHorizons, Sandertv (@Sandertv), Chris-Prime (@PrimusLV) for API(s) 3.2.0
BossAnnouncement 2.0.4 by XenialDan for API(s) 3.13
Boss_Quai 2.1 by phuongaz for API(s) 3.0.0
Broadcaster 1.5 by EvolSoft for API(s) 3.0.0
BuilderTools 1.2.0-beta4 by CzechPMDevs, VixikHD for API(s) 3.16.0
BurgerSellWands 1.0.1 by Heisenburger69 for API(s) 3.0.0
BurgerSpawners 0.1.4 by Heisenburger69 for API(s) 3.0.0
BuyKey 1.0.0 by  for API(s) 3.0.0
Buy_cmd 1 by TungstenVn for API(s) 3.0.0
ChoDenUI 3.5 by BlackPMFury for API(s) 3.0.0, 3.2.0
CmdSnooper 1.0.0 by HotshotHD for API(s) 3.1.1
CoinAPI 2.0.9 by onebone | Edit By SenKai Official for API(s) 3.0.0
Command 1.1.2 by PIG for API(s) 3.0.0
CrateVH 1.1 by PIG for API(s) 3.0.0
Crossbow 1 by SonsaYT for API(s) 3.0.5
CustomAlerts 2.1 by EvolSoft for API(s) 3.0.0
CustomPrivateTalkCMD 1.0.0 by YTBJero for API(s) 3.0.0
CustomWing 1.5 by YTEsDev for API(s) 3.0.0
DEVirion 1.2.7 by poggit, SOFe for API(s) 3.0.0
DLevelIsland 1.0.0 by Nguyễn Công Danh (NCD) for API(s) 3.0.0
DancingFarm 1 by RicardoMilos384, DontTouchMeXD for API(s) 3.17.0
DanhHieu 3.0.0 by padreon for API(s) 3.0.0
DevTools 1.14.2 by PocketMine Team for API(s) 3.13.0
EasyCommandAutofill 1.0.9 by jasonwynn10 for API(s) 3.0.0
EconomyAPI 5.7.3 by onebone for API(s) 3.0.0
Enchanted_Item 1.0.0 by Panda for API(s) 3.0.0, 4.0.0
Eternity 1 by minefore and shin1134 for API(s) 3.9.0
ExtendedBlocks 1.3.0 by Javier Leon9966 for API(s) 3.14.0
Fishing 0.4 by benda95280 for API(s) 3.0.0
Fix 0.0.1 by YTBJero for API(s) 3.22.0
FormAPI 1.3.0 by jojoe77777 for API(s) 3.2.0
FormImagesFix 0.0.1 by  for API(s) 3.11.4
GCPClan 1.2 by InstantlyTa for API(s) 3.0.0, 4.0.0
GMCDetect 1 by TungstenVn for API(s) 3.0.0
GemUI 1 by WoolChannel3295 for API(s) 3.0.0
GuessTheNumber 3.1.0 by SalmonDE for API(s) 3.0.0
Hyperion 2.6 by hachkingtohach1 for API(s) 3.19.3
InvCrashFix 0.0.1 by  for API(s) 3.14.0
InvSee 1.0.0 by BlockHorizons for API(s) 3.0.0
KeepInventory 1.0 by KhoaGamingPro for API(s) 3.0.0
KeepYourXp 1.1.1 by ArasakaID for API(s) 3.0.0
KingofBlock 1 by YTBJero for API(s) 3.0.0
KitUI 1.3.5 by Infernus101 for API(s) 3.4.0
LoadWorlds 1.1 by shin for API(s) 3.0.0
LockWorld 0.0.1 by YTBJero for API(s) 3.0.0
LockedItem 3.0.1 by ytbjero for API(s) 3.0.0
MSpawns 2.2 by EvolSoft for API(s) 3.0.0
MaxEnchants 1.2.1 by Xenophilicy for API(s) 3.0.0
MenuAuto 1.0.0 by JeroGamingYT for API(s) 3.0.0
Minion 1.0.4 by phuongaz for API(s) 3.0.0
MonsterGate 1.2 by K27 for API(s) 3.0.0
MuaDanhHieu 3.5 by BlackPMFury for API(s) 3.0.0, 3.2.0
MuaPointUI 2.0.0 by JKPVN (JakayPluginVN) for API(s) 3.0.0
MultiServerChat 0.0.2 by tungsten for API(s) 3.0.0-ALPHA12, 3.0.0, 3.0.6, 4.0.0
MultiWorld 1.6.0-beta5 by CzechPMDevs, VixikCZ, fuyutsuki, kaliiks for API(s) 3.20.0
MyItem 0.1 by AnhKhoaaa for API(s) 3.0.0
NGVS_Khoe 1.0.0 by NguyenDongQuy for API(s) 3.0.0
NVSSP 0.2.1 by YTBJero for API(s) 3.15.4
NameSpaceRemover 1.0.0 by JackMD for API(s) 3.0.0
Napthe 0.0.1 by hachkingtohach1,tungstenvn for API(s) 3.0.0
Netherite 1.2.1 by Wertzui123 for API(s) 3.0.0
NichiSkyBlock 17 Official Release by BaliGamerz\MadeAja for API(s) 3.0.0
NoAdvertisings 0.0.3 by YTBJero for API(s) 3.0.0
NoFallDamage 1.0 by DeveloperNeb101 for API(s) 3.0.0
NoPvPArea 0.0.1 by author_name for API(s) 3.0.0
NoTP 1.0.7 by awzaw for API(s) 3.0.0
OffHand 2.1.2 by alvin0319 for API(s) 3.0.0
OnlineTOP 1.0.1 by HMMMM for API(s) 3.0.0
OreCore 1.01 by  for API(s) 3.0.0
OreGenerator 0.1 by phuongaz for API(s) 3.0.0
PCEBookShop 1.0.3 by Aericio for API(s) 3.11.2
PHP-Sell 1.2.7 by Muqsit for API(s) 3.0.0-ALPHA9, 3.0.0-ALPHA10, 3.0.0-ALPHA11, 3.0.0-ALPHA12, 3.0.0
PM-Beacons 2.0.1 by jasonwynn10 for API(s) 3.0.0
PiggyCrates 2.0.9 by DaPigGuy for API(s) 3.2.0
PiggyCustomEnchants 2.4.3 by DaPigGuy for API(s) 3.19.0
PlayerVaults 3.3.1 by  for API(s) 3.0.0
PureChat 1.4.11 by 64FF00 for API(s) 3.0.0
PureEntitiesX 0.7.0 by milk0417, RevivalPMMP for API(s) 3.19.0
PurePerms 1.4.3 by 64FF00 & ProjectInfinity for API(s) 3.0.0
QuyenVipUI 1.2 by NightBlackDM for API(s) 3.1.1
RankShopSystem 1.0.0 by zZPROGAMERZz423 | §eFor issues report by §2Visiting GitHub.com/zZPROGAMERZz423 for API(s) 3.0.0
Report 1.3 by ImNotYourDev for API(s) 3.7.0
SETVIP 2.3 by MCPEVN TEAM for API(s) 3.0.0
SeasonPass 2.0.0 by TungstenVn for API(s) 3.0.0
Shield 1.1.0 by JavierLeon9966 for API(s) 3.7.0
ShinPickaxeLevel 6.0.0 by shin for API(s) 3.0.0
ShopGem 1.0.0 by YTBJero for API(s) 3.0.0
ShopPoint 1 by S2TwKen for API(s) 3.0.0
Shulkerbox 1.1.2 by UltraFlappy for API(s) 3.0.0
SizePlayer 1.0.3 by  for API(s) 3.0.0
SkillAnimate 1.0.1 by Tungsten for API(s) 3.0.0
Slapper 1.6.2 by jojoe77777 for API(s) 3.0.0, 4.0.0
SlapperRotation 1.2.0 by jojoe77777 for API(s) 3.0.1
SpawnerGUI 1 by DandierSmile122 for API(s) 3.0.0
StaffMute 1.0.0 by YTBJero for API(s) 3.0.0
StaffTable 0.4 by GigantLeyKey for API(s) 3.0.0
TableSpoon 1.0.0 by CortexPE, Xenophilicy, HyperFlareMC for API(s) 3.0.0
TimeCommander 2.2 by Zeao for API(s) 3.0.0
TokoThirstBar 1.1 by Rand for API(s) 3.0.0, 4.0.0
TopLeaderboard 1.0.0 by YTBJero for API(s) 3.0.0
TopLeaderboardCoin 1.0.0 by YTBJero for API(s) 3.0.0
TopLeaderboardGem 1.0.0 by YTBJero for API(s) 3.0.0
TopLeaderboardIs 1.0.0 by YTBJero for API(s) 3.0.0
TopVoter 3.2.0 by SalmonDE for API(s) 3.0.0
TradeNPC 1.0.0 by alvin0319 && FunkaDev for API(s) 3.0.0
Trident 1.0.0 by brokiem for API(s) 3.15.0
VanillaEnchantments 4.0.0 by TheAz928 for API(s) 3.0.0, 3.1.0
Wolfies-FloatingText 1.3.5 by  for API(s) 3.0.0
WorldProtect 2.3.8 by aliuly for API(s) 3.0.0
essentialsTP 1.2.2 by  for API(s) 3.0.0
fly 1 by IDontKnow for API(s) 3.0.0
iProtector 3.1.1 by LDX for API(s) 3.0.0
reyyogaWtrhit 1.1.6 by reyyogaMnelux for API(s) 3.0.0, 4.0.0

----------------------REPORT THE DATA BELOW THIS LINE-----------------------

===BEGIN CRASH DUMP===
eNrtfYt327jR77+Car/TOr2WLFJv92RPHD8SN7ajRsqjW+3JgUhIYkwRKh+ylX77v9+ZASgBtGJJ
jtK9557NntbikBz8ZjCYBwiC/ymNZDzl6ee5iJNARqXj+mEpDaaidOw0a616tdXstCqNjus4jcNS
NtOnnEbFrdc61Vq71ag1qh04F/IkPY9jGZeO/1NKFzO4rNSHP4p2WJqKJOFjpM6kdyvSaRCJwaAn
Ymj5+DiLQsn9KzEX4cGzY3YSj7OpiFL2k8MO/idE8jM2zZKUDQWTI4b8mcmHLhkMiMEhi7IwZONg
LqJD5vEwFD4LInZ6PBi8T0DOwSDNonE0zhYiGgzORHKbylmOBc6eeIF/mYQ88geDWZiNgwiIrtss
3wTeJOjdLl6G0PRgkMTeYPCSh8ErPhXxV+CwPBXo2xWbax6B6HFlNpkxGbEQIDO36YBWRoD0IghJ
LRMeHx8dnR4fEcijFcYjDfFIIzxaATzqkhKugWP5ultBHkcA62ilG30Tto3t6bameNHaC+EixFc6
7jhoCjH34Pe/Sj9VmVbF0QNNEKOVHo6WdKWFI0sJByA49PBDIyj/bBrBzfurK/YMwIAF7N7wOXR9
ehUkqYigRafWhhZ36KgcystFN+QL4CCHX4SXsr9z7/b6bDC4ATa9GWjmnZhKgD4YnIJtyqm6mlC7
bK2OlShH1yKdSJ9Qnt8LL0tlfFB3vwnSEqf8s4yuBJ+LHJWpSoFXotUikMFAAfpHFqTEgpDVHkX2
ToyxnVj4S/W1q4X+UpcOBmukKP8s6NcS3BYCHbKnCVJfLwjdqSzgoN3+BvSHYpZ/Rk+hbnsansZ6
PNqEai2nVgCjeRIH1fwBMWouLf4kSoPLCHBGPHwTeLeffTEv16mFvwfD4P7BBUdZGoTJ0bX0g1Eg
/Hf89ioYHjjV4pBToKDRUCZrDQlGw3gw6Mc8goGRQmQ4lVHKA+quJI2DaPwvp/Ur88IA3bQfJJ6M
ImBCArS0JkAwX8amMmJ+GwZDEiChUa+9zmsYfCEOVbcFSEk28MMF4QYDkg4MzxJPS9GDAAM4D3J0
nV+Z49YqTqviNBoVp8YabcepboG+vW/1kxUqySFokLy509Nyl3+e0I8uR00pK+jsG0ar/QTVzmLp
gWIVJKf6zY5NIim/CsLUC4WYGV1Kdr9ru5uu/w/2eRaL3zQy5wnIWo3CqFCXQt9Y1y2VcCNTwOjR
cMg18g0/r3r3wAXT27KNBI/fg7jhgS+zYSiYkYA1q25HtVd7tD2n03G/EVxT0F5XyQHBRjGrP86s
0W5+g1mS8libqfMtt7dMTA5qTv0bfD5/hoEHAzLz0lXASMQpJJPJFQTgbwSH3GbAH13J8djwSXUY
1U/K85YcGo1fvzNTVGppblZLvagW5Ru0XrUThfGD3kP8OwtisXRuVfdXtu+E8Vnp198OS+KPHH7X
HH6nnBpUrPB8DqK5DOcCdQS3B5EPHeylpfw80CyscMKTvsCu6VQbcHaQ4n+/Ab1TbepjddSCI/rR
1uRYpFkckU7/Ric6dIKudqr6asch4tFf/0pHLh2xv7IX6SSWdwkDTURz0JTfS3kqzu89MUNPSBfX
9MVHdFSnoxl4scBjoyzy8Dpm2gf9P1NWcciGUsIBVKKeeE8XsedsxMNEPGPHdPI/xDYXOhhpe2LP
nz9n/5NOgqT881ikZ2LEszDVFsig09ifTK7PFJvmUnckGIvE3bdkOxiU+hPBfMWY3ck49MEao0iS
FSuJwDLvJmADLM6iCEbnIQRuAV6MJXdB6k3UXUllUHpGundaZl857Vz7HbuvlIR5JXJgyUF83Oqq
D11Hc3Fdsw/d2rIPAx1EiVxf9tZvf5R4f5R4f5R4f5R4f5R4f5R4f5R4f5R4f5R4/5+XeIelMcZC
yAShkIg4Ps4pWTcAsiF00OqJUKlWcRuVKtKzIPRLx27VqR2WggSdVOmYEnUoWmKZSk8C23rLgUYC
LGpG9fawVa01ajVR9YRfF+3RqCMcp+01RqLWbnc8j4/cmgDemcbyEQohrDZu+mwlrVtuJwFzqpUq
IwzMqdc6NXaQX6yUwABY8xk7uT5r1rGMmsyAX7tSrThYpn0FtwHH9fwYTn+WCbZ4eXPTBwId3AUR
FVrTGcSb+DP485jHgUhQW9yfgISxOPqSyKgM1+jSzak4FffFyHNHOJI7oyqv13lj1Bh6LneHzWrV
hyHujkRVtNqiBex9SO0g7PpyeoQpwRBCQpmqD55i7Q26uI3kXfRC/0WwK/MaBhGPFzQ+4FIQBgLf
iyofClAoaNhtN52m64zcpuu1OtzlNb/Z6fhtDtBGdZvV2sYdUFDtRbPearfqcE+zOfQ4b4lGu91w
665oNzy35rkNAX3Y4G6BIY5qqolijc190Wk1Wh23XXfrzYYLvTZ0Wm1ea4FaWjUIHMDb60DtObQ5
hXJMHNyK86Jdqw5Bo6436jTFCOwJWkaBm/Va1QXzqbo1x+P1zgMO5RlUeIL7uaJqL0S91RLeqCk8
16mPfL9edxqCOz6vwUHHb9WGI9CW4DarKU8nGk3zBTTaaHnDtueAejvtRqfZag3rnSZvtdv+ECqw
kd/wRl7NZhEN01ye9ovOqO0CYL81gj7x/A5vNJuiXh82a1595LR5q9locdEuKHf1szydLYflix3G
2IMsTekFMDkv4DJRb7SH7eHIFzVR90f+EHTtNRudkdcatkbCbQ4bXsGCVKjT6m28aFWHDdHq1Fq8
2my32r5fcx1ec0BaMWw1/UbT7bRHrucXmMxC4lAHa2kOqyCON2p7dT7iDmTUHa/DnSF0jDOsV9uN
muMLp+mUfltOpNDYPPH9V2KaGE4tpxyWVp4Mxz3PoKSJ4cp/gS/kswBL3xrYfBV9o4g4xGXwExCw
wKn5EL8jX1+byFF6ZhKmnGZpZpNMRmMO1c9rrNkgimC7GLlw3gcGA3rYt73+x7fvrs6AdCeGSZAi
RCy/T8I7vkhugvEkNcEbVFOAKnovS4jSP/sv/y5iWdqTNJrdYMAjFX63EqKQw5mSFE99uz9KlBHu
S5Bvppe7CNWHyGDL0qdYYfZIQYgTn0+dZrWzLzl0o0Xcvf7Ju/777nrUUoZDeV9ErqlWB1BcN9Bf
8ACSrd4/e0X45ZOr7usTHP7GYcM+bNqHLfuwbR927EOnWjh2Csdufgx/69+j0KWIyji0WqyDTeYx
SdNZAokZZDmTbFiBVOBoyfXI5IMdktH052uZJcLsEZNsd4lbadid0oO847bT+M6hUTqHTFxOFyfd
S2B/Gc1PY55MLtSI07pJdEsw/BW+CeID3dhoN4+dLJWnoeDxFR+PLalNuik2lPFFW+zf4cSNv6+B
lCp2KBpkqggiBBAom41p157XME+SRZhNr0+PbH5aGRcC0Vp6INIj3vDVhCcpu5FyuDdXolvdwQfi
HcF9EXlw/zsAR2++C26w8AJupDyIpgWjwwlggB77kyxI9oX/CzCNcqbKAINorkxPgdpKop4Iw4JI
RHospEIsP2SnWbzPrkig0d364lO3gPtTt+D0Hox+NRO/t2xAz+urtrcDv2asKzZHWgIQ7iX3x6Zb
V8eFEFsU7UelbNT49h3zkkeXqZha6BXFxO9WapWajf/q7NO+sAMrxE3NPrlXgEn5+rR7fpTjV8Ld
2pLdbptJHyoPRg7ssPSGB75kf5cCZ8QssV1nD302BGA7dJlIIZX9INMgMsOqRbY7D0rOHxBVS91g
PF6oR2LnkTfhUZqU1oTaIQGbEzDoZxvmZmnxUdIpOAFD0pz0YIiVoS1ui3orosUYn0ytT2Z3SDmf
2Ms5WhB9hXs7sXtRMBNxUXJNtRMntzg+6dLXMg6+yggL4B6PfBGnc3bwIv+JE5CnkzhIyt04mAo4
g3+z5OrDM9vGd7aM60U3lGmpoIQcjdaEkmMwUDPAWylFJslJFMks8vSSiZVmiqeKI6Buq+eTiAIe
nvHIktSpPbWX74mfjwVzEcquEn7+R8aDgmiKZstU8Fz5FERp71MaJ1nMEYQSbSsxYrjC4/jo1RTE
oNpDt1DrnM9l2ANY+xLFaBhksFA8UknnQebu7q4iABFyr6S3JB9OQIsYKzxzuskiF+s55ZwKZnj6
VXiT7vWZmOMNH4L74Pa1ne84zafL7SH32dQH7uCGFbgUwYEWbKi7RlsD95HFipQTYxUM+eFHTogM
/dhniv67YNGvRZCIaEg3NXebSzHr3EcUZLeAWrEA7hCT1Y0zfheJeI3I+YnCrFHRK32HxLtLqTE9
OeMqgCUtLN6IhSU9ER5Phfc1yKmtXbps8dmb+jZaojxSSvWzaIwLST5E++ocxRHb3R766USeiej9
pYF9SbLTgkYxKYDapXt9kcWLB/gPnxLpV3LkAAYD9WsHaaZ+DwpjO9MxiBsKqdcyTSYyLbpNcCZP
9ZpTP1FNgywmjM2SQEWPHscQQ1OK2UjHlkFGYgj/Y//Lzv0gZS8XrCciKDrY29Eo8CCx2Je16YYG
Aw+AAUOQcIlwC/GmUx75lniKUizjC+VG9/LVvgTQLe7gmk9jnooPr03UmlJA/cMw92QWfqTpkl+y
cMQn0+DiS7yLAJB1DeWdJYEmPeKqepBp83/2C0I0ni4EsQOD0W3vIACViCchJB9maLTIj6a2+84H
zZbzRZ1LHE/LCPXK0DiYg231eVgoWdee/p1miNZh2bUzP9pzDwbx0cT+n/3zBHLG/fbjR5pX2Bb/
2fmHICZ4S/RLUjFlbxUqLDnGJS1QS7+9EHsrs4jpYDAnCIMBJOv6lwFrw/O+M1pMrVb+mHKZ5A3G
djPOFoPMEV4jYqeDrFod1aMxg/p4wg5uTs+ePTn7PixdyHi6IQ+/oRU+p1BvYosguo18c6fyyAMr
uOCxOZNpUh9xlO8Cj8e+vA5CmdTamJGfySjty8ybXItPhbSi9fSetriCjCt01sGW8k5eByKzhVUk
OwF80NEz7sdC7i191ewGg36QpqE4OXu3w1AU82IFvSQVYnP9QUqxXK7G+oJPC7M439FJGgAuA5wX
quPHQoJRF62gHS15gLTnPFno7AUfHYwC6znOurPFIVtIGr/wREZ3iyhyqvt7RrVkORisgbR93xoe
wBDSdAsr2RqVVnH2Uuepe097hUJAma+FZrNAaoZb+J8Lz0sKJzb42S5ok6+pvb5rNcMSwg79g6th
gtQs1pekR3wlrtUayVjQi1XJJIgcp1a3xOk8XYyc+WAwHe0gyT3U477waU7Z9CWFE3bH1B4+apwH
ImZX4Mw6nWbTdij173noiHxztmB1FqrtxbwIUN1m0pVT7DmlwozSEBrjnYbb3puP0M0OBqv2N6Qn
9uKB4sKBLZezue4eUt+d1g/keYsBXVM2mNIX+UWKFv77vscohl9ecgQZFIjlj21FuZzysUgKfWHR
H+8Va0DgzOVTR3n27wQTXtx0KKC2R7v0yqvT7imkhYYQOaWQvdt9chklKbjIcNHfu/cNctYpB6k8
7oX4FOji9ESj2jivCukD3DYTlXlEEl6fnokUXwM2ZFzSfo/JyfHU86n1HbpJTK35SXX8CPiPkCed
QhSLRFhzO419SfBq2yUFBDoTSdKfiJtsOrRmIwsnNqxZ6/FwKqOz873NH2l+g4GNY3vBXi9molD0
Lkn2zEvTFmXCvcktOPlU4i/HjoqdypMflxb4DgY5nNWvLUcO1suhFy8qySIVSSUS6ZHPk8lQQk1H
7zabixxX4pvUHfzedyQCud8LormHLZPX2/7JMADuCWFLgIQN+aa9DGBfj1rsp/kKyS7CvBFiBneJ
KJWxmYLa9EcXKb+ZSP6KQ8o47u5vjsxiOhhYcLYfbXjbP2UWf5oVRNPE4mx5cfE4WAe/5Zd7W/e2
ZKgkUih2EAfUIUdq/wlDHoP6iFvf8yTmm7cvdwGeWjFIHReTt0YxURhBGZQlTtX2dt8x8g2W0AMI
YnsZcEx9pM0jDEEM4qPPMDA/39sivWWb2z8wxnkRbzaPKqmcKWG8W+JhyZLTfqd3XK4+7tIb3q3w
CxMABrE491YQYZEOv+xRBM0OHW+OwPy9jUDXtArAtK2cYqcF7o99IKMbhY5Ytv60xzDX/H65FNGQ
yaAW5/idB+vC5GwShIG32JdwBku0tCUU62CrzhJRhjNxpmQ5aUMagKauAtuDJ4JP7zTd9vbD5zqI
7CRUE4rg6z92Zdvp1ckZLYlSze+AH99iF/ErnpqJmEl9tAZ947b2FgfdFm6msGx4l+TrOuNrnh+Y
1N9xDckpYNCLSE7pUdDWfZPxrgwiO+IbxOIKjOIAedP9cMMO/g550qJLr5R+uHm2txcPkDmIkvFd
5AnTQL3TDmVxagllnynGzYLVpXpW4Bvrn81X6vBv83unQ/L2ajvKWkwMDKI9qpp6KWVj41LK019o
e+VFlibZLS6fveVhENzadZBb3dMCyykCpo2+sKsN8N+zuNJghIpaFHIPTXj8ZdRognUN53tz/Ivt
39RA1DevPvQ+AwTTaa5oWzyYFtEZBIB/ZHsLyW92yMBvPvR65ptL6tjWuLtNsuo0nj5pehKK+5dx
sEOsKm5eZkpQPLUpefghb2E93F1te9Fm6cQyJkXYUEAU5pwOc0c131uN9GBWSwHL/24lm4AL48BK
MFa0DcnrRxGnX7PAcWv7kmjFEYTIYTx5xfCK29FKJhTa2uPSELyw96UhfGu5NJK9E7TVYiFLMTak
u4bM6OTL3tzf+r3udqmJVxrJoaES5IkPAqZBAhZkVi+FE0Urr/13ymQbxQ6DVV7wMDzjU269I2mR
H53oO8OlQLgC90YMi5My1e9a6GGyRQFXiHYRrzvvnsSCW7LltA0eSf38TLft9YkNSqMxGD+3k6dv
BTs8LIaHwrI4fveV3+0LPzEbDCKZzp7sZhQgEAZcxGt7SVxOKSw3LebMPJwHUbXm7O0VjCXDwQAg
TGgnMf1jm155G+Hewf23ZtesaJteo7mGf/tbSRPSHmbbjo+3sTiVsTnyc0oB9Q/Zlke3tUt1DLe8
os3RUhnbqFfkR9PtH/cenolhF5G6p+cvpbztTaT5QMKkFi2oEFNOIFJ7QSGbxUHz6CLQb7we/M0U
VzUyGBjArIMneALN88jgQs8Eu6+75cJGCkvShkXA1/QYb30x/fTtbJ76ZBgAvyZnsu147F6XXwqO
2zGasq+IxWkS57+75nBIMPAt8RzOZonIzPCVDkskg7rh5ZszDhe/KhSX7p7fhs8bAYteIbMOnmDe
OdMjg83RSic2lqJu7LO2jupFD7BWR853rPUr6sNCs5b4/fqx2Ck90f7IH3Bjd0tBJtmeDK1Vfkig
yhcHqI2n59Ryvn3zEsfmoZBBvLMnC5ck263V1f6XRg836xcX1d0GNTHvini6xq+XLjjtFpV0aTON
T2IeyCzpnpdzujE2Pqu2QV4NdvXrCZ1OoPSWyks2WjnnURqkgUg+FTS0otuhvVUsRqZBeFutOxgT
3oFIcx52r6+7exsVseI5m04h9M0AmNDAlEZymDsvSTewHtnyasWoXrSVomhFu6mtMxv2Zwb9jBv4
XkajgBYR72lgWLZBiIyfe7AOxQe08A+cZvwQzKznBwbx0Sc7tEkjPRg5u97Xa6gfLru4UQbxHAxy
EBt9wDseUZ7TWyT2VHHhxIY5v6+/dN+9fXVyff7ul691t8b+l+FLQbwlLmTMgiTJRMJiMZNxyoYL
fc79EACQIBqzV0H6Wiu8wGh3B6PdwGq16yNeZ6U9W9rt86N3JJOpNkUorBoprBmZ3sgUl9UU321r
PSGLuBch7leT9OUZblgf+4anNBvCrxsgtPzvNtL1zvtgVoZ0mlDY66mQ8Z52zz/csP75yd6qSMUS
d9hOwbC3Qi4wTezyxPRSBnHD470ftTQWOaIYOQ7z91ZiTQJhPfXShI37opkvFexkcsspkB3eWVCg
8r9byhV1A++W3wt6lc+W0D5lytp82HX7XMRUbHt7v4C+5JXlT3PK7/IW72dvMt4NPD0HL8BXtMfe
IXf7d2/EHtWv29wFehbeitjeydYgbth54H2Yxvwi5LPZ3jISgyWOCELyUu7wBkMv+CpUZm+KtCI+
Phmzr67A9q7UV25Wv7eCfxuE4UkUTO1VMBZ5w4xk/xtLEr7XF+PzmBUK+2gr0bBX7W7RlOIKBHer
N3728HJJogA8eS58hewol2Ul6DuZ0ldOHgq8PPNgF6stBX9y2lsAsMOwUvsZvbISeIP4iJs7g3gI
Aa8H1Z1wXHe3HHWVmBb2enp09oMa3EG4lI9G15k94pa0/24IwiZ3RN7HVorQFfHRtxdfBWMepVeC
dpHaE/wE294eP6HszaQ1SgziBt2fQmYu7rvnNAeyWlqqX8mBMBKL69MfstJ0hdH8vfltzX4wFfq1
b8sV2vRHlwf/Irjc6+awVtvfv0WsLQrKLG9lfxLESfqSWzJb9EfX2r/TOfU+nX9MU/sIYitLlbMr
gc+E6N0nSwrrxO+07YwBYYfRZ0HHvaq+KRed/P1lQxhPlc8uMB6e+/2l2+l1SluAy+Sbsl0mv5do
RRw7CfdB2vubLknFrXl/yPuhegsUbLG07l3RHM3q11ZixaCNm+6pKVZO2tBHyzUO7M9/ZhdZdMv3
uNVTDmKHDooD394jOKdskGMYy9tATItrN58MXfPDz2xS+4NB93oFZaMcH3gEVQzXz61wQ2FzIK07
a8pXXzMXNhEnXztue+3q/e/YznyuoOCWgrF4yjc0NK6jdTKBIj7KcBSIpHwBjHGWuS/uzd5de/rx
l/32tUgSWj4TkVOrDQZm69vbKi3w7say8Na/RS7ux98ujr4gCxf7W6+E3AYDWs4+Uwi2+frQmm69
zoJ4hPOG5sfL8m+eprHAT6vhayxHlrT4FfokwcdfPEysJWkWuVieuj+if80WB4NC+xv7dhSabzjj
0SOV6CVuEvYmkntbT3cR7vDicqC1b618MojFfQ+cH/tJiFXL35/yG1KAoLFYLOSYf0zjSWAOOJte
nFss7I2gL76ORJjd7z31V8wBhrNt/+HH8HgMgqSiuEda/g1QmpOgN4cqMKhnuJwXV82Ufuouj9ip
jEbBmI2CUAziQfRTj+N3fObMqTGnc9yoHrst9n+qLeZWXQcvUPzK+AjqudNxaq5BDGbPcdkr/IfE
qUz95+pRoaf+hJBx0Q+fPq4K19yBxKIcBkn6nO7heiP9sloZUebeJBBz2lc/eQ6lLbaFEy5l7aSg
t547TWqN3+ubkucu8cLHalPpC8V5JGNgu6TJ0QipoCQfv++ZH8/mM92MH+CC8yxMF89JxHG+FK+c
iBRdfvIcySE+VyijPT3v3S6u5HC4cFf0RAjfuCxdzMTzs/OLk/dXfaQqSyn/OxPxQjerSbEHgmlM
+Lsy40kC3tl//lf6B5rKUllO+FzoG+eBuCv7Ae5N44nnbSTdD+V9GS1YX4Jf/874WDwX0XilSY4T
pmGSt6aIUzlcUqwvN1YWU/xy408MjZR5ZDxZTHN3ZEMM9MwsSwSbYhDrE8FyxTEeC5ZOBJMRGGA6
AYvzsONTNhQsiLww84UPP9gD20VePTmFO0fIoMgz4SNxyCS+apAgSzaMBb9lC5nFmhcLRmyqP0qN
Tck4BisCpwmMb8Tdkt2RL0a0DofdyegvKcNJSh4zVPoUhMWvqC4QYToJEiX33URELJuNIXEFBpVB
hKNCMTseRIz99HFC70CwVEIrkc+Ahf46MehAf5EdQNFpghpKaAZEhV8iJX3h5ieeYOqr4kiZImdl
2XnnHjP6Oi+eSCZZ6kvsTQhidGpQ0p/NJdT3LBblL1DAMohAf/rTnwYlAnoShvKO4ZjEZ/s6dLN5
wNk/0FDxGrLYPKofM3R0dOs5Wa++hzaNw8HFoANBR8htuGBas3i9NvblaQP7Tx8hJwQDATVz3weg
ieoN1DJ+9JpNBccvhaNnQGmGAkGDrsS/Mx6iFsfBHK6d8zAT7EA3Cl7sGXJXLcIwo0fpZegF/N70
MZymttV+O2hkJ8ki8vo8uQU7iG/BrCp0wfsEegotPZcUL5vEEpwXdCZcnhwyyqWYdhswPA4ZfmI4
Vt+zJ92AN0faNIv058cV8x71NsgERhfLe3qcAWoAkciQoyU41K0GdDlC08Vr0EQPWZD+BdSXxnSb
2syJLKhwMzsAGTIYRi6phcQoa0mPiVXRdDkZR5xFEXanr96qoE6gD04kFQZVoP7NprhOhtH2N4fm
WNSGgxqJ42yWKqpSGCpmCti0XNS5MEbpy8u+Gh98LgMfYK9HgDaCNidB0WBdFcPQ4OKyuii3WYgb
EA/ihRqir0I5BOPBIM0UHYbBNEhxpE/FmA9pzyHWU5qukm6DBFnT7X3stLuAFE8GBUP4rqwY5TaW
kICjgPZUZAI3m0E2I0iM8yaVjUNnZTho2VhCP+Ebc2QU2NCYYJYJ2jGrohTQOjlk9fHj/+clwKzn
MfwYlr8Pf5LKGUHQznQJSbNLGHgPDKrCXwLCVouoyAF8pBGhwSV/2QM8GhOEB70F8zKIQ7inHBP3
wsvI8UqFV41GjFvLq8W9B3lFshJHOa23/fNj1n992WNXl9eXfXbS7V5dnvdY9/wdgwTyzfm7QwYX
sf5buOqcfXz99uqcdd+9PT3v9SrF4b9WGV3cqYsiM7rgBMXzJoKcMeli6WYdUDvkBj55FbqkjKuV
lYMlVpB2gpTgmsGQUNpv2ZmyL0gTMRJGeJlujDgrJuB0Vy48H9fQxluMHhjw6YbKw6vRDHS2Dp02
Ex7mBUqvCFf1qrp3KQNYlpglK1FrVS1r8mw9JC15TUs+5vEQBkXZk2GoEljyPeu1S6MM4ei7mL4L
vPaURxllISYSyNAysMBnh3k0KJpgboQqsI5GwEvJO12Nvgp7q7y9MndII2QW+kssAYSPu4it8CeK
MW3j5oOgzWpVywqtXZCfeBAeyXQUh6Vso1hO8zCr7tZXlE3DNHsYpdE9+cA22BqTsqyjl2eO2GUx
tIRmqA3Zz6YzlWapXI7pE2U8kffXGV6kbyDsBDOXAI4gwMNQ52sUDOEaQh60MBf56so7qGKh18Z5
2on+CltboTrMO1JlBzq7rCg0eOk39YS1kTfJotskx37KZ0gNptkUois+F2N57YAdyVQlpVCs9Irj
RauSRsxDG4Ose6YRUYNlTIczCLf1ZY+dSXWqaNOYFaHPU/zVxfkQUrz0haZklDOUPSgTxVK2M4BC
WQokjqg9QKdSC8VlxrE4YeoeJeFKOrhN61PJk7eMF6/yXFQgfu035/s4q8fscBBFIsUOO9YBApKy
iQxVcjnkqTehHJwgQ74EJqRDDPk2VQLpsyqwDMUyzVSR7Sezl/JT6FbjRYrMD1nZMTqQOo8aLqc5
GHDbjab22qsMlkpaTB59JTkWNZTi481A1LAq7DVkgWBLzymtY6fd94dwL2AYwvi6C3wwe0oTlPdc
8i8T/2PWzBPuVS6ekHaMayvsxAdHNeHh6Ai/q0MFgi/AhnVT0CjD6RQ0MGMgroKewcwsQs7v0ath
csnDCkMQ77tRN0+zV5UgLYwGUHf4tBNuzGbRrKyPC3XNtR51SfBVLPsTE/K8G3G6Mc+WIGFX5mGE
1nrHVTc9q7CuvifkuBQFS2ldkmpboBZHMR+jCNAnoLZkFlK+gnUm1P0hDnYeYz+dhgFOs1DhHEMZ
JZKUXfffE9IEREKxh1nKsFCnrlw1p8qKSu5rpmlWxruOCS1auS+G2fg4L1V+Zg6WKDpTm8BQpfNM
16mJqqzRkqNEqsClrcFBZso5KW6nEykTqr7zCkXkNSh5MJ+nnCV8nntKnDHJJ5fwnFG8AjCasVMJ
i56YwPJYlcE0tfQX9mko79HqY3Z5xg4+vb88ewYyg8kDBrj+Dtz9LFavv4BhYOUSQ9lSWeV/YAmS
LiFlR2Dpn15e5fx1VWNQ/kKN4QQTBU3IPrC8pTBMssl8mkSHEGPSZzSiZuFcMFqU77PANwyRQ54C
3k3wNPebID+dPcwrACoeNVKwG8g5KSWLpBcGM0b3gtlc8wWYDBaRuK+HrscxpOk4QL64nJ9TTRr1
Vz5RZk6V9GmuQ9k77hvNU9UZdK027izRcy4ejORU+Tp9T1ndc8xmkCTNgxCbUX5c+yjdCgYiHo2X
NUKEt4XFeHiYX2XNsK2dnlK9fDKVGQ7hkQo4ekSjKnUfY4BFF0UzEWCH+JsiJNz8juKlcTMJHglV
+Q6FYjZUu/LTXB2FuElu8GTjNIVnRV4lPja0FB8cEeNFqCCLR6GDCQhq61BW18PkMXAC+8jHHYDN
b8a/SzQ1Gsw4L1DOZj6+wWjYpIdBlRqiKWFzbJ5RY0PaRZ88EOpTxNjTDNfNQPqlpWN6HiWP4HSP
JTrwKzOX/cTGMa7hX6pnNVez1FDloYq0b7rj6t0X8JNQxai+mclZFubGqA8wlNE12iPWyB9Shl+e
aS+GwQQdE0Q7nTvT7K6anTrWURwn06hqVGQVBHV/4Qb9y2kOf6U3tHeIbb4okJbDzSbPJpBujqTR
IzDKyuo5y/LKicSeISgVfHOtEkhCDJ5sMcW6J8GlnAlImKygYzGnz7PVeRKBvBgfj2Oon9U8mZ5U
U5MHacyp5yz5CB+M4Ldnb49xElP7fBX60CncCZVccxg6d9RiQsBXAhCtYkxsQ6Rdal6ZpuqcB0qF
DlXntTFBkI/KOlSZOSLRpak6SLsjtBNj0uoQ/ONswg8ZbnFG8TldpmHgekcihlS77Kmd0o/12Txc
qWDBrUkw/QzLiK8ZpJwQysmL5c5CM6SeV+fzNh70tJLV7Oo0mK58tQ7AyBSvx5GArhl7Fh0mNkiz
e/qmfCa3smpAnzFbyLX5eIjXblv1rhoVxsSJ5gHsU63PfIpkoonkMbDK0Ymz9hg42wy1iU+ZYzBa
MoLyAwRRTxrQA+UzB8rHAT/tIvPIxsOAJ7osgUyST2dhfoQ5D2DUfXWcd5o6B3aLs1fH7F+UrED8
PKTprF+RKVUcqzBpPgEhMTBxxMUmatYgf2ZF0wHrIhYFdIrQCSXIVG3iHnSAVYdbE75qlzConwyf
cGFUUNFr1eIxu7g66R+7f2sdNjr3zmHtvnbo/s35m48JEY3zA1wM4KFzfd6uKlesjuqNZyrLU08X
zGJdjXCMLaBjPZNGqQdNhUGveQt8ppJ5aRbnTjmvUOLlcwnyOMAHQpVHj4GSXGHl/JkG2IJKZ3+6
IFdDTdH1FpOMMgVF+WxQypRbGkmfnFF9K+7B8SW6uPNusTxIqJABjQwDSMwXKomj61Be+thEqMKI
GjNKSuIPyUi89NWlw5LAb80kgd7sQe3DUmrj6nx8cj/0ICeamBR8vBT5uALWoMnpZ1+m4AwtKj65
tAhZHJrHPr0dsjoeBSEtlltRxtOZeTiB8GEeBzDK5ibhS0IP4pfH06F6WGbSMBXzafHrijbzbLHf
iZGeXbDuJL+f2CTIUKYmpde9shAskn+HuL1Q/ostT6XyVkQQ3i2JF5welbp647avwUwtLOjQsvev
YTA0r4bD+6mtU4lo3Gq15jgubmLRPXtrSerLz4SkSARSYHcHDPcoSawLewEO6E/XlogFBHAY03LJ
AvEOd3KziDM9WahXQDoQkRDwxDauVbT9TMlUlgb4OTj6NDYuoQjGwyDi+IkA4oJqIh/kD+ki9eUd
L17McFNkIrjK1gSmLZa1+Q96LrA6m1RUs9SdGJ/3gbotI5c8zpR95RB/wTzsbZemfFZ3//bb/wXQ
ntCB
===END CRASH DUMP===
