PocketMine-MP Crash Dump Sat Aug 14 11:19:36 +07 2021

Error: Argument 1 passed to _64FF00\PureChat\PureChat::getChatFormat() must be an instance of _64FF00\PureChat\IPlayer, instance of pocketmine\OfflinePlayer given, called in C:\Users\Administrator\Desktop\VOL1\plugins\MultiChat_OTHERS\src\tungsten3\Main.php on line 76
File: plugins/PureChat_v1.4.11/src/_64FF00/PureChat/PureChat
Line: 526
Type: TypeError

THIS CRASH WAS CAUSED BY A PLUGIN
BAD PLUGIN: PureChat v1.4.11

Code:
[517]         return $string;
[518]     }
[519] 
[520]     /**
[521]      * @param Player $player
[522]      * @param $message
[523]      * @param null $levelName
[524]      * @return mixed
[525]      */
[526]     public function getChatFormat(IPlayer $player, $message, $levelName = null)
[527]     {
[528]         $originalChatFormat = $this->getOriginalChatFormat($player, $levelName);
[529] 
[530]         $chatFormat = $this->applyColors($originalChatFormat);
[531]         $chatFormat = $this->applyPCTags($chatFormat, $player, $message, $levelName);
[532] 
[533]         return $chatFormat;
[534]     }
[535] 
[536]     /**

Backtrace:
#0 plugins/MultiChat_OTHERS/src/tungsten3/Main(76): _64FF00\PureChat\PureChat->getChatFormat(object pocketmine\OfflinePlayer, string[7] rich oi, NULL )
#1 plugins/MultiChat_OTHERS/src/tungsten3/PopupTask(19): tungsten3\Main->ShowChat()
#2 pmsrc/src/pocketmine/scheduler/TaskHandler(137): Tungsten3\PopupTask->onRun(integer 1)
#3 pmsrc/src/pocketmine/scheduler/TaskScheduler(179): pocketmine\scheduler\TaskHandler->run(integer 1)
#4 pmsrc/src/pocketmine/plugin/PluginManager(654): pocketmine\scheduler\TaskScheduler->mainThreadHeartbeat(integer 1)
#5 pmsrc/src/pocketmine/Server(2389): pocketmine\plugin\PluginManager->tickSchedulers(integer 1)
#6 pmsrc/src/pocketmine/Server(2152): pocketmine\Server->tick()
#7 pmsrc/src/pocketmine/Server(1992): pocketmine\Server->tickProcessor()
#8 pmsrc/src/pocketmine/Server(1586): pocketmine\Server->start()
#9 pmsrc/src/pocketmine/PocketMine(311): pocketmine\Server->__construct(object BaseClassLoader, object pocketmine\utils\MainLogger, string[36] C:\Users\Administrator\Desktop\VOL1\, string[44] C:\Users\Administrator\Desktop\VOL1\plugins\)
#10 pmsrc/src/pocketmine/PocketMine(341): pocketmine\server()
#11 pmsrc(11): require(string[91] phar://C:/Users/Administrator/Desktop/VOL1/PocketMine-MP.phar/src/pocketmine/Poc)

PocketMine-MP version: 3.22.1 [Protocol 448]
Git commit: 9477034a4ae58cc5c12b8278c14a8e46a43992b2
uname -a: Windows NT HQDATA-788 6.3 build 9600 (Windows Server 2012 R2 Standard Edition) AMD64
PHP Version: 7.4.18
Zend version: 3.4.0
OS : WINNT, win
Composer libraries: 
- adhocore/json-comment 1.1.2@fc2f76979f0a44a5f5bc2a2b600d0762fe0e78e7
- daverandom/callback-validator unknown@unknown
- pocketmine/binaryutils 0.1.13@0abee38d4e2861621f262c79a2a3d699d8a697f4
- pocketmine/callback-validator 1.0.3@64787469766bcaa7e5885242e85c23c25e8c55a2
- pocketmine/classloader 0.1.2@9757928424652393b178a3760073113aa7c9911b
- pocketmine/log 0.2.1@830b44a2cf96ef703c550abe64302f230231ca49
- pocketmine/log-pthreads 0.1.3@e477ecf6ec214fdd4415ea1da3fdd9d73bf699ea
- pocketmine/math 0.2.6@43057cb8c179a9859677b496a788db922fd5cfc3
- pocketmine/nbt 0.2.18@9f82ca4d7f97fcd9a566e44b63c4f18a7657ae82
- pocketmine/pocketmine-mp 3.22.1@9477034a4ae58cc5c12b8278c14a8e46a43992b2
- pocketmine/raklib 0.12.11@9cce458b8bfde3e4dfdbf70c659fc7b7fe26b5c4
- pocketmine/snooze 0.1.5@70b5e7937a06878dd321a3182ceb76d56298f2cd
- pocketmine/spl 0.4.2@6b08b7cf8c4afa17139c9a1b3bf1b408531de161

Loaded plugins:
AcidRainVictory 1 by YTBJero for API(s) 3.0.0
AntiTNT 0.1 by Adam1609 for API(s) 3.0.0
AntiToolBox 0.1 by NgLamVN for API(s) 3.19.0
AntiVoid 1.1.0 by FiberglassCivic for API(s) 3.0.0
AuctionHouse 1.2.5 by Shock95x for API(s) 3.0.0
AuthUI 1.0.0 by AytgDmr1 for API(s) 3.0.0
AutoClearLagg 3.1.0 by Twisted for API(s) 3.0.0
AutoFeed 1 by Ghast Noob for API(s) 3.0.0
AutoFix 1 by Ghast Noob for API(s) 3.0.0
AutoInv 0.0.10 by JackNoordhuis for API(s) 3.0.0
AutoSell 1 by Jero, Cur for API(s) 3.0.0
AutoXP 1.1.0 by JackMD for API(s) 3.0.0
Banking_vonfram 1 by Noob for API(s) 3.0.0
BetterVoting 2.0.2 by Twisted for API(s) 3.0.0
BlockCMD 1.0.0-beta by kenygamer for API(s) 3.0.0-ALPHA10, 3.0.0-ALPHA11, 3.0.0-ALPHA12, 3.0.0
BlockPets 1.1.3 by itzmade for API(s) 3.19.0
BlockSniper 3.2.3 by BlockHorizons, Sandertv (@Sandertv), Chris-Prime (@PrimusLV) for API(s) 3.2.0
BossAnnouncement 2.0.4 by XenialDan for API(s) 3.13
Boss_Quai 2.1 by phuongaz for API(s) 3.0.0
BuilderTools 1.2.0-beta4 by CzechPMDevs, VixikHD for API(s) 3.16.0
BuonLau 3.0.0 by AmGM for API(s) 3.1.2
BuyFix 1 by phuongaz for API(s) 3.0.0
Buy_cmd 1 by TungstenVn for API(s) 3.0.0
Clothes 5.0 by TungstenVn for API(s) 3.0.0
CmdSnooper 1.0.0 by HotshotHD for API(s) 3.1.1
CrashTransfer 1.0.0 by Xenophilicy for API(s) 3.0.0
CustomAlerts 2.1 by EvolSoft for API(s) 3.0.0
CustomItem 1.0.0 by Phuongaz for API(s) 3.0.0
CustomShopUI 4.0.5 by SaltyPixelDevz for API(s) 3.0.0
DEVirion 1.2.7 by poggit, SOFe for API(s) 3.0.0
DLevelIsland 1.0.0 by Nguyễn Công Danh (NCD) for API(s) 3.0.0
DancingFarm 1 by RicardoMilos384, DontTouchMeXD for API(s) 3.17.0
DevTools 1.14.2 by PocketMine Team for API(s) 3.13.0
EconomyAPI 5.7.2 by onebone for API(s) 3.0.0
EnchantUI 0.6 by UnknownOre for API(s) 3.0.0
EnchantVipUI 0.6 by UnknownOreforsource|RBpmmpformod for API(s) 3.0.0
Eternity 1 by minefore and shin1134 for API(s) 3.9.0
ExtendedBlocks 1.1.5 by Javier Leon9966 for API(s) 3.14.0
FormAPI 1.3.0 by jojoe77777 for API(s) 3.0.0
FormImagesFix 0.0.1 by  for API(s) 3.11.4
GCPClan 1.2 by InstantlyTa for API(s) 3.0.0, 4.0.0
GMCDetect 1 by TungstenVn for API(s) 3.0.0
GemUI 1 by WoolChannel3295 for API(s) 3.0.0
Giftcode 1.0.0 by  for API(s) 3.0.0, 4.0.0
HuongDan 1.0.0 by YTBJero for API(s) 3.0.0
InvCrashFix 0.0.1 by  for API(s) 3.14.0
InvSee 1.0.0 by BlockHorizons for API(s) 3.0.0
KeepInventory 1.0 by KhoaGamingPro for API(s) 3.0.0
KingofBlock 1 by YTBJero for API(s) 3.0.0
LoadWorlds 1.1 by shin for API(s) 3.0.0
LpkCuaHangUI 1.0.0 by phuongaz | Moded by LamPocketVN for API(s) 3.0.0
LvPickaxe 1.19 by PhuongAZ, K27 for API(s) 3.0.0
MS_NV 1 by YTBJero for API(s) 3.0.0
MSpawns 2.2 by EvolSoft for API(s) 3.0.0
ManyWorlds 2.2.0 by aliuly for API(s) 3.0.0
MaxEnchants 1.2.1 by Xenophilicy for API(s) 3.0.0
MenuAuto 1.0.0 by JeroGamingYT for API(s) 3.0.0
MenuPet 1.0.0 by YTBJero for API(s) 3.0.0
MineLevel 1.0.0 by TungstenVn for API(s) 3.0.0
Minion 1.0.4 by phuongaz for API(s) 3.0.0
MuaCoinUI 3.5 by BlackPMFury for API(s) 3.0.0, 3.2.0
MuaKeyUI 1.0VH - RBplugin by Ibenrm01 for API(s) 3.0.0
MuaKitUI 1.3.6 by Infernus101 for API(s) 3.0.0
MuaPointUI 2.0.0 by JKPVN (JakayPluginVN) for API(s) 3.0.0
MuaTuNhanUI 1 by FurryJaki1992 for API(s) 3.0.0
MultiServerChat 0.0.2 by tungsten for API(s) 3.0.0-ALPHA12, 3.0.0, 3.0.6, 4.0.0
MultiWorld 1.6.0-beta1 by CzechPMDevs, VixikCZ, fuyutsuki, kaliiks for API(s) 3.20.0
NameSpaceRemover 1.0.0 by JackMD for API(s) 3.0.0
Napthe 0.0.1 by hachkingtohach1,tungstenvn for API(s) 3.0.0
Netherite 1.2.1 by Wertzui123 for API(s) 3.0.0
NoFallDamage 1.0 by DeveloperNeb101 for API(s) 3.0.0
NoTP 1.0.7 by awzaw for API(s) 3.0.0
OreGenerator 0.1 by phuongaz for API(s) 3.0.0
PCEBookShop 1.0.3 by Aericio for API(s) 3.11.2
PHP-Sell 1.2.7 by Muqsit for API(s) 3.0.0-ALPHA9, 3.0.0-ALPHA10, 3.0.0-ALPHA11, 3.0.0-ALPHA12, 3.0.0
PM-Beacons 2.0.1 by jasonwynn10 for API(s) 3.0.0
PayPoint 1.0.0 by YTBJero for API(s) 3.0.0
PiggyCrates 2.0.9 by DaPigGuy for API(s) 3.2.0
PiggyCustomEnchants 2.4.1 by DaPigGuy for API(s) 3.19.0
PixelgamesToDiscord 1 by ImNotYourDev for API(s) 3.0.0
PlayerVaults 3.3.0 by  for API(s) 3.0.0
PointAPI 2.0.9 by onebone | Edit By Nờ Cờ Dờ (NCD) (Danh Miner) for API(s) 3.0.0
PureChat 1.4.11 by 64FF00 for API(s) 3.0.0
PureEntitiesX 0.7.0 by milk0417, RevivalPMMP for API(s) 3.19.0
PurePerms 1.4.3 by 64FF00 & ProjectInfinity for API(s) 3.0.0
RandomBlock1 2.0.0 by Edit By Nờ Cờ Dờ for API(s) 3.0.0
RankUPUI 4 by YTBJero for API(s) 3.0.0
RebirthUI 3.0.0 by YTBJero [Edit by NCD, Ghast, CurlliestDrake66] for API(s) 3.0.0
RedstoneCircuit 2.0.0 by tedo0627 for API(s) 3.6.0
Report 1.3 by ImNotYourDev for API(s) 3.7.0
SEnchant 1.0.0 by NamVN for API(s) 3.0.0
ScoreHud 4.0.0 by JackMD for API(s) 3.0.0
SeasonPass 2.0.0 by TungstenVn for API(s) 3.0.0
ShopGem 1.0.0 by YTBJero for API(s) 3.0.0
Shulkerbox 1.1.2 by UltraFlappy for API(s) 3.0.0
SimpleAuth 2.1.3 by PocketMine Team, shoghicp for API(s) 3.0.0
SkyBlock 1 by KhoaGamingPro for API(s) 3.0.0
SkyBlockUI 2.0 KSCore by KaysilGMVN for API(s) 3.0.0
Slapper 1.6.2 by jojoe77777 for API(s) 3.0.0, 4.0.0
SlapperRotation 1.2.1 by jojoe77777 for API(s) 3.0.0
StaffTable 0.4 by GigantLeyKey for API(s) 3.0.0
TimeCommander 2.2 by Zeao for API(s) 3.0.0
TradeGui 1.2.3 by Only FurkanGM for API(s) 3.11.0
TradeNPC 2.0.0 by YTBJero for API(s) 3.0.0
VQ 1.0.0 by YTBJero for API(s) 3.0.0
VanillaBlocks 1.0.7 by xSuper for API(s) 3.0.0
VanillaEnchantments 4.0.0 by TheAz928 for API(s) 3.0.0, 3.1.0
Warp 1.0.0 by  for API(s) 3.0.0, 4.0.0
WorldProtect 2.3.8 by aliuly for API(s) 3.0.0
essentialsTP 1.2.2 by  for API(s) 3.0.0
fly 1 by IDontKnow for API(s) 3.0.0
iProtector 3.1.1 by LDX for API(s) 3.0.0

----------------------REPORT THE DATA BELOW THIS LINE-----------------------

===BEGIN CRASH DUMP===
eNrtfXlz20bS91eZV049kfcVKQK8teWUZUo+1joYiXa8WaZcQ2BIIsIVHJTo3Xz3p7tnAM5AikjK
dPb5I6mKRTQwPb/u6enuOTD49940SgKefV6IJPWicO+odbCXeYHYO7I6dq9vtbrdTr1j9e0W3Mhj
eatd7zQtu9+w+t1m1241O+2DPZ+n2WmSRMne0b/3smUMj+2N4I+kHewFIk35DKnHySwPRJgxi8U8
TYXLsoh97rRev240xuNhnojBnGerX0dHM5Hhj9cEdf85C/I0YxPBeMi8MM146AgWTR/i8W7o86VI
Dozn4si5EVnghWI8vpxOffghH2MzbyHCA+Zw3wdYXsgGR+PxhxR0Mx4fu1DCS7OEZ1EyHp+I9CaL
4vH44+WZNR7Hfj6DOsbj89zPPKz88+Xo7enV9XicJs54nOXhLM1E2IQnuBfW43nMopBh3azbAf1M
c99/7fmooO0rLQT+vLDqrbplqUofUSoCwFpljYrRYZXPIbA5VFzKm+UPKI/4wR7sDlhNwh34/a+9
Zw1W8Ksqg/iVqjhETex3O8+PHmv+2g9m80eTX4WT/XEjHjBQlxfO/tX9hSWeM2eRd8AuPpydsecA
+Jm1KbhhFOfxiKc3+1YfEFYasPbD9Ty6xdL7xNZmcYDl8f8VtMPUmQs390VyiJze8tCF3/tWswsc
RyuOZV21H6LwKg/3vTATMzBIi5g3N2F+XVztW10ErCuofHI81nDUfkjuVdV6uCqps8Mh/TnnIfTk
ZL/Tbj1eTwmp9kMAOhvNE8Hdt4In2USA4sya2w/XfC0S8E37drNXFUpiAuXpoGo/ZJ6zqjitVNJ5
vBKrbVcqkXckV9nS3UdZWP3+YyyGSeSAI4wSyav3OK92r/MHvMCZJcry+g/zGNLPc/i537SsP2Dz
+bMTgWNMcqfsV694KgbgzNOziLvYmx7ob3nm+ansB2fRbKb1uWbnl819Zlmq1frlCZ5WdufGevFb
VfFTqV/JwJIM9klJifgt9xKxr4D1rV9YPOfJ0eHh4OiQ4B0a6A4VuEPEplVaOx/WseADsJ7v/fL7
wZ74K1Q+PVTuKmhBO0gmn71wEfkLgboGzi6YgINPyrtA0Uo7kSuw4dpWF24w9V8isjwJ2XfScP4O
z7Wtnrr/O1314Qp/2A1FPvzb3+jaKtj8jb2MecIDplT8XUx/6SH73kPfFWaCt5v3boeQT7DvfLEQ
/gUP5FMt7SkFOPDuhEs32+XNQ7ruqOs4n/iew6Z56GSQITLTwt6ZWA9KWAda5ewFwXlOfAut/Zuu
epoOv4sSD9TN/RV/KPldNvdSSgIu793eX1VbVvaclG8X6m429BqcBzjzOPaXg8iPIFo8AEHya1ob
sRkORnwGbFYPHDyuGsXdLtA2H7CpFTP5cEu3q2a7KNrR7Or3v/Kxv/Kxv/Kxv/Kxv/KxDfKxg72Z
CEXCfYzrIUZLiPh6WQA2gXZYzZLsNeu2XbeQnnu+u3dk9XCCxEs/u2KxdzTlfiogfUiiLHIiYNtq
9aASD5OLfqvbbTRbvMVFu+c4bceyJz2723OsFu+JVoe3mmCzExt45wrLT17oRrcpuxixtz+eHI+O
a91ej3XqTUa1s36n0WD7xVPSmJjdsGx2ZbNrSOZcnrjs1PUwgD9nx+cnnRZmN/MYmHcxaerB5RcR
uiRZq96Qdz9HKdb+7uJiBAS6uIV0CHOgII5A+599b5LwxBMpao67c5A2EYe/plFYg2dUOmXVrbr9
curY026n3+1PG7zV4u1pe+LY3J4AdrfR7dhT0RDdnugCe5eDAIA6Cg4xv5xw56a24L7nYhMDwzy8
CaPb8KX6i2BXTTqB8J0sqUvAow2o22q+bPCJEM2e2xJ2r2N1bGtqd2yn2+c2b7qdft/tcYA2bZms
HqzcqjfqzZedVrfXbUGZTmficN6FtuxBgmWLXtuxm47dFj2n3eZ2hSF2ZJ86ssJmv+x3292+3WvZ
rQ7kcf3mxOr2eLMLaumCo2gCb6fft6yJycmPZsQBjPBlr9mYgEZtZ9rviCkYF9SMAndazYY9teGf
puXwVv8eh1qcUQgoFNV8KcA4hTPtCMe2WlPXbbWstuCWy5tw0Xe7zckUtCW4yQrSgLlC03kJlba7
zgTsGdTb77X7nW530up3ONisO+nb9tRtO1OnabIIJ1khT+9lf9qzAbDbnUKbOG6ftzsd0WpNOk2n
NbV6vNtpd7noVZS7+lkL4rKLvtyiv2nMEn4Dti31AlyAjeOIVrs36U2mrmiKljt1J6Brp9PuT53u
pDsVdmfSdioWlIZR9EUo9bZfdhuTtuj2m13e6PS6Pddt2hZvWiCtmHQ7brtj93tT23ErTGKfOLTA
WjqTRm/SdaY9p8Wn3Opazb7T59YEGsaatBo9SFRdYXWsvd/LwQ31zWPHc68gPnz0HDDjpeboqncO
9lZeDh0cz7M5pMaYSf5z9OofIonQYfLYQ0oTOkMDr0XIJzAQ3DuC4AWezxUxeBMsBPfSaJqd6ARM
PoA7dxYyaOGYDDoFet3L69FPl1dnJ0C6FZPUyxAiprPHYeaNwA9pwBVFB9yoVyAfuzywOo3+rjCr
Squ4r0fHV6MPw4dRR5H/KrqrIlfUR9FfzM548PHCAG/1n45e8YOQvkIwHsvMYl0jQPSa55M6uPXD
ApYS8GPkuRXpiGRYEth/wxTutTcRyQw94sBbeM6uWugVeLRsPuI3kDD4y1cUDaTACGr1a5288yyL
U0g0NLkfYn1Y8kNt5DRGfhvlqdA1opNNrdj1tqkVGMY4N/323depY+8UEskoWB4P3wH7d+FikPB0
/tojtkpRqappPOYS3xzxgYJMtOt7JoD/8M4QlwimoI1q8x8vs9lJkFg78ybAzwV+KADWX/zdUIRo
4MNA6IzPZqYkGl0XqHnfnke3kIUC6B3Jk0l22DqQRCIIH0CQVAambY1YwTxOl34enA8OTX5KGa+F
cCt6INIjweHNnKcZu4iiyc58rap1iyCBJby7KnLv7r8A3LvbDjd00gpupJjhAQJExej+AekpQE/c
ee6lu8L/KzANC6bSAL1wIU1PgtpIomvh+xWRiPRIW2B6ccAGebLLpkih0u3a4tOwgvvTcF00w4Y4
P9kVbMlNavzTcDPwD/R1yeZQSQDCveIhBq/PiyicJjzQpKzeeaSRdtlVkNd4jJVv3kKvRJaJ5GOU
AV5dAp2sw7cBoP0NfPXe0JvNloM8zaLgNHTmPMzSvQcc+ISALQgYyGrCXC+tD2F6AKalSVqQ7oXY
GtTFTVFvRLicQbl7Xap2fDZ8e0wORb+2Ktd2cf3khEyhBdFXuDcTeyiytCo30aqdsWnK7GVfAshp
d5Y3U8Vvo8T7EuFMV4lj09y5FOg69GKRVEVSVDO/sKtCGSDg1jUPoepswfZfFj9xBm0wT7y0Nky8
QMAd/JunZx+fG7qwtzb18+XQj7K9x1Ui5dhKKVGaHodhlIeOWnxbaaZ6q9qlW6Z6PonQ4/4JD81W
bz61ze+In8tDEK4CZVsJP/+Yc68imqSZMlX8bDzPo3DGv+zK1xb8MKwkHEFI0TYSAycaRYJjRqNH
6uTqyEZ6o0ozDb4IZz48PxELLPDRu/Nu3pph0+o8XUQHuceBC9zB70pwGYIDSU2o24ZSDfehwYqU
E4VnPDf0Iilml74/BgrenJuyQ6B6ouiTLXKcV/nSTJMV4ZGgv2tjlDVuBfmzE7gmZqI8ArpY0vsY
7gq25Ij1bg59AJ5zLvRuU1B06O1748lvBB45jscKQvljI0EC9xrGBWYE04hrRvxvoyydR1m1u9et
J/f2wE1l1SCGDmO9JDgdMkp4mE5NYQz6Gnkg4kTx3PM9Z7mrFtJYgkg6mMrlRkJSZnrsgws0jE8n
PxqATheRfw1IdyWdXjPIY+J4ZCa1cMe3t7d1AZiQfz27Wcn4LhPBPQmJuKYJhzv2aquat3APVOZ6
HsXGLJpB1sVoAcDqpCH3s+XQuxM+xKedCWNyLRpMIlrY4zH+2iSSQsulyCpGVvUZR6FPTj96CclT
ClySqnlEtxKJohmupEICfPla7Cw3Iqbj8YIgjMeQQahfGqw1k/0nZ7ir513q81CPUwZ5jT1ezPLl
OLeE0w7ZYJw3GtNWOGOQ1M7Z/sXg5PlW4pqTwLhdB389ujyQL0U4gB6BNYLoJvK1lgylHBjVvuaJ
3ht16iOx+spzeOJG554fpc0eZo0nUZiNotyZn4tPlZjRfXpLG1xBxhU642IjecWimhCXpMoItVWd
gVjtL2AjwYPKoOUrxFMAcJ/GopLsPuZbtVR3Be2w5AHSata0ktcwMT2Z6VYFjkIxgf931WEVu/FY
SATAczw20KxtPjVnY3jdFc2cee2YwnyQOw8uk53Js+IIYhQgNg8iqshHL35IHEneUKIpUKI8ccR/
rl7FQRDjG0KRu3s5rVJQgreFrJlIQi/TF7FL0iMOBtfSQRbcC+2ydO6FltVsGWJ9xQxRwXw8DqZb
SHIH2bgrXJo90d1I5UZ1uqtdnXteeCJhZyIK+/1Ox/Qlra+ZhUa+BVtoLgPV5mIWoWclX0ExBWtW
w+Gv0a+R6OJ/O1vaKDmOxwpE+WNTUd4FfCZScwBt0u+t2hhiGc1j1VtPtrn8txRzFuygHtU93WZE
/WYwHEBk14QoKJUEzGyTd/R6QOYvR/xeoxxQcvrkxvEK1hkHqRzu+Dj79npwrFBtkmlCsVjUFyFJ
eD44ERlu5ddkLGn/jXmDWeC4VPsWzSQCw6XL60fA/wQBewBuNRR+0+63dyXBm23GNG+8aVa8KFHg
LkiPp8A7NqkRD0cRWhFWP4DqN5fhbS4TYU2GkrQmjd/xRqmi2s2x6zs+VvB16hYu6isiSOGivHDh
YM3koDafPAfA10KYEiBhjfrNlZJdTViaCx4SyTbCvBcihlIirGzAM+kV0UzB3s8j/oZDrjEb7s66
DKbjsQFnc4t7D+WjKSlJl02j/nkbC99fvtocODbgT1Hiu3r+pREruZcJHNPIXaFe1bn5ej8O3Jx4
EdazKCZh4ptBzt/ycGbEDIO8pvMUE/3sP+wc/KXLJkt2xgM5KKzsRVw7A7HKrIaRF2bypzFK+4M1
9PVrWKVAWzT1Yug5N/xO9ygrWqWh+w/NFB7/fMDe2zvLRsvKt/Ej59efLz5qEsjrP693UX3jMdW5
AdiY34apAVdSzJln+9vOPKtKwVTK2p8233zOw+U9b6ERK1JVOxf3vdzf2WqB5AZDTqj/dgvPIQW5
K/ubLsmKWp2Gtf7c1Q8NinGxkXAizHHTky5ZQVrj/rCnyGj4z9HOrE/VvUXrQImhyCr4kfLnZp6K
HZhYDOBLCOvxe6GgyWNdgpK2RoZvu/Cpw9hEDnORQhGqErS+7WL54Oz4hLY0yOq3sKOcDyDwGsnA
imbuTmhXk2ju3AzPX+fJ8oFx/hP2EGn9Iec/OxG+K3oSeSNPbCfQe7GsyiNJlUb5+JbV2NUr9Q6/
OYcxEWESNHa297zgh2calGA2ksXL7sniZR/uT4x1qpMwU5GEeWrtUIYVSxgEeFvNPgNsyu+qshTE
6tatqs99P/x4wfb/wW/4Ur49/PHi+c620iJzapit5BnlFxBuqgKV1EfSLegxyRJk8fDd411JYTAl
aQoo20jlZ558O5TOstAlM+9UJwcq2Vnx7v0f7Chd7RiVfztfO4lTedd/Y1kpJ6uKKYlm/+qovWrW
2r1qg5/prK5lnqX5De7fu4EkzLsxZxnsxo52sAUImDI7dVpKAf5rdq9pjEBReAgF5MSOuBJBtDA2
w9y7tS51+iZb4KsoNreBCx5nc2EIRITHp7725tyZ41b4LMJf1kFhfYudpSOVGlBGBFb83Ug2AQ8m
dL0Sr6StSd1/Ekn2Jfcsu7kriVYcQYgCxpNfW1hxO1zJhEJHr7nvn/CATkdaya2TH50/O8G8D/eI
XYjJDkNnhS2oQEO0hb1Go6Eh1mh4r8tV9sLw2y/8dmfDSWQ2HodRFj+56SQgEOYyEW/oUIUs0n2K
QX703ddvt/tZx7DNxMtwcPoqim5o25N2UIRGrbZWZQf/MViy45mDM2vdlt9tZ8hUJeOxBsy4eEKr
Kp6HGpdD0sjbYa3ylldJWrOL65xWBh7OIPqVV1C++SsqCBgP4dm8rw7Pa68Ex9NadNlXxGrGWzHu
X3kahbfLMLQau3tpr2SJrxwhDHzZqICzXiLIvTFd1+UpSP+lSYc43qJBqJdAnzY2WuvUapNUJnhP
ODz8Jl9+5Ysyj78TVlQCHXKFzLh4Qu8smB5qbA5XOjGxVHVj3jV11Kqa7YM6+poXq6r6MNA8SPx6
/RjslJ7uhI/vyKWj6MRLnShxDT3dv/vI8O9dcBFl/4zyBLKCnY3NNZ6glTclELrY6H06eRjbRw7J
v2EEOtmcD2quWZn/yiVheSregmrGQ8MMHOvFKZaT9BObyhWmRzu62jnI/kMnIrFXS3aBW25dF3fc
0t8T9Ze23LJ92n6L04bJ853vXowRNO1d1OCvl744jlKTfnVCpe6r8UBMU3x5st92y3jIfCiS4IHE
Y+81p+MiUlyRPtj7JBZelKfD01pB17zfI6cKPqFbE6jKGaCFck7DzMs8kX6qaGhFN3PPbjWkBZ5/
02hZmLRcgUgL7g/Pz4c783uJ5InbK8EGAJhQwKRGCphbb93VsB6a8irFyFY0lSJpVbtpPmQ27H8Y
tDMeQPcunHq043JHPcKwDUKk/dyBdUg+oIUrOliMtiRYmiIM8pr5yjV+Y1cq0SBtngdBoZsPQ2Pe
siQZb5F80xQOq8zj3NsCt5h4SeUgmRVtzXuUCj37F7XMBFpmcHLA6GAPOk3C96EPZCcJvxGdzi87
E1J4ocOTkGfbnFFyJVxIQEIx8BIn9zJDXPPOGiuEWqNGp7IZofM1PklWv+nZVlcijhITPxEqSxcb
ZkfdJ2Ta9/OyP0qZJLTi7ybNdK0yRE2+krTuJZ57Z3Z9zQEZ8sCuTa3rGg9gfJvr+WtJqr5E9qdM
3xa1byGCwJHskKd6nNKIa7rFt109XuHQf28k1jyK3xivKRaU/8ro+rMzn23RJvPcvxHJxDjGTiNW
X1CoLBh98LOEv/Z5HO8sX9BY4puIhIROs9tYJC+IfYFnhOkirYiVN2Orjqz6/tYBnqc2m3tOvLPX
L0ssIKCO68lvc2lcUAE3y+p2zZL0yPh2h3tQKzsBJVCIQEvNj8uDR6BZ5QEka6NSIYKRSGjEivdg
768H4KAqIvJl6vlvznfnxVcAtjBQNG5jQa6gVBcv7Y3fmvnKhdhUAnjy6sAK2WEhy0rQqyjjmbnb
pnpnzbrW7l8XqgDYovEyPp2OsEJdnBXRHH5WkvE33gzSjDOxfC925i9TrHtz/CMvEIMoCOhgIU0E
k/7oHs6fBd9Z0Do7+TQeG3U/2QaBVe18MDw9NEVBmRPuije5flJPSapaXiUaXIb+kr3OkxseVk90
sb5q0wcxBNERxxath49fDAdVSZC0Jn3acbZRVLs59o8/aqjh4s/Njj7+uAVSHnq+z++9vGnS16zg
3l3nsUi2fK/ffDv0sUOsiPt4bECqXG4hqhoA4RlYDwhs3F0z2BjNxfGXvt17cGvhV3SZhYQyHquo
vvXpqArX4UMygSJ+4om++EuXf+oLbSdbdCXa5ANZWuUVSINsuoNmvfdnbFinLU2xRLDJdMMDDXWe
e8nUE76rn/tefEomSwSeSg+DtuTQkBa/vJWmONnK/dTYbWGQq97e/hYLIXqN43Gl/rVtO/X1d8jw
6rE1KTz04n0Y7WyryGt/i1fDPKV9YyOIRqyeq1wBDwF7p2nEquavzyE0KejAffz0lgCrqwwRi8+P
kKumbZZ1sH7wzDTJf7T3bFhesUEUTr0Zw4+cjZNx+Ow6D9lxPmM9ZttHjdZRq8v+f6PL7IZt4X2f
h7Ocz8QLEc7wOogy9wWeHMO7HfnHH+fNhtVg8mqaw1+724J/m5M+/cvZ6vlWvznOLbfRwN9Np3zK
7k/x396UPcCbgEi5aji/9sLqW00bibdz0GHN99LsRQOvuTpFsSZX/2rcmXtCfnctfQH5NfLBF3Rq
yjmAUciCAb9TZdIXTaLgzF8QuULen0YJcC1pEeS6QAWVuzj/VFzHi1jV4nrTqefkfrZ8QUBnxYag
WioyPJo1fUHaxZ1dNTTZF3IbZklLhXC1R/Azfi9enx2PkCRNs/ZbLpKlqk+REhjwFmDwdx0/6wec
3Rd/o/9AQ3kW1VK+EKrgwhO3NdeTn+R70UPS3SS6q2EHKThJlUHACsB9mMQgmpQU46sS9WWAX5V4
xrALMIeMLk9olEO2x0CjzLBgsEUG4TEVrFAR44lg2VwwGLOn8INnzMEWpi8OeqHj5678NuA9m0de
11FA3xjM7vNM+VQcMDyXLkmRJZskgt+wZZQnihfzpgxa2oMQgDVAI+Mn+8ArAeMLcVuyO3TFlBaV
2W0Ufp8xHM7xhKGWAxAWv/CyRIT4DTcp9+1chCyPZ5C4AoP6OETTlsyOxiFjz36a055E/BQjuGyX
AQv14STQAR7P5uOCgLxNUCHL4sAY9OmLjPSFp0s5gs3pu19ICZCztOGiQx8x+ooQ3kjneeZG2Jry
A3JHbLynvvJDqO9YImq/RiAGuPj/N94jmMe+H90y7HqArPjIGlt4nP2IdonPkIEWQfOIoSOloqdk
rKoMHZeCnYhB84GGkNtkyZRe8Xll2+VtDfmznyCJAvMAJXPXBZipbAvUMX5/iwWCp3lCDgBlmQgE
DZoSv+XcRx3SdybZgvu5YPuqUnB+z5G7rBF6Fc3q16AN8ONXR3Cb6r7IgwmoCEzsOF2GDn4BDawg
uQGjqtMDH/CLmmjnhaT42DyJwEdBU8Lj6QGjbs+Ue4DOccDw40cgCAYs0g1ECqQFeQjmhI9I5tfU
1iATmFwS3UHfzASoAUQiMw5LcKhbBejdFA0Xn0EDPWBe9j2oL0uomDw4guynUpjtgww5dCKb1EJi
1JSkR8SqaricjCPJwxCb05X7V6kR6NDUtM5OxEL9ZoE3m0PPxvf3D/SeqAwHNZIkeZxJqlQYKiYA
bEoualzoofRNKFf2Dr6IPBdgP4wAbQRtLgJFg3XVNUODh2vyodLSIECA40+Wsoe+8aMJWA9mAUzS
oR8EXoYdPRAzPllmoHF2LVXdIOV6KfKm4iNstVuPNE8WBT34tiYZFUaWkoRTj44TYgJfl0c2U0g8
iyqlkUNr5dhn2SyChsIN7GQVWNGMYNYI2hFroBRQO/lj+V2m//MSYFr1GH6Mv1+HP82imCAoX1pC
UuxSBu5Dfhu3BIS1VlGRB/iJuoQCl36/A3jUKQgPugvm5BCG8AAbJu6Ek5PnjSRe2R0xbJVPizsH
koh0JY70Wpej0yM2evvump29O383YsfD4dm702s2PL1ikJ2+P706YPAQG13CU6fsp7eXZ6dseHU5
OL2+rlf7/4PKGIrEiygwow9OUTxnLsgbky5KP2uB2iE1cMmt0CM13F0oPSyxgmwVpATfDIaE0v6R
nUn7gnQQA2GIj6nKiLNkAl535cNlMKI6aHIN4z0VqN9/Gs1ADQeg0WLhYFog9YpwZavKsqUMYFki
TleiNhtK1vT5w5CU5E0l+YwnE+gUNSfyfZmoku95WLvUyxCOKsVUKXDbAQ9zSkJ0JJCg5WCBzw+K
cFA1wcIIZWSdToGXlDdY9b46u5TuXpo7ZBFR7rslFg/ix23IVvhTyTgm+CBop9FQskJtr8lP3IuP
ZDqSQynbNImCIs7K0uqJmm6YegujNKol79kGe8CkDOu4LhJHbLIEakIzVIbs5kEssyyZyjF1o4Y3
ivY6wYdUAcJOMAsJ4AoiPHR1/oCCIV5DzIMaFmBkaZoLdAvZHFptVmSd6K+wthWqg6IhZXqgksu6
RIOP/qGecBDkzPPwJi2wD3iMVC/IAwivOJHNirECNiSTQyaJYqVX7C9KldRj7tsYJN2xQkQV1jAb
ziHetsoWO4nkrapNY1qEPk/ylw8XXUjyUg/qklHSUHNgOChK2U4ACqUpkDmi9gCdzC0kl5jj2ITJ
MlLClXRQTOlTylPUjA+vEl1UIH75qOD7OKvH7HAchiLDBjtSAQKysnnky+xywjMY5mISTpBT/MQ6
UyGGfJscAam7MrBMRJlnysj2TG+l4ha61WSZIfMDVrO0BqTGo4prWQEG3Ha7o7z2KoWl8Stmj66U
HMc0lONjYSAqWHX2FtJAsKUXlNexwfDDAZQFDBPoX7eeC2ZPaYL0niX/GvE/Yp0i414l4ylpR3u2
zo5dcFRz7k8PcYcujRBcATasqoJKGc7VoIFpHXEV9DRm+ijk9A69GmaX3K8zBPFhGA6LPHs1EMRh
BIK6haCJBfM4jGvqujKwOVe9LvW+iLI9MSMvmhGn84psCTJ2aR5aaG31bVnoeZ0NVRmfJzMqwNWI
VNkC1ThN+AxFgDYBtaWxT/kKDjNh2O9jZ+cJttPA93A6hcbN+P1ckWbsfPSBkKYgEoo9yTOG43Rq
ylV1clxRL3xNkOU1LHVEaNHKXTHJZ0fFWOUHZuEYRWVqc+iqdJ+pYWoqB9ZoyWEaycClrMFCZtI5
SW6DeRSlNPguhiiiGISSB3N5xlnKF4WnxBmSYhIJ72mjVwBGU4IyYVHzEjg6luNgmkP6nn2aRHdo
9Ql7d8L2P314d/IcZAaTBwzw/C24+ziRm5nBMHDoksC4pb7K/8ASInqElB2CpX96dVbwV8MajfI9
VYYzSRQ0IfvA8S2FYZItKmZJVAgxJnmoWrjnTZe1u9xzNUPkkKeAdxM8K/wmyC+/P1yMAGj0qJCC
3UDOSSlZGDm+FzMqC2ZzzpdgMjiKxNds1YAcQ5qKA+SLa8U9WWW68oDFrJg+UzKiqQ5p71P6Wrxs
DHpWGXeeqikXBz+uKH2dKlOTZY5YDEnSwvOxGunHlY9StWAg4uGsHCOEWMyvxsOD4iljRu3B2SnZ
ysdBlGMXnsqAo3o0qlK1MQZYdFE0FQF2iL8pQkLhK4qXWmESPBRy6DsRktlEHkhLU3UU4uaFwZON
0wyeEXml+FhRKT44IsarUGP5XXOoTUBQewhl42GYPAFOYB9FvwOwRWH8W6JpUmfGiYFaHrv4xpFm
k/S1QqqIpn71vnlClU1o4ZE8EOpTJNjSTH7ymSnpmJpIKSI4lTFEB341ZrNnbJbgfrxSPavJmlJD
9fsqUr7plns0TAM/CaMY2TZxFOd+YYzqAkMZPaM8YpP8IWX4tVh5MQwm6Jgg2qncmWZz5fTUkYri
OJtGo0ZJlkFQtRd+IKyc53BXekN7r+HhmRVS2d1McjyHdHMaaS0Cvawm1zHKJ+cRtgxBqeN7CHUv
IsTgyZYBjntS3POSgoTpCjoO5tR9trpPIpAX47NZAuNnOVGmZtXk5EGWcGo5Qz7CBz348uQSv/Ve
Uz5fhj50CrdCJtccus4t1ZgS8JUARKtr89oQaUvNS9OUjXNPqdCg8r4yJgjy+NVyClV6jkj0SFcd
pN0h2ok2a3UA/jGe8wOGx0hQfM7KNAxc71QkkGrXHHks65G6W4QrGSy4MQumlsS0+JpDygmhnLxY
4SwUQ2p5eb+o415LS1n1ps68YOWrVQBGpvg89gR0zdiy6DCxQpreU4WKqdz6qgJ1R6+h0ObjIV65
bdm6sldoEyeKB7DPlD6LKZK5IpLHwFGOSpyVx8DpZhibuJQ5etOSEQw/QBC50IAeqJg5kD4O+CkX
WUQ27ns8VcMSyCQ57qFUV5jzAEbVVkdFo8l7YLc4e3XE/kXJCsTPA5rO+gWZyuPayjCpL4CQGJg4
Jp6rZg2KxSmaDngoYlFApwidUoJMo0085wOwqnCrw5f1Egb5k+FyFkYFGb1WNR4xXNQ6sv/ePWj3
76yD5l3zwP679XcXEyLq5/u42O6gc33Ra0hXLK9a7ecyy5PLC/pgXfZwjC2gYzWTRqkHTYVBqzlL
XFLJnSxPCqdcjFCScmGCPA7wgVDl0CpQWiisVixqgC3IdPbZa3I1VBU9bzDJKVOQlM8apUa5pZb0
RTGNb8UdOL5UDe6cGxwepDSQAY1MPEjMlzKJo+dQXjrZ2pdhRPYZKSXxh2QkKX313sGewO09qafe
LaeNLEd7XXyVDzdnTBzIieY6BVeXQpcnBi0KPrtRFuIZchoVlykNQp74+jW6CP166vmZMBjPgli/
nEP40K896GULnfBrSuv65XUwkWtlOg1TMcDv6rTYMcW+ElM1u2CUJL+fmiTIUAKdcj08MxAs0998
/EJL8YuVt7LoRoQQ3g2Jl5xWSm213/SLF8tN7m062OiL7030p+HyLjB1GiEau9FoWpaN76IOTy4N
Sd3oMyGpEoHkmc0B3T1MU+NBuaf707khYgUBXOIw2RQLiLd4sIpBjNVkofoCpQURCQHPTeNaRdvP
lEzlmYcfQcEzPGiDkzeb0LfRFRfcPUMsixP+ySG5EyohleokyxiPawRCk56fufeazDNamXTT1Ekw
RsvJ/c5yaUsFnJ8x57oc0vTOqsDvv/8vEPx+3w==
===END CRASH DUMP===
