PocketMine-MP Crash Dump Sat Aug 14 11:15:32 +07 2021

Error: Argument 1 passed to _64FF00\PureChat\PureChat::getChatFormat() must be an instance of pocketmine\Player, instance of pocketmine\OfflinePlayer given, called in C:\Users\Administrator\Desktop\VOL1\plugins\MultiChat_OTHERS\src\tungsten3\Main.php on line 76
File: plugins/PureChat_v1.4.11/src/_64FF00/PureChat/PureChat
Line: 533
Type: TypeError

THIS CRASH WAS CAUSED BY A PLUGIN
BAD PLUGIN: PureChat v1.4.11

Code:
[524]         return $string;
[525]     }
[526] 
[527]     /**
[528]      * @param Player $player
[529]      * @param $message
[530]      * @param null $levelName
[531]      * @return mixed
[532]      */
[533]     public function getChatFormat(Player $player, $message, $levelName = null)
[534]     {
[535]         $originalChatFormat = $this->getOriginalChatFormat($player, $levelName);
[536] 
[537]         $chatFormat = $this->applyColors($originalChatFormat);
[538]         $chatFormat = $this->applyPCTags($chatFormat, $player, $message, $levelName);
[539] 
[540]         return $chatFormat;
[541]     }
[542] 
[543]     /**

Backtrace:
#0 plugins/MultiChat_OTHERS/src/tungsten3/Main(76): _64FF00\PureChat\PureChat->getChatFormat(object pocketmine\OfflinePlayer, string[7] rich oi, NULL )
#1 plugins/MultiChat_OTHERS/src/tungsten3/PopupTask(19): tungsten3\Main->ShowChat()
#2 pmsrc/src/pocketmine/scheduler/TaskHandler(137): Tungsten3\PopupTask->onRun(integer 1)
#3 pmsrc/src/pocketmine/scheduler/TaskScheduler(179): pocketmine\scheduler\TaskHandler->run(integer 1)
#4 pmsrc/src/pocketmine/plugin/PluginManager(654): pocketmine\scheduler\TaskScheduler->mainThreadHeartbeat(integer 1)
#5 pmsrc/src/pocketmine/Server(2389): pocketmine\plugin\PluginManager->tickSchedulers(integer 1)
#6 pmsrc/src/pocketmine/Server(2152): pocketmine\Server->tick()
#7 pmsrc/src/pocketmine/Server(1992): pocketmine\Server->tickProcessor()
#8 pmsrc/src/pocketmine/Server(1586): pocketmine\Server->start()
#9 pmsrc/src/pocketmine/PocketMine(311): pocketmine\Server->__construct(object BaseClassLoader, object pocketmine\utils\MainLogger, string[36] C:\Users\Administrator\Desktop\VOL1\, string[44] C:\Users\Administrator\Desktop\VOL1\plugins\)
#10 pmsrc/src/pocketmine/PocketMine(341): pocketmine\server()
#11 pmsrc(11): require(string[91] phar://C:/Users/Administrator/Desktop/VOL1/PocketMine-MP.phar/src/pocketmine/Poc)

PocketMine-MP version: 3.22.1 [Protocol 448]
Git commit: 9477034a4ae58cc5c12b8278c14a8e46a43992b2
uname -a: Windows NT HQDATA-788 6.3 build 9600 (Windows Server 2012 R2 Standard Edition) AMD64
PHP Version: 7.4.18
Zend version: 3.4.0
OS : WINNT, win
Composer libraries: 
- adhocore/json-comment 1.1.2@fc2f76979f0a44a5f5bc2a2b600d0762fe0e78e7
- daverandom/callback-validator unknown@unknown
- pocketmine/binaryutils 0.1.13@0abee38d4e2861621f262c79a2a3d699d8a697f4
- pocketmine/callback-validator 1.0.3@64787469766bcaa7e5885242e85c23c25e8c55a2
- pocketmine/classloader 0.1.2@9757928424652393b178a3760073113aa7c9911b
- pocketmine/log 0.2.1@830b44a2cf96ef703c550abe64302f230231ca49
- pocketmine/log-pthreads 0.1.3@e477ecf6ec214fdd4415ea1da3fdd9d73bf699ea
- pocketmine/math 0.2.6@43057cb8c179a9859677b496a788db922fd5cfc3
- pocketmine/nbt 0.2.18@9f82ca4d7f97fcd9a566e44b63c4f18a7657ae82
- pocketmine/pocketmine-mp 3.22.1@9477034a4ae58cc5c12b8278c14a8e46a43992b2
- pocketmine/raklib 0.12.11@9cce458b8bfde3e4dfdbf70c659fc7b7fe26b5c4
- pocketmine/snooze 0.1.5@70b5e7937a06878dd321a3182ceb76d56298f2cd
- pocketmine/spl 0.4.2@6b08b7cf8c4afa17139c9a1b3bf1b408531de161

Loaded plugins:
AcidRainVictory 1 by YTBJero for API(s) 3.0.0
AntiTNT 0.1 by Adam1609 for API(s) 3.0.0
AntiToolBox 0.1 by NgLamVN for API(s) 3.19.0
AntiVoid 1.1.0 by FiberglassCivic for API(s) 3.0.0
AuctionHouse 1.2.5 by Shock95x for API(s) 3.0.0
AuthUI 1.0.0 by AytgDmr1 for API(s) 3.0.0
AutoClearLagg 3.1.0 by Twisted for API(s) 3.0.0
AutoFeed 1 by Ghast Noob for API(s) 3.0.0
AutoFix 1 by Ghast Noob for API(s) 3.0.0
AutoInv 0.0.10 by JackNoordhuis for API(s) 3.0.0
AutoSell 1 by Jero, Cur for API(s) 3.0.0
AutoXP 1.1.0 by JackMD for API(s) 3.0.0
Banking_vonfram 1 by Noob for API(s) 3.0.0
BetterVoting 2.0.2 by Twisted for API(s) 3.0.0
BlockCMD 1.0.0-beta by kenygamer for API(s) 3.0.0-ALPHA10, 3.0.0-ALPHA11, 3.0.0-ALPHA12, 3.0.0
BlockPets 1.1.3 by itzmade for API(s) 3.19.0
BlockSniper 3.2.3 by BlockHorizons, Sandertv (@Sandertv), Chris-Prime (@PrimusLV) for API(s) 3.2.0
BossAnnouncement 2.0.4 by XenialDan for API(s) 3.13
Boss_Quai 2.1 by phuongaz for API(s) 3.0.0
BuilderTools 1.2.0-beta4 by CzechPMDevs, VixikHD for API(s) 3.16.0
BuonLau 3.0.0 by AmGM for API(s) 3.1.2
BuyFix 1 by phuongaz for API(s) 3.0.0
Buy_cmd 1 by TungstenVn for API(s) 3.0.0
Clothes 5.0 by TungstenVn for API(s) 3.0.0
CmdSnooper 1.0.0 by HotshotHD for API(s) 3.1.1
CrashTransfer 1.0.0 by Xenophilicy for API(s) 3.0.0
CustomAlerts 2.1 by EvolSoft for API(s) 3.0.0
CustomItem 1.0.0 by Phuongaz for API(s) 3.0.0
CustomShopUI 4.0.5 by SaltyPixelDevz for API(s) 3.0.0
DEVirion 1.2.7 by poggit, SOFe for API(s) 3.0.0
DLevelIsland 1.0.0 by Nguyễn Công Danh (NCD) for API(s) 3.0.0
DancingFarm 1 by RicardoMilos384, DontTouchMeXD for API(s) 3.17.0
DevTools 1.14.2 by PocketMine Team for API(s) 3.13.0
EconomyAPI 5.7.2 by onebone for API(s) 3.0.0
EnchantUI 0.6 by UnknownOre for API(s) 3.0.0
EnchantVipUI 0.6 by UnknownOreforsource|RBpmmpformod for API(s) 3.0.0
Eternity 1 by minefore and shin1134 for API(s) 3.9.0
ExtendedBlocks 1.1.5 by Javier Leon9966 for API(s) 3.14.0
FormAPI 1.3.0 by jojoe77777 for API(s) 3.0.0
FormImagesFix 0.0.1 by  for API(s) 3.11.4
GCPClan 1.2 by InstantlyTa for API(s) 3.0.0, 4.0.0
GMCDetect 1 by TungstenVn for API(s) 3.0.0
GemUI 1 by WoolChannel3295 for API(s) 3.0.0
Giftcode 1.0.0 by  for API(s) 3.0.0, 4.0.0
HuongDan 1.0.0 by YTBJero for API(s) 3.0.0
InvCrashFix 0.0.1 by  for API(s) 3.14.0
InvSee 1.0.0 by BlockHorizons for API(s) 3.0.0
KeepInventory 1.0 by KhoaGamingPro for API(s) 3.0.0
KingofBlock 1 by YTBJero for API(s) 3.0.0
LoadWorlds 1.1 by shin for API(s) 3.0.0
LpkCuaHangUI 1.0.0 by phuongaz | Moded by LamPocketVN for API(s) 3.0.0
LvPickaxe 1.19 by PhuongAZ, K27 for API(s) 3.0.0
MS_NV 1 by YTBJero for API(s) 3.0.0
MSpawns 2.2 by EvolSoft for API(s) 3.0.0
ManyWorlds 2.2.0 by aliuly for API(s) 3.0.0
MaxEnchants 1.2.1 by Xenophilicy for API(s) 3.0.0
MenuAuto 1.0.0 by JeroGamingYT for API(s) 3.0.0
MenuPet 1.0.0 by YTBJero for API(s) 3.0.0
MineLevel 1.0.0 by TungstenVn for API(s) 3.0.0
Minion 1.0.4 by phuongaz for API(s) 3.0.0
MuaCoinUI 3.5 by BlackPMFury for API(s) 3.0.0, 3.2.0
MuaKeyUI 1.0VH - RBplugin by Ibenrm01 for API(s) 3.0.0
MuaKitUI 1.3.6 by Infernus101 for API(s) 3.0.0
MuaPointUI 2.0.0 by JKPVN (JakayPluginVN) for API(s) 3.0.0
MuaTuNhanUI 1 by FurryJaki1992 for API(s) 3.0.0
MultiServerChat 0.0.2 by tungsten for API(s) 3.0.0-ALPHA12, 3.0.0, 3.0.6, 4.0.0
MultiWorld 1.6.0-beta1 by CzechPMDevs, VixikCZ, fuyutsuki, kaliiks for API(s) 3.20.0
NameSpaceRemover 1.0.0 by JackMD for API(s) 3.0.0
Napthe 0.0.1 by hachkingtohach1,tungstenvn for API(s) 3.0.0
Netherite 1.2.1 by Wertzui123 for API(s) 3.0.0
NoFallDamage 1.0 by DeveloperNeb101 for API(s) 3.0.0
NoTP 1.0.7 by awzaw for API(s) 3.0.0
OreGenerator 0.1 by phuongaz for API(s) 3.0.0
PCEBookShop 1.0.3 by Aericio for API(s) 3.11.2
PHP-Sell 1.2.7 by Muqsit for API(s) 3.0.0-ALPHA9, 3.0.0-ALPHA10, 3.0.0-ALPHA11, 3.0.0-ALPHA12, 3.0.0
PM-Beacons 2.0.1 by jasonwynn10 for API(s) 3.0.0
PayPoint 1.0.0 by YTBJero for API(s) 3.0.0
PiggyCrates 2.0.9 by DaPigGuy for API(s) 3.2.0
PiggyCustomEnchants 2.4.1 by DaPigGuy for API(s) 3.19.0
PixelgamesToDiscord 1 by ImNotYourDev for API(s) 3.0.0
PlayerVaults 3.3.0 by  for API(s) 3.0.0
PointAPI 2.0.9 by onebone | Edit By Nờ Cờ Dờ (NCD) (Danh Miner) for API(s) 3.0.0
PureChat 1.4.11 by 64FF00 for API(s) 3.0.0
PureEntitiesX 0.7.0 by milk0417, RevivalPMMP for API(s) 3.19.0
PurePerms 1.4.3 by 64FF00 & ProjectInfinity for API(s) 3.0.0
RandomBlock1 2.0.0 by Edit By Nờ Cờ Dờ for API(s) 3.0.0
RankUPUI 4 by YTBJero for API(s) 3.0.0
RebirthUI 3.0.0 by YTBJero [Edit by NCD, Ghast, CurlliestDrake66] for API(s) 3.0.0
RedstoneCircuit 2.0.0 by tedo0627 for API(s) 3.6.0
Report 1.3 by ImNotYourDev for API(s) 3.7.0
SEnchant 1.0.0 by NamVN for API(s) 3.0.0
ScoreHud 4.0.0 by JackMD for API(s) 3.0.0
SeasonPass 2.0.0 by TungstenVn for API(s) 3.0.0
ShopGem 1.0.0 by YTBJero for API(s) 3.0.0
Shulkerbox 1.1.2 by UltraFlappy for API(s) 3.0.0
SimpleAuth 2.1.3 by PocketMine Team, shoghicp for API(s) 3.0.0
SkyBlock 1 by KhoaGamingPro for API(s) 3.0.0
SkyBlockUI 2.0 KSCore by KaysilGMVN for API(s) 3.0.0
Slapper 1.6.2 by jojoe77777 for API(s) 3.0.0, 4.0.0
SlapperRotation 1.2.1 by jojoe77777 for API(s) 3.0.0
StaffTable 0.4 by GigantLeyKey for API(s) 3.0.0
TimeCommander 2.2 by Zeao for API(s) 3.0.0
TradeGui 1.2.3 by Only FurkanGM for API(s) 3.11.0
TradeNPC 2.0.0 by YTBJero for API(s) 3.0.0
VQ 1.0.0 by YTBJero for API(s) 3.0.0
VanillaBlocks 1.0.7 by xSuper for API(s) 3.0.0
VanillaEnchantments 4.0.0 by TheAz928 for API(s) 3.0.0, 3.1.0
Warp 1.0.0 by  for API(s) 3.0.0, 4.0.0
WorldProtect 2.3.8 by aliuly for API(s) 3.0.0
essentialsTP 1.2.2 by  for API(s) 3.0.0
fly 1 by IDontKnow for API(s) 3.0.0
iProtector 3.1.1 by LDX for API(s) 3.0.0

----------------------REPORT THE DATA BELOW THIS LINE-----------------------

===BEGIN CRASH DUMP===
eNrtfXlz20bS91eZV049kfcVKQK8teWUZUo+1joYSXa8WaZcQ2BIIsIVHJTo3Xz3p7tnAM5ACg+Z
zj5/JFWxiAam59c9Pd09Bwb/3ptEScCzz3ORpF4U7h21DvYyLxB7R1bH7vWtVrtp15udds+GG3ks
b7XrVrdvdzv9VtNudLq97sGez9PsNEmiZO/o33vZIoan9m7gj6Qd7AUiTfkUqcfJNA9EmDGLxTxN
hcuyiH3utF6/bjRGo2GeiMGMZ8tfR0dTkeGP14R0/zkL8jRjY8F4yLwwzXjoCBZNWBw5tyILvFBA
YZ8vRHLwh/cvJxMffsjH2NSbi/CAOdz3AY4XssHRaPQhBZWMRsculPDSLOFZlIxGJyK9zaJ4NPp4
eWaNRrGfT6GO0eg89zMPUX6+vHl7enU9GqWJMxpleThNMxE24QnuhfV4FrMoZFg363ZAL5Pc9197
Pipm+0oLFX2eW/VW3bJUpSuUiQCwVlmjYnRY5XMIbA4Vl/Jm+QPKI34wg2YTjCXhDvz+196zBiv4
VZVB/EpVHKIm9rud50ermr32g9ns0fhX4WR/3IgHDNTlhdN/dX9hiefMWOQdsIsPZ2fsOQB+Zm0K
bhjFeXzD09t9qw8IKw1Y++F6Ft1h6X1ia7M4wPL4/xLaYerMhJv7IjlETm956MLvfavZBY43S45l
XbUfovAqD/e9MBNTMEiLmDc3YX5dXO1DnwT2uoLKJ0cjDUfth+RBVa3Hq5I6OxzSn3MeQg9O9jvt
1up6Ski1HwLQ2c0sEdx9K3iSjQUozqy5/XjN1yIBl7RvN3tVoSQm7OIaqNoPmecsK04rlXRWV2K1
7Uol8o7kKlu6u5KF1e+vYjFMIgccYJRIXr3VvNq9zh/wAmeWKMvrP85jSD/P4ed+07L+gM3nz04E
jjHJnbJfveKpGIATT88i7mJveqS/5Znnp7IfnEXTqdbnmp1fNveZZalW65cneFrZnRvrxW9VxU+l
fiUDSzLYJyUl4rfcS8S+Ata3fmHxjCdHh4eDo0OCd2igO1TgDhGbVmntfFjHgo/Aer73y+8He+Kv
ELl9iNxVsAL9SyafvXAe+XOBOgbOLjS9g0/Ku0DRSjuRK7DB2nYLbjD1XyKyPAnZd9Jg/g7Pte22
uv87XXXgin50Ffnwb3+j617B5m/sZcwTHjCl4u9i+ksP9R889F1hHnC72XhwO4Q8gn3ni7nwL3gg
n7K0pxTgwLsXLt20y5uHdN1U13E+9j2HTfLQySAhZKZlmVAPSlQHWt3sBaF5TmwLpf2brtqaCr+L
Eg+0zf0leyj5XTbzUor9lw9u7y+rLSt7TrpvFtpudvUanEc48zj2F4PIjyBIPAJB8ettxGY4uOFT
YLN84GC1ahT3vkLbajxiUktm9HDL0s2qZRdFm5pZ/f5XGvZXGvZXGvZXGvZXGrZBGnawNxWhSLiP
YT3EYAkBXy8LwMbQDss5kb1m3bbrFtJzz3f3jqxeq3Ww56WfXTHfO5pwPxWQPSRRFjkRsG21elCJ
h7lFv9XtNpot3uKi3XOctmPZ457d7TlWi/dEq8NbTbDZsQ28c4XlJy90o7uUXdywtz+eHN8c17q9
HuvUm4xqZ/1Oo8H2i6ekMTG7YdnsymbXkMu5PHHZqeth/H7Ojs9POi1MbmDkf7TXxZypB5dfROiS
ZK16Q979HKVY+7uLixsg0MUdZEOYAgVxBNr/7HvjhCeeSFFz3J2BtIk4/DWNwho8o7Ipq27V7ZcT
x550O/1uf9LgrRZvT9pjx+b2GLC7jW7HnoiG6PZEF9i7HAQA1FFwiOnlmDu3tTn3PRebGBjm4W0Y
3YUv1V8Eu2zSMYTvZEFdAh5tQN1W82WDj4Vo9tyWsHsdq2NbE7tjO90+t3nT7fT7bo8DtEnLZPVo
5Va9UW++7LS6vW4LynQ6Y4fzLrRlDxJCW/Tajt107LboOe02tysMsSP71JEVNvtlv9vu9u1ey251
2naz3xxb3R5vdkEtXXAUTeDt9PuWNTY5+dGUOIARvuw1G2PQqO1M+h0xAeOCmlHgTqvZsCc2/NO0
HN7qP+BQizMKAYWimi8FGKdwJh3h2FZr4rqtltUW3HJ5Ey76brc5noC2BDdZQRowU2g6L6HSdtcZ
gz2Devu9dr/T7Y5b/Q4Hm3XHfdueuG1n4jRNFuE4K+TpvexPejYAdrsTaBPH7fN2pyNarXGn6bQm
Vo93O+0uF72Kcpc/a0FcdtGXW/Q3jVnCb8G2pV6AC7BxHNFq98a98cQVTdFyJ+4YdO102v2J0x13
J8LujNtOxYLSMIq+CKXe9stuY9wW3X6zyxudXrfnuk3b4k0LpBXjbsdtd+x+b2I7boVJ7BOHFlhL
Z9zojbvOpOe0+IRbXavZd/rcGkPDWONWowc5viusjrX3ezm2ob557HjuFcSHj54DZrzQHF31zsHe
0suhg+N5NoPUGDPJf968+odIInSYPPaQ0oTO0MBrEfIxjAP3jiB4gedzRQzeBAvBvTSaZCc6AZMP
4M6duQxaOCSDToFe9/L65qfLq7MTIN2JceplCBHT2eMw827AD2nAFUUH3KhXIB+7PLA6jf6uMKtK
q7ivb46vbj4MH0cdRf6r6L6KXFFXor+YnvHg44UB3uo/Hb3iByF9iWA0kpnFukaA6DXLx3Vw64cF
LCXgx8hzK9IRybAksP+GKdxrbyySKXrEgTf3nF210CvwaNnsht9CwuAvXlE0kAIjqOWvdfLOsixO
IdHQ5H6M9WHJD7WR0xD5bZSnQteITja1YtfbplZgGOPc9tv3X6eOvVNIJKNgcTx8B+zfhfNBwtPZ
a4/YKkWlqqbRiEt8M8QHCjLRru+ZAP7DO0NcIpiCNqrNf7zIpidBYu3MmwA/F/ihAFh/8XdDEaKB
DwOhMz6dmpJodF2g5kN7vrmDLBRA70ieTLLD1oEkEkH4AIKkMjBta8QK5nG68PPgfHBo8lPKeC2E
W9EDkVYEhzcznmbsIorGO/O1qtYtggSW8O6ryL37/wJw73473NBJK7iRYoYHCBAVo/sHpKcAPXFn
uZfuCv+vwDQsmEoD9MK5ND0JaiOJroXvV0Qi0oq2wPTigA3yZJdNkUKl27XFp2EF96fhumiGDXF+
sivYkpvU+KfhZuAf6euSzaGSAIR7xUMMXp/nUThJeKBJWb2zopF22VWQ12iElW/eQq9ElonkY5QB
Xl0CnazDtwGg/Q189d7Qm04XgzzNouA0dGY8zNK9Rxz4mIDNCRjIasJcL60PYXoApqVJWpAehNga
1MVNUW9FuJhCuQddqnZ8Nnx7TA5Fv7Yq13Zx/eSETKEF0Ze4NxN7KLK0KjfRqp2xacrsZV8CyGl3
ljdTxW+jxPsS4UxXiWPT3LkU6Dr0YpFURVJUM7+wq0IZIODWNQ+h6mzO9l8WP3EGbTBLvLQ2TLxA
wB38m6dnH58burC3NvXzxdCPsr3VKpFybKWUKE2PwzDKQ0etvS01U71V7dItUz2fROhx/4SHZqs3
n9rm98TP5SEIV4GyrYSff8y5VxFN0kyZKn42nuVROOVfduVrC34YVhKOIKRoG4mBE40iwTGj0SN1
cnVkI71RpZkGX4QzG56fiDkW+Ojde7dvzbBpdZ4uooPc48AF7uB3JbgMwYGkJtRtQ6mG+9BgRcqJ
wjOeG3qRFLNLPxwDBW/OTdkhUD1R9PEWOc6rfGGmyYqwIujv2hhljVtB/uwEromZKCtAF0t6H8Nd
wZYcsd7NoQ/Ac86E3m0Kig69/WA8+Y3AI8fRSEEof2wkSOBew7jAjGAacc2I/22UpbMoq3b3uvXk
3h64qawaxNBhrJcEp0NuEh6mE1MYg75GHog4UTzzfM9Z7KqFNJYgkg6mcrmRkJSZHvvgAg3j08kr
A9DpPPKvAemupNNrBnlMHCtmUgt3fHd3VxeACfnXs9uljO8yETyQkIhrmnC4Y6+2rHkL90BlrmdR
bMyiGWRdjBYArE4acj9bDL174UN82pkwJteiwSSiuT0a4a9NIim0XIqsYmRVn3IU+uT0o5eQPKXA
JamaR3QrkSia4koqJMCXr8XOciNiOhrNCcJoBBmE+qXBWjPZf3KGu3repT4P9ThlkNfY48U0X4xy
SzjtkA1GeaMxaYVTBkntjO1fDE6ebyWuOQmM23Xw18rlgXwhwgH0CKwRRDeRr7VkKOXAqPY1T/Te
qFNXxOorz+GJG517fpQ2e5g1nkRhdhPlzuxcfKrEjO7TW9rgCjIu0RkXG8kr5tWEuCRVRqit6gzE
cn8BuxE8qAxavkI8BQD3acwrye4q36qluktohyUPkFazpqW8honpyUy3KnAUijH8v6sOq9iNRkIi
AJ6jkYFmbfOpORvD6y5p5sxrxxTmg9x5cJnsTJ4lRxCjALF5EFFFPnrxY+JI8oYSTYAS5Ykj/nP1
Kg6CGN8Hitzdy2mVghK8LWTNRBJ6mb6IXZJWOBhcSwdZcAu0y9KZF1pWs2WI9RUzRAXz0SiYbCHJ
PWTjrnBp9kR3I5Ub1emudnXuee6JhJ2JKOz3Ox3Tl7S+ZhYa+RZsobkMVJuLWYSepXwFxRSsWQ2H
v0a/RqKL/+1saaPkOBopEOWPTUV5F/CpSM0BtEl/sGpjiGU0j1VvPdnm8t9SzFmwg3pU92SbEfWb
wXAAkV0ToqBUEjCzTd7R2wGZv7jhDxrlgJLTJzeOV7DOOEjlcMfH2bfXg2OFapNME4rFoj4PScLz
wYnIcCe/JmNJ+2/MG0wDx6Xat2gmERguXV6vAP8TBOwBuNVQ+E27396VBG+2GdO88SZZ8Z5Egbsg
rU6Bd2xSNzy8idCKsPoBVL+5DG9zmQhrMpSkNWn8jjdKFdVujl3f8bGEr1O3cFFfEUEKF+WFcwdr
Jge1+eQ5AL4WwpQACWvUb66U7GrC0lzwkEi2Eea9EDGUEmFlA55Jr4hmCvZ+FvE3HHKN6XB31mUw
HY0MOJtb3HsoH01ISbpsGvXP21j4/vLV5sCxAX+KEt/V8y+NWMm9TOCYRu4K9bLOzdf7ceDmxPOw
nkUxCRPfDnL+lodTI2YY5DWdp5joZ/9h5+AvXTZesDMeyEFhZS/i2hmIZWY1jLwwkz+NUdofrKGv
X8MqBdqiqedDz7nl97pHWdIqDd1/bKbw+OcD9t7eWTZaVr6NHzm//nzxUZNAXv95vYvqG42ozg3A
xvwuTA24kmLOPNvfduZZVQqmUtb+tPnmcx4uHngLjViRqtq5uO/l/s5WCyQ3GHJC/XdbeA4pyH3Z
33RJltTqNKz1565+aFCMi42EE2GOm550yQrSGveHPUVGw3/e7Mz6VN1btA6UGIqsgh8pf27mqdiB
icUAvoSwHr8XCpo81iUoaWtk+LYLnzqMTeQwFykUoSpB69sulg/Ojk9oS4Osfgs7yvkAAq+RDCxp
5u6EdjWJ5s7t8Px1niweGec/YQ+R1h9y/rMT4buiJ5F344ntBHovFlV5JKnSKB/fshq7eqVe4Tfn
MMYiTILGzvaeF/zwSIMSzEayeNkDWbzsw8OJsU51EmYikjBPrR3KsGQJgwBvq9lngE35XVWWgljd
ulX1ue+HHy/Y/j/4LV/It4c/Xjzf2VZaZE4Ns5U8N/kFhJuqQCV1RboFPSZZgCwevnu8KykMpiRN
AWUbqfzMk2+H0lEWumTmnerkQCU7K969/4Mdpcsdo/Jv52sncSrv+m8sK+VkVTEl0exfHbVXzVq7
V23wMx3RtcizNL/F/Xu3kIR5t+Ysg93Y0Q62AAFTZqcOSynAf83uNY0RKAoPoYCc2BFXIojmxmaY
B7fWpU7fZAt8FcXmNnDB42wmDIGIsHrqa2/GnRluhc8i/GUdFNY331k6UqkBZURgxd+NZBPwYELX
S/FK2prU/SeRZF9yz7Kbu5JoyRGEKGA8+bWFJbfDpUwodPSa+/4JD+hQpKXcOnnl/NkJ5n24R+xC
jHcYOitsQQUaoi3sNboZGmLdDB90ucpeGH73hd/tbDiJzEajMMriJzedBATCXCbiDR2qkEW6TzHI
K999/Xa7n3UM20y8DAenr6LolrY9aQdFaNRqa1V28B+DJTueOTiz1m353XaGTFUyGmnAjIsntKri
eahxOSSNvB3WKm95laQ1u7jOaWXg8QyiX3kF5Zu/ooKA8RCezfvq8Lz2SnA8rUWXfUmsZrwV4/6V
p1F4twhDq7G7l/ZKlvjKEcLAl40KOOslgtwb03VdnoL0X5p0iOMtGoR6CfRpY6O1Tq02SWWC94TD
w2/yxVe+KLP6nbCiEuiQS2TGxRN6Z8H0UGNzuNSJiaWqG/OuqaNW1Wwf1dHXvFhV1YeB5lHi1+vH
YKf0dC98fEcuvYlOvNSJEtfQ08O7K4Z/74KLKPtnlCeQFexsbK7xBK28KYHQxUbv08nD2D5ySP4N
I9DJ5nxQc83K/FcuCctT8eZUc3H2ZIljvTjFcpJ+YlO5wrSyo6udg+w/dCISe7VgF7jl1nVxxy39
PVF/acst26fttzhtmDzf+e7FGEHT3kUN/nrpi9MoNemXB1TqvhrPwzTFlyf7bbeMh8yHIgkeSTz2
XnM6LiLFFemDvU9i7kV5OjytFXTN+604VfAJ3ZpAVY4ALZRzGmZe5on0U0VDS7qZe3arIS3w/NtG
y8Kk5QpEmnN/eH4+3JnfSyRP3F4JNgDAhAImNVLA3Hrrrob10JRXKUa2oqkUSavaTfMxs2H/w6Cd
8QC6d+HEox2XO+oRhm0QIu3nDqxD8gEtXNHBYrQlwdIUYZDXzFeu8Ru7UokGafM8CArdfhga85Yl
yXiL5JumcFhlHufeFrjF2EsqB8ksaWveo1To2b+oZcbQMoOTA0YHe9BpEr4PfSA7Sfit6HR+2ZmQ
wgsdnoQ82+aMkivhQgISioGXOLmXGeKad9ZYIdQaNTqVzQidr/FJsvpNz7a6EnGUmPiJUFm62DA7
6j4h036Yl/1RyiShFX83aaZrlSFq8pWkdS/xPDiz62sOyJAHdm1qXdd4AOPbXM9fS1L1JbI/Zfq2
qH0LEQSOZIc81eOURlzTLb7t6vESh/57I7FmUfzGeE2xoPxXRtefndl0izaZ5f6tSMbGMXYasfqC
QmXB6IOfJfy1z+N4Z/mCxhLfRCQkdJrdxiJ5QewLPCNMF2lJrLwZW3Vk1fe3DvA8tenMc+KdvX5Z
YgEBdVxPfptL44IKuF1Ut2uWpBXj2x3uQa3sBJRAIQItND8uDx6BZpUHkKyNSoUIRiKhESveg72/
HoCDqojIF6nnvznfnRdfAtjCQNG4jQW5glJdvLQ3fmvmKxdiUwngyasDS2SHhSxLQa+ijGfmbpvq
nTXrWrt/XagCYIvGy/hkcoMV6uIsiebws5KMv/GmkGacicV7sTN/mWLdm+O/8QIxiIKADhbSRDDp
K/dw/iz4zoLW2cmn0cio+8k2CKxq54Ph6aEpCsqccFe8yfWTekpS1fIq0eAy9BfsdZ7c8rB6oov1
VZs+iCGIjji2aD18/GI4qEqCpDXp046zjaLazbF//FFDDRd/bnb08cctkPLQ833+4OVNk75mBff+
Oo9FsuV7/ebboasOsSLuo5EBqXK5hahqAIRnYD0isHF3zWDjZiaOv/Tt3qNbC7+iy8wllNFIRfWt
T0dVuA4fkwkU8RNP9MVfuvxTX2g72aIr0SYfyNIqr0AaZNMdNOu9P2PDOm1piiWCTaYbHmmo89xL
Jp7wXf3c9+JTMlki8FR6GLQlh4a0+MGtNMXJVu6nxm4Lg1z19va3WAjRaxyNKvWvbduJr79Dhler
1qTw0Iv3YbSzrSKv/S1eDfOU9o2NIBqxeq5yBTwE7J2mEcuavz6H0KSgA/fxy1sCrK4yRCw+P0Ku
mrZZ1sH6wTPTJP/R3rNhecUGUTjxpgy/cTZKRuGz6zxkx/mU9ZhtHzVaR60u+/+NLrMbtoX3fR5O
cz4VL0Q4xesgytwXeHIM73bkH3+UNxtWg8mrSQ5/7W4L/m2O+/QvZ8vnW/3mKLfcRgN/N53yKbs/
wX97E/YIbwIi5arh/NoLq281bSTezUCHNd9LsxcNvObqFMWaXP2rcWfmCfnZtfQF5NfIB1/QqSnn
AEYhCwb8XpVJXzSJgjN/QeQKeX8SJcC1pEWQ6wIVVO7i/FNxHc9jVYvrTSaek/vZ4gUBnRYbgmqp
yPBo1vQFaRd3dtXQZF/IbZglLRXC1R7Br/e9eH12fIMkaZq133KRLFR9ipTAgLcAg7/r+DU/4Oy+
+Bv9BxrKs6iW8rlQBeeeuKu5nvwi34seku7H0X0NO0jBSaoMAlYA7sMkBtG4pBhflagvAvyqxDOG
XYA5ZHR5QqMcsj0GGmWGBYMtMgiPqWCFihhPBMtmgsGYPYUfPGMOtjB9aNALHT935acBH9g88rqO
AvrEYPaQZ8on4oDhuXRJiizZOBH8li2iPFG8mDdh0NIehACsARoZv9gHXgkYX4i7kt2hKya0qMzu
ovD7jOFwjicMtRyAsPiFlwUixG+4SbnvZiJkeTyFxBUY1EchmrZkdjQKGXv204z2JOIXGMFluwxY
qA8ngQ7weDYfFwTkbYIKWRYHxqBPX2SkLzxdyhFsRt/9QkqAnKUNFx36iNFXhPBGOsszN8LWlB+Q
O2KjPfWVH0J9zxJR+zUCMcDF/7/RHsE89v3ojmHXA2TFR9bY3OPsR7RLfIYMtAiaRwwdKRU9JWNV
Zei4FOxEDJoPNITcxgum9IrPK9sub2vIn/0ESRSYByiZuy7ATGVboI7x+1ssEDzNE3IAKMtYIGjQ
lPgt5z7qkD4zyebczwXbV5WC83uO3GWN0KtoVr8GbYAfvzqC21T3RR6MQUVgYsfpInTwC2hgBckt
GFWdHviAH9JEOy8kxcdmSQQ+CpoSHk8PGHV7ptwDdI4Dhh8/AkEwYJFuIFIgLchDMCd8RDK/prYG
mcDkkuge+mYmQA0gEplxWIJD3SpA7yZouPgMGugB87LvQX1ZQsXkwRFkP5XCbB9kyKET2aQWEqOm
JD0iVlXD5WQcSR6G2Jyu3L9KjUCHpqZ1diLm6jcLvOkMeja+v3+g90RlOKiRJMnjTFKlwlAxAWBT
clHjQg+lb0K5snfweeS5APtxBGgjaHMRKBqsq64ZGjxckw+VlgYBAhx/spA99I0fjcF6MAtgkg79
IPAy7OiBmPLxIgONs2up6gYp10uRNxW/wVa780jzZFHQg+9qklFhZClJOPHoOCEm8HV5ZDOBxLOo
Uho5tFaOfZZNI2go3MBOVoEVTQlmjaAdsQZKAbWTP5bfZfo/LwGmVavwY/z9OvxpFsUEQfnSEpJi
lzJwH/KTuCUgrLWKijzAT9QlFLj0+x3Ao05BeNBdMCeHMIQH2DBxL5ycPG8k8cruiGGrfFrcO5BE
pEtxpNe6vDk9Yjdv312zs3fn727Y8XB49u70mg1Prxhkp+9Prw4YPMRuLuGpU/bT28uzUza8uhyc
Xl/Xq/3/UWUMReJFFJjRB6conjMT5I1JF6WftUDtkBq45FbokRruLpQellhBtgpSgm8GQ0Jp/8jO
pH1BOoiBMMTHVGXEWTIBr7v04TIYUR00uYbxngrUHz6NZqCGA9BosXAwLZB6RbiyVWXZUgawLBGn
S1GbDSVr+vxxSEryppJ8ypMxdIqaE/m+TFTJ9zyuXeplCEeVYqoUuO2AhzklIToSSNBysMDnB0U4
qJpgYYQysk4mwEvKGyx7X51dSncvzR2yiCj33RKLB/HjLmRL/KlkHBN8ELTTaChZobbX5CcexEcy
HcmhlG2SREERZ2Vp9URNN0y9hVEa1ZIPbIM9YlKGdVwXiSM2WQI1oRkqQ3bzIJZZlkzlmLpRwxtF
e53gQ6oAYSeYhQRwBREeujp/RMEQryHmQQ1zMLI0zQW6hWwGrTYtsk70V1jbEtVB0ZAyPVDJZV2i
wUf/UE84CHJmeXibFtgHPEaqF+QBhFecyGbFWAEbkskhk0Sx1Cv2F6VK6jEPbQyS7lghogprmA3n
EG9bZYudRPJW1aYxLUKfJ/nLh4suJHmpB3XJKGmoOTAcFKVsJwCF0hTIHFF7gE7mFpJLzHFswmQZ
KeFSOiim9CnlKWrGh5eJLioQv3xU8F3NapUdjsJQZNhgRypAQFY2i3yZXY55BsNcTMIJcopfWGcq
xJBvkyMgdVcGlrEo80wZ2Z7prVTcQreaLDJkfsBqltaA1HhUcS0rwIDbbneU116msDR+xezRlZLj
mIZyfCwMRAWrzt5CGgi29ILyOjYYfjiAsoBhDP3rznPB7ClNkN6z5F8j/kesU2Tcy2Q8Je1oz9bZ
sQuOasb9ySHu0KURgivAhlVVUCnDuRo0MK0jLoOexkwfhZzeo1fD7JL7dYYgPgzDYZFnLweCOIxA
UHcQNLFgHodxTV1XBjbnqtel3hdRtidm5EUz4nRekS1Bxi7NQwutrb4tCz2vs6Eq4/NkSgW4GpEq
W6AaJwmfogjQJqC2NPYpX8FhJgz7fezsPMF2GvgeTqfQuBm/nyvSjJ3ffCCkKYiEYo/zjOE4nZpy
WZ0cV9QLXxNkeQ1LHRFatHJXjPPpUTFW+YFZOEZRmdoMuirdZ2qYmsqBNVpymEYycClrsJCZdE6S
22AWRSkNvoshiigGoeTBXJ5xlvJ54SlxhqSYRMJ72ugVgNGUoExY1LwEjo7lOJjmkL5nn8bRPVp9
wt6dsP1PH96dPAeZweQBAzx/B+4+TuRmZjAMHLokMG6pL/M/sISIHiFlh2Dpn16dFfzVsEajfE+V
4UwSBU3IPnB8S2GYZIuKWRIVQoxJHqoW7nmTRe0+91zNEDnkKeDdBM8Kvwnyy+8PFyMAGj0qpGA3
kHNSShZGju/FjMqC2ZzzBZgMjiLxNVs1IMeQpuIA+eJacU9WmS49YDErps+U3NBUh7T3CX0tXjYG
PauMO0/VlIuDH1eUvk6VqckyRyyGJGnu+ViN9OPKR6laMBDxcFqOEUIs5lfj4UHxlDGj9ujslGzl
4yDKsQtPZMBRPRpVqdoYAyy6KJqKADvE3xQhofAVxUutMAkeCjn0HQvJbCwPpKWpOgpxs8LgycZp
Bs+IvFJ8rKgUHxwR41WosfyuOdQmIKg9hrLxOEyeACewj6LfAdiiMP4t0TSpM+PEQC2PXXzjSLNJ
+lohVURTv3rfPKHKxrTwSB4I9SkSbGkmP/nMlHRMTaQUEZzKGKIDvxqz2TM2TXA/Xqme5WRNqaH6
QxUp33THPRqmgZ+EUYxsmziKc78wRnWBoYyeUR6xSf6QMvxarLwYBhN0TBDtVO5Ms7lyeupIRXGc
TaNRoyTLIKjaCz8QVs5zuEu9ob3X8PDMCqnsbiY5nkG6OYm0FoFeVpPrGOWTswhbhqDU8T2EuhcR
YvBkiwDHPSnueUlBwnQJHQdz6j5b3icRyIvx6TSB8bOcKFOzanLyIEs4tZwhH+GDHnx5confeq8p
ny9DHzqFOyGTaw5d545qTAn4UgCi1bV5bYi0pealacrGeaBUaFB5XxkTBHn8ajmFKj1HJHqkqw7S
7hDtRJu1OgD/GM/4AcNjJCg+Z2UaBq53IhJItWuOPJb1SN0twpUMFtyYBVNLYlp8zSHlhFBOXqxw
Foohtby8X9TxoKWlrHpTZ16w9NUqACNTfB57ArpmbFl0mFghTe+pQsVUbn1Zgbqj11Boc3WIV25b
tq7sFdrEieIB7DOlz2KKZKaI5DFwlKMSZ+UxcLoZxiYuZY7epGQEww8QRC40oAcqZg6kjwN+ykUW
kY37Hk/VsAQySY57KNUV5jyAUbXVUdFo8h7YLc5eHbF/UbIC8fOAprN+QabyuLYyTOoLICQGJo6J
56pZg2JxiqYDHotYFNApQqeUINNoE8/5AKwq3OrwZb2EQf5kuJyFUUFGr2WNRwwXtY7sv3cP2v17
66B53zyw/2793cWEiPr5Pi62O+hcX/Qa0hXLq1b7uczy5PKCPliXPRxjC+hYzaRR6kFTYdBqzgKX
VHIny5PCKRcjlKRcmCCPA3wgVDm0CpQWCqsVixpgCzKdffaaXA1VRc8bTHLKFCTls0apUW6pJX1R
TONbcQ+OL1WDO+cWhwcpDWRAI2MPEvOFTOLoOZSXTrb2ZRiRfUZKSfwhGUlKX713sCdwe0/qqXfL
aSPL0V4XX+XDzRljB3KimU7B1aXQ5YlBi4LPbpSFeIacRsVlSoOQJ75+jS5Cv554fiYMxtMg1i9n
ED70aw962Vwn/JrSun55HYzlWplOw1QM8Ls6LXZMsa/ERM0uGCXJ76cmCTKUQKdcD88MBIv0Nx+/
0FL8YuWtLLoVIYR3Q+IFp5VSW+03/eLFcpN7mw42+uJ7Y/1puLwPTJ1GiMZuNJqWZeO7qMOTS0NS
N/pMSKpEIHlmc0B3D9PUeFDu6f50bohYQQCXOEw2xQLiHR6sYhBjNVmovkBpQURCwDPTuJbR9jMl
U3nm4UdQ8AwP2uDkTcf0bXTFBXfPEMvihH9ySO6YSkilOskixuMagdCk56fugybzjFYm3TR1EozR
cnK/01zaUgHnZ8y5Loc0vbMs8Pvv/wuGGXss
===END CRASH DUMP===
