PocketMine-MP Crash Dump Sat Nov 13 09:36:56 WIB 2021

Error: jojoe77777\FormAPI\Form cannot implement pocketmine\form\Form - it is not an interface
File: plugins/GemUI/src/jojoe77777/FormAPI/Form
Line: 10
Type: E_ERROR

THIS CRASH WAS CAUSED BY A PLUGIN
BAD PLUGIN: GemUI v1

Code:
[1] <?php
[2] 
[3] declare(strict_types = 1);
[4] 
[5] namespace jojoe77777\FormAPI;
[6] 
[7] use pocketmine\form\Form as IForm;
[8] use pocketmine\Player;
[9] 
[10] abstract class Form implements IForm{
[11] 
[12]     /** @var array */
[13]     protected $data = [];
[14]     /** @var callable */
[15]     private $callable;
[16] 
[17]     /**
[18]      * @param callable $callable
[19]      */
[20]     public function __construct(?callable $callable) {

Backtrace:

PocketMine-MP version: 3.25.0 [Protocol 471]
Git commit: 0000000000000000000000000000000000000000
uname -a: Windows NT tungnguyen2-4si 10.0 build 14393 (Windows Server 2016) AMD64
PHP Version: 8.0.11
Zend version: 4.0.11
OS : WINNT, win
Composer libraries: 
- adhocore/json-comment 1.1.2@fc2f76979f0a44a5f5bc2a2b600d0762fe0e78e7
- daverandom/callback-validator unknown@unknown
- pocketmine/binaryutils 0.1.13@0abee38d4e2861621f262c79a2a3d699d8a697f4
- pocketmine/callback-validator 1.0.3@64787469766bcaa7e5885242e85c23c25e8c55a2
- pocketmine/classloader 0.1.2@9757928424652393b178a3760073113aa7c9911b
- pocketmine/log 0.2.1@830b44a2cf96ef703c550abe64302f230231ca49
- pocketmine/log-pthreads 0.1.3@e477ecf6ec214fdd4415ea1da3fdd9d73bf699ea
- pocketmine/math 0.2.6@43057cb8c179a9859677b496a788db922fd5cfc3
- pocketmine/nbt 0.2.18@9f82ca4d7f97fcd9a566e44b63c4f18a7657ae82
- pocketmine/pocketmine-mp 1.0.0+no-version-set@unknown
- pocketmine/raklib 0.12.11@9cce458b8bfde3e4dfdbf70c659fc7b7fe26b5c4
- pocketmine/snooze 0.1.5@70b5e7937a06878dd321a3182ceb76d56298f2cd
- pocketmine/spl 0.4.2@6b08b7cf8c4afa17139c9a1b3bf1b408531de161

Loaded plugins:
AcidIsland 3.2.9 by GODSMineVn for API(s) 3.0.0
AddGems 1 by  for API(s) 3.0.0
AlwaysNight 0.0.1 by YTBJero for API(s) 3.0.0
AntiInternalKick 1 by Jibix for API(s) 3.0.0
AntiTNT 0.1 by Adam1609 for API(s) 3.0.0
AntiToolbox 1.0 by FaigerSYS for API(s) 3.0.0-ALPHA4, 3.0.0-ALPHA5, 3.0.0-ALPHA6, 3.0.0-ALPHA7, 3.0.0-ALPHA8, 3.0.0-ALPHA9, 3.0.0-ALPHA10, 3.0.0-ALPHA11, 3.0.0-ALPHA12, 3.0.0, 4.0.0
AuctionHouse 1.2.5 by Shock95x for API(s) 3.0.0
AutoClearLagg 3.1.0 by Twisted for API(s) 3.0.0
AutoFeed 1 by Ghast Noob for API(s) 3.0.0
AutoFix 1 by Ghast Noob for API(s) 3.0.0
AutoInv 0.0.10 by JackNoordhuis for API(s) 3.0.0
AutoSell 1 by Jero, Cur for API(s) 3.0.0
AutoXP 1.1.0 by JackMD for API(s) 3.0.0
Badge 1.0.0 by YTBJero for API(s) 3.0.0
BanItem 2.3.3 by LDX for API(s) 3.0.0
Bank 0.0.1 by YTBJero, GhastNoob, Kaido Joestar for API(s) 3.21.0
BetterVoting 2.0.2 by Twisted for API(s) 3.0.0
BlockCMD 1.0.0-beta by kenygamer for API(s) 3.0.0-ALPHA10, 3.0.0-ALPHA11, 3.0.0-ALPHA12, 3.0.0
BlockSniper 3.2.3 by BlockHorizons, Sandertv (@Sandertv), Chris-Prime (@PrimusLV) for API(s) 3.2.0
BossAnnouncement 2.0.4 by XenialDan for API(s) 3.13
Boss_Quai 2.1 by phuongaz for API(s) 3.0.0
Broadcaster 1.5 by EvolSoft for API(s) 3.0.0
BuilderTools 1.2.0-beta4 by CzechPMDevs, VixikHD for API(s) 3.16.0
BurgerSellWands 1.0.1 by Heisenburger69 for API(s) 3.0.0
BuyKey 1.0.0 by  for API(s) 3.0.0
Buy_cmd 1 by TungstenVn for API(s) 3.0.0
ChoDenUI 3.5 by BlackPMFury for API(s) 3.0.0, 3.2.0
CmdSnooper 1.0.0 by HotshotHD for API(s) 3.1.1
CoinAPI 2.0.9 by onebone | Edit By SenKai Official for API(s) 3.0.0
CrateVH 1.1 by PIG for API(s) 3.0.0
Crossbow 1 by SonsaYT for API(s) 3.0.5
CustomAlerts 2.1 by EvolSoft for API(s) 3.0.0
CustomWing 1.5 by YTEsDev for API(s) 3.0.0
DEVirion 1.2.7 by poggit, SOFe for API(s) 3.0.0
DancingFarm 1 by RicardoMilos384, DontTouchMeXD for API(s) 3.17.0
DanhHieu 3.0.0 by padreon for API(s) 3.0.0
DevTools 1.14.2 by PocketMine Team for API(s) 3.13.0
EasyCommandAutofill 1.0.9 by jasonwynn10 for API(s) 3.0.0
EconomyAPI 5.7.3 by onebone for API(s) 3.0.0
Eternity 1 by minefore and shin1134 for API(s) 3.9.0
ExtendedBlocks 1.3.0 by Javier Leon9966 for API(s) 3.14.0
Fishing 0.4 by benda95280 for API(s) 3.0.0
Fix 0.0.1 by YTBJero for API(s) 3.22.0
FormImagesFix 0.0.1 by  for API(s) 3.11.4
GMCDetect 1 by TungstenVn for API(s) 3.0.0
GemUI 1 by WoolChannel3295 for API(s) 3.0.0
GuessTheNumber 3.1.0 by SalmonDE for API(s) 3.0.0
InvCrashFix 0.0.1 by  for API(s) 3.14.0
InvSee 1.0.0 by BlockHorizons for API(s) 3.0.0
KeepInventory 1.0 by KhoaGamingPro for API(s) 3.0.0
KeepYourXp 1.1.1 by ArasakaID for API(s) 3.0.0
KingofBlock 1 by YTBJero for API(s) 3.0.0
LoadWorlds 1.1 by shin for API(s) 3.0.0
LockedItem 3.0.1 by ytbjero for API(s) 3.0.0
MSpawns 2.2 by EvolSoft for API(s) 3.0.0
MaxEnchants 1.2.1 by Xenophilicy for API(s) 3.0.0
MenuAuto 1.0.0 by JeroGamingYT for API(s) 3.0.0
Minion 1.0.4 by phuongaz for API(s) 3.0.0
MuaDanhHieu 3.5 by BlackPMFury for API(s) 3.0.0, 3.2.0
MuaPointUI 2.0.0 by JKPVN (JakayPluginVN) for API(s) 3.0.0
MuaTuNhanUI 1 by FurryJaki1992 for API(s) 3.0.0
MultiServerChat 0.0.2 by tungsten for API(s) 3.0.0-ALPHA12, 3.0.0, 3.0.6, 4.0.0
MultiWorld 1.6.0-beta5 by CzechPMDevs, VixikCZ, fuyutsuki, kaliiks for API(s) 3.20.0
MyItem 0.1 by AnhKhoaaa for API(s) 3.0.0
NGVS_Khoe 1.0.0 by NguyenDongQuy for API(s) 3.0.0
NVSSP 0.2.1 by YTBJero for API(s) 3.15.4
NameSpaceRemover 1.0.0 by JackMD for API(s) 3.0.0
Napthe 0.0.1 by hachkingtohach1,tungstenvn for API(s) 3.0.0
Netherite 1.2.1 by Wertzui123 for API(s) 3.0.0
NoAdvertisings 0.0.3 by YTBJero for API(s) 3.0.0
NoFallDamage 1.0 by DeveloperNeb101 for API(s) 3.0.0
NoTP 1.0.7 by awzaw for API(s) 3.0.0
OffHand 2.1.2 by alvin0319 for API(s) 3.0.0
OnlineTOP 1.0.1 by HMMMM for API(s) 3.0.0
OreCore 1.01 by  for API(s) 3.0.0
PCEBookShop 1.0.3 by Aericio for API(s) 3.11.2
PHP-Sell 1.2.7 by Muqsit for API(s) 3.0.0-ALPHA9, 3.0.0-ALPHA10, 3.0.0-ALPHA11, 3.0.0-ALPHA12, 3.0.0
PM-Beacons 2.0.1 by jasonwynn10 for API(s) 3.0.0
PiggyCustomEnchants 2.4.3 by DaPigGuy for API(s) 3.19.0
PlayerVaults 3.3.1 by  for API(s) 3.0.0
PureChat 1.4.11 by 64FF00 for API(s) 3.0.0
PureEntitiesX 0.7.0 by milk0417, RevivalPMMP for API(s) 3.19.0
PurePerms 1.4.3 by 64FF00 & ProjectInfinity for API(s) 3.0.0
Report 1.3 by ImNotYourDev for API(s) 3.7.0
SETVIP 2.3 by MCPEVN TEAM for API(s) 3.0.0
ScoreHud 4.0.0 by JackMD for API(s) 3.0.0
Shield 1.1.0 by JavierLeon9966 for API(s) 3.7.0
ShinPickaxeLevel 6.0.0 by shin for API(s) 3.0.0
ShopPoint 1 by S2TwKen for API(s) 3.0.0
ShopUI 1.0.0 by SaltyPixelDevz for API(s) 3.0.0
Shulkerbox 1.1.2 by UltraFlappy for API(s) 3.0.0
SizePlayer 1.0.3 by  for API(s) 3.0.0
Slapper 1.6.2 by jojoe77777 for API(s) 3.0.0, 4.0.0
SlapperRotation 1.2.0 by jojoe77777 for API(s) 3.0.1
StaffMute 1.0.0 by YTBJero for API(s) 3.0.0
StaffTable 0.4 by GigantLeyKey for API(s) 3.0.0
TableSpoon 1.0.0 by CortexPE, Xenophilicy, HyperFlareMC for API(s) 3.0.0
TimeCommander 2.2 by Zeao for API(s) 3.0.0
TokoThirstBar 1.1 by Rand for API(s) 3.0.0, 4.0.0
TopLeaderboard 1.0.0 by YTBJero for API(s) 3.0.0
TopLeaderboardCoin 1.0.0 by YTBJero for API(s) 3.0.0
TopLeaderboardGem 1.0.0 by YTBJero for API(s) 3.0.0
TopLeaderboardIs 1.0.0 by YTBJero for API(s) 3.0.0
TopVoter 3.2.0 by SalmonDE for API(s) 3.0.0
TradeNPC 1.0.0 by alvin0319 && FunkaDev for API(s) 3.0.0
Trident 1.0.0 by brokiem for API(s) 3.15.0
UIShop 3.5.4 by SaltyPixelDevz for API(s) 3.0.0
Wolfies-FloatingText 1.3.5 by  for API(s) 3.0.0
WorldProtect 2.3.8 by aliuly for API(s) 3.0.0
essentialsTP 1.2.2 by  for API(s) 3.0.0
iProtector 3.1.1 by LDX for API(s) 3.0.0
reyyogaWtrhit 1.1.6 by reyyogaMnelux for API(s) 3.0.0, 4.0.0

----------------------REPORT THE DATA BELOW THIS LINE-----------------------

===BEGIN CRASH DUMP===
eNrNXQt327ix/iuotqebtJYs6i335t44fiTe+KFGymNb9eSAJCghpgiWD9lK7/73OwOAFEA7tuQo
d5uersUhOZhvMJgHAJL/rgUiWdDs85IlKRdR7aCzV8v4gtUOnF671+87TafXcJxhs9Xaq+WxOtVq
DFqDgTMcDptOd9AcOHs1liQiqR38u5atYriidvL55N27q3e1vdqCpSmdIe2L+CJYH/9Np6fQ7OHo
TP0gHo0ikRG+iEO2YFFGYuFds2zBIzadooT6ujrhcFVK8GIaER5lLAmox6CZgIfYRhzmMx6l+6/Z
4v3Zfpp4++tW93Wj8i/cEgJ7wNn8bU/f9plHSxEupQjAy+cJ87JacRYokisQPOEzBOsA7b/+J57H
QGvBb/jTxhuZF9KEPUuzhHvZZ1RJSl4Q5/lf4YKOuq4LfyIKyolBfnKPavDanrq2D3/ylH1LKzQl
Z/gD7xjcc+kopCuW4Nmh4uc04S91QTzqZQRkTVMiOZUdoDn+Gy929E0IkMC//T//mbxc0oTQJKEr
8ud9PNnWJ+NEZKA05pM/+jSjgPof/8SWnU71bo+GIXVDphl0SwZ8STNG/licl3drRTj9NRc8HOhD
AjxjmtDFmmt5P143LK/DtlrNoq3cDblHgjzyMjB+8vmzJyLQSu5lz/7nLqfn5N81sBXUGvT+P/65
V5uxiCU0RFPAvgS2I6n3C9B7/WIEbbk0ZevBVWs3Wt1GE+k5D30YSU2nvVfj6WefLWsHAQ1TBuYG
OhSeALadPgytGUdjbG74D3jnWpaPPPLFTUouJyTLo1k0y1csatU7KSdOs9EkUgbidNrDNnlWXDxm
CYhLQLDec3J4cdzr4AAACz+oDRpNcAVw+JVFIHutUxzD6c8ixRbPLi8nQJAHNzBkcKgsYpGy5HPI
3YQmnKWoLerPAWHC9r+kIqrDNXrIOQ2n0XoZeK2g3xv2h0GTdjq0G3Rdr0Vbbq/Z9Jv9XitgTdYf
sD6w9ylIS0H0xT52k0u96/qShhyMD/0R6OI6EjfRS/0XhS1Hxr7LI5qs8oyHKC+AaTjtl03qMtYe
+B3WGvScXssJWr2W1x/SFm37veHQH1AQLejYrO5t3AEFtV/2Ov1BvwP39HquR2mfdQeDbqvTYoOu
12p7rS4beN0ubVUY4qgMBfVZomVrvRz2u/1ha9BpdXrdFvSa6/QHtN0HtfTbjtMG3t5w6DiuzSkU
M8mh1XBeDtpNFzTa8oJhjwX9ZhtaRsC9TrvZClrwn7bj0c7wDod6nM0TRv1CUe2XrNPvMy/oMa/l
dALf73ScLqOOT9twMPT7bTcAbTFqs4JYM9fS9F5Co92+5w48B9Q7HHSHEHDczrBH+4OB7w5brcDv
eoHXtllEblbgGbwcBoMWCOz3A+gTzx/Sbq/HOh231/Y6gTOg/V63T9mgotz1z/oi1h3V/Esk6nqk
1lOW3W8yCb0GQ1ZKAAGcl0PPY53uwB24gc/arOMHvguK9XrdYeD13X7AWj2361XMJY2E+Mq0Lrsv
+023y/rDdp82e4P+wPfbLYe2HYDG3H7P7/Zaw0HQ8vwKkziUHDpgGj23OXD7XjDwOjSgTt9pD70h
dVzoBcftNAfdtuMzp+fUfiujnRyIhx73z9KQ4oAunZhB3KtZzquBlkHzbC4SuP0ftddXx2N0dh+i
GrhDGnMktlGbeMwidJt+6dh8FoPnSJXvTEWQHZeE2gm4XrFYQeCDFrQXFRFbIZ8FldH3YjUKRTad
qr8YwGF4oM+9Gk8+Xr07PwbSDXNTniEIdNWHvg8hOzWhaYqJy7EwfR+OtbTxPBfRjH6dTt8wcFLR
dIoNX1DpFR+XPLyhq/SSz+aZKb1BNRE00RPbPfPr5NUvLBG1XcHR/KZTCkg2RhFl/AyTtIiGb7l3
bUKpnvp2j9R+4S6/3RkSyW06rQqwHaoJxDkbzERGPrNPKigOfbpwes3hg0Ag+dgUh260Kvd4cvhu
8n50v9RChK64rUquqVYPyCzFkP6U8hlLxr+Oq+LXD89Hbw7RvxmHXfuwZx/27cOBfTi0D51m5dip
HLeKY0yuv0ehJURlHFot1sFj5jHPsjg92N+HnG2euw1IbPZLrvsmH+yQXGadbwTk62aPmGS7S1qN
rt0pY8iirofd2+8zKdv3nkXLo4Sm81M15LRuUt0SjH8l3xzlA93Y0j4+dvJMHIWMJud0NrNQm3Q7
6tyxxckNT6HE2NVAyhQ7hAZ5NwoRghCIzZZp257XYh6mqzBfXBzt2/y0Mk4Z8yt6kKQH3OHrOU0z
cimEuzOfWDS7hRPEO/htVXR++3tIjv58G8HBxiuCI+VORK2Y3S+Q34PsiT/PebozAF+Aa1RwVTbI
o6WyPiXVRpDGLAwrmCTpobAK8XyPHOXJTjsjhVa3641Po4rgn0YVx3fHA2BXXBzvygEobkrln0ab
CX/PeFds9jUCAPeK+jPTtavjSpitQvthiZtsffOeeUWjs4wtLPEVxQTQarQbbRvA+fGnXXUMsEK5
ZbNP7hZgUr84Gp3sF/IrcNc2sutNE+o95cWkE9urvaXcF+QXwdKM2uOo5eyi01yQbIs+YxkktB9E
xiMzuFpku/egjP4BsbU24rPZ6ihPM7E4ibw5jbK0dk/AdaVgSykYdLQt5uNoQ8hJjsANGEgL0p1B
Voe2qA31mkWrGdyX3J/SbpF4PtG8C2kB+lruzWCPIx6zpIpcU6tFe2WAykvfiIR/FRFWwmMo9FmS
Lcmzl8XP50A+mic8rY8SvmBwBv/m6fmH57aRb20ZunivKKGQRmtC4ZhOz9X81yZKEWl6GEUijzw9
fb/WTPVUdQR0bPV8YhGn4TG1pzSc9pMH861k6GPhXJVlW4if/5ZTXsGmaDaoiu8q5iJqu5/cOMwT
ilIobBvhSOAKD1yobb8G1R68lZrnZCnCMYi1qxhjNAwYLCkeqKiLOHNzc9NgIBFyb2TXEh9Oq7ME
Kz1z5skiV+s65Z4qhnj0lXnz0cUxW+INH/gtv35j5zxO7+m4PeQeL3zgDo5YCZehcKAFW9RtA64h
977FSionwWoYcsSPVEpk6Mc+U/XgFZN+w3jKIlfe1BtuZ9hmwfuAhuwmUC2WhFuE5Xz1lq0srJLw
cCa4q7GqGttK2s/ewrfFlZQHaolJHs1g1ETfPRG8lluxxIY3l/1oLo5Z9P7MEL4k2VGxW42JkLyP
Lk7zZHUHwN49gW4bIIUE06n6tQWchT+G2tCO9AbxkVLijcjSuciqTgOG0lOhQGekqm0AY8rxOBSo
anG8GTg0pRqOK0sMImIu/J/8LznxeUZerciYRZB2k6sg4B4E1l0FAt3QdOqBYMAQEJYSPg4voRn7
8MaEpymVStYGNzp7vbPxMhZ5+FEW33/Pw4DOF/z0S7KFrSUQv11xY0HQpAcG/hiyNvrrpIKi+x0o
JD9Qvm58CwSy3jgMIY6ZgcUiP5gm7Tq1MFsGQLYcT0suFJOPdn1nEB9MnX6dnKQQlXcL76Os3Tbt
o+OTDzyR4pXSl6RqUtSvJLFihlshoF65OmW7wqCYTqdLKcJ0CumQ/mWI9cjKCpQKHijhlCbmbIlJ
fWD8vOMeTXxxwUORtgeYAR6LKJuI3JtfsE8Vz91/OlCLK6BbS2cdbNSHNJq/4Sy3wSqSHWTvRKSY
+gkTu8sRNL/pdMKzLGSHx++2MEW2rOboJanitDvVWZL1Nh8yYXRRqRS/o5e0ANAna1E28BRG9r0W
bb/kAWhPaLo6EosFZK44QRlwa7r4vrPV5KISl7/QVEQ3qyhymjucCy95Tqf3yLR55xoZvoHSXOda
g+s2+tUpEp0L7AxYmVswJYJMLyxxHkeES9U8M8uIkvSAf8GdIoFIGAE1knTOI8dpdyxcw+/AVXCf
ThfBFp1zC5WCz3w512OOv8oJ2wLbdxcBlpwl5BwcwHDY69mDsPM9ywHIt2AL/WRJtTnMU476NgN1
QbGnmitlvwuN0WG3NWjuKsjpZqfTdfuPhDR7Za+6qrfhdpNWaxcz4Fst7uGm1bMFnbG0gsCiP4zF
MiOn0Xn64Mj/lWJugVt1uWw82AbL64ujY4abaQ0ca9rvUovPFp4vm98ChdwybSDQW6i/Kf1HiFhH
cxpFLGy3ht1djYHXm64gSaFzlqaTObvMF65Ve1dOPLJPYUzDhYiOT3ZX4mmG06ktyObIzN0da1gm
dYvB8R0+thgbPFp62LIcGZvPhYPAY8ZsBEh4ZELEXvnY1QSyvYChJNkGzFvGYriLRZlIzPBu0x/c
nfV2LuhrCtF4Nnpk6XgLYBbT6dQSZ3OLw9t+FXnyKa5A08TqSn911xxYB72mZztb7C8ZKkRKii3g
gDpEIPvcxGNQH/Btm6ztb9NBV682Fxzt8aNIQmvS3SA+OE+FacPOvNi60c3X9LHG8eJl1MhErNBA
leNXNigYxGodWsGzytwvu9xkofnhqC9EMH9v0j8X45jeRGbnFBR7zqr1Y+esdKPQM2XrT5upuqC3
5dK/gcmgVud7nDvrsCKe85B7q12BM1ii6ZWiWAcbdRaLcixKTWQF6ZEYhA5AedU7s6ZPt7+i8c3d
wQWP7Gk4TahK3/nBK8lH54fHcglStb8FgJzeMxFlUn/PBZ8jEEKv+ODPrWCNBI8yK2k2iNXVkqp1
vR19uCTPfoEItxrJxzw+XD7f3dZ55A5YcroVoEl+CSOriqikPhAwoXuSFYDhznDY2hkMi6uEU8iy
Daww4+phOahWMguafaaaUFcceKartW9sQjJ3t+Pf3r273LdBXzTY3hKsDNlVnIpoO42e3s7QfXQ7
w9Hf8cndfJVnaX6Ne1iuacj5tZ2at5o72uSwQIFvUGDsc0P479ngYDBCRa0qKYkmPPxgSDTHVJvS
3YWD1eY7JlHsy9cfxp9BBrOiWtMeCWiX8rnSYwgLf8t3FqnfbjEULz+Mx+YWYnVsq7y1yYSV0/2O
2Z7DkN2+SvgWEewSxB3j49/v2EIsrXmGO6ceSyp+yH7oqhTbQIuzuWVNivDILOKcevNryIwygb+c
vcJVLaNdQau0gBhRsOLvRtgYXJjI4zW8kvZIUvuRJdnXnDut9q4QrTkCiEKMJ2+WXnPbX2NC0OLQ
B2AZT0F5ZkJfOVHt4PYPLYDLSWJbii3sVJzSMDymC2pt1LfID068QAxgIe6BuWSu03R2BazCFgGu
JdoG3sRyjHhY9SSVVXZ685Xe7AqGZDadRiKLn2yRSiAAcxUEb+znlAtKZVNHNcOi4ZJHzbYz3Fl8
LTlOpyADZI5++WOTbrmK8NUjkyuzb9a0xzY+XsC/HS5MhvIdIZta1FXCjkRijpWCUhF784eqt7An
3dY2k6ujo5NXQlyP58KcfzSpVX1XXNYh+ECPVxIFtLGHt5h+4wmIb2YPqpXp1JDMOnjCyNE89w0u
+1Ilb0b1yuNiJemRPTgXctr+/lLl6c/tPtEaUOA3cuxtar2ji/orRvElLyb2NbFaXDtP2/KwBQZr
x4MrxcAHYQpxHkd0j5kZ0O45a2PsVM39mMJNryuJvPM9ewQKjmDOd8W5l/gEWy8a2b+HnTJ6+RKk
DxTKNUtDJtmeMGo3fsyLIYqlr1g2vZRNFy9pKgV5vONz8IX2xENJsgdxR72kx+jjXuf0tLnlrh3J
fcSSxT1urHZK5VPg6Ug+H/eJLbnI09FJvaAbj/t8Vo0DYC3t+tcTul0KpV/5VbLR2jmJMp5xln6q
qGhNt5PVfjW3W/Dwutlx0AW+A0hLGo4uLkYPD4wthn6ieMaLBXj6GARjWjClkULMrTeAGbLu23i1
YlQv2kpRtKrhtO+zG/InAv38hXnZWRRwuf9oR87Qsg0pkfFzB9ah+PyG3RmLxBw6mlDZcGSjP1tc
igyXC6tbaPvbv+1mxG9ZiM8ephNxzFNPJL4xRsyWplMlW/F3E98wPpl8ODOTS02oPLhbCe1Ho5MP
l2Rycnixs7UkyXI6HbPsA483khxfCvYmN5P8kmRK33nSFMhWU916DqRofvMkYzznzJoo1YRHH2k3
d51tZ2BlJbTFrjYlVfF3Q2DRiHvX9JadY31qQ7RPmWB7dzvr0fXkbdLAStvb9JSI5bqKhaSgPfTQ
Q2ty85btbkW8bHQ72a0VFU14ZKJwTMNsJb0P+JbdreK9P1MFy+bS5+E1S+x3ERnE6lipVPTvwyyh
pyGN453FHoMljgkpySuxxXa9Mf/KVBJnQloTHy4zd2ZJ2OA5Nggoyt8byY/YbeE1pbq6U+mM9btL
71lI/b6lqlRJ8OS5I+PdrwWYNdJ3IqOZvQZePXPnMd0NkTtP9mW2AFtYX0aD4CK3JqXXtB28cmSb
sJ9nbEvJJ/JNrRXRJ/r1rQ/slX7NZ1DhnTP5OO2OxE+x7c3ll1KOY2EZkkF8RPdHkNOx29GJrJvW
G172am9WYAin+B7hi6Mfsv9lLaP5+/G94RO+YPq5DMtd2PQHNy39ndHd7b2SL4mxGv/+V8XYWBC0
uBaTOU/S7BW1QFv0B/fQvdMJ2qMecpsaUk5/oRAbmaqIzxlOnLqCJr6Fwjrx/+suykUcQ4Qthp8l
Oj6x+01c8uTv9falihxPBfja2l1w99x/ALytdtrbCM7Sb4I7S383bFVBtkL3QdjvOSlJ1Zf0/Jhn
B/STithk7b7nCApx1r82wpWAOi5HRyaugvRIL5VLZ+RPfyKneXRNH3sieavnVLQUW3RRwn37fUEF
5REgbiKuOVtUN5A82Q1qftARqv3pdHSxFuVRHKoCM2BoQmUTZDWB+p56cMPXqGxbG34UYcBZWj+F
K/FVYBN2a3bPvaerTwp2f8TqI7Z8zCKn3Z5Ozda3gZaE/kh9IsGCZJCrb9cbVMcPz8Od5bqK23Qq
d8Xpbzds8kLhe3Kni5wnAU4lmW9XLz7HkSUM3/2O71Xat9CCUlia4sw3WJe1WcEiVwux1o/oX7PF
6bTS/qN9yzUkYXp7g1h9Vsz5sW9NXLf8/dmwgQKAJmy1EjP6MUvm3LRim16dwenZcPXFFxEL89ud
Z8WKOYjhbDo28a34+AERBhZaecK/fjFqxHP1dsdUbuttwEiJcbcRfsyi9tOoPCJHIgr4jODHaKbJ
NPrpI/PJpVgSp0maw4OWc9Btk780+6TVbDl4geJXx4n9F87QaXcMIo9f4A4q+B8SFyLzX1hC6U91
4MkbgMrqIU+BCx5T/Yq5ulpjrFNvzpn6rk36Auo9bASf7qjrIQ/d9MLpyWborb4pfdGSDeMqxUL4
7IU8CkQCbEuagEoZqKAdH+fJi+N4GetmfI5v6ckhyLxoSW7yiylgSfiJBXSg6QskhzhxW0dDejG+
Xp0L11211vSUMd+4DL+n8+L45PTw/fkEqcpE6v/KWbLSzWpSAgGqkAl/N2KapuDr/Bd/lv9AU3km
6ildMn3jkrObug+KpKC+FwMk3brito6mqy8JaTTL6Yy9YNFsrUka8QX4iqI1RVwIt6RY325orBb4
7YafCFon8aTV5Imc85HGQ0DPxOptMCYymbOUkUJxhCaMZHNGRASWl81pVnxHyWWER16Y+2B9wP6O
0SKvsVjAnQEyqPJMacD2iMDdfymyJG7C6DVZiTzRvAgPCPQ/B3+PLUDX45eSIJAA40t2U7Lb91kg
V7TJjYh+zghObuGHg0DpCwCLH01ZoYTZnKcK982cRSSPZ5DHAYPGNMLhoJgdTCNCfvo4l9sSSSag
lcgnwILgd5ZQ+AzK4TSk+PUheVqKGgpoBqDCL5ZJfeE7XjxGcLdWKDW4QM7KsovOPSAy3cET6TzP
fIG9qb5kdUCmNf2VHCn1LUlY/QvUdCQSN3/4wx+mNSnoYRiKG4JjEmQjOhCSJafkb2ioeI202CJG
HhD0cPLWE2m9+h754gYcXPhtJdARcnNXRGsWr9fGXp42ZP/pIwf9iAjUTH0fBE1Vb6CWQf/XZMFo
mifqo1uAxmUoNOiK/SunIWpxxpdw7ZKGOSPPdKPgvp4jd9UiDDO5MlmHXpjNWHIAp2Xb6tlkNLLD
dBV5E5pegx0k12BWDXnB+xR6Ci29QIqXzRNIKnPoTLg83SMyMyHabcDw2CP4RSEAgrFF6gbcONIW
eQQGhZco5mPZ24AJjC4RtzA6MwZqAEjSkKNSONStFugsQNPFa9BE9wjPfgb1ZYm8TT35Li2ocjN5
Bhjwq1stqRYJo66RHkhWVdOl0jiSPIqwO32121N2gnwTY9ogkI7r32SB3/sg8jHpPXMsasNBjSRJ
HmeKqhSGilmAbBqX7FwYo/JDS74aH3QpuA9i3y8B2gjanABFg3U1DEODi+vqosJmIW5APEhWaoi+
DoULxoPRmSg6DIMFfrktguMZdVcZKJyMlaabUrc8Rdby9gl22g2XipcGBUP4pq4YFTaWSoABl+81
IQwfSkY2AaSZRZPKxqGzchy0ZCagn3ATuzQKbGgmxaxL0Q5IE1FA69Ihq28d/ccjwHTnIfkxLH+f
/GkmYimCdqalSJpdSsB7YFBlfikQtlqVSjqAj3JEaOHSn3cgnhwTUh70FsTLIQ5FEIcIu2VeLh2v
UPKq0Yhxq7ya3XqQV6RrOMppXU1ODsjkzdmYnJ9dnE3I4Wh0fnYyJqOTdwQyx7cn7/YIXEQmV3DV
Cfn45ur8hIzeXR2djMeN6vC/VxkjlnAhIzO64BTheXMmnbHURelmHVA75Aa+9Crykjq+VFA5WMkK
8k1ACa4ZDAnRfsvOlH1BmoiRMMLLdGOSs2ICTnftwotxDW1cYfTAgC9vaNy9Gs1Ap+nQaTHzMC9Q
ekVxVa+qe0sMYFksTtdQ202NNX1+v0gaeVsjn9HEhUFR90QYqgRW+p77tStHGYqj7yL6LvDaCxrl
MgsxJYEMLQcLfL5XRIOqCRZGqAJrEAAvhXexHn0NcqW8vTJ3SCNEHvqlLBzCx01E1vKninEsxQeg
vWZTY4XWTqWfuBMepekoDiW2IBGLIsyqu/UVddMwzR5GNLon79gGucekLOsYF5kjdlkCLaEZakP2
80Ws0iyVyxF9oo4niv46xov0DVJ2KWaBAD9uecNgqNN7FAzhGkIetLAEI0vTnKFbyObQa7Mi7UR/
ha2tpdorOlJlBzq7bChp8NJv6glrI2+eR9dpIfsRjZHKF/kCoiuuFZGidsCOJKqSUlKs9YrjRatS
jpi7NgZZd6wlkg3WMR3OIdx2yh47FupU1aYxK0Kfp/iri4shpHjpC01kMmeoe1AmshLbMYgisxRI
HFF7IJ1KLRSXmGJxQtQ9CuEaHdym9anwFC3jxes8FxWIn8Mp+D7M6iE7nEYRy7DDDnSAgKRsLkKV
XLo08+YyB5ciQ74EJqRDjPRtqgTSZ1VgcVmZZqrI9pPZS8UpdKvJKkPme6TuGB0oO082XM8KYcBt
d3vaa68zWFnSYvLoK+RY1MgUH28GoharQd5AFgi29EKmdeRo9H4P7gUZXBhfN9wHs5dpgvKeJf+6
5H9AekXCvc7FU6kd49oGOfTBUc1pGOzjG3dlgeAzsGHdFDRKcB4FDcwYiOugZzAzi5CTW/RqmFzS
sEFQiPejaFSk2etKEKsIFOoGVwDhxjyO4ro+rtQ1F3rUpfwrK/sTE/KiG3HyrsiWIGFX5mGE1s6w
pW563iAjfU9I8QXfWErrklTbgmwxSOgMIUCfgNrSOJT5CtaZUPeHONhpgv10FHL5AV0snBMoo1ia
kYvJeylpCpAQtptn8hvGsivXzamyolH4mkWW1/GuAyktWrnP3Hx2UJQq/00cLFF0pjaHoSrPE12n
pqqyRkuOUqECl7YGB5kp56S4Hc2FSGX1XVQorKhBpQeT3/JN6bLwlDhjUkwu4TmjeAXB5FSdSlj0
xASWx6oMllNLP5NPrrhFq0/I2TF59un92fFzwAwmDzLA9Tfg7uNE7SMHw8DKJYGypbHO/8AShLxE
KjsCS//06rzgr6sag/KzbEx+cFnODWQMy1sZhiU2UUyT6BBiTPoEgWwWzvFgVb/NuW8YIoU8Bbwb
o1nhNwG/WikpKgBZPGpJwW4g55QpWSS8kMdE3gtmc0FXYDJYROKjtroex5Cm44D0xfXinGrSqL+K
iTJzqmQi5zqUvavPfKvOkNdq485TPefiwUjOlK/T99TVPQckhiRpyUNsRvlx7aN0KxiIaDQra4QI
bwur8XCvuMqaYbt3ekr18uFC5DiEAxVw9IhGVeo+xgCLLkrORIAd4m8ZIeHmdzJeGjdL4BFTla/L
FDNXvRlTztXJEDcvDF7auJzCsyKvgo8NlfDBERFaFRWweDJ0EAZB7T4pm/eLSRPgBPZRjDsQtrgZ
/5bStOVgxnmBeh6DAUPYXtuk/ISdbEhOCZtj81g25soXWUoPhPpkCfY0UZ9RJhod0fMoRQSX91jQ
gV+dtMhPZAZVWLpWz3quptRQ466KtG+6oVyWaeAnoYpRfROLOA8LY9QHGMrkNdojtqU/lBl+PdZe
DIMJOiaIdjp3lrO7anbqQEdxnEyTVaMiqyCo+wvfkVlOc/hrvaG91/Gb7xVSOdxscjyHdDMQRo/A
KKurBZbyyrnAnpGiNPARkAYXUmLwZKsF1j0pbgFMAWG6Fh2LOX2erM9LCNKL0dksgfpZzZPpSTU1
eYAfLb+u4pPywQi+Or46wElM7fNV6EOncMNUck1h6NzIFlMp+BqApDWMiW2ItKXmlWmqzrmjVOhQ
dV4bEwR5/BK4DFVmjijpwlQdpN0R2okxabUH/jGe0z2C7x2R8Tkr0zBwvQFLINWue+q1kgf6bBGu
VLCg1iSYXrwy4msOKSeEcunFCmehGcqeV+eLNu70tMJqdnXGF2tfrQMwMsXrcSSga8aeRYeJDcrZ
PX1TMZPbWDegz5gtFNp8OMRrt616V40KY+JE8wD2mdZnMUUy10TpMbDK0Ymz9hg42wy1iS8zRx6U
jKD8ACBqpQE9UDFzoHwc8NMusohsNOQ01WUJZJJ0EYfFEeY8IKPuq4Oi09Q5sFucvTog/5DJCsTP
PTmd9U9kKiuOdZg0V0AkDEwcce+FmjUo1qzkdMB9EUsGdBmhU5kgy2oTXwwDsupwa4qv2pUyqJ8E
V7gwKqjotW7xgJyeH04OWn/t73WHt85e+7a91/qr81cfEyI5zp/h0rqHzvXFoKlcsTrqdJ+rLE+t
LpjFuhrhGFtAx3omTaYecioMes1b4ZpK7mV5UjjlokJJynUJ6XGAD4QqTy4DpYXC6sWaBtiCSmd/
OpWuRjYlr7eY5DJTUJTPBqUuc0sj6ROxrG/ZLTi+VBd33jWWB6ksZEAjLofEfKWSOHkd4gVRoPRQ
YUSNGYVS8odkJCl9dW2vxvB1zynXDwmrp91rA9zVjUv2rqc/YV9ScHkp8nFXqEETi8++yMAZWlRc
ubQIeRKax+gizOOAh3L32Joyk9+rLw/nED7MYw6jbGkSvqRyBb48XrhqscykYSrmyw2ha1rs2bDf
sUDPLlh3Sr+f2iTIUBYmZTw6tyRYpf8K8TUOxS9SnsrENYsgvFuIV1Qulbb0u1S+8ljtKBjKrUxf
Q+6aV8Ph7cLWqUBpWs1m23Fa+Iz66PjKQuqLz1KSKhFI3O4OGO5RmloXjjkO6E8XFsSKBHCYyP2D
FeINvlzFIsZ6slBvCXQgIqHAc9u41tH2s0ym8ozjVwzwxVJy7wSfuTyi+CpZyQXVJH2Q78qL1HvU
vWQV4/sLJaGlbI1h2mJZm3+n57jV2VJFbUvdqfGydqjbcumSZ7myr0LEv2MedjWSUz7ru3/77f8A
TWNkIw==
===END CRASH DUMP===
