PocketMine-MP Crash Dump Sat Aug 14 10:35:26 +07 2021

Error: Call to undefined method pocketmine\OfflinePlayer::hasPermission()
File: plugins/PureChat_v1.4.11/src/_64FF00/PureChat/PureChat
Line: 456
Type: Error

THIS CRASH WAS CAUSED BY A PLUGIN
BAD PLUGIN: PureChat v1.4.11

Code:
[447]      */
[448]     public function applyPCTags($string, IPlayer $player, $message, $levelName)
[449]     {
[450]         // TODO
[451]         $string = str_replace("{display_name}", $player->getName(), $string);
[452] 
[453]           if($message === null)
[454]             $message = "";
[455] 
[456]         if($player->hasPermission("pchat.coloredMessages"))
[457]         {
[458]             $string = str_replace("{msg}", $this->applyColors($message), $string);
[459]         }
[460]         else
[461]         {
[462]             $string = str_replace("{msg}", $this->stripColors($message), $string);
[463]         }
[464] if (($fcaClan = Server::getInstance()->getPluginManager()->getPlugin("GCPClan")) !== null) {
[465]             if ($fcaClan->haveClan($player)) {
[466]                 $profile = $fcaClan->getProfile($player);

Backtrace:
#0 plugins/PureChat_v1.4.11/src/_64FF00/PureChat/PureChat(508): _64FF00\PureChat\PureChat->applyPCTags(string[76] ..l..e[..r..fMember..e]..r< {suffix} ..e..l{clan_tag}_caxinhgai..r> ..7{msg}, object pocketmine\OfflinePlayer, string[41] kc tui nhi...u l...m s..i c.. h...t ....u, NULL )
#1 plugins/MultiChat_OTHERS/src/tungsten3/Main(76): _64FF00\PureChat\PureChat->getChatFormat(object pocketmine\OfflinePlayer, string[41] kc tui nhi...u l...m s..i c.. h...t ....u, NULL )
#2 plugins/MultiChat_OTHERS/src/tungsten3/PopupTask(19): tungsten3\Main->ShowChat()
#3 pmsrc/src/pocketmine/scheduler/TaskHandler(137): Tungsten3\PopupTask->onRun(integer 1)
#4 pmsrc/src/pocketmine/scheduler/TaskScheduler(179): pocketmine\scheduler\TaskHandler->run(integer 1)
#5 pmsrc/src/pocketmine/plugin/PluginManager(654): pocketmine\scheduler\TaskScheduler->mainThreadHeartbeat(integer 1)
#6 pmsrc/src/pocketmine/Server(2389): pocketmine\plugin\PluginManager->tickSchedulers(integer 1)
#7 pmsrc/src/pocketmine/Server(2152): pocketmine\Server->tick()
#8 pmsrc/src/pocketmine/Server(1992): pocketmine\Server->tickProcessor()
#9 pmsrc/src/pocketmine/Server(1586): pocketmine\Server->start()
#10 pmsrc/src/pocketmine/PocketMine(311): pocketmine\Server->__construct(object BaseClassLoader, object pocketmine\utils\MainLogger, string[36] C:\Users\Administrator\Desktop\VOL1\, string[44] C:\Users\Administrator\Desktop\VOL1\plugins\)
#11 pmsrc/src/pocketmine/PocketMine(341): pocketmine\server()
#12 pmsrc(11): require(string[91] phar://C:/Users/Administrator/Desktop/VOL1/PocketMine-MP.phar/src/pocketmine/Poc)

PocketMine-MP version: 3.22.1 [Protocol 448]
Git commit: 9477034a4ae58cc5c12b8278c14a8e46a43992b2
uname -a: Windows NT HQDATA-788 6.3 build 9600 (Windows Server 2012 R2 Standard Edition) AMD64
PHP Version: 7.4.18
Zend version: 3.4.0
OS : WINNT, win
Composer libraries: 
- adhocore/json-comment 1.1.2@fc2f76979f0a44a5f5bc2a2b600d0762fe0e78e7
- daverandom/callback-validator unknown@unknown
- pocketmine/binaryutils 0.1.13@0abee38d4e2861621f262c79a2a3d699d8a697f4
- pocketmine/callback-validator 1.0.3@64787469766bcaa7e5885242e85c23c25e8c55a2
- pocketmine/classloader 0.1.2@9757928424652393b178a3760073113aa7c9911b
- pocketmine/log 0.2.1@830b44a2cf96ef703c550abe64302f230231ca49
- pocketmine/log-pthreads 0.1.3@e477ecf6ec214fdd4415ea1da3fdd9d73bf699ea
- pocketmine/math 0.2.6@43057cb8c179a9859677b496a788db922fd5cfc3
- pocketmine/nbt 0.2.18@9f82ca4d7f97fcd9a566e44b63c4f18a7657ae82
- pocketmine/pocketmine-mp 3.22.1@9477034a4ae58cc5c12b8278c14a8e46a43992b2
- pocketmine/raklib 0.12.11@9cce458b8bfde3e4dfdbf70c659fc7b7fe26b5c4
- pocketmine/snooze 0.1.5@70b5e7937a06878dd321a3182ceb76d56298f2cd
- pocketmine/spl 0.4.2@6b08b7cf8c4afa17139c9a1b3bf1b408531de161

Loaded plugins:
AcidRainVictory 1 by YTBJero for API(s) 3.0.0
AntiTNT 0.1 by Adam1609 for API(s) 3.0.0
AntiToolBox 0.1 by NgLamVN for API(s) 3.19.0
AntiVoid 1.1.0 by FiberglassCivic for API(s) 3.0.0
AuctionHouse 1.2.5 by Shock95x for API(s) 3.0.0
AuthUI 1.0.0 by AytgDmr1 for API(s) 3.0.0
AutoClearLagg 3.1.0 by Twisted for API(s) 3.0.0
AutoFeed 1 by Ghast Noob for API(s) 3.0.0
AutoFix 1 by Ghast Noob for API(s) 3.0.0
AutoInv 0.0.10 by JackNoordhuis for API(s) 3.0.0
AutoSell 1 by Jero, Cur for API(s) 3.0.0
AutoXP 1.1.0 by JackMD for API(s) 3.0.0
Banking_vonfram 1 by Noob for API(s) 3.0.0
BetterVoting 2.0.2 by Twisted for API(s) 3.0.0
BlockCMD 1.0.0-beta by kenygamer for API(s) 3.0.0-ALPHA10, 3.0.0-ALPHA11, 3.0.0-ALPHA12, 3.0.0
BlockPets 1.1.3 by itzmade for API(s) 3.19.0
BlockSniper 3.2.3 by BlockHorizons, Sandertv (@Sandertv), Chris-Prime (@PrimusLV) for API(s) 3.2.0
BossAnnouncement 2.0.4 by XenialDan for API(s) 3.13
Boss_Quai 2.1 by phuongaz for API(s) 3.0.0
BuilderTools 1.2.0-beta4 by CzechPMDevs, VixikHD for API(s) 3.16.0
BuonLau 3.0.0 by AmGM for API(s) 3.1.2
BuyFix 1 by phuongaz for API(s) 3.0.0
Buy_cmd 1 by TungstenVn for API(s) 3.0.0
Clothes 5.0 by TungstenVn for API(s) 3.0.0
CmdSnooper 1.0.0 by HotshotHD for API(s) 3.1.1
CrashTransfer 1.0.0 by Xenophilicy for API(s) 3.0.0
CustomAlerts 2.1 by EvolSoft for API(s) 3.0.0
CustomItem 1.0.0 by Phuongaz for API(s) 3.0.0
CustomShopUI 4.0.5 by SaltyPixelDevz for API(s) 3.0.0
DEVirion 1.2.7 by poggit, SOFe for API(s) 3.0.0
DLevelIsland 1.0.0 by Nguyễn Công Danh (NCD) for API(s) 3.0.0
DancingFarm 1 by RicardoMilos384, DontTouchMeXD for API(s) 3.17.0
DevTools 1.14.2 by PocketMine Team for API(s) 3.13.0
EconomyAPI 5.7.2 by onebone for API(s) 3.0.0
EnchantUI 0.6 by UnknownOre for API(s) 3.0.0
EnchantVipUI 0.6 by UnknownOreforsource|RBpmmpformod for API(s) 3.0.0
Eternity 1 by minefore and shin1134 for API(s) 3.9.0
ExtendedBlocks 1.1.5 by Javier Leon9966 for API(s) 3.14.0
FormAPI 1.3.0 by jojoe77777 for API(s) 3.0.0
FormImagesFix 0.0.1 by  for API(s) 3.11.4
GCPClan 1.1 by InstantlyTa for API(s) 3.0.0, 4.0.0
GMCDetect 1 by TungstenVn for API(s) 3.0.0
GemUI 1 by WoolChannel3295 for API(s) 3.0.0
Giftcode 1.0.0 by  for API(s) 3.0.0, 4.0.0
HuongDan 1.0.0 by YTBJero for API(s) 3.0.0
InvCrashFix 0.0.1 by  for API(s) 3.14.0
InvSee 1.0.0 by BlockHorizons for API(s) 3.0.0
KeepInventory 1.0 by KhoaGamingPro for API(s) 3.0.0
KingofBlock 1 by YTBJero for API(s) 3.0.0
LoadWorlds 1.1 by shin for API(s) 3.0.0
LpkCuaHangUI 1.0.0 by phuongaz | Moded by LamPocketVN for API(s) 3.0.0
LvPickaxe 1.19 by PhuongAZ, K27 for API(s) 3.0.0
MS_NV 1 by YTBJero for API(s) 3.0.0
MSpawns 2.2 by EvolSoft for API(s) 3.0.0
ManyWorlds 2.2.0 by aliuly for API(s) 3.0.0
MaxEnchants 1.2.1 by Xenophilicy for API(s) 3.0.0
MenuAuto 1.0.0 by JeroGamingYT for API(s) 3.0.0
MenuPet 1.0.0 by YTBJero for API(s) 3.0.0
MineLevel 1.0.0 by TungstenVn for API(s) 3.0.0
Minion 1.0.4 by phuongaz for API(s) 3.0.0
MuaCoinUI 3.5 by BlackPMFury for API(s) 3.0.0, 3.2.0
MuaKeyUI 1.0VH - RBplugin by Ibenrm01 for API(s) 3.0.0
MuaKitUI 1.3.6 by Infernus101 for API(s) 3.0.0
MuaPointUI 2.0.0 by JKPVN (JakayPluginVN) for API(s) 3.0.0
MuaTuNhanUI 1 by FurryJaki1992 for API(s) 3.0.0
MultiServerChat 0.0.2 by tungsten for API(s) 3.0.0-ALPHA12, 3.0.0, 3.0.6, 4.0.0
MultiWorld 1.6.0-beta1 by CzechPMDevs, VixikCZ, fuyutsuki, kaliiks for API(s) 3.20.0
NameSpaceRemover 1.0.0 by JackMD for API(s) 3.0.0
Napthe 0.0.1 by hachkingtohach1,tungstenvn for API(s) 3.0.0
Netherite 1.2.1 by Wertzui123 for API(s) 3.0.0
NoFallDamage 1.0 by DeveloperNeb101 for API(s) 3.0.0
NoTP 1.0.7 by awzaw for API(s) 3.0.0
OreGenerator 0.1 by phuongaz for API(s) 3.0.0
PCEBookShop 1.0.3 by Aericio for API(s) 3.11.2
PHP-Sell 1.2.7 by Muqsit for API(s) 3.0.0-ALPHA9, 3.0.0-ALPHA10, 3.0.0-ALPHA11, 3.0.0-ALPHA12, 3.0.0
PM-Beacons 2.0.1 by jasonwynn10 for API(s) 3.0.0
PayPoint 1.0.0 by YTBJero for API(s) 3.0.0
PiggyCrates 2.0.9 by DaPigGuy for API(s) 3.2.0
PiggyCustomEnchants 2.4.1 by DaPigGuy for API(s) 3.19.0
PixelgamesToDiscord 1 by ImNotYourDev for API(s) 3.0.0
PlayerVaults 3.3.0 by  for API(s) 3.0.0
PointAPI 2.0.9 by onebone | Edit By Nờ Cờ Dờ (NCD) (Danh Miner) for API(s) 3.0.0
PureChat 1.4.11 by 64FF00 for API(s) 3.0.0
PureEntitiesX 0.7.0 by milk0417, RevivalPMMP for API(s) 3.19.0
PurePerms 1.4.3 by 64FF00 & ProjectInfinity for API(s) 3.0.0
RandomBlock1 2.0.0 by Edit By Nờ Cờ Dờ for API(s) 3.0.0
RankUPUI 4 by YTBJero for API(s) 3.0.0
RebirthUI 3.0.0 by YTBJero [Edit by NCD, Ghast, CurlliestDrake66] for API(s) 3.0.0
RedstoneCircuit 2.0.0 by tedo0627 for API(s) 3.6.0
Report 1.3 by ImNotYourDev for API(s) 3.7.0
SEnchant 1.0.0 by NamVN for API(s) 3.0.0
ScoreHud 4.0.0 by JackMD for API(s) 3.0.0
SeasonPass 2.0.0 by TungstenVn for API(s) 3.0.0
ShopGem 1.0.0 by YTBJero for API(s) 3.0.0
Shulkerbox 1.1.2 by UltraFlappy for API(s) 3.0.0
SimpleAuth 2.1.3 by PocketMine Team, shoghicp for API(s) 3.0.0
SkyBlock 1 by KhoaGamingPro for API(s) 3.0.0
SkyBlockUI 2.0 KSCore by KaysilGMVN for API(s) 3.0.0
Slapper 1.6.2 by jojoe77777 for API(s) 3.0.0, 4.0.0
SlapperRotation 1.2.1 by jojoe77777 for API(s) 3.0.0
StaffTable 0.4 by GigantLeyKey for API(s) 3.0.0
TimeCommander 2.2 by Zeao for API(s) 3.0.0
TradeGui 1.2.3 by Only FurkanGM for API(s) 3.11.0
TradeNPC 2.0.0 by YTBJero for API(s) 3.0.0
VQ 1.0.0 by YTBJero for API(s) 3.0.0
VanillaBlocks 1.0.7 by xSuper for API(s) 3.0.0
VanillaEnchantments 4.0.0 by TheAz928 for API(s) 3.0.0, 3.1.0
Warp 1.0.0 by  for API(s) 3.0.0, 4.0.0
WorldProtect 2.3.8 by aliuly for API(s) 3.0.0
essentialsTP 1.2.2 by  for API(s) 3.0.0
fly 1 by IDontKnow for API(s) 3.0.0
iProtector 3.1.1 by LDX for API(s) 3.0.0

----------------------REPORT THE DATA BELOW THIS LINE-----------------------

===BEGIN CRASH DUMP===
eNrtffl327ay/7+Cp9zzar8nySK1u9/0xJGd5caLaivLbdXjA5GgxJpbuchWevO/vxkAJAHatSRH
yf3+0JzTWhySg88smBmAIPhnzQljn6bXSxYnbhjUDjv1Wur6rHZo9MzB0DANs9fstsxWe1CvZZE4
hRSj1zdb5rAz7JrtYb3m0SQ9ieMwrh3+WUtXEVxVE8f1ms+ShM6RMqKeR9KQZIHNHDdgNvFZught
EoXWDUt9IE2nF47jwY+xR1csPjxc0GTMYt9NEN/ePvBzMs975Xqc4eF0+j4B7NPpkQ23u0ka0zSM
p9NjltykYTSdfrg4NabTyMvmbgCXjbOYjRYosdHsNA04lcTWdHrd67x61WqV58tfzWgRYauiRcno
oMrnANgcSC7FyeIH3I8ygXq7PVBwTC34/WvtWYs8jd9etzXYPySPoG78RKPIW41HEzpP9kAtbjD/
td/7jTSbXrPJfm0242bTOWP+jMEP9hsc/z/yZ5I5jnv3BS5icN2flkeD65TOv1xb9M4NFnPqwnU/
wen+n34y/1In4ex3ZqV/bb86kU13jN/IjUXSzCXBArg0MwI4mj5Jmk2XWM0mWcBhCqzhVJ2cvz89
JWjsZ0ahorPMS12uo4vJm5PLK66iNAvmScqC9sEZdYO9fm+dWuYsxR+vuN/vfXv85qb4x2GURROa
3OwZQxCiODGdomSNn64W4S23PWfbJpGP9+N/JfqDxFowO/NYfICc3tDAht97RrsPHCclx6Ktxk9h
cJkFe26QsjmLicGZdzZhfpUf7Rl9BKzqsLhyOlVwNH6K7zXVfbgpobODMf9zRgOIH/Fer9t5vJ0C
UuMnH3Q2WcSM2m8YjdMZA8XpLfcebvmKxRAM98z2oCqUwATKU0E1fkpdq2w4qTTSf7wRo2tWGhFn
BFdh6cGjLIzh8DEW4zi0IPyGseA1fJxXd9D7C15JCkoUPIzWw0zG/OcZ/NxrG8Zf8Lm+tsIAulRm
FX3vJU3YCPJHchpSG3vcA30yS10vER3hNJzPlX7ZhpC2cRYoe3Nni7uK3CHEN9aL36mKnwgFCwam
YLDHlRSzPzI3ZnmEHkKYiRY0Pjw4GB0ecHgHGroDCe4AsSmNNs7GTbzxAVj7td++1Gvse2XnXeVJ
wCyYXLvBMvSWzGdBCpxtUJeFV4qzQFHutkKboZCdTh9OEPz3PwdA73QG8jjKZp5rEScLrBQwEzVN
/kNYoU7eCvnIPyKZBf4h1QS/PLZk3jn12T7nO5R8/8SjbitvFf4dHJDJxfEFpxsKXbZCnqM3XscM
2rDY3rT2p+0m2N51AMy/TGv1vHmetLDFvf16fvf+j5yvCXz5j7bSACGus5cjJs+fPycBlEwcbrej
XUdIeRmZ1qY1wbWbc+0pVyPPHI9u9mktsrBQskIvjJl9Jjgm09q+aLOvcBFqGlRR/JVKsMrgmkgX
biJrmhE2kxQC3tPJUGH+BSk91SrMSxgnGlVUPfOJqPCyaA2qXvseKjSF65C9vX84FoUIGEBDIk4e
HoLB30KcpAE0uM/tr6dClQaIXo/GyAA1Tv4rt7eUqluRCpvMW0RLLjH6Brlt9/PbepXbuEKiOMT+
DUBLDohDkAseP9a+/F3l/l3l/l3l/l3l/l3l/l3lfq8qt16bs4DF1MMKEIsorA3VewHYDOxQznbV
2k3TbBpIz1zPrh0ag06nXnOTa5sta4cOhWIBCs04TEMobqAs7QygERfL0GGn32+1O7RDWXdgWV3L
MGcDsz+wjA4dsE6PdtrgtDMTeGcSy0c3sMPbhJxPyJufj48mR43+YEB6zTbhrZNhr9Uie/lVwpmI
2QJVXprkCooBm8Y2ObFdLFz3ydHZMdQQAG8RAfM+JtQBHH5mgc0l6zRb4ux1mGDrb8/PJ0DgB7dQ
OGO17EchaP/ac2cxjV2WoOaovQBpY3bwexIGDbhGFt5G02iaLxzLdPq9YX/otGinQ7tOd2aZ1JwB
drvV75kOa7H+gPWBvQ21RQyoQ//AgrHFjFo3jSX1XBtNDAyz4CYIb4MX8i+CLU06cwMar3iXgEtb
0LbRftGiM8baA7vDzEHP6JmGY/ZMqz+kJm3bveHQHlCA5nR0Vg82bjRbzfaLXqc/6Hfgnl5vZlHa
B1sOumbHZIOuZbYts8sGVrdLzQpD7Mge78gSm/li2O/2h+agY0LFZbaH7ZnRH9B2H9TSh0DRBt7W
cGgYM52TF845B3DCF4N2awYaNS1n2GMOOBe0jAL3Ou2W6Zjwv7ZhURhwVDk0opTngFxR7RcMnJNZ
To9ZptFxbLvTMbqMGjZtw8HQ7rdnDmiLUZ0VlAoLiab3Ahrt9q0Z+DOodzjoDnv9/qwz7FHwWXs2
NE3H7lqO1dZZBLM0l2fwYugMTABs9x2wiWUPabfXY53OrNe2Oo4xoP1et0/ZoKLc8mfDj4ou+mKL
/qYwi+kN+LbQC3ABNpbFYPwxG8wcm7VZx3bsGeja6nWHjtWf9R1m9mZdq+JBSRCGn5lUb/dFvzXr
sv6w3aet3qA/sO22adC2AdKyWb9nd3vmcOCYll1hEnmcQwe8pTdrDWZ9yxlYHepQo2+0h9aQGjMw
jDHrtAbdtmEzA8YoX4phMO+bR5ZrX0J++OBa4MYrJdBVz9RrZZTDAEczGMvHCRbk/5q8/CeLQwyY
NHKR0obO0MJjFtCZxyB+QPKCyGezCKIJ3gTnktBJj1UCVh/AnVpLkbRw9A6dAqPuxdXk48Xl6TGQ
btkscVOEiKOCoyB1JxCHFOCSogJuNSuQj2zqG73WcFeYZaNV3FeTo8vJ+/HDqMPQexneVZFL6qPo
z+en1P9wroE3hk9HL/lBSi8RTKeislhnBMhei2wGY3X/IIclBfwQunZFOk7SPAn8v6UL98qFwdUc
I+LIXbrWriz0EiJaupjQGygYvNVLng2EwAiq/LVO3kWaRgkUGorcD7E+KPihNjI+N/QmzBKmakQl
61oxm11dKzCOsW6G3buvU0ftBArJ0F8djd8C+7fBchTTZPHK5WylohLZ0nRKBb4F4gMF6WjX90wA
//6tJi4n6IK2quY/WqXzYz82dhZNgJ8N/FAAbD//u6EI4ciDkdApnc91SRS6KlD7vj9PbqEKBdA7
kicV7NA6UEQiCA9AcKk0TNs6sYR5lKy8zD8bHej8pDJeMWZX9MBJjySH1wuapOQ8DGc7i7Wy1S2S
BN7h3lWRu3f/AeDu3Xa4oZNWcCNFTw+QICpO908oTwF6bC8yN9kV/t+BaZAzFQ7oBkvhegLURhJd
Mc+riMRJj9gCy4s6GWXxLk2RQKPb2eLTuIL703hdNkNDnB3vCrbgJjT+abwZ+Af6umBzICUA4V7S
AJPX9TIMnJj6ipTVM48YaZddBXlNp9j45hZ6ydKUxR/CFPCqEqhkFb4JAM1vEKtrY3c+X42yJA39
k8Ba0CBNag8E8BkHtuTAQFYd5nppPUjTI3AtRdKcdC/FNqAtqot6w4LVHO6716UaR6fjN0c8oKjH
RuXYzI+fXJBJtCB6iXszsccsTapyc1q1M7Z1md30sw817c7qZt7wmzB2P4c401Xg2LR2LgS6CtyI
xVWRJFWvL8yqUBoIOHVFA2g6XZK9F/lPnEEbLWI3aYxj12dwBv9myemHfU0X5taufrYae2Fae1wl
Qo6tlBImyVEQhFlgyce0pWaqp6pduqOr5xMLXOod00C3evupNr/j/GwagHAVKNtKeP1zRt2KaIKm
y1SJs9EiC4M5/byrWJvzw7QSUwQhRNtIDJxoZDGOGbUeqZKrIxsRjSpmGn1m1mJ8dsyWeMMH9869
eaOnTaP3dBEt5B75NnCHuCvApQgOJNWhbptKFdwHGiuunDA4pZmmF0HRu/T9MZD/+kyXHRLVE0Wf
bVHjvMxWepksCY8k/V07o2hxK8jXlm/rmDnlEdD5M70Pwa5gC47Y7ubQRxA5F0ztNjlFhd69N578
RuCR43QqIRQ/NhLEt69gXKBnMIW4ZsT/JkyTRZhWu3vTeHJv9+1ENA1iqDDWS4LTIZOYBomjC6PR
18gDGSeMFq7nWqtdWUhhCSKpYCqHGwnJK9MjD0Kg5nwq+dEEdLIMvStAuivp1JZBHh3HIzOpeTi+
vb1tMsCE/JvpTSnj25T59yTkxDUmHO84qpUtbxEe+D1XizDSZtE0sipGBwBWJw2pl67G7h3zID/t
TBida24wgWhpTqf4a5NMCpZLkFWErJpzikIfn3xwYy5PIXBBqtYR/UomCuf4JBUK4ItXbGe1EWc6
nS45hOkUKgj5S4G1ZrL/+BRX+L1NPBqoeUojr/HH83m2mmYGs7oBGU2zVsvpBHMCRe2C7J2Pjve3
ElefBMYlPfjr0ccD2YoFI+gR2CKIriNf68lwlwWj2lc0VnujSn0kV1+6Fo3t8Mz1wqQ9wKrxOAzS
SZhZizP2qZIz+k+3tMYVZCzRaQcbycuW1YK4IFVGqJ3qDES5voBMGPUrg5avEE8CwHUay0qx+1hs
VUrdEtpBwQOkVbyplFdzMbWY6VcFDgM2g/921WElu+mUCQTAczrV0Kw1n5yz0aJuSdNnXnu6MO/F
yoOLeGfylBxBjBzE5klE3vLBjR4SR5A3lMgBSpjFFvv35cvI9yN80yu0dy+nUQjK4W0ha8riwE3V
h9gF6ZEAg8/SQRZGIJqRZOEGhtHuaGJ9xQxRznw69Z0tJLmDatxmNp89UcNI5UR1uqtbnXteuiwm
pywMhsNeT48lna+ZhUa+OVswl4ZqczHz1FPKl1N0wdrVdPh7+HvI+vhvZ482Co7TqQRR/NhUlLc+
rlLXB9A6/d5TG00szTxGs/Nkn8v+SLBmwQ7q8radbUbUcu23IkROqbibbhOxvDz1VhN6zyh1Xpw+
2ThuzjqlIJVFcYE1WGd0JFFtUmnCbRFrLgMu4dnomKX40ociY0H7T8wbzH3L5q1vYSbmayFdHD8C
/iMk7BGE1YB5bXPY3ZUEr7cZ07x2nTR/pSbHnZMeL4F37FITGkxC9CJsfgTNby7Dm0wUwooMBWlN
Gb/jhVJ5s5tjV1d8lPBV6hYh6isySB6i3GBpYcs8QG0+eQ6ArxjTJUDCGvXrT0p2NWGpP/AQSLYR
5h1jEdzFgsoCPJ1eEU0X7N0ipK8p1Brz8e68S2M6nWpwNve4d3B/6HAlqbIp1O+3sPDdxcvNgaMB
P4axZ6v1l0J8NBliGbkr1GWbmz/vx4GbFS2DZhpGXJjoZpTRNzSYazlDI6/pPPlEP/k3OYN4aZPZ
ipxSXwwKK2sR185AlJXVOHSDVPzURml/8Qx9/TOsQqAtTL0cu9YNvVMjSkmrGHr40Ezh0S918s7c
WTVaNL5NHDm7uj7/oEggjr9f7+LtTae8zQ3ARvQ2SDS4gqLPPJvfduZZNgquUrT+tPnmMxqs7kUL
hViRqtq5qOdm3s6eFghuMOSE9m+3iBxCkLuiv6mSlNTqNKzxfZ9+KFC0g42EY0GGi55UyXLSmvCH
PUVkw39NduZ9su0trAN3jFlawY+U71t5SnbgYhGALyCsx+8GjE8eqxIUtDUyfNsHnyqMTeTQH1JI
QlWCzrd9WD46PTrmSxpE81v4UUZHkHi1YqCk6asTutUimlo347NXWbx6YJz/hDVESn/I6C9WiC+L
HofuxGXbCfSOraryCFLFKB/ekAa5fCl3e9DnMGYsiP3Wztae5/xAjhLMRrK46T1Z3PT9/YmxXnUS
xmFxkCXGDmUoWcIgwN1q9hlg8/quKktOrC7dqsbcd+MP52Tvn/SGrsTrwx/O93e2lBaZc8NsJc8k
O4d0UxWooD5SbkGPiVcgi4svH+9KCo0plyaHso1UXuqKt0P5rieqZPqZ6uRApTrLX77/ixWl5YpR
8bf3tZM4lZf9N5aV12RVMQVR7189uVbNWLtWbfQL30hulaVJdoPr926gCHNv9FkGs7WjFWw+AuaV
HZpcAf81q9cURqAo3B4GamKLXTI/XGqLYe6dWlc6fZMl8FUUm/vAOY3SBdME4oTHp75qC2otcCl8
GuIvo55733Jn5UilBZQRgeV/N5KNwYUxPy7FK2hrSvePLE4/Z65htnclUckRhMhhPPm1hZLbQSkT
Ch2+op53TH2+71Qpt0p+dP7sGOs+XCN2zmY7TJ0VtqACBdEW/hpOxppYk/G9LldZC0NvP9PbnQ0n
kdl0GoRp9GTTCUAgzEXMXvNNFdJQjSka+dF3X7/d6mcVwzYTL+PRycswvOHLnpSNIhRq1VqVFfxH
4MmWqw/OjHVLfredIZONTKcKMO3gCVaVPA8ULgdcI2/GjcpbXgVpzSquM/5k4OEKYlh5BeWbv6KC
gHEXns376vis8ZJR3K1Flb0kViveinP/TpMwuF0FgdHa3Ut7BUt85Qhh4MtGOZz1EkHtjeW6Kk9O
+g9NOkTRFgbhvQT6tLbQWqVWTVKZ4D2mcPHrbPWVL8o8/k5Y3gh0yBKZdvCE3pkzPVDYHJQ60bFU
daOf1XXUqbrtgzr6mherqvrQ0DxI/Hr9aOyknu6Yh+/IJZPw2E2sMLY1Pd0/+8jw761/Hqb/CrMY
qoKdjc0VnqCV1wUQfrDR+3Riw7YPFIp/zQlUsj4f1F7zZP4rHwmLLf+WvGXcNUzDsV6c/HGSumNT
8YTp0Y4uVw6Sf/MdkcjLFTnHJbe2jStu+d9j+ZcvuSV7fPktThvG+ztfvRghaL52UYG/Xvp841JF
+nIvUzVW42aJuvhi97/tHuMhc9y384HCo/aK8u0iEnwiXa99Yks3zJLxSSOnK9HvkZ0Hn9CtOajK
/pC5ck6C1E1dlnyqaKik67Vnv5rSfNe7aXUMLFouQaQl9cZnZ+Odxb1Y8MTlleADAIxJYEIjOcyt
l+4qWA90eaVihBV1pQha1W/aD7kN+W8CdsYN6N4GjstXXO6oR2i+wREpP3fgHYIPaOGSbyzGlyQY
iiI08pr5yjVxY1cqUSBtXgfBTTfvx9q8ZUHS3iL5piUcNplFmbsFbjZz48pGMiVtzXuUEj35lVtm
BpYZHdcJ39iD7ybhedAH0uOY3rBe77edCcncwKJxQNNt9ii5ZDYUIAEbubGVuakmrn5mjRdCq2Gr
V1mM0PuamCSa33Rvq0sWhbGOnxMqjy42rI76T6i079dlf1UyCWj5303MdCUrREW+grTuJZ57e3Z9
zQYZYsOuTb3rCjdgfJOp9WtBqr5E9l2mb/PWtxCB4Uh2TBM1TynENd3i2z49LnGovzcSaxFGr7XX
FHPKf2R0fW0t5lvYZJF5NyyeadvYKcTqCwqVB0bvvTSmrzwaRTurFxSW+CYiR8J3s9tYJNePPIZ7
hKkilcTKm7HVQFZ9f6uO+6nNF64V7ez1ywILCKjievLbXAoXVMDNqrpcsyA9Mr7d4RrUykpAARQy
0EqJ42LjETCr2IBkbVbKRdAKCYVYiR7k3dUIAlRFRLpKXO/12e6ieAlgCwdF59YeyOWU6sNLc+O3
Zr7yQWwiADz56UCJ7CCXpRT0Mkxpqq+2qZ5Z81xr968LVQBsYbyUOs4EG1TFKYn68LNSjL9251Bm
nLLVO7azeJlg25vjn7g+G4W+zzcWUkTQ6Y+u4fyF0Z0lrdPjT9Op1vaTfRBYNc5G45MDXRSUOaY2
e52pO/UUpKrnVbLBReCtyKssvqFBdUcX46sWfXCGIDri2MJ6ePn5eFSVBElryqcdVxt5s5tj//Cz
ghoOvm919OHnLZDSwPU8eu/lTZ2+5gnu3VUWsXjL9/r1t0Mf28SKc59ONUiVwy1ElQMg3APrAYG1
s2sGG5MFO/o8NAcPLi38ii6zFFCmU5nVt94dVeI6eEgmUMRHGqsPf/nhd32h7XiLrsQX+UCVVnkF
UiPr4aDdHHyPBet8SVMkEGwy3fCAoc4yN3Zc5tnqvu/5t2TSmOGu9DBoiw80afF7ZkmCk63US7TV
Fhq5Gu3Nb/EgRG1xOq20v9a2jqe+Q4ZHjz2Twk0v3gXhzpaKvPK2eDXMldrXFoIoxOq+yhXwkLB3
WkaULX99DaFIwTfcpzFIB15XGSLmnx/hoZovs2yC90Nk5pP8h7Vn4+KIjMLAcecEv4s1jafBs6ss
IEfZnAyIaR62OoedPvnfVp+YLdPA8x4N5hmds+csmOOxH6b2c9w5hvZ74o83zdoto0XEkZPBX7Pf
gf+3Z0P+f0rK6zvD9jQz7FYLf7et4ipz6OD/Bw55gDcHIuRq4Pzac2NotE0k3i5Ahw3PTdLnLTym
chfFhvwgHLUWLhNf6EueQ32NfPAFnYYMDuAU4kaf3sl7kudtTsGZPz+0mTjvhDFwLWgh1LpABZXb
OP+UH0fLSLZiu47jWpmXrp5zoPN8QVAjYSluzZo859rFlV0NdNnnYhlmQUsYs5VL8OOIz1+dHk2Q
JFyz8UfG4pVsT5JiGPDmYPB3M6JJApzt5//D/4GGsjRsJHTJ5I1Ll902bFd80u35AEl3s/CugR0k
5yRUBgnLh/ChE/1wVlC0r0o0Vz5+VeIZwS5ALO50WcxHOdz3CGiUaB4MvkggPSaM5CoiNGYkXTAC
Y/YEftCUWGjhlMwYcQPLy/D9QWB/z+eR11Xow50OMqjyTKjD6gT3pYsTZElmMaM3ZBVmseSFX6MD
S7uQArAFMDJ+3BGiEjA+Z7cFuwObOfyhMrkNgx9S/GojozFBLfsgLH7hZYUI8YN8Qu7bBQtIFs2h
cAUGzWmAri2YHU4DQp59XPA1ifjFSwjZNsGvX4rvE4EOcHs2Dx8IiNMcKlRZFBiDPj2Wcn3h7lIW
Iwv+4S+k+MhZ+HDeoQ8J/4oQnkgWWWqHaE3xjcBDMq3Jr/xw1HckZo3fQxADQvx/TWsc5pHnhbcE
ux5+ilBmRrJ0KfkZ/RKv4Q6aJ81DgoGU33rCnVXew7dLwU5ExEf8kNtsRaRe8Xrp28VpBfmzj1BE
gXuAkqltA8xE2AJ1jB/gIj6jSRbzAICyzBiCBk2xPzLKPyo6d5dw7ZJ6GSN7slEIfvvIXX5VsBHz
Wf0G2AA/fnUIp3nb5xl+vg9d7ChZBRZ+Ag28IL4Bp2ryC94nYCf081xSvGwRhxCjwJRweVInvNsT
GR6gc9QJfvwIBEn4R0BBN5ApkOZnAbgTXiKYX3Fbg0zgcnF4B30zZaAGEIm7cVCAQ91KQG8ddFy8
Bh20Ttz0B/y0asxvExtHcP+p3Ez2QIYMOpHJ1cLFaEhJDzmrquNS7hxxFgRoTlusX+VG4JumJk1y
zJbyN/Hd+QJ6Nr6/X1d7onQc1EgcZ1EqqEJhqBgfsEm5uHGhh/JvQtmid9Bl6NoA+2EE6CPocyEo
GryrqTgaXNwQFxWeBgkCAn+8Ej30tRfOwHuwCiCCDv3Ad1Ps6D6b09kqBY2TK6HqFleumyBvfvsE
rXbrcs1zj4IefNsQjHInS7iEjsu3EyIMX5dHNg4UnnmTwsnBWhn/Tuo8BEPhAnbuFdjQnMNscGiH
pIVSQOs8HovvMv1/LwGWVY/hx/z7dfiTNIw4BBlLC0iSXUIgfGASZXYBCFutouIR4CPvEhJc8sMO
4PFOwfFguCBWBmkIN7Ah7I5ZGY+8ocAruiOmreJqdmdBEZGU4oiodTE5OSSTN2+vyOnbs7cTcjQe
n749uSLjk0sC1em7k8s6gYvI5AKuOiEf31ycnpDx5cXo5OqqWe3/DypjzGI35IkZY3CC4lkLxqMx
10URZw1QO5QGNg8r/JIGri4UEZazgmoVpITYDI6E0v6Vnwn/gnIQE2GAl8nGOGfBBKJuGcNFMuJt
8Mk1zPf8hub9q9EN5HAAjBYxC8sCoVeEK6wq7i1kAM9iUVKK2m5JWZP9hyFJydtS8jmNZ9ApGlbo
eaJQ5bHnYe3yXoZw5F1E3gVh26dBxosQFQkUaBl44H49TwdVF8ydUGRWxwFeQl6/7H1NciHCvXB3
qCLCzLMLLC7kj9uAlPgTwTji8EHQXqslZYXWXvE4cS8/ctcRHArZnDj08zwr7pZXNFTHVC2M0khL
3vMN8oBLad5xlReOaLIYWkI3lI5sZ34kqixRyhF5ooEncnsd40XyBo6dw8wlgCPI8NDV6QMKhnwN
OY/gt5DBB5OMYVhIF2C1eV51YrzC1kpU9dyQojyQxWVToMFL/1JPOAiyFllwk+TYRzRCqutnPqRX
nMgm+VgBDUnEkEmgKPWK/UWqkveY+z4GRXckEfEGG1gNZ5BvO4XFjkNxqurTWBZhzBP8xcV5FxK8
5IWqZLxoaFgwHGSFbMcAhZcpUDmi9gCdqC0El4ji2ISIe4SEpXRwm9SnkCdvGS8uC11UIH75KOf7
OKvH/HAaBCxFgx3KBAFV2SL0RHU5oykMc7EI55ChYAIXkimGxzYxApJnRWKZsaLOFJntmWql/BSG
1XiVLvi35xuGYkBuPN5wI83BQNju9mTULktYPn7F6tEWkuOYhtf4eDMQJawmeQNlIPjSc17XkdH4
fR3uBQwz6F+3rg1uz8sEET0L/g3O/5D08oq7LMYTrh3l2iY5siFQLajnHOAKXT5CsBn4sGwKGiU4
V4MOpnTEMukpzNRRyMkdRjWsLqnXJAji/TgY53V2ORDEYQSCuoWkiTdmURA15HFlYHMme13ifmaF
PbEiz82I03l5tQQVu3APJbV2hqa4ab9JxvIej8ZzfgOVI1LpC7xFJ6ZzFAFsAmpLIo/XKzjMhGG/
h52dxminkefidAofN+P3c1mSkrPJe440AZFQ7FmWEhync1OWzYlxRTOPNX6aNfCuQ44Wvdxms2x+
mI9VfiIGjlFkpbaArsrPEzlMTcTAGj05SEKRuKQ3GMhMBCfBbbQIw4QPvvMhCssHoTyC2TSlJKHL
PFLiDEk+iYTnlNErAONTgqJgkfMSODoW42A+h/QD+TQL79DrY/L2mOx9ev/2eB9kBpcHDHD9LYT7
KBaLmcExcOgSw7ilWdZ/4Akhv4QrOwBP//TyNOcvhzUK5QfeGM4k8aQJ1QeOb3ka5rKF+SyJTCHa
JA9vFs65zqpxl7m24ogU6hSIboymedwE+cX3h/MRAB89SqTgN1Bz8pIsCC3PjQi/F9zmjK7AZXAU
ia/ZygE5pjSZB3gsbuTnRJNJGQHzWTF1pmTCpzqEvzv8i/LCGPxa6dxZIqdcLPy4ooh18p6GuOeQ
RFAkLV0PmxFxXMYo2QomIhrMizFCgLd51XxYz6/SZtQenJ0SVj7ywwy7sCMSjuzRqEppY0ywGKL4
VAT4If7mGRJuvuT5UrmZCx4wMfSdMcFsJjak5VN1PMUtcofnPs5n8LTMK8THhgrxIRARWoUaiQ+b
Q2sMktpDKFsPw6QxcAL/yPsdgM1vxr8FmjbvzDgx0MgiG984UnySf62QN8SnftW+ecwbm/EHjzwC
oT5ZjJYm4pPPREpH5ERKnsH5PZrowK9BTPKMzGNcj1eop5ysKTTUvK8iGZtuqcuHaRAnYRQjbBOF
UeblzigPMJXxa2REbPN4yCv8RiSjGCYTDEyQ7WTtzGdzxfTUocziOJvGR42CLJKgtBd+IKyY57BL
vaG/N3DzzAqp6G46OVpAuemEikWglzXEc4ziykWIluFQmvgeQtMNOWKIZCsfxz0JrnlJQMKkhI6D
OXmelOe5CDyK0fk8hvGzmCiTs2pi8iCNKbecJh/HBz344vgCv/XekDFfpD4MCrdMFNcUus4tbzHh
wEsBOK2pzGtDpi00L1xTGOeeUsGg4rx0Jkjy+NVynqrUGpHTQ1V1UHYH6CfKrFUd4mO0oHWC20jw
/JwWZRiEXofFUGo3LLEt66E8m6crkSyoNgsmH4kp+TWDkhNSOY9iebCQDLnlxfm8jXuWFrKqpk5d
v4zVMgEjU7weewKGZrQsBkxskE/vyZvyqdxm2YA8o7aQa/PxFC/DtrCu6BXKxInkAexTqc98imQh
iTxi4ChHFs4yYuB0M4xNbF45uk7BCIYfIIh40IARKJ85EDEO+MkQmWc26rk0kcMSqCQprqGUR1jz
AEZpq8PcaOIc+C3OXh2SX3mxAvmzzqezfkOmYru2Ik2qD0C4GFg4xq4tZw3yh1N8OuChjMUTOs/Q
CS+Q+WgT9/kArDLdqvBFuxyD+EnwcRZmBZG9yhYPCT7UOjR/7Ne7wzuj3r5r180fjR9tLIh4P9/D
h+0WBtfng5YIxeKo090XVZ54vKAO1kUPx9wCOpYzabz04FNhYDVrhY9UMivN4jwo5yOUuHgwwSMO
8IFUZfGnQEmusEb+UAN8QZSzz17xUMOb4tdrTDJeKQjKtUJp8NpSKfrCiI9v2R0EvkQO7qwbHB4k
fCADGpm5UJivRBHHr0N5+c7Wnkgjos8IKTl/KEbiIlbX6jWGy3sSV75bzheyHNb6+CofLs6YWVAT
LVQKPl0KbBprtNC/tsM0wD3kFCo+ptQIWeypxxgi1GPH9VKmMZ77kXq4gPShHrvQy5Yq4feEP9cv
jv2ZeFam0rAUA/y2SossXexL5sjZBe1OHvcTnQQViq9SrsanGoJV8oeHX2jJf5HiVBresADSuybx
ivInpaZcb/rZjcQi9y7f2Oiz587Uq+Hwztd1GiIas9VqG4aJ76KOjy80Se3wmiOpEoHk6uaA7h4k
iXahWNP96UwTsYIADnGYrIsFxFvcWEUjRnKyUH6B0oCMhIAXunOV2faaF1NZ6uJHUHAPD77AyZ3P
+LfRJRdcPcNZ5jv884Bkz/gdQqlWvIpwu0YgtPn1c/ueyVzNylw3bZUEY7SMh995Jnwph/ML1lwX
Yz69U97w5cv/Aa+C8u8=
===END CRASH DUMP===
