PocketMine-MP Crash Dump Sat Jul 17 20:07:56 +07 2021

Error: Trying to access array offset on value of type null
File: plugins/PiggyCustomEnchants/src/DaPigGuy/PiggyCustomEnchants/enchants/miscellaneous/ToggleableEffectEnchant
Line: 53
Type: ErrorException

THIS CRASH WAS CAUSED BY A PLUGIN
BAD PLUGIN: PiggyCustomEnchants v2.4.1

Code:
[44]         return ["baseAmplifier" => $this->baseAmplifier, "amplifierMultiplier" => $this->amplifierMultiplier];
[45]     }
[46] 
[47]     public function toggle(Player $player, Item $item, Inventory $inventory, int $slot, int $level, bool $toggle): void
[48]     {
[49]         if ($toggle) {
[50]             if ($this->effect === Effect::JUMP) Utils::setShouldTakeFallDamage($player, false, 2147483647);
[51]             if ($player->hasEffect($this->effect) && $player->getEffect($this->effect)->getAmplifier() > $this->extraData["baseAmplifier"] + $this->extraData["amplifierMultiplier"] * $level) $this->previousEffect[$player->getName()] = $player->getEffect($this->effect);
[52]         } else {
[53]             if ($this->usageType !== CustomEnchant::TYPE_ARMOR_INVENTORY || $this->equippedArmorStack[$player->getName()] === 0) {
[54]                 if ($this->effect === Effect::JUMP) Utils::setShouldTakeFallDamage($player, true);
[55]                 $player->removeEffect($this->effect);
[56]                 if (isset($this->previousEffect[$player->getName()])) {
[57]                     $player->addEffect($this->previousEffect[$player->getName()]);
[58]                     unset($this->previousEffect[$player->getName()]);
[59]                 }
[60]                 return;
[61]             }
[62]         }
[63]         $player->removeEffect($this->effect);

Backtrace:
#0 plugins/PiggyCustomEnchants/src/DaPigGuy/PiggyCustomEnchants/enchants/miscellaneous/ToggleableEffectEnchant(53): pocketmine\utils\Utils::errorExceptionHandler(integer 8, string[51] Trying to access array offset on value of type null, string[145] C:\Users\Administrator\Desktop\Sv\plugins\PiggyCustomEnchants\src\DaPigGuy\Piggy, integer 53, array[6])
#1 plugins/PiggyCustomEnchants/src/DaPigGuy/PiggyCustomEnchants/enchants/traits/ToggleTrait(39): DaPigGuy\PiggyCustomEnchants\enchants\miscellaneous\ToggleableEffectEnchant->toggle(object pocketmine\Player, object pocketmine\item\DiamondChestplate, object pocketmine\inventory\ArmorInventory, integer 1, integer 3, boolean )
#2 plugins/PiggyCustomEnchants/src/DaPigGuy/PiggyCustomEnchants/enchants/traits/ToggleTrait(79): DaPigGuy\PiggyCustomEnchants\enchants\ToggleableEnchantment->onToggle(object pocketmine\Player, object pocketmine\item\DiamondChestplate, object pocketmine\inventory\ArmorInventory, integer 1, integer 3, boolean )
#3 plugins/PiggyCustomEnchants/src/DaPigGuy/PiggyCustomEnchants/EventListener(310): DaPigGuy\PiggyCustomEnchants\enchants\ToggleableEnchantment::attemptToggle(object pocketmine\Player, object pocketmine\item\DiamondChestplate, object pocketmine\item\enchantment\EnchantmentInstance, object pocketmine\inventory\ArmorInventory, integer 1, boolean )
#4 pmsrc/src/pocketmine/plugin/MethodEventExecutor(42): DaPigGuy\PiggyCustomEnchants\EventListener->onQuit(object pocketmine\event\player\PlayerQuitEvent)
#5 pmsrc/src/pocketmine/plugin/RegisteredListener(80): pocketmine\plugin\MethodEventExecutor->execute(object DaPigGuy\PiggyCustomEnchants\EventListener, object pocketmine\event\player\PlayerQuitEvent)
#6 pmsrc/src/pocketmine/event/Event(88): pocketmine\plugin\RegisteredListener->callEvent(object pocketmine\event\player\PlayerQuitEvent)
#7 pmsrc/src/pocketmine/Player(3713): pocketmine\event\Event->call()
#8 pmsrc/src/pocketmine/network/mcpe/RakLibInterface(176): pocketmine\Player->close(object pocketmine\lang\TranslationContainer, string[21] Internal server error)
#9 pmsrc/vendor/pocketmine/raklib/src/server/ServerHandler(95): pocketmine\network\mcpe\RakLibInterface->handleEncapsulated(string[19] 14.165.86.239 59448, object raklib\protocol\EncapsulatedPacket, integer 0)
#10 pmsrc/src/pocketmine/network/mcpe/RakLibInterface(109): raklib\server\ServerHandler->handlePacket()
#11 pmsrc/src/pocketmine/network/Network(109): pocketmine\network\mcpe\RakLibInterface->process()
#12 pmsrc/src/pocketmine/Server(2385): pocketmine\network\Network->processInterfaces()
#13 pmsrc/src/pocketmine/Server(2152): pocketmine\Server->tick()
#14 pmsrc/src/pocketmine/Server(1992): pocketmine\Server->tickProcessor()
#15 pmsrc/src/pocketmine/Server(1586): pocketmine\Server->start()
#16 pmsrc/src/pocketmine/PocketMine(291): pocketmine\Server->__construct(object BaseClassLoader, object pocketmine\utils\MainLogger, string[34] C:\Users\Administrator\Desktop\Sv\, string[42] C:\Users\Administrator\Desktop\Sv\plugins\)
#17 pmsrc/src/pocketmine/PocketMine(321): pocketmine\server()
#18 pmsrc(11): require(string[89] phar://C:/Users/Administrator/Desktop/Sv/PocketMine-MP.phar/src/pocketmine/Pocke)

PocketMine-MP version: 3.22.0 [Protocol 448]
Git commit: c32c21464c30cd7059a4cbfb0a7d7e493238a561
uname -a: Windows NT HQDATA-788 6.3 build 9600 (Windows Server 2012 R2 Standard Edition) AMD64
PHP Version: 7.4.18
Zend version: 3.4.0
OS : WINNT, win
Composer libraries: 
- adhocore/json-comment 1.1.2@fc2f76979f0a44a5f5bc2a2b600d0762fe0e78e7
- daverandom/callback-validator unknown@unknown
- pocketmine/binaryutils 0.1.13@0abee38d4e2861621f262c79a2a3d699d8a697f4
- pocketmine/callback-validator 1.0.3@64787469766bcaa7e5885242e85c23c25e8c55a2
- pocketmine/classloader 0.1.2@9757928424652393b178a3760073113aa7c9911b
- pocketmine/log 0.2.1@830b44a2cf96ef703c550abe64302f230231ca49
- pocketmine/log-pthreads 0.1.3@e477ecf6ec214fdd4415ea1da3fdd9d73bf699ea
- pocketmine/math 0.2.6@43057cb8c179a9859677b496a788db922fd5cfc3
- pocketmine/nbt 0.2.18@9f82ca4d7f97fcd9a566e44b63c4f18a7657ae82
- pocketmine/pocketmine-mp 3.22.0@c32c21464c30cd7059a4cbfb0a7d7e493238a561
- pocketmine/raklib 0.12.11@9cce458b8bfde3e4dfdbf70c659fc7b7fe26b5c4
- pocketmine/snooze 0.1.5@70b5e7937a06878dd321a3182ceb76d56298f2cd
- pocketmine/spl 0.4.2@6b08b7cf8c4afa17139c9a1b3bf1b408531de161

Loaded plugins:
ARQuest 0.2 by phuongaz for API(s) 3.9.0
AntiTNT 0.1 by Adam1609 for API(s) 3.0.0
AntiToolBox 0.1 by NgLamVN for API(s) 3.19.0
AntiVoid 1.1.0 by FiberglassCivic for API(s) 3.0.0
AuctionHouse 1.2.5 by Shock95x for API(s) 3.0.0
AutoClearLagg 3.1.0 by Twisted for API(s) 3.0.0
AutoFeed 1 by Ghast Noob for API(s) 3.0.0
AutoFix 1 by Ghast Noob for API(s) 3.0.0
AutoInv 0.0.10 by JackNoordhuis for API(s) 3.0.0
AutoSell 1 by Jero, Cur for API(s) 3.0.0
AutoXP 1.1.0 by JackMD for API(s) 3.0.0
BLOCKBREAK 1 by YTBJero for API(s) 3.0.0
Banking_vonfram 1 by Noob for API(s) 3.0.0
BetterVoting 2.0.2 by Twisted for API(s) 3.0.0
BlockCMD 1.0.0-beta by kenygamer for API(s) 3.0.0-ALPHA10, 3.0.0-ALPHA11, 3.0.0-ALPHA12, 3.0.0
BlockSniper 3.2.3 by BlockHorizons, Sandertv (@Sandertv), Chris-Prime (@PrimusLV) for API(s) 3.2.0
Blood 1.1.0 by NashanPlaysYT for API(s) 3.4.0, 3.3.0, 3.2.0, 3.1.0, 3.9.0, 3.9.1
Boss_Quai 2.1 by phuongaz for API(s) 3.0.0
Broadcaster 1.5 by EvolSoft for API(s) 3.0.0
BuilderTools 1.2.0-beta4 by CzechPMDevs, VixikHD for API(s) 3.16.0
BuonLau 3.0.0 by AmGM for API(s) 3.1.2
BuyCMD 1.0.0 by zZPROGAMERZz423 for API(s) 3.0.0, 3.1.0, 4.0.0
BuyFix 1 by phuongaz for API(s) 3.0.0
CachMuaLand 1.2 by Noob for API(s) 3.1.1
ChoCanh 1 by YTBJero for API(s) 3.0.0
ChongBug 1.0.0 by shin1134 for API(s) 3.0.0
Class 1 by YTBJero for API(s) 3.0.0
CmdSnooper 1.0.0 by HotshotHD for API(s) 3.1.1
CustomAlerts 2.1 by EvolSoft for API(s) 3.0.0
CustomCraft 1.0.0 by TeamBixby, alvin0319 for API(s) 3.0.0
CustomItem 1.0.0 by Phuongaz for API(s) 3.0.0
DEVirion 1.2.7 by poggit, SOFe for API(s) 3.0.0
DLevelIsland 1.0.0 by Nguyễn Công Danh (NCD) for API(s) 3.0.0
DancingFarm 1 by RicardoMilos384, DontTouchMeXD for API(s) 3.17.0
DanhHieu 1.0.0 by JeroGamingYT for API(s) 3.0.0
DevTools 1.14.2 by PocketMine Team for API(s) 3.13.0
EconomyAPI 5.7.2 by onebone for API(s) 3.0.0
EconomyLand 2.1.2 by onebone for API(s) 3.0.0
Eff 2 by AmGM for API(s) 2.0.0, 3.0.0
EnchantUI 0.6 by UnknownOre for API(s) 3.0.0
EnchantVipUI 0.6 by UnknownOreforsource|RBpmmpformod for API(s) 3.0.0
Eternity 1 by minefore and shin1134 for API(s) 3.9.0
Fly 1 by Ghast Noob for API(s) 3.0.0
FormAPI 1.3.0 by jojoe77777 for API(s) 3.0.0
FormImagesFix 0.0.1 by  for API(s) 3.11.4
GemUI 1 by WoolChannel3295 for API(s) 3.0.0
HeartWings 1.3 by Edit Nờ Cờ Dờ (NCD) for API(s) 3.0.0
HuongDan 1.0.0 by YTBJero for API(s) 3.0.0
InvCrashFix 0.0.1 by  for API(s) 3.14.0
InvSee 1.0.0 by BlockHorizons for API(s) 3.0.0
KeepInventory 1.0 by KhoaGamingPro for API(s) 3.0.0
Kickk 1.1 by MCPEVN-TEAM for API(s) 3.0.0
KingofBlock 1 by YTBJero for API(s) 3.0.0
LoadAllWorlds 1.1.2 by  for API(s) 3.12.0
LpkCuaHangUI 1.0.0 by phuongaz | Moded by LamPocketVN for API(s) 3.0.0
MS_GiftCode 1 by YTBJero for API(s) 3.0.0
MS_NV 1 by YTBJero for API(s) 3.0.0
MaxEnchants 1.2.1 by Xenophilicy for API(s) 3.0.0
MenuAuto 1.0.0 by JeroGamingYT for API(s) 3.0.0
MineLevel 1.0.0 by TungstenVn for API(s) 3.0.0
MineRalGUI 2.4.0 by YTBJero for API(s) 3.0.0
Minerloot 1.0.0 by Distoxicqted for API(s) 3.1.4
Minion 1.0.4 by phuongaz for API(s) 3.0.0
MuaCoinUI 3.5 by BlackPMFury for API(s) 3.0.0, 3.2.0
MuaFLY 1.2 by SableIamNoob for API(s) 3.1.1
MuaKeyUI 1.0VH - RBplugin by Ibenrm01 for API(s) 3.0.0
MuaKitUI 1.3.6 by Infernus101 for API(s) 3.0.0
MuaPointUI 2.0.0 by JKPVN (JakayPluginVN) for API(s) 3.0.0
MuaTuNhanUI 1 by FurryJaki1992 for API(s) 3.0.0
MultiWorld 1.6.0-beta1 by CzechPMDevs, VixikCZ, fuyutsuki, kaliiks for API(s) 3.20.0
NapTheFGC 1 by KaYuuVN for API(s) 3.0.0
Netherite 1.2.1 by Wertzui123 for API(s) 3.0.0
NgoiNha 1 by Nguyen_Dong_Quy for API(s) 3.0.0
NoFallDamage 1.0 by DeveloperNeb101 for API(s) 3.0.0
NoTP 1.0.7 by awzaw for API(s) 3.0.0
OreGenerator 0.1 by phuongaz for API(s) 3.0.0
PCEBookShop 1.0.3 by Aericio for API(s) 3.11.2
PECollide 1 by saxavlax001 for API(s) 3.0.0
PHP-Sell 1.2.7 by Muqsit for API(s) 3.0.0-ALPHA9, 3.0.0-ALPHA10, 3.0.0-ALPHA11, 3.0.0-ALPHA12, 3.0.0
PM-Beacons 2.0.1 by jasonwynn10 for API(s) 3.0.0
PayPoint 1.0.0 by YTBJero for API(s) 3.0.0
PickaxeFunction 1.0.0 by NamVN for API(s) 3.0.0
PiggyCrates 2.0.9 by DaPigGuy for API(s) 3.2.0
PiggyCustomEnchants 2.4.1 by DaPigGuy for API(s) 3.19.0
PiggyFactions 1.2.0 by DaPigGuy for API(s) 3.13.0
PixelgamesToDiscord 1 by ImNotYourDev for API(s) 3.0.0
PlayerVaults 3.3.0 by  for API(s) 3.0.0
PointAPI 2.0.9 by onebone | Edit By Nờ Cờ Dờ (NCD) (Danh Miner) for API(s) 3.0.0
PureChat 1.4.11 by 64FF00 for API(s) 3.0.0
PureEntitiesX 0.7.0 by milk0417, RevivalPMMP for API(s) 3.19.0
PurePerms 1.4.3 by 64FF00 & ProjectInfinity for API(s) 3.0.0
QuyenVipUI 1.2 by NightBlackDM for API(s) 3.1.1
RankUPUI 4 by YTBJero for API(s) 3.0.0
RebirthUI 3.0.0 by YTBJero [Edit by NCD, Ghast, CurlliestDrake66] for API(s) 3.0.0
RedstoneCircuit 2.0.0 by tedo0627 for API(s) 3.6.0
Report 1.3 by ImNotYourDev for API(s) 3.7.0
SEnchant 1.0.0 by NamVN for API(s) 3.0.0
ScoreHud 4.0.0 by JackMD for API(s) 3.0.0
SeasonPass 2.0.0 by TungstenVn for API(s) 3.0.0
ShopUI 1.0.0 by SaltyPixelDevz for API(s) 3.0.0
Shulkerbox 1.1.2 by UltraFlappy for API(s) 3.0.0
SizePlayer 1.1.0 by  for API(s) 3.0.0
SkyBlock 1 by KhoaGamingPro for API(s) 3.0.0
SkyBlockUI 2.0 KSCore by KaysilGMVN for API(s) 3.0.0
Slapper 1.6.2 by Slapper for API(s) 3.0.0, 4.0.0
SlapperRotation 1.2.1 by jojoe77777 for API(s) 3.0.0
StaffTable 0.4 by GigantLeyKey for API(s) 3.0.0
StepCommand 1.0.3 by DavidFlash for API(s) 3.14.0
TimeCommander 2.2 by Zeao for API(s) 3.0.0
TopGems 2 by moch for API(s) 3
TopVoter 3.1.0 by SalmonDE for API(s) 3.0.0
TradeGui 1.2.3 by Only FurkanGM for API(s) 3.11.0
VanillaEnchantments 4.0.0 by TheAz928 for API(s) 3.0.0, 3.1.0
VanishV2 1.0.0 by superbobby for API(s) 3.0.0
VeSo 3.0.0 by AmGM for API(s) 3.1.2
VipJoinMessage 2 by Hender Plugner [Edit By CurliestDrake66] for API(s) 3.0.0
Warp 1.0.0 by  for API(s) 3.0.0, 4.0.0
WorldProtect 2.3.8 by aliuly for API(s) 3.0.0
essentialsTP 1.2.2 by  for API(s) 3.0.0
helpnewbie 1 by YTBJero for API(s) 3.0.0
iProtector 3.1.1 by LDX for API(s) 3.0.0

----------------------REPORT THE DATA BELOW THIS LINE-----------------------

===BEGIN CRASH DUMP===
eNrtXQtz27ay/iu4zplT515LFqm3zqQTR7ZjN7aj2o6TtspkIBKSWPNVPmQrp/3vdxcASYCW9bCV
njt30pnG4pJcfPvA7gIEwX/vjIPIo8mXGYtiJ/B3eo29ncTx2E7PaJmtptk2261qx2y3a/W9nTQU
p8xGu9qo1Wu1Vq3d6hhmG25yaZwcRVEQ7fT+vZPMQ7hshx8f3VsM7gPeezsei2M6wVPX0dzxJyQJ
CLUsoBIaRXROgvE4ZgkJfDKjbsrgmCAv4qeuC/eP4c+x4yKDfm84/BAD6uHwwPYc34mTiCZBNBwe
svg2CcLh8Go2HIZuOnF8uGjgTCbzfhongXfkW1PqJ0CMIwuup3DubTp/5BqW//Kc2GKuS30WpHB4
HUwmLqMjlx2Nx8xK5C3VcBoiVAFTtr+/gPU+tL6fNb7wgqzpfa3l/UcahkZdx4dGm2AqUIYFP3/b
eVEjfyOG3Wb9ZY+EgXXLEjAKGw7TxHFBWR/wT6/HNI84ob7tsmjX8RM2YRHp7BGwIvjFb03jM3mC
i+T3G43mZ/LNXGSPZIhB1QLWb63PL8EAL4wtaRuQOkmm5ms82K13QbVbdtbKjwk/sRuMfgeqZrmB
S+cs2iMLTjkJ80ArDvUC3+5PWZyELk3Y4mv9GfNB6wD5IPKC6DQ7LrRoFD9Bn6MgAKQ+4fo0v50+
2xvpU1GgoHkM1Rf41/+3FVh/ngKPsK0z6DnMh45aN2rP1lmvRxOQPky+veL4taxoejhUcJz6cUJ9
6zk61xTdIKGH6sT/C1b7Qvv75yyZBjbX5tE9s1LgtdswVytT0z+6288puO4CxGzGBQy56jIV4sWc
A0fYXIrwkk2wmYjZubk7tVIwF5cOhwukqfzI+K/coJsIttAGa0jUWiwRv1O47m6n84gMD+Wt/GhR
1xW3PQ1PezEeceluvW2Us6PkyTmI5nc5o85iRj5L7oLodt+zQrZ/SW/PnNEpuGM0hmS/a7RbJe6i
XeDrBvHCjgbpYQLdNKJ+DL0IMnI/8BPqcIvITGpCJuZt+NQlkEyhUCQ8i3OcXYkT8NtBpEKN6K3r
jLgA4q79K/4ny/ndZgmslA0yFwgH5tGlq/w45TeCA9EwTrHP27tZsu9+JkajarSa1U6rata7pNlt
NDq5UwkoYLkoSAIrcHkYyLkMKGIo+nVN5PHaUyxQw5SSNSfEhhpDlTuTQ7QqjG0Yy9u6EH8l+010
BhJj5SSbMRc3I/DtmvXOoyaRCHKGeRMZ6/py1kbTLLEWZ6D8cKxbyaOxlIfR7S7jMRDAIKoKZs3l
zJqd1iPMIClEmV0eCS8D/vMcfu6aXeMRPl++WAFkmCi18mDyhsasD+Ok+Cyg9iNBT5bL59AJzyA/
Kh2x3li7os3vaZibV8FC9PZK0etmWXTh8FJ3MoLtGnhVxP5InYhlHbYDHTac0qi3v9/v7XNw+xq2
fQlt/2qmNFk5H1TxtoWgXu58/mtvh33zEeh/clgHAoqGv0B9ErgzhnUMoLFBtxZeKM4CZUGzcNoK
bIbKaTTgEiL/i1iSRj75bbgzAv888ELXGTsQt3bIqx/JP5KpE1d+1M7skeEOzQ7OUzdx4HfphgXn
P/8LEDSasuW/8KAFB/i3LYlhOnIdi4xT30JzETk2EWmM/COUZeEp1HXkH1jdwe+sMAOCVqORf8Ru
kMifLuRZV9RrgJBzBa+cBY6NzXdk8//Gg66iGmdMdrPL+dlmTTlbXMFFZtxo5NWrV0TYr9f76cP5
4CWRQ1/wqqtpkLr2Nb1lx5DpD6kHnribizWmbgzVqGk02o1OvdVov0SNNY1FTYYys09pLBrTUbwk
//wnyS+asGThRfxMbtbdlyQ3H7uHfnhIE/rQKz6T/1l01UKH+Ez+W+r+ZXZPGLGZA94uAP2mYryg
Htt9+Zm8Wo2cK8ZUFPMXYaA8YaP64zZKse9fY3f+LzCT1j96vetfBkdfDi7P319+Ob24Obq4fn/5
C/nzz1xaCGFhyGw+HrhKIH8vRg+Ma9JbGiUk2/YYyC5M6KK5oKUcXcS8YMYeV2TrEZhODAh21zbc
Syl1ewE7DQ+1bR3MGrw50M4jnFN/M6CcWXcBM4xKrdqCEyJI4n2tcn/k92i+iATVCdczxF/fJ+2+
T9p9n7T7Pmn3fdLu+6Td90m775N23yftvk/afZ+0+z5p9/970m5vZ4JhnLo4MeVTXF6yo90NwHAK
olihslOvmma1hvTUce2dntFp1Pd2nPiLzWY7PTGNspPFjZ0eRpWdiYMTZVbdtEyj0WpY9Zplt2vN
Lm1Yo/GoRtt2mzW6dehPtAlDvL2dVGL56ECQvIvJxTU5+fnw4Pqg0u50SKtaJ7x10m3VamQ3u0o4
EjFr0G8vTXIFxYpNI5sc2Q5G6pfk4Pyw1cCZumkIzNtViIAdOPwKoZhL1uCCwdkvQYytn15cXAOB
H9w5Pp/E80LIDNEXiFcRjRwWo+aoPQVpI7b/exz4FbhGTg0aVaNqvh5b5rjd6ra74xptNGhz3BxZ
JjVHgN2utVvmmNVYu8PawN6mIACgDrx9zGwjCHkVGLM5NpoYGKb+rR/c+a/lXwRbGHXk+DSa8+4A
l9agbaP+ukZHjNU7doOZnZbRMo2x2TKtdpeatG63ul27QwHauKGzWti4Ua1V669bjXan3YB7Wq2R
RWmbNTudptkwWadpmXXLbLKO1WxSs8QQO7HLO7HEZr7utpvtrtlpmI1WE1JQfWS0O7TeBrW064ZR
B95Wt2sYI52TG0w4B7NqvO7UayPQqGmNuy02btfq0DIK3GrUa+bYhH/qhkUb3QccKmEyjRi1M0XV
X7NGu82scYuhi45tu9EwmowaNq3DQddu10dj0BajOiuPJlOJpvUaGm22rVHHMkC93U6z22q3R41u
i4LP2qOuaY7tpjW26joLf5Rk8nRed8cdEwDb7THYxLK70B1arNEYtepWY2x0aLvVbFPWKSm3+Fnx
wryLvt6gvz2oQoReAJPxumtZrNHsjDqjsc3qrGGP7RHo2mo1u2OrPWqPmdkaNa2SB8V+EHxlUr3N
1+3aqMna3Xqb1lqddse2IRbSugHSslG7ZTdbZrczNi27xCR0OYcGeEtrVOuM2ta4YzXomBpQGHat
LjVGYBhj1Kh1mnXDZgZI81c+Uc/75sHlzymMeZQAl1H2doqoBvqHY5pCkR7FOAkUTtPAn9CvGCNp
6CCpXu1CfIBj5uMADUIGTgFCp2UhBBC8C87FwTg5VAke5c8EMn7DIW9c/sHHC9ApMOq+v7r++P7y
7BBId2wUw0gM5+dBlgM/ca4hDikCSIougKELcGBTz2jVupoAtacLIBsVibbAfXV9cHn9YbAYNQz2
3gT3ZeSSuhT9xeSMejcXGnjjGeqX/CChFwiGQ1FVrDICZK9pOqpCWN/PYEkBb/AZhi7djXisUYiG
OaCmC3fsjFg0wYjYd2aOtS0LvYGIlkyv6S0UDO78Dc8GQmAEVfxaJe80ScIYCg1F7kWs93N+qI2U
PzQ6CdKYqRpRybpWzGpT18oV5NDbbvP+eerYOYIiMvDmB4NTYH/qz/oRjafHDmcrFRXLloZDKvBN
ER8oSEe7umfCKL7vMhqd0clEk1qlq2LXHzrD9R2Ope1tOUEi2KFoUIEhCBdAoGw6pk09QMI8iOdu
6p3393V+UhnHjNklPXCSZnld/LdTGifkIghGWwtUstVypFpuR/SQEnLn/j8A3LnfDDd4eAk3UvTY
CtG15HQ/QW0H0CN7mjrxtvD/Dkz9jKlwQMefCdcToNaS6Iq5bkkkTlpii59YFOyRfhpt0xQxNLqZ
LT4NSrg/DValAjTE+eG2YAtuQuOfBuuBX9DXBZt9KQEI9+bsff/dm8ujg3eKgApxiWl+uX6D1tmW
hJLdcDiK1rfNG+pj4voyC/xxRD1VhtKZJYJss6cjr+EQG99ACJYkLLoJEsCrSqCSVfgwAijXtFtJ
NQtXtyzIPyMObMaBgaw6zNXSupCi+9AzFEkzkt6lQIAKtEV1UW+ZP5/AfQ8iQuXgbHBywOOhemyU
js3s+MnFmEQLohe41xP7yndCFpUll1S9mjCrdV1ufulJEDlfAx8XHV1RHyrcZEZ2X2c/cbKpP42c
uDKIHI/BGfybxmc3LzVlmRt7xvl84AbJTkkJGRqpCSHHurW3VEpg6+oIVtbYF1D1UR+n8+NfrjW5
xCRPvVqXf03515B/u/lf48n9u2icSx3Y8s9a4gZx/OXnlDqqyDlN7+LGGoPW2jYGrQdpRBEEyAH/
riVGBFdYFJ8XqYIoVN2CpdHA0SxwrwDW9gZHecMgg4ZiyUg2S453d3dVBoiQezW55fLhBCSLcCwZ
qwKq5PKIR0Sqhi5p/yuzpoPzQzbDG26ce+f2RK8IjNbT5baQe+jZwB1isgCXIDjQgg510ypBwb2v
seLKCfwzmmp6ERQ9ftXK3fbAe3uuyw5J7ImijzYo396k81K2EYQHuUaH+/XXweX7twfnR5e/fm2Y
9QfOWsSVxnOc9zylZ8yffjjdSCB9SCMJSyqcbUcP0eL6kPvUmqKk1FejvUot9acVBZrx9ADuQmvD
oc/LNC+lrmh8tQTToE/9qYpeUv4DFbJlbaD6KVj+TTrRkQvSii4QTx3fMOqNbeG/kvyGQwXBagFw
Nk1Fz4//Pq3z9m6ccAOVe/YVOJhe6SnEFWo/CZJ4GiTlTPF0l7c8OxZNg+ZVGKsl4WOBAxcSi2YC
lby0bNl2rldbBmF0HE/L9oJJP6Lj5IGIgrrCXteMem+c+9Ecye7M8Wt145lz87J5XJAvi+lCBXlz
mfwcpHawvmmxhQdSc+IKoQdbzihFy+v3s8OjGyfiCHMBclK5PmuXEmIwwSfXMIp6f8y2VlNzpsPh
jEMYDqEyk78UWCserhye4bL+09jVU6VGXmGai0k6H6YGs5o+6Q/TWm3c8CfkEHIV2b3oH77cSFx9
0v04iDz8tfRxTDpnuHRqgi2C6Dry1UalvuX4k2MaqY6pUpeE/kvHopEdnDtuENc7WI0fBn5yHaRQ
aLBPpYDafrqlNa64IjpHpx2sKe/0xGGpLqwgrTA0Zrm31IPGSuPgZ/jw4ckG/Y/NymOknFQawzfK
JV2xFIVgQNMtU38GfgkAF/TMSuOfZYlBGf0U0PZzHiCt0hEKebXeUUjcrLbLAgc+G8H/27KTZDcc
MoEAeA6HGpqV5pNXl4pylVpK7dsQSdXYBuKJql3HtlrA8VgVDI40gZYOT818kPcMI0GTxnCInI31
e5Wcef2guVlO0x//tHQZPoi1Q++jrblZwTFfLr7JUFXeAtXzInEEeU2JxkAJ0shif16+CT0vxP2V
Anv7chq5oBzeBrLismAnmatyZqQlKQtXw4AsjIBTk4UjrmesjciYw1B3vL4kx64qBB79rQ9LocEN
sMqKRMErKXoGqpeT5+/B7wFr439be0iacxwOJYj8x7qinOKLiLE+vaPTHzz/1cTS0qhRbTzZcdI/
YixlsZc5vO3xJvM9b5mndXhxvMSLPkKW7UOn85lbN7vNbZnk7SbDiRNGo+QjVFNqQaMQSw5VGuja
DvQCLLttG6tu/vdQ/t287F4iU4FoA9FSUY+rgmWkFUXmlmdTsmbXx64u9Cngq9QNukTjGbFUdgnH
n1nYMu8Q6z/qAsBXjOkSIGGF+vWnftuavtUf3gkkmwjzjrEwfwtMkUmnl0TTBXs3DagYvAy2510a
0+FQg7O+x71zrNtbVSp+XBrR6NKc9wdHNxeV66OD823JIliCELL1NWD7k2DMbauBL6h/36Tpu/dv
1tc3+t2B634MItdWY69OLz8VNh/v5ebTgd8GPijMCvDFKAROXfeOt7+BOOFtP6Un1J9oOVAjr+j1
2fMa8ic5D2xmk9GcnFFPjExLa2dXjriKEmQQOH4ifmpDxUfWfax+dpwLtL52zq++vHXGSV9umSKV
o1L/Pi89v8JGcfeW4VBpfh0ZLm509HD8d+KG9oZD3uZqsPQ+N6oCWaGW50pL4D8xPwinjutY820J
oLBEz7kv3oTVca0WjvkpLmZTJctI/4HZs6ztDboDjND4DKkqQU5b9eQhhSowYf6Nvy0BCo4gggJj
LTkuqftWC3kKUZ9KanzjKvPIlqbdzBCRGwRJCb+grTDEoQOx896x/iivwXvGEEzlORwm7kai6E9F
JKEsROPbLhLonx0c8rUpovkN8Ke0D5lKd6Wcpi8zaZbLZWrdDs6P02i+cMWG+ayVGr9aAb4sfxg4
1w7bTKDjs190aZCwdNHDFUI8pd42Fz9guzi7cuFMpgnX1eE5iMGpawryjs3LhhGkknfdnJAKuXwj
d07TJDsdMT/yasa2HC3jxyXJwKwli5M8kMVJPjycOyrNSp76Yxb5aWxsUYaCJZb8G82yAmxe2ZVl
yYjltcPlRPhucHNBdn+it3Q+4Oa6udjabAVnzg2zkTzX6QXUAGWBcuqSUgu6fjQHWRx8R35rU5Iq
Uy5NBmUTqdzE4WMZTaicqPtcS64oNFauKOz/yjfwn6dJnN7iKtJb6jrOrT5ZYNa2tM7QQ8B8RIRq
UMA/Z42hwggUdUHD6yk7fttX9FTQlpj+Hf0lTTccHS0bwwp2EC2zxtc39gVLpizix4UMOW1Fwf2R
RcnX1DEWrDp8oigFR759hYDx5JdICm77hUwo9CRwoFeoIkvKspcv+HqBL4dQenz5Od3aCOPt9QbG
CopNAFXwKnnpXNYhVsm4puqCjbaYE0pswXQKok3Eux5oYl0PHpSCpeUx9O4rvduWGJwZLrlMwie7
nAAEwryP2Fu+r0USqKvrNPLS14+/3UJ6FcMmk6mD/tGbILi9mgahuleHQi1bq/Ts4QB6oOXogydj
1erqTSd9ZCPDoQJMO3iCVSXPfYXLPtfIUT9wXUebISpoS4JJTO/pzKX3te11QoXlcBgyS4BY9135
wcmgUnrrMSetWKJ2zp83LH7JqVt6p+mbv/OEgE/4Gox1o87gvPKGUdz2R5W9IJaL0pIlf6dx4N/N
fd+obe8l1pwlvsOGMPDttQzOaomgPMaKWpUnI/29D9HyheDhBquSB451S+/ZsdwEWpWidGbV+sIH
2zc8J3yKtjcRA8MWBFmmOZZCLXtWt5Ss5VZ8z3wjbvm7kuX9/jgy7eAJ4bK0NyVns1/oRMdS1k15
z3J9Os5YQ0fP2aRjxf6HiyE+Uz/63p25no4p9/IHGsrpD17tWkc39eftZsFHQJLyyAOZvZ2Ty3f9
KeWrlnFLqpPUftzjMmlKh8/Was6Iq/OeufgqbnwdHDoxYLI1pT48uyR1n3oXQfJLkEZQ9W5tUkXh
CYp4mwPhB2u9tit2jbyhYB/NY1SyPiNZXmm0JVmy5Qdix80Zbznb1DLHsVqc7Amguilc/lBwadyU
SzLJn3zTNfJmvny5C9nlK875FPrLra96DRE0X/OqwF8tfRox3oMU6TOS3ushIpb8s9U4Pq5tVotw
5gMWeQsK652sI+Hqh72dT2Jv9cFRJe9ghdRfRNsgqwRb/HpCf+agsl2QMzZSOUd+4iQOiz+VNFTQ
9bFVuxwcPce9rTUMLGUvQaQZdQfn54OtpZFI8MT1n+ADAIxJYEIjGcyNl3wrWPd1eaVihBV1pQha
2W/qi9yG/JOAnXF/y1N/7PAloVvqEZpvcETKzy14h+ADWvgZp2nKC3kV4vIXOJXnDdt6lnFzOsBX
7+UzjAzEyhhwSf3bDwNNipykytD4phU8NpmGqbN+3XvJRk6UTHXgOW3Fu9cSPfmNh+4RhO7+4R7h
S3f55jowpmVxchjRW9Zqfd6akMzxLRr5NNlky6ZLZkPd47O+E1mpk2ji6mdWPNeAVoNay9TX97ae
E3xE8+uO/S9ZGEQ6fk5Yuo700TKo/YQRysMC7LHaSEDL/q5jpqvsM0qFfFfFl5X+vgHkhdj8b13v
yitnBXZG0rr/gudk32RDp6z1DURgOJEx0N+KVogrusW3XTRS4FB/ryXWNNCTiySscKYr6iZz7urg
yFub1f1wKuY317bJNHVvWTTStsRUiMsXL+58cJOIHrs0DLdWGCgswRICCd8Zc22RnK9MDC9UkQri
8l16trVlALZ3Jr4xUPxeC/7tvLwUNicte4a4vWXJpTWW4q1CyB9zJQqLfZXAKGJ/pZU5JRNB7ygF
sdT3yburPoSX8mPSeey4b8+3F4MLABu4F7qm7luSUn4QXl4XIy97uLznWRuxxILtxgJcBgktzaeW
z6x43Lv9N5FKADaQKaHj8TU2qIpTEPXRX6lEfutMIPmfsfk7trUoFmPbm+BnYT/wPP2VVpW64lHa
IZ05NkTNeLqzrfdGCpYQwhCJt0Guv3Y8JqFrfUWn672+1F9+ZXRrw5azw0/Dodb2k5/oAqsKvuKw
r4uCMgfhW6aNtjPKktd3vcDSTPbkaTbgg99q4g1uYKcgvAn0/dBy0opdgqGA8QL/8GhrnV/y41Jw
BMWvtUSJqM3epuoedTmpHMlKvee9787JcRrdUr+815fxrMVXnCH/No+9waOiG+o7rkuVz1ypTrXo
7IoRwPWUHXztmp1HNwN7ooQzAWU4lMl64x2cJa79RTJJRcTTG7MkPSet2gMqDbGCHY22F9JzjsNh
hqL4tZZd2ZW64J8f/o2bz2F7GzihE/4UOP559n3kArZ+YklsO2EYGglOy/nw97ds/h0nbr7FvI1o
j8+p/cQXPMsf64j7kUbqKhZ+uNzFtlzHHW6wSo8vOYQ6P8GvPCugVbKeW+vVTmmllOuk7tb6huA2
HPIFlqFAsM5004KYcJ460dhhrq1+QyT7+mESMfzCCe6Sua9Ji5/6jmOcVadurC0b08jlPGB+i7Gf
2uJwWGp/pW2nzA19djdy1D6nEP++t7VOoNH1fdKRptCWtynEcjVRwg5l1VaLvaLl51d6ihT8Sy40
AunABUsbAmVftuIPzfh3n6rQFSBp8Ec7vZ0Xg/yI9AN/7EwIfj1+GA39FzC+Jj+lLjFMYhg9o90z
G+R/am1i1kwDL8Bv/KUQbl8xf4LHXpDYr3CPLNpuiT/uMK3XjBoRRyP406hb8G991IV/zXZjmBp2
rS1Oj2M83zAD9ZS81Y6zK+HfWpxfgues0xuStwrNcWxC1gpOwL4yukbdROLdFPRacZ04eVXDY+r7
Qepb2JX55wypNXWY+GB9/AqGesgnpHd+RUYPcBRxo0fv5T3xqzqn4NSwF9hMnB8HEXDNaQEMu4AK
ZrBxgjI7DmehbMV2xmPHSt1k/ooDnWRLHysxS3Av8PgVVziuYa2gG786w5x/lXoe5Jb8TMyYrVyI
Hy9+dXx2cI0k4bSVP1IWzWWrkhRZIJaEhL+rIY1jCJr2q//m/4Ge0iSoxHTG5I0zh91VbEd85fRV
B0n3o+C+gl1HXqJ9oKg69/ADRS8IOj2xuJulER9Oc28joC+i+Sx4H4FCLGYkUwChESPJlJHAB1dN
pjQhFtovISNGHN9yU3y1F9g/8HLkdRV44nvOD3nGdIxfasWl1zGyJKOI0VsyD9Io+yqlMyZgR/xy
PLYAJozAGSC1AOMLdpez27fZmC8eIHeB/0NCcN6ARgS154Gw+LGwOSLEb2oLue+mzCdpOIFSHBhU
hz46rmDWG/qEvPg45WvC8VPVELFtAizkF/hAB/LjmgCKn+ZQ3QCaAVHhF0u4vnDjPIsR8XFIpHjI
WXho1oN7hH+QDk/E0zSxA/B5T9RSPTLckR+M46jvScQqv0MBQ/zg7r+GOxzmgesGdwQ7Fn5XWyZG
MnMo+Rn9Da/hjpflzB7/Kjy/9Yg7obyH79uDXYSA+UBDyG00J1KveL302fy0gvzFRyjXwT1AydS2
AWYsbIE6xg85Eo/ROI1490ZZRgxBg6bYHyl1UYcTZ8ayj3/vykYh2r1E7qJF6C38oU4FbIDfUOzB
ad72ReqNQEXgYgfx3LeuaXxL8MOW4FRVfsGHGOyEfp5JipdNowAiEJgSLo/3CK9UiOz80Dn2CH5H
DwTBFMV1A7kBaV7qgzvhJYL5Fbc1yAQuFwX3DrgbAzWASNyN/Rwc6lYCOh2j4/KPoIOD7hEn+QHU
l0T8NpthvOP+U7qZ7IIMKXQik6uFi1GRkvY4q7LjUu4cUerjZgDojrgOnxuB77MdV8khm8nfxMOH
24TvCbKn9kTpOKiRKErDRFCFwlAxHmCTcnHjQg/lnxe0Re+gs8CxAfZiBOgj6HMBKBq8q6o4Glxc
ERflngbhH8J6NBc99K0bjPD7tZD3iaBDP/BgTAE29tiEjuYJaJxcCVXXuHKdGHnz26/RancO1zz3
KOjBdxXBKHOymEs4dvi+VoR/2BfZjKHuzJoUTg7WSrHPkkkAhgqwz6JXYEMTDrPCofVIDaWA1nk8
Fp/4+z8vARZSy/Bjdn0e/jgJQg5BxtIckmQXEwgfmByZnQPCVjNURs1sSGA8CHzkvULii3/YAkLe
LzgkjBjESiET+ZCJiPhCNnp3ICCLHomZK7+a3VtQH8SFRCJwvb8+6pHrk9MrcnZ6fnpNDgaDs9Oj
KzI4uiRQkr47utwjcBG5fg9XHZGPJ+/Pjsjg8n3/6OqqWg4Bmj7MZkuqY8AiJ+DZGQNxjAJaU8ZD
MtdGHmwN0D3UBzaPLfySCq7MFWGWs8LvSDs+BGjwJpT3MWcTTgYVH2ZDHy+TjXHOggmE3iKQi4zE
2+BTb5j0+Q3Vh1ejL8hRAJgtZBbWBkKzCFfYVdybywDuxcK4ELVek7LGLxdDkpLXpeQTGo2gZ1Tw
pQlRi/IAtFi7vKshHHkXkXdB7Paon/JKREUCVVoKPvhyL8sJZSfM3FCk1/EYeAl5vaILVsl7EfOF
w0MpEaSunWNxIInc+aTAHwvGIYcPgrZqNSkrtHbMg8WDJMldR3DIZRtHgZclW3G3vKKiuqZqYZRG
WvKBb5AFLqV5x1VWPaLJInyFBdxQOrKdeqEotUQ9R+SJCp7I7HWIF8kbOHYOM5MAjiDNQ2enCxQM
SRsSH7QwAyeL45RhYEimYLVJVnpi0MLWClR7mSFFjSArzKpAg5c+qicc51jT1L+NM+x9GiLV8VIP
ciyfSssGAmhIIkZFAkWhV+wvUpW8xzz0Mai8Q4mIN1jBkjiFpNvILXYYiFNln8baCKOe4C8uzrqQ
4CUvVCXjlUPFghEfy2U7BCi8VoHyEbUH6ESBIbiE/MPqRNwjJCykg9ukPoU8Wct4cVHtogLxY4AZ
3+Wslvnh0JefUO/JFAGl2TRwRYk5ogmMZLES55Bj/AQ9kUmGxzYxDJJnRWoZsbzYFOnthWql7BSG
1WieIPM9UjEUA3Lj8YYrSQZGpgAetYs6lg9OsYS0heQ4sOGFPt4MRAmrSk6gFgRfesWLO9IffNiD
ewHDCPrXnWOD2/NaQUTPnH+F8++RVlZ2FxV5zLWjXFslBzYEqil1x/u4HJsPE2wGPiybgkYJTtGg
gykdsUh7CjN1KHJ0j1ENS0zqVgmC+DDwB1mxXYwGcSyBoO4gbeKNaeiHFXlcGt2cy14XO19Zbk8s
yzMz4pReVjJB2S7cQ0mtja4pbnpZJQN5j0ujCb+BymGp9AXe4jiiExQBbAJqi0OXVyw41vQAPHZ2
GqGd+q6DMyZ88IzfY2dxQs6vP3CkMYiEYo/ShOBgnZuyaE4MLqpZrPGStIJ39Tha9HKbjdJJLxuw
/EgMHKjIcm0KXZWfJ3KsGovRNXqyHwcicUlvMJCZCE6CW38aBDEfgWfjFJaNRHkEs2lCSUxnWaTE
6Y9sngjPKUNYAMZnAkXBIicncIgsBsN8mugH8mkU3KPXR+T0kOx++nB6+BJkBpcHDHD9HYT7MBIr
18ExcPwSweClWlSA4AkBv4Qr2wdP//TmLOMvxzYK5QfeGE4W8aQJ1QcOcnka5rIF2VSJTCHKDM54
zJuFc854XrlPHbuQlkKZAsGN0SQLmyC++Jx9NgrgI0gJFNwGik5ekfmB5Toh4feC15zTOXgMjiS9
YJYNyjGjyTTAQ3ElOyeajIsAmM14qbMl13y6Q7g7brZKE2ELfq307TSW0y4WfqtXhDp5T0Xc0yMh
1Egzx8VmRBiXIUq2gnmI+pN8nODjbW45He5lV2mzZQtnqISRD7wgxR48FvlGdmhUpTQx5leMUHw6
AtwQf/MECTdf8nSp3MwF95kY/o6YYDYSuyPzSU2e4aaZv3MX53OdWuIV4mNDufgQhwgtQwVZLJ45
CIOctghlbTFMGgEn8I+s2wHY7Gb8m6Op876MkwOVNLTxZT0lNvLv9/KG+OSu2jUPeWMjXFAV8wCE
+mQRWhpKdd+G6ktKR+RkSpbA+T2a6MCvQkzygkwiXJKZq6eYsMk1VH2oIhma7qjDx2kQJmEQI2wT
BmHqZs4oDzCT8WtkQKzzcMgL/EoogxjmEoxLkOxk6cxnasUUVU8mcZxR48NGQRY5UNoLN/XK5zqU
To7+XsGt/EqkvLvp5HAK1eY4UCwCvawinl7kV04DtAyHUsV3TqpOwBFDIJt7OOyJcYFVDBLGBXQc
y8nzpDjPReBBjE4mEQygxWSZnFkTEwhJRLnlNPk4PujB7w/f93AeU4Z8kfkwKNwxUVtT6Dp3vMWY
Ay8E4LSqMrcNiTbXvHBNYZwHSgWDivPSmSDH+xWZqdQSkdMDVXVQdfvoJ8rM1R7Ex3BK9wjua8PT
c5JXYRB6xyyCSrtiiV2ge/Jslq1ErqDaTJh8EKak1xQqTsjkPIplwUIy5JYX57M2HlhayKqaOnG8
IlbL/ItM8XrsCRia0bIYMLFBPsUnb8qmc6tFA/KM2kKmzeUZXoZtYV3RK5SZE8kD2CdSn9kcyVQS
ecTAQY6sm2XEwClnGJrYvHB0xjkjGH2AIOJhA0agbOJAxDjgJ0Nkltmo69BYjkqgkKRe6GZHWPIA
RmmrXmY0cQ78FmeweuQ3XqtA/tzjU1qfkanYdzVPk+pDEC4G1o2RY8tJg+zxE58NWJSxeELnGTrm
9TEfbOJrt4BVplsVvmiXYxA/CT6qwqwgslfRYo/gA6ue+a/2XrN7b+zV7+t75r+Mf9lYD/F+vovP
2y0Mrq86NRGKxVGj+VIUeeIRgzpWFz0ccwvoWE6l8dKDz4WB1aw5PlZJrSSNsqCcDVCi/OEEjzjA
B1KVxZ8ExZnCKtmDDfAFUc2+OOahhjfFr9eYpLxSEJQvCqXCS0ul5gtCPrxl9xD4Yjm2s25xdBDz
cQxoZORAXT4XNRy/DuUFKDDyEGlE9BkhJecPxUiUx+qdvR12nzA/zl7j5sumejttfG0T12eMLKiJ
pioFnzD5No00WuB9sYMEgqFGxUeQGiGNXPUYQ4R6PHZcvvCvoEy8UD2c4mpS5diBXjZTCb/H/Gl+
fuyNxPMylYalGOC3VVpo6WJfsrGcXNDu5HE/1klQoXgq5WpwpiGYx3+4uIY2+0XyU0lwy3xI75rE
c8qflppycfNXJxQvBTT5znlfXWekXg2H956u0wDRmLVa3TBMfO94cPhek9QOvnAkZSKQHN0c0N39
ONYuvHKwQ38610QsIYBDHCXrYgHxDje30oihnCuUX2k2ICMh4KnuXEW2/cKLqTRx8ENJuB8RX+Pk
TEaOT3HzdM4FF9BwltmXKnhAskf8DqFUK5qHuNEtEOr8+on9wGSOZmWum7pKgiFaysPvJBW+lMH5
FWuu9wM+u1Pc8Ndf/wtY9txV
===END CRASH DUMP===
