PocketMine-MP Crash Dump Sat Oct 16 16:03:26 +07 2021

Error: Value 700000400004 is too large!
File: pmsrc/vendor/pocketmine/nbt/src/tag/IntTag
Line: 37
Type: InvalidArgumentException

A PLUGIN WAS INVOLVED IN THIS CRASH
BAD PLUGIN: BlockPets v1.1.3

Code:
[28] use pocketmine\nbt\ReaderTracker;
[29] 
[30] class IntTag extends NamedTag{
[31] 	/** @var int */
[32] 	private $value;
[33] 
[34] 	public function __construct(string $name = "", int $value = 0){
[35] 		parent::__construct($name);
[36] 		if($value < -0x80000000 or $value > 0x7fffffff){
[37] 			throw new \InvalidArgumentException("Value $value is too large!");
[38] 		}
[39] 		$this->value = $value;
[40] 	}
[41] 
[42] 	public function getType() : int{
[43] 		return NBT::TAG_Int;
[44] 	}
[45] 
[46] 	public function read(NBTStream $nbt, ReaderTracker $tracker) : void{
[47] 		$this->value = $nbt->getInt();

Backtrace:
#0 pmsrc/vendor/pocketmine/nbt/src/tag/CompoundTag(240): pocketmine\nbt\tag\IntTag->__construct(string[8] petLevel, integer 700000400004)
#1 plugins/BlockPets_v1.1.3/src/BlockHorizons/BlockPets/Loader(453): pocketmine\nbt\tag\CompoundTag->setInt(string[8] petLevel, integer 700000400004)
#2 plugins/BlockPets_v1.1.3/src/BlockHorizons/BlockPets/listeners/EventListener(98): BlockHorizons\BlockPets\Loader->createPet(string[7] Axolotl, object JackMD\NameSpaceRemover\CustomPlayer, string[10] MyNgoc1998, double 0.5, boolean 1, integer 700000400004, integer 4, boolean , boolean , NULL )
#3 plugins/BlockPets_v1.1.3/src/BlockHorizons/BlockPets/pets/datastorage/SQLiteDataStorer(22): BlockHorizons\BlockPets\listeners\EventListener->BlockHorizons\BlockPets\listeners\{closure}(array[1])
#4 C:/Users/tungnguyen/Desktop/Servers/VOL1/virions/libasynql/src/poggit/libasynql/base/DataConnectorImpl(159): BlockHorizons\BlockPets\pets\datastorage\SQLiteDataStorer->BlockHorizons\BlockPets\pets\datastorage\{closure}(array[1], array[9])
#5 C:/Users/tungnguyen/Desktop/Servers/VOL1/virions/libasynql/src/poggit/libasynql/base/DataConnectorImpl(189): poggit\libasynql\base\DataConnectorImpl->poggit\libasynql\base\{closure}(object poggit\libasynql\result\SqlSelectResult)
#6 C:/Users/tungnguyen/Desktop/Servers/VOL1/virions/libasynql/src/poggit/libasynql/base/SqlThreadPool(112): poggit\libasynql\base\DataConnectorImpl->poggit\libasynql\base\{closure}(object poggit\libasynql\result\SqlSelectResult)
#7 C:/Users/tungnguyen/Desktop/Servers/VOL1/virions/libasynql/src/poggit/libasynql/base/DataConnectorImpl(268): poggit\libasynql\base\SqlThreadPool->readResults(array[1])
#8 C:/Users/tungnguyen/Desktop/Servers/VOL1/virions/libasynql/src/poggit/libasynql/base/SqlThreadPool(65): poggit\libasynql\base\DataConnectorImpl->checkResults()
#9 pmsrc/vendor/pocketmine/snooze/src/SleeperHandler(113): poggit\libasynql\base\SqlThreadPool->poggit\libasynql\base\{closure}()
#10 (): [38;5;227m--- below is the original stack trace ---[m()
#11 C:/Users/tungnguyen/Desktop/Servers/VOL1/virions/libasynql/src/poggit/libasynql/base/DataConnectorImpl(178): poggit\libasynql\base\DataConnectorImpl->executeImplRaw(string[132] SELECT.PetName,.EntityName,.PetSize,.IsBaby,.Chested,.PetLevel,.LevelPoints,.Vis, array[1], integer 3, object Closure, NULL )
#12 C:/Users/tungnguyen/Desktop/Servers/VOL1/virions/libasynql/src/poggit/libasynql/base/DataConnectorImpl(157): poggit\libasynql\base\DataConnectorImpl->executeImpl(string[20] blockpets.loadplayer, array[1], integer 3, object Closure, NULL )
#13 plugins/BlockPets_v1.1.3/src/BlockHorizons/BlockPets/pets/datastorage/SQLiteDataStorer(23): poggit\libasynql\base\DataConnectorImpl->executeSelect(string[20] blockpets.loadplayer, array[1], object Closure)
#14 plugins/BlockPets_v1.1.3/src/BlockHorizons/BlockPets/listeners/EventListener(106): BlockHorizons\BlockPets\pets\datastorage\SQLiteDataStorer->load(string[7] YTBJero, object Closure)
#15 pmsrc/src/pocketmine/plugin/MethodEventExecutor(42): BlockHorizons\BlockPets\listeners\EventListener->onPlayerJoin(object pocketmine\event\player\PlayerJoinEvent)
#16 pmsrc/src/pocketmine/plugin/RegisteredListener(80): pocketmine\plugin\MethodEventExecutor->execute(object BlockHorizons\BlockPets\listeners\EventListener, object pocketmine\event\player\PlayerJoinEvent)
#17 pmsrc/src/pocketmine/event/Event(88): pocketmine\plugin\RegisteredListener->callEvent(object pocketmine\event\player\PlayerJoinEvent)
#18 pmsrc/src/pocketmine/Player(1094): pocketmine\event\Event->call()
#19 pmsrc/src/pocketmine/network/mcpe/PlayerNetworkSessionAdapter(310): pocketmine\Player->doFirstSpawn()
#20 pmsrc/src/pocketmine/network/mcpe/protocol/SetLocalPlayerAsInitializedPacket(45): pocketmine\network\mcpe\PlayerNetworkSessionAdapter->handleSetLocalPlayerAsInitialized(object pocketmine\network\mcpe\protocol\SetLocalPlayerAsInitializedPacket)
#21 pmsrc/src/pocketmine/network/mcpe/PlayerNetworkSessionAdapter(109): pocketmine\network\mcpe\protocol\SetLocalPlayerAsInitializedPacket->handle(object pocketmine\network\mcpe\PlayerNetworkSessionAdapter)
#22 pmsrc/src/pocketmine/network/mcpe/protocol/BatchPacket(130): pocketmine\network\mcpe\PlayerNetworkSessionAdapter->handleDataPacket(object pocketmine\network\mcpe\protocol\SetLocalPlayerAsInitializedPacket)
#23 pmsrc/src/pocketmine/network/mcpe/PlayerNetworkSessionAdapter(109): pocketmine\network\mcpe\protocol\BatchPacket->handle(object pocketmine\network\mcpe\PlayerNetworkSessionAdapter)
#24 pmsrc/src/pocketmine/Player(3323): pocketmine\network\mcpe\PlayerNetworkSessionAdapter->handleDataPacket(object pocketmine\network\mcpe\protocol\BatchPacket)
#25 pmsrc/src/pocketmine/network/mcpe/RakLibInterface(169): pocketmine\Player->handleDataPacket(object pocketmine\network\mcpe\protocol\BatchPacket)
#26 pmsrc/vendor/pocketmine/raklib/src/server/ServerHandler(95): pocketmine\network\mcpe\RakLibInterface->handleEncapsulated(string[20] 14.180.162.194 58943, object raklib\protocol\EncapsulatedPacket, integer 0)
#27 pmsrc/src/pocketmine/network/mcpe/RakLibInterface(109): raklib\server\ServerHandler->handlePacket()
#28 pmsrc/src/pocketmine/network/mcpe/RakLibInterface(99): pocketmine\network\mcpe\RakLibInterface->process()
#29 pmsrc/vendor/pocketmine/snooze/src/SleeperHandler(113): pocketmine\network\mcpe\RakLibInterface->pocketmine\network\mcpe\{closure}()
#30 pmsrc/vendor/pocketmine/snooze/src/SleeperHandler(75): pocketmine\snooze\SleeperHandler->processNotifications()
#31 pmsrc/src/pocketmine/Server(2155): pocketmine\snooze\SleeperHandler->sleepUntil(double 1634375005.2232)
#32 pmsrc/src/pocketmine/Server(1992): pocketmine\Server->tickProcessor()
#33 pmsrc/src/pocketmine/Server(1586): pocketmine\Server->start()
#34 pmsrc/src/pocketmine/PocketMine(314): pocketmine\Server->__construct(object BaseClassLoader, object pocketmine\utils\MainLogger, string[41] C:\Users\tungnguyen\Desktop\Servers\VOL1\, string[49] C:\Users\tungnguyen\Desktop\Servers\VOL1\plugins\)
#35 pmsrc/src/pocketmine/PocketMine(344): pocketmine\server()
#36 pmsrc(11): require(string[96] phar://C:/Users/tungnguyen/Desktop/Servers/VOL1/PocketMine-MP.phar/src/pocketmin)

PocketMine-MP version: 3.23.1 [Protocol 465]
Git commit: 14fba366364eca9f13a30b955c702edbd8e66267
uname -a: Windows NT tungnguyen2-4si 10.0 build 14393 (Windows Server 2016) AMD64
PHP Version: 7.4.18
Zend version: 3.4.0
OS : WINNT, win
Composer libraries: 
- adhocore/json-comment 1.1.2@fc2f76979f0a44a5f5bc2a2b600d0762fe0e78e7
- daverandom/callback-validator unknown@unknown
- pocketmine/binaryutils 0.1.13@0abee38d4e2861621f262c79a2a3d699d8a697f4
- pocketmine/callback-validator 1.0.3@64787469766bcaa7e5885242e85c23c25e8c55a2
- pocketmine/classloader 0.1.2@9757928424652393b178a3760073113aa7c9911b
- pocketmine/log 0.2.1@830b44a2cf96ef703c550abe64302f230231ca49
- pocketmine/log-pthreads 0.1.3@e477ecf6ec214fdd4415ea1da3fdd9d73bf699ea
- pocketmine/math 0.2.6@43057cb8c179a9859677b496a788db922fd5cfc3
- pocketmine/nbt 0.2.18@9f82ca4d7f97fcd9a566e44b63c4f18a7657ae82
- pocketmine/pocketmine-mp 3.23.1@14fba366364eca9f13a30b955c702edbd8e66267
- pocketmine/raklib 0.12.11@9cce458b8bfde3e4dfdbf70c659fc7b7fe26b5c4
- pocketmine/snooze 0.1.5@70b5e7937a06878dd321a3182ceb76d56298f2cd
- pocketmine/spl 0.4.2@6b08b7cf8c4afa17139c9a1b3bf1b408531de161

Loaded plugins:
AcidRainVictory 1 by YTBJero for API(s) 3.0.0
AntiTNT 0.1 by Adam1609 for API(s) 3.0.0
AntiToolBox 0.1 by NgLamVN for API(s) 3.19.0
AntiVoid 1.1.0 by FiberglassCivic for API(s) 3.0.0
AppeallationUI 1.0.0 by YTBJero for API(s) 3.22.0
AuctionHouse 1.2.5 by Shock95x for API(s) 3.0.0
AutoClearLagg 3.1.0 by Twisted for API(s) 3.0.0
AutoFeed 1 by Ghast Noob for API(s) 3.0.0
AutoFix 1 by Ghast Noob for API(s) 3.0.0
AutoInv 0.0.10 by JackNoordhuis for API(s) 3.0.0
AutoSell 1 by Jero, Cur for API(s) 3.0.0
AutoXP 1.1.0 by JackMD for API(s) 3.0.0
Bank 0.0.1 by YTBJero, GhastNoob, Kaido Joestar for API(s) 3.21.0
BetterVoting 2.0.2 by Twisted for API(s) 3.0.0
BlockCMD 1.0.0-beta by kenygamer for API(s) 3.0.0-ALPHA10, 3.0.0-ALPHA11, 3.0.0-ALPHA12, 3.0.0
BlockPets 1.1.3 by BlockHorizons, Nexus9265 for API(s) 3.19.0
BlockSniper 3.2.3 by BlockHorizons, Sandertv (@Sandertv), Chris-Prime (@PrimusLV) for API(s) 3.2.0
BoilingCauldrons 1.0.2-stable by Spice for API(s) 3.0.0
BossPlugin 3.21 by HmmHmmmmm for API(s) 3.11.0
Broadcaster 1.5 by EvolSoft for API(s) 3.0.0
BuilderTools 1.2.0-beta4 by CzechPMDevs, VixikHD for API(s) 3.16.0
BuonLau 3.0.0 by AmGM for API(s) 3.1.2
BuyRank 0.0.1 by tungstenvn for API(s) 3.0.0
Buy_cmd 1 by TungstenVn for API(s) 3.0.0
CmdSnooper 1.0.0 by HotshotHD for API(s) 3.1.1
CustomAlerts 2.1 by EvolSoft for API(s) 3.0.0
CustomShopUI 4.0.5 by SaltyPixelDevz for API(s) 3.0.0
DEVirion 1.2.7 by poggit, SOFe for API(s) 3.0.0
DLevelIsland 1.0.0 by Nguyễn Công Danh (NCD) for API(s) 3.0.0
DancingFarm 1 by RicardoMilos384, DontTouchMeXD for API(s) 3.17.0
DevTools 1.14.2 by PocketMine Team for API(s) 3.13.0
EconomyAPI 5.7.2 by onebone for API(s) 3.0.0
EconomyLand 2.1.2 by onebone for API(s) 3.0.0
EnchantUI 0.6 by UnknownOre for API(s) 3.0.0
EnchantVipUI 0.6 by UnknownOreforsource|RBpmmpformod for API(s) 3.0.0
Eternity 1 by minefore and shin1134 for API(s) 3.9.0
ExtendedBlocks 1.2.0 by Javier Leon9966 for API(s) 3.14.0
Fishing 0.4 by benda95280 for API(s) 3.0.0
Fix 0.0.1 by YTBJero for API(s) 3.22.0
FormAPI 1.3.0 by jojoe77777 for API(s) 3.0.0
FormImagesFix 0.0.1 by  for API(s) 3.11.4
GCPClan 1.2 by InstantlyTa for API(s) 3.0.0, 4.0.0
GMCDetect 1 by TungstenVn for API(s) 3.0.0
GemUI 1 by WoolChannel3295 for API(s) 3.0.0
Giftcode 1.0.0 by  for API(s) 3.0.0, 4.0.0
GuessTheNumber 3.1.0 by SalmonDE for API(s) 3.0.0
HotBlock 1.1.5 by survanetwork for API(s) 3.0.0
HuongDan 1.0.0 by YTBJero for API(s) 3.0.0
Hyperion 2.6 by hachkingtohach1 for API(s) 3.19.3
InfoBook 1.0 by  for API(s) 3.0.0
InvCrashFix 0.0.1 by  for API(s) 3.14.0
InvSee 1.0.0 by BlockHorizons for API(s) 3.0.0
KDR 1.0.0 by JackMD for API(s) 3.0.0
KeepInventory 1.0 by KhoaGamingPro for API(s) 3.0.0
Kethon 1 by AlexBrin for API(s) 3.0.0
Kickk 1 by ytbjero for API(s) 3.0.0
KingofBlock 1 by YTBJero for API(s) 3.0.0
KitEffect 0.0.1 by YTBJero for API(s) 3.22.0
LoadWorlds 1.1 by shin for API(s) 3.0.0
LockedItem 3.0.0 by ytbjero for API(s) 3.0.0
Lucky 0.0.1 by YTBJero for API(s) 3.0.0
MSpawns 2.2 by EvolSoft for API(s) 3.0.0
MaxEnchants 1.2.1 by Xenophilicy for API(s) 3.0.0
MenuGUI 0.0.1 by YTBJero for API(s) 3.22.0
MenuPet 1.0.0 by YTBJero for API(s) 3.0.0
MineLevel 1.0.0 by TungstenVn for API(s) 3.0.0
Minion 1.0.4 by phuongaz for API(s) 3.0.0
MuaKeyUI 1.0VH - RBplugin by Ibenrm01 for API(s) 3.0.0
MuaKitUI 1.3.6 by Infernus101 for API(s) 3.0.0
MuaPointUI 2.0.0 by JKPVN (JakayPluginVN) for API(s) 3.0.0
MuaTuNhanUI 1 by FurryJaki1992 for API(s) 3.0.0
MultiServerChat 0.0.2 by tungsten for API(s) 3.0.0-ALPHA12, 3.0.0, 3.0.6, 4.0.0
MultiWorld 1.6.0-beta4 by CzechPMDevs, VixikCZ, fuyutsuki, kaliiks for API(s) 3.20.0
MyCrate 1.0.0 Beta by VirakMC7788 for API(s) 3.0.0
MyItem 0.1 by AnhKhoaaa for API(s) 3.0.0
NameSpaceRemover 1.0.0 by JackMD for API(s) 3.0.0
Napthe 0.0.1 by hachkingtohach1,tungstenvn for API(s) 3.0.0
Netherite 1.2.1 by Wertzui123 for API(s) 3.0.0
NoAdvertisings 0.0.1 by YTBJero for API(s) 3.22.0
NoFallDamage 1.0 by DeveloperNeb101 for API(s) 3.0.0
NoHunger 1.0.3 by Matthww for API(s) 3.0.0
NoTP 1.0.7 by awzaw for API(s) 3.0.0
OffHand 2.1.2 by alvin0319 for API(s) 3.0.0
OreGenerator 0.1 by phuongaz for API(s) 3.0.0
PCEBookShop 1.0.3 by Aericio for API(s) 3.11.2
PHP-Sell 1.2.7 by Muqsit for API(s) 3.0.0-ALPHA9, 3.0.0-ALPHA10, 3.0.0-ALPHA11, 3.0.0-ALPHA12, 3.0.0
PM-Beacons 2.0.1 by jasonwynn10 for API(s) 3.0.0
PayPoint 1.0.0 by YTBJero for API(s) 3.0.0
PiggyCustomEnchants 2.4.3 by DaPigGuy for API(s) 3.19.0
PlayerStats 0.0.1 by YTBJero for API(s) 3.22.0
PlayerVaults 3.3.0 by  for API(s) 3.0.0
PointAPI 1.0.3 by onebone | Moded by LamPocketVN for API(s) 3.9.0
PremiumAccount 1.0.0 by YTBJero for API(s) 3.0.0
PureChat 1.4.11 by 64FF00 for API(s) 3.0.0
PureEntitiesX 0.7.0 by milk0417, RevivalPMMP for API(s) 3.19.0
PurePerms 1.4.3 by 64FF00 & ProjectInfinity for API(s) 3.0.0
RandomBlock1 2.0.0 by Edit By Nờ Cờ Dờ for API(s) 3.0.0
RebirthUI 3.0.0 by YTBJero [Edit by NCD, Ghast, CurlliestDrake66] for API(s) 3.0.0
RedSkyBlock 3.1.1 by RedCraftPE for API(s) 3.0.0
RedstoneCircuit 2.0.0 by tedo0627 for API(s) 3.6.0
Report 1.3 by ImNotYourDev for API(s) 3.7.0
SEnchant 1.0.0 by NamVN for API(s) 3.0.0
ScoreHud 4.0.0 by JackMD for API(s) 3.0.0
SeasonPass 2.0.0 by TungstenVn for API(s) 3.0.0
Shield 1.1.0 by JavierLeon9966 for API(s) 3.7.0
ShopGem 1.0.0 by YTBJero for API(s) 3.0.0
Shulkerbox 1.1.2 by UltraFlappy for API(s) 3.0.0
Slapper 1.6.2 by jojoe77777 for API(s) 3.0.0, 4.0.0
SlapperCache 2.0.1 by jojoe77777 for API(s) 3.0.0-ALPHA11, 3.0.0-ALPHA12, 3.0.0
SlapperRotation 1.2.1 by jojoe77777 for API(s) 3.0.0
Specter 0.9 by Falkirks for API(s) 3.14, 3.15, 3.16, 3.17, 3.18
StaffTable 0.4 by GigantLeyKey for API(s) 3.0.0
Teleporter 1 by Dannly for API(s) 3.4.0
TimeCommander 2.2 by Zeao for API(s) 3.0.0
TradeGui 1.2.3 by Only FurkanGM for API(s) 3.11.0
TradeNPC 1.0.0 by alvin0319 && FunkaDev for API(s) 3.0.0
VQ 1.0.0 by YTBJero for API(s) 3.0.0
VanillaBlocks 1.0.7 by xSuper for API(s) 3.0.0
VanillaEnchantments 4.0.0 by TheAz928 for API(s) 3.0.0, 3.1.0
Wolfies-FloatingText 1.3.5 by  for API(s) 3.0.0
WorldProtect 2.3.8 by aliuly for API(s) 3.0.0
essentialsTP 1.2.2 by  for API(s) 3.0.0
fly 1 by IDontKnow for API(s) 3.0.0
iProtector 3.1.1 by LDX for API(s) 3.0.0

----------------------REPORT THE DATA BELOW THIS LINE-----------------------

===BEGIN CRASH DUMP===
eNrtfQtz2ziy7l/BKlu7zl5LFkk9PSepOLKTeGM7WtvJ5OxwKgWRkMQxSXD4kK3smf9+uwGQAmlF
D1vJnKrjqd1YbIKN/hqN7saD4H9qYx4HNP0yY3Hi8bB22NqvpV7AaodGx2pZ3Xaz2WlYPcs0u/u1
LJK34LrTbvSbrVbTMpv9Tq+zX/Npkp7EMY9rh/+ppfMIitVOwxn1PfconmQBC9OTO4cBB6hlvxaw
JKETLPSJ+hkj3Sb+1xL/EC8hKefEp/GE/QUKjzPff+P5WDqa0vjw4GBwePAxAZEP0iychJNszsKD
Y5bcpDw6uGIxojn49OHMOBhy54al517I6ufDBj59MGOhy+ODSNwJ4M5BOEoPktg5SOnk4DRMr+kE
SkZYsao0wLubPAfP+HAHVATqSmPqwM9fas+aZBMWAx5EPAtd4LNntprPD8mioG1DSduGYrYtq6q/
/PLF4WGSxpmT7sEfL5z80vuVRCw9YzPm7xMvTNmExSXdPgcJnxkk8rOJFyYHr32oYcjS5MvMaBgN
S8giiO947H3lepGDM05dFu+12tY3RdMg1F8mLAVRtxPNfJhovpekLMRWPwEdp2fqcq/fA1FLD9l2
8ZRtS0T1l07MaMqAlgvb/ZUc3XGfpyArH/3GnJT8kzo358e2fUEDdhVBy16ygIOhAegsSXkw9Omc
xftEcTCav5Lz+cWEO0a/39snLs9GPiPNRnufjDj3GQ2JsVwRC2prUVb/dfHx7IwIdVkPU1eE/7g0
hT7LY+iGB1f/OvNSdgyUK6CA4kxzpeIKfdt2SeH1lxs98x/H50kWsz/2aBzT+S/GrwJNi2zcr2de
7CEm3xvRZB7+7gu8EZ9MvFQjwl92gLAGPAyhFXl8GkT+ntHur4QXiX81Bdl2VUOrkC55/D7ifSJ/
9SX29g/D3uuL7oulsVFUcdvG8rZ974H6y2+WXYBSfWRJyZglmQ+kq9/9K+ZDoUtBEJg73wczVHU9
hR7tDqHH7BmG+b8Fb/dHtbHZ6a3CXFJQ/SX+klIm5f7Y+xHt02lv2TzOlDk3ubxCzv43w2sScv6V
CVmufMYiFr+joeuDgzMMawsVbWASMrI2yR6wtbNm0xj9YvV+av8EmVNQr9fJiPn8VqQ2U0bAa4DX
pj5ECwgrRGQKBEqpBwPFzfhhTqHb27IV2B1zspThxSW9zeOmYZm/kquTs5PBdQN8IcbK/cZJmHrp
XP4G4pX3FX6cJq/paL7fGEwZhAVX3JHJQUP8GXIIgsl+45OX5J4SfWYeGa0iLg9kA+hR0TB/XCDp
PlxvudJMSBVGGD0wbjR8yEkilUtsi/v7pQPWw2BKF7gN0DI6Cau126TQaHYeH/1Rei1b/O/r1/9k
MV8uf1v5J2lZhXOSoA7OWTrlrhDxRGiNQ4790PSLhzIP/Sd0n0WUWqTqDIsDRFHItheFBR8pbmel
uJdsgrXFzC0U2quOVWRR214CrTCNXLrtURZK3hZYdzkw8ai0kb1e7xtQ7sOGSER9Xz72QIF6ywWS
ZcFO+62KNIqpYCHrV5Giv5xTyNJbHt8cBE6Us72QpCsYgIPjO3JpBKj2LKPahrJ0/aXL33hxksKQ
5zaUlZnNDSqLYp5yh/vgbdMzDpJKfkfJaeilHvUhCLhDis/CgLI6npSMbBs55ZIslbv+ciri+YpK
lrVNpYJcVujn64SVCjAeqW1o2dWQt5AoV8EGOFeIJHGZ2zTsa5o6U9WEhtV8dBuid1XsvkOTWT+u
yTTF7LJxWiudhWWZ1p/VBBpgKWp7A2Vf0pszb3QKeU08hux3z+j0v+GBditb55uDhZjeQGojhE5E
iqgyxXzI0F/jpyqIcsFPQodGMFqhkObqmZDRahi9ZsPomA2j3yLtXr+1yO6kLDoQnY3Es8gKmxJa
9yFqF3adVydxY6fSgOdAlPZlXb0H1NXvb6lAQO+AoaoqHzPM26LOb5etDPas5gME6laNSBYFlZfK
FdgveOqNPYfivLlShPWN8CMbbc802pvWkeD1Rxie+XtqfrKY9W83TNMyZX3myvqMft+s1Cfv1F+m
HuRyEgcktZKZtZpZu9f5BjMYKsfK+qxv+cJith8SmtY3+OjT5nkOCsOYgU+TRE4IL00wM9ASZKLn
1AvPYCCkTfW2jF9hvGnbYsBp24sRJ4yM5JAzrxzu4qDTthfP9rd+Vo2FbFuqor1eFa2qKmQ3V7pU
DhG6CjoC9nvmxSz3U/3Or2QHSy4l2Z7Xfv1jv8a+11rRI5ZsQCyp3C9eOOP+jKEkwMwLXdCJk9by
+0ArxilAdLjLEIrZgxtZwu4vjlwytKvrGD1o/BM8YvahKPy1mvDXQdMjUhzC7mB04SYE50twHeU/
WMqAUnZ68I9/kFczGqPfJ/84wBumuBHF3gziAvnrDBWE/C1L8W/JAtC5PYeMs9BBpZL7S0fkryFU
SF4Qu2bXRGRR3IDUfC6EaAtWwIzGoJfDQ52JePq5qLmjinnjPcXhv0i9eddryv8Ij3POL0nzrjuW
/8kquupZO02nMb8lIbsluOC13Db2bGURil/JFuyaFKenWP6BF3118dd06iX1lznAhd5aTVECC7cM
qcKWuVSFE5Zeg+nuPSeHqC0Uv2Up9jFLszgkF6+vDw+vj95+gaYVzFsL5m3FvLOUOc487sHjV8CK
BtA2I4j2JSMif03lD6x/xj1XCND9Bj54vv5yItfjQC1/PC1OPi1OPi1OPi1OPi1OPi1OPi1OPi1O
Pi1OPi1OPi1OPi1OPi1OPi1OPi1OPi1OPi1OPi1OPi1OPi1OPi1OPi1OPi1OPi1O/l9anNyvTTCD
pj4u6eGyVu2wVnoMBMOh5eKduZrVMK2GgfTM893aodls9vZrXvLFZbPa4Zj6Cduv5d6ydtjqtKES
D5cWjdZ4RK1Ox+q0mEP7Y8OiVnPUb7edbtNk7sjtsU7H7HSBd6Zk+dmDDn2bkItrskBr1luJR4xm
o0mEDODArb5F9vLCUgnEbBqd5+To/LjTwsXMaQT8ug309XD5FTyFANNqNOXdLzzBCk8vLq6BIC5u
vVCseAYRB4V/Accc09hjCSqLulMAGLOD3xIe1qGMWj/F0bD5auyY426n3+2Pm7TVou1xe+SY1Bx1
mk232e2YY9Zk3R5DqC4FYcEP8OAAhxEj8O11sQRIU1w0BlXchPw2fKX+orAL4xp5IY3nokdAUYhh
DcN61aQjxqye22JmrwNRzRibHdPp9qlJLbfT77s9CqKNW2VWSys3Gs2G9arT6va6LXim0xk5lHZZ
u9drmy2T9dqOaTlmm/WcdpuaFYbYj33Rj5Vs5qt+t93tm72WCWZhQqONjG6PWl1QS9eCCAG8nX7f
MEZlTj6fCA4Qn1/1wGRAo6Yz7nfYuNu0oGYE3GlZTXNswj+W4dBW/x6HepSKecRcUdYr1up2mTPu
MMcE03TdVstoM2q41IKLvtu1RmPQFqNlVgFNp0qaziuotN11Rj3HAPX2e+1+p9sdtfod2u313FHf
NMdu2xk7VplFOEpzPL1X/XHPBIHd7hjaxHH7tN3psFZr1LGc1tjo0W6n3aWsV1Hu4mc9iIpe+WqL
LnYv35J6AZmMV33HYa12b9QbjV1msZY7dkega6fT7o+d7qg7ZmZn1HYqFiSDm1Jv+1W3OWqzbt/q
0man1+25rmUa1DIALRt1O267Y/Z7Y9NxK0wiX3BogbV0Rs3eqOuMe06LjqnRNay+06fGCBrGGLWa
vbZluMzoGLU/it0Mom8eOZ57CeHhk4fzYHPNt1Xv7NcWjg19Gs3SKY8TXCtWE0noI2nkIcWCztDE
axZSCNHgPyB2gbNzIZSHaFe/wL2Ej9NjnRBQsYeCOjMZs3APBnQKdLQfrq5//nB5dgykWzZKvBRF
xAXrI8gErsEPaYIrii5ws1ERGQYRgdFp9ncls6q0KvfV9dHl9cfhcqk591/zu6rkirpS+ovJGQ0+
XZSEN/oPl17xs21NgnyleV0jQMCaZqMGuPWDXCwF8BP33Ao6QSpZEth/swzujTdi8QQ94sCbec6u
Wug1rpdPr+kN5Aj+/LWIBhIwCrX4tQ7vNE2jBHILDfcy1gcFP9RGFDGIGSIh/niq66R8o6yZZlUz
y/qZaa5RSe0Nj4OjITI/gSSSB3N5MYRBwWBKU/VzyOIgqa3Qn6rctmnmbdE9M7Fz5R3PEqbj1sll
1GajXUZ9BdnDTb999zhDKIM/DWeDmCbTN55gqyAmqibEKOSbonxgGmVpNwCd8oHPaHxGJ5MSap2u
w7bud4PrW5yzdXdl/qlkh9Ag3UQhfBACsZVl2tb2lZhHydzPgvPBQZmfUsYbxtyKHgRpRUx5O6VJ
Si44H+3MRatatzFeeMK7q0ru3f0Jgnt328kNFl6RGynlqAJxpWJ0uGEIRI/daeYlu5L/N2Aa5kyl
AXrhTJqeFGojRFfM9yuQBGlFW8jlrUEW77IpEqh0u7b4PKzI/Xm4LgjKnVu7EjvfBybr3kz4JX1d
sjlQCADcaxreaNDE5T0TWx7D9mVHEf1kv/aeei4n/+QMJ0zK8c14OOwiZI1AsM2b7DVLUxZ/4imE
cx2dTtZRQgRumN/BedeG3mQylzv1TkJnSsM0qS3x6CMh2EwIZtsVMdejxcXLAdiahjQn3ctH6lAX
LUO9YeF8As/d62P1o7PhuyPhYfRro3Jt5tcPTuyUtGodVsq9GWyxUbuCW23eLvdOq4y5tP4Lty7Y
XZb0zU57Zxn5uv2fG0O8Cr2IxVWQilpOQcx1MK9oCFWnM7L3Kv+J03GDaewl9WHsBQzu4N8sOfv0
vNyNtzb+8/nQ52lttUokjq2Uwj0fesaAZr4b87DU/NVbVfM36+CeQP5Kfhp5DtuVp06QmW07uQyA
875U2/ptIeFniT5JhupdBQ13QawYRMV3vwsC+B/8VzbzdR66duXTSJobjjTE1iqPJZ9XjTamQTDF
msC7gXSoheQhyHOJDzSMqIYY+DgU90boetCo5aavjEhOZty/AsF3NzQtKgakJSlWzCPkcG9vbxsM
JELujfRG4MO5XhbjSL5k4Dq5OuqSvr1VRjr4ypzp8PyYzfCBT96dd/OunJUYnYfjdpB7FLjAHdpZ
CpeicKCFsqjbtrsm90GJlVAOD89oVtKLpJSt/97w+yh4e17GDmH/gdBHW6SQr7P5ZSXRUpQ1uRau
A+C+n1m4s1FkwRGbSAhR/NgQyhcncMtQBGVFFn+tKv20MxiSI9a7eSsMAvcKRjHlYKoR18zdvONp
MuVptfdAkz208wRuIqu27ZIY65GIjPLIh86me4cSuZzfGt/X/+k156+mFHI8zANKJldTHpXm20pk
HWML5K/OO1E/nQ+9O+aDG/m6K6xlrjlaKdHMtG38tYnDA9gJsoqQVWNCEfTxySexM1gDXJCq7r5b
Biv3yWKO9+HNzpKZfPOt3K9s2+Do1S9NrDUz5cdiZ/Vp4tNQdxsl8pqudzHJ5nZmMKcdkgHuVh+3
wgk5puGU7F0Mjp9vBbc8j5jPra6cW8eF2AEPJ1gjQC9Lvra3wlMO5H9vaBzo+DXqCtd56Tk0dvm5
5/PE6mFwP+Zhes0zZ3rOPld8UffhLV3iipurC+lKFxvhZbNq3lKQKsOyVnXYvViPJ9eMVtJU6xHw
lAC4wWFWyUlWOSYtI1mIdlDw+KM0Jb/AWzKxBeJ2o1sFzEM2gv/vqsMqdrbNpATA07ZL0qxtPlX6
rNxddWoltPxgSNjtCkxnG/ZBNftSCiULWjkL65ThfJR7ET7EO0O04Cg22EkhNs9j1COfvGgZHEne
ENEYKDyLHfY/l6+jIIjw0Gju7h6nUQAV4m2BFQZRoZfqy9oFaYXXxNV1wMIImAdJpl5oGFarBOsR
Mzs5c9sOxlsgEa//M1fMeui+sXLj3qiuOq0881hMzhgP+/1Op+wgW4+ZYEa+OVtorpJUm8N846G6
9VnXnFI2ycowdQSV0X7b7DV3ZXyqWtte1L8mUSkvFFUXiVbMhG+1mrvJbPdWa0V5BqOJXqwX66Zk
VU3pN/4bZ138b2frRAVHwCCFKH5sCuU0oBOWVNqiRF/dKpWJrdaDe3n2e4KpL7pET9Q93qZV3g6G
A4hUGoicUung5TY5DZMUvKQ/v6b3GmVfjHEe3DhezjqlgMqhDggDrTM4UlJtMmCBxyLWmIkpuLfn
g2OW4ukpGsaC9mfMBkwCxxW1b9FMLCgFUXm9QvifIe8bQCALmW+Z/fauEEC9WwjtjdP8aJpc7py0
eiS1Y5O6puE1RyvC6gdQ/RYYMpYk11N2kQWj0oRM5caaPRYwGA94eHyyw8G94AeQSnJsDuwdT0XM
1CAVpOqiVGW+IsniGVW7/x88pF21NIH8bXvKU/E+rG1rgm00P6u2HTYEowZIevAsZyagZ3KMrEPP
SQ/YGPWIZsyr3aLZ5hGrzLwUpPJ4p5JMT6kzxW1jKcdfRnX90HoohApfaCwlzuLXhk4bJ218J543
knnKEtFsLk2mI05j9wCxn4Zj/ppz3WQLUqXdVnqTByI9jy+88DfabPZs21P14noR32hCWt8Ipsu/
oG6RLzwigc7zBS+cOVizyBY2X9UEga8YKyNAwpp+U17g3dVqVnmdVkqyDZj3x5caErxaA+P7bJaB
isU/G4nMWARAWVjZRF2mr+oNtfdTTt9SGB1OhrvzZCWmgEYXZ3Pv9h5fiQ9LsARhRaJz5LO717G3
sxwt52fb9JzG8RwP/ttoCm52I6bfKDz/5csoluu/7z3nRvdX8noFnHk6+m2HAUaxs+0brHiLhoCG
5ONqgqBTf9wu/fcfXm8jeHoyHpez/QXtzxooFxJsDgS92M889l19DkYjVnK0SoY23V2HWNS5+XY+
nJF2olnYSHkkwTg3zD1NWVACUxDXrId/r06xkED/vVHrZM6N7n7l9QPMq7kD6/Kx8s0t61ycVqGb
VU4pJ5Dm912LVZWC3EXtD1uBPad3xaZFDZNGrc5VVtrlMwt5NPV8z5nvCpzGEhumEKV0sVFjsTB7
Wxr655Qf7MtmnhNAzVuYGZQesrQiOVJ+7Bir6CZBhGfu5CKsl98LmVhB1REUtDUYvtfcEXIEFJoY
m+AojxcVoYqgMtMdTXFsSne2HWFwdnQstl/J6rewo4y+Z/NyF8hJFQyf3pE6uXwd5VsM9QnLEQvj
oGnsCk7OD3AshNkIi5few+KlH+/PgneqM65jFodZYuwQw4KlSFG2WfACscUhdFUsObG6bb06kHo/
/HRB9v5Jb+hc7pb8dPF8Z+MqZC4aZis819kFuOUqoIK6IuF9k8FAAbB4eNrDzhaGdKYCTS7KNqj8
1JOv3os38HRk5TvVaGIu3+D3ja33i6318m/nsTO2eX3WllhFolqFKYnl/tXZeBvq4N/iC8DzLE2y
Gw9+31Df827Ksxhmc0ebUwMU+BYFxibXhH/MxlSNESpqPohpqs/h5JR7QY28vvcWxicvpjfng263
19uVpSuWAFjKUfzYqNnnlWGFIqx+KTuc4oQFpTtLZudyFLGpsVbPydbkv3frT5mTun+Q9+bQonTK
SoAEYU2+WplH3t/9luJ7M9VSsPzvRtgYFIy9UudZ0NYMM35mcfo18wzT2hWiBUcAkYvx4JfuFtwO
FpgQND9yAVjqJaA8fYhVufFnTa6UxdjCUPkb6vvHNBDf9tBQaeSVE6nHmILjXugLNtphWlZhiwAX
Em0D7x10obJryUlVl1J5Heucpun09nZnzlGyQyCy/sWvzYBcD0sgrof3AFQ2GdPbr3Rn4gtmth3y
NHpw35ICAZgP4/G78o7FnLJmtyL1Z17YtIydHSRSMLRtEGEqdiuqH5u0yoeYvRXHVKVcN7ESeWUM
3vUAM+cHKDQZtlkOGg5OcDVPbIzXjt7SqGv6zRH4TMfj1ZfWVr+7862Xb7+5QCErsW1NsNLFA8xT
8TzQuIgV1+G7Yb3yNnxBWrPP/1ysMy4fL/Qrb+Z+9zd3UeB3wsI39Z7D8/prRp3ye5sasTq+rRj3
bzTh4e08DI3m7g43KFjim9goBr6DnYuzHhGMtHFwruPJSX/SjFwUbdEgS3qJhmTJ3XITtaqd9ZjC
Q2+z+c7epM4ZQme8L81S4gN6al7JwRJ2ssuKc2GvUlrWj0b9s/I0TYYtml089Ini9yzu4VHk8uqR
9X12f+T7JuSR5TNRc46pkGM9HOxu5V2wBWlNcFHvF5D/IefcZS4ZzckZDeTbHpUTuvo7eIshQrHE
axmagGt2Jg9jFnhZcOQ4PCs7mvKNH+tuoi2mAYuzqjTZF8dX6VK3Gkal43Rab940t3P3qw7Eqr2h
4jCoZCgOMfnMZh7PkuFJPadrJxZ8kXVDWylhF78e4GOEUOqbEgWbP6rv1Jc1tKCX3Uu32riB5980
WwZmC5cAaUb94fn5cGdOOJY88SURsGEQjCnBpEZyMbd+q0qT9aCM9w/9WLOyUiStajfWMrMhfyPQ
zniu7mk49sR7Izsy/5JtCIm0nzuwDskHtHApDkwVu0MMTREl8pplgRPXS8nrObnAtyhdF1+iFH+P
5d9dqUQTaXPXcMlGXpxOS+sDC9qaHQzKpZFfBEJw3ReD430iDiYSx0b5PthSehzTG9bp/LoznMwL
HRqHNN3mMLJL5l7dzKt7f3RqdbNz9V1Q5g5iOk6HJ7sDknPEb40Ugti2JtImuCBbCtnAi53MS8vY
SnfWWClokzc7Zvl1lM5jfJasftMzPS9ZxOOy/IJQWUGsrB8GFzz9b57Fx2xWErz7gNOi7piPJzEl
1/zYSxweu1os0ivC1kLR8r+bNNOVSmc1fAVp3fvX984qfYTNXciDSjftNVd48PS7TJ/ZKUjV9/9/
yAx+XvsWEBgOMYc00eOYRlzTLb7vnoeFHPrvjWBNPVZaFFSEtQfj6W8abtVlijm9LV5klELlfzfD
xaO3paWvnPKnDOe/ONPJFrY2zfwbFo9KxxJrxGrjVGZDP/ppTN/gaU87y5M0ltgKQhJxOvHGkNTh
Uxqe4jiq8tKzufELjo9cRk+kAA+etl5IdpBjWQAdUKe0zlcir5sf+ybkR00BFhpfNReoibl1417y
VByhfB92cWfNKuDu32atCLAFpgiGG2WDVZTyGK5f2e1C/RsvrmyAMFqigYy2/NORf7ryT2/LBMMb
8DCNuf9RPzJZigZds5BxPcCUjsfX4iA9DeOCuPJV77feBFKOMzZ/z3bmYxKse/MGuma+SJtKbaQR
V2xJOqZh6JflfsRLQ4s68Svm8UZr5ddewAY8CMT5jbr8JfrKLcf/ZnRnUers+LNtl+p+sFcEVvXz
wfDkoAwFMcfUZW8zT4ebk6p+oZKff4DmIm+y+IaG1cPfjEdtIhMMATrKsYXpYfGL4aCKBElr0oti
YZH87W+AKLyh1SHHY1JCJcTmSD79S8MAFz82Ofr0ry0kpaHn+/TeyRtl+pql77urLGLxlq/llo/2
WAFHcrftkkiVyy2gqnEdfqZnCeDS3TVjqOspO/raN3tLMij5OvZDt71LUTZze8tOrVdyHSzDBIr4
mftjjyX1N8AYD1K+Znf6yHfp7epO4fb3WO/Amo9ZaFiWbeu1b27OYsPhMOaVsxdK5LL7txq9qivx
Mn++ux0PyM22xfbKSEqwyZzLkmY9z7x4jAM1/aM/+XeY05jhJ4nwYNWDElpQCksSnJGmflLa1FIi
VyOF+T3aV6/Rtiv1r23bsa+//YRXK3KRUzy07X3Id7Yj542/xetOntJ+aZuKRlwzmQnBfqcpyKLm
x+cfGgrxtSUaAzqwusoRdfmX5oRjF1u+G2D9EW6Zw++m1Z4NiysCmffYm5Cx5zM7tsNnV1lIrlhE
DBP+d9gyD60++X/NLjGbpoEFfBpOMjphL1g4weuAp+4LPPqQdjvyj29nVtNoEnk1zuCv2W3Bv9ao
L/6lZFG+1bfszHCbTfxtOUUpsz/Gf3tjsoS3EEQCq2OW+sLoG5aJxNspKLGOn8p+0cRrSIp5FjrY
VcXXU2EM6LEZE974BQydkA++jFZX3gGsQj4Y0Dv1TPLCEhSc/wy4y+T9MY+Ba0HjkOUDFXTu4ixc
fh3NIlWL643HnpP56fyFEHSS71eqJyxFV5u8ENrFrYB1tNkX4iW5BS1hzNWKpPOIvXhzdnSNJGmb
9d8zFs/zqhUtdgCRIuHvRkSTBPyh++If4j9QUZbyekJnTEk689ht3fXwTB6Hvegh6W7E7+rYRXJO
UmcQ4AJwIGViwEcFpfRRscY8wI+KPSPYCYgjzC6LxQhWWB8BlZKSDYM1EginCSO5jgiNGUmnjPAQ
TDed0pQ42MQpGTHihY6f4UI5sL9n9cjrigfw5BgZVHkmdMz2CcdNsAmyJKOY0Rsy51mseBFvTKCp
PQgCWAO0cgz2An4JGF+w24LdgcvGYncAueXh31OCQ3UaE9RyAGDxA39zlDCdeonEfTtlIcmiCSS6
wKBhh2jbktmhHRLy7Oep2J1LUg61hC4BFuqDmaCDmIaJ+AquvC1E9fEL0AAVfrFU6AuP2nAYkV+u
RUqAnKUR5z36kIjvRuKNZJqlLsfWhDghbtk19UFHIfUdiVn9Nw4wwMn/5S9/sWtC0CPf57cEex/I
RlR0JDOPkn+haWIZYaN54Dwk6EzFoyfCXNUz4nQ87EcEGnAsDqnHJTSlWSyvrLu4rcn+7GdIu8BA
QM3UdUHQRLYGahm/wEoCRvGztegDEM2IodCgK/Z7Rn3U4sSbQdkZ9TNG9lSl4P+eI3dZI/QrMTyu
Qyvgx08P4baoWx7Kg0Z2lMxD55omNwRPzQGzaogCHxNoKbT0HCkWm8Yc3BQ0JhRP9olIV4jyENA9
9gl+/TKW36gWuoFogbQgC9W3cCXzK9HagAmMLuZ30DtTBmoASMKQw0I41K0S6HSMpotl0ET3iZf+
HdSXxuIxeWqVsKDKw2QPMGTQjUyhFgGjrpAeClZV06XCOOIsDLE5XbnnWTSCOJ89aRAYNarfJPAm
U+jbeF7Jvt4XleGgRuI4i1JJlQpDxQQgm8IlGhf6qPgoqCv7B51xzwWxl0uANoI2x0HRYF0NzdCg
cF0WKiwNYgT4/ngu++hbn4/AejATIJIO/SDwUuzqAZvQkTjihlxJVTeFcr0EeYvHr7HVbj2heWFR
0Idv65JRbmSJQDj2xOmRhOFZG8hmDMlnXqU0cmitDHstmXBoKHyZQ1gFVjQRYtaFaIekiSigduGR
5Yc5/9cjwNRqlfwYgh8nf5LySIigvGkhkmKXEHAfGEaZWwiEtValEh7gZ9EllHDJ33cgnugUQh50
F8TJIBDh6XmE3TEnE56XS3lld8TAVZRmdw7kEckCjvRaH65PDsn1u9MrcnZ6fnpNjobDs9OTKzI8
uSSQob4/udwnUIhcf4BSJ+Tndx/OTsjw8sPg5OqqUe3/S5UxxIOhRGhGH5wgPGfKhDcWuij8rAFq
h+TAFW5FFKnjm2HSwwpWOFfsheCbwZAQ7bfsTNoXZIQYCkMspioTnCUT8LoLHy6DkahDTM5hxBcP
NO6XRjNQQwJotIg5mBhIvaK4slXlswUGsCwWJQuoVlNhTZ4vF0khtxTyCY1H0CnqDvd9masK37Nc
u6KXoTjqKaKeArcd0DATaYguCaRoGVjg8/08HFRNMDdCGVnF4SYSb7DofQ3yQbp7ae6QR/DMdwtZ
PIgftyFZyJ9IxuLUMBeAdppNhRVqeyP8xL34KExHciiwjWMe5HFWPq1K1HXD1FsY0aiWvGcbZIlJ
lazjKk8dHblsIRIUZchuFkQyz5LJHFE36ngjb69jLKQeELILMXMEcAURHro6XaJgiNcQ86CGGRhZ
kmQM3UI6hVab5Hkn+iusbSHVft6QMj1Q6WVDSoNFv6knHAc50yy8SXLZBzRCqhdkAYRXnAgn+WgB
G5LIUZOUYqFX7C9KlaLH3LcxSLsjJZGosI75cAbxtlW02DGXt6o2jWkR+jzJXxbOu5DkpQrqyETS
UHdwVbDAdgyiiDQFMkfUHkgncwvJJaI4OiHyGYlwgQ4eU/qUePKasfAi0UUF4jcsc76rWa2yQztU
JzIeqgABWdmU+zK7HNHUmYokXIgMCROYkAoxwrfJMZC6KwPLiBV5poxsz/RWym+hW43nKTLfJ3VD
a0DReKLiepoLA2673VFee5HCiiEsZo+uRI6jGpHj48NAVGI1yDtIA8GWXoi8jgyGH/fhWZBhBP3r
1nPB7EWaIL1nwb8u+B+STp5xL5LxRGhHK9sgRy44qin1xwe42VqMEFwGNqyqgkoJzteggWkdcRH0
NGb6KOTkDr0aZpfUbxAU4uMwHOZ59mIoiMMIFOoWgiY+mEVhVFfXlYHNuep1ifeVFe2JGXnejDil
l2dLkLFL89BCa6tvyoeeN8hQPePTeCIeoGpMqmxB1DiO6QQhQJuA2pLIF/kKDjRh4O9jZ6cxttPA
93BGRYycYxhHsSQl59cfhaQJQELYoywlOFIXTbmoTo4rGrmvCdKsjk8dCmnRyl02yiaH+VjlJTFw
jKIytSl0VXGfqIFqIofWaMlhwmXgUtZgIDPpnCS3wZTzRAy/8yEKywehwoO5NKUkobPcU+IcST6P
hPe00SsIJqYFZcKiZiZwfCzHwWIa6e/k84jfodXH5PSY7H3+eHr8HDCDyYMMUP4W3H0Uy13fYBg4
dIlh3NJY5H9gCVwUEcoOwdI/vz7L+athjUb5u6gMJ5NE0ITsA8e3IgwLbDyfJ1EhpDTNI6qFe954
Xr/LPFczRAp5Cng3RtPcbwJ+cXc/HwGI0aOSFOwGck6RkoXc8b2IiGfBbM7pHEwGR5H4yrkakGNI
U3FA+OJ6fk9WmSw8YD4xps+VXIvJDmnveEI2TWVjiLLKuLNETbo4+HVt6evUM3X5zCGJIEmaeT5W
I/248lGqFgxENJwUY4QQH/Or8XA/L1WaU1s6PyVb+SjA1yXEIFvEXNmjUZWqjTHAoosSUxFgh/hb
REh4+FLES+1hATxkcug7YpLZSH5/QEzWiRA3zQ1e2LiYwytFXgkfKyrggyMitCoqYHFE6CAMgtoy
KZvLxaQxcAL7yPsdCJs/jH8LaSzRmXFioJ5FYMAs0WxSfHdaVCRmf/W+eSwqE4cBJ8IDoT5ZjC0N
uTpuDCcKHVETKXkEF8+UoAO/OjHJMzKJcWNioZ7FZE2hocZ9FSnfdEs9MUwDPwmjGNk2EY8yPzdG
dYGhTJRRHtES/lBk+PVIeTEMJuiYINqp3FnM58rpqUMVxXE2TYwaJVkGQdVe+CmCYp7DXegN7b2O
J3dXSEV3K5OjaYRH5GotAr2sLtcyipJTji0jRGngCxsNjwuJwZPNAxz3JLijKQGEyUJ0HMyp+2Rx
X0AQXoxOJjGMn+VEmZpVk5MHaUxFy5XwCfmgB384/nCIs5jK58vQh07hlsnkmkLXuRU1JkLwBQBB
a2gz2xBpC81L05SNc0+p0KDyvjImCPJhXYUqPUcUdK6rDtLuEO1Em7XaB/8YTek+wWNtRHxOizQM
XO+YxZBq1x15JvyhupuHKxksaGkWTC2LafE1g5QTQrnwYrmzUAxFy8v7eR33Wlpi1Zs69YKFr1YB
GJlieewJ6JqxZdFhYoViek89lE/lNhYVqDt6Dbk2V4d45bZl68peoU2cKB7APlX6zKdIpoooPAaO
clTirDwGTjfD2MQVmaM3LhjB8AOAyKUG9ED5zIH0ccBPucg8slHfo4kalkAmSYPIz68w5wEZVVsd
5o0m74Hd4uzVIflFJCsQP/fFdNavyFSMOBZhUl8CETAwcYw9V80a5OtTYjpgWcQSAV1E6EQkyGK0
iecOgawq3Oriy3qFDPInwRUtjAoyei1qPCS4rnVo/tTdb/fvjH3rzto3fzJ+cjEhEv18DxfcxZuF
L3pN6YrlVav9XGZ5cnlBH6zLHo6xBXSsZtJE6iGmwqDVnDkuqmROmsW5U85HKHGxMCE8DvCBUOWI
daAkV1g9X9QAW5Dp7LM3wtWIqkT5EpNMZAqS8kWj1EVuqSV9PBLjW3YHji9RgzvnBocHiRjIgEZG
HiTmc5nEiXKIV3xWw5dhRPYZiVLwh2QkLnx1bb/GcENQ4qm338XWl8NaF995xA0aIwdyoqlOwfWl
0KVxicaDLy5PQzwCUqPiSmWJkMW+fu2Ko6kW12PPF/sfF5RJEOmXUwgf+rUHvWymE35LxNp+cR2M
5GqZTsNUDOR3dVrklGFfsrGaXSg9Kfx+UiZBhhLolKvhWUmCefK7j4eA5L9IcSvlNyyE8F5CPKdi
rdRUu4m/epHcFd8WB6199b2RXhou74KyTjlKYzablmGYuJt3ePyhhNTlX4QkVSKQvHJzQHcPk6RU
8MrDDv35vASxIgFc4jC5DAuIt3jIUIkYqclC9aFwAyISCjwtG9ci2n4RyVSWevghPzxlROz58iYj
L6R4QrrggjtoBMv880LCIbkj8YRUqhPPo5QLgiXKT9x7TeaVWlnoxtJJMEbLhPudZNKWcnH+jTnX
h6Ejd8znD/zxx/8HFgvAJw==
===END CRASH DUMP===
