PocketMine-MP Crash Dump Sat Jul 3 23:20:10 +07 2021

Error: Attempted to create tile pocketmine\tile\Chest in unloaded chunk 1 2
File: pmsrc/src/pocketmine/level/Level
Line: 2609
Type: InvalidStateException

Code:
[2600] 			throw new LevelException("Invalid Tile world");
[2601] 		}
[2602] 
[2603] 		$chunkX = $tile->getFloorX() >> 4;
[2604] 		$chunkZ = $tile->getFloorZ() >> 4;
[2605] 
[2606] 		if(isset($this->chunks[$hash = ((($chunkX) & 0xFFFFFFFF) << 32) | (( $chunkZ) & 0xFFFFFFFF)])){
[2607] 			$this->chunks[$hash]->addTile($tile);
[2608] 		}else{
[2609] 			throw new \InvalidStateException("Attempted to create tile " . get_class($tile) . " in unloaded chunk $chunkX $chunkZ");
[2610] 		}
[2611] 
[2612] 		$this->tiles[$tile->getId()] = $tile;
[2613] 		$this->clearChunkCache($chunkX, $chunkZ);
[2614] 	}
[2615] 
[2616] 	/**
[2617] 	 * @return void
[2618] 	 * @throws LevelException
[2619] 	 */

Backtrace:
#0 pmsrc/src/pocketmine/tile/Tile(169): pocketmine\level\Level->addTile(object pocketmine\tile\Chest)
#1 pmsrc/src/pocketmine/tile/Spawnable(62): pocketmine\tile\Tile->__construct(object pocketmine\level\Level, object pocketmine\nbt\tag\CompoundTag)
#2 pmsrc/src/pocketmine/tile/Tile(116): pocketmine\tile\Spawnable->__construct(object pocketmine\level\Level, object pocketmine\nbt\tag\CompoundTag)
#3 pmsrc/src/pocketmine/level/format/Chunk(723): pocketmine\tile\Tile::createTile(string[5] Chest, object pocketmine\level\Level, object pocketmine\nbt\tag\CompoundTag)
#4 pmsrc/src/pocketmine/level/Level(2683): pocketmine\level\format\Chunk->initChunk(object pocketmine\level\Level)
#5 pmsrc/src/pocketmine/level/Level(2295): pocketmine\level\Level->loadChunk(integer 0, integer 1, boolean 1)
#6 pmsrc/src/pocketmine/level/Level(2957): pocketmine\level\Level->getChunk(integer 0, integer 1, boolean 1)
#7 pmsrc/src/pocketmine/Player(1066): pocketmine\level\Level->populateChunk(integer 0, integer 1)
#8 pmsrc/src/pocketmine/Player(1862): pocketmine\Player->sendNextChunk()
#9 pmsrc/src/pocketmine/Server(2399): pocketmine\Player->checkNetwork()
#10 pmsrc/src/pocketmine/Server(2152): pocketmine\Server->tick()
#11 pmsrc/src/pocketmine/Server(1992): pocketmine\Server->tickProcessor()
#12 pmsrc/src/pocketmine/Server(1586): pocketmine\Server->start()
#13 pmsrc/src/pocketmine/PocketMine(291): pocketmine\Server->__construct(object BaseClassLoader, object pocketmine\utils\MainLogger, string[34] C:\Users\Administrator\Desktop\Sv\, string[42] C:\Users\Administrator\Desktop\Sv\plugins\)
#14 pmsrc/src/pocketmine/PocketMine(321): pocketmine\server()
#15 pmsrc(11): require(string[89] phar://C:/Users/Administrator/Desktop/Sv/PocketMine-MP.phar/src/pocketmine/Pocke)

PocketMine-MP version: 3.21.0 [Protocol 440]
Git commit: 82e8eb46ac8b7ef6a320da6051b755830d202b84
uname -a: Windows NT HQDATA-788 6.3 build 9600 (Windows Server 2012 R2 Standard Edition) AMD64
PHP Version: 7.4.18
Zend version: 3.4.0
OS : WINNT, win
Composer libraries: 
- adhocore/json-comment 1.1.2@fc2f76979f0a44a5f5bc2a2b600d0762fe0e78e7
- daverandom/callback-validator unknown@unknown
- pocketmine/binaryutils 0.1.13@0abee38d4e2861621f262c79a2a3d699d8a697f4
- pocketmine/callback-validator 1.0.3@64787469766bcaa7e5885242e85c23c25e8c55a2
- pocketmine/classloader 0.1.2@9757928424652393b178a3760073113aa7c9911b
- pocketmine/log 0.2.1@830b44a2cf96ef703c550abe64302f230231ca49
- pocketmine/log-pthreads 0.1.3@e477ecf6ec214fdd4415ea1da3fdd9d73bf699ea
- pocketmine/math 0.2.6@43057cb8c179a9859677b496a788db922fd5cfc3
- pocketmine/nbt 0.2.18@9f82ca4d7f97fcd9a566e44b63c4f18a7657ae82
- pocketmine/pocketmine-mp 3.21.0@82e8eb46ac8b7ef6a320da6051b755830d202b84
- pocketmine/raklib 0.12.11@9cce458b8bfde3e4dfdbf70c659fc7b7fe26b5c4
- pocketmine/snooze 0.1.5@70b5e7937a06878dd321a3182ceb76d56298f2cd
- pocketmine/spl 0.4.2@6b08b7cf8c4afa17139c9a1b3bf1b408531de161

Loaded plugins:
DEVirion 1.2.7 by poggit, SOFe for API(s) 3.0.0
EconomyAPI 5.7.2 by onebone for API(s) 3.0.0
NoFallDamage 1.0 by DeveloperNeb101 for API(s) 3.0.0
SlapperRotation 1.2.1 by jojoe77777 for API(s) 3.0.0
FormAPI 1.3.0 by jojoe77777 for API(s) 3.0.0
PureEntitiesX 0.7.0 by milk0417, RevivalPMMP for API(s) 3.19.0
BurgerSpawners 0.1.4 by Heisenburger69 for API(s) 3.0.0
DevTools 1.14.2 by PocketMine Team for API(s) 3.13.0
Broadcaster 1.5 by EvolSoft for API(s) 3.0.0
MultiWorld 1.5.3 by CzechPMDevs, VixikCZ, fuyutsuki, kaliiks for API(s) 3.20.0
Shulkerbox 1.1.2 by UltraFlappy for API(s) 3.0.0
KeepInventory 1.0 by KhoaGamingPro for API(s) 3.0.0
CustomAlerts 2.1 by EvolSoft for API(s) 3.0.0
AutoClearLagg 3.1.0 by Twisted for API(s) 3.0.0
Netherite 1.2.1 by Wertzui123 for API(s) 3.0.0
essentialsTP 1.2.2 by  for API(s) 3.0.0
MaxEnchants 1.2.1 by Xenophilicy for API(s) 3.0.0
PlayerVaults 3.3.0 by  for API(s) 3.0.0
VanillaEnchantments 4.0.0 by TheAz928 for API(s) 3.0.0, 3.1.0
InvCrashFix 0.0.1 by  for API(s) 3.14.0
CustomCraft 1.0.0 by TeamBixby, alvin0319 for API(s) 3.0.0
PiggyCustomEnchants 2.4.1 by DaPigGuy for API(s) 3.19.0
TopVoter 3.1.0 by SalmonDE for API(s) 3.0.0
AuctionHouse 1.2.5 by Shock95x for API(s) 3.0.0
PurePerms 1.4.3 by 64FF00 & ProjectInfinity for API(s) 3.0.0
PureChat 1.4.11 by 64FF00 for API(s) 3.0.0
BuilderTools 1.2.0-beta4 by CzechPMDevs, VixikHD for API(s) 3.16.0
WorldProtect 2.3.8 by aliuly for API(s) 3.0.0
DLevelIsland 1.0.0 by Nguyễn Công Danh (NCD) for API(s) 3.0.0
PointAPI 2.0.9 by onebone | Edit By Nờ Cờ Dờ (NCD) (Danh Miner) for API(s) 3.0.0
PiggyCrates 2.0.9 by DaPigGuy for API(s) 3.2.0
BetterVoting 2.0.2 by Twisted for API(s) 3.0.0
SEnchant 1.0.0 by NamVN for API(s) 3.0.0
Slapper 1.6.2 by jojoe77777 for API(s) 3.0.0
Minerloot 1.0.0 by Distoxicqted for API(s) 3.1.4
BuonLau 3.0.0 by AmGM for API(s) 3.1.2
MineRalGUI 2.4.0 by YTBJero for API(s) 3.0.0
SeasonPass 2.0.0 by TungstenVn for API(s) 3.0.0
PixelgamesToDiscord 1 by ImNotYourDev for API(s) 3.0.0
AutoFix 1 by Ghast Noob for API(s) 3.0.0
GiftCode 1 by YTBJero for API(s) 3.0.0, 4.0.0
EnchantUI 0.4 by UnknownOre for API(s) 3.0.0
MuaCoinUI 3.5 by BlackPMFury for API(s) 3.0.0, 3.2.0
Minion 1.0.4 by phuongaz for API(s) 3.0.0
PECollide 1 by saxavlax001 for API(s) 3.0.0
StackUp 1 by NickteeChunky for API(s) 3.0.0
khongtp 1.0.0 by awzaw for API(s) 3.0.0
ShopUI 1.0.0 by SaltyPixelDevz for API(s) 3.0.0
MuaKeyUI 1.0VH - RBplugin by Ibenrm01 for API(s) 3.0.0
AutoFeed 1 by Ghast Noob for API(s) 3.0.0
Eff 2 by AmGM for API(s) 2.0.0, 3.0.0
VeSo 3.0.0 by AmGM for API(s) 3.1.2
NapTheFGC 1 by KaYuuVN for API(s) 3.0.0
NPCANIMATION 1.2.1 by jojoe77777 for API(s) 3.0.0
SpawnerGUI 1 by DandierSmile122 for API(s) 3.0.0
InvSee 1.0.0 by BlockHorizons for API(s) 3.0.0
MuaFLY 1.2 by SableIamNoob for API(s) 3.1.1
Report 1.3 by ImNotYourDev for API(s) 3.7.0
VipJoinMessage 2 by Hender Plugner [Edit By CurliestDrake66] for API(s) 3.0.0
BuyFix 1 by phuongaz for API(s) 3.0.0
MuaPointUI 2.0.0 by JKPVN (JakayPluginVN) for API(s) 3.0.0
BuyCMD 1.0.0 by zZPROGAMERZz423 for API(s) 3.0.0, 3.1.0, 4.0.0
AntiVoid 1.1.0 by FiberglassCivic for API(s) 3.0.0
StaffTable 0.4 by GigantLeyKey for API(s) 3.0.0
SellExp 3.0.0 by EzMinh, LetTIHL for API(s) 3.0.0
Daily_Reward 1.1 by MCPEVN-TEAM for API(s) 3.0.0
MuaTuNhanUI 1 by FurryJaki1992 for API(s) 3.0.0
QuyenVipUI 1.2 by NightBlackDM for API(s) 3.1.1
Banking_vonfram 1 by Noob for API(s) 3.0.0
TradeGui 1.2.3 by Only FurkanGM for API(s) 3.11.0
Kickk 1.1 by MCPEVN-TEAM for API(s) 3.0.0
TimeCommander 1.0.2 by TheDeibo for API(s) 3.0.2
AntiToolBox 0.1 by NgLamVN for API(s) 3.19.0
Login 1.0.0 by YTBJero for API(s) 3.0.0
Fly 1 by Ghast Noob for API(s) 3.0.0
LpkCuaHangUI 1.0.0 by phuongaz | Moded by LamPocketVN for API(s) 3.0.0
PHP-Sell 1.2.7 by Muqsit for API(s) 3.0.0-ALPHA9, 3.0.0-ALPHA10, 3.0.0-ALPHA11, 3.0.0-ALPHA12, 3.0.0
OreGenerator 0.1 by phuongaz for API(s) 3.0.0
AutoSell 1 by Jero, Cur for API(s) 3.0.0
PayPoint 1.0.0 by YTBJero for API(s) 3.0.0
RankUPUI 4 by YTBJero for API(s) 3.0.0
GemUI 1 by WoolChannel3295 for API(s) 3.0.0
ScoreHud 4.0.0 by JackMD for API(s) 3.0.0
UpGrade 1.0.0 by LetTIHL for API(s) 3.0.0
EnchantVipUI 0.6 by UnknownOreforsource|RBpmmpformod for API(s) 3.0.0
MineLevel 1.0.0 by TungstenVn for API(s) 3.0.0
TableSpoon 1.0.0 by CortexPE, Xenophilicy, HyperFlareMC for API(s) 3.0.0
VanishV2 1.0.0 by superbobby for API(s) 3.0.0
AutoInv 0.0.10 by JackNoordhuis for API(s) 3.0.0
CustomItem 1.0.0 by Phuongaz for API(s) 3.0.0
Boss_Quai 2.1 by phuongaz for API(s) 3.0.0
MenuAuto 1.0.0 by JeroGamingYT for API(s) 3.0.0
TopGems 2 by moch for API(s) 3
Blood 1.1.0 by NashanPlaysYT for API(s) 3.4.0, 3.3.0, 3.2.0, 3.1.0, 3.9.0, 3.9.1
SizePlayer 1.1.0 by  for API(s) 3.0.0
HuongDan 1.0.0 by YTBJero for API(s) 3.0.0
PickaxeFunction 1.0.0 by YTBJero for API(s) 3.0.0
SkyBlock 1 by  for API(s) 3
MuaKitUI 1.3.6 by Infernus101 for API(s) 3.0.0
DanhHieu 1.0.0 by JeroGamingYT for API(s) 3.0.0
RebirthUI 3.0.0 by YTBJero [Edit by NCD, Ghast, CurlliestDrake66] for API(s) 3.0.0

----------------------REPORT THE DATA BELOW THIS LINE-----------------------

===BEGIN CRASH DUMP===
eNrtfQlz20ay8F+Zj956kfYjKQK8tc8py5RkKZFkriTbOZByDYABiQgEEByS6N3899c9MwBnIIqH
zGTfq0pSZRGNQV/T0xcGwL9qXpTMaPb5niWpH4W1w069lvkzVjs0ema3bQ5No9Xsmb3hoFev5bE8
1W43O52eOewO+71eezCo1wKaZidJEiW1w3/VsnkMo2rn4T0NfPcmoxk7eXQYXA0U6rUZS1M6wRFH
WcZmccZckkXESRgMJJkfMBJHzh3LZn7ILAsBljWasjQjfkjyMIioC5c40zy8IwYxAaWXB8EpjAOc
8ZQmhwcHo8ODDykIdXDkAho/zRKaRcnBMUvvsig+uLk/GHMal0CjcTlu4mUHaeIcLEgfBOyeBQcX
+C+cj5GOpDHDkc+PhpEBgGqHZq81BIUm1IGDn2uvWmTppSjiwS38s2f0hvuHmvgcrWVxvI1vqevy
cZH9K3Oy5/S0Dwy8MlbQuonpQ0htQNQzK/QEGiTS+PbzZycKQXW5ky2jqLJWJ0sGhHYGCOkE2Ipm
cZSH7i2dcObMtYoweksZKzn/I7lrkxUzLFbMwQjNb69vtp/V3+GhMGkuD/Dph5Ofu78QPkNLGfoK
jjtknU3umb1Be7ltCYnQdkCkxrewXDIh3RoeOeXuBpTBU6y0alzRgqIfZmzCEtKqk+KnUSd2FAWM
hsTgFHsbUBx2+yspTli2OcH+coLjgM5Zsme0er2VtOIozgOwg+cJciqD1VQGT1aqONP4NmWhe8Ue
pUAc13A5rhuWgKPfM9vD4TO4nClz7q5Y9hAlEpXRWo3L6Fb5Emca32a+U+AwVuIwhsNVOMZJ5EDI
iBKJzFyNrDvoPYMszWiSSSTPLPFFUAAbMp7Bs8TxvKUpG0EQTC8wOCVLV28OriG1rEvqhxfRZIKj
pFdod8AtHFoWj1iWpYUsy5IxC+jfW1Z5Tcfc+Jo4yCd+CIOE6J21orfNquipUK5AIJc8+GgYlbDf
cj8pHdxg+AvZYQjmI/Zrv/xer7H/YHrxgrAPHAu9f/bD+yi4ZzMWZoAkjGBEveZELkNhYGgLoFaG
/2fTJHogIXsgHF8p1Z5VSEswmBBYnYFr1fb/AYgAgSER/C4OTTgUv9ryxN+4MD+Q1+RvGQ/s4P5O
gyhKftjbJ99+SzoSUUcb/9PT8T/p47slpZ680vf2/DRl2d7fsqmfoj8BROnPf5vSdAro9vb2JC/7
5L9I6/FU/rdP/vu/SdvcJ/+GIUSSrwz5ZX//X4JYv1TYEiq/LJIkznyhpEGhJBakTCIaLtG8ZS01
LJiCZ83JqpEmARV9dtADSLIAAvhTiyrmQgpZzqLR0mbRMArdGmYxK0JYxA6ylhNz7u7t/1JMlcTV
1i9xIJglPDyMKHj4Yg7qpablZWL+JQPl5Bpicg/+/ndxKNRP/k7eJCzLk5DcR74rTg3KU1yhacWO
xaChHHRQ+/2v3Piv3Piv3Piv3Piv3Piv3Piv3PiFuXG9NmEhS2iA+WRIsUNX064GxmyYg0WTr9Zu
mkazhfDcD9zaoTHoGPWan3522X3t0KOQIkH6mkRZ5ESAttNpAREf09eByQbM7vSoM7D7zOvRttly
KaSCht3vdgftlmu2THvQAdy55OWTH7qYC1zdkrN/Hh/dHjX6gwHpNduEUydDSIHJXjFKGBIxW2DL
1yaBLCx0aeKSE9fHFGKfHF0e9xA9duQOa/1mpwlpR732BVY6l6zDBYOzn6MUqZ9fXd0CgB88+CHP
vSFAgPY/B76d0MRnKWqOulOQNmEHv6ZR2IAxMmE3mkbTfOM5ptfvDftDr0U7Hdr1urZjUtMG3t1W
v2d6rMX6A9YH9C4FAYDraHbg0CCwqXPX4BklTjEgBE8URg/hG/kXmV1Mqu2HNJnz5QBDW0DbaL9p
UZux9sDtMHMA6ZhpeGbPdPpDatK22xsO3QEF1ryOjmopcZj2ZvtNr9Mf9Ds9bN/aDqV91h0MumYH
5rbrmG3H7LKB0+1Ss4IQFzFPZhPJm/lm2O/2h+agY3Z6XfCdbdvoD2i7D2rptw2jDbid4dAwbB1T
EE04BrNpvAGbsUGjpuMNe8zrt9pAGQXuddot0zPhn7bh0M7wCYZGDEkmo26hqPYb1un3meP1mGMa
Hc91Ox2jy6jh0jYcDN1+2/ZAW4zqqCC+TyU3vTdAtNt37IFjgHqHg+6w1+/bnWGPgs269tA0Pbfr
eE5bRwHJRyHP4M3QG5jAsNv3YE4cd0i7vR7rdOxe2+l4xoD2e90+ZYOKchc/G7O4XKJvtlhvCrKE
3oFtC70AT8aboeOwTndgD2zPZW3WcT3XBl07ve7Qc/p232Nmz+46FTRpGEVfmFRv902/ZXdZf9ju
01Zv0B+4LvhC2jZAWmb3e263Zw4Hnum4FSRxwDF0wFp6dgvEcLyB06EeNfpGe+gMqWHDxBh2pzXo
tg2XGT2j9ntZPvO1eXzy0U+46yo9XAmq1xZ+DSyyiUuQ5tk0SlKsK2IIJ+C56rWb96cMnSWNfYS3
YSG08JjxlBl8BwQt8Houi8GT4KVwLo287FgFzCBAYSeAI7Wse86CZYHblL8UtnClwNib26Pr2w/o
hB+YnfoZMo+VzwkEymg2PxqfK1IpQFWubrPfNHW5opDZ2ErYkUQSnWUxwQHgtCyNGynO+P3N7af3
1xfHTwS6ik7B4xzTGe++lCJpYH2yWrpIx5gTRjFLrphttIxdiVZBa1kqRyLn2ES8m4DGgOQ6ymim
m2L1TNUiDV3MX6NfI9bH/3YlYYWBzWU6hepGN8ACosvQrk7V7mVYYLQsyUT5YxNRxnnCTsIMkgSW
/qBmQhpcFasFi6oi1swP7lodA13INSxpCJzjS8ifVBGN4ctlTATOeDaD7DMGxphkDIoMhc3VvmOa
ZXEKKSQ4oGluNyFROVB4PdDlBcW8zRPIp3lvgCWpopnKCV01RrOjq+aM+VBM2fya3nBXs65jtSyd
p80MeYlCKsyCFsAJ3ELhqspfgnRbNzpVV7tIpsktozPdHNpf5Zg4A1iSlKxsN/ML1g5KHDjnCWBx
aJqxRJ1wBarL3NUFPrmPghtgelezrBCGKda42EDch4eHJgOOEHszu0P5LvMg8z9hF1wRTwFWpGu2
dflGX5gzHV+CxlDjH/1H/270E99GAJl3mt/58PsOkmb/LtVUYH6FDhykGc8gU4D5niGrootvaWxv
a+iKJAcKIgxX0zy4Y4kdPaqRagGsGH3V5j8EUJKeYlyZ78oKFJRQewtO3kaPm0er7xmLz8N7cJpR
Mlek0uErU4zvpxF9RyEvnYyTaFeCaUgtS2Nnc+lGeZpFs6OAJZnqpTSwKtuTvGLXq1albFkVPl62
bo/yLBrhzYgLOpkoQupwVUrwsNU5vH3wwXm4uxIzE+gsC0hE/E5JAExYVpWnbZemZPMonQf57HJ0
oOPDfJllU5bw6xfJcglbk0R+gnn4kvuG2d6VHhYYIUMu2HhxBF5gO1jIhHdx0xSTHhqkt2NFbg1c
FV13TTsSV6UIVY9Of+1ivaSPJ6EzpaG2VlXomvn7gYVRPPUD39mZf1VQ4rSVrGgHG6XSvOH9kUI8
UaXTwPoardYHO5Jolv+WYpkdc8r3nHLRjy/5WCvORxr6QUClBrCrp0q17KwqXIcLoDugKTv6MjQH
TyauLt3VC8W9F6zgHayEvcTjSL4OlskEioCgNEpoOj311ZxAheo1QKtitFre2/n6afXDewcpez4k
AeLmwOaBEniGUFeNkwJaSQGezB8k8W/9RxtzBRrc+2GrbXxlRSPJn2dsJgVZiFuSK4IoZ1I72GhV
+pPJXFyzxPUsO6tnC52qCzqmcNG7fL6z8rZACEv0KTdLgS8w8oLIwRJ0fEfBbRR/jPTCpwStySxu
aDCLwuOTnfVlJD7LKjhY/Npkyo9yB/s5Z1GeMi1bUsDVOFMp5W6mUCEOu49fad5aJ1D1GAthU0kJ
EynO3xT5wzxK43ajRs6YJbO00sQRMF3cTrWy63VOT1st8l8EMnG8yXgeenjLfmcx9rMgIPo1nCPl
5wusmV8r+twHCzxSC6MpzSpK4KCqDgxjmRK2ElnR8NPJP6V8BlMsmeqQZtz7MJfjk0YBrz2jH2R2
8WsH2uFoeEvLD8DHVhs6Gri6LloNm2W0s7YRcHas+8Pejkp+WzCXiYZPhdWvKfs1VKAc3gGAqcrA
/BXlaGA9MrSbA10tNPDzYGdrRmCzLN7viAUH1bpiw3bXZe4nns8CV71dJu8THWQJw5t52Fg60KTF
9h/fb3KeBjRUW0YaeE3WcDWByJYbzOmGZGTlrZbXCSfkmIZTsnc1Ot7fbr1pDrVoc69QIlJn4SgK
J0jRsiqcr/eqkR9mequ/BOnW0GoOl95pIv/m9+DJ2zm5Qj24LqqB/z2Wf7keyB7XCfYkk/2d356K
kWl+c0phf8PcKaEZe5ozCegaHSzNlcytw+iyFOj5/Ilzph18fb7E0fA86S3LYKVALuKHaitGA1e1
Yv4BnZg1SinbMzZn7J4zBg5UZ3P93TuJWm2GFqB1C5/OPl7typA5sq1vOj692Vhhuledmt3foEsF
4Rd3hBYcHRQyYCMF3UQQRerELGBrZuYYTCN69J3fqkaId69eWsQoOC0rCzafq7d5FF7QXEtIBEQv
O56IcTR7d1lh33wp+/YWDKOer2nw7sN5RfkSWK0fK2z/ePv2O7a7LvqJG4km+harg9E0Csc0Vb26
Aqy6r2ofIA8n4FvCj+GuZFhgxB2RBR/q782i1SMLJiBNehuBOTpR4mpR6+lZbZ3oQp7PrqLsxyhP
IFnclZgqTohP70pG+MHxZqVtFul9qAKyQpZ3U8juyFUU2buSRBLd3OTe+V42ks/uSMZL0ArOn1sr
ddlffCH7BenN+ZcxT1vyC5je/6sUSx/EfsX3yc42HS0wWlbJxBb+K6cjSAJ191XCdKdbaYu8Dahz
N748zZP50i6u+XKhgIOfHGABcvTIv/VZuJVD1ncWSUA1DFYmJp5CnJnQLzu78XdxdMxrVkF+c/7H
J6MoCHxtdSxgK5ZHSh/pfUAfW7vb9aWghKqBOYKJTepOHlkysI8PsRpWJGSFFFe+c5cx8SzDzqpn
DSlEEsHG5nNyNwXbyFRJCsia5Io+fKEPu5IijLL4xZmj4ITvaYhibbVLwBpJbmiQzXnYBLPe2Sr5
cI7Ut/JW37N51VkJUEWAj2ekQa7fisZGJZzbLExmu1smBT7ch1Iys1n0Zsythm8E/fnxm2GmvnEA
9Dw19MGRliWuzMzNMj58TZ7reaBtxGxszvVHdhOpNy3x8E+sKpDe5sxe0fh2yk7fjdSNDSVshX18
T3/M893V2hKdZZXEt5BhPDq6Or88uj1/f6WKoYL/7+zzlRsq9UpPAa6Yk2Mauj5LbmZ+wAzT3K7L
udi/+2SzqdIAXXlLkVPfXNLz8P6GMf32NgLWhIi3QeTcnUWJ/0Xez9jJtkcVKX+uHDjZ5k43uOTT
ix/1gIGAiuFVox0wek5nT9ys0TS+Iqc9xRb+lT+ZZjx3Pr7kEQOgmwhyzeIoUVs8ElDZZb5h5dp/
QYvxac38XDkrWCv+buSc/fg7SPgvixdPLNy0fmJFoDkDTllC8GYXrA/yc9FpH+VJ4LM0O07oHev1
ftndvmukZ1mSw/LHZn2uuV65S8AKJ7LrCkVQ3Cr34rcLqtlXAVzTKPru+/HHK7L3Hb2jc3E/8uPV
zm5tcOR8MW3TapyPLo/1KUDAGi/35afx9ft3R5cn1z996SzZOVgvN0V8VVcCRLlg4XSbUv4ozPyP
+BoJJaEsQNWdyhWhTn2bJRN8NHHk3/vO7vasM5pNb+mdH06C+Vv+WCakbZKpxa8X1DPLUB+U+ET1
6Xm3yLNegBbAlW2ad/6EhtkFm0M2v7NiGmlv05cNgpNHrXqWkDU568mXSz+c1skFy27Pzy521lrm
aC3r5IfxdjXbMfWD+edr9kC1FqwGrpinLtDlaHzy8apxe3J0uSthBErLqjCxiQ+8za+m9Em/rISu
cOCneZLMwf/5+D6CXUmiIeUesGBl8xn6J94Wh+ClCaUAV6ZKajqzq1Tp4/nYssoUqWBivUenIbqD
z/dR6CV0prr2yplVDagdVtaICwQB4ptPxm0Cme273Fe33hWgarFUSfbeh8GcgEHc0bBathpfZWEc
oWVxPrZ41MR37u7UR0z48X9qqRfU10+AP2OjaDajoatvgNTg1SzBfLK9+Zj5dvVmxYubBxrxTRuw
GA5xS9Nb7fklFVp5XrG6WefiyV37r9naKvGJsC852LSSUyJ/wRYIeBFhb28hmjhek8Dt+JarRGdZ
wRY3XbHkU54XDuZ/bseP16Gb8noR341yekbDiRYfNPAalRelC/k3uYzwNW72nMAkigcvt+xVKf0Q
ZfeSthXsmc0wz76IQHKHu8mlQFvcrjkbNzAxU+/WFKA1b1W45Fv4q8I3ji7GZ0fDokMqDo1W5dio
HJtf21FFhkH2LZrA7xP2jr8zJ4tUN6mBV/qXXRe0i3lUedimV4Sd8MpklqAVCxTXfx3bDLvsyKdA
dAszhKIaV4NqhgXoP+QP4y1qhGtIkT6MNf9SgrQHif5Q1pFkHuf+FjsZ2ExjWhyvMJVPEPZG4JFC
FrTNYXdXnAPdLSpLfEPTWa4WYyVozVNb30FKfnm8s64Nx2ZZBfXNRfgQv8NcVJGggKwx9h0XxXm8
9a6Rap2lgXV/2Xtu74gHkChPHPbv67f4Igx8wWLk7n5HiVFuKeHsbbcrTrzOV98UV7zid/WjZX/o
ljKVjfW1ANK6iSNtQ4kCXCPJKEoy9jg+4U98LJ5VrdfO5jFLTgOasMvRH/Lo6oJH9ff6kgGfekyn
H83Kw50ctEbYNI/xrQi2vbuOWYnRsgouFr82Dejn4X0lniPkyVOaSzwdpNyJO839nd3M+hWQhgVS
8bC8H96Lx+QFUxs+uInPSD55bpMD10zSeNfbnErKWzTeozT9/M+cqi2OBWzl6xn+uJTxKE8oMmFZ
+O9GPo6FOU6c6uIK0JpZwKRF7NP98XZnfQ5Je4tOUxRD3pDqz3hyyIqbbLPImaosv/j5ZcDDH+RE
glvYThBFauIijtfc3biiKcQwfOQ9rei7I2/YtJUti4sbOO3msPxrvPxhhZI49jSBXflno1TN/8LE
o/pqsrYArhZ8VzsmkN4F0oNUrfy9CftnuXjWSmG+BP25VUlBdouKynfu6CM7zUOn8qq66pk/V5JY
UN8i3b+b800UqgUVoOcrlR0s8YKKZf2UBx6dzvzTX5Pt9vr5T+42C1D1zXqVTPk89FgS5ukOX4Co
oMRe8lZ7rPFZvjOf5drdLwn6D0SK47MtCnNm+0k21SvzErbmTqS0fLkTw56Tq9FxnfB2Jm+XBH/I
toxr5ocOTUKabb6lEd+UShMQL2PV19UVb47mHUT+XuVmnOCbMPlbBg9rVu4xz3s1LmFkFIWePyH4
wRMrscJXn5hLvstD0m6R1vCwbRx2uuT/t/rEbJkGDghoOMnphL1m4QSPZ1HmvsaHY2m/J/4EVt5u
GS0ijij86bQd+LdtD+Ffs9+xcsNt9cVpO8XzHTNST8lL3bQYCf+20nIInnPapCQK1DhrQuAGbuJ5
bQyNtonAhymorRH4afa6hcc0DCPwhfgQMX/JO3WmPhPfaklfQwGCeHDPWkM+twz2Ii6c0Ud5Tfq6
wyG4vQgqWSbOQ1kLWEtY5HkIhblwsWFQHMf3saTi+p7nO3mQzV9zRidFD7CRsgwfckxfc33z1+aj
Mb+2mftAk3QBTRlzlUH4mZzXpxdHtwgSxtj4LWfJXFKUoMQBkSQ7+LsZ0zR9gDz/9d/5f6AjyMwa
Kb1n8sJ7nz00XFAhBcW9HiDo0Y4eG7h65BDtDcDN+QzfAPyKoD0Th1sYZKyoS25oBHRFNKMFwyO3
U5YyUghPoNwk2ZSRKAQrzaY0Iw7OHSxNRmDNBDm25gH9EzNHXDfRDK70EEEVZ0o9VicRvqEqRZTE
Thi9I/MoTyQu4nsE5tD3fE4Bpi8BQwjmiPiKPZToDlzm8XcSkYco/CYjuFWTJgS1NwNh8W3cc+QQ
P8ki5H6YspDk8SShLiBoWiEarUB2aIWEvPo05a/Owu/N4IcMCKCQr7gHHSQ0TPHTCa44zVmFkEUB
MegzYBnXF76Z2GEE0jg34BqcIWZhncXiPST8je94Ip3mmRuBvcuvKB0SqybfyM65fiQJa/wKlR8J
o4f/Z9U4m0dBED0QXFTAGZGP45N7n5J/or3hGG54xZP6hwRdIr/0hBuhvIYAkwSXB4HpAw0hNvC8
Uq84XtpseVrh/NUnH7QT4W1k6rrAZirmAnWMX0ogM0bTPOFLG2WxGTINmmK/5TRAHU78exh7T4Oc
kT1JFBzdPmIXFGG18E2BDZgD/EjBIZzmtK/ymQ0qAhM7Suehc0vTO/xI0x0YVZMP+JDCPKGdF5Li
sGkSgfeBqYThaV181YnIhQ+Lo07wRfUgCEYprhtw+wib5SGYEw4RyG/4XINMYHJJ9OiDuTFQA4jE
zTgsmUPdSobOPTRcHIMGWid+9g2oL0v4ZS5DX8ftp3Ix2QMZclhEJlcLF6MhJT3kqKqGS7lxJHkY
4nS64l3MfBL4GzHSJjlm9/I3meGGDMJfClVXV6I0HNRIkuRxJqBCYaiYGfAm5eKTCyuUv7/fFauD
4heKgO3lHKCNoM1B7eyDdTUVQ4PBDTGotDRw/eDSk7lYoe+CyAbrwXhOBBzWwcznnxKbsQm15xlo
nNwIVbe4cv0UcfPLb3HWHnyueW5RsIIfGgJRYWQpl9DzgUVwTwzfK4lovISxgqQwcpitHNcsmUQw
URGuWbQKJDThbDY4a4ekhVIAde6PxTv0/9dLgAnSKv4xsn4d/2kWxZwF6UtLliS6lID7wOAIqVnB
EFItuDJaZkcyxp3AJ74qJH/pNzvgkK8LzhJ6DOLkEIlCiESEPTIn5843EiyLFYmRqxzNHh3ID9KF
RMJxvb89OSS3Z+c35OL88vyWHI3HF+cnN2R8ck0g2/z+5LpOYBC5fQ+jTsins/cXJ2R8/X50cnPT
rLoATR9mtyfVMWaJH/HojI445Z9Pw2/pFNoona0Buof8wOW+hQ9p4PsqhJvlqCA/BTnBQYM1obzP
GZswMsj2MBqGOEwS45gFEnC9C0cuIhKnwbciYdDnFzSfjkZbkNk9TFvMHMwNhGaRXTGv4tpSBjAv
FqcLUSGhFrKm+8tZkpK3peQTmtiwMhr4HKPIQ7kDWq5dvtSQHXkVkVeB757RMOeZiMoJZGk52OB+
vYgJVSMszFCEV88DXELe2WIJNsl74fOFwUMqEeWBW/LiQxB5CMmC/1Qgjjn7IGiv1ZKyArVT7iye
BEluOgJDKZuXRLMi2Iqr5YiGaprqDKM0ciaf2AZZYlKaddwU2SNOWYJPlYIZSkN281ksUi2RzxF5
ooEnivk6xkHyAs47Z7OQAI4gzMNip0sUDEEbAh9QuAcjS9OcoWPIpjBrkyL1RKeF1BZc1YuJFDmC
zDCbghsc+qyesMYRn1YseB/RGKH+LJ9BjOWPLBSFAE4kERWR4GKhV1wvUpV8xTy1Mci8Y8kRJ9jA
lDiHoNspZ+w4kh9QrNg05kbo9QR+MbhYQgKXHKhKxjOHhoMfQyxlOwZWeK4C6SNqD7gTCYbAElMs
UIi4Rki4kA4uk/oU8hSUcfAi20UF4guAC7yrUa2yQysMxXfIDmWIgNRsGgUixbRpBlUsZuKc5RQ/
pkZkkOG+TZRB8qwILTYrk00R3l6ps1ScQreazDNEXicNQ5lAPnmccCMrmJEhgHvtRR7Li1NMIV0h
ORY2PNHHiwEo2WqSM8gFwZZe8+SOjMYf6nAt8GDD+nrwXTB7nisI71nib3D8h6RXpN2LjDzl2lHG
NsmRC45qSgPvAF9wxcsEl4ENS1JAlGD3BQ1MWYiLsKcgU0uRk0f0aphi0qBJkIkP43BcJNuLahBr
CWQKt3DjhXkcxg15XKluLuWqS/0vrJxPTMuLacT3FxcpE6TtwjyU0NoZmuKi/SYZy2sCig/lYTkt
y1JpC5yil9AJigBzAmpL44BnLFhrzoB5XOw0wXkaBT52S3jxjB88ww/pXt5+4JymIBKKbecZwWKd
T+WCnCgumoWvmWV5A6865NyilbvMzieHRcHyLX5+ELgQ6doUlio/T2StmorqGi05TCMRuKQ1GIhM
OCeBbTSNopRX4EWdwopKlHswl2aUpPS+8JTY/ih6RHhOKWGBMd7hEwmLbE5giSyKYd4i+ob8YEeP
aPUJOT8mez98OD/eB5nB5IEHGP8A7j5OxJsVwTCwfkmgeGkuMkCwhIgP4coOwdJ/eHtR4Je1jQL5
hhPDRhEPmpB9YJHLwzCXLSpaJTKEKB0cz+Nk4ZzvzRuPue8upKWQpoBzYzQr3CaIL74XV1QBvIKU
jILZQNLJM7IwcgI/JvxasJpLOgeLwUpyFt0XRTlGNBkGuCtuFOcEyXThAIuOl9otueXtDmHu4rOd
Yi74WGnbeSrbLuLzo3zVyWsa4ppDEkOOdO8HSEa4cemiJBWMQzSclHVCiJcF1XBYL0Zp3bKlHSox
yUezKMcV7Il4Ixc0qlJOMcZX9FC8HQFmiL95gISLr3m4VC7mgodMlL82E8hs3HwDv7GhySPctLB3
buK8z6kFXiE+EirFBz9EaJXVWHyFEqgxiGnLuGwtZ5Mm+KFWQotlB8wWF+Pfkps2X8vYHGjksYuv
sFN8I39nPyfEG7vq0jzmxGy8k5NyB4T6ZAnONBGf6CNSOiKbKUUA59doogO+BjHJKzJJ8J1OpXoW
DZtSQ82nKpKu6YH6vE4DNwlFjJib4huo3BjlAUYyPkY6xDZ3hzzBb8TSiWEsQb8EwU6mzrxTK1pU
hzKIY0eNl40CLGKgnC9811bZ61AWOdp7Az9QXgGVy00Hx1PINr1ImRFYZQ3x3Fs5chrhzHBWmrjt
q+lHnGNwZPMZlj0pPtOegoTpgnWs5eR5sjjPReBOjE4mCRTQolkmO2uigYCflb6rysf5gxX8/vg9
fpuzIV2+iHzoFB6YyK0p/xI4Ukw54wsBOKyp9LYh0JaaF6YpJueJUmFCxXlpTBDj8SuTPFKpKSKH
R6rqIOsO0U6UzlUd/GM8pXWC77Tl4TkrszBwvR5LINNuOGKz5qE8W0QrESuo1gmT98KU8JpDxgmR
nHuxwllIhHzmxfmCxpOZFrKqU535s4WvlvEXkeJ4XAnomnFm0WEiQd7ikxcV7dzmgoA8o1IotLk6
wku3LWZXrAqlcyJxAPpM6rPokUwlkHsMLHJk3iw9BracoTRxeeLoeyUiqD5AEHGzAT1Q0TgQPg7w
SRdZRDYa+DSVVQkkknQWB8URpjzAo5yrw2LSxDmwW+xgHZKfea4C8bPOW1q/IFJecCzCpHoThIuB
eWPiu7JpUNx64t2AZRGLB3QeoVOeH/NiE78+BLzKcKuyL+hyHsRPgreqMCqI6LWgeEjwhtWh+Y9+
vTt8NOrtx3bd/IfxDxfzIb7O9/Atvw4619eDlnDF4qjT3RdJnrjFoNbqYoVjbAEdy1YaTz14Lwxm
zZkT8cniPCmcclGgJOXNCe5xAA+EKoffCUoLhTWKGxtgCyKbfXXKXQ0nxcdrSHKeKQjIZwXS4Kml
kvNFMS9v2SM4vlTWds4dVgcpr2NAI7YPeflc5HB8HMoLrEDlIcKIWDNCSo4fkpGk9NW1eo09ZixM
+Xu8D/9V45+eUD6razvy86glBO8w4Sd5NVg0++xGGThDDYq3IDVAngTqMboI9djzA/7i/gVkMtM+
8juF8KEe+7DK7lUAfrtXPZ7Z4n6ZCkvlJ4VVWOzoYl8zTzYXtCu53091EGQoMxVyM77QOJinvwX8
08TyFylPZdEdCyG8axLPKb9basr3yXzxY7E/qss3inwRn3UtR8Ph40zXaYTcmK1W2zBMfBRnfPxe
k9SNPnNOqkAA+fp0wHIP01QbeOPjgv7hUhOxwgEcYpWsiwXAB/wGkAZUPuCL+9cM/Po0MDzVjWsR
bT/zZEr9ODLu2vAn4qPJEgtu+uMoi89Wcofk2sUHetEOk3mMmx8B0ObjJ+6TKfO1Wea6aasgKNFy
7n4nubClgp2fMOd6P+bdncUFv//+P0ZGMDM=
===END CRASH DUMP===
