PocketMine-MP Crash Dump Sat Aug 14 10:46:46 +07 2021

Error: Argument 1 passed to _64FF00\PureChat\PureChat::getChatFormat() must be an instance of pocketmine\Player, instance of pocketmine\OfflinePlayer given, called in C:\Users\Administrator\Desktop\VOL1\plugins\MultiChat_OTHERS\src\tungsten3\Main.php on line 76
File: plugins/PureChat_v1.4.11/src/_64FF00/PureChat/PureChat
Line: 533
Type: TypeError

THIS CRASH WAS CAUSED BY A PLUGIN
BAD PLUGIN: PureChat v1.4.11

Code:
[524]         return $string;
[525]     }
[526] 
[527]     /**
[528]      * @param Player $player
[529]      * @param $message
[530]      * @param null $levelName
[531]      * @return mixed
[532]      */
[533]     public function getChatFormat(Player $player, $message, $levelName = null)
[534]     {
[535]         $originalChatFormat = $this->getOriginalChatFormat($player, $levelName);
[536] 
[537]         $chatFormat = $this->applyColors($originalChatFormat);
[538]         $chatFormat = $this->applyPCTags($chatFormat, $player, $message, $levelName);
[539] 
[540]         return $chatFormat;
[541]     }
[542]     
[543] 

Backtrace:
#0 plugins/MultiChat_OTHERS/src/tungsten3/Main(76): _64FF00\PureChat\PureChat->getChatFormat(object pocketmine\OfflinePlayer, string[41] kc tui nhi...u l...m s..i c.. h...t ....u, NULL )
#1 plugins/MultiChat_OTHERS/src/tungsten3/PopupTask(19): tungsten3\Main->ShowChat()
#2 pmsrc/src/pocketmine/scheduler/TaskHandler(137): Tungsten3\PopupTask->onRun(integer 1)
#3 pmsrc/src/pocketmine/scheduler/TaskScheduler(179): pocketmine\scheduler\TaskHandler->run(integer 1)
#4 pmsrc/src/pocketmine/plugin/PluginManager(654): pocketmine\scheduler\TaskScheduler->mainThreadHeartbeat(integer 1)
#5 pmsrc/src/pocketmine/Server(2389): pocketmine\plugin\PluginManager->tickSchedulers(integer 1)
#6 pmsrc/src/pocketmine/Server(2152): pocketmine\Server->tick()
#7 pmsrc/src/pocketmine/Server(1992): pocketmine\Server->tickProcessor()
#8 pmsrc/src/pocketmine/Server(1586): pocketmine\Server->start()
#9 pmsrc/src/pocketmine/PocketMine(311): pocketmine\Server->__construct(object BaseClassLoader, object pocketmine\utils\MainLogger, string[36] C:\Users\Administrator\Desktop\VOL1\, string[44] C:\Users\Administrator\Desktop\VOL1\plugins\)
#10 pmsrc/src/pocketmine/PocketMine(341): pocketmine\server()
#11 pmsrc(11): require(string[91] phar://C:/Users/Administrator/Desktop/VOL1/PocketMine-MP.phar/src/pocketmine/Poc)

PocketMine-MP version: 3.22.1 [Protocol 448]
Git commit: 9477034a4ae58cc5c12b8278c14a8e46a43992b2
uname -a: Windows NT HQDATA-788 6.3 build 9600 (Windows Server 2012 R2 Standard Edition) AMD64
PHP Version: 7.4.18
Zend version: 3.4.0
OS : WINNT, win
Composer libraries: 
- adhocore/json-comment 1.1.2@fc2f76979f0a44a5f5bc2a2b600d0762fe0e78e7
- daverandom/callback-validator unknown@unknown
- pocketmine/binaryutils 0.1.13@0abee38d4e2861621f262c79a2a3d699d8a697f4
- pocketmine/callback-validator 1.0.3@64787469766bcaa7e5885242e85c23c25e8c55a2
- pocketmine/classloader 0.1.2@9757928424652393b178a3760073113aa7c9911b
- pocketmine/log 0.2.1@830b44a2cf96ef703c550abe64302f230231ca49
- pocketmine/log-pthreads 0.1.3@e477ecf6ec214fdd4415ea1da3fdd9d73bf699ea
- pocketmine/math 0.2.6@43057cb8c179a9859677b496a788db922fd5cfc3
- pocketmine/nbt 0.2.18@9f82ca4d7f97fcd9a566e44b63c4f18a7657ae82
- pocketmine/pocketmine-mp 3.22.1@9477034a4ae58cc5c12b8278c14a8e46a43992b2
- pocketmine/raklib 0.12.11@9cce458b8bfde3e4dfdbf70c659fc7b7fe26b5c4
- pocketmine/snooze 0.1.5@70b5e7937a06878dd321a3182ceb76d56298f2cd
- pocketmine/spl 0.4.2@6b08b7cf8c4afa17139c9a1b3bf1b408531de161

Loaded plugins:
AcidRainVictory 1 by YTBJero for API(s) 3.0.0
AntiTNT 0.1 by Adam1609 for API(s) 3.0.0
AntiToolBox 0.1 by NgLamVN for API(s) 3.19.0
AntiVoid 1.1.0 by FiberglassCivic for API(s) 3.0.0
AuctionHouse 1.2.5 by Shock95x for API(s) 3.0.0
AuthUI 1.0.0 by AytgDmr1 for API(s) 3.0.0
AutoClearLagg 3.1.0 by Twisted for API(s) 3.0.0
AutoFeed 1 by Ghast Noob for API(s) 3.0.0
AutoFix 1 by Ghast Noob for API(s) 3.0.0
AutoInv 0.0.10 by JackNoordhuis for API(s) 3.0.0
AutoSell 1 by Jero, Cur for API(s) 3.0.0
AutoXP 1.1.0 by JackMD for API(s) 3.0.0
Banking_vonfram 1 by Noob for API(s) 3.0.0
BetterVoting 2.0.2 by Twisted for API(s) 3.0.0
BlockCMD 1.0.0-beta by kenygamer for API(s) 3.0.0-ALPHA10, 3.0.0-ALPHA11, 3.0.0-ALPHA12, 3.0.0
BlockPets 1.1.3 by itzmade for API(s) 3.19.0
BlockSniper 3.2.3 by BlockHorizons, Sandertv (@Sandertv), Chris-Prime (@PrimusLV) for API(s) 3.2.0
BossAnnouncement 2.0.4 by XenialDan for API(s) 3.13
Boss_Quai 2.1 by phuongaz for API(s) 3.0.0
BuilderTools 1.2.0-beta4 by CzechPMDevs, VixikHD for API(s) 3.16.0
BuonLau 3.0.0 by AmGM for API(s) 3.1.2
BuyFix 1 by phuongaz for API(s) 3.0.0
Buy_cmd 1 by TungstenVn for API(s) 3.0.0
Clothes 5.0 by TungstenVn for API(s) 3.0.0
CmdSnooper 1.0.0 by HotshotHD for API(s) 3.1.1
CrashTransfer 1.0.0 by Xenophilicy for API(s) 3.0.0
CustomAlerts 2.1 by EvolSoft for API(s) 3.0.0
CustomItem 1.0.0 by Phuongaz for API(s) 3.0.0
CustomShopUI 4.0.5 by SaltyPixelDevz for API(s) 3.0.0
DEVirion 1.2.7 by poggit, SOFe for API(s) 3.0.0
DLevelIsland 1.0.0 by Nguyễn Công Danh (NCD) for API(s) 3.0.0
DancingFarm 1 by RicardoMilos384, DontTouchMeXD for API(s) 3.17.0
DevTools 1.14.2 by PocketMine Team for API(s) 3.13.0
EconomyAPI 5.7.2 by onebone for API(s) 3.0.0
EnchantUI 0.6 by UnknownOre for API(s) 3.0.0
EnchantVipUI 0.6 by UnknownOreforsource|RBpmmpformod for API(s) 3.0.0
Eternity 1 by minefore and shin1134 for API(s) 3.9.0
ExtendedBlocks 1.1.5 by Javier Leon9966 for API(s) 3.14.0
FormAPI 1.3.0 by jojoe77777 for API(s) 3.0.0
FormImagesFix 0.0.1 by  for API(s) 3.11.4
GCPClan 1.1 by InstantlyTa for API(s) 3.0.0, 4.0.0
GMCDetect 1 by TungstenVn for API(s) 3.0.0
GemUI 1 by WoolChannel3295 for API(s) 3.0.0
Giftcode 1.0.0 by  for API(s) 3.0.0, 4.0.0
HuongDan 1.0.0 by YTBJero for API(s) 3.0.0
InvCrashFix 0.0.1 by  for API(s) 3.14.0
InvSee 1.0.0 by BlockHorizons for API(s) 3.0.0
KeepInventory 1.0 by KhoaGamingPro for API(s) 3.0.0
KingofBlock 1 by YTBJero for API(s) 3.0.0
LoadWorlds 1.1 by shin for API(s) 3.0.0
LpkCuaHangUI 1.0.0 by phuongaz | Moded by LamPocketVN for API(s) 3.0.0
LvPickaxe 1.19 by PhuongAZ, K27 for API(s) 3.0.0
MS_NV 1 by YTBJero for API(s) 3.0.0
MSpawns 2.2 by EvolSoft for API(s) 3.0.0
ManyWorlds 2.2.0 by aliuly for API(s) 3.0.0
MaxEnchants 1.2.1 by Xenophilicy for API(s) 3.0.0
MenuAuto 1.0.0 by JeroGamingYT for API(s) 3.0.0
MenuPet 1.0.0 by YTBJero for API(s) 3.0.0
MineLevel 1.0.0 by TungstenVn for API(s) 3.0.0
Minion 1.0.4 by phuongaz for API(s) 3.0.0
MuaCoinUI 3.5 by BlackPMFury for API(s) 3.0.0, 3.2.0
MuaKeyUI 1.0VH - RBplugin by Ibenrm01 for API(s) 3.0.0
MuaKitUI 1.3.6 by Infernus101 for API(s) 3.0.0
MuaPointUI 2.0.0 by JKPVN (JakayPluginVN) for API(s) 3.0.0
MuaTuNhanUI 1 by FurryJaki1992 for API(s) 3.0.0
MultiServerChat 0.0.2 by tungsten for API(s) 3.0.0-ALPHA12, 3.0.0, 3.0.6, 4.0.0
MultiWorld 1.6.0-beta1 by CzechPMDevs, VixikCZ, fuyutsuki, kaliiks for API(s) 3.20.0
NameSpaceRemover 1.0.0 by JackMD for API(s) 3.0.0
Napthe 0.0.1 by hachkingtohach1,tungstenvn for API(s) 3.0.0
Netherite 1.2.1 by Wertzui123 for API(s) 3.0.0
NoFallDamage 1.0 by DeveloperNeb101 for API(s) 3.0.0
NoTP 1.0.7 by awzaw for API(s) 3.0.0
OreGenerator 0.1 by phuongaz for API(s) 3.0.0
PCEBookShop 1.0.3 by Aericio for API(s) 3.11.2
PHP-Sell 1.2.7 by Muqsit for API(s) 3.0.0-ALPHA9, 3.0.0-ALPHA10, 3.0.0-ALPHA11, 3.0.0-ALPHA12, 3.0.0
PM-Beacons 2.0.1 by jasonwynn10 for API(s) 3.0.0
PayPoint 1.0.0 by YTBJero for API(s) 3.0.0
PiggyCrates 2.0.9 by DaPigGuy for API(s) 3.2.0
PiggyCustomEnchants 2.4.1 by DaPigGuy for API(s) 3.19.0
PixelgamesToDiscord 1 by ImNotYourDev for API(s) 3.0.0
PlayerVaults 3.3.0 by  for API(s) 3.0.0
PointAPI 2.0.9 by onebone | Edit By Nờ Cờ Dờ (NCD) (Danh Miner) for API(s) 3.0.0
PureChat 1.4.11 by 64FF00 for API(s) 3.0.0
PureEntitiesX 0.7.0 by milk0417, RevivalPMMP for API(s) 3.19.0
PurePerms 1.4.3 by 64FF00 & ProjectInfinity for API(s) 3.0.0
RandomBlock1 2.0.0 by Edit By Nờ Cờ Dờ for API(s) 3.0.0
RankUPUI 4 by YTBJero for API(s) 3.0.0
RebirthUI 3.0.0 by YTBJero [Edit by NCD, Ghast, CurlliestDrake66] for API(s) 3.0.0
RedstoneCircuit 2.0.0 by tedo0627 for API(s) 3.6.0
Report 1.3 by ImNotYourDev for API(s) 3.7.0
SEnchant 1.0.0 by NamVN for API(s) 3.0.0
ScoreHud 4.0.0 by JackMD for API(s) 3.0.0
SeasonPass 2.0.0 by TungstenVn for API(s) 3.0.0
ShopGem 1.0.0 by YTBJero for API(s) 3.0.0
Shulkerbox 1.1.2 by UltraFlappy for API(s) 3.0.0
SimpleAuth 2.1.3 by PocketMine Team, shoghicp for API(s) 3.0.0
SkyBlock 1 by KhoaGamingPro for API(s) 3.0.0
SkyBlockUI 2.0 KSCore by KaysilGMVN for API(s) 3.0.0
Slapper 1.6.2 by jojoe77777 for API(s) 3.0.0, 4.0.0
SlapperRotation 1.2.1 by jojoe77777 for API(s) 3.0.0
StaffTable 0.4 by GigantLeyKey for API(s) 3.0.0
TimeCommander 2.2 by Zeao for API(s) 3.0.0
TradeGui 1.2.3 by Only FurkanGM for API(s) 3.11.0
TradeNPC 2.0.0 by YTBJero for API(s) 3.0.0
VQ 1.0.0 by YTBJero for API(s) 3.0.0
VanillaBlocks 1.0.7 by xSuper for API(s) 3.0.0
VanillaEnchantments 4.0.0 by TheAz928 for API(s) 3.0.0, 3.1.0
Warp 1.0.0 by  for API(s) 3.0.0, 4.0.0
WorldProtect 2.3.8 by aliuly for API(s) 3.0.0
essentialsTP 1.2.2 by  for API(s) 3.0.0
fly 1 by IDontKnow for API(s) 3.0.0
iProtector 3.1.1 by LDX for API(s) 3.0.0

----------------------REPORT THE DATA BELOW THIS LINE-----------------------

===BEGIN CRASH DUMP===
eNrtfXlz20bS91eZV049kfcVKYI3teWUZUo+1joYSXa8WaZcQ2BIIsIVHJTo3Xz3p7tnAMxACg+Z
zj5/JFWxiAbQ8+tjunsGg8G/96Zh7PP080LEiRsGe0ftg73U9cXekdVt9gdWs9/o1rudQc862Msi
eaZTb/Rag2ar3+w2rV63A6c8nqSncRzGe0f/3kuXEVy1dwN/JO1gzxdJwmdIPY5nmS+ClFks4kki
HJaG7HO3/fp1ozEej7JYDOc8LX8dHc1Eij9eE9D958zPkpRNBOMBc4Mk5YEtWDhlUWjfitR3AwE3
e3wp4oM/PH85nXrwQ17GZu5CBAfM5p4HcNyADY/G4w8JaGQ8PnbgDjdJY56G8Xh8IpLbNIzG44+X
Z9Z4HHnZDNoYj88zL3UR5efLm7enV9fjcRLb43GaBbMkFUELruBuUI/mEQsDhm2zXhf0Ms0877Xr
oWK2bzRX0eeFVW/XLUs1ukKZCABblS0qRodVPofA5lBxKU4WP+B+xA9u0GqBr8Tcht//2nvWYDm/
qjKIX6GKQ9TEfq/7/GiV2Ws/mGYPJ78KO/1jIx4wUJcbzP7Vtn5htzZLM5cFc7der2fMg399ltTr
LrPrdTaHw5TV8dQBu/hwdsaeg0zPrE3xj8Ioi254crtvDUCIio1rP1zPwzu8e5/YNlnk4/34f4n+
MLHnwsk8ER8ip7c8cOD3vtXqAcebkmPRVu2HMLjKgn03SMUMfNYi5q1NmF/nR/tWDwHrOiyuHI81
HLUf4gdNtR9vSurscER/znkAnTze73baq9spINV+8EFnN/NYcOet4HE6EaA4s+XO4y1fixiC1j6E
oapQEhNGAQ1U7YfUtcuGk0oj3dWNWJ1mpRF5RnKVlu6tZGENBqtYjOLQhhgZxpJXfzWvTr/7B7wg
3sXK8waP8xjRz3P4ud+yrD9g8/mzHULsjDO76HqveCKGEOeTs5A72OEe6ZJZ6nqJ7Adn4WymdctW
95fNw2rZmdu/PCEYy+7cWC9+uyp+IvUrGViSwT4pKRa/ZW4s9hWwAUSZaM7jo8PD4dEhwTs00B0q
cIeITWu0dj6q442PwHq+98vvB3viryy6fRbdVT4D/Usmn91gEXoLgToGzg6Y3sYr5VmgaHfboSPQ
YJ1mG04w9V8s0iwO2HfSYf4O13WaHXX+dzrqwhH96Cny4d/+Rsf9nM3f2MuIx9xnSsXfRfSXLho8
uOi73D3gdKvx4HQApQb7zhML4V1wX15laVcpwL57Lxw62SxOHtJxSx1H2cRzbTbNAjuFkpGZnmVC
PShQHWhtsxeE5jmxzZX2bzrqaCr8Loxd0Db3SvZw53fp3E2oPLh8cHq/bLZo7DnpvpVru9XTW7Af
4cyjyFsOQy+EJPEIBMWvvxGb0fCGz4BNecHBatUo7gOFtt14xKVKZnRx29Ldqp2bjQ7QZnu//1Wm
/VWm/VWm/VWm/VWm7aZMO9ibiUDE3MO0H2AyhYJAvxeATcAO5azKXqvebNYtpGeu5+wdWf12+2DP
TT47YrF3NOVeIqC6iMM0tENg2273oREXa49Bu9drtNq8zUWnb9sd22pO+s1e37bavC/aXd5ugc9O
msA7U1h+cgMnvEvYxQ17++PJ8c1xrdfvs269xah1Nug2Gmw/v0o6E2s2rCa7arJrqPUcHjvs1HEx
vz9nx+cn3TYWP/MImPewpurD4RcROCRZu96QZz+HCbb+7uLiBgh0cAfVEpZIfhSC9j977iTmsSsS
1Bx35iBtLA5/TcKgBteoasuqW/Xmy6ndnPa6g95g2uDtNu9MOxO7yZsTwO40et3mVDREry96wN7h
IACgDv1DLD8n3L6tLbjnOmhiYJgFt0F4F7xUfxFsadIJpPd4SV0CLm1A21brZYNPhGj1nbZo9rtW
t2lNm92m3RvwJm853cHA6XOANm2brB5t3Ko36q2X3Xav32vDPd3uxOa8B7bsQ8HYFP2O3WzZzY7o
250Ob1YYYkf2qCMrbM2Xg16nN2j22812t9NsDVoTq9fnrR6opQeBogW87cHAsiYmJy+cEQdwwpf9
VmMCGm3a00FXTMG5oGUUuNtuNZrTJvzTsmzeHjzgUItSSgG5olovBTinsKddYTet9tRx2m2rI7jl
8BYcDJxeazIFbQlusoJKYa7QdF9Co52ePQF/BvUO+p1Bt9ebtAddDj7rTAbN5tTp2FO7ZbIIJmku
T//lYNpvAmCnNwWb2M6Ad7pd0W5Pui27PbX6vNft9LjoV5Rb/qz5UdFFX27R3zRmMb8F35Z6AS7A
xrZFu9Of9CdTR7RE25k6E9C13e0MpnZv0puKZnfSsSselARh+EUo9XZe9hqTjugNWj3e6PZ7fcdp
NS3eskBaMel1nU63OehPm7ZTYRJ5xKEN3tKdNPqTnj3t220+5VbPag3sAbcmYBhr0m70YQzgCKtr
7f1ejH2obx7brnMF+eGja4MbL7VAVz1zsFdGOQxwPEvnUDpjsfnPm1f/EHGIAZNHLlJa0BkaeCwC
PoFx4t4RJC+IfI6IIJrgTXAuCafpiU7A4gO4c3shkxYO2aBTYNS9vL756fLq7ARId2KSuKlQFe9x
kLo3EIc04IqiA27UK5CPHe5b3cZgV5hVo1Xc1zfHVzcfRo+jDkPvVXhfRa6oK9FfzM64//HCAG8N
no5e8YOUXiIYj2Vlsc4IkL3m2aQOYf0wh6UE/Bi6TkU6IhmeBP7fMIV77U5EPMOIOHQXrr0rC72C
iJbOb/gtFAze8hVlAykwgip/rZN3nqZRAoWGJvdjrA8LfqiNjIbQb8MsEbpGdLKplWa9Y2oFhjH2
7aBz/3Xq2DuFQjL0l8ejd8D+XbAYxjyZv3aJrVJUoloaj7nEN0d8oCAT7fqeCeA/vDPEJYIpaKNq
/uNlOjvxY2tn0QT4OcAPBcD2878bihAOPRgInfHZzJREo+sCtR76880dVKEAekfypJIdWgeKSATh
AQiSysC0rRMrmMfJ0sv88+GhyU8p47UQTkUPRFqRHN7MeZKyizCc7CzWqla3SBJ4h3tfRe7e/xeA
u/fb4YZOWsGNFDM9QIKoON0/oDwF6LEzz9xkV/h/BaZBzlQ6oBsspOtJUBtJdC08ryISkVbYAsuL
AzbM4l2aIoFGt7PFp1EF96fRumyGhjg/2RVsyU1q/NNoM/CP9HXJ5lBJAMK94gEmr8+LMJjG3Nek
rJ5ZYaRddhXkNR5j45tb6JVIUxF/DFPAq0ugk3X4TQDY/Aaxem/kzmbLYZakoX8a2HMepMneIwF8
QsAWBAxkNWGul9aDND0E19IkzUkPUmwN2uKmqLciWM7gvgddqnZ8Nnp7TAFFP7Yqx838+MkFmUIL
ope4NxN7JNKkKjfRqp2xZcrspl98qGl3VjdTw2/D2P0S4kxXgWPT2rkQ6DpwIxFXRVJUs75oVoUy
QMCpax5A0+mC7b/Mf+IM2nAeu0ltFLu+gDP4N0vOPj43dNHc2tXPlyMvTPdWq0TKsZVSwiQ5DoIw
C2z1bK7UTPVUtUu3TfV8EoHLvRMemFZvPdXm98TP4QEIV4GyrYSff8y4WxFN0kyZKnE2mmdhMONf
dhVrc36YVmKOIKRoG4mBE40ixjGj0SN1cnVkI6NRxUzDL8Kej85PxAJv+Ojeu7dvzbRpdZ8uoo3c
I98B7hB3JbgUwYGkJtRtU6mG+9BgRcoJgzOeGXqRFLNLPxwD+W/OTdkhUT1R9MkWNc6rbGmWyYqw
Iunv2hlli1tB/mz7jomZKCtA54/0Pga7gi05YrubQx9C5JwLvdvkFB1658F48huBR47jsYJQ/NhI
EN+5hnGBmcE04poR/9swTeZhWu3udevJvd13Etk0iKHDWC8JTofcxDxIpqYwBn2NPJBxwmjueq69
3JWFNJYgkg6mcriRkFSZHnsQAg3n08krE9DpIvSuAemupNNbBnlMHCtmUvNwfHd3VxeACfnX09tS
xnep8B9ISMQ1JhztOKqVLW8RHuie63kYGbNoBlkXow0Aq5OG3EuXI/deeJCfdiaMyTU3mES0aI7H
+GuTTAqWS5BVhKzqM45Cn5x+dGOSpxC4IFXriF4lE4UzfJIKBfDla7Gz2oiYjscLgjAeQwWhfmmw
1kz2n5zhqp93iccDPU8Z5DX+eDHLluPMEnYnYMNx1mhM28GMQVE7Z/sXw5PnW4lrTgLjih78tfLx
QLYUwRB6BLYIopvI13oy3GXDqPY1j/XeqFNX5Oor1+axE567Xpi0+lg1noRBehNm9vxcfKrkjN7T
LW1wBRlLdMbBRvKKRbUgLkiVEWq7OgNRri9gN4L7lUHLV4inAOA6jUWl2F0VW7VSt4R2WPAAaTVv
KuU1XEwvZnpVgcNATOD/XXVYxW48FhIB8ByPDTRrzafmbIyoW9LMmdeuKcwHufLgMt6ZPCVHECMH
sXkSUbd8dKPHxJHkDSWaAiXMYlv85+pV5PsRvlEUOruX0yoEJXhbyJqKOHBT/SF2QVoRYPBZOsiC
S6QdlszdwLJabUOsr5ghypmPx/50C0nuoRp3hEOzJ3oYqZyoTnd1qnPPC1fE7EyEwWDQ7ZqxpP01
s9DIN2cL5jJQbS5mnnpK+XKKKVirmg5/DX8NRQ//29mjjYLjeKxAFD82FeWdz2ciMQfQJv3BUxtD
LMM8Vr39ZJ/LfkuwZsEO6lLb021G1G+GoyFkdk2InFJxN9Mm7+jtgdRb3vAHRjmg4vTJxnFz1ikH
qWxuezj79np4rFBtUmnCbZGoLwKS8Hx4IlJc6a/JWND+G/MGM992qPUtzCR8I6TL4xXgf4KEPYSw
Ggiv1Rx0diXBm23GNG/caZq/R5HjzkmrS+Adu9QND25C9CJsfgjNby7D20wWwpoMBWlNGb/jhVJ5
s5tj11d8lPB16hYh6isySB6i3GBhY8sUoDafPAfA10KYEiBhjfrNJyW7mrA0H3hIJNsI816ICO4S
QWUBnkmviGYK9n4e8jccao3ZaHfeZTAdjw04m3vce7g/nJKSdNk06p+3sPD95avNgaMBfwpjz9Hr
L424MhliGbkr1GWbmz/vx4GbHS2CehpGJEx0O8z4Wx7MjJxhkNd0nnyin/2HnUO8dNhkyc64LweF
lbWIa2cgyspqFLpBKn8ao7Q/eIa+/hlWIdAWpl6MXPuW3+sRpaRVDD14bKbw+OcD9r65s2q0aHyb
OHJ+/fnioyaBPP7zehe1Nx5TmxuAjfhdkBhwJcWceW5+25ln1Si4StH60+abz3mwfBAtNGJFqmrn
4p6beTt7WiC5wZAT2r/bInJIQe6L/qZLUlKr07DWn/v0Q4NiHGwknAgyXPSkS5aT1oQ/7CkyG/7z
Zmfep9rewjpwx0ikFfxI+XMrT8UOXCwC8AWE9fjdQNDksS5BQVsjw7d98KnD2EQO8yGFIlQlaH/b
h+XDs+MTWtIgm9/CjzI+hMRrFAMlzVyd0KkW0dy+HZ2/zuLlI+P8J6wh0vpDxn+2Q3xX9CR0b1yx
nUDvxbIqjyRVjPLxLauxq1fqFX9zDmMigthv7Gztec4PtzwowGwki5s+kMVNPzycGOtWJ2GmIg6y
xNqhDCVLGAS4W80+A2yq76qy5MTq0q1qzH0/+njB9v/Bb/lSvj388eL5zpbSInMyzFby3GQXkG6q
AhXUFeUW9Jh4CbK4+O7xrqQwmJI0OZRtpPJSV74dSltd6JKZZ6qTA5XqLH/3/g9WlJYrRuXf7tdO
4lTe9d9YVqrJqmJKotm/umqtmrV2rdrwZ9rla5mlSXaL6/duoQhzb81ZhmZjRyvYfARMlZ3aTCUH
/zWr1zRGoCjcpAJqYltcCT9cGIthHpxaVzp9kyXwVRSb+8AFj9K5MAQiwuqpr705t+e4FD4N8Zd1
kHvfYmflSKUFlBGB5X83kk3AhTEdl+IVtDWl+08iTr9krtVs7UqikiMIkcN48msLJbfDUiYUOnzN
Pe+E+7RpUim3Tl45f3aCdR+uEbsQkx2mzgpbUIGGaAt/DW9Ghlg3owddrrIWht994Xc7G04is/E4
CNPoyaaTgECYy1i8oU0V0lCPKQZ55buv3271s45hm4mX0fD0VRje0rInbaMIjVq1VmUF/zF4su2a
gzNr3ZLfbWfIVCPjsQbMOHiCVRXPQ43LIWnk7ahWecurIK1ZxXVOTwYeryAGlVdQvvkrKggYN+HZ
vK+OzmuvBMfdWnTZS2K14q049688CYO7ZRBYjd29tFewxFeOEAa+bJTDWS8R1N5Yruvy5KT/0qRD
FG1hEOol0KeNhdY6tWqSygTvCYeL32TLr3xRZvU7YXkj0CFLZMbBE3pnzvRQY3NY6sTEUtWNedbU
Ubvqto/q6GterKrqw0DzKPHr9WOwU3q6Fx6+I5fchCduYoexY+jp4dkVw793/kWY/jPMYqgKdjY2
13iCVt4UQOhgo/fp5H5tHzkU/4YT6GRzPqi15sn8Vz4SlrvmLajlfG/KAsd6cfLHSfqOTcUTppUd
Xa0cZP+hHZHYqyW7wCW3joMrbunvifpLS27ZPi2/xWnD+PnOVy9GCJrWLmrw10uf71apSV9uYKnH
atwv0xRfbv633WM8ZD4Ssf9I4bH3mtN2EQk+kT7Y+yQWbpglo9NaTtei34qNB5/QrQlUZYvQXDmn
Qeqmrkg+VTRU0s3as1dNab7r3TbaFhYtVyDSgnuj8/PRzuJeLHni8krwAQAmFDCpkRzm1kt3NayH
prxKMdKKplIkreo3rcfchv0PAzvjBnTvgqlLKy531CMM3yBE2s8deIfkA1q4oo3FaEmCpSnCIK+Z
r1wTN3alEg3S5nUQ3HT7YWTMWxYk4y2Sb1rCYZNZlLlb4BYTN65sJFPS1rxHqdCzf5FlJmCZ4ckB
o409aDcJz4M+kJ7E/FZ0u7/sTEjhBjaPA55us0fJlXCgAAnE0I3tzE0Ncc0za7wQWg0b3cpihO7X
xCTZ/KZ7W12JKIxN/ESoPLrYsDrqPaHSfliX/VHJJKHlfzcx07WqEDX5CtK6l3ge7Nn1NRtkyA27
NvWua9yA8W2m168FqfoS2Z8yfZu3voUIAkeyI57oeUojrukW3/bpcYlD/72RWPMwemO8pphT/iuj
68/2fLaFTeaZdyviibGNnUasvqBQeWD0wUtj/trjUbSzekFjiW8iEhLazW5jkVw/8gTuEaaLVBIr
b8ZWA1n1/a0D3E9tNnftaGevXxZYQEAd15Pf5tK4oAJul9XlmgVpxfh2h2tQKysBJVDIQEstjsuN
R8CscgOStVkpF8EoJDRiJXqw99dDCFAVEfkycb0357uL4iWALRwUndt4IJdTqg8vmxu/NfOVD2IT
CeDJTwdKZIe5LKWgV2HKU3O1TfXMmudau39dqAJgC+OlfDq9wQZ1cUqiOfysFONv3BmUGWdi+V7s
LF4m2Pbm+G9cXwxD36eNhTQRTPrKNZw/C76zpHV28mk8Ntp+sg8Cq9r5cHR6aIqCMsfcEW8yfaee
glT1vEo2uAy8JXudxbc8qO7oYn3Vog9iCKIjji2sh5dfjIZVSZC0pnzacbWRN7s59o8/aqjh4M+t
jj7+uAVSHriexx+8vGnS1zzBvb/OIhFv+V6/+Xboqk2siPt4bECqHG4hqhoA4R5YjwhsnF0z2LiZ
i+Mvg2b/0aWFX9FlFhLKeKyy+ta7oypch4/JBIr4icf6w186/FNfaDvZoivRIh+o0iqvQBpkMxy0
6v0/Y8E6LWmKJIJNphseMdR55sZTV3iOvu97/imZNBa4Kz0M2uJDQ1r8IFeS4GQr9xJjtYVBrkb7
5rd4EKK3OB5X2l9r26mnv0OGR6ueSeGmF++DcGdLRV57W7wa5irtGwtBNGJ1X+UKeEjYOy0jypa/
vobQpKAN9/HLXAK8rjJEzD8/QqGallnWwfshMtMk/9Hes1FxxIZhMHVnDL+BNo7HwbPrLGDH2Yz1
WbN51GgftXvs/zd6rNloWnje48Es4zPxQgQzPPbD1HmBO8fwXlf+8cZZq2E1mDyaZvC32WvDv63J
gP7lrLy+PWiNM8tpNPB3yy6uag6m+G9/yh7hTUCkXDWcX3thDaxWE4l3c9BhzXOT9EUDj7naRbEm
n/7VuD13hfwsW/IC6mvkgy/o1FRwAKeQN/r8Xt2TvGgRBWf+/NAR8vw0jIFrQQuh1gUqqNzB+af8
OFpEqhXHnU5dO/PS5QsCOssXBNUSkeLWrMkL0i6u7Kqhy76QyzALWiKEo12CX/d78frs+AZJ0jVr
v2UiXqr2FCmGAW8OBn/X8Wt/wNl58Tf6DzSUpWEt4Quhbly44q7muPKLfS/6SLqfhPc17CA5J6ky
SFg+hA+T6IeTgmJ8VaK+9PGrEs8YdgFmk9NlMY1yyPcYaJQZHgy+yCA9JoLlKmI8FiydCwZj9gR+
8JTZaGH6EKEb2F7myE8HPvB55HUd+vQJwvQhz4RPxQHDfeniBFmySSz4LVuGWax4MXfKwNIupABs
AYyMX/SDqASML8Rdwe7QEVN6qMzuwuD7lOFwjscMteyDsPiFlyUixG+8Sbnv5iJgWTSDwhUY1McB
urZkdjQOGHv205zWJOIXGiFkOwxYqA8ngQ5wezYPHwjI0wQVqiwOjEGfnkhJX7i7lC3YnL77hRQf
OUsfzjv0EaOvCOGJZJ6lTojWlB+YO2LjPfWVH0J9z2JR+zUEMSDE/7/xHsE89rzwjmHXA2T5R9bY
wuXsR/RLvIYcNE+aRwwDKd16Ss6q7qHtUrATMTAfaAi5TZZM6RWvV75dnNaQP/sJiihwD1AydxyA
mUhboI7x+1vMFzzJYgoAKMtEIGjQlPgt4x7qkD5DyRbcywTbV41C8HuO3GWL0KtoVr8GNsCPXx3B
aWr7IvMnoCJwseNkGdj4BTTwgvgWnKpOF3zAD22in+eS4mXzOIQYBaaEy5MDRt2eqfAAneOA4ceP
QBBMWKQbyBRI87MA3AkvkcyvydYgE7hcHN5D30wFqAFEIjcOCnCoWwXo3RQdF69BBz1gbvo9qC+N
6Ta5cQT5T+Vmtg8yZNCJmqQWEqOmJD0iVlXH5eQccRYEaE5Hrl8lI9CmqUmdnYiF+s18dzaHno3v
7x/oPVE5DmokjrMolVSpMFSMD9iUXGRc6KH0TShH9g6+CF0HYD+OAH0EfS4ERYN31TVHg4tr8qLC
0yBBQOCPl7KHvvHCCXgPVgFM0qEf+G6KHd0XMz5ZpqBxdi1V3SDlugnypttv0Gp3LmmePAp68F1N
MsqdLCEJpy5tJ8QEvi6PbKZQeOZNSicHa2XYZ9ksBEPhAnbyCmxoRjBrBO2INVAKaJ3isfwu0/95
CbCsWoUf8+/X4U/SMCIIKpYWkBS7hEH4kJ/MLQBhq1VUFAF+oi6hwCXf7wAedQrCg+GC2RmkIdzA
hol7YWcUeUOJV3ZHTFvF1eLehiIiKcWRUevy5vSI3bx9d83O3p2/u2HHo9HZu9NrNjq9YlCdvj+9
OmBwEbu5hKtO2U9vL89O2ejqcnh6fV2v9v9HlTESsRtSYsYYnKB49lxQNCZdFHHWArVDaeBQWKFL
ari6UEZYYgXVKkgJsRkcCaX9Iz+T/gXlICbCAC9TjRFnyQSibhnDZTKiNmhyDfM93VB/eDW6gRoO
gNEiYWNZIPWKcKVV5b2FDOBZIkpKUVsNJWvy/HFISvKWknzG4wl0ipodep4sVCn2PK5d6mUIR93F
1F0Qtn0eZFSE6EigQMvAA58f5Omg6oK5E8rMOp0CLymvX/a+OruU4V66O1QRYeY5BRYX8sddwEr8
iWQcEXwQtNtoKFmhtdcUJx7kR3IdyaGQbRqHfp5n5d3qiprumLqFURplyQe+wR5xKcM7rvPCEU0W
Q0vohsqRncyPZJUlSzmmTtTwRG6vE7xI3UDYCWYuARxBhoeuzh9RMORryHnQwgKcLEkygWEhnYPV
ZnnVifEKWytRHeSGlOWBKi7rEg1e+od6wkGQPc+C2yTHPuQRUl0/8yG94kQ2y8cKaEgmh0wSRalX
7C9KldRjHvoYFN2RQkQN1rAaziDftguLnYTyVNWnsSzCmCf5y4vzLiR5qQt1yahoqNkwHBSFbCcA
hcoUqBxRe4BO1haSS8RxbMLkPVLCUjq4TelTypO3jBeXhS4qEL98lPNdzWqVH46DQKRosCOVIKAq
m4eerC4nPIVhLhbhBDnBL7AzlWIotskRkDorE8tEFHWmzGzPdCvlpzCsxssUmR+wmqUZkIxHDdfS
HAyE7U5XRe2yhKXxK1aPjpQcxzRU4+PNQFSw6uwtlIHgSy+ormPD0YcDuBcwTKB/3bkOuD2VCTJ6
FvxrxP+IdfOKuyzGE9KOdm2dHTsQqObcmx7iCl0aITgCfFg1BY0ynKtBB9M6Ypn0NGb6KOT0HqMa
VpfcqzME8WEUjPI6uxwI4jACQd1B0sQbsyiIauq4MrA5V70ucb+Iwp5YkedmxOm8vFqCil26h5Za
24OmvOl5nY3UPR6PZ3QDVyNS5QvU4jTmMxQBbAJqSyKP6hUcZsKw38POzmO009BzcTqFxs34/VyR
pOz85gMhTUAkFHuSpQzH6WTKsjk5rqjnscZPsxredURo0csdMclmR/lY5Qdm4RhFVWpz6Kp0nqlh
aiIH1ujJQRLKxKW8wUJmMjhJbsN5GCY0+M6HKCIfhFIEc3jKWcIXeaTEGZJ8EgnPaaNXAEZTgrJg
UfMSODqW42CaQ/qefZqE9+j1MXt3wvY/fXh38hxkBpcHDHD9HYT7KJaLmcExcOgSw7ilXtZ/4Akh
XULKDsDTP706y/mrYY1G+Z4aw5kkSppQfeD4ltIwyRbmsyQqhRiTPNQsnHOny9p95jqaI3KoUyC6
CZ7mcRPkl98fzkcANHpUSMFvoOakkiwIbc+NGN0LbnPOl+AyOIrE12zVgBxTmsoDFItr+TnZZFJG
wHxWTJ8puaGpDunvU/qgvDQGXaucO0vUlIuNH1eUsU7dU5P3HLEIiqSF62EzMo6rGKVawUTEg1kx
RgjwNq+aDw/yq4wZtUdnp6SVj/0wwy48lQlH9WhUpbIxJlgMUTQVAX6IvylDws1XlC+1m0nwQMih
70RIZhO5IS1N1VGKm+cOTz5OM3hG5pXiY0OF+BCIGK9CjeR3zaE1AUntMZSNx2HyGDiBf+T9DsDm
N+PfAk2LOjNODNSyyME3jjSfpK8VUkM09av3zRNqbEIPHikCoT5FjJZm8pPPTEnH1ERKnsHpHkN0
4FdjTfaMzWJcj1eop5ysKTRUf6giFZvuuEvDNIiTMIqRtonCKPNyZ1QHmMroGhURWxQPqcKvRSqK
YTLBwATZTtXONJsrp6eOVBbH2TQaNUqyTILKXviBsGKewyn1hv5ew80zK6Siu5nkaA7l5jTULAK9
rCafYxRXzkO0DEGp43sIdTckxBDJlj6OexJc85KAhEkJHQdz6jwrz5MIFMX4bBbD+FlOlKlZNTl5
kMacLGfIR/igB1+eXOK33msq5svUh0HhTsjimkPXuaMWEwJeCkC0ujavDZm20Lx0TWmcB0oFg8rz
ypkgyeNXyylV6TUi0UNddVB2B+gn2qzVAcTHaM4PGG4jQfk5LcowCL1TEUOpXbPltqxH6myermSy
4MYsmHokpuXXDEpOSOUUxfJgoRiS5eX5vI0Hlpay6qZOXb+M1SoBI1O8HnsChma0LAZMbJCm99RN
+VRuvWxAndFbyLW5OsWrsC2tK3uFNnGieAD7VOkznyKZKyJFDBzlqMJZRQycboaxiUOVozstGMHw
AwSRDxowAuUzBzLGAT8VIvPMxj2XJ2pYApUkxzWU6ghrHsCobHWUG02eA7/F2asj9i8qViB/HtB0
1i/IVG7XVqRJ/QEIiYGFY+w6atYgfzhF0wGPZSxK6JShEyqQabSJ+3wAVpVudfiyXcIgfzJ8nIVZ
QWavssUjhg+1jpp/7x10BvfWQeu+ddD8u/V3Bwsi6uf7+LDdxuD6ot+QoVgetTvPZZUnHy/og3XZ
wzG3gI7VTBqVHjQVBlazl/hIJbPTLM6Dcj5CiYsHExRxgA+kKpueAiW5wmr5Qw3wBVnOPntNoYaa
ousNJhlVCpLyWaPUqLbUir4wovGtuIfAl6jBnX2Lw4OEBjKgkYkLhflSFnF0HcpLO1t7Mo3IPiOl
JP5QjMRFrN472BO4vCdx1bvltJDlaK+Hr/Lh4oyJDTXRXKfg06XA4bFBC/3PTpgGuIecRsXHlAYh
iz39GEOEfjx1vVQYjGd+pB/OIX3oxy70soVO+DWh5/rFsT+Rz8p0GpZigN/RaZFtin0lpmp2wbiT
4n5ikqBC8XXK9ejMQLBMfvPwCy35L1acSsNbEUB6NyRecnpS2lTrTb+4kVzk3qGNjb547kS/Gg7v
fVOnIaJpNhoty2riu6ijk0tDUif8TEiqRCC5pjmguwdJYlwo13R/OjdErCCAQxwmm2IB8Q43VjGI
kZosVF+gtCAjIeC56Vxltv1MxVSWuvgRFNzDgxY4ubMJfRtdccHVM8Qy3+GfApIzoTukUu14GeF2
jUBo0fUz54HJXMPKpJuWToIxWkbhd5ZJX8rh/Iw11+WIpnfKG37//X8BtySL4A==
===END CRASH DUMP===
