PocketMine-MP Crash Dump Sat Aug 14 10:40:01 +07 2021

Error: Argument 2 passed to _64FF00\PureChat\PureChat::applyPCTags() must be an instance of pocketmine\Player, instance of pocketmine\OfflinePlayer given, called in C:\Users\Administrator\Desktop\VOL1\plugins\PureChat_v1.4.11\src\_64FF00\PureChat\PureChat.php on line 515
File: plugins/PureChat_v1.4.11/src/_64FF00/PureChat/PureChat
Line: 449
Type: TypeError

THIS CRASH WAS CAUSED BY A PLUGIN
BAD PLUGIN: PureChat v1.4.11

Code:
[440]     }
[441] 
[442]     /**
[443]      * @param $string
[444]      * @param Player $player
[445]      * @param $message
[446]      * @param null $levelName
[447]      * @return mixed
[448]      */
[449]     public function applyPCTags($string, Player $player, $message, $levelName)
[450]     {
[451]         // TODO
[452]         $string = str_replace("{display_name}", $player->getDisplayName(), $string);
[453] 
[454]         if($message === null)
[455]             $message = "";
[456] 
[457]         if($player->hasPermission("pchat.coloredMessages"))
[458]         {
[459]             $string = str_replace("{msg}", $this->applyColors($message), $string);

Backtrace:
#0 plugins/PureChat_v1.4.11/src/_64FF00/PureChat/PureChat(515): _64FF00\PureChat\PureChat->applyPCTags(string[81] ..l..e[..r..fMember..e]..r< {suffix} ..e..l{clan_tag}_{display_name}..r> ..7{msg, object pocketmine\OfflinePlayer, string[41] kc tui nhi...u l...m s..i c.. h...t ....u, NULL )
#1 plugins/MultiChat_OTHERS/src/tungsten3/Main(76): _64FF00\PureChat\PureChat->getChatFormat(object pocketmine\OfflinePlayer, string[41] kc tui nhi...u l...m s..i c.. h...t ....u, NULL )
#2 plugins/MultiChat_OTHERS/src/tungsten3/PopupTask(19): tungsten3\Main->ShowChat()
#3 pmsrc/src/pocketmine/scheduler/TaskHandler(137): Tungsten3\PopupTask->onRun(integer 1)
#4 pmsrc/src/pocketmine/scheduler/TaskScheduler(179): pocketmine\scheduler\TaskHandler->run(integer 1)
#5 pmsrc/src/pocketmine/plugin/PluginManager(654): pocketmine\scheduler\TaskScheduler->mainThreadHeartbeat(integer 1)
#6 pmsrc/src/pocketmine/Server(2389): pocketmine\plugin\PluginManager->tickSchedulers(integer 1)
#7 pmsrc/src/pocketmine/Server(2152): pocketmine\Server->tick()
#8 pmsrc/src/pocketmine/Server(1992): pocketmine\Server->tickProcessor()
#9 pmsrc/src/pocketmine/Server(1586): pocketmine\Server->start()
#10 pmsrc/src/pocketmine/PocketMine(311): pocketmine\Server->__construct(object BaseClassLoader, object pocketmine\utils\MainLogger, string[36] C:\Users\Administrator\Desktop\VOL1\, string[44] C:\Users\Administrator\Desktop\VOL1\plugins\)
#11 pmsrc/src/pocketmine/PocketMine(341): pocketmine\server()
#12 pmsrc(11): require(string[91] phar://C:/Users/Administrator/Desktop/VOL1/PocketMine-MP.phar/src/pocketmine/Poc)

PocketMine-MP version: 3.22.1 [Protocol 448]
Git commit: 9477034a4ae58cc5c12b8278c14a8e46a43992b2
uname -a: Windows NT HQDATA-788 6.3 build 9600 (Windows Server 2012 R2 Standard Edition) AMD64
PHP Version: 7.4.18
Zend version: 3.4.0
OS : WINNT, win
Composer libraries: 
- adhocore/json-comment 1.1.2@fc2f76979f0a44a5f5bc2a2b600d0762fe0e78e7
- daverandom/callback-validator unknown@unknown
- pocketmine/binaryutils 0.1.13@0abee38d4e2861621f262c79a2a3d699d8a697f4
- pocketmine/callback-validator 1.0.3@64787469766bcaa7e5885242e85c23c25e8c55a2
- pocketmine/classloader 0.1.2@9757928424652393b178a3760073113aa7c9911b
- pocketmine/log 0.2.1@830b44a2cf96ef703c550abe64302f230231ca49
- pocketmine/log-pthreads 0.1.3@e477ecf6ec214fdd4415ea1da3fdd9d73bf699ea
- pocketmine/math 0.2.6@43057cb8c179a9859677b496a788db922fd5cfc3
- pocketmine/nbt 0.2.18@9f82ca4d7f97fcd9a566e44b63c4f18a7657ae82
- pocketmine/pocketmine-mp 3.22.1@9477034a4ae58cc5c12b8278c14a8e46a43992b2
- pocketmine/raklib 0.12.11@9cce458b8bfde3e4dfdbf70c659fc7b7fe26b5c4
- pocketmine/snooze 0.1.5@70b5e7937a06878dd321a3182ceb76d56298f2cd
- pocketmine/spl 0.4.2@6b08b7cf8c4afa17139c9a1b3bf1b408531de161

Loaded plugins:
AcidRainVictory 1 by YTBJero for API(s) 3.0.0
AntiTNT 0.1 by Adam1609 for API(s) 3.0.0
AntiToolBox 0.1 by NgLamVN for API(s) 3.19.0
AntiVoid 1.1.0 by FiberglassCivic for API(s) 3.0.0
AuctionHouse 1.2.5 by Shock95x for API(s) 3.0.0
AuthUI 1.0.0 by AytgDmr1 for API(s) 3.0.0
AutoClearLagg 3.1.0 by Twisted for API(s) 3.0.0
AutoFeed 1 by Ghast Noob for API(s) 3.0.0
AutoFix 1 by Ghast Noob for API(s) 3.0.0
AutoInv 0.0.10 by JackNoordhuis for API(s) 3.0.0
AutoSell 1 by Jero, Cur for API(s) 3.0.0
AutoXP 1.1.0 by JackMD for API(s) 3.0.0
Banking_vonfram 1 by Noob for API(s) 3.0.0
BetterVoting 2.0.2 by Twisted for API(s) 3.0.0
BlockCMD 1.0.0-beta by kenygamer for API(s) 3.0.0-ALPHA10, 3.0.0-ALPHA11, 3.0.0-ALPHA12, 3.0.0
BlockPets 1.1.3 by itzmade for API(s) 3.19.0
BlockSniper 3.2.3 by BlockHorizons, Sandertv (@Sandertv), Chris-Prime (@PrimusLV) for API(s) 3.2.0
BossAnnouncement 2.0.4 by XenialDan for API(s) 3.13
Boss_Quai 2.1 by phuongaz for API(s) 3.0.0
BuilderTools 1.2.0-beta4 by CzechPMDevs, VixikHD for API(s) 3.16.0
BuonLau 3.0.0 by AmGM for API(s) 3.1.2
BuyFix 1 by phuongaz for API(s) 3.0.0
Buy_cmd 1 by TungstenVn for API(s) 3.0.0
Clothes 5.0 by TungstenVn for API(s) 3.0.0
CmdSnooper 1.0.0 by HotshotHD for API(s) 3.1.1
CrashTransfer 1.0.0 by Xenophilicy for API(s) 3.0.0
CustomAlerts 2.1 by EvolSoft for API(s) 3.0.0
CustomItem 1.0.0 by Phuongaz for API(s) 3.0.0
CustomShopUI 4.0.5 by SaltyPixelDevz for API(s) 3.0.0
DEVirion 1.2.7 by poggit, SOFe for API(s) 3.0.0
DLevelIsland 1.0.0 by Nguyễn Công Danh (NCD) for API(s) 3.0.0
DancingFarm 1 by RicardoMilos384, DontTouchMeXD for API(s) 3.17.0
DevTools 1.14.2 by PocketMine Team for API(s) 3.13.0
EconomyAPI 5.7.2 by onebone for API(s) 3.0.0
EnchantUI 0.6 by UnknownOre for API(s) 3.0.0
EnchantVipUI 0.6 by UnknownOreforsource|RBpmmpformod for API(s) 3.0.0
Eternity 1 by minefore and shin1134 for API(s) 3.9.0
ExtendedBlocks 1.1.5 by Javier Leon9966 for API(s) 3.14.0
FormAPI 1.3.0 by jojoe77777 for API(s) 3.0.0
FormImagesFix 0.0.1 by  for API(s) 3.11.4
GCPClan 1.1 by InstantlyTa for API(s) 3.0.0, 4.0.0
GMCDetect 1 by TungstenVn for API(s) 3.0.0
GemUI 1 by WoolChannel3295 for API(s) 3.0.0
Giftcode 1.0.0 by  for API(s) 3.0.0, 4.0.0
HuongDan 1.0.0 by YTBJero for API(s) 3.0.0
InvCrashFix 0.0.1 by  for API(s) 3.14.0
InvSee 1.0.0 by BlockHorizons for API(s) 3.0.0
KeepInventory 1.0 by KhoaGamingPro for API(s) 3.0.0
KingofBlock 1 by YTBJero for API(s) 3.0.0
LoadWorlds 1.1 by shin for API(s) 3.0.0
LpkCuaHangUI 1.0.0 by phuongaz | Moded by LamPocketVN for API(s) 3.0.0
LvPickaxe 1.19 by PhuongAZ, K27 for API(s) 3.0.0
MS_NV 1 by YTBJero for API(s) 3.0.0
MSpawns 2.2 by EvolSoft for API(s) 3.0.0
ManyWorlds 2.2.0 by aliuly for API(s) 3.0.0
MaxEnchants 1.2.1 by Xenophilicy for API(s) 3.0.0
MenuAuto 1.0.0 by JeroGamingYT for API(s) 3.0.0
MenuPet 1.0.0 by YTBJero for API(s) 3.0.0
MineLevel 1.0.0 by TungstenVn for API(s) 3.0.0
Minion 1.0.4 by phuongaz for API(s) 3.0.0
MuaCoinUI 3.5 by BlackPMFury for API(s) 3.0.0, 3.2.0
MuaKeyUI 1.0VH - RBplugin by Ibenrm01 for API(s) 3.0.0
MuaKitUI 1.3.6 by Infernus101 for API(s) 3.0.0
MuaPointUI 2.0.0 by JKPVN (JakayPluginVN) for API(s) 3.0.0
MuaTuNhanUI 1 by FurryJaki1992 for API(s) 3.0.0
MultiServerChat 0.0.2 by tungsten for API(s) 3.0.0-ALPHA12, 3.0.0, 3.0.6, 4.0.0
MultiWorld 1.6.0-beta1 by CzechPMDevs, VixikCZ, fuyutsuki, kaliiks for API(s) 3.20.0
NameSpaceRemover 1.0.0 by JackMD for API(s) 3.0.0
Napthe 0.0.1 by hachkingtohach1,tungstenvn for API(s) 3.0.0
Netherite 1.2.1 by Wertzui123 for API(s) 3.0.0
NoFallDamage 1.0 by DeveloperNeb101 for API(s) 3.0.0
NoTP 1.0.7 by awzaw for API(s) 3.0.0
OreGenerator 0.1 by phuongaz for API(s) 3.0.0
PCEBookShop 1.0.3 by Aericio for API(s) 3.11.2
PHP-Sell 1.2.7 by Muqsit for API(s) 3.0.0-ALPHA9, 3.0.0-ALPHA10, 3.0.0-ALPHA11, 3.0.0-ALPHA12, 3.0.0
PM-Beacons 2.0.1 by jasonwynn10 for API(s) 3.0.0
PayPoint 1.0.0 by YTBJero for API(s) 3.0.0
PiggyCrates 2.0.9 by DaPigGuy for API(s) 3.2.0
PiggyCustomEnchants 2.4.1 by DaPigGuy for API(s) 3.19.0
PixelgamesToDiscord 1 by ImNotYourDev for API(s) 3.0.0
PlayerVaults 3.3.0 by  for API(s) 3.0.0
PointAPI 2.0.9 by onebone | Edit By Nờ Cờ Dờ (NCD) (Danh Miner) for API(s) 3.0.0
PureChat 1.4.11 by 64FF00 for API(s) 3.0.0
PureEntitiesX 0.7.0 by milk0417, RevivalPMMP for API(s) 3.19.0
PurePerms 1.4.3 by 64FF00 & ProjectInfinity for API(s) 3.0.0
RandomBlock1 2.0.0 by Edit By Nờ Cờ Dờ for API(s) 3.0.0
RankUPUI 4 by YTBJero for API(s) 3.0.0
RebirthUI 3.0.0 by YTBJero [Edit by NCD, Ghast, CurlliestDrake66] for API(s) 3.0.0
RedstoneCircuit 2.0.0 by tedo0627 for API(s) 3.6.0
Report 1.3 by ImNotYourDev for API(s) 3.7.0
SEnchant 1.0.0 by NamVN for API(s) 3.0.0
ScoreHud 4.0.0 by JackMD for API(s) 3.0.0
SeasonPass 2.0.0 by TungstenVn for API(s) 3.0.0
ShopGem 1.0.0 by YTBJero for API(s) 3.0.0
Shulkerbox 1.1.2 by UltraFlappy for API(s) 3.0.0
SimpleAuth 2.1.3 by PocketMine Team, shoghicp for API(s) 3.0.0
SkyBlock 1 by KhoaGamingPro for API(s) 3.0.0
SkyBlockUI 2.0 KSCore by KaysilGMVN for API(s) 3.0.0
Slapper 1.6.2 by jojoe77777 for API(s) 3.0.0, 4.0.0
SlapperRotation 1.2.1 by jojoe77777 for API(s) 3.0.0
StaffTable 0.4 by GigantLeyKey for API(s) 3.0.0
TimeCommander 2.2 by Zeao for API(s) 3.0.0
TradeGui 1.2.3 by Only FurkanGM for API(s) 3.11.0
TradeNPC 2.0.0 by YTBJero for API(s) 3.0.0
VQ 1.0.0 by YTBJero for API(s) 3.0.0
VanillaBlocks 1.0.7 by xSuper for API(s) 3.0.0
VanillaEnchantments 4.0.0 by TheAz928 for API(s) 3.0.0, 3.1.0
Warp 1.0.0 by  for API(s) 3.0.0, 4.0.0
WorldProtect 2.3.8 by aliuly for API(s) 3.0.0
essentialsTP 1.2.2 by  for API(s) 3.0.0
fly 1 by IDontKnow for API(s) 3.0.0
iProtector 3.1.1 by LDX for API(s) 3.0.0

----------------------REPORT THE DATA BELOW THIS LINE-----------------------

===BEGIN CRASH DUMP===
eNrtfWl32zjS7l/Bq8x525krySK1e276xJGdZeJFbSvL9KiPD0SCEtvcmotspaf/+60CQBKgHS2O
0nM/dJ/TsVgkC08tqCqAIPh7zQljn6Y3SxYnbhjUjjr1Wur6rHZk9MzB0DA7LaPZMnr9zqBeyyJx
qtvsmr2OaQ77/U6n3zXqNY8m6Wkch3Ht6PdauorgotoE/ghaveazJKFzpB7H88xnQUpMEtEkYTZJ
Q3LT67x+3WpNp+MsZqMFTctfR0c0irzVeDSh8+TgOfGzJCUzRmhA3CBJaWAxEjokCq1blvpuwOBW
j65YXP/q+UvH8eCHuIzM3SUL6sSingdg3ICMjqbTDwnoYzo9tuEON0ljmobxdHrCkts0jKbTj5dn
xnQaedkc2iix3iyNZqdpwKkktqbTNVI1o0VEwoAgDtI1uqAiJ/O8166HOvqzEGCrokXJ6LDK5xDY
HEouxcniB9yPAoDTdIbgNjG14Pe/a89a5Gn8DkATz4/WeUPjR9UbQC1uMP/3wPiFNJtes8n+3WzG
zaZzzvwZgx/sFzj+v+T3JHMc9/4PuIjBdb9bHg1uUjr/4+Z3200icIObgPrsD7j4R7im/7ufzOsk
nP3KrPTrjlMnsvkONH9rkTRzSbBwm81mRgBL0ydJs+kSq9kkCzhMgTOcqpOLD2dn5Dmo7plRqOk8
81KX6+ly8vb06pqrKc2CeZKyoH14Tt3goN/bpJo5S/HHa96jD74/fnNb/OMwyqIJTW4PjCEIUZyY
TlGyxo/Xi/CO25+zbZPIx/vx/xL9YWItmJ15LD5ETm9pYMPvA6PdB46TkmPRVuPHMLjKggM3SNkc
+rnBmXe2YX6dHx0YfQSs6rC4cjpVcDR+jB801X28KaGzwzH/c04DCIvxQa/bWd9OAanxow86myxi
Ru23jMbpjIHi9JZ7j7d8zWII8wdme1AVSmDCyKmAavyYulbZcFJppL++EaNrVhoRZwRXYenBWhbG
cLiOxTgOLcgqYSx4Ddfz6g56X+EFOSKWnme0Hmcy5j/P4edB2zC+wufmxgoh4cSZVfS9VzRhI0iN
yVlIbexxj/TJLHW9RHSEs3A+V/plu/fL9rmo7M2dX56QwYT4xmbxO1XxE6FgwcAUDA64kmL2W+bG
LI/SQwgz0YLGR4eHo6NDDu9QQ3cowR0iNqXRxvm4iTc+Aut57Zc/6jX2V+HxTYXHvkoAMIVgcuMG
y9BbMlQ3cLbBCyy8UpwFinK3FdoMbdfptOAEgf/+AGqnY8AR/2FK8uHf/86P2/KY/J28jGhMffI3
4WH8bOfBWantv0X8L7+o+5BF7id4uvfgdAC1Gfmbx5bMu4BKgV/VV66KWZrFAfHde2bzk4Pi5CE/
HsrjKJt5rkWcLLBSKLeJ6mJSjHoFcb0AV1cgYH/rdHOV/c6PjLxR1NYhmVyeXHK6qdBlI+QFxoub
mEEbFjuY1vRKaFqr583zsuJEnMSGD57XcybP/8HZt6Wluh2lHdc5yGGTFy9ecA0KzF3lKo6ouIxM
a9Oa4NnLefYrPHNQC5qMWey7CY5aAH9koXNboRfGzD4XHJNp7bloc6BwEboaVlF8TS9QCwp1pAs3
keXnCJtJCgE1jfzxVyH8VyH8VyH8VyH8VyH8VyH8ZxbC9dqcBSymHlZTGMaxzlLvBWAzsEM51Vdr
N02zaSA9cz27dmQMOp16zU1ubLasHTnUSxgUbXGYhpBYscQbQCMulnTDTr/fandoh7LuwLK6lmHO
BmZ/YBkdOmCdHu20wWlnJvDOJJZPbmCHdwm5mJC3P50cT44b/cGA9Jptwlsnw16rRQ7yq4QzEbMF
qrwyyTXU0zaNbXJqu1g4PSfH5ye9DtaUiwiY9zGpDuDwCwtsLlmn2RJnb8IEW393cTEBAj+4gyIU
K08/CkH7N547i2nssgQ1R+0FSBuzw1+TMGjANbKINZpG03zpWKbT7w37Q6dFOx3adbozy6TmDLDb
rX7PdFiL9QesD+xtCgIA6tA/xBJ/Rq3bxpJ6ro0mBoZZcBuEd8FL+RfBliaduQGNV7xLwKUtaNto
v2zRGWPtgd1h5qBn9EzDMXum1R9Sk7bt3nBoDyhAczo6q0cbN5qtZvtlr9Mf9DtwT683syjtgy0H
XbNjskHXMtuW2WUDq9ulZoUhdmSPd2SJzXw57Hf7Q3PQMTu9rtketmdGf0DbfVBLHwJFG3hbw6Fh
zHROXjjnHMAJXw7arRlo1LScYY854FzQMgrc67RbpmPCP23DolBIVzk0opTngFxR7ZcMnJNZTo9Z
ptFxbBsGE11GDZu24WBo99szB7TFqM4KSoWFRNN7CY12+9YM/BnUOxx0h71+f9YZ9ij4rD0bmqZj
dy3HaussglmayzN4OXQGJgC2+w7YxLKHtNvrsU5n1mtbHccY0H6v26dsUFFu+bPhR0UXfblDf1OY
xfQWfFvoBbgAG8tiUA3PBjPHZm3WsR17Brq2et2hY/VnfYeZvVnXqnhQEoThFybV233Zb826rD9s
92mrN+gPbLttGrRtgLRs1u/Z3Z45HDimZVeYRB7n0AFv6c1ag1nfcgZWhzrU6BvtoTWkxgwMY8w6
rUG3bdjM6Bm1P4ohJe+bx5ZrX0F++Oha4MYrJdBVz9RrZZTDAEezdAElOxbl/5q8+ieLQwyYNHKR
0obO0MJjFtAZjMVrR5C8IPLZLIJogjfBuSR00hOVgNUHcKfWUiQtHAlDp8Coe3k9+XR5dXYCpDs2
S9wUIeLI4DhI3QnEIQW4pKiAW80K5GOb+kavNdwXZtloFff15Phq8mH8OOow9F6F91XkkroW/cX8
jPofLzTwxvDp6CU/SOklgulUVBabjADZa5HNYJzoH+awpIAfQ9euSMdJmieB/7d04V67MMCaY0Qc
uUvX2peFXkFESxcTegsFg7d6xbOBEBhBlb82ybtI0yiBQkOR+zHWhwU/1EbG5ybehlnCVI2oZF0r
ZrOrawXGMdbtsHv/beqonUIhGfqr4/E7YP8uWI5imixeu5ytVFQiW5pOqcC3QHygIB3t5p4J4D+8
08TlBF3QVtX8x6t0fuLHxt6iCfCzgR8KgO3nf7cUIRx5MBI6o/O5LolCVwVqP/TnyR1UoQB6T/Kk
gh1aB4pIBOEBCC6VhmlXJ5Ywj5OVl/nno0Odn1TGa8bsih44aU1yeLOgSUouwnC2t1grW90hSeAd
7n0VuXv/XwDu3u+GGzppBTdS9PQACaLidP+E8hSgx/Yic5N94f8VmAY5U+GAbrAUridAbSXRNfO8
ikictMYWWF7UySiL92mKBBrdzRafxxXcn8ebshka4vxkX7AFN6Hxz+PtwD/S1wWbQykBCPeKBpi8
bpZh4MTUV6SsnlljpH12FeQ1nWLj21voFUtTFn8MU3xyoUigklX4JgA0v0Osro3d+Xw1ypI09E8D
a0GDNKk9EsBnHNiSAwNZdZibpfUgTY/AtRRJc9KDFNuAtqgu6i0LVnO470GXahyfjd8e84CiHhuV
YzM/fnJBJtGC6CXu7cQeszSpys1p1c7Y1mV20y8+1LR7q5t5w2/D2P0S4kxXgWPb2rkQ6DpwIxZX
RZJUvb4wq0JpIODUNQ2g6XRJDl7mP3EGbbSI3aQxjl2fwRn8myVnH59rujB3dvXz1dgL09p6lQg5
dlJKmCTHQRBmgSUfeZaaqZ6qdumOrp7PLHCpd0ID3ertp9r8nvOzaQDCVaDsKuHNTxl1K6IJmi5T
Jc5GiywM5vTLvmJtzg/TSkwRhBBtKzFwopHFOGbUeqRKro5sRDSqmGn0hVmL8fkJW+INH9179/at
njaN3tNFtJB75NvAHeKuAJciOJBUh7prKlVwH2qsuHLC4Ixmml4ERe/SD8dA/ptzXXZIVE8UfbZD
jfMqW+llsiSsSfr7dkbR4k6Qbyzf1jFzyhrQ+TO9j8G+YAuO2O720EcQORdM7TY5RYXefTCe/E7g
keN0KiEUP7YSxLevYVygZzCFuGHE/zZMk0WYVrt703hyb/ftRDQNYqgwNkuC0yGTmAaJowuj0TfI
AxknjBau51qrfVlIYQkiqWAqh1sJySvTYw9CoOZ8KnltAjpdht41IN2XdGrLII+OY81Mah6O7+7u
mgwwIf9melvK+C5l/gMJOXGDCcd7jmplyzuEB37P9SKMtFk0jayK0QGA1UlD6qWrsXvPPMhPexNG
55obTCBamtMp/tomk4LlEmQVIavmnKLQJ6cf3ZjLUwhckKp1RL+SicI5PkmFAvjyNdtbbcSZTqdL
DmE6hQpC/lJgbZjsPznDJWbvEo8Gap7SyBv88WKeraaZwaxuQEbTrNVyOsGcQFG7IAcXo5PnO4mr
TwLjkh78tfbxQLZiwQh6BLYIouvIN3oy3GXBqPY1jdXeqFLX5Oor16KxHZ67Xpi0B1g1noRBOgkz
a3HOPldyRv/plta4gowlOu1gK3nZsloQF6TKCLVTnYEo1xeQCaN+ZdDyDeJJALhOY1kpdtfFVqXU
LaEdFjxAWsWbSnk1F1OLmX5V4DBgM/h/Xx1WsptOmUAAPKdTDc1G88k5Gy3qljR95rWnC/NBrDy4
jPcmT8kRxMhBbJ9E5C0f3egxcQR5S4kcoIRZbLH/XL2KfD/C19xCe/9yGoWgHN4OsqYsDtxUfYhd
kNYEGHyWDrLgMnSbJAs3MIx2RxPrG2aIcubTqe/sIMk9VOM2s/nsiRpGKieq013d6tzz0mUxOWNh
MBz2enos6XzLLDTyzdmCuTRU24uZp55SvpyiC9aupsNfw19D1sf/9vZoo+A4nUoQxY9tRXnn4wpp
fQCt0x88tdHE0sxjNDtP9rnstwRrFuygLm/b2WVE/WY0HkFmV4TIKRV3023yjr+hkXqrCX1glDov
Tp9sHDdnnVKQyqK4yBqsMzqWqLapNOG2iDWXAZfwfHTCUnyBQpGxoP035g3mvmXz1ncwE/O1kC6O
14D/BAl7BGE1YF7bHHb3JcGbXcY0b1wnzV9PyXHnpPUl8J5dakKDSYhehM2PoPntZXibiUJYkaEg
bSjj97xQKm92e+zqio8SvkrdIUR9QwbJQ5QbLC1smQeo7SfPAfA1Y7oESNigfv1Jyb4mLPUHHgLJ
LsK8ZyyCu1hQWYCn0yui6YK9X4T0DYVaYz7en3dpTKdTDc72Hvce7g8driRVNoX65y0sfH/5anvg
aMBPYezZav2lENcmQywj94W6bHP75/04cLOiZdBMw4gLE92OMvqWBnMtZ2jkDZ0nn+gn/yHnEC9t
MluRM+qLQWFlLeLGGYiyshqHbpCKn9oo7SvP0Dc/wyoE2sHUy7Fr3dJ7NaKUtIqhh4/NFB7/XCfv
zb1Vo0Xju8SR8+ubi4+KBOL4z+tdvL3plLe5BdiI3gWJBldQ9Jln8/vOPMtGwVWK1p8233xOg9WD
aKEQK1JVOxf13Mzb29MCwQ2GnND+3Q6RQwhyX/Q3VZKSWp2GNf7cpx8KFO1gK+FYkOGiJ1WynLQh
/GFPEdnwX5O9eZ9sewfrwB1jllbwI+XPrTwlO3CxCMAXEDbjdwPGJ49VCQraBhm+74NPFcY2cugP
KSShKkHn+z4sH50dn/AlDaL5HfwooyNIvFoxUNL01QndahFNrdvx+essXj0yzn/CGiKlP2T0ZyvE
l0VPQnfist0Ees9WVXkEqWKUj29Jg1y9kjsn6HMYMxbEfmtva89zfiBHCWYrWdz0gSxu+uHhxFiv
OgnjsDjIEmOPMpQsYRDg7jT7DLB5fVeVJSdWl25VY+778ccLcvBPektX4vXhjxfP97aUFplzw+wk
zyS7gHRTFaigrim3oMfEK5DFxZeP9yWFxpRLk0PZRSovdcXboXwHEVUy/Ux1cqBSneUv339lRWm5
YlT87X3rJE7lZf+tZeU1WVVMQdT7V0+uVTM2rlUb/cz3m1tlaZLd4vq9WyjC3Ft9lsFs7WkFm4+A
eWWHJlfAf8vqNYURKAo3JoGa2GJXzA+X2mKYB6c2lU7fZQl8FcX2PnBBo3TBNIE4Yf3UV21BrQUu
hU9D/GXUc+9b7q0cqbSAMiKw/O9WsjG4MObHpXgFbUPp/onF6ZfMNcz2viQqOYIQOYwnv7ZQcjss
ZUKhw9fU806oz7elKuVWyWvnz06w7sM1YhdstsfUWWELKlAQ7eCv4WSsiTUZP+hylbUw9O4Lvdvb
cBKZTadBmEZPNp0ABMJcxuwN31QhDdWYopHXvvv6/VY/qxh2mXgZj05fheEtX/akbBShUKvWqqzg
PwZPtlx9cGZsWvK76wyZbGQ6VYBpB0+wquR5qHA55Bp5O25U3vIqSBtWcZ3zJwOPVxDDyiso3/0V
FQSMu/Bs31fH541XjOJuLarsJbFa8Vac+1eahMHdKgiM1v5e2itY4itHCANfNsrhbJYIam8s11V5
ctJ/adIhinYwCO8l0Ke1hdYqtWqSygTvCYWL32Srb3xRZv07YXkj0CFLZNrBE3pnzvRQYXNY6kTH
UtWNflbXUafqto/q6FterKrqQ0PzKPHb9aOxk3q6Zx6+I5dMwhM3scLY1vT08Oya4d87/yJM/xVm
MVQFexubKzxBK28KIPxgq/fpxIZtHykU/5oTqGR9Pqi94cn8Nz4SFtsRLnnL+f6fBY7N4uSPk9Qd
m4onTGs7ulw5SP7Dd0Qir1bkApfc2jauuOV/T+RfvuSWHPDltzhtGD/f++rFCEHztYsK/M3S55uA
KtKX+4KqsRo3TNTFF7v/7fYYD5njnpGPFB6115RvF5HgE+l67TNbumGWjE8bOV2Jfmt2HnxCt+ag
KntE5so5DVI3dVnyuaKhkq7Xnv1qSvNd77bVMbBouQKRltQbn5+P9xb3YsETl1eCDwAwJoEJjeQw
d166q2A91OWVihFW1JUiaFW/aT/mNuR/CdgZN6B7FzguX3G5px6h+QZHpPzcg3cIPqCFK76xGF+S
YCiK0Mgb5is3xI19qUSBtH0dBDfdfhhr85YFSXuL5LuWcNhkFmXuDrjZzI0rG8mUtA3vUUr05N/c
MjOwzOikTvjGHnw3Cc+DPpCexPSW9Xq/7E1I5gYWjQOa7rJHyRWzoQAJ2MiNrcxNNXH1Mxu8EFoN
W73KYoTet8Qk0fy2e1tdsSiMdfycUHl0sWV11H9Cpf2wLvtaySSg5X+3MdO1rBAV+QrSppd4HuzZ
9S0bZIgNu7b1rmvcgPFtptavBan6EtmfMn2bt76DCAxHsmOaqHlKIW7oFt/36XGJQ/29lViLMHqj
vaaYU/4ro+sbazHfwSaLzLtl8Uzbxk4hVl9QqDww+uClMX3t0SjaW72gsMQ3ETkSvpvd1iK5fuQx
3CNMFakkVt6MrQay6vtbddxPbb5wrWhvr18WWEBAFdeT3+ZSuKACblfV5ZoFac34do9rUCsrAQVQ
yEArJY6LjUfArGIDko1ZKRdBKyQUYiV6kPfXIwhQFRHpKnG9N+f7i+IlgB0cFJ1beyCXU6oPL82t
35r5xgexiQDw5KcDJbLDXJZS0Kswpam+2qZ6ZsNzrf2/LlQBsIPxUuo4E2xQFack6sPPSjH+xp1D
mXHGVu/Z3uJlgm1vj3/i+mwU+j7fWEgRQaevXcP5M6N7S1pnJ5+nU63tJ/sgsGqcj8anh7ooKHNM
bfYmU3fqKUhVz6tkg8vAW5HXWXxLg+qOLsY3LfrgDEF0xLGD9fDyi/GoKgmSNpRPe6428ma3x/7x
JwU1HPy51dHHn3ZASgPX8+iDlzd1+oYnuPfXWcTiHd/r198OXbeJFec+nWqQKoc7iCoHQLgH1iMC
a2c3DDYmC3b8ZWgOHl1a+A1dZimgTKcyq++8O6rEdfiYTKCITzRWH/7ywz/1hbaTHboSX+QDVVrl
FUiNrIeDdnPwZyxY50uaIoFgm+mGRwx1nrmx4zLPVvd9z78lk8YMd6WHQVt8qEmLnzxLEpxspV6i
rbbQyNVob36PByFqi9Nppf2NtnU89R0yPFr3TAo3vXgfhHtbKvLa2+HVMFdqX1sIohCr+ypXwEPC
3msZUbb87TWEIgXfcB8/ecbA6ypDxPzzIzxU82WWTfB+iMx8kv+o9mxcHJFRGDjunOCn5abxNHh2
nQXkOJuTATHNo1bnqNMn/6fVJ2bLNPC8R4N5RufsBQvmeOyHqf0Cd46h/Z74402zdstoEXHkZPDX
7Hfg3/ZsyP+lpLy+M2xPM8NutfB32yquMocO/jtwyCO8ORAhVwPn114YQ6NtIvFuATpseG6Svmjh
MZW7KDbkx8iotXCZ+Npd8gLqa+SDL+g0ZHAApxA3+vRe3pO8aHMKzvz5oc3EeSeMgWtBC6HWBSqo
3Mb5p/w4WkayFdt1HNfKvHT1ggOd5wuCGglLcWvW5AXXLq7saqDLvhDLMAtawpitXILfT3zx+ux4
giThmo3fMhavZHuSFMOANweDv5v4PUXgbL/4O/8PNJSlYSOhSyZvXLrsrmG74quILwZIup+F9w3s
IDknoTJIWD6ED53oh7OCon1Vorny8asSzwh2AWJxp8tiPsrhvkdAo0TzYPBFAukxYSRXEaExI+mC
ERizJ/CDpsRCC/OPPbqB5WW2+DzjA59HXtehzz/zmD7kmVCH1QnuSxcnyJLMYkZvySrMYsmLuA4B
S7uQArAFMDJ+KBGiEjC+YHcFu0ObOfyhMrkLgx9S/GogozFBLfsgLH7hZYUI8RN1Qu67BQtIFs2h
cAUGzWmAri2YHU0DQp59WvA1ifgNTAjZNgEW8sNJoAPcns3DBwLiNIcKVRYFxqBPj6VcX7i7lMXI
gn/4Cyk+chY+nHfoI8K/IoQnkkWW2iFaU3w174hMa/IrPxz1PYlZ49cQxIAQ/z/TGod57HnhHcGu
hx/nk5mRLF1KfkK/xGu4g+ZJ84hgIOW3nnJnlffw7VKwExEwH2gIuc1WROoVr5e+XZxWkD/7BEUU
uAcomdo2wEyELVDH+AEu4jOaZDEPACjLjCFo0BT7LaMe6pB/6pMsqZcxciAbheD3HLmLFqFX8Vn9
BtgAP351BKd52xcZfsIPXew4WQUWfgINvCC+Badq8gs+4KdM0c9zSfGyRRxCjAJTwuVJnfBuT2R4
gM5RJ/jxIxAk4R+hBN1ApkCanwXgTniJYH7NbQ0ygcvF4T30zZSBGkAk7sZBAQ51KwG9c9Bx8Rp0
0Dpx0x9AfWnMbxMbR3D/qdxMDkCGDDqRydXCxWhISY84q6rjUu4ccRYEaE5brF/lRuCbpiZNcsKW
8jfx3fkCeja+v19Xe6J0HNRIHGdRKqhCYagYH7BJubhxoYfyb0LZonfQZejaAPtxBOgj6HMhKBq8
q6k4GlzcEBcVngYJAgJ/vBI99I0XzsB7sAoggg79wHdT7Og+m9PZKgWNk2uh6hZXrpsgb377BK12
53LNc4+CHnzXEIxyJ0u4hI7LtxMiDF+XRzYOFJ55k8LJwVoZ/0bnPARD4QJ27hXY0JzDbHBoR6SF
UkDrPB6L7zL9fy8BllXr8GP+/Tb8SRpGHIKMpQUkyS4hED7ER4kLQNhqFRWPAJ94l5Dgkh/2AI93
Co4HwwWxMkhDuIENYffMynjkDQVe0R0xbRVXs3sLioikFEdErcvJ6RGZvH13Tc7enb+bkOPx+Ozd
6TUZn14RqE7fn17VCVxEJpdw1Sn59Pby7JSMry5Hp9fXzWr/f1QZYxa7IU/MGIMTFM9aMB6NuS6K
OGuA2qE0sHlY4Zc0cHWhiLCcFVSrICXEZnAklPZrfib8C8pBTIQBXiYb45wFE4i6ZQwXyYi3wSfX
MN/zG5oPr0Y3kMMBMFrELCwLhF4RrrCquLeQATyLRUkparslZU2ePw5JSt6Wks9pPINO0bBCzxOF
Ko89j2uX9zKEI+8i8i4I2z4NMl6EqEigQMvAA5/X83RQdcHcCUVmdRzgJeT1y97XJJci3At3hyoi
zDy7wOJC/rgLSIk/EYwjDh8E7bVaUlZo7TWPEw/yI3cdwaGQzYlDP8+z4m55RUN1TNXCKI205APf
II+4lOYd13nhiCaLoSV0Q+nIduZHosoSpRyRJxp4IrfXCV4kb+DYOcxcAjiCDA9dnT6iYMjXkPOg
hSU4WZJkDMNCugCrzfOqE+MVtlaiqueGFOWBLC6bAg1e+lU94SDIWmTBbZJjH9EIqa6f+ZBecSKb
5GMFNCQRQyaBotQr9hepSt5jHvoYFN2RRMQbbGA1nEG+7RQWOwnFqapPY1mEMU/wFxfnXUjwkheq
kvGioWHBcJAVsp0AFF6mQOWI2gN0orYQXCKKYxMi7hESltLBbVKfQp68Zby4LHRRgfjlo5zvelbr
/HAaBCxFgx3JBAFV2SL0RHU5oykMc7EI55AT/Mo9kSmGxzYxApJnRWKZsaLOFJntmWql/BSG1XiV
Lvi3zxuGYkBuPN5wI83BQNju9mTULktYPn7F6tEWkuOYhtf4eDMQJawmeQtlIPjSC17XkdH4Qx3u
BQwz6F93rg1uz8sEET0L/g3O/4j08oq7LMYTrh3l2iY5tiFQLajnHOIKXT5CsBn4sGwKGiU4V4MO
pnTEMukpzNRRyOk9RjWsLqnXJAjiwzgY53V2ORDEYQSCuoOkiTdmURA15HFlYHMue13ifmGFPbEi
z82I03l5tQQVu3APJbV2hqa46XmTjOU9Ho3n/AYqR6TSF3iLTkznKALYBNSWRB6vV3CYCcN+Dzs7
jdFOI8/F6RQ+bsbv57IkJeeTDxxpAiKh2LMsJThO56YsmxPjimYea/w0a+BdRxwternNZtn8KB+r
/EgMHKPISm0BXZWfJ3KYmoiBNXpykIQicUlvMJCZCE6C22gRhgkffOdDFJYPQnkEs2lKSUKXeaTE
GZJ8EgnPKaNXAManBEXBIuclcHQsxsF8DukH8nkW3qPXx+TdCTn4/OHdyXOQGVweMMD1dxDuo1gs
ZgbHwKFLDOOWZln/gSeE/BKu7AA8/fOrs5y/HNYolB94YziTxJMmVB84vuVpmMsW5rMkMoVokzy8
WTjnOqvGfebaiiNSqFMgujGa5nET5BffH85HAHz0KJGC30DNyUuyILQ8NyL8XnCbc7oCl8FRJL5m
KwfkmNJkHuCxuJGfE00mZQTMZ8XUmZIJn+oQ/u7wL8oLY/BrpXNniZxysfDjiiLWyXsa4p4jEkGR
tHQ9bEbEcRmjZCuYiGgwL8YIAd7mVfNhPb9Km1F7dHZKWPnYDzPswo5IOLJHoyqljTHBYojiUxHg
h/ibZ0i4+YrnS+VmLnjAxNB3xgSzmdiQlk/V8RS3yB2e+zifwdMyrxAfGyrEh0BEaBVqJD5sDq0x
SGqPoWw9DpPGwAn8I+93ADa/Gf8WaNq8M+PEQCOLbHzjSPFJ/rVC3hCf+lX75glvbMYfPPIIhPpk
MVqaiE8+EykdkRMpeQbn92iiA78GMckzMo9xPV6hnnKyptBQ86GKZGy6oy4fpkGchFGMsE0URpmX
O6M8wFTGr5ERsc3jIa/wG5GMYphMMDBBtpO1M5/NFdNTRzKL42waHzUKskiC0l74gbBinsMu9Yb+
3sDNMyukorvp5GgB5aYTKhaBXtYQzzGKKxchWoZDaeJ7CE035Ighkq18HPckuOYlAQmTEjoO5uR5
Up7nIvAoRufzGMbPYqJMzqqJyYM0ptxymnwcH/Tgy5NL/NZ7Q8Z8kfowKNwxUVxT6Dp3vMWEAy8F
4LSmMq8NmbbQvHBNYZwHSgWDivPSmSDJ41fLeapSa0ROD1XVQdkdoJ8os1Z1iI/RgtYJbiPB83Na
lGEQeh0WQ6ndsMS2rEfybJ6uRLKg2iyYfCSm5NcMSk5I5TyK5cFCMuSWF+fzNh5YWsiqmjp1/TJW
ywSMTPF67AkYmtGyGDCxQT69J2/Kp3KbZQPyjNpCrs31KV6GbWFd0SuUiRPJA9inUp/5FMlCEnnE
wFGOLJxlxMDpZhib2LxydJ2CEQw/QBDxoAEjUD5zIGIc8JMhMs9s1HNpIoclUElSXEMpj7DmAYzS
Vke50cQ58FucvToi/+bFCuTPOp/O+gWZiu3aijSpPgDhYmDhGLu2nDXIH07x6YDHMhZP6DxDJ7xA
5qNN3OcDsMp0q8IX7XIM4ifBx1mYFUT2Kls8IvhQ68j8R7/eHd4b9fZ9u27+w/iHjQUR7+cH+LDd
wuD6YtASoVgcdbrPRZUnHi+og3XRwzG3gI7lTBovPfhUGFjNWuEjlcxKszgPyvkIJS4eTPCIA3wg
VVn8KVCSK6yRP9QAXxDl7LPXPNTwpvj1GpOMVwqCcqNQGry2VIq+MOLjW3YPgS+RgzvrFocHCR/I
gEZmLhTmK1HE8etQXr6ztSfSiOgzQkrOH4qRuIjVtXqN4fKexJXvlvOFLEe1Pr7Kh4szZhbURAuV
gk+XApvGGi30b+wwDXAPOYWKjyk1QhZ76jGGCPXYcb2UaYznfqQeLiB9qMcu9LKlSvg14c/1i2N/
Jp6VqTQsxQC/rdIiSxf7ijlydkG7k8f9RCdBheKrlOvxmYZglfzm4Rda8l+kOJWGtyyA9K5JvKL8
Sakp15t+cSOxyL3LNzb64rkz9Wo4vPd1nYaIxmy12oZh4ruo45NLTVI7vOFIqkQgubo5oLsHSaJd
KNZ0fz7XRKwggEMcJutiAfEON1bRiJGcLJRfoDQgIyHghe5cZba94cVUlrr4ERTcw4MvcHLnM/5t
dMkFV89wlvkO/zwg2TN+h1CqFa8i3K4RCG1+/dx+YDJXszLXTVslwRgt4+F3nglfyuH8jDXX5ZhP
75Q3/PHH/wMctVkV
===END CRASH DUMP===
