PocketMine-MP Crash Dump Sat Nov 13 09:36:30 WIB 2021

Error: TungstenVn\SeasonPass\libs\jojoe77777\FormAPI\Form cannot implement pocketmine\form\Form - it is not an interface
File: plugins/Seasonpass/src/TungstenVn/SeasonPass/libs/jojoe77777/FormAPI/Form
Line: 10
Type: E_ERROR

THIS CRASH WAS CAUSED BY A PLUGIN
BAD PLUGIN: SeasonPass v2.0.0

Code:
[1] <?php
[2] 
[3] declare(strict_types = 1);
[4] 
[5] namespace TungstenVn\SeasonPass\libs\jojoe77777\FormAPI;
[6] 
[7] use pocketmine\form\Form as IForm;
[8] use pocketmine\Player;
[9] 
[10] abstract class Form implements IForm{
[11] 
[12]     /** @var array */
[13]     protected $data = [];
[14]     /** @var callable|null */
[15]     private $callable;
[16] 
[17]     /**
[18]      * @param callable|null $callable
[19]      */
[20]     public function __construct(?callable $callable) {

Backtrace:

PocketMine-MP version: 3.25.0 [Protocol 471]
Git commit: 0000000000000000000000000000000000000000
uname -a: Windows NT tungnguyen2-4si 10.0 build 14393 (Windows Server 2016) AMD64
PHP Version: 8.0.11
Zend version: 4.0.11
OS : WINNT, win
Composer libraries: 
- adhocore/json-comment 1.1.2@fc2f76979f0a44a5f5bc2a2b600d0762fe0e78e7
- daverandom/callback-validator unknown@unknown
- pocketmine/binaryutils 0.1.13@0abee38d4e2861621f262c79a2a3d699d8a697f4
- pocketmine/callback-validator 1.0.3@64787469766bcaa7e5885242e85c23c25e8c55a2
- pocketmine/classloader 0.1.2@9757928424652393b178a3760073113aa7c9911b
- pocketmine/log 0.2.1@830b44a2cf96ef703c550abe64302f230231ca49
- pocketmine/log-pthreads 0.1.3@e477ecf6ec214fdd4415ea1da3fdd9d73bf699ea
- pocketmine/math 0.2.6@43057cb8c179a9859677b496a788db922fd5cfc3
- pocketmine/nbt 0.2.18@9f82ca4d7f97fcd9a566e44b63c4f18a7657ae82
- pocketmine/pocketmine-mp 1.0.0+no-version-set@unknown
- pocketmine/raklib 0.12.11@9cce458b8bfde3e4dfdbf70c659fc7b7fe26b5c4
- pocketmine/snooze 0.1.5@70b5e7937a06878dd321a3182ceb76d56298f2cd
- pocketmine/spl 0.4.2@6b08b7cf8c4afa17139c9a1b3bf1b408531de161

Loaded plugins:
AcidIsland 3.2.9 by GODSMineVn for API(s) 3.0.0
AddGems 1 by  for API(s) 3.0.0
AlwaysNight 0.0.1 by YTBJero for API(s) 3.0.0
AntiInternalKick 1 by Jibix for API(s) 3.0.0
AntiTNT 0.1 by Adam1609 for API(s) 3.0.0
AntiToolbox 1.0 by FaigerSYS for API(s) 3.0.0-ALPHA4, 3.0.0-ALPHA5, 3.0.0-ALPHA6, 3.0.0-ALPHA7, 3.0.0-ALPHA8, 3.0.0-ALPHA9, 3.0.0-ALPHA10, 3.0.0-ALPHA11, 3.0.0-ALPHA12, 3.0.0, 4.0.0
AuctionHouse 1.2.5 by Shock95x for API(s) 3.0.0
AutoClearLagg 3.1.0 by Twisted for API(s) 3.0.0
AutoFeed 1 by Ghast Noob for API(s) 3.0.0
AutoFix 1 by Ghast Noob for API(s) 3.0.0
AutoInv 0.0.10 by JackNoordhuis for API(s) 3.0.0
AutoSell 1 by Jero, Cur for API(s) 3.0.0
AutoXP 1.1.0 by JackMD for API(s) 3.0.0
Badge 1.0.0 by YTBJero for API(s) 3.0.0
BanItem 2.3.3 by LDX for API(s) 3.0.0
Bank 0.0.1 by YTBJero, GhastNoob, Kaido Joestar for API(s) 3.21.0
BetterVoting 2.0.2 by Twisted for API(s) 3.0.0
BlockCMD 1.0.0-beta by kenygamer for API(s) 3.0.0-ALPHA10, 3.0.0-ALPHA11, 3.0.0-ALPHA12, 3.0.0
BlockSniper 3.2.3 by BlockHorizons, Sandertv (@Sandertv), Chris-Prime (@PrimusLV) for API(s) 3.2.0
BossAnnouncement 2.0.4 by XenialDan for API(s) 3.13
Boss_Quai 2.1 by phuongaz for API(s) 3.0.0
Broadcaster 1.5 by EvolSoft for API(s) 3.0.0
BuilderTools 1.2.0-beta4 by CzechPMDevs, VixikHD for API(s) 3.16.0
BurgerSellWands 1.0.1 by Heisenburger69 for API(s) 3.0.0
BuyKey 1.0.0 by  for API(s) 3.0.0
Buy_cmd 1 by TungstenVn for API(s) 3.0.0
ChoDenUI 3.5 by BlackPMFury for API(s) 3.0.0, 3.2.0
CmdSnooper 1.0.0 by HotshotHD for API(s) 3.1.1
CoinAPI 2.0.9 by onebone | Edit By SenKai Official for API(s) 3.0.0
CrateVH 1.1 by PIG for API(s) 3.0.0
Crossbow 1 by SonsaYT for API(s) 3.0.5
CustomAlerts 2.1 by EvolSoft for API(s) 3.0.0
CustomWing 1.5 by YTEsDev for API(s) 3.0.0
DEVirion 1.2.7 by poggit, SOFe for API(s) 3.0.0
DancingFarm 1 by RicardoMilos384, DontTouchMeXD for API(s) 3.17.0
DanhHieu 3.0.0 by padreon for API(s) 3.0.0
DevTools 1.14.2 by PocketMine Team for API(s) 3.13.0
EasyCommandAutofill 1.0.9 by jasonwynn10 for API(s) 3.0.0
EconomyAPI 5.7.3 by onebone for API(s) 3.0.0
Eternity 1 by minefore and shin1134 for API(s) 3.9.0
ExtendedBlocks 1.3.0 by Javier Leon9966 for API(s) 3.14.0
Fishing 0.4 by benda95280 for API(s) 3.0.0
Fix 0.0.1 by YTBJero for API(s) 3.22.0
FormImagesFix 0.0.1 by  for API(s) 3.11.4
GMCDetect 1 by TungstenVn for API(s) 3.0.0
GemUI 1 by WoolChannel3295 for API(s) 3.0.0
GuessTheNumber 3.1.0 by SalmonDE for API(s) 3.0.0
InvCrashFix 0.0.1 by  for API(s) 3.14.0
InvSee 1.0.0 by BlockHorizons for API(s) 3.0.0
KeepInventory 1.0 by KhoaGamingPro for API(s) 3.0.0
KeepYourXp 1.1.1 by ArasakaID for API(s) 3.0.0
KingofBlock 1 by YTBJero for API(s) 3.0.0
LoadWorlds 1.1 by shin for API(s) 3.0.0
LockedItem 3.0.1 by ytbjero for API(s) 3.0.0
MSpawns 2.2 by EvolSoft for API(s) 3.0.0
MaxEnchants 1.2.1 by Xenophilicy for API(s) 3.0.0
MenuAuto 1.0.0 by JeroGamingYT for API(s) 3.0.0
Minion 1.0.4 by phuongaz for API(s) 3.0.0
MuaDanhHieu 3.5 by BlackPMFury for API(s) 3.0.0, 3.2.0
MuaPointUI 2.0.0 by JKPVN (JakayPluginVN) for API(s) 3.0.0
MuaTuNhanUI 1 by FurryJaki1992 for API(s) 3.0.0
MultiServerChat 0.0.2 by tungsten for API(s) 3.0.0-ALPHA12, 3.0.0, 3.0.6, 4.0.0
MultiWorld 1.6.0-beta5 by CzechPMDevs, VixikCZ, fuyutsuki, kaliiks for API(s) 3.20.0
MyItem 0.1 by AnhKhoaaa for API(s) 3.0.0
NGVS_Khoe 1.0.0 by NguyenDongQuy for API(s) 3.0.0
NVSSP 0.2.1 by YTBJero for API(s) 3.15.4
NameSpaceRemover 1.0.0 by JackMD for API(s) 3.0.0
Napthe 0.0.1 by hachkingtohach1,tungstenvn for API(s) 3.0.0
Netherite 1.2.1 by Wertzui123 for API(s) 3.0.0
NoAdvertisings 0.0.3 by YTBJero for API(s) 3.0.0
NoFallDamage 1.0 by DeveloperNeb101 for API(s) 3.0.0
NoTP 1.0.7 by awzaw for API(s) 3.0.0
OffHand 2.1.2 by alvin0319 for API(s) 3.0.0
OnlineTOP 1.0.1 by HMMMM for API(s) 3.0.0
OreCore 1.01 by  for API(s) 3.0.0
PCEBookShop 1.0.3 by Aericio for API(s) 3.11.2
PHP-Sell 1.2.7 by Muqsit for API(s) 3.0.0-ALPHA9, 3.0.0-ALPHA10, 3.0.0-ALPHA11, 3.0.0-ALPHA12, 3.0.0
PM-Beacons 2.0.1 by jasonwynn10 for API(s) 3.0.0
PiggyCustomEnchants 2.4.3 by DaPigGuy for API(s) 3.19.0
PlayerVaults 3.3.1 by  for API(s) 3.0.0
PureChat 1.4.11 by 64FF00 for API(s) 3.0.0
PureEntitiesX 0.7.0 by milk0417, RevivalPMMP for API(s) 3.19.0
PurePerms 1.4.3 by 64FF00 & ProjectInfinity for API(s) 3.0.0
Report 1.3 by ImNotYourDev for API(s) 3.7.0
SETVIP 2.3 by MCPEVN TEAM for API(s) 3.0.0
ScoreHud 4.0.0 by JackMD for API(s) 3.0.0
SeasonPass 2.0.0 by TungstenVn for API(s) 3.0.0
Shield 1.1.0 by JavierLeon9966 for API(s) 3.7.0
ShinPickaxeLevel 6.0.0 by shin for API(s) 3.0.0
ShopPoint 1 by S2TwKen for API(s) 3.0.0
ShopUI 1.0.0 by SaltyPixelDevz for API(s) 3.0.0
Shulkerbox 1.1.2 by UltraFlappy for API(s) 3.0.0
SizePlayer 1.0.3 by  for API(s) 3.0.0
Slapper 1.6.2 by jojoe77777 for API(s) 3.0.0, 4.0.0
SlapperRotation 1.2.0 by jojoe77777 for API(s) 3.0.1
StaffMute 1.0.0 by YTBJero for API(s) 3.0.0
StaffTable 0.4 by GigantLeyKey for API(s) 3.0.0
TableSpoon 1.0.0 by CortexPE, Xenophilicy, HyperFlareMC for API(s) 3.0.0
TimeCommander 2.2 by Zeao for API(s) 3.0.0
TokoThirstBar 1.1 by Rand for API(s) 3.0.0, 4.0.0
TopLeaderboard 1.0.0 by YTBJero for API(s) 3.0.0
TopLeaderboardCoin 1.0.0 by YTBJero for API(s) 3.0.0
TopLeaderboardGem 1.0.0 by YTBJero for API(s) 3.0.0
TopLeaderboardIs 1.0.0 by YTBJero for API(s) 3.0.0
TopVoter 3.2.0 by SalmonDE for API(s) 3.0.0
TradeNPC 1.0.0 by alvin0319 && FunkaDev for API(s) 3.0.0
Trident 1.0.0 by brokiem for API(s) 3.15.0
UIShop 3.5.4 by SaltyPixelDevz for API(s) 3.0.0
Wolfies-FloatingText 1.3.5 by  for API(s) 3.0.0
WorldProtect 2.3.8 by aliuly for API(s) 3.0.0
essentialsTP 1.2.2 by  for API(s) 3.0.0
iProtector 3.1.1 by LDX for API(s) 3.0.0
reyyogaWtrhit 1.1.6 by reyyogaMnelux for API(s) 3.0.0, 4.0.0

----------------------REPORT THE DATA BELOW THIS LINE-----------------------

===BEGIN CRASH DUMP===
eNrNXQt327ix/iuotqeb9FqyqLfcm9s4fiTe+KFGymNb9eSAJCQhJgmWD9lK7/73OwOAIkA7tuQo
3ZuersUhOfhmMJgHAJL/rs1EEtLs85IlKRdR7aCzV8t4yGoHTq/d6/ebw2Gz0e0M2y04kcfqVLvR
7nSdYa/ZHPQGrVbX2auxJBFJ7eDftWwVwxW1k88n795dvavt1UKWpnSOtEkezdOMRR+i6XTMaCqi
EU3T6TTgLvz3i/giWB//TaenAOpwdKZ+EI9GkcgID+OAhSzKSCy8a5aFPGLTKeLX19UJh6tSghfT
iPAoY8mMegxAzHiACOIgn/Mo3Vetx9D6fpp4+yWw/RLXPsLaL1Hta1DyL7AMoHnQUvO3Pc32M4+W
IlhKiNCWzxPmZbXiLFBK3kD1hM9QXw6c+O+/xosYaC34DX/aeDfzApqwZ2mWcC/7jFpNyQviPP8L
XNBR13XhT0RBvzEISbbWLnLqKU59+JOn7FuKpSk5wx94x+CeS0cBXbEEzw4VP6cJf6kL4KmXEZAk
TYnktO5DzfHfeLGjb0LxCfzb//OfycslTQhNEroif97Hk219Mk5EBnplPvmjTzMKOvnHP7Flp1O9
26NBQN2A/W+UB4Hm0l1z4UuaMfLH4iLJQmvD6Zes8HCgDwkwjmlCwwrrNRO8eLi+GBtsNYsGczfg
HpnlkZfBOCOfP3siAv3kXvbsr8X9Jafn5N81MCzUH1jJP/65V5uziCU0QJPBPge2I9kDF9AD9YsR
tOXSlJXjuNZutLqNJtJzHvi1g1bTae/VePrZZ8vawYwGKQPbBG0KTwDbTh9G8Zyj5TY3/Ae8c43l
I498cZOSywnJwA6jeb5iUaveSTlxmo0mkRiI02kP2+RZcfGYJQCXALDec3J4cdzr4GiBkXBQGzSa
DbCLvdpXFgH2Wqc4htOfRYotnl1eToAgD25gfOGQCmORsuQzmHxCE85S1Bb1FyBhwva/wJCowzV6
fDoNp9F6OfNas35v2B/OmrTTod1Z1/VatOWCb/Ob/V5rxpqsP2B9YO9TQEsBeriP3eRS77q+pAEH
M0TXB7q4jsRN9FL/RbDrMbLv8ogmqzzjAeIFYRpO+2WTuoy1B36HtQY9p9dyZq1ey+sPaYu2/d5w
6A8oQJt1bFb3Nu6Agtove53+oN+Be3o916O0z7qDQbfVabFB12u1vVaXDbxul7YqDHF8BoL6LNHY
Wi+H/W5/2Bp0Wp1etwW95jr9AW33QS39tuO0gbc3HDqOa3MKxFxyaDWcl4N20wWNtrzZsMdm/WYb
WkaBe512szVrwX/ajkc7wzsc6nG2SBj1C0W1X7JOv8+8WY95Lacz8/1Ox+ky6vi0DQdDv992Z6At
Rm1WENYWGk3vJTTa7XvuwHNAvcNBdwixze0Me7Q/GPjusNWa+V1v5rVtFpGbFfIMXg5ngxYA9vsz
6BPPH9Jur8c6HbfX9jozZ0D7vW6fskFFueXPehjrjmr+VyTqeqTWU5bdbzIJvQZDVkoAAM7Loeex
TnfgDtyZz9qs4898FxTr9brDmdd3+zPW6rldr2IuaSTEV6Z12X3Zb7pd1h+2+7TZG/QHvt9uObTt
gGjM7ff8bq81HMxanl9hEgeSQwdMo+c2B27fmw28Dp1Rp++0h96QOi70guN2moNu2/GZ03Nqv61D
oxyIhx73z9KA4oBeOzGDuFeznFcDLYPm2UIkcPs/aq+vjsfo7D5ENXCHNOZIbKM28ZhF6DaBM7hU
8Gs+i8FxpMp1pmKWHa8JtRPwvCJcQQSEBrQTFRFbIZuQykh9sRoFIptO1V8M9jA60OVejScfr96d
HwPphrkpz1AG9NSHvv+ahakpmaaYYjmWSA+Jof3zA3KUaONFLqI5/TqdvmHgoyD+Y8MXVDrFx5EH
N3SVXvL5IjPRG1RTgiY6Yrtjfp28+oUlorYrcTS/6ZSCJBtLEWX8DBO+iAZvuXdtilI99e0eqf3C
XX77ffZVCiKZTafV9rcTagJRzpZlIuOe2SUVIQ59Gjq95nBXcuhGq7jHk8N3k/ej+1ELEbjitopc
U60OkDmKgf6U8jlLxr+Oq/Drh+ejN4fo3YzDrn3Ysw/79uHAPhzah06zcuxUjlvFMabg36PQtYjK
OLRarIPHzGORZXF6sL8PGdsidxuQ1uyvue6bfLBDcplzvhGQt5s9YpLtLmk1unanjCGHuh52b3fp
es+i5VFC08WpGnFaN6luCYa/wrdAfKAbG+3jYyfPxFHAaHJO53NLapNux5w7tji54VBS+bsaSJli
h6JB1o0gAgCBstmYtu15DfMwXQV5eHG0b/PTyjhlzK/oQZIe8IavFzTNyKUQ7s5ciW51Cx+Id/Db
KnJ++zsAR2++DW6w8ApupNwJpxWj+wVye4Ce+Iucp7vC/wWYRgVTZYA8WirTU6A2kmjMgqAikiQ9
FFIhlu+RozzZZVek0Oh2ffFpVMH9aVRxendGP3bExfHOsgHJTWn802gz8PeMdcVmX0sAwr2i/tx0
6+q4EmKrom2Ss20h2zplk41v3jGvaHSWsdBCrygm/laj3Wjb+M+PP+0KO7BC3LLZJ/cKMKlfHI1O
9gv8SrhrW7LrTVPpPeXBpAPbq72l3BfkF8HSjNqjqOXsIs92AdkWfcYyyGU/iIxHZly1yHbvQf38
A8JqbcTn89VRnmYiPIm8BY2ytHZPrHUlsKUEBh1tw3xc2gDSkSPwAoakBenOGKtDW9QW9ZpFqznc
l9yfzW6Rcz7RvAu0IHqJezOxxxGPWVKVXFOr1XplgMpL34iEfxUR1sBjqPBZki3Js5fFz+dAPlok
PK2PEh4yOIN/8/T8w3PbyLe2DF22V5RQoNGaUHJMp+dq4msTpYg0PYwikUeenuQvNVM9VR0BHVs9
n1jEaXBM7bkMp/3UXr6V/HysmKtQtpXw899yyiuiKZotU8V1FZMQtd3PahzmCUUUSraN5EjgCg88
qG2+BtUeu5Vq52QpgjHA2lWIMRoGGSwUD9TSRZi5ublpMECE3BvZtZQPp9NZgjWeOeVkkasVnfJO
FTs8+sq8xejimC3xhg/8ll+/sTMep/d0uT3kHoc+cAc/rMBlCA60YEPdNt4auPctVlI5CdbBkCF+
pBKRoR/7TNWBV0z6DeMpi1x5U2+4nWGbpe4DGrKbQLVYCLeIyvnqLVtZskrCw3ngruxbtrUV2M9e
6NtoJeWBOqJc39zVsFQcsd3NoR8txDGL3p8Z2NckOyR2qwEREvfRxWmerO7g33tKlCvlKABMp+rX
FtKE/hiqQjvKG8RHqog3IksXIqt6DBhHT3UYoZ+qpkEWE8bjkkA5i2PNEENTqpG4sqwgIubC/8n/
khOfZ+TVioxZBBk3uZrNuAdBdVfWphuaTj0ABgxBwjXCx8VLaMY+vDHF05RKDWsLNzp7vSv4Y5EH
H2XV/fc8mNFFyE+/JFtYWgKh2xU3lgSa9MCgH0O+Rn+dVIToPl0IyQ5Ur9veQgBZaBwGEMHMkGKR
H0yQdp1UmC2DQDaOp6UVislHu7AziA8mTb9OTlKIxzvL/8p2N++k45MPPJH41vDXpGo+1K/kr2KO
ux+gUrk6ZbvqI8V0Ol1KCNMpZEL6lwHrkeUUKBI8UMIpTcx5EpP6wPh5xz2a+OKCByJtDzD5OxZR
NhG5t7hgnyp+u/90QS2uIF2JzjrYqA9ptHjDWW4Lq0h2hL0Tj2LqJ0zsLD/Q7KbTCc+ygB0ev9vC
Etmymp2vSRWX3alOj5Qbe8iE0bBSIn5HJ2kA0CUllA08hZF3l9D21zxA2hOaro5EGELOihOTM27N
Et93tppZVKLyF9y/drOKIqe5uxnwNcvp9B5Im/etkdobQppLW6Vs3Ua/OjWiE4Gd5xVMIZCphYXm
cYFwcZpnZvmwJj3gXHBnyEwkjIAWSbrgkeO0O5ZYw6eLVTCfTsPZFl1zCxWCz3w5w2MOvsoJ2/za
d2f+l5wl5BxG/3DY69kjsPM9awDIt2AL3WSh2lzMU47qNqN0QbEnmCvVvguN0WG3NdjZoNLNTqdl
+4+EM3str7qOt+H2klZrB2sVWy3n4WbVs5DOWVoRwKI/LIplRU6j8+Shkf8rxawCd+hy2fZsG1Fe
XxwdM9xDa4hR0n6PCnweer5sfQshWGgV4er4AfAfIVYdLWgUsaDdGnZ3JcHrTReNJOicpelkwS7z
0LVK7sqJR3YljGkQiuj4ZGelneY3ndo4NhfM3MpRSmVStxgZ3+Ffi5HBo6WHLctxsfn0NwAeM2ZL
gIRHpkHstY5dzanZSxYKyTbCvGUshrtYlInEjOw2/cGtWG8Xgr6mEInno92tFVtMp1MLzuYWh7f9
KvLkU1wRTROrS/vVLXJgHfSanh3vrFxdc1QiKRhbyAP6EDPZ6aZABvUB37bj1fy3V682B44G+VEk
gTXRbhAfnJ/CnGFn6/jrNjdfxcfixouXUSMTsRIGyhu/siXBIFbrz4o4q8z9ssN+0Oxw0BcIzN+b
9M7FOKY3kdk1BcWeq2r92Lkq3Sh0zLr1p81QXdDb9Vq/IZNBrU7zOHcWXkW84AH3VrsSzmCJlreG
Yh1s1FksyrEaNSUrSI+EIBz+yqnemSx9uksrGt/cGVzwyJ5904Qq+s4T1o63mRo9PzyWa46q+S3w
5/Se6SeT+juu8RwBBr3Igz+3kmokeJRZCbNBrK6QVG3r7ejDJXn2C0S31Ug+zvHh8vnOdsUhcxAl
p1vJM8kvYVhVBVpTH4iV0DnJCmThznDY2lkZbDKV0hRQtpEqyLh6JA7qlMySzD5TzaUrzjvTZdo3
dhyZu9jxb+97d7MX7bW3lFUG66qYimj7i57eu9B9dO/C0d/xWd98lWdpfo0bVq5pwPm1nZS3mjva
0RAi4BsEjF1ugP+e3QwGI1TUqpKMaMLDz39EC0yyKd1Z+F5tvjkSUV++/jD+DBDMUqqkPRLKLuWz
o8cQEP6Wr3YWy95uMRIvP4zH5m5hdWyrvLXJNJXTffokz2HAbl8lfIvgdQlox/go+DsWiqU1v3Dn
1GPpxA/Z+VxFsY1ocbawrEkRHpk6XFBvcQ05USbwl7NXeKrlzoqOSgsoIwIr/m4kG4MLE3lcirem
PZLOfmRJ9jXnTqu9K4lKjiBEAePJ+6JLbvulTCi0OPRBsIynoDwzla+cqHZw+z+zjd1GsYWdilMa
BMc0pNaWfIv84IwLhAAW4J6XS+Y6TWdXglXYooAlom3Em1h+EQ+rnqSyrE5vvtKbXYkhmU2nkcji
J1ukAgTCXM1mb+xnkQtKZRtHNb+iwZJHzbazs+cr1wynU4AAaaO//rFJr1xF+CqSyZXZNSXtsT2O
F/Bvd0uRgXwfyKb2dJWwI5GYI6WgVFA7P2LXom5rmznV0dHJKyGuxwthTjua1Kq6Kw7rEDygxytZ
AlrYw5tJv/GowzdzB9XKdGogsw6eMG40z32Dy75UyZtRvfJU2Jr0yJabCzlbf3+Z8vRnc5+6CAKA
38iht6n1ji7qrxjF17iYspfEalnt/Ge3OLgSBj7xUsB5XKJ7zMwQ7Z6ztoydqrkfU7jpdSWNd4bf
kccXHMGc78K5l/gEWy8a2b+HnTJ6+cKjDxRqNUtDJtmeKWo3fsy7H4oVr1g2vZRNFy9kWgN5vONz
8IX2pMOaZA/ijnoNj9HHvc7paXM7E5bMRywJ7/FitVMqH/ROR/I5uE9syUWejk7qBd14rOezahvk
1WDLX0/odQlKvyBszUYr5yTKeMZZ+qmioZJuZ6r9amIX8uC62XHQA74DkZY0GF1cjB4eF1uM/ETx
jMMQHH0MwJgGpjRSwNx6v5eBdd+WVytG9aKtFEWr2k37PrMhfyLQz1+Yl51FMy43HO3IF1q2IREZ
P3dgHYrPb9idsUjMkaMJlS1GtvRn4aXIcI2wumO2/4THIG9ZgI8YphNxzFNPJL4xRMyGplMFrfi7
iWcYn0w+nJmZpSZUns+tBPaj0cmHSzI5OdxZaqlY4pvtsg883gg5vvTrTW4m+GuSib7zn5r+KFrf
PMMwXhhoCGG+RfDBifsftV/n7jsGLUyPi7XgzJr51YRHH8c3N89tNWrWpd0We/MUqOLvhnJFI+5d
01t2jgW3LaF9ypS1d7frHl0Y3yZHqDa+hQFCli9XiSxRCtpDz220Jjdv2c7sbt3mdtCt9SFNeGTm
c0yDbCVdKjjMnS1Ivj9TJdjm4PPgmiX2G5QMYnWkVGYo3gdZQk8DGsc7C6cGSxwSEskrscWuwzH/
ylRaaopUEh8unHc2FLDBc2wQpFj/3gg/ym6D15TqYlWlM8o3r96zJvxdC2+pAvDkqTDj3baFLKWg
70RGM3sxv3rmzhPGGwr+5McDKwC2ML6MzmYXuTXHXtL+s+9KwSa3RD6RL5etQJ/oN84+sN/7NZ9D
yXrO5JPAuxpCKTa+uQAS5jgWliUZxEeUfwR5KrsdnchSsNy6s1d7swJLOMV3JF8c/ZCdPCVG8/fj
G9wnPGT60RLLXdj0B7df/Z3R3b1OUb7fxmr8+99yY8uCQotrMVnwJM1eUUtoi/7gXsB3Oj/bpYdM
5IQegtjIVEV8znAq2BU08S0prBO/07uVDAhbDD8LOj5x/E255MkdyPakdxBVcDxVwNfWZom7537/
rtvqgQFbgLP0m7Kdpb+XaFUcWwn3QdhvaFmTqm8XesoTEI/boX7SEpus3fc4RAGn/LWRXAmo43J0
ZMpVkB7ppPVKIPnTn8hpHl3Tx56o3qZ41yC26KGE+/Z7jgrKI3K4ibjmLKxuhnkydM0P+kG1P52O
Lkooj8qhyi9DDE2obOaspk/fUQtu+PqXbevCjyKYcZbWT+FKfIPZhN2avXPv6eqjjt0fsZaKLR+z
yGm3p1Oz9W1ESwJ/pD7uYIlkkKsvBRxURw/Pg9XuVuWR23QqN/jpr05s8grke/Kmi5wnM5xFMt8G
X3yLJEsYvqse3we1b0kLSmFpihP54MisjRcWuVqFtX5E/5otTqeV9h/tW65FEqavN4jV592cH/uy
x7Ll78+EDSlA0IStVmJOP2bJgptWbNOrszc9W1x98UXEgvx25xmxYg4wnE3HJr7FH796wsBCK+8n
qF+MGvFCvZQylRuUGzBSYtw5hR/fqP00Wh+RIxHN+Jzgl3imyTT66SPzyaVYEqdJmsODlnPQbZP/
avZJq9ly8ALFr44LFS+codPuGEQev8DdYPA/JIYi819YoPSnRfDkDYjK6gFPgQseU/1qvLpaMa1T
b8GZ+mhP+gJqPWwEn1Gp6yEP3fTC6clm6K2+KX3Rkg3jqksofPZCHs1EAmzXNAFVMlBBOz5O/BfH
8TLWzfgc3zCUQ4x50ZLc5BdewJLwkxDoQNMXSA5wyraOhvRifL06F667apX0lDHfuAy/E/Ti+OT0
8P35BKnKROr/ylmy0s1qUgIBqsCEvxv4NSTwdf6LP8t/oKk8E/WULpm+ccnZTd0HRVJQ34sBkm5d
cVtH09WXBDSa53TOXrBoXmqSRjwEX1G0poihcNcU61sTjVWI35r4iaB1Ek9aTZ7ICR9pPAT0TKze
BmMikwVLGSkUR2jCSLZgRERgedmCZsVHpFxGeOQFuQ/WB+zvGC3yGosQ7pwhgyrPlM7YHhG4kzFF
lsRNGL0mK5EnmhfhMwL9z8HfYwvQ9fgZKAgkwPiS3azZ7ftsJtfnyY2Ifs4IzmzhJ49A6SEIix95
WSHCbMFTJffNgkUkj+eQxgGDxjTC4aCYHUwjQn76uJBbLEkmoJXIJ8CC4PejEHwGpXAaUPxukjwt
oQYCmgFR4RfLpL7wBTUeI7j1LJAaDJGzsuyicw+IzKzxRLrIM19gb6qPfB2QaU1/1UeiviUJq3+B
eo5E4uYPf/jDtCaBHgaBuCE4JgEb0YGQLDklf0NDxWukxRYx8oCgh5O3nkjr1ffIF0/g4MKvQoGO
kJu7IlqzeL029vVpA/tPHznoR0SgZur7ADRVvYFaBv1fk5DRNE/UF8dAGpchaNAV+1dOA9TinC/h
2iUNckae6UbBfT1H7qpFGGZypbUOvTCfs+QATsu21QPWaGSH6SryJjS9BjtIrsGsGvKC9yn0FFp6
ISletkggqcyhM+HydI/IzIRotwHDY4/gF5BAEIwtUjfgxpEW5hEYFF6imI9lb4NMYHSJuIXRmTFQ
A4gkDTlag0PdakBnMzRdvAZNdI/w7GdQX5bI29TT+9KCKjeTZyADfi+sJdUixahrSQ8kq6rpUmkc
SR5F2J2+2rkqO0G+QTJtEMjG9W8S4gdKiHzWe88ci9pwUCNJkseZoiqFoWJCwKblkp0LY1R+GMpX
44MuBfcB9v0I0EbQ5gQoGqyrYRgaXFxXFxU2C3ED4kGyUkP0dSBcMB6MzkTRYRiE+Nm6CI7n1F1l
oHAyVppuSt3yFFnL2yfYaTdcKl4aFAzhm7piVNhYKgWccfleFsLwyWpkM4M0s2hS2Th0Vo6DlswF
9BNuyJdGgQ3NJcy6hHZAmigFtC4dsvo20/97CTDdeQg/huXvw59mIpYQtDNdQ9LsUgLeA4Mq89eA
sNUqKukAPsoRocGlP+8AnhwTEg96C+LlEIciiEOE3TIvl45XKLxqNGLcWl/Nbj3IK9JSHOW0riYn
B2Ty5mxMzs8uzibkcDQ6PzsZk9HJOwKZ49uTd3sELiKTK7jqhHx8c3V+Qkbvro5OxuNGdfjfq4wR
S7iQkRldcIrieQsmnbHUxdrNOqB2yA186VXkJXV8IaJysJIV5JsgJbhmMCSU9lt2puwL0kSMhBFe
phuTnBUTcLqlCy/GNbRxhdEDA768oXH3ajQDnaZDp8XMw7xA6RXhql5V965lAMticVqK2m5qWdPn
90PSkre15HOauDAo6p4IApXASt9zv3blKEM4+i6i7wKvHdIol1mIiQQytBws8PleEQ2qJlgYoQqs
sxnwUvKG5ehrkCvl7ZW5Qxoh8sBfY+EQPm4iUuJPFeNYwgdBe82mlhVaO5V+4k54lKajOKxlmyUi
LMKsultfUTcN0+xhlEb35B3bIPeYlGUd4yJzxC5LoCU0Q23Ifh7GKs1SuRzRJ+p4ouivY7xI3yCx
S5iFBPhZzhsGQ53eo2AI1xDyoIUlGFma5gzdQraAXpsXaSf6K2ytRLVXdKTKDnR22VBo8NJv6glr
I2+RR9dpgf2IxkjlYR5CdMV1IlLUDtiRRFVSCkWpVxwvWpVyxNy1Mci6Y41INljHdDiHcNtZ99ix
UKeqNo1ZEfo8xV9dXAwhxUtfaEomc4a6B2UiW8t2DFBklgKJI2oP0KnUQnGJKRYnRN2jJCylg9u0
PpU8Rct4cZnnogLxAz4F34dZPWSH0yhiGXbYgQ4QkJQtRKCSS5dm3kLm4BIy5EtgQjrESN+mSiB9
VgUWl63TTBXZfjJ7qTiFbjVZZch8j9QdowNl58mG61kBBtx2t6e9dpnBypIWk0dfSY5FjUzx8WYg
algN8gayQLClFzKtI0ej93twL2BwYXzdcB/MXqYJynuu+dcl/wPSKxLuMhdPpXaMaxvk0AdHtaDB
bB/fFiwLBJ+BDeumoFGC8yhoYMZALIOewcwsQk5u0athckmDBkEQ70fRqEizy0oQqwgEdYOrf3Bj
HkdxXR9X6poLPepS/pWt+xMT8qIbcfKuyJYgYVfmYYTWzrClbnreICN9T0DxxeRYSuuSVNuCbHGW
0DmKAH0CakvjQOYrWGdC3R/gYKcJ9tNRwOWnf7FwTqCMYmlGLibvJdIUREKx3TyTH3CWXVk2p8qK
RuFrwiyv410HEi1auc/cfH5QlCr/QxwsUXSmtoChKs8TXaemqrJGS45SoQKXtgYHmSnnpLgdLYRI
ZfVdVCisqEGlB5NfIU7psvCUOGNSTC7hOaN4BWByqk4lLHpiAstjVQbLqaWfySdX3KLVJ+TsmDz7
9P7s+DnIDCYPGOD6G3D3caK2xYNhYOWSQNnSKPM/sAQhL5HKjsDSP706L/jrqsag/Cwbkx+SlnMD
GcPyVoZhKZsopkl0CDEmfWYz2Syc47NV/TbnvmGIFPIU8G6MZoXfBPnVolxRAcjiUSMFu4GcU6Zk
kfACHhN5L5jNBV2ByWARiY8N63ocQ5qOA9IX14tzqkmj/iomysypkomc61D2rr6ArjpDXquNO0/1
nIsHIzlTvk7fU1f3HJAYkqQlD7AZ5ce1j9KtYCCi0XxdI0R4W1CNh3vFVdYM273TU6qXD0OR4xCe
qYCjRzSqUvcxBlh0UXImAuwQf8sICTe/k/HSuFkKHjFV+bpMMXPVmz3lXJ0McYvC4KWNyyk8K/Iq
8bGhtfjgiAitQgVZPBk6CIOgdh/K5v0waQKcwD6KcQdgi5vx7xpNWw5mnBeo5zEYMITt0iblR/dk
Q3JK2Bybx7IxV76JU3og1CdLsKeJ+uwz0dIRPY9SRHB5jyU68KuTFvmJzBPcH71WTzlXs9ZQ466K
tG+6oVyWaeAnoYpRfROLOA8KY9QHGMrkNdojtqU/lBl+PdZeDIMJOiaIdjp3lrO7anbqQEdxnEyT
VaMiqyCo+wtf8rme5vBLvaG91/Fb9hXSerjZ5HgB6eZMGD0Co6yuFljWVy4E9oyE0sAnWhpcSMTg
yVYh1j0p7v9LQcK0hI7FnD5PyvNSBOnF6HyeQP2s5sn0pJqaPMCPrF9X5ZP4YARfHV8d4CSm9vkq
9KFTuGEquaYwdG5ki6kEXgogaQ1jYhsi7VrzyjRV59xRKnSoOq+NCYI8frlchiozR5R0YaoO0u4I
7cSYtNoD/xgv6B7BV6jI+Jyt0zBwvTOWQKpd99SrMQ/02SJcqWBBrUkwvXhlxNccUk4I5dKLFc5C
M5Q9r84XbdzpaSWr2dUZD0tfrQMwMsXrcSSga8aeRYeJDcrZPX1TMZPbKBvQZ8wWCm0+HOK121a9
q0aFMXGieQD7TOuzmCJZaKL0GFjl6MRZewycbYbaxJeZI5+tGUH5AYKolQb0QMXMgfJxwE+7yCKy
0YDTVJclkEnSMA6KI8x5AKPuq4Oi09Q5sFucvTog/5DJCsTPPTmd9U9kKiuOMkyaKyBSDEwcceuF
mjUo1qzkdMB9EUsGdBmhU5kgy2oT33EDWHW4NeGrdiUG9ZPgChdGBRW9yhYPyOn54eSg9Zf+Xnd4
6+y1b9t7rb84f/ExIZLj/BkurXvoXF8MmsoVq6NO97nK8tTqglmsqxGOsQV0rGfSZOohp8Kg17wV
rqnkXpYnhVMuKpRkvS4hPQ7wgVDlyWWgtFBYvVjTAFtQ6exPp9LVyKbk9RaTXGYKivLZoNRlbmkk
fSKW9S27BceX6uLOu8byIJWFDGjE5ZCYr1QSJ69DeQEKlB4qjKgxo6SU/CEZSda+urZXY/i+6pTr
R57Vs/u1AW7pxiV714OcaGFScHkp8nFHqEET4WdfZOAMLSquXFqEPAnMY3QR5vGMB3LvWEmZh7F5
uIDwYR5zGGVLk/AllSvw6+PQVYtlJg1TMV9uBi1psWeL/Y7N9OyCdaf0+6lNggwlNCnj0bmFYJX+
K8BXUhS/yPpUJq5ZBOHdknhF5VJpS78X5iuP1Y6CodzJ9DXgrnk1HN6Gtk4Fomk1m23HaeET96Pj
K0tSX3yWSKpEIHG7O2C4R2lqXTjmOKA/XVgiVhDAYSJ3D1aIN/iiGIsY68lCvSHQgYiEgBe2cZXR
9rNMpvKM4zcY8B1Zcu8En7s8ovg+XMkF1SR9kO/Ki9SL4L1kFeNbGCWhpWyNYdpiWZt/p+e41dlS
RW1L3anxtnmo23Lpkue5sq8C4t8xD7saySmf8u7ffvs/iOjKQA==
===END CRASH DUMP===
