PocketMine-MP Crash Dump Sat Jul 17 16:58:14 +07 2021

Error: Undefined index: §b[§eCấp_Độ_Island_§c5§b]§r§f_AmoryK
File: plugins/PiggyCustomEnchants.phar/src/DaPigGuy/PiggyCustomEnchants/enchants/miscellaneous/ToggleableEffectEnchant
Line: 53
Type: ErrorException

THIS CRASH WAS CAUSED BY A PLUGIN
BAD PLUGIN: PiggyCustomEnchants v2.4.2

Code:
[44]         return ["baseAmplifier" => $this->baseAmplifier, "amplifierMultiplier" => $this->amplifierMultiplier];
[45]     }
[46] 
[47]     public function toggle(Player $player, Item $item, Inventory $inventory, int $slot, int $level, bool $toggle): void
[48]     {
[49]         if ($toggle) {
[50]             if ($this->effect === Effect::JUMP) Utils::setShouldTakeFallDamage($player, false, 2147483647);
[51]             if ($player->hasEffect($this->effect) && $player->getEffect($this->effect)->getAmplifier() > $this->extraData["baseAmplifier"] + $this->extraData["amplifierMultiplier"] * $level) $this->previousEffect[$player->getName()] = $player->getEffect($this->effect);
[52]         } else {
[53]             if ($this->usageType !== CustomEnchant::TYPE_ARMOR_INVENTORY || $this->equippedArmorStack[$player->getName()] === 0) {
[54]                 if ($this->effect === Effect::JUMP) Utils::setShouldTakeFallDamage($player, true);
[55]                 $player->removeEffect($this->effect);
[56]                 if (isset($this->previousEffect[$player->getName()])) {
[57]                     $player->addEffect($this->previousEffect[$player->getName()]);
[58]                     unset($this->previousEffect[$player->getName()]);
[59]                 }
[60]                 return;
[61]             }
[62]         }
[63]         $player->removeEffect($this->effect);

Backtrace:
#0 plugins/PiggyCustomEnchants.phar/src/DaPigGuy/PiggyCustomEnchants/enchants/miscellaneous/ToggleableEffectEnchant(53): pocketmine\utils\Utils::errorExceptionHandler(integer 8, string[64] Undefined index: ..b[..eC...p_....._Island_..c5..b]..r..f_AmoryK, string[157] phar://C:/Users/Administrator/Desktop/Sv/plugins/PiggyCustomEnchants.phar/src/Da, integer 53, array[6])
#1 plugins/PiggyCustomEnchants.phar/src/DaPigGuy/PiggyCustomEnchants/enchants/traits/ToggleTrait(39): DaPigGuy\PiggyCustomEnchants\enchants\miscellaneous\ToggleableEffectEnchant->toggle(object JackMD\NameSpaceRemover\CustomPlayer, object pocketmine\item\DiamondChestplate, object pocketmine\inventory\ArmorInventory, integer 1, integer 3, boolean )
#2 plugins/PiggyCustomEnchants.phar/src/DaPigGuy/PiggyCustomEnchants/enchants/traits/ToggleTrait(79): DaPigGuy\PiggyCustomEnchants\enchants\ToggleableEnchantment->onToggle(object JackMD\NameSpaceRemover\CustomPlayer, object pocketmine\item\DiamondChestplate, object pocketmine\inventory\ArmorInventory, integer 1, integer 3, boolean )
#3 plugins/PiggyCustomEnchants.phar/src/DaPigGuy/PiggyCustomEnchants/EventListener(310): DaPigGuy\PiggyCustomEnchants\enchants\ToggleableEnchantment::attemptToggle(object JackMD\NameSpaceRemover\CustomPlayer, object pocketmine\item\DiamondChestplate, object pocketmine\item\enchantment\EnchantmentInstance, object pocketmine\inventory\ArmorInventory, integer 1, boolean )
#4 pmsrc/src/pocketmine/plugin/MethodEventExecutor(42): DaPigGuy\PiggyCustomEnchants\EventListener->onQuit(object pocketmine\event\player\PlayerQuitEvent)
#5 pmsrc/src/pocketmine/plugin/RegisteredListener(80): pocketmine\plugin\MethodEventExecutor->execute(object DaPigGuy\PiggyCustomEnchants\EventListener, object pocketmine\event\player\PlayerQuitEvent)
#6 pmsrc/src/pocketmine/event/Event(88): pocketmine\plugin\RegisteredListener->callEvent(object pocketmine\event\player\PlayerQuitEvent)
#7 pmsrc/src/pocketmine/Player(3713): pocketmine\event\Event->call()
#8 pmsrc/src/pocketmine/network/mcpe/RakLibInterface(122): pocketmine\Player->close(object pocketmine\lang\TranslationContainer, string[17] client disconnect)
#9 pmsrc/vendor/pocketmine/raklib/src/server/ServerHandler(127): pocketmine\network\mcpe\RakLibInterface->closeSession(string[19] 118.71.162.177 7404, string[17] client disconnect)
#10 pmsrc/src/pocketmine/network/mcpe/RakLibInterface(109): raklib\server\ServerHandler->handlePacket()
#11 pmsrc/src/pocketmine/network/mcpe/RakLibInterface(99): pocketmine\network\mcpe\RakLibInterface->process()
#12 pmsrc/vendor/pocketmine/snooze/src/SleeperHandler(113): pocketmine\network\mcpe\RakLibInterface->pocketmine\network\mcpe\{closure}()
#13 pmsrc/vendor/pocketmine/snooze/src/SleeperHandler(75): pocketmine\snooze\SleeperHandler->processNotifications()
#14 pmsrc/src/pocketmine/Server(2155): pocketmine\snooze\SleeperHandler->sleepUntil(double 1626515893.466)
#15 pmsrc/src/pocketmine/Server(1992): pocketmine\Server->tickProcessor()
#16 pmsrc/src/pocketmine/Server(1586): pocketmine\Server->start()
#17 pmsrc/src/pocketmine/PocketMine(291): pocketmine\Server->__construct(object BaseClassLoader, object pocketmine\utils\MainLogger, string[34] C:\Users\Administrator\Desktop\Sv\, string[42] C:\Users\Administrator\Desktop\Sv\plugins\)
#18 pmsrc/src/pocketmine/PocketMine(321): pocketmine\server()
#19 pmsrc(11): require(string[89] phar://C:/Users/Administrator/Desktop/Sv/PocketMine-MP.phar/src/pocketmine/Pocke)

PocketMine-MP version: 3.22.0 [Protocol 448]
Git commit: c32c21464c30cd7059a4cbfb0a7d7e493238a561
uname -a: Windows NT HQDATA-788 6.3 build 9600 (Windows Server 2012 R2 Standard Edition) AMD64
PHP Version: 7.4.18
Zend version: 3.4.0
OS : WINNT, win
Composer libraries: 
- adhocore/json-comment 1.1.2@fc2f76979f0a44a5f5bc2a2b600d0762fe0e78e7
- daverandom/callback-validator unknown@unknown
- pocketmine/binaryutils 0.1.13@0abee38d4e2861621f262c79a2a3d699d8a697f4
- pocketmine/callback-validator 1.0.3@64787469766bcaa7e5885242e85c23c25e8c55a2
- pocketmine/classloader 0.1.2@9757928424652393b178a3760073113aa7c9911b
- pocketmine/log 0.2.1@830b44a2cf96ef703c550abe64302f230231ca49
- pocketmine/log-pthreads 0.1.3@e477ecf6ec214fdd4415ea1da3fdd9d73bf699ea
- pocketmine/math 0.2.6@43057cb8c179a9859677b496a788db922fd5cfc3
- pocketmine/nbt 0.2.18@9f82ca4d7f97fcd9a566e44b63c4f18a7657ae82
- pocketmine/pocketmine-mp 3.22.0@c32c21464c30cd7059a4cbfb0a7d7e493238a561
- pocketmine/raklib 0.12.11@9cce458b8bfde3e4dfdbf70c659fc7b7fe26b5c4
- pocketmine/snooze 0.1.5@70b5e7937a06878dd321a3182ceb76d56298f2cd
- pocketmine/spl 0.4.2@6b08b7cf8c4afa17139c9a1b3bf1b408531de161

Loaded plugins:
ARQuest 0.2 by phuongaz for API(s) 3.9.0
AntiTNT 0.1 by Adam1609 for API(s) 3.0.0
AntiToolBox 0.1 by NgLamVN for API(s) 3.19.0
AntiVoid 1.1.0 by FiberglassCivic for API(s) 3.0.0
AuctionHouse 1.2.5 by Shock95x for API(s) 3.0.0
AutoClearLagg 3.1.0 by Twisted for API(s) 3.0.0
AutoFeed 1 by Ghast Noob for API(s) 3.0.0
AutoFix 1 by Ghast Noob for API(s) 3.0.0
AutoInv 0.0.10 by JackNoordhuis for API(s) 3.0.0
AutoSell 1 by Jero, Cur for API(s) 3.0.0
AutoXP 1.1.0 by JackMD for API(s) 3.0.0
BLOCKBREAK 1 by YTBJero for API(s) 3.0.0
Banking_vonfram 1 by Noob for API(s) 3.0.0
BetterVoting 2.0.2 by Twisted for API(s) 3.0.0
BlockCMD 1.0.0-beta by kenygamer for API(s) 3.0.0-ALPHA10, 3.0.0-ALPHA11, 3.0.0-ALPHA12, 3.0.0
BlockSniper 3.2.3 by BlockHorizons, Sandertv (@Sandertv), Chris-Prime (@PrimusLV) for API(s) 3.2.0
Blood 1.1.0 by NashanPlaysYT for API(s) 3.4.0, 3.3.0, 3.2.0, 3.1.0, 3.9.0, 3.9.1
Boss_Quai 2.1 by phuongaz for API(s) 3.0.0
Broadcaster 1.5 by EvolSoft for API(s) 3.0.0
BuilderTools 1.2.0-beta4 by CzechPMDevs, VixikHD for API(s) 3.16.0
BuonLau 3.0.0 by AmGM for API(s) 3.1.2
BuyCMD 1.0.0 by zZPROGAMERZz423 for API(s) 3.0.0, 3.1.0, 4.0.0
BuyFix 1 by phuongaz for API(s) 3.0.0
CachMuaLand 1.2 by Noob for API(s) 3.1.1
ChoCanh 1 by YTBJero for API(s) 3.0.0
ChongBug 1.0.0 by shin1134 for API(s) 3.0.0
Class 1 by YTBJero for API(s) 3.0.0
CmdSnooper 1.0.0 by HotshotHD for API(s) 3.1.1
CustomAlerts 2.1 by EvolSoft for API(s) 3.0.0
CustomCraft 1.0.0 by TeamBixby, alvin0319 for API(s) 3.0.0
CustomItem 1.0.0 by Phuongaz for API(s) 3.0.0
DEVirion 1.2.7 by poggit, SOFe for API(s) 3.0.0
DLevelIsland 1.0.0 by Nguyễn Công Danh (NCD) for API(s) 3.0.0
DancingFarm 1 by RicardoMilos384, DontTouchMeXD for API(s) 3.17.0
DanhHieu 1.0.0 by JeroGamingYT for API(s) 3.0.0
DevTools 1.14.2 by PocketMine Team for API(s) 3.13.0
EconomyAPI 5.7.2 by onebone for API(s) 3.0.0
EconomyLand 2.1.2 by onebone for API(s) 3.0.0
Eff 2 by AmGM for API(s) 2.0.0, 3.0.0
EnchantUI 0.6 by UnknownOre for API(s) 3.0.0
EnchantVipUI 0.6 by UnknownOreforsource|RBpmmpformod for API(s) 3.0.0
Eternity 1 by minefore and shin1134 for API(s) 3.9.0
Firework 0.0.1 by  for API(s) 3.0.0
Fly 1 by Ghast Noob for API(s) 3.0.0
FormAPI 1.3.0 by jojoe77777 for API(s) 3.0.0
FormImagesFix 0.0.1 by  for API(s) 3.11.4
GemUI 1 by WoolChannel3295 for API(s) 3.0.0
HeartWings 1.3 by Edit Nờ Cờ Dờ (NCD) for API(s) 3.0.0
HuongDan 1.0.0 by YTBJero for API(s) 3.0.0
InvCrashFix 0.0.1 by  for API(s) 3.14.0
InvSee 1.0.0 by BlockHorizons for API(s) 3.0.0
KeepInventory 1.0 by KhoaGamingPro for API(s) 3.0.0
Kickk 1.1 by MCPEVN-TEAM for API(s) 3.0.0
KingofBlock 1 by YTBJero for API(s) 3.0.0
LoadAllWorlds 1.1.2 by  for API(s) 3.12.0
LpkCuaHangUI 1.0.0 by phuongaz | Moded by LamPocketVN for API(s) 3.0.0
MS_GiftCode 1 by YTBJero for API(s) 3.0.0
MS_NV 1 by YTBJero for API(s) 3.0.0
MaxEnchants 1.2.1 by Xenophilicy for API(s) 3.0.0
MenuAuto 1.0.0 by JeroGamingYT for API(s) 3.0.0
MineLevel 1.0.0 by TungstenVn for API(s) 3.0.0
MineRalGUI 2.4.0 by YTBJero for API(s) 3.0.0
Minerloot 1.0.0 by Distoxicqted for API(s) 3.1.4
Minion 1.0.4 by phuongaz for API(s) 3.0.0
MuaCoinUI 3.5 by BlackPMFury for API(s) 3.0.0, 3.2.0
MuaFLY 1.2 by SableIamNoob for API(s) 3.1.1
MuaKeyUI 1.0VH - RBplugin by Ibenrm01 for API(s) 3.0.0
MuaKitUI 1.3.6 by Infernus101 for API(s) 3.0.0
MuaPointUI 2.0.0 by JKPVN (JakayPluginVN) for API(s) 3.0.0
MuaTuNhanUI 1 by FurryJaki1992 for API(s) 3.0.0
MultiWorld 1.6.0-beta1 by CzechPMDevs, VixikCZ, fuyutsuki, kaliiks for API(s) 3.20.0
NameSpaceRemover 1.0.0 by JackMD for API(s) 3.0.0
NapTheFGC 1 by KaYuuVN for API(s) 3.0.0
Netherite 1.2.1 by Wertzui123 for API(s) 3.0.0
NgoiNha 1 by Nguyen_Dong_Quy for API(s) 3.0.0
NoFallDamage 1.0 by DeveloperNeb101 for API(s) 3.0.0
NoTP 1.0.7 by awzaw for API(s) 3.0.0
OreGenerator 0.1 by phuongaz for API(s) 3.0.0
PCEBookShop 1.0.3 by Aericio for API(s) 3.11.2
PECollide 1 by saxavlax001 for API(s) 3.0.0
PHP-Sell 1.2.7 by Muqsit for API(s) 3.0.0-ALPHA9, 3.0.0-ALPHA10, 3.0.0-ALPHA11, 3.0.0-ALPHA12, 3.0.0
PM-Beacons 2.0.1 by jasonwynn10 for API(s) 3.0.0
PayPoint 1.0.0 by YTBJero for API(s) 3.0.0
PickaxeFunction 1.0.0 by NamVN for API(s) 3.0.0
PiggyCrates 2.0.9 by DaPigGuy for API(s) 3.2.0
PiggyCustomEnchants 2.4.2 by DaPigGuy for API(s) 3.19.0
PiggyFactions 1.2.0 by DaPigGuy for API(s) 3.13.0
PixelgamesToDiscord 1 by ImNotYourDev for API(s) 3.0.0
PlayerVaults 3.3.0 by  for API(s) 3.0.0
PointAPI 2.0.9 by onebone | Edit By Nờ Cờ Dờ (NCD) (Danh Miner) for API(s) 3.0.0
PureChat 1.4.11 by 64FF00 for API(s) 3.0.0
PureEntitiesX 0.7.0 by milk0417, RevivalPMMP for API(s) 3.19.0
PurePerms 1.4.3 by 64FF00 & ProjectInfinity for API(s) 3.0.0
QuyenVipUI 1.2 by NightBlackDM for API(s) 3.1.1
RankUPUI 4 by YTBJero for API(s) 3.0.0
RebirthUI 3.0.0 by YTBJero [Edit by NCD, Ghast, CurlliestDrake66] for API(s) 3.0.0
RedstoneCircuit 2.0.0 by tedo0627 for API(s) 3.6.0
Report 1.3 by ImNotYourDev for API(s) 3.7.0
SEnchant 1.0.0 by NamVN for API(s) 3.0.0
ScoreHud 4.0.0 by JackMD for API(s) 3.0.0
SeasonPass 2.0.0 by TungstenVn for API(s) 3.0.0
ShopUI 1.0.0 by SaltyPixelDevz for API(s) 3.0.0
Shulkerbox 1.1.2 by UltraFlappy for API(s) 3.0.0
SizePlayer 1.1.0 by  for API(s) 3.0.0
SkyBlock 1 by KhoaGamingPro for API(s) 3.0.0
SkyBlockUI 2.0 KSCore by KaysilGMVN for API(s) 3.0.0
Slapper 1.6.2 by Slapper for API(s) 3.0.0, 4.0.0
SlapperRotation 1.2.1 by jojoe77777 for API(s) 3.0.0
StaffTable 0.4 by GigantLeyKey for API(s) 3.0.0
StepCommand 1.0.3 by DavidFlash for API(s) 3.14.0
TimeCommander 2.2 by Zeao for API(s) 3.0.0
TopGems 2 by moch for API(s) 3
TopVoter 3.1.0 by SalmonDE for API(s) 3.0.0
TradeGui 1.2.3 by Only FurkanGM for API(s) 3.11.0
VanillaEnchantments 4.0.0 by TheAz928 for API(s) 3.0.0, 3.1.0
VanishV2 1.0.0 by superbobby for API(s) 3.0.0
VeSo 3.0.0 by AmGM for API(s) 3.1.2
VipJoinMessage 2 by Hender Plugner [Edit By CurliestDrake66] for API(s) 3.0.0
Warp 1.0.0 by  for API(s) 3.0.0, 4.0.0
WorldProtect 2.3.8 by aliuly for API(s) 3.0.0
essentialsTP 1.2.2 by  for API(s) 3.0.0
helpnewbie 1 by YTBJero for API(s) 3.0.0
iProtector 3.1.1 by LDX for API(s) 3.0.0

----------------------REPORT THE DATA BELOW THIS LINE-----------------------

===BEGIN CRASH DUMP===
eNrtfYtT28iy978ylz11DrkXG0t++1S2QgwENkC8QB67UYoaS2Nbi16rB+Ccs//77Z4ZSTPCYBuc
nPvVl63aYLWknv5193T3jEajf21Nwtin6dUNixM3DLYGrZ2t1PXZ1sDomJ220e71W/VG1zDbvZ2t
LBKnTKNV77U7jUa/0ei0Gw0TbvJokh7EcRhvDf61lc4juGyLHx/c2QzuA947Wz5LEjrFU+8Dh03c
gDnEhV93A2JljQbtjj+Lv2xoZQaj7egKjg2jgUdO/+o48WjgXIlr7La854v4G4s/k6s9P4znb6G5
SeZ5h66H7UUzGg92d4eD3fcJQN3dc3w3cJM0pmkY7+6z5DoNo92Lm93Iy6ZukOyO3Ol0PsySNPQP
AntGgzSpI5PdJLZ39ymcfpPNF121y/IfvpvYzAOJWZglu5fhdOoxOvbYwWTC7FReD0wjFFWK+Z1b
h5Y9sMLWoN0Eu8fUhp+ft35qkO8tyHa7+WJAotC+ZilYhllWlrpeYlnv8c9gwDRXOgIv8Fi87QYp
m7KY9HYImNINpp87rS/knm/V6+PP9Tob1uv16KqO/+WeVK/bbTj7pV6P6/XccwpmRrv7hWzac3ZI
LjXonNA4pvPPnS8vwBI/GZtUOwjoprm+L/Fgu9kHHed3W9aC2y2LFb80u1nWA4ar/ZzyE9vh+A+g
kl+ofX26b1ln1GcXETjUOfNDiC6WJVoaeXTO4h0iL1ct7qbMt6x9l/ph4AxnLEkjj6Zs8bXBDQvA
AABjLwarHefHpXqN8icoehyGIH1AuKLNb6zo7lqKVjQraD5DvYbB5f97mm1uQLMH2OAJdDEWQB9v
Go1nK3MwoCmoIEr/Mxrl17JSHMtSZDsOkpQG9nOMoVmgRSIfVYz/l6xkdNo9ZeksdLiGD+6YnQGv
7Za5XMGaTdA3f83AzxdIzG44wIirDpjxv3gx58AlbD8q4TmbYjMxcwoX6DUquUFcalkL0NR+ZvxX
YeR1gC20wQqIOosR8TuFO2/3eg9guI+39rNNPU/c9jR5uovlEZduN7tGNdlKnpyDaH6bM+otZhSw
9DaMr3d9O2K75/T6xB0fgzvGE+hD24ZpVriLdoGvFyZsESRIMlPoujENIC1jgh+GQUpdbpE8F0Mq
tj0X5CMOJKYwCIAJl7EvZQTZHcjIipgxvfbcMRceUjd07N0L/icvHwyzW5FUAoPkB8jANjo0ieAC
qliQcTuXrP+FGEav3jXqUDPXjW6XdFuN1gqSG42nqLeByUVAsyyBy7I0YLWfZ/zHiCJLYUnDeEJb
/f6a+oni0AbtyCbNBy2TBGH4lXFZLjzGIsUm93xzaZsPX/svtFcWs7+kQM0nCNRtV+QRl4LKtesK
7Gdh6k5cm7txrogHYrIw2rZptFdtI8Hj9wHUxNtOmEGSI8UwrVlvdTqiufajzRn9frWDijNQyrn2
9UjAgLwgmHUeZ9budR5gBmktzp3voYDEf57Cz22zbzzA5+oK+gz0pcwuwuFrmrAhjDiTk5A6D4Rt
OX44hTByAllfCSVNGCMMBzC0wHoeEqta0ENOFxU9tH9jWcU9LXPle2QBZFkCem8p9KZZhS56tdSd
jG/QM7Dfsz8zN2Z57On11xiglE3WTkdlLVYV6sXWl792ttj/tbH8f3yADEoRrV9BVRZ6NwyrNxDJ
AXvYeKE4C5QFzcJpO3QYKrTVgkuI/C9maRYH5LO1NQaf3vMjD4IHBPQt8vJn8rd05ia1n7UzO8Ta
ovnBaealLvyu3LDg/Jd/ggSttmz5LzzowAH+7UpiBPHEtckkC2w0MZHjOpG8yd8iWQwfQzVL/oY1
LfzOy1EgaJUp+Vvihan86UF14YkqFSTkXMGTb0LXweZ7svl/4UFfUY07Idv55fxsu6GcLa/gkBk3
Gnn58iUR9hsMfnl/OnpB5PxBwtKLWZh5ziW9ZodQ3+xTH7x3u4A1oV4CNbhptLqtXrPT6r5AjbWN
RU1Gsp6Z0UQ0pkvxgvz976S4aMrShRfxM4VZt1+QwnzsDvruPk3pfa/4Qv5n0VULHeIL+W+p+xf5
PVHMblzwdiHQZ1VGHANtv/hCXi6XnCvGVBTzF2GgPGGj5sM2yjBeXEI4If8FZtL6x2Bw+dvo4Grv
/PTd+dXx2YeDs8t357+Rf/+7QAthL4qYw0dBFykUNoulB8YN6S2tiiSb9hjISEzoor2gpUK6mI8p
H1Zk5wEx3QQk2F7ZcC8k6u4Cdpo81HF0YVbgzQXtPcA5C9YTlDPrL2CGUanTWHBCBEm8r1Ptj/we
zReRoDrhaob468f054/pzx/Tnz+mP39Mf/6Y/vwx/flj+vPH9OeP6c8f058/pj9/TH/+/zf9ubM1
xUREPZyuCyguedrS7gbBcGKmXDW11aybZr2B9Mz1nK2B0Ws1d7bc5MphN1sDMbm0BV0kDe0Q2LZa
PWjExelDu2naptHqtOxmw3a6jXaftuzxZNygXafLWv2m2ezRNgx8d7YyKctHGNiFtwk5uyRHv+7v
Xe7Vur0e6dSbhLdO+p1Gg2znVwlHImYDAtK5SS6g3HJo7JADx8VO+oLsne53Wjh/OYuAebfeqhs9
OPwKUYIja3FgcPYqTLD147OzSyDwg1s34FObfgSZIb6CoBzT2GUJao46M0Abs90/kjCowTVywhQS
Rd18NbHNSbfT7/YnDdpq0fakPbZNao5BdqfR7ZgT1mDdHusCe4cCAJA69HcxN48hrtduqOc6aGJg
mAXXQXgbvJJ/UdjSqGM3oPGcdwe4tAFtG81XDTpmrNlzWszsdSCGGBOzY9rdPjVp0+n0+06PgmiT
ls5qYeNGvVFvvuq0ur1uC+7pdMY2pV3W7vXaZstkvbZtNm2zzXp2u03NCkPsxB7vxFI281W/2+72
zV7LbHXaZrPfHBvdHm12QS3dJmQH4G33+4Yx1jl54ZRzgAT8qtdsjEGjpj3pd9ik22hCywi402o2
zIkJ/zQNm7b69zjUonQWM+rkimq+Yq1ul9mTDkMXnThOq2W0GTUc2oSDvtNtjiegLUZ1Vj5NZ1Ka
zitotN21xz3bAPX2e+1+p9sdt/odCj7rjPumOXHa9sRu6iyCcZrj6b3qT3omCOx0J2AT2+lDd+iw
VmvcadqtidGj3U67S1mvotzyZ82Pii76ao3+dq+WEnoBmYxXfdtmrXZv3BtPHNZkLWfijEHXdqfd
n9jdcXfCzM64bVc8SCQ2qd72q25j3GbdfrNLG51et+c4EAtp0wC0bNztOO2O2e9NTNupMIk8zqEF
3tIZN3rjrj3p2S06oQaUtn27T40xGMYYtxq9dtNwmAFo/ioeX/C+uXf+awajNiXA5ZSdrTKqgf7h
mGYwzIgTnBqLZlkYTOlXjJE0cpHUrPchPsAxC3DYCSEDJ0ah00LmDtCVPsO5JJyk+yrBp/xJSc7P
snjj8g8+dIFOgVH33cXlx3fnJ/tAumXjBMaS+NQCsOxBFXAJcUgBICk6AEMHsOdQ3+g0+hqAxtMB
yEZFoi3lvrjcO798P1osNQxXX4d3Vckl9VHpz6Yn1P9wpglvPEP9kh8k9FICyxJVxTIjQPaaZeM6
hPXdXCwJ8AM+2dHRfRAPe0pomAMaOrhDd8ziKUbEoXvj2puy0GuIaOnskl5DweDNX/NsIACjUOWv
ZXhnaRolUGgouBex3i34oTYy/ijtKMwSpmpEJetaMettXSsXkEOv++2756lj6wCKyNCf742Ogf1x
cDOMaTI7dDlbqahEtmRZVMg3Q/lAQbq0y3tmloZDj9H4hE6nGmqVrsJu3neGy1ucDXA25QSpYIfQ
oAJDITwQArHpMq3rAVLMvWTuZf7pcFfnJ5VxyJhT0QMnaZbX4b+Z0SQlZ2E43ligkq1WI9XjdkQP
qUju3v0HBHfv1pMbPLwiN1L02ArRteJ0OCEKosfOLHOTTcn/BzANcqbCAd3gRrieEGolRBfM8yqQ
OOkRW/zC4nCHDLN4k6ZIoNH1bPFpVJH702hZKhAz05sSO5/nFm2vJvyCvi7Y7EoEAO71ybvh29fn
B3tvFYAK8RHT/Hb5Gq2zKYSSnWWN49Vt85oGmLiubsJgElNfxVA58wiQTfZ05GVZ2PgaIFiasvhD
mIK8KgKVrIoPI4BqTbuRVLNwzc+C/DPmgt1wwQCrLuZytB6k6CH0DAVpTtK7FACoQVtUh3rNgvkU
7rsXEWp7J6OjPR4P1WOjcmzmx08uxqS0AL2UezXYF4EbsbiKXFL1asKsN3Xc/NKjMHa/hgEuxbqg
AVS46Q3ZfpX/xMmm4Sx2k9oodn0GZ/Bvlpx8eKEpy1zbM07nIy9MtypKyKWRmhA4Vq29pVJCR1dH
uLTGPoOqjwb4QCL57VLDJSZ5mvWm/GvKv4b82y/+Gk/u32XjHHXoyD8rwQ2T5OrXjLoq5IKmd3Fj
hUFrYxOD1r0spigE4IB/V4IRwxU2xSdeKhCFqluwMho4uAm9CxBrc4OjomHAoEnxyEg2T463t7d1
BhIh93p6zfHhBCSLcSyZqABVcnXEIyJVS0c6/Mrs2eh0n93gDR/cO/f6SK8IjM7TcdvIPfId4A4x
WQiXonCgBV3UdasERe5djRVXThic0EzTi6Do8atR7bZ7/ptTHTsksSdCH69Rvr3O5pVsIwj3co0u
7tffR+fv3uydHpz//rVlNu85axlXWs9x3tOMnrBg9v54LUD6kEYSHqlwNh09RIurizyk9gyR0kCN
9iq10p+WFGjG0wM4rhmzrICXaX5GPdH4cgSzcEiDmSq9pPwHKmTbXkP1M7D862yqSy5IS7pAMnMD
w2i2NiX/heRnWYoEywHgbJoqPT/+flrn7X1wozVU7jsX4GB6pacQl6j9KEyTWZhWM8XTXd72nUQ0
DZpXxViOhI8F9jxILJoJVPKjZcumc73acr7Eq5DjadleMBnGdJLegyioS+x1yaj/2r0bz5Hs3bhB
o2k8c25eNo+vKchiulRB0VyOnwupHaxuWmzhHmpOXAJ6tOGMUra8ej/bP/jgxlzCAkBBqtZn3UpC
DKf45BpGUe8O2cZqas7Usm64CJYFlZn8pYi15OHK/gm+7CCWNqu4VPIS05xNszm+n2S3AzLEd5Am
rWBK9iFXke2z4f6LteDqk+6HYezjr0cfx2Rzhou/ptgiQNclX25UGthuMD2kseqYKvWR0H/u2jR2
wlPXC5NmD6vx/TBIL8MMCg32qRJQu0+3tMYVMJbSaQcr4p0duSzTwQrSEkNjlntDfWisMg5+hg/v
H63R/9hNdYxUkCpj+Fa1pCuXohAMaLplms+QXwqAC3puKuOfxxKDMvopRdsteABapSOUeLXeUSJu
17tVwGHAxvD/puwk2VkWExIAT8vSpFlqPnl1pShXqZXUvglIqsbWgCeqdl225QAnExUYHGmAHh2e
msUg7xlGgiYNy0LOxuq9Ss68vtfcrKDpj386Oob3Yu3Qu3hjblZyLBa8rzNUlbdA9bwIjiCviGgC
lDCLbfbv89eR70e451fobB6nUQDl4q2BNWVx4KZzFWdOeiRl4WoYwMIIODVZOOJ6xtqInDkMdSer
Izl0Y4ZLcBUkBene40cNzaamF/TJ5bzxZJ2p5UNPtQQefdcnvtDgGgqXZZUir6ToabRZrQD+CP8I
WRf/29iT3oIj6F0IUfxYFcoxvmOa6HNUOn11LzKMeuvJ3p/9mWA9jqHC5W1P1pm0esN8LWqJ40e8
6COUCkOIHAHzmma/vSmTvFlnTHTEaJx+hJJQrcoUYsWhKqN1x4VewPc2cMhQ/t2Xf9cfOzyCqZRo
DWiZGFSowHLSkkp5w1NCebOry66uVirFV6lrdInWMxKC7BJucGNjy7xDrB5UQeALxnQESFiifv3R
5bdJEkKSdcC8ZSwqXsZTMOn0CjQd2NtZSMUIbLQ579KYWpYmzuoe99a1r9UMLo4rwzIdzelwdPDh
rHZ5sHe6KSyCJYCQra8gdjANJ9y2mvAl9fvN/L5993p1faPf7XnexzD2HDX26vTqo23z4V5uPl3w
6zAAhdmQjiwLBaeed8vbXwNOdD3M6BENploO1MhLen3+0In8m5yGDnPIeE5OqC+G15UFwEuHjWUJ
MgrdIBU/tfHuA4tXlj8ALwCtrp3Ti6s37iQdyt1wpHJU6vfz0tMLbBQ35rEspflVMJx90KWH4+8p
N7RnWbzN5cLSu8KoisgKtTrhWxH+EwvCaOZ6rj3fFACFJXrOXflCsi7XcnAsyHBFnoosJ/0HpgDz
ttfoDjDM5NO8KoKCtuzxSQZVYMqCD8GmAJQcAYIixko4zqn3Rgt5ClGfD2t94yrzwJGmXc8QsReG
aUV+QVtiiH0XYueda/9ZXUj4jCGYytOyUm8tKPqjHUmogmh925UOw5O9fb7ARjS/hvwZHUKm0l2p
oOlrZdrVcpna16PTwyyeL1x2Yj5rucnvdoh7FuyH7qXL1gN0ePKbjgYJj67cuEARj6m/yRUc2C7O
rpy501nKdbV/CjA4dUUgb9m8ahhBqnjXhyNSI+ev5aZ4GrLjMQtiv2FsytFyfhxJLsxKWNz0HhY3
fX9/7qgytXocTFgcZImxQQwlSyz515oqBrF5ZVfFkhOrC6CrifDt6MMZ2f6FXtP5iJvrw9nGZis4
c26YtfBcZmdQA1QBFdRHSi3o+vEcsLj4ov/GpiRVphxNLso6qLzU5WMZDVRB1H2uI5dFGkuXRQ5/
55+6mGdpkl3jUthr6rnutT5ZYDY2tFjSR4H5iAjVoAj/nIWSCiNQVHU/IkVd904tq/G+yYsk9zdM
WtUHzmh0OWOHb4Yappz2iFe/pb9l2ZoDv8eG54IdQpGNr4GBpTMW8+MSQ0FbMpb4yOL0a+YaC1aF
PhFKyRHQ5GI8+SWfkttuiQlBT0MXOrwKWVIeezmGr+e42oeq6urXbGODpzeXaxgrLLeuVIVXyY9O
0+3jAADXvJ2x8QbTXYUtmE6RaB14lyMN1uXoXkioLF+it1/p7aZgcGa4JDaNnuxyQiAA8y5mb/i+
I2moxjyN/Ojr4d/uRQdVhnXmiUfDg9dheH0xCyN1LxWFWrVW5bHKHvRA29XHhcay1e/rzmfJRixL
EUw7eIJVJc9dhcsu18jBMPQ8V5v8KmmPBJOE3tEbj941NtcJFZaWFTFbCLHqXgajo1Gt8lZqQVqy
hPCUP0pZ/BJav/LO2Td/Jw0FPuJrZFaNOqPT2mtGcVsmFXtJrNbbFUv+QZMwuJ0HgdHY3EvGBUt8
xxDFwLcLc3GWI4LKHwcLKp6c9H2fDxYL9aM1Vo2PXPua3rFDuXW5iqJyZtn6z3vbazwnfIq214GB
YQuCLNMcS6FWPatfSdZys8dnvrH4+Lus1R0luWTawRPCZWVHVM5mt9SJLktVN9Wd9vWZRnMFHT1n
E5UlO2wuFvGZ+tF3jC30dEi5l9/TUEG/9+rdKrppPm+3ET64k5QHnjXtbB2dvx3OKF9VjluGHWXO
wx6Xo6kcPlurBSOuzjvm4avSyWW4j9tWxo6m1PtnH0ndx/5ZmP4WZjFUvRubL1J4giLeFILwg5Ve
qxb7kn6gYB/NY1SyPtlaXUS1ISz5ygqxp+sNbznfNrWQYzmc/OGmumlf8bzz0bgpl8ySf/NN8cjr
+eMrecg2fyOAPx14sfFVyREKzdckK+IvR5/FjPcgBX1O0nt9q25U/LPTOjxsrFeLcOYjFvsLCuut
vCPhwo6drU/iiwCjg1rRwUrUV6JtwCqFLX89oT9zofINuHM2UjkHQeqmLks+VTRU0vWxVbcaHH3X
u260DCxlzwHSDfVGp6ejjaWRWPDE9bngAyAYk4IJjeRirr0kX5F1V8crFSOsqCtF0Kp+01zkNuTv
BOyM+48eBxOXL9ndUI/QfINLpPzcgHcIPqCFX3GaprrQWiE+/oKt8ihlU49pPhyPcGsE+XgmF2Jp
DDinwfX7kYaiIKkYWt+0gscmsyhzV697z9nYjdOZLnhBW/JuvJSefOahewyhe7i/Q/iqZL75EYxp
WZLux/SadTpfNgaSuYFN44Cm62ypdc4cqHsCNnRjO3NTDa5+ZskjG2g1bHRMfely5znBRzS/6tj/
nEVhrMvPCY8ukX2wDOo+YYRyvwB7qDYSouV/VzHTRf7xrxLfRfk9sO83gDwTmzOu6l1F5ayInZO0
7v+9npPkra8BgeFExkh/a10hLukW33Y9TCmH+nslWLNQTy6SsMSZLqiXzrmrgyNvbFb3/bGY31zZ
JrPMu2bxWNuyVCE+vi5z672XxvTQo1G0scJAYQmWEJLwnUtXhuR+ZWJ4oUIqiY/vorSpLR2wvRPx
FYvy90riX8+rq3wL0mPPEDe34rqyfFS89Qn5Y65EYbHvFRhF7H+1NKfkEPSOUhIrfZ+8vRhCeKk+
Jp0nrvfmdHMxuBRgDfdC19R9S1Kqz/irS37kZfdXLj1ro5xEsF0bwHmY0sp8avXMkse9m3/JqiLA
GphSOplcYoMqnJKoj/4qJfIbdwrJ/4TN37KNRbEE215HfhYNQ9/XXzlWqUsepe3TG9eBqJnMtjb1
SkzJEkIYSuKvkesvXZ9J0bW+otP1Xl/pL78zurFhy8n+J8vS2n7yE11gVcO3N3Z1KIg5jN4wbbSd
Ux55vdoPbc1kT55mAz74hTDe4Bp2CqMPob5fXUFasoszFDB+GOwfbKzzS34cBZeg/LUSlJg67E2m
7iFYkKqRrNJ73gXenBxm8TUNqnuxGc9aV8YZ8q8/OWs8KvpAA9fzqPIhNdWpFp1dMgK4nLG9r32z
9+BmbU9EeCNEsSyZrNfeYVvKtbsIk1REMvtgVtBz0rI9urIIK9jxeHMhveBoWbkU5a+V7Mou1HcZ
+OF33BwQ21vDCd3ol9ANTvMvgZdi6yceiW1HDEMjwWm5AP5+zuffceLmW8zbiPb4nNovfC23/LEK
3I80Vlex8MPHXWzDddz+Gqv0+GpKqPNT/Da5IrRK1nNrs96rrJTy3MzbWN8Q3CyLrx2NhASrTDct
iAmnmRtPXOY56jde8g9vpjHDL9DgLqa7Glr8qH2S4Kw69RJt2ZhGruYB81uM/dQWLavS/lLbzpgX
Bex27Kp9TiF+vxfRjqDR1X3SlabQlrcpxGo1UZEdyqqNFntly8+v9BQU/Es7NAZ04IKVDZvyL4/x
h2b8u1x16AqQNPijncHWT6PiiAzDYOJOycT1mBVbwU8wvia/ZB4xTGIYA6M7MFvkfxpdYjZMAy/A
r0hmEG5fsmCKx36YOi9xDzPa7Yg/npU1G0aDiKMx/Gk1bfi3Oe7Dv2a3ZWWG0+iK05MEz7fMUD0l
b3WS/Er4t5EUl+A5+/gDKVqF5rhsAmsNJ2BfGn2jaSLxdgZ6rXlukr5s4DENgjALbOzK/IOZ1J65
7IbxVP8ShnrIJ6K3QU1GD3AUcaNP7+Q9ycsmp+DUsB86TJyfhDFwLWghDLuACmZwcIIyP45uItmK
404mrp156fwlF3SaL32sJSzFvdqTl1zhuIa1hm788gRz/kXm+5BbijMJY45yYTqP2MvDk71LJAmn
rf2ZsXguW5Wk2AZYUiT8XY9okkDQdF7+N/8P9JSlYS2hN0zeeOOy25rjiu/ovuwh6W4c3tWw68hL
tA9I1ec+fkDqJ4JOT2zuZlnMh9Pc2wjoi2g+C95HoBBLGMkVQGjMSDpjJAzAVdMZTYmN9kvJmBE3
sL3M4R8gJ/e8HHldhD7cOUEGVZ4JneC3gHHpdYIsyThm9JrMwyyWvIg7IWBHFzIAtgAmjMEZILUA
4zN2W7DbddiELx4gt2Hwj5TgvAGNCWrPB7D4Mbc5Sohfghe4b2csIFk0hVIcGNStAB1XMBtYASE/
fZzxNeEkDaGVwCHAQn4hEXQgP98KQvHTXFQvhGYAKvxiKdcXbmxoMyK+UIoUHzkLD8178IDwDwbi
iWSWpU4IPu+LWmpArC35QT8u9R2JWe0PKGBIEN7+l7XFxdzzvPCWYMcCyfIvUpMbl5Jf0d/wGu54
ec4cEAyd/NYD7oTyHr6vEnYRAuYDDSG38ZxIveL10meL04rkP32Ech3cA5RMHQfETIQtUMf4oU3i
M4ofJ8XujVjGDIUGTbE/M+qhDqfuDVx7Q72MkW3ZKES7F8hdtAi9hT/UqYEN8BuXAzjN2z7L/DGo
CFxsL5kH9iVNrglugwROVecXvE/ATujnOVK8bBaHEIHAlHB5skN4pUJk54fOsUPwO4ex+Pwt1w3k
BqT5WSC/eCqYX3BbAyZwuTi8c8HdGKgBIHE3DgrhULdSoOMJOi5egw66Q9z0H6C+NOa3OQzjHfef
ys1kGzBk0IlMrhYOoyaRDjirquNS7hxxFuA+B+iOuA6fG4Hvg57UyT67kb+Jjw+3Cd/uZEftidJx
UCNxnEWpoAqFoWJ8kE3i4saFHso//+iI3kFvQtcBsRdLgD6CPheCosG76oqjwcU1cVHhaRD+IazH
c9FD33jhGLwH8z4RdOgHPowpwMY+m9LxPAWNkwuh6gZXrpsgb377JVrt1uWa5x4FPfi2JhjlTpZw
hBOX7ztG+Kejkc0E6s68SeHkYK0M+yyZhmAofFGIewU2NOVi1rhoA9JAFNA6j8fiE4z/5xFgIfWY
/Jhdnyd/koYRF0HG0kIkyS4hED4wOTKnEAhbzaUyGmZLCsaDwEfeK6R8yT82ICHvF1wkjBjEziAT
BZCJiPgGO3p3KEQWPRIzV3E1u7OhPkhKRCJwvbs8GJDLo+MLcnJ8enxJ9kajk+ODCzI6OCdQkr49
ON8hcBG5fAdXHZCPR+9ODsjo/N3w4OKiXg0Bmj7MdkeqY8RiN+TZGQNxggDtGeMhmWujCLYG6B7q
A4fHFn5JDVfmijDLWeGXyt0AAjR4E+J9yNmEk0HFh9kwwMtkY5yzYAKhtwzkIiPxNvjUGyZ9fkP9
/tXoC3IUAGaLmI21gdAsiivsKu4tMIB7sSgpoTYbEmvyYrFIEnlTIp/SeAw9o4YvTYhalAegxdrl
XQ3FkXcReRfEbp8GGa9EVEmgSsvAB1/s5Dmh6oS5G4r0OpkAL4HXL7tgnbwTMV84PJQSYeY5hSwu
JJHbgJTyJ4JxxMUHoJ1GQ2KF1g55sLiXJLnrCA4Ftkkc+nmyFXfLK2qqa6oWRjTSkvd8gyxwKc07
LvLqEU0W4yss4IbSkZ3Mj0SpJeo5Ik/U8ERur328SN7AZedi5gjgCNI8dHa6QMGQtCHxQQs34GRJ
kjEMDOkMrDbNS08MWthaKdVObkhRI8gKsy6kwUsf1BOOc+xZFlwnuexDGiHV9TMfciyfSssHAmhI
IkZFQopSr9hfpCp5j7nvY1B5R1Ii3mANS+IMkm6rsNh+KE5VfRprI4x6gr+4OO9Cgpe8UEXGK4ea
DSM+VmDbB1F4rQLlI2oPpBMFhuASURygEHGPQFiig9ukPgWevGW8uKx2UYH4scac7+OsHvNDKwhY
igYbyBQBpdks9ESJOaYpjGSxEuciQ9UELiSTDI9tYhgkz4rUMmZFsSnS20+qlfJTGFbjeYrMd0jN
UAzIjccbrqW5MDIF8Khd1rF8cIolpCOQ48CGF/p4MxClWHVyBLUg+NJLXtyR4ej9DtwLMoyhf926
Drg9rxVE9Cz41zj/AenkZXdZkSdcO8q1dbLnQKCaUW+yi8ux+TDBYeDDsilolOAUDTqY0hHLtKcw
U4ciB3cY1bDEpF6doBDvR8EoL7bL0SCOJVCoW0ibeGMWBVFNHldGN6ey1yXuV1bYE8vy3Iw4pZeX
TFC2C/dQUmurb4qbXtTJSN7j0XjKb6ByWCp9gbc4iekUIYBNQG1J5PGKBceaPgiPnZ3GaKeh5+KM
CR88xzCYYklKTi/fc0kTgISwx1lKcLDOTVk2JwYX9TzW+GlWw7sGXFr0coeNs+kgH7D8TAwcqMhy
bQZdlZ8ncqyaiNE1enKQhCJxSW8wkJkIToLbcBaGCR+B5+MUlo9EeQRzaEpJQm/ySInTH/k8EZ5T
hrAgGJ8JFAWLnJzAIbIYDPNpon+QT+PwDr0+Jsf7ZPvT++P9F4AZXB5kgOtvIdxHsVi5Do6B45cY
Bi/1sgIETwj5JVzZAXj6p9cnOX85tlEo/+CN4WQRT5pQfeAgl6dhji3Mp0pkClFmcCYT3iyccyfz
2l3mOiVaCmUKBDdG0zxsAnzupTv5KICPIKWg4DZQdPKKLAhtz40Ivxe85pTOwWNwJIlbGshBOWY0
mQZ4KK7l50STSRkA8xkvdbbkkk93CHfHfWRpKmzBr5W+nSVy2sXGbymLUCfvqYl7BiSCGunG9bAZ
EcZliJKtYB6iwbQYJwR4m1dNhzv5Vdps2cIZKmHkPT/MsAdPRL6RHRpVKU2M+RUjFJ+OADfE3zxB
ws3nPF0qN3PgARPD3zETzMZi92o+qckz3Cz3d+7ifK5TS7wCPjZUwIc4RGhVVMBi88xBGOS0RVI2
FotJY+AE/pF3OxA2vxn/FtI0eV/GyYFaFjn4sp4SG/n3lXlDfHJX7Zr7vLExLqhKeABCfbIYLQ2l
euBA9SXRETmZkidwfo8GHfjViEl+ItMYl2QW6iknbAoN1e+rSIamW+rycRqESRjECNtEYZR5uTPK
A8xk/BoZEJs8HPICvxbJIIa5BOMSJDtZOvOZWjFFNZBJHGfU+LBRkEUOlPbC/cqKuQ6lk6O/13CX
wgqp6G46OZpBtTkJFYtAL6uJpxfFlbMQLcNFqeM7J3U35BJDIJv7OOxJcIFVAgiTUnQcy8nzpDzP
IfAgRqfTGAbQYrJMzqyJCYQ0ptxyGj4uH/Tgd/vvBjiPKUO+yHwYFG6ZqK0pdJ1b3mLCBS8BcFpd
mduGRFtoXrimMM49pYJBxXnpTJDjg5rMVGqJyOmhqjqougP0E2XmagfiYzSjOwS37OHpOS2qMAi9
ExZDpV2zxQbXA3k2z1YiV1BtJkw+CFPSawYVJ2RyHsXyYCEZcsuL83kb9ywtsKqmTl2/jNUy/yJT
vB57AoZmtCwGTGyQT/HJm/Lp3HrZgDyjtpBr8/EML8O2sK7oFcrMieQB7FOpz3yOZCaJPGLgIEfW
zTJi4JQzDE0cXji6k4IRjD4AiHjYgBEonzgQMQ74yRCZZzbquTSRoxIoJKkfefkRljwgo7TVIDea
OAd+izNYA/KZ1yqQP3f4lNYXZCq2lC3SpPoQhMPAujF2HTlpkD9+4rMBizIWT+g8Qye8PuaDTXzt
FmSV6VYVX7TLZRA/CT6qwqwgslfZ4oDgA6uB+c/uTrt/Z+w075o75j+NfzpYD/F+vo3P220Mri97
DRGKxVGr/UIUeeIRgzpWFz0ccwvoWE6l8dKDz4WB1ew5PlbJ7DSL86CcD1Di4uEEjzjAB1KVzZ8E
JbnCavmDDfAFUc3+dMhDDW+KX68xyXilIChXCqXGS0ul5gsjPrxldxD4Ejm2s69xdJDwcQxoZOxC
XT4XNRy/DvGCKDDyEGlE9BmBkvOHYiQuYvXWzha7S1mQ5K9x82VTg60uvraJ6zPGNtREM5WCT5gC
h8YaLfSvnDCFYKhR8RGkRshiTz3GEKEeT1yPL/wrKVM/Ug9nuJpUOXahl92ohD8S/jS/OPbH4nmZ
SsNSDOR3VFpk67DP2UROLmh38rif6CSoUHyVcjE60SSYJ396uIY2/0WKU2l4zQJI7xriOeVPS025
uPmrG4mXAtp8U8CvnjtWr4bDO1/XaYjSmI1G0zBMfO94tP9OQ+qEV1ySKhFIrm4O6O5BkmgXXrjY
oT+dahArEsAhjpJ1WEC8xc2tNGIk5wrlV7QNyEgo8Ex3rjLbXvFiKktd/JAV7kfE1zi507EbUNwX
nnPBBTScZf4RDh6QnDG/QyjVjucR7uELhCa/furcM5mrWZnrpqmSYIiW8fA7zYQv5eL8jjXXuxGf
3Slv+Ouv/wV9pEAu
===END CRASH DUMP===
