PocketMine-MP Crash Dump Sat Nov 13 09:31:45 +07 2021

Error: Class pocketmine\form\CustomForm cannot extend from interface pocketmine\form\Form
File: pmsrc/src/pocketmine/form/CustomForm
Line: 0
Type: E_COMPILE_ERROR

Code:
[1] <?php
[2] 
[3] /*
[4]  *               _ _
[5]  *         /\   | | |
[6]  *        /  \  | | |_ __ _ _   _
[7]  *       / /\ \ | | __/ _` | | | |
[8]  *      / ____ \| | || (_| | |_| |
[9]  *     /_/    \_|_|\__\__,_|\__, |
[10]  *                           __/ |

Backtrace:

PocketMine-MP version: 3.25.0 [Protocol 471]
Git commit: 0000000000000000000000000000000000000000
uname -a: Windows NT tungnguyen2-4si 10.0 build 14393 (Windows Server 2016) AMD64
PHP Version: 8.0.11
Zend version: 4.0.11
OS : WINNT, win
Composer libraries: 
- adhocore/json-comment 1.1.2@fc2f76979f0a44a5f5bc2a2b600d0762fe0e78e7
- daverandom/callback-validator unknown@unknown
- pocketmine/binaryutils 0.1.13@0abee38d4e2861621f262c79a2a3d699d8a697f4
- pocketmine/callback-validator 1.0.3@64787469766bcaa7e5885242e85c23c25e8c55a2
- pocketmine/classloader 0.1.2@9757928424652393b178a3760073113aa7c9911b
- pocketmine/log 0.2.1@830b44a2cf96ef703c550abe64302f230231ca49
- pocketmine/log-pthreads 0.1.3@e477ecf6ec214fdd4415ea1da3fdd9d73bf699ea
- pocketmine/math 0.2.6@43057cb8c179a9859677b496a788db922fd5cfc3
- pocketmine/nbt 0.2.18@9f82ca4d7f97fcd9a566e44b63c4f18a7657ae82
- pocketmine/pocketmine-mp 1.0.0+no-version-set@unknown
- pocketmine/raklib 0.12.11@9cce458b8bfde3e4dfdbf70c659fc7b7fe26b5c4
- pocketmine/snooze 0.1.5@70b5e7937a06878dd321a3182ceb76d56298f2cd
- pocketmine/spl 0.4.2@6b08b7cf8c4afa17139c9a1b3bf1b408531de161

Loaded plugins:
AcidIsland 3.2.9 by GODSMineVn for API(s) 3.0.0
AddGems 1 by  for API(s) 3.0.0
AlwaysNight 0.0.1 by YTBJero for API(s) 3.0.0
AntiInternalKick 1 by Jibix for API(s) 3.0.0
AntiTNT 0.1 by Adam1609 for API(s) 3.0.0
AntiToolbox 1.0 by FaigerSYS for API(s) 3.0.0-ALPHA4, 3.0.0-ALPHA5, 3.0.0-ALPHA6, 3.0.0-ALPHA7, 3.0.0-ALPHA8, 3.0.0-ALPHA9, 3.0.0-ALPHA10, 3.0.0-ALPHA11, 3.0.0-ALPHA12, 3.0.0, 4.0.0
AuctionHouse 1.2.5 by Shock95x for API(s) 3.0.0
AutoClearLagg 3.1.0 by Twisted for API(s) 3.0.0
AutoFeed 1 by Ghast Noob for API(s) 3.0.0
AutoFix 1 by Ghast Noob for API(s) 3.0.0
AutoInv 0.0.10 by JackNoordhuis for API(s) 3.0.0
AutoSell 1 by Jero, Cur for API(s) 3.0.0
AutoXP 1.1.0 by JackMD for API(s) 3.0.0
Badge 1.0.0 by YTBJero for API(s) 3.0.0
BanItem 2.3.3 by LDX for API(s) 3.0.0
Bank 0.0.1 by YTBJero, GhastNoob, Kaido Joestar for API(s) 3.21.0
BetterVoting 2.0.2 by Twisted for API(s) 3.0.0
BlockCMD 1.0.0-beta by kenygamer for API(s) 3.0.0-ALPHA10, 3.0.0-ALPHA11, 3.0.0-ALPHA12, 3.0.0
BlockSniper 3.2.3 by BlockHorizons, Sandertv (@Sandertv), Chris-Prime (@PrimusLV) for API(s) 3.2.0
BossAnnouncement 2.0.4 by XenialDan for API(s) 3.13
Boss_Quai 2.1 by phuongaz for API(s) 3.0.0
Broadcaster 1.5 by EvolSoft for API(s) 3.0.0
BuilderTools 1.2.0-beta4 by CzechPMDevs, VixikHD for API(s) 3.16.0
BurgerSellWands 1.0.1 by Heisenburger69 for API(s) 3.0.0
BuyKey 1.0.0 by  for API(s) 3.0.0
Buy_cmd 1 by TungstenVn for API(s) 3.0.0
ChoDenUI 3.5 by BlackPMFury for API(s) 3.0.0, 3.2.0
CmdSnooper 1.0.0 by HotshotHD for API(s) 3.1.1
CoinAPI 2.0.9 by onebone | Edit By SenKai Official for API(s) 3.0.0
CrateVH 1.1 by PIG for API(s) 3.0.0
Crossbow 1 by SonsaYT for API(s) 3.0.5
CustomAlerts 2.1 by EvolSoft for API(s) 3.0.0
CustomWing 1.5 by YTEsDev for API(s) 3.0.0
DEVirion 1.2.7 by poggit, SOFe for API(s) 3.0.0
DLevelIsland 1.0.0 by Nguyễn Công Danh (NCD) for API(s) 3.0.0
DancingFarm 1 by RicardoMilos384, DontTouchMeXD for API(s) 3.17.0
DanhHieu 3.0.0 by padreon for API(s) 3.0.0
DevTools 1.14.2 by PocketMine Team for API(s) 3.13.0
EasyCommandAutofill 1.0.9 by jasonwynn10 for API(s) 3.0.0
EconomyAPI 5.7.3 by onebone for API(s) 3.0.0
Eternity 1 by minefore and shin1134 for API(s) 3.9.0
ExtendedBlocks 1.3.0 by Javier Leon9966 for API(s) 3.14.0
Fishing 0.4 by benda95280 for API(s) 3.0.0
Fix 0.0.1 by YTBJero for API(s) 3.22.0
FormAPI 1.3.0 by jojoe77777 for API(s) 3.2.0
FormImagesFix 0.0.1 by  for API(s) 3.11.4
GMCDetect 1 by TungstenVn for API(s) 3.0.0
GemUI 1 by WoolChannel3295 for API(s) 3.0.0
GuessTheNumber 3.1.0 by SalmonDE for API(s) 3.0.0
InvCrashFix 0.0.1 by  for API(s) 3.14.0
InvSee 1.0.0 by BlockHorizons for API(s) 3.0.0
KeepInventory 1.0 by KhoaGamingPro for API(s) 3.0.0
KeepYourXp 1.1.1 by ArasakaID for API(s) 3.0.0
KingofBlock 1 by YTBJero for API(s) 3.0.0
LoadWorlds 1.1 by shin for API(s) 3.0.0
LockedItem 3.0.1 by ytbjero for API(s) 3.0.0
MSpawns 2.2 by EvolSoft for API(s) 3.0.0
MaxEnchants 1.2.1 by Xenophilicy for API(s) 3.0.0
MenuAuto 1.0.0 by JeroGamingYT for API(s) 3.0.0
Minion 1.0.4 by phuongaz for API(s) 3.0.0
MuaDanhHieu 3.5 by BlackPMFury for API(s) 3.0.0, 3.2.0
MuaPointUI 2.0.0 by JKPVN (JakayPluginVN) for API(s) 3.0.0
MuaTuNhanUI 1 by FurryJaki1992 for API(s) 3.0.0
MultiServerChat 0.0.2 by tungsten for API(s) 3.0.0-ALPHA12, 3.0.0, 3.0.6, 4.0.0
MultiWorld 1.6.0-beta5 by CzechPMDevs, VixikCZ, fuyutsuki, kaliiks for API(s) 3.20.0
MyItem 0.1 by AnhKhoaaa for API(s) 3.0.0
NGVS_Khoe 1.0.0 by NguyenDongQuy for API(s) 3.0.0
NVSSP 0.2.1 by YTBJero for API(s) 3.15.4
NameSpaceRemover 1.0.0 by JackMD for API(s) 3.0.0
Napthe 0.0.1 by hachkingtohach1,tungstenvn for API(s) 3.0.0
Netherite 1.2.1 by Wertzui123 for API(s) 3.0.0
NoAdvertisings 0.0.3 by YTBJero for API(s) 3.0.0
NoFallDamage 1.0 by DeveloperNeb101 for API(s) 3.0.0
NoTP 1.0.7 by awzaw for API(s) 3.0.0
OffHand 2.1.2 by alvin0319 for API(s) 3.0.0
OnlineTOP 1.0.1 by HMMMM for API(s) 3.0.0
OreCore 1.01 by  for API(s) 3.0.0
PCEBookShop 1.0.3 by Aericio for API(s) 3.11.2
PHP-Sell 1.2.7 by Muqsit for API(s) 3.0.0-ALPHA9, 3.0.0-ALPHA10, 3.0.0-ALPHA11, 3.0.0-ALPHA12, 3.0.0
PM-Beacons 2.0.1 by jasonwynn10 for API(s) 3.0.0
PiggyCustomEnchants 2.4.3 by DaPigGuy for API(s) 3.19.0
PlayerVaults 3.3.1 by  for API(s) 3.0.0
PureChat 1.4.11 by 64FF00 for API(s) 3.0.0
PureEntitiesX 0.7.0 by milk0417, RevivalPMMP for API(s) 3.19.0
PurePerms 1.4.3 by 64FF00 & ProjectInfinity for API(s) 3.0.0
RankShopSystem 1.0.0 by zZPROGAMERZz423 | §eFor issues report by §2Visiting GitHub.com/zZPROGAMERZz423 for API(s) 3.0.0
Report 1.3 by ImNotYourDev for API(s) 3.7.0
SETVIP 2.3 by MCPEVN TEAM for API(s) 3.0.0
ScoreHud 4.0.0 by JackMD for API(s) 3.0.0
SeasonPass 2.0.0 by TungstenVn for API(s) 3.0.0
Shield 1.1.0 by JavierLeon9966 for API(s) 3.7.0
ShinPickaxeLevel 6.0.0 by shin for API(s) 3.0.0
ShopPoint 1 by S2TwKen for API(s) 3.0.0
ShopUI 1.0.0 by SaltyPixelDevz for API(s) 3.0.0
Shulkerbox 1.1.2 by UltraFlappy for API(s) 3.0.0
SizePlayer 1.0.3 by  for API(s) 3.0.0
Slapper 1.6.2 by jojoe77777 for API(s) 3.0.0, 4.0.0
SlapperRotation 1.2.0 by jojoe77777 for API(s) 3.0.1
StaffMute 1.0.0 by YTBJero for API(s) 3.0.0
StaffTable 0.4 by GigantLeyKey for API(s) 3.0.0
TableSpoon 1.0.0 by CortexPE, Xenophilicy, HyperFlareMC for API(s) 3.0.0
TimeCommander 2.2 by Zeao for API(s) 3.0.0
TokoThirstBar 1.1 by Rand for API(s) 3.0.0, 4.0.0
TopLeaderboard 1.0.0 by YTBJero for API(s) 3.0.0
TopLeaderboardCoin 1.0.0 by YTBJero for API(s) 3.0.0
TopLeaderboardGem 1.0.0 by YTBJero for API(s) 3.0.0
TopLeaderboardIs 1.0.0 by YTBJero for API(s) 3.0.0
TopVoter 3.2.0 by SalmonDE for API(s) 3.0.0
TradeNPC 1.0.0 by alvin0319 && FunkaDev for API(s) 3.0.0
Trident 1.0.0 by brokiem for API(s) 3.15.0
UIShop 3.5.4 by SaltyPixelDevz for API(s) 3.0.0
Wolfies-FloatingText 1.3.5 by  for API(s) 3.0.0
WorldProtect 2.3.8 by aliuly for API(s) 3.0.0
essentialsTP 1.2.2 by  for API(s) 3.0.0
iProtector 3.1.1 by LDX for API(s) 3.0.0
reyyogaWtrhit 1.1.6 by reyyogaMnelux for API(s) 3.0.0, 4.0.0

----------------------REPORT THE DATA BELOW THIS LINE-----------------------

===BEGIN CRASH DUMP===
eNrNfQl32ziy7l/BqM+ZTuZKskjtnpf34niJ3fGisZSle3SPH0hCEmOS4HCxrdye//6qAFAEaLcl
Ocr065lui0Wy8NWCqsJC8n9qM56ENLu5Y0nq86i236nXMj9ktX2r1+71+61+q9u0Wj27PajX8lie
GvabnW7XavWHdr9t2+1hvcaShCe1/f+pZcsYrqgd3xxeXYzOzo9vjq+vr65r9VrI0pTO8dxhQNOU
xNy9ZVnoR2w6RRDT6WGeZjw8gd/EpVHEM8IeMhZ5ZJbwkPhRxpIZddkTd+I90MTMD5B/HKaJu4f/
llfu4YV7ZQtwdQDk2n7r3/VaHORzP7rxozse3LGQRRlwiTicrtdc7jGUywLS//o/8SIGmg2/4U8b
/uz9DX504Af5GzH/uSE3cKprntqbTuG/v+P/4GTPOLlHCJ4VJ+HmG+SAfODCvn7hnuAC/8crb272
yM3/lTcJngPtUjgF/8Cl4uTv5NWNZC6vHJZX7gEXgs3fwEn47w3+W5c/6+Jiq/WUjIa8wOP3Gmgz
S8BItf1//ne9NmcRS2iA+osoek5tJCxyAapvXIyAr0NTVjpfrd20u80W0nM/8Gr7dstq12t+euOx
u9r+jAYpA3MlPOMuB7advgWN+Giu1ob/AO9cYfnsRx6/T8nlhGR5NI/m+ZJFdqOT+sRqNVtEYCBW
pz1sk1fFxWOWAFwCwHqvycHFUa8DHNEt9muDZqtpWXD4DZwWjjvFMZy+4Sm2eHZ5OQGCOLj3I+Ff
YcxTltwEvpPQxGcpaot6C5AwYXtfUx414BrllFbTatpvZ6496/eG/eGsRTsd2p11HdemttNrtbxW
v2fPWIv1B6wP7D0KaClAD/dcGgQOdW8bdzTwPZphfwVd3Eb8Pnqr/iLYss84fkSTZZ75AeIFYZpW
+22LOoy1B16H2YOe1bOtmd2z3f6Q2rTt9YZDb0AB2qxjsnqycQsU1H7b6/QH/Q7c0+s5LqV91h0M
unbHZoOua7ddu8sGbrdL7QpDDCIBpx5LFDb77bDfhZA06NidXheiUtux+gPa7oNa+m3LagNvdzi0
LMfkFPC54GA3rbeDdssBjdrubNhjs36rDS2jwL1Ou2XPbPhP23JpZ/iIQyPOFgmjXqGo9lvW6feZ
O+sx17Y6M8/rdKwuo5ZH23Aw9PptZwbaYtRkBbF4odD03kKj3b7rDFwL1DscdIcQkJ3OsEf7g4Hn
DG175nXdmds2WUROVsgzeDucDWwA7PVnYBPXG9Jur8c6HafXdjsza0D7vW6fskFFueXPRhgrQ7X+
K+IN1VMbKcuedpmE3oIjSyUAAOvt0HVZpztwBs7MY23W8WaeA4p1e93hzO07/Rmze07XrbhLGnH+
jSlddt/2W06X9YftPm31Bv2B57Vti7YtEI05/Z7X7dnDwcx2vQqTOBAcOuAaPac1cPrubOB26Ixa
fas9dIfUcsAKltNpDbpty2NWz6r9e5UPREc8cH3vLA0oduhVENOI9ZoRvJroGTTPFjyB2/9Ze391
NMZg9ymqQTiksY/ENmoTj1lEnYAB5yzJIa55LIbAkcrQmfJZdrQi1I5dHvFweTA6gwZUEIUEtUQ2
IfWx+YvlKODZdCr/YoKD3oEh92o8+Xx1fX4EpHvmpH6GMmCkPvC89yxMdckURRfLMkT6LjFKsPEi
59GcfptOTxmEqGg6xXYvqIiJ64EH93SZXvrzRaaD16i6AC2Mw6Zdfp28+4UlvLYjaRS76ZSCIBsL
EWX+GRY1EQ0++O6tLkn11B/bo/aL7/gPuxJEMJtOq+1vJ9QEcpwpy0RkPd0iFSEOPBpavdZwV3Ko
Rqu4x5OD68nH0dOoOQ8c/lBFrqiGAUSFoqE/of6cJeNfx1X4jYPz0ekBxjbtsGse9szDvnk4MA+H
5qHVqhxblWO7OMYq9XsUuhJROodSi3Gwzj0WWRan+3t7UK8tcqcJRc3eiuuezgcNkrsZKPuU5ynT
LaKTTZPYza5plDFUULfD7sMuA+9ZdHeY0HRxInuc0k2qWoLuL/EtEB/oxkS7vu/kGT8MGE3O6Xxu
SK3TzYzzyBcn936agWg76kiZZIeiQc2NIAIAgbKZmLa1vIJ5kC6DPLw43DP5KWWcMOZV9CBIz0TD
9wuaZuSSc2dnoUS1ukUMxDv8hypy/+FPAI7RfBvc4OEV3Eh5lE0rTvcLVPYAPfEWuZ/uCv9XYBoV
TKUDwghdup4EtZFEYxYEFZEE6bmUCrm8Tg7zZJemSKHR7WzxZVTB/WVUCXqPej8a4uJoZ9WA4CY1
/mW0Gfgn+rpks6ckAOHeUW+uh3V5XEmxVdF+VMkmGt/cMO9odJax0EAvKTp+u9lutk3850dfdoUd
WCFu0eyLrQJMGheHo+O9Ar8U7taU7HbTSrouI5gIYPXaB+p7nPzCWZpRsxfZ1g5s5gCwLUzGMihl
P/HMj/S0apBN48Hg+Qdk1drIn8+Xcg7yOHIXNMrS2hOp1hHA7gQwsLMJc720AVQjhxAENEkL0qMu
1oC2qCnqLYuWc7gvebqY3aLkfKGVC7Qgeol7M7HHkR+zpCq5olaH6pX+KS495Yn/jUc4AB7D8J4l
2R159bb4+RrIh4vETxujxA8ZnMG/eXr+6bXp41t7hhqzV5RQoFGakHJMp+dy1msTpfA0PYginkeu
mtYuNVM9Ve0BHVM9X1jk0+CImhMZVvulVn4Q/DwcMFehbCvhzT9y6ldEkzRTpkrkKqYgajuf0jjI
E4ogpGgbiZHAFS7ET9N7NarZdStjneM7HowB1q5E0RoGGQwUz4ykiyRzf3/fZIAIuTezWyEfTqWz
BEd4+nSTQa6O52Rwqrjh4TfmLkYXR+wOb/jkP/i3p2a9Y/VeLreL3OPQA+4QhiW4DMGBFkyo22Zb
DfeewUooJ8FRMNSHn6lApOnHPFON3xWPPmV+yiJH3NTbbi5FH+c+oyCzBdSKAXCLnJwvP7ClIaog
PF8E7sq9RVtbgb1xQ89EKyjPDCImeTSHPhN979RvCVtyxHY3h3644Ecs+nimYV+RzITYraZDqNpH
Fyd5snyEv/6SHFfKUQCYTuWvLaQJvTEMCc0crxHXDCFOeZYueFYNGNCNXhovQi+VTYMsOoz1ksBY
FvuaJoaiVPNwZUWBR8yBf8nv5NjzM/JuScYsgnKbXM1mvgspdVfephqaTl0ABgxBwhXC9eIlNGOf
TnXxFKUygDWFG5293xX8Mc+Dz2LI/VsezOgi9E++Jlt4WgKZ2+H3hgSK9EynH0O1Rn+dVITovlwI
wQ5Ur9reQgAxzDgIIIHpGcUgP1se7bqm0Fsu9nqscLysqpBMPpvDOo34bM306+Q4hXS8W/E+iyHb
pjY6Ov7kJwLeCv2KVK2G+pXilc9x3wMMU65O2M4qWMF0Or0TEKZTqIPULw3WmqWUo3N2x4JHS6YG
eU2Yvpzny2luMbcbkcNp3mrNOtGcwNBjQV5dHh69fnFhU6/h1p81Jc6l2AZyCKU8tgiim8jXG5VG
LnjBCU30SSKd+kz8uPZdmnj8wg942h5g7XvEo2zCc3dxwb5U8lb/5ZY2uIKMJTrjYEN5F6c+y01h
JcmsMB4ZOqZewvjO6iPFbjqd+FkWsIOj6y26IrurDk5WpErK6lQnh8o9TWTCaFgZIH+HkRQAMEkJ
ZYNIqQ07Smh7Kx4g7TFNl4c8DMGlcVZ25htT5E+drXbZSlXylaY8ul9GkdXa3fT/iuV0+gSkzW2r
RQBNSD0slLJ1m/3qxJAqhHZeVzGJQJRWBpr1AuHKvJ/pw6cV6ZnggptiZjxhBLRI0oUfWVa7Y4g1
fLlYBfPpNJxtYRqxwZN5Yn5L73yVE6b7tR8ve9z5LCHn0PuHw17P7IGd71kAQb4FWzCTgWpzMU98
VLdepRQUc3a9MtnhQGN02LUHO+tUqtnptGx/TT43FzKri5gbbq2x7R1M+m+1llkkeg26oqxxpa/8
K2d9/Of7pnS1QLbiKDcqA4jVj01FOQvpnKUVWxj0561idAir2XlxL8//lWKFiLupfdH2bBurvL84
PGIZc/WJ6JL2Z0ymzEPXE61vIQQLjfkUefwM+M+Qdg8XNIpY0LaH3V1J8H7TxT8BOmdpOlmwyzx0
jNmTyok1u0vGNAh5dHS8s1G64jedmjg2F0zfklNKpVO36BnfkSqKnuFHdy62LPrF5usYAHjMmCkB
EtYMlcxFq11Nj5prTxLJNsJ8YCyGu1iU8UQvUkz6s1vqPiw4fU+hqJiPdrfmbzCdTg04m3sc3vYr
z5MvcUU0Raxu0ahudQTvoLf0bGe7NFYMpUQSxRbigDr4TNhcl0ejPhPadrwp48PVu82Boz9+5klg
rJhoxGdnGrH62dl2jFWbm2/GwGGaG99FzYzHUhgYqHmVnSUasTqSroizzJyvO7SDYod9vkCg/97E
OhfjmN5HumkKijnraP/YWUfVKBhm1frL5hov6MNqz4Ymk0atzthZjxbQebzwA99d7ko4jSV63gqK
cbCRsViU47hal6wgrclA2P1lTH007f1yo6m2N48FF35kzqMqQhV858duATg8PzgSa8ey+S3w5/SJ
eTSd+icu1h0CBrVadyimRLeQasT9KDPKZY1YXeqqutaH0adL8uoXSG7LkXgk59Pl653tbUTmIEpO
t5Jnkl9Cr6oKtKI+kyrBOMkSZPGt4dDe2XheZyqkKaBsI1WQ+fKxRhilZIZk5plqJV2J3ZkapP3B
xjH9WQT82/veZxKK9tpbyipydVVMSTTjRU/tQemu3YNy+Bs+fpwv8yzNb3Hf0S0NfP/WLMnt1o52
poQI+B4Bo8k18N+zK0VjhIpaVmoRRXj+KZ5ogSU2pTtLBMvNt7gi6sv3n8Y3AEEfSJW0DZadWHQE
CeEf+c5S9IctOuLlp/FY3/Itj02N25tMt1ndl8/wHATs4V3ib5G7LgEtFFcuu2YhvzMmFx6dWldM
/JDt61UU24gWZwvDmSRhzRTogrqLW6iIMo6/rHoRqO52NuSotIAyIrDi70ayMbgwEceleCvammL2
M0uyb7lv2e1dSVRyBCEKGC/e3F5y2ytlQqH5gQeCZX4KytML+cqJqoHb/5lnEUwUW/gpP6FBcERD
ajxXYZCfnW45wjVu3Lt0yRyrZe1KsApbFLBEtI14EyMu4mE1klT2R9D7b/R+V2IIZtNpxLP4xR4p
AYEwV7PZqbk3oqBUtuNUyysa3PlRq23t7CHZFcPpFCBA1eitfmxilasI36AyudJNU9LWbVW9gH92
t6QaiJfBbOpPVwk75IneUwpKBfUPefRdtbXNhOro8Pgd57fjBdfnHHVqVd2VgHUAEdD1K1UCetiz
W2f+4HmVPywdZCPTqQbMOHhBt1E89zQue0Ijp6NG5cm+FWnN1qkLMVP/9CDl5c9Xv3QBBACfip63
qfOOLhrvGHW5MbemEauDaus/u1PDETDwsaUCznqJnnAzTbQnzpoydqrefkThpveVIt76js0NBUPw
5sdoniS+wNWLRvaeYCd9PqBLlnyiMFAzFKSTzWmidvOHRLBirSsWLd+JlkELJo71Zs8hEJoTDiuS
2YU78jVKmoV7nZOT1nYOLJiPWBI+EcNqJ1Q8qp+OxJOMX9idz/N0dNwo6NqTWTeybZBXgS1/vcDo
ApR83czeio1SznGU+ZnP0i8VDZV0s0ztV6u60A9uWx0L4981iHRHg9HFxWhnvSKRPOMwhDAfAzCm
gEmNFDC33rSmYd0z5VWKkVY0lSJpVb9pP+U25K8E7PyVudlZNPPFrqkddQzDNwQi7ecOvEPyAS1c
00jkwvEyNadpKifWjLe//Ta6vnp/cHF8/du3jt0mvxPcbkv77IQnxE/TnKUkYTFPMuIs1Tn7E4xO
8GFU8t7PThXQCqPtO6bqPuW2mGd6a6lvU9rNc+i1kElXmyRU9gaZyjoLL3mGq6vVXeP9FzwI/MAC
fMg2nfAjP3V54mkRRm9oOpXQir+bSDc+nnw606tyRag8oF6pig5Hx58uyeT4YGdluWQ5nY5Z9smP
N0KO77w7zfXB0Yqko+/8p6aOitY3d60xw2poRFM9QGnENWseP2qjE3JESxQ49N8bibXwmTFprghr
30ehb6DcqteshsVb7M+UoIq/G8oVjXz3lj4wsc/flNA8pcvae2y6XW4pqLa9hf9BOBTra4YkBe25
R5fsyf0HtkMJVJvbQTdW1hRhTRIb0yBbiogK8XJnS7kfz+TwdXPweXDLEvMNYhqx2lEqkzsfgyyh
JwGN450VIxpL7BECyTu+xW7Nsf+NyaJeF6kkPj/nsCs/wvbOsT0QYvV7I/gouoldUaqrfPZGW4B3
8Ba1VAJ48SRiiWyvkKUU9JpnNDN3QVTPPHrEfkPBX/yAbAXAFr6X0dnsIjdWJ0raf/ZVQdjklsgn
2EoVuiQ+u+P/vT+H4f45E8/C7wh+im1vjl+gHMfccCSNuEb3h1CksofRsRhGlzue6rXTJTgChKOE
XRz+kA1QJUb99/onHCZ+yNSzRUa0MOnP7lr7jVG+05c7GW1//yueTFFQZn7LJws/SbN31JDZoD+7
g/Ja1Wa7jI+JmAlFEBt5Ko/PGU6hO5wmniGFceJPerGYBmGL3mdAxyfu/1AucfLPlw1hvFS+98bc
xeNzf750Wz1kYQpwlv6hbGfpnyVaFcdWwn3i5vuJVqTqq7V+yFMj6jlbbLH21BMkBZry10ZiJaCN
y9GhLlZBWmOj1fop+etfyUke3dIdvk+gALGFgRLfM9/xVVDWyOEk/NZnYXUL0YuhK35gB9n+dDq6
KKGslUOOvDQxFKGyA7ZaOn3HMHDDlx9tOyT8zIOZz9LGCVyJE6YT9qBb58nT1acTuz9iTIUtH7HI
arenU731bURLAm+U8MqzfAa5+j7MQbX3+Hmw3N1eBuQ2nYpdkbFEsMnbv5+omi5yP5nh/JH+GQT1
SYC9LGH4kQZ8GdqeIS0ohaUproDQIDW2qxjk6gjM/hH21VucTivtr7Wtr0TieqjXiNVHBK0f+57T
suXvr4M1KUDQhC2XfE4/Z8nC173YpFcnbnqmuOrii4gF+cPO62HJHGBYm/ZN/HwFTUAQ8NDK2yka
F6NmvJDvY03Fru4m9JQY95vhV2dqP41WR+SQRzN/TvCLStNkGv30mXnkkt8Rq0Vaw33b2u+2yX+1
+sRu2RZeIPk1cInijTW02h2N6MdvcA8d/A+JIc+8NwYo9U0dPHkPorJG4KfABY+pei1kQy41N6i7
8Jn8RFP6BgZ62Ag+19NQXR7M9MbqiWbog7opfWOLhnG9JeQeeyOOZjwBtisahyEyUEE7Hk75F8fx
Xaya8Xx8v1YOOeaNLbiJTxuBJ+G3UDCApm+QHOBsbQMd6c34dnnOHWdpl/SUMU+7DL+V9ebo+OTg
4/kEqdJFGv/KWbJUzSpSAgmqwIS/mzFNU4h13pu/iX9AU3nGGym9Y+rGO5/dNzxQJAX1vRkg6cHh
Dw10XXVJQKN5TufsDYvmpSZp5IcQK4rWJDHkzopifGSluQzxIys/EfRO4gqvyRMx2SOch4CeiWFt
cCYyWbCUkUJxhCaMZAtGeASely1oVnz/y2HEj9wg98D7gP0jp0VeYx7CnTNkUOWZ0hmrE477P1Nk
SZyE0Vuy5HmieBF/RsD+PsR7bAFMn4AXQSIBxpfsfsVuz2MzsbGB3PPo54zgrBZNCCo9BGHx60ZL
RJgt/FTKfb9gEcnjOZRxwKA5jbA7SGb704iQnz4vxMZUknFoJfIIsCBplgjwGQyE04BmAEqcFlAD
Ds2AqPCLZUJf+H4mlxHcsBcIDYbIWXp2Ydx9Ir6ahSfSRZ55HK0pP8W2T6Y19TkrgfqBJKzxFYZz
JOL3f/nLX6Y1AfQgCPg9wT6Ji74qEZI7n5J/oKPiNcJjixy5TzDCiVuPhfeqe8RrR7BzETAg6Ai5
OUuiNIvXK2dfndaw//TZB/3wCNRMPQ+AptIaqGXQ/y0JGU3zREQGlMZhCBp0xf6V0wC1OPfv4No7
GuSMvFKNQvh6jdxli9DNxBprA6wwn7NkH06LtuUz6ehkB+kycic0vQU/SG7BrZrigo8pWAo9vZAU
L1skUFTmYEy4PK0TUZkQFTage9QJfvoLBMHcInQDYRxpYR6BQ+ElkvlYWBtkAqdL+AP0zoyBGkAk
4cjRChzqVgE6m6Hr4jXoonXiZz+D+rJE3CZfeCA8qHIzeQUy5NCNbKEWIUZDSbovWFVdlwrnSPIo
QnN6cr+vMIJ4fWraJFCNq98kxE/zEPF4fF3vi8pxUCNJkseZpEqFoWJCwKbkEsaFPiq+iObJ/kHv
uO8B7KcRoI+gz3FQNHhXU3M0uLghL1p5GiQOSAjJUvbR9wF3wHswPRNJh34Q+hl29ZDNqbPMQONk
LFXdEsr1U+Qtbp+g1e59oXnhUdCH7xuSUeFkqZBw5ovX8hCGT6MjmxnUmUWT0snBWjn2WjLnYCh8
jkF4BTY0FzAbAto+aaEU0LqIyPKrZP/fS4D1znP4MS9/H/4047GAoKLpCpJilxIIH5hVmbcChK1W
UYkI8Fl0CQUu/XkH8ESnEHgwXBA3h0QUQSIi7IG5uYi8XOKV3RET1+pq9uBCYZGW4siodTU53ieT
07MxOT+7OJuQg9Ho/Ox4TEbH1wRKxw/H13UCF5HJFVx1TD6fXp0fk9H11eHxeNys9v8nlTFiic9F
asYYnKJ47oKJaCx0sYqzFqgdigNPhBVxSQPfByojrGAFBSdICbEZHAml/SM/k/4FdSKmwggvU40J
zpIJRN0yhstkJNq4wvSBGV/c0Hx8NbqBqtPBaDFzsTCQekW40qry3pUM4FksTktR2y0la/r6aUhK
8raSfE4TBzpFw+VBICtYEXue1q7oZQhH3UXUXRC2QxrlogzRkUCJloMHvq4X6aDqgoUTysw6mwEv
KW9Y9r4muZLhXro71BE8D7wVFh/yx31ESvypZBwL+CBor9VSskJrJyJOPMqPwnUkh5Vs4rOvKvvI
u9UVDd0xdQujNMqSj3yDPOFShneMi9IRTZZAS+iGypG9PIxlnSWLOaJONPBEYa8jvEjdILALmIUE
cAQZHro6fULBkK8h50ELd6zYd3cP41ew2ryoOzFeYWslqnphSFkeqPKyKdHgpX+oJxwcuYs8uk0L
7Ic0Rqof5iGkV1wmIsXgAQ1J5FBKoij1iv1FqVL0mMc+BmV3rBCJBhtYD+eQbzsrix1xearq01gW
YcyT/OXFRReSvNSFumSiaGi4ME5kK9mOAIooU6ByRO0BOllbSC4xxdEJkfdICUvp4DalTylP0TJe
XBa6qED8eFXB93lWz/nhNIpYhgbbVwkCqrIFD2R16dDMXYgiXECGgglcSKUYEdvkGEidlYnFYas6
U2a2n3QrFacwrCbLDJnXScPSDCiMJxpuZAUYCNvdnoraZQkrxrRYPXpSchzViBofbwaigtUkp1AG
gi+9EXUdORx9rMO9gMGB/nXve+D2okyQ0XPFvyH475NeUXGXxXgqtKNd2yQHHgSqBQ1me/iybDFC
8Bj4sGoKGiU4kYIOpnXEMulpzPRRyPEDRjWsLmnQJAji4ygaFXV2ORQUW2YB1D0u/sGNeRzFDXVc
GdhcqF6X+t/Yyp5YkRdmxNm7olqCil26h5ZaO0Nb3vS6SUbqnoDie/lxLK3GpMoXRIuzhM5RBLAJ
qC2NA1Gv4EATBv4BdnaaoJ0OAx/nWcTIOYFxFEszcjH5KJCmIBKK7eQZwZG6MGXZnBxXNItYE2Z5
A+/aF2jRyz3m5PP9Yqzyv4mFYxRVqS2gq4rzRA1UUzm0Rk+OUi4Tl/IGC5nJ4CS5HS44T8Xwuxii
sGIQKiKYRzNKUnpXREqcMilml/CcNnoFYGKuThYsamYCx8dyHCzmln4mXxz+gF6fkLMj8urLx7Oj
1yAzuDxggOvvIdzHiXygABwDhy4JjFuaZf0HnsDFJULZEXj6l3fnBX81rNEoP4vGcIZJJE2oPnB8
K9KwkI0X8yQqhWizPrOZaBbO+bNl4yH3Pc0RKdQpEN0YzYq4CfLLL24XIwAxelRIwW+g5hQlWcTd
wI+JuBfc5oIuwWVwFIlPW6sBOaY0lQdELG4U52STaRkBi5kyfa5kIiY7pL/LD9ZLY4hrlXPnqZp0
caEnZzLWqXsa8p59EkORdOcH2IyM4ypGqVYwEdFovhojRHhbUM2H9eIqY4rtyfkpaeWDkOfYhWcy
4agejapUNsYEiyFKTEWAH+JvkSHh5muRL7WbheARk0Nfh0lmjnyxq5isEyluUTi88HExh2dkXik+
NrQSHwIRoVWoIIsrUgdhkNSeQtl6GiZNgBP4R9HvAGxxM/5doWmLzowTA408BgdmqeaT4oOToiEx
J6z3zSPRmCNexCoiEOqTJWhpIj94TpR0RE2kFBlc3GOIDvwaxCY/kXmCW6NX6ikna1Yaaj5WkYpN
91Q+FQFxEkYx0jYxj/OgcEZ1gKlMXKMiYlvEQ1HhN2IVxTCZYGCCbKdqZzG9K6en9lUWx9k0MWqU
ZJkElb3wHa+reQ6v1Bv6O+Q2j1VIq+5mkuMFlJszrlkEellDrrCsrlxwtIyA0sRngZo+F4ghki1D
HPekuPkvBQnTEjoO5tR5Up4XIogoRufzBMbPcqJMzarJyYMsocJyhnwCH/Tgq6OrfZzFVDFfpj4M
CvdMFtcUus69aDEVwEsBBK2pzWxDpl1pXrqmNM4jpYJB5XnlTJDko4ZKVXqNKOhcVx2U3RH6iTZr
VYf4GC9oneCLZ0R+zlZlGITeGUug1G648nWi++pska5ksqDGLJhavdLyaw4lJ6RyEcWKYKEYCsvL
80UbjywtZdVNnflhGatVAkameD32BAzNaFkMmNigmN5TNxVTuc2yAXVGb6HQ5vMpXoVtaV3ZK7SJ
E8UD2GdKn8UUyUIRRcTAUY4qnFXEwOlmGJt4onL0ZytGMPwAQeRSA0agYuZAxjjgp0Jkkdlo4NNU
DUugkqRhHBRHWPMARmWr/cJo8hz4Lc5e7ZN/imIF8mddTGf9NzIVI44yTepLIEIMLBxx74WcNSgW
rcR0wFMZSyR0kaFTUSCL0Sa+GQiwqnSrw5ftCgzyJ8ElLswKMnuVLe6Tk/ODyb799369O3yw6u2H
dt3+u/V3Dwsi0c9f4dq6i8H1zaAlQ7E86nRfyypPLi/og3XZwzG3gI7VTJooPcRUGFjNXeKiSu5m
eVIE5WKEkqwWJkTEAT6QqlyxDpQWCmsUixrgC7Kc/elEhBrRlLjeYJKLSkFSbjRKQ9SWWtHHYzG+
ZQ8Q+FI1uHNvcXiQioEMaMTxoTBfyiJOXIfyAhQYesg0IvuMlFLwh2IkWcXqWr3G8HXlqa8eFZev
PKgNcD83rtk7LtREC52C60uRhxtCNRoPbzyeQTA0qLh0aRDyJNCPMUToxzM/EHvHSso8jPXDBaQP
/diHXnanE76mYgl+dRw6crVMp2Ep5om9oCUtdk2xr9lMzS4Yd4q4n5okqFBCnTIenRsIlum/AnyT
R/GLrE5l/JZFkN4NiZdUrJXa6nU63/xYbikYiq1M3wLf0a+Gw4fQ1ClHNHar1bYsG99UMDq6MiT1
+I1AUiUCyTfNAd09SlPjwrGPHfrLhSFiBQEcJmL3YIV4j+/XMYixmixUGwItyEgIeGE6V5ltb0Qx
lWc+foID3ywmNk/4c8ePKL5DWHBBNYkY5DniIvnydjdZxvjqSkGwpa8xLFsMb/MeWc43jC1U1DbU
nWpviIdxWy5C8jyX/lVA/A3rsKuRmPIp7/73v/8fUJxAKQ==
===END CRASH DUMP===
