PocketMine-MP Crash Dump Sat Nov 20 18:11:20 +07 2021

Error: pocketmine\Server::unloadLevel(): Argument #1 ($level) must be of type pocketmine\level\Level, null given, called in C:\Users\tungnguyen\Desktop\Servers\AcidIsland\plugins\226-NichiSkyBlock\src\BaliGamerz\SkyBlock\island\IslandManager.php on line 260
File: pmsrc/src/pocketmine/Server
Line: 914
Type: TypeError

A PLUGIN WAS INVOLVED IN THIS CRASH
BAD PLUGIN: NichiSkyBlock v17 Official Release

Code:
[905] 			}
[906] 		}
[907] 
[908] 		return null;
[909] 	}
[910] 
[911] 	/**
[912] 	 * @throws \InvalidStateException
[913] 	 */
[914] 	public function unloadLevel(Level $level, bool $forceUnload = false) : bool{
[915] 		if($level === $this->getDefaultLevel() and !$forceUnload){
[916] 			throw new \InvalidStateException("The default world cannot be unloaded while running, please switch worlds.");
[917] 		}
[918] 
[919] 		return $level->unload($forceUnload);
[920] 	}
[921] 
[922] 	/**
[923] 	 * @internal
[924] 	 */

Backtrace:
#0 plugins/226-NichiSkyBlock/src/BaliGamerz/SkyBlock/island/IslandManager(260): pocketmine\Server->unloadLevel(NULL )
#1 plugins/226-NichiSkyBlock/src/BaliGamerz/SkyBlock/EventListener(138): BaliGamerz\SkyBlock\island\IslandManager->unloadByPlayer(object JackMD\NameSpaceRemover\CustomPlayer)
#2 pmsrc/src/pocketmine/plugin/MethodEventExecutor(42): BaliGamerz\SkyBlock\EventListener->onLeave(object pocketmine\event\player\PlayerQuitEvent)
#3 pmsrc/src/pocketmine/plugin/RegisteredListener(80): pocketmine\plugin\MethodEventExecutor->execute(object BaliGamerz\SkyBlock\EventListener, object pocketmine\event\player\PlayerQuitEvent)
#4 pmsrc/src/pocketmine/event/Event(88): pocketmine\plugin\RegisteredListener->callEvent(object pocketmine\event\player\PlayerQuitEvent)
#5 pmsrc/src/pocketmine/Player(3713): pocketmine\event\Event->call()
#6 plugins/AntiInternalKick_dev-4/src/Jibix/AntiInternalKick/utils/ModifiedRakLib(101): pocketmine\Player->close(object pocketmine\lang\TranslationContainer, string[17] client disconnect)
#7 pmsrc/vendor/pocketmine/raklib/src/server/ServerHandler(127): Jibix\AntiInternalKick\utils\ModifiedRakLib->closeSession(string[19] 123.17.155.13 58110, string[17] client disconnect)
#8 plugins/AntiInternalKick_dev-4/src/Jibix/AntiInternalKick/utils/ModifiedRakLib(88): raklib\server\ServerHandler->handlePacket()
#9 plugins/AntiInternalKick_dev-4/src/Jibix/AntiInternalKick/utils/ModifiedRakLib(78): Jibix\AntiInternalKick\utils\ModifiedRakLib->process()
#10 pmsrc/vendor/pocketmine/snooze/src/SleeperHandler(113): Jibix\AntiInternalKick\utils\ModifiedRakLib->Jibix\AntiInternalKick\utils\{closure}()
#11 pmsrc/vendor/pocketmine/snooze/src/SleeperHandler(75): pocketmine\snooze\SleeperHandler->processNotifications()
#12 pmsrc/src/pocketmine/Server(2155): pocketmine\snooze\SleeperHandler->sleepUntil(double 1637406680.2162)
#13 pmsrc/src/pocketmine/Server(1992): pocketmine\Server->tickProcessor()
#14 pmsrc/src/pocketmine/Server(1586): pocketmine\Server->start()
#15 pmsrc/src/pocketmine/PocketMine(314): pocketmine\Server->__construct(object BaseClassLoader, object pocketmine\utils\MainLogger, string[47] C:\Users\tungnguyen\Desktop\Servers\AcidIsland\, string[55] C:\Users\tungnguyen\Desktop\Servers\AcidIsland\plugins\)
#16 pmsrc/src/pocketmine/PocketMine(344): pocketmine\server()
#17 pmsrc(11): require(string[102] phar://C:/Users/tungnguyen/Desktop/Servers/AcidIsland/PocketMine-MP.phar/src/poc)

PocketMine-MP version: 3.25.0 [Protocol 471]
Git commit: f48b703533e0ced4e8ff9e118c5fe3889ccaf23e
uname -a: Windows NT tungnguyen2-8si 10.0 build 14393 (Windows Server 2016) AMD64
PHP Version: 8.0.11
Zend version: 4.0.11
OS : WINNT, win
Composer libraries: 
- adhocore/json-comment 1.1.2@fc2f76979f0a44a5f5bc2a2b600d0762fe0e78e7
- daverandom/callback-validator unknown@unknown
- pocketmine/binaryutils 0.1.13@0abee38d4e2861621f262c79a2a3d699d8a697f4
- pocketmine/callback-validator 1.0.3@64787469766bcaa7e5885242e85c23c25e8c55a2
- pocketmine/classloader 0.1.2@9757928424652393b178a3760073113aa7c9911b
- pocketmine/log 0.2.1@830b44a2cf96ef703c550abe64302f230231ca49
- pocketmine/log-pthreads 0.1.3@e477ecf6ec214fdd4415ea1da3fdd9d73bf699ea
- pocketmine/math 0.2.6@43057cb8c179a9859677b496a788db922fd5cfc3
- pocketmine/nbt 0.2.18@9f82ca4d7f97fcd9a566e44b63c4f18a7657ae82
- pocketmine/pocketmine-mp 3.25.0@f48b703533e0ced4e8ff9e118c5fe3889ccaf23e
- pocketmine/raklib 0.12.11@9cce458b8bfde3e4dfdbf70c659fc7b7fe26b5c4
- pocketmine/snooze 0.1.5@70b5e7937a06878dd321a3182ceb76d56298f2cd
- pocketmine/spl 0.4.2@6b08b7cf8c4afa17139c9a1b3bf1b408531de161

Loaded plugins:
AddGems 1 by  for API(s) 3.0.0
AlwaysNight 0.0.1 by YTBJero for API(s) 3.0.0
AntiInternalKick 1 by Jibix for API(s) 3.0.0
AntiTNT 0.1 by Adam1609 for API(s) 3.0.0
AntiToolbox 1.0 by FaigerSYS for API(s) 3.0.0-ALPHA4, 3.0.0-ALPHA5, 3.0.0-ALPHA6, 3.0.0-ALPHA7, 3.0.0-ALPHA8, 3.0.0-ALPHA9, 3.0.0-ALPHA10, 3.0.0-ALPHA11, 3.0.0-ALPHA12, 3.0.0, 4.0.0
AuctionHouse 1.2.5 by Shock95x for API(s) 3.0.0
AutoClearLagg 3.1.0 by Twisted for API(s) 3.0.0
AutoFeed 1 by Ghast Noob for API(s) 3.0.0
AutoFix 1 by Ghast Noob for API(s) 3.0.0
AutoInv 0.0.10 by JackNoordhuis for API(s) 3.0.0
AutoSell 1 by Jero, Cur for API(s) 3.0.0
AutoXP 1.1.0 by JackMD for API(s) 3.0.0
Badge 1.0.0 by YTBJero for API(s) 3.0.0
BanItem 2.3.3 by LDX for API(s) 3.0.0
Bank 0.0.1 by YTBJero, GhastNoob, Kaido Joestar for API(s) 3.21.0
BetterVoting 2.0.2 by Twisted for API(s) 3.0.0
BlockCMD 1.0.0-beta by kenygamer for API(s) 3.0.0-ALPHA10, 3.0.0-ALPHA11, 3.0.0-ALPHA12, 3.0.0
BlockSniper 3.2.3 by BlockHorizons, Sandertv (@Sandertv), Chris-Prime (@PrimusLV) for API(s) 3.2.0
BossAnnouncement 2.0.4 by XenialDan for API(s) 3.13
Boss_Quai 2.1 by phuongaz for API(s) 3.0.0
Broadcaster 1.5 by EvolSoft for API(s) 3.0.0
BuilderTools 1.2.0-beta4 by CzechPMDevs, VixikHD for API(s) 3.16.0
BurgerSellWands 1.0.1 by Heisenburger69 for API(s) 3.0.0
BurgerSpawners 0.1.4 by Heisenburger69 for API(s) 3.0.0
BuyKey 1.0.0 by  for API(s) 3.0.0
Buy_cmd 1 by TungstenVn for API(s) 3.0.0
ChoDenUI 3.5 by BlackPMFury for API(s) 3.0.0, 3.2.0
CmdSnooper 1.0.0 by HotshotHD for API(s) 3.1.1
CoinAPI 2.0.9 by onebone | Edit By SenKai Official for API(s) 3.0.0
Command 1.1.2 by PIG for API(s) 3.0.0
CrateVH 1.1 by PIG for API(s) 3.0.0
Crossbow 1 by SonsaYT for API(s) 3.0.5
CustomAlerts 2.1 by EvolSoft for API(s) 3.0.0
CustomPrivateTalkCMD 1.0.0 by YTBJero for API(s) 3.0.0
CustomWing 1.5 by YTEsDev for API(s) 3.0.0
DEVirion 1.2.7 by poggit, SOFe for API(s) 3.0.0
DLevelIsland 1.0.0 by Nguyễn Công Danh (NCD) for API(s) 3.0.0
DancingFarm 1 by RicardoMilos384, DontTouchMeXD for API(s) 3.17.0
DanhHieu 3.0.0 by padreon for API(s) 3.0.0
DevTools 1.14.2 by PocketMine Team for API(s) 3.13.0
EasyCommandAutofill 1.0.9 by jasonwynn10 for API(s) 3.0.0
EconomyAPI 5.7.3 by onebone for API(s) 3.0.0
Enchanted_Item 1.0.0 by Panda for API(s) 3.0.0, 4.0.0
Eternity 1 by minefore and shin1134 for API(s) 3.9.0
ExtendedBlocks 1.3.0 by Javier Leon9966 for API(s) 3.14.0
Fishing 0.4 by benda95280 for API(s) 3.0.0
Fix 0.0.1 by YTBJero for API(s) 3.22.0
FormAPI 1.3.0 by jojoe77777 for API(s) 3.2.0
FormImagesFix 0.0.1 by  for API(s) 3.11.4
GCPClan 1.2 by InstantlyTa for API(s) 3.0.0, 4.0.0
GMCDetect 1 by TungstenVn for API(s) 3.0.0
GemUI 1 by WoolChannel3295 for API(s) 3.0.0
GuessTheNumber 3.1.0 by SalmonDE for API(s) 3.0.0
Hyperion 2.6 by hachkingtohach1 for API(s) 3.19.3
InvCrashFix 0.0.1 by  for API(s) 3.14.0
InvSee 1.0.0 by BlockHorizons for API(s) 3.0.0
KeepInventory 1.0 by KhoaGamingPro for API(s) 3.0.0
KeepYourXp 1.1.1 by ArasakaID for API(s) 3.0.0
KingofBlock 1 by YTBJero for API(s) 3.0.0
KitUI 1.3.5 by Infernus101 for API(s) 3.4.0
LoadWorlds 1.1 by shin for API(s) 3.0.0
LockWorld 0.0.1 by YTBJero for API(s) 3.0.0
LockedItem 3.0.1 by ytbjero for API(s) 3.0.0
MSpawns 2.2 by EvolSoft for API(s) 3.0.0
MaxEnchants 1.2.1 by Xenophilicy for API(s) 3.0.0
MenuAuto 1.0.0 by JeroGamingYT for API(s) 3.0.0
Minion 1.0.4 by phuongaz for API(s) 3.0.0
MonsterGate 1.2 by K27 for API(s) 3.0.0
MuaDanhHieu 3.5 by BlackPMFury for API(s) 3.0.0, 3.2.0
MuaPointUI 2.0.0 by JKPVN (JakayPluginVN) for API(s) 3.0.0
MultiServerChat 0.0.2 by tungsten for API(s) 3.0.0-ALPHA12, 3.0.0, 3.0.6, 4.0.0
MultiWorld 1.6.0-beta5 by CzechPMDevs, VixikCZ, fuyutsuki, kaliiks for API(s) 3.20.0
MyItem 0.1 by AnhKhoaaa for API(s) 3.0.0
NGVS_Khoe 1.0.0 by NguyenDongQuy for API(s) 3.0.0
NVSSP 0.2.1 by YTBJero for API(s) 3.15.4
NameSpaceRemover 1.0.0 by JackMD for API(s) 3.0.0
Napthe 0.0.1 by hachkingtohach1,tungstenvn for API(s) 3.0.0
Netherite 1.2.1 by Wertzui123 for API(s) 3.0.0
NichiSkyBlock 17 Official Release by BaliGamerz\MadeAja for API(s) 3.0.0
NoAdvertisings 0.0.3 by YTBJero for API(s) 3.0.0
NoFallDamage 1.0 by DeveloperNeb101 for API(s) 3.0.0
NoPvPArea 0.0.1 by author_name for API(s) 3.0.0
NoTP 1.0.7 by awzaw for API(s) 3.0.0
OffHand 2.1.2 by alvin0319 for API(s) 3.0.0
OnlineTOP 1.0.1 by HMMMM for API(s) 3.0.0
OreCore 1.01 by  for API(s) 3.0.0
OreGenerator 0.1 by phuongaz for API(s) 3.0.0
PCEBookShop 1.0.3 by Aericio for API(s) 3.11.2
PHP-Sell 1.2.7 by Muqsit for API(s) 3.0.0-ALPHA9, 3.0.0-ALPHA10, 3.0.0-ALPHA11, 3.0.0-ALPHA12, 3.0.0
PM-Beacons 2.0.1 by jasonwynn10 for API(s) 3.0.0
PiggyCrates 2.0.9 by DaPigGuy for API(s) 3.2.0
PiggyCustomEnchants 2.4.3 by DaPigGuy for API(s) 3.19.0
PlayerVaults 3.3.1 by  for API(s) 3.0.0
PureChat 1.4.11 by 64FF00 for API(s) 3.0.0
PureEntitiesX 0.7.0 by milk0417, RevivalPMMP for API(s) 3.19.0
PurePerms 1.4.3 by 64FF00 & ProjectInfinity for API(s) 3.0.0
QuyenVipUI 1.2 by NightBlackDM for API(s) 3.1.1
RankShopSystem 1.0.0 by zZPROGAMERZz423 | §eFor issues report by §2Visiting GitHub.com/zZPROGAMERZz423 for API(s) 3.0.0
Report 1.3 by ImNotYourDev for API(s) 3.7.0
SETVIP 2.3 by MCPEVN TEAM for API(s) 3.0.0
SeasonPass 2.0.0 by TungstenVn for API(s) 3.0.0
Shield 1.1.0 by JavierLeon9966 for API(s) 3.7.0
ShinPickaxeLevel 6.0.0 by shin for API(s) 3.0.0
ShopGem 1.0.0 by YTBJero for API(s) 3.0.0
ShopPoint 1 by S2TwKen for API(s) 3.0.0
Shulkerbox 1.1.2 by UltraFlappy for API(s) 3.0.0
SizePlayer 1.0.3 by  for API(s) 3.0.0
SkillAnimate 1.0.1 by Tungsten for API(s) 3.0.0
Slapper 1.6.2 by jojoe77777 for API(s) 3.0.0, 4.0.0
SlapperRotation 1.2.0 by jojoe77777 for API(s) 3.0.1
SpawnerGUI 1 by DandierSmile122 for API(s) 3.0.0
StaffMute 1.0.0 by YTBJero for API(s) 3.0.0
StaffTable 0.4 by GigantLeyKey for API(s) 3.0.0
TableSpoon 1.0.0 by CortexPE, Xenophilicy, HyperFlareMC for API(s) 3.0.0
TimeCommander 2.2 by Zeao for API(s) 3.0.0
TokoThirstBar 1.1 by Rand for API(s) 3.0.0, 4.0.0
TopLeaderboard 1.0.0 by YTBJero for API(s) 3.0.0
TopLeaderboardCoin 1.0.0 by YTBJero for API(s) 3.0.0
TopLeaderboardGem 1.0.0 by YTBJero for API(s) 3.0.0
TopLeaderboardIs 1.0.0 by YTBJero for API(s) 3.0.0
TopVoter 3.2.0 by SalmonDE for API(s) 3.0.0
TradeNPC 1.0.0 by alvin0319 && FunkaDev for API(s) 3.0.0
Trident 1.0.0 by brokiem for API(s) 3.15.0
VanillaEnchantments 4.0.0 by TheAz928 for API(s) 3.0.0, 3.1.0
Wolfies-FloatingText 1.3.5 by  for API(s) 3.0.0
WorldProtect 2.3.8 by aliuly for API(s) 3.0.0
essentialsTP 1.2.2 by  for API(s) 3.0.0
fly 1 by IDontKnow for API(s) 3.0.0
iProtector 3.1.1 by LDX for API(s) 3.0.0
reyyogaWtrhit 1.1.6 by reyyogaMnelux for API(s) 3.0.0, 4.0.0

----------------------REPORT THE DATA BELOW THIS LINE-----------------------

===BEGIN CRASH DUMP===
eNrtfYt327jR77+Car/TOr2WLFJv92RPHD8SN7ajRsqjW+3JgUhIYkwRKh+ylX77v9+ZASgBtGJJ
jtK9557NntbikBz8ZjCYBwiC/ymNZDzl6ee5iJNARqXj+mEpDaaidOw0a616tdlsVytuvea4jcNS
NlOnmq1Kx204rXa1Ue106u3WYSnkSXoexzIuHf+nlC5mcFWpD38U7bA0FUnCx0idSe9WpNMgEoNB
T8TQ8PFxFoWS+1diLsKDZ8fsJB5nUxGl7CeHHfxPiORnbJolKRsKJkcM+TOTD10yGBCDQxZlYcjG
wVxEh8zjYSh8FkTs9HgweJ+AmINBmkXjaJwtRDQYnInkNpWzHAucPfEC/zIJeeQPBrMwGwcREF23
Wb4JvEnQu128DKHpwSCJvcHgJQ+DV3wq4q/AYXkq0LcrNtc8AtHjymwyYzJiIUBmbrMKWhkB0osg
JLVMeHx8dHR6fEQgj1YYjzTEI43waAXwqEtKuAaO5etuBXkcAayjlW70Tdg2tqfbmuJFay+EixBf
6bjjoCXE3IPf/yr9VGVaFUcPNEGMVno4WtKVFo4sJRyA4NDDD42g/LNpBDfvr67YMwADFrB7w+fQ
9elVkKQighadWhta3KGjcigvF92QL4CDHH4RXsr+zr3b67PB4AbY9GagmXdiKgH6YHAKtimn6mpC
7bK1OlaiHF2LdCJ9Qnl+L7wslfFB3f0mSEuc8s8yuhJ8LnJUpioFXolWi0AGAwXoH1mQEgtCVnsU
2TsxxnZi4S/V1y72l7p0MFgjRflnQb+W4LYQ6JA9TZD6ekHoTmUBB+32N6A/FLP8M3oKddvT8DTW
49EmVGs5tQIYzZM4qOYPiFFzafEnURpcRoAz4uGbwLv97It5uU4t/D0YBvcPLjjK0iBMjq6lH4wC
4b/jt1fB8MCpOoWmFShoNJTJWkOC0TAeDPoxj2BgpBAYTmWU8oC6K0njIBr/y2n9yrwwQDftB4kn
owiYkAAtrQkQzJexqYyY34bBkARIaNRrr/MaBl+IQ9VtAVKSDfxwQbjBgKQDw7PE01L0IMAAzoMc
XedX5ri1itOqOI1GxamxRttxqlugb+9b/WSFSnIIGiRv7vS03OWfJ/Sjy1FTygo6+4bRaj9BtbNY
eqBYBcmpfrNjk0jKr4Iw9UIhZkaXkt3v2u6m6/+DfZ7F4jeNzHkCslajMCrUpdA31nVLJdzIFDB6
NBxyjXzDz6vePXDB9LZsI8Hj9yBueODLbBgKZuZfTtNV7dUebc/pdNxvBNcUtNdVckCwUczqjzNr
tJvfYJakPNZm6nzL7S0Tk4OaU/8Gn8+fYeDBgMy8dBUwEnEKyWRyBQH4G8EhtxnwR1dyPDZ8Uh1G
9ZPyvCWHRuPX78wUlVqam9VSL6pF+QatV+1EYfyg9xD/zoJYLJ1b1f2V7TthfFb69bfDkvgjh981
h98ppwYVKzyfg2guw7lAHcHtQeRDB3tpKT8PNAsrnPCkL7BrOtUGnB2k+N9vQO9Um/pYHbXgiH60
NTkWaRZHpNO/0YkOnaCrnaq+2nGIePTXv9KRS0fsr+xFOonlXcJAE9EcNOX3Up6K83tPzNAT0sU1
ffERHdXpaAZeLPDYKIs8vI6Z9kH/z5RVHLKhlHAAhagn3tNF7Dkb8TARz9gxnfwPsc2FDkbantjz
58/Z/6STICn/PBbpmRjxLEy1BTLoNPYnk+szxaa51B0JxiJx9y3ZDgal/kQwXzFmdzIOfbDGKJJk
xUoisMy7CdgAi7MogtF5CIFbgBdjyV2QehN1V1IZlJ6R7p2W2VdOO9d+x+4rJWFeiRxYchAft7rq
Q9fRXFzX7EO3tuzDQAdRIteXvfXbHyXeHyXeHyXeHyXeHyXeHyXeHyXeHyXeHyXe/+cl3mFpjLEQ
MkEoJCKOT3NK1g2AbAgdtHogVKpV3EYFK51hFoR+6ditOrXDUpCgkyodU6IORUssU+lJYFtvOdBI
gEXNqN4etqq1Rq0mqp7w66I9GnWE47S9xkjU2u2O5/GRWxPAO9NYPkIhhNXGTZ+tpHXL7SRgTrVS
ZYSBOfVap8YO8ouVEhgAaz5jJ9dnzTqWUZMZ8GtXqhWobA5LX8FtwHE9P4bTn2WCLV7e3PSBQAd3
QUSF1nQG8Sb+DP485nEgEtQW9ycgYSyOviQyKsM1unRzKk7FfTHy3FGr2Wl1RlVer/PGqDH0XO4O
m9WqX2013ZGoilZbtIC9D6kdhF1fTo8wJRhCSChT9cFTrL1BF7eRvIte6L8IdmVewyDi8YLGB1wK
wkDge1HlQwEKBQ277SZ4EmfkNl2v1eEur/nNTsdvc4A2qtus1jbugIJqL5r1VrtVh3uazaHHeUs0
2u2GW3dFu+G5Nc9tCOjDBncLDHFUU00Ua2zui06r0eq47bpbbzZc6LWh02rzWgvU0qpB4ADeXgdq
z6HNKZRj4uBWnBftWnUIGnW9UacpRmBP0DIK3KzXqi6YT9WtOR6vdx5wKM+gwhPczxVVeyHqrZbw
Rk3huU595Pv1utMQ3PF5DQ46fqs2HIG2BLdZTXk60WiaL6DRRssbtj0H1NtpNzrNVmtY7zR5q932
h1CBjfyGN/JqNotomObytF90Rm0XAPutEfSJ53d4o9kU9fqwWfPqI6fNW81Gi4t2Qbmrn+XpbDks
X+wwxh5kaUovgMl5AZeJeqM9bA9HvqiJuj/yh6Brr9nojLzWsDUSbnPY8AoWpEKdVm/jRas6bIhW
p9bi1Wa71fb9muvwmgPSimGr6Teabqc9cj2/wGQWEoc6WEtzWAVxvFHbq/MRdyCj7ngd7gyhY5xh
vdpu1BxfOE2n9NtyIoXG5onvvxLTxHBqOeWwtPJkOO55BiVNDFf+C3whnwVY+tbA5qvoG0XEIS6D
n4CABU7Nh/gd+fraRI7SM5Mw5TRLM5tkMhpzqH5eY80GUQTbxciF8z4wGNDDvu31P759d3UGpDsx
TIIUIWL5fRLe8UVyE4wnqQneoJoCVNF7WUKU/tl/+XcRy9KepNHsBgMeqfC7lRCFHM6UpHjq2/1R
ooxwX4J8M73cRag+RAZblj7FCrNHCkKc+HzqNKudfcmhGy3i7vVP3vXfd9ejljIcyvsick21OoDi
uoH+ggeQbPX+2SvCL59cdV+f4PA3Dhv2YdM+bNmHbfuwYx861cKxUzh282P4W/8ehS5FVMah1WId
bDKPSZrOEkjMIMuZZMMKpAJHS65HJh/skIymP1/LLBFmj5hku0vcSsPulB7kHbedxncOjdI5ZOJy
ujjpXgL7y2h+GvNkcqFGnNZNoluC4a/wTRAf6MZGu3nsZKk8DQWPr/h4bElt0k2xoYwv2mL/Didu
/H0NpFSxQ9EgU0UQIYBA2WxMu/a8hnmSLMJsen16ZPPTyrgQiNbSA5Ee8YavJjxJ2Y2Uw725Et3q
Dj4Q7wjui8iD+98BOHrzXXCDhRdwI+VBNC0YHU4AA/TYn2RBsi/8X4BplDNVBhhEc2V6CtRWEvVE
GBZEItJjIRVi+SE7zeJ9dkUCje7WF5+6BdyfugWn92D0q5n4vWUDel5ftb0d+DVjXbE50hKAcC+5
PzbdujouhNiiaD8qZaPGt++Ylzy6TMXUQq8oJn63UqvUbPxXZ5/2hR1YIW5q9sm9AkzK16fd86Mc
vxLu1pbsdttM+lB5MHJgh6U3PPAl+7sUOCNmie06e+izIQDboctECqnsB5kGkRlWLbLdeVBy/oCo
WuoG4/FCPRI7j7wJj9KktCbUDgnYnIBBP9swN0uLj5JOwQkYkuakB0OsDG1xW9RbES3G+GRqfTK7
Q8r5xF7O0YLoK9zbid2LgpmIi5Jrqp04ucXxSZe+lnHwVUZYAPd45Is4nbODF/lPnIA8ncRBUu7G
wVTAGfybJVcfntk2vrNlXC+6oUxLBSXkaLQmlByDgZoB3kopMklOokhmkaeXTKw0UzxVHAF1Wz2f
RBTw8IxHlqRO7am9fE/8fCyYi1B2lfDzPzIeFERTNFumgufKpyBKe5/SOMlijiCUaFuJEcMVHsdH
r6YgBtUeuoVa53wuwx7A2pcoRsMgg4XikUo6DzJ3d3cVAYiQeyW9JflwAlrEWOGZ000WuVjPKedU
MMPTr8KbdK/PxBxv+BDcB7ev7XzHaT5dbg+5z6Y+cAc3rMClCA60YEPdNdoauI8sVqScGKtgyA8/
ckJk6Mc+U/TfBYt+LYJEREO6qbnbXIpZ5z6iILsF1IoFcIeYrG6c8btIxGtEzk8UZo2KXuk7JN5d
So3pyRlXASxpYfFGLCzpifB4KryvQU5t7dJli8/e1LfREuWRUqqfRWNcSPIh2lfnKI7Y7vbQTyfy
TETvLw3sS5KdFjSKSQHULt3riyxePMB/+JRIv5IjBzAYqF87SDP1e1AY25mOQdxQSL2WaTKRadFt
gjN5qtec+olqGmQxYWyWBCp69DiGGJpSzEY6tgwyEkP4H/tfdu4HKXu5YD0RQdHB3o5GgQeJxb6s
TTc0GHgADBiChEuEW4g3nfLIt8RTlGIZXyg3upev9iWAbnEH13wa81R8eG2i1pQC6h+GuSez8CNN
l/yShSM+mQYXX+JdBICsayjvLAk06RFX1YNMm/+zXxCi8XQhiB0YjG57BwGoRDwJIfkwQ6NFfjS1
3Xc+aLacL+pc4nhaRqhXhsbBHGyrz8NCybr29O80Q7QOy66d+dGeezCIjyb2/+yfJ5Az7rcfP9K8
wrb4z84/BDHBW6Jfkoope6tQYckxLmmBWvrthdhbmUVMB4M5QRgMIFnXvwxYG573ndFiarXyx5TL
JG8wtptxthhkjvAaETsdZNXqqB6NGdTHE3Zwc3r27MnZ92HpQsbTDXn4Da3wOYV6E1sE0W3kmzuV
Rx5YwQWPzZlMk/qIo3wXeDz25XUQyqTWxoz8TEZpX2be5Fp8KqQVraf3tMUVZFyhsw62lHfyOhCZ
Lawi2Qngg46ecT8Wcm/pq2Y3GPSDNA3Fydm7HYaimBcr6CWpEJvrD1KK5XI11hd8WpjF+Y5O0gBw
GeC8UB0/FhKMumgF7WjJA6Q958lCZy/46GAUWM9x1p0tDtlC0viFJzK6W0SRU93fM6oly8FgDaTt
+9bwAIaQpltYydaotIqzlzpP3XvaKxQCynwtNJsFUjPcwv9ceF5SOLHBz3ZBm3xN7fVdqxmWEHbo
H1wNE6Rmsb4kPeIrca3WSMaCXqxKJkHkOLW6JU7n6WLkzAeD6WgHSe6hHveFT3PKpi8pnLA7pvbw
UeM8EDG7AmfW6TSbtkOpf89DR+SbswWrs1BtL+ZFgOo2k66cYs8pFWaUhtAY7zTc9t58hG52MFi1
vyE9sRcPFBcObLmczXX3kPrutH4gz1sM6JqywZS+yC9StPDf9z1GMfzykiPIoEAsf2wryuWUj0VS
6AuL/nivWAMCZy6fOsqzfyeY8OKeQwG1PdqlV16ddk8hLTSEyCmF7N3uk8soScFFhov+3r1vkLNO
OUjlcS/Ep0AXpyca1cZ5VUgf4LaZqMwjkvD69Eyk+BqwIeOS9ntMTo6nnk+t79BNYmrNT6rjR8B/
hDzpFKJYJMKa22nsS4JX2y4pINCZSJL+RNxk06E1G1k4sWHNWo+HUxmdne9t/kjzGwxsHNsL9nox
E4Wid0myZ16atigT7k1uwcmnEn85dlTsVJ78uLTAdzDI4ax+bTlysF4OvXhRSRapSCqRSI98nkyG
Emo6erfZXOS4Et+k7uD3viMRyP1eEM09bJm83vZPhgFwTwhbAiRsyDftZQD7etRiP81XSHYR5o0Q
M7hLRKmMzRTUpj+6SPnNRPJXHFLGcXd/c2QW08HAgrP9aMPb/imz+NOsIJomFmfLi4vHwTr4Lb/c
27q3JUMlkUKxgzigDjlS+08Y8hjUR9z6nicx37x9uQvw1IpB6riYvDWKicIIyqAscaq2t/uOkW+w
hB5AENvLgGPqI20eYQhiEB99hoH5+d4W6S3b3P6BMc6LeLN5VEnlTAnj3RIPS5ac9ju943L1cZfe
8G6FX5gAMIjFubeCCIt0+GWPImh26HhzBObvbQS6plUApm3lFDstcH/sAxndKHTEsvWnPYa55vfL
pYiGTAa1OMfvPFgXJmeTIAy8xb6EM1iipS2hWAdbdZaIMpyJMyXLSRvSADR1FdgePBF8eqfptrcf
PtdBZCehmlAEX/+xK9tOr07OaEmUan4H/PgWu4hf8dRMxEzqozXoG7e1tzjotnAzhWXDuyRf1xlf
8/zApP6Oa0hOAYNeRHJKj4K27puMd2UQ2RHfIBZXYBQHyJvuhxt28HfIkxZdeqX0w82zvb14gMxB
lIzvIk+YBuqddiiLU0so+0wxbhasLtWzAt9Y/2y+Uod/m987HZK3V9tR1mJiYBDtUdXUSykbG5dS
nv5C2ysvsjTJbnH57C0Pg+DWroPc6p4WWE4RMG30hV1tgP+exZUGI1TUopB7aMLjL6NGE6xrON+b
419s/6YGor559aH3GSCYTnNF2+LBtIjOIAD8I9tbSH6zQwZ+86HXM99cUse2xt1tklWn8fRJ05NQ
3L+Mgx1iVXHzMlOC4qlNycMPeQvr4e5q24s2SyeWMSnChgKiMOd0mDuq+d5qpAezWgpY/ncr2QRc
GAdWgrGibUheP4o4/ZoFjlvbl0QrjiBEDuPJK4ZX3I5WMqHQ1h6XhuCFvS8N4VvLpZHsnaCtFgtZ
irEh3TVkRidf9ub+1u91t0tNvNJIDg2VIE98EDANErAgs3opnChaee2/UybbKHYYrPKCh+EZn3Lr
HUmL/OhE3xkuBcIVuDdiWJyUqX7XQg+TLQq4QrSLeN159yQW3JItp23wSOrnZ7ptr09sUBqNwfi5
nTx9K9jhYTE8FJbF8buv/G5f+InZYBDJdPZkN6MAgTDgIl7bS+JySmG5aTFn5uE8iKo1Z2+vYCwZ
DgYAYUI7iekf2/TK2wj3Du6/NbtmRdv0Gs01/NvfSpqQ9jDbdny8jcWpjM2Rn1MKqH/Itjy6rV2q
Y7jlFW2OlsrYRr0iP5pu/7j38EwMu4jUPT1/KeVtbyLNBxImtWhBhZhyApHaCwrZLA6aRxeBfuP1
4G+muKqRwcAAZh08wRNonkcGF3om2H3dLRc2UliSNiwCvqbHeOuL6advZ/PUJ8MA+DU5k23HY/e6
/FJw3I7RlH1FLE6TOP/dNYdDgoFviedwNktEZoavdFgiGdQNL9+ccbj4VaG4dPf8NnzeCFj0Cpl1
8ATzzpkeGWyOVjqxsRR1Y5+1dVQveoC1OnK+Y61fUR8WmrXE79ePxU7pifZH/oAbu1sKMsn2ZGit
8kMCVb44QG08PaeW8+2blzg2D4UM4p09Wbgk2W6trva/NHq4Wb+4qO42qIl5V8TTNX69dMFpt6ik
S5tpfBLzQGZJ97yc042x8Vm1DfJqsKtfT+h0AqW3VF6y0co5j9IgDUTyqaChFd0O7a1iMTINwttq
3cGY8A5EmvOwe33d3duoiBXP2XQKoW8GwIQGpjSSw9x5SbqB9ciWVytG9aKtFEUr2k1tndmwPzPo
Z9zA9zIaBbSIeE8Dw7INQmT83IN1KD6ghX/gNOOHYGY9PzCIjz7ZoU0a6cHI2fW+XkP9cNnFjTKI
52CQg9joA97xiPKc3iKxp4oLJzbM+X39pfvu7auT6/N3v3ytuzX2vwxfCuItcSFjFiRJJhIWi5mM
UzZc6HPuhwCABNGYvQrS11rhBUa7OxjtBlarXR/xOivt2dJunx+9I5lMtSlCYdVIYc3I9EamuKym
+G5b6wlZxL0Icb+apC/PcMP62Dc8pdkQft0AoeV/t5Gud94HszKk04TCXk+FjPe0e/7hhvXPT/ZW
RSqWuMN2Coa9FXKBaWKXJ6aXMogbHu/9qKWxyBHFyHGYv7cSaxII66mXJmzcF818qWAnk1tOgezw
zoIClf/dUq6oG3i3/F7Qq3y2hPYpU9bmw67b5yKmYtvb+wX0Ja8sf5pTfpe3eD97k/Fu4Ok5eAG+
oj32Drnbv3sj9qh+3eYu0LPwVsT2TrYGccPOA+/DNOYXIZ/N9paRGCxxRBCSl3KHNxh6wVehMntT
pBXx8cmYfXUFtnelvnKz+r0V/NsgDE+iYGqvgrHIG2Yk+99YkvC9vhifx6xQ2EdbiYa9aneLphRX
ILhbvfGzh5dLEgXgyXPhK2RHuSwrQd/JlL5y8lDg5ZkHu1htKfiT094CgB2GldrP6JWVwBvER9zc
GcRDCHg9qO6E47q75airxLSw19Ojsx/U4A7CpXw0us7sEbek/XdDEDa5I/I+tlKEroiPvr34Khjz
KL0StIvUnuAn2Pb2+AllbyatUWIQN+j+FDJzcd89pzmQ1dJS/UoOhJFYXJ/+kJWmK4zm781va/aD
qdCvfVuu0KY/ujz4F8HlXjeHtdr+/i1ibVFQZnkr+5MgTtKX3JLZoj+61v6dzqn36fxjmtpHEFtZ
qpxdCXwmRO8+WVJYJ36nbWcMCDuMPgs67lX1Tbno5O8vG8J4qnx2gfHw3O8v3U6vU9oCXCbflO0y
+b1EK+LYSbgP0t7fdEkqbs37Q94P1VugYIulde+K5mhWv7YSKwZt3HRPTbFy0oY+Wq5xYH/+M7vI
olu+x62echA7dFAc+PYewTllgxzDWN4GYlpcu/lk6JoffmaT2h8MutcrKBvl+MAjqGK4fm6FGwqb
A2ndWVO++pq5sIk4+dpx22tX73/HduZzBQW3FIzFU76hoXEdrZMJFPFRhqNAJOULYIyzzH1xb/bu
2tOPv+y3r0WS0PKZiJxabTAwW9/eVmmBdzeWhbf+LXJxP/52cfQFWbjY33ol5DYY0HL2mUKwzdeH
1nTrdRbEI5w3ND9eln/zNI0FfloNX2M5sqTFr9AnCT7+4mFiLUmzyMXy1P0R/Wu2OBgU2t/Yt6PQ
fMMZjx6pRC9xk7A3kdzberqLcIcXlwOtfWvlk0Es7nvg/NhPQqxa/v6U35ACBI3FYiHH/GMaTwJz
wNn04txiYW8EffF1JMLsfu+pv2IOMJxt+w8/hsdjECQVxT3S8m+A0pwEvTlUgUE9w+W8uGqm9FN3
ecROZTQKxmwUhGIQD6Kfehy/4zNnTo05neNG9dhtsf9TbTG36jp4geJXxkdQz52OU3MNYjB7jste
4T8kTmXqP1ePCj31J4SMi3749HFVuOYOJBblMEjS53QP1xvpl9XKiDL3JoGY0776yXMobbEtnHAp
aycFvfXcaVJr/F7flDx3iRc+VptKXyjOIxkD2yVNjkZIBSX5+H3P/Hg2n+lm/AAXnGdhunhOIo7z
pXjlRKTo8pPnSA7xuUIZ7el573ZxJYfDhbuiJ0L4xmXpYiaen51fnLy/6iNVWUr535mIF7pZTYo9
EExjwt+VGU8S8M7+87/SP9BUlspywudC3zgPxF3ZD3BvGk88byPpfijvy2jB+hL8+nfGx+K5iMYr
TXKcMA2TvDVFnMrhkmJ9ubGymOKXG39iaKTMI+PJYpq7IxtioGdmWSLYFINYnwiWK47xWLB0IpiM
wADTCVichx2fsqFgQeSFmS98+MEe2C7y6skp3DlCBkWeCR+JQybxVYMEWbJhLPgtW8gs1rxYMGJT
/VFqbErGMVgROE1gfCPuluyOfDGidTjsTkZ/SRlOUvKYodKnICx+RXWBCNNJkCi57yYiYtlsDIkr
MKgMIhwVitnxIGLsp48TegeCpRJaiXwGLPTXiUEH+ovsAIpOE9RQQjMgKvwSKekLNz/xBFNfFUfK
FDkry84795jR13nxRDLJUl9ib0IQo1ODkv5sLqG+Z7Eof4EClkEE+tOf/jQoEdCTMJR3DMckPtvX
oZvNA87+gYaK15DF5lH9mKGjo1vPyXr1PbRpHA4uBh0IOkJuwwXTmsXrtbEvTxvYf/oIOSEYCKiZ
+z4ATVRvoJbxo9dsKjh+KRw9A0ozFAgadCX+nfEQtTgO5nDtnIeZYAe6UfBiz5C7ahGGGT1KL0Mv
4Pemj+E0ta3220EjO0kWkdfnyS3YQXwLZlWhC94n0FNo6bmkeNkkluC8oDPh8uSQUS7FtNuA4XHI
8BPDsfqePekGvDnSplmkPz+umPeot0EmMLpY3tPjDFADiESGHC3BoW41oMsRmi5egyZ6yIL0L6C+
NKbb1GZOZEGFm9kByJDBMHJJLSRGWUt6TKyKpsvJOOIsirA7ffVWBXUCfXAiqTCoAvVvNsV1Moy2
vzk0x6I2HNRIHGezVFGVwlAxU8Cm5aLOhTFKX1721fjgcxn4AHs9ArQRtDkJigbrqhiGBheX1UW5
zULcgHgQL9QQfRXKIRgPBmmm6DAMpkGKI30qxnxIew6xntJ0lXQbJMiabu9jp90FpHgyKBjCd2XF
KLexhAQcBbSnIhO42QyyGUFinDepbBw6K8NBy8YS+gnfmCOjwIbGBLNM0I5ZFaWA1skhq48f/z8v
AWY9j+HHsPx9+JNUzgiCdqZLSJpdwsB7YFAV/hIQtlpERQ7gI40IDS75yx7g0ZggPOgtmJdBHMI9
5Zi4F15GjlcqvGo0YtxaXi3uPcgrkpU4ymm97Z8fs/7ryx67ury+7LOTbvfq8rzHuufvGCSQb87f
HTK4iPXfwlXn7OPrt1fnrPvu7el5r1cpDv+1yujiTl0UmdEFJyieNxHkjEkXSzfrgNohN/DJq9Al
ZVytrBwssYK0E6QE1wyGhNJ+y86UfUGaiJEwwst0Y8RZMQGnu3Lh+biGNt5i9MCATzdUHl6NZqCz
dei0mfAwL1B6RbiqV9W9SxnAssQsWYlaq2pZk2frIWnJa1ryMY+HMCjKngxDlcCS71mvXRplCEff
xfRd4LWnPMooCzGRQIaWgQU+O8yjQdEEcyNUgXU0Al5K3ulq9FXYW+XtlblDGiGz0F9iCSB83EVs
hT9RjGkbNx8EbVarWlZo7YL8xIPwSKajOCxlG8VymodZdbe+omwaptnDKI3uyQe2wdaYlGUdvTxz
xC6LoSU0Q23IfjadqTRL5XJMnyjjiby/zvAifQNhJ5i5BHAEAR6GOl+jYAjXEPKghbnIV1feQRUL
vTbO0070V9jaCtVh3pEqO9DZZUWhwUu/qSesjbxJFt0mOfZTPkNqMM2mEF3xuRjLawfsSKYqKYVi
pVccL1qVNGIe2hhk3TONiBosYzqcQbitL3vsTKpTRZvGrAh9nuKvLs6HkOKlLzQlo5yh7EGZKJay
nQEUylIgcUTtATqVWiguM47FCVP3KAlX0sFtWp9KnrxlvHiV56IC8Wu/Od/HWT1mh4MoEil22LEO
EJCUTWSoksshT70J5eAEGfIlMCEdYsi3qRJIn1WBZSiWaaaKbD+ZvZSfQrcaL1JkfsjKjtGB1HnU
cDnNwYDbbjS1115lsFTSYvLoK8mxqKEUH28GooZVYa8hCwRbek5pHTvtvj+EewHDEMbXXeCD2VOa
oLznkn+Z+B+zZp5wr3LxhLRjXFthJz44qgkPR0f4XR0qEHwBNqybgkYZTqeggRkDcRX0DGZmEXJ+
j14Nk0seVhiCeN+NunmavaoEaWE0gLrDp51wYzaLZmV9XKhrrvWoS4KvYtmfmJDn3YjTjXm2BAm7
Mg8jtNY7rrrpWYV19T0hx6UoWErrklTbArU4ivkYRYA+AbUls5DyFawzoe4PcbDzGPvpNAxwmoUK
5xjKKJGk7Lr/npAmIBKKPcxShoU6deWqOVVWVHJfM02zMt51TGjRyn0xzMbHeanyM3OwRNGZ2gSG
Kp1nuk5NVGWNlhwlUgUubQ0OMlPOSXE7nUiZUPWdVygir0HJg/k85Szh89xT4oxJPrmE54ziFYDR
jJ1KWPTEBJbHqgymqaW/sE9DeY9WH7PLM3bw6f3l2TOQGUweMMD1d+DuZ7F6/QUMAyuXGMqWyir/
A0uQdAkpOwJL//TyKuevqxqD8hdqDCeYKGhC9oHlLYVhkk3m0yQ6hBiTPqMRNQvngtGifJ8FvmGI
HPIU8G6Cp7nfBPnp7GFeAVDxqJGC3UDOSSlZJL0wmDG6F8zmmi/AZLCIxH09dD2OIU3HAfLF5fyc
atKov/KJMnOqpE9zHcrecd9onqrOoGu1cWeJnnPxYCSnytfpe8rqnmM2gyRpHoTYjPLj2kfpVjAQ
8Wi8rBEivC0sxsPD/Cprhm3t9JTq5ZOpzHAIj1TA0SMaVan7GAMsuiiaiQA7xN8UIeHmdxQvjZtJ
8EioyncoFLOh2pWf5uooxE1ygycbpyk8K/Iq8bGhpfjgiBgvQgVZPAodTEBQW4eyuh4mj4ET2Ec+
7gBsfjP+XaKp0WDGeYFyNvPxDUbDJj0MqtQQTQmbY/OMGhvSLvrkgVCfIsaeZrhuBtIvLR3T8yh5
BKd7LNGBX5m57Cc2jnEN/1I9q7mapYYqD1WkfdMdV+++gJ+EKkb1zUzOsjA3Rn2AoYyu0R6xRv6Q
MvzyTHsxDCbomCDa6dyZZnfV7NSxjuI4mUZVoyKrIKj7CzfoX05z+Cu9ob1DbPNFgbQcbjZ5NoF0
cySNHoFRVlbPWZZXTiT2DEGp4JtrlUASYvBkiynWPQku5UxAwmQFHYs5fZ6tzpMI5MX4eBxD/azm
yfSkmpo8SGNOPWfJR/hgBL89e3uMk5ja56vQh07hTqjkmsPQuaMWEwK+EoBoFWNiGyLtUvPKNFXn
PFAqdKg6r40JgnxU1qHKzBGJLk3VQdodoZ0Yk1aH4B9nE37IcIszis/pMg0D1zsSMaTaZU/tlH6s
z+bhSgULbk2C6WdYRnzNIOWEUE5eLHcWmiH1vDqft/Ggp5WsZlenwXTlq3UARqZ4PY4EdM3Ys+gw
sUGa3dM35TO5lVUD+ozZQq7Nx0O8dtuqd9WoMCZONA9gn2p95lMkE00kj4FVjk6ctcfA2WaoTXzK
HIPRkhGUHyCIetKAHiifOVA+DvhpF5lHNh4GPNFlCWSSfDoL8yPMeQCj7qvjvNPUObBbnL06Zv+i
ZAXi5yFNZ/2KTKniWIVJ8wkIiYGJIy42UbMG+TMrmg5YF7EooFOETihBpmoT96ADrDrcmvBVu4RB
/WT4hAujgopeqxaP2cXVSf/Y/VvrsNG5dw5r97VD92/O33xMiGicH+BiAA+d6/N2VblidVRvPFNZ
nnq6YBbraoRjbAEd65k0Sj1oKgx6zVvgM5XMS7M4d8p5hRIvn0uQxwE+EKo8egyU5Aor5880wBZU
OvvTBbkaaoqut5hklCkoymeDUqbc0kj65IzqW3EPji/RxZ13i+VBQoUMaGQYQGK+UEkcXYfy0scm
QhVG1JhRUhJ/SEbipa8uHZYEfmsmCfRmD2ofllIbV+fjk/uhBznRxKTg46XIxxWwBk1OP/syBWdo
UfHJpUXI4tA89untkNXxKAhpsdyKMp7OzMMJhA/zOIBRNjcJXxJ6EL88ng7VwzKThqmYT4tfV7SZ
Z4v9Toz07IJ1J/n9xCZBhjI1Kb3ulYVgkfw7xO2F8l9seSqVtyKC8G5JvOD0qNTVG7d9DWZqYUGH
lr1/DYOheTUc3k9tnUpE41arNcdxcROL7tlbS1JffiYkRSKQArs7YLhHSWJd2AtwQH+6tkQsIIDD
mJZLFoh3uJObRZzpyUK9AtKBiISAJ7ZxraLtZ0qmsjTAz8HRp7FxCUUwHgYRx08EEBdUE/kgf0gX
qS/vePFihpsiE8FVtiYwbbGszX/Qc4HV2aSimqXuxPi8D9RtGbnkcabsK4f4C+Zhb7s05bO6+7ff
/i8OEtAx
===END CRASH DUMP===
