PocketMine-MP Crash Dump Sun Nov 14 07:50:27 +07 2021

Error: syntax error, unexpected integer "0"
File: plugins/#SimonSay_NEW/src/tungsten_simonsay/SSManagement
Line: 5
Type: ParseError

THIS CRASH WAS CAUSED BY A PLUGIN
BAD PLUGIN: SimonSay v12.jul.2019

Code:
[1] <?php
[2] namespace tungsten_simonsay;
[3] class SSManagement{
[4]     /** @var array string*/
[5]     #[0=>string]
[6]     public static $games = []; //Game currently in play
[7] 
[8]     /** @var array string */
[9]     #[0=>string]
[10]     public static $players = []; //Name
[11] 
[12] 	public static $number = []; //Number of player in a game
[13] 
[14]     #public static $blockPlace = []; //Block place, to reset map
[15] }

Backtrace:
#0 pmsrc/vendor/pocketmine/classloader/src/BaseClassLoader(124): BaseClassLoader->loadClass(string[30] tungsten_simonsay\SSManagement)
#1 plugins/#SimonSay_NEW/src/tungsten_simonsay/RefreshTask/RefreshSignTask(37): BaseClassLoader->{closure}(string[30] tungsten_simonsay\SSManagement)
#2 pmsrc/src/pocketmine/scheduler/TaskHandler(137): tungsten_simonsay\RefreshTask\RefreshSignTask->onRun(integer 13121)
#3 pmsrc/src/pocketmine/scheduler/TaskScheduler(179): pocketmine\scheduler\TaskHandler->run(integer 13121)
#4 pmsrc/src/pocketmine/plugin/PluginManager(654): pocketmine\scheduler\TaskScheduler->mainThreadHeartbeat(integer 13121)
#5 pmsrc/src/pocketmine/Server(2389): pocketmine\plugin\PluginManager->tickSchedulers(integer 13121)
#6 pmsrc/src/pocketmine/Server(2152): pocketmine\Server->tick()
#7 pmsrc/src/pocketmine/Server(1992): pocketmine\Server->tickProcessor()
#8 pmsrc/src/pocketmine/Server(1586): pocketmine\Server->start()
#9 pmsrc/src/pocketmine/PocketMine(314): pocketmine\Server->__construct(object BaseClassLoader, object pocketmine\utils\MainLogger, string[47] C:\Users\tungnguyen\Desktop\Servers\AcidIsland\, string[55] C:\Users\tungnguyen\Desktop\Servers\AcidIsland\plugins\)
#10 pmsrc/src/pocketmine/PocketMine(344): pocketmine\server()
#11 pmsrc(11): require(string[102] phar://C:/Users/tungnguyen/Desktop/Servers/AcidIsland/PocketMine-MP.phar/src/poc)

PocketMine-MP version: 3.25.0 [Protocol 471]
Git commit: f48b703533e0ced4e8ff9e118c5fe3889ccaf23e
uname -a: Windows NT tungnguyen2-8si 10.0 build 14393 (Windows Server 2016) AMD64
PHP Version: 8.0.11
Zend version: 4.0.11
OS : WINNT, win
Composer libraries: 
- adhocore/json-comment 1.1.2@fc2f76979f0a44a5f5bc2a2b600d0762fe0e78e7
- daverandom/callback-validator unknown@unknown
- pocketmine/binaryutils 0.1.13@0abee38d4e2861621f262c79a2a3d699d8a697f4
- pocketmine/callback-validator 1.0.3@64787469766bcaa7e5885242e85c23c25e8c55a2
- pocketmine/classloader 0.1.2@9757928424652393b178a3760073113aa7c9911b
- pocketmine/log 0.2.1@830b44a2cf96ef703c550abe64302f230231ca49
- pocketmine/log-pthreads 0.1.3@e477ecf6ec214fdd4415ea1da3fdd9d73bf699ea
- pocketmine/math 0.2.6@43057cb8c179a9859677b496a788db922fd5cfc3
- pocketmine/nbt 0.2.18@9f82ca4d7f97fcd9a566e44b63c4f18a7657ae82
- pocketmine/pocketmine-mp 3.25.0@f48b703533e0ced4e8ff9e118c5fe3889ccaf23e
- pocketmine/raklib 0.12.11@9cce458b8bfde3e4dfdbf70c659fc7b7fe26b5c4
- pocketmine/snooze 0.1.5@70b5e7937a06878dd321a3182ceb76d56298f2cd
- pocketmine/spl 0.4.2@6b08b7cf8c4afa17139c9a1b3bf1b408531de161

Loaded plugins:
AcidIsland 3.2.9 by GODSMineVn for API(s) 3.0.0
AddGems 1 by  for API(s) 3.0.0
AlwaysNight 0.0.1 by YTBJero for API(s) 3.0.0
AntiInternalKick 1 by Jibix for API(s) 3.0.0
AntiTNT 0.1 by Adam1609 for API(s) 3.0.0
AntiToolbox 1.0 by FaigerSYS for API(s) 3.0.0-ALPHA4, 3.0.0-ALPHA5, 3.0.0-ALPHA6, 3.0.0-ALPHA7, 3.0.0-ALPHA8, 3.0.0-ALPHA9, 3.0.0-ALPHA10, 3.0.0-ALPHA11, 3.0.0-ALPHA12, 3.0.0, 4.0.0
AuctionHouse 1.2.5 by Shock95x for API(s) 3.0.0
AutoClearLagg 3.1.0 by Twisted for API(s) 3.0.0
AutoFeed 1 by Ghast Noob for API(s) 3.0.0
AutoFix 1 by Ghast Noob for API(s) 3.0.0
AutoInv 0.0.10 by JackNoordhuis for API(s) 3.0.0
AutoSell 1 by Jero, Cur for API(s) 3.0.0
AutoXP 1.1.0 by JackMD for API(s) 3.0.0
Badge 1.0.0 by YTBJero for API(s) 3.0.0
BanItem 2.3.3 by LDX for API(s) 3.0.0
Bank 0.0.1 by YTBJero, GhastNoob, Kaido Joestar for API(s) 3.21.0
BetterVoting 2.0.2 by Twisted for API(s) 3.0.0
BlockCMD 1.0.0-beta by kenygamer for API(s) 3.0.0-ALPHA10, 3.0.0-ALPHA11, 3.0.0-ALPHA12, 3.0.0
BlockSniper 3.2.3 by BlockHorizons, Sandertv (@Sandertv), Chris-Prime (@PrimusLV) for API(s) 3.2.0
BossAnnouncement 2.0.4 by XenialDan for API(s) 3.13
Boss_Quai 2.1 by phuongaz for API(s) 3.0.0
Broadcaster 1.5 by EvolSoft for API(s) 3.0.0
BuilderTools 1.2.0-beta4 by CzechPMDevs, VixikHD for API(s) 3.16.0
BurgerSellWands 1.0.1 by Heisenburger69 for API(s) 3.0.0
BuyKey 1.0.0 by  for API(s) 3.0.0
Buy_cmd 1 by TungstenVn for API(s) 3.0.0
ChoDenUI 3.5 by BlackPMFury for API(s) 3.0.0, 3.2.0
CmdSnooper 1.0.0 by HotshotHD for API(s) 3.1.1
CoinAPI 2.0.9 by onebone | Edit By SenKai Official for API(s) 3.0.0
CrateVH 1.1 by PIG for API(s) 3.0.0
Crossbow 1 by SonsaYT for API(s) 3.0.5
CustomAlerts 2.1 by EvolSoft for API(s) 3.0.0
CustomWing 1.5 by YTEsDev for API(s) 3.0.0
DEVirion 1.2.7 by poggit, SOFe for API(s) 3.0.0
DLevelIsland 1.0.0 by Nguyễn Công Danh (NCD) for API(s) 3.0.0
DancingFarm 1 by RicardoMilos384, DontTouchMeXD for API(s) 3.17.0
DanhHieu 3.0.0 by padreon for API(s) 3.0.0
DevTools 1.14.2 by PocketMine Team for API(s) 3.13.0
EasyCommandAutofill 1.0.9 by jasonwynn10 for API(s) 3.0.0
EconomyAPI 5.7.3 by onebone for API(s) 3.0.0
Eternity 1 by minefore and shin1134 for API(s) 3.9.0
ExtendedBlocks 1.3.0 by Javier Leon9966 for API(s) 3.14.0
Fishing 0.4 by benda95280 for API(s) 3.0.0
Fix 0.0.1 by YTBJero for API(s) 3.22.0
FormAPI 1.3.0 by jojoe77777 for API(s) 3.2.0
FormImagesFix 0.0.1 by  for API(s) 3.11.4
GMCDetect 1 by TungstenVn for API(s) 3.0.0
GemUI 1 by WoolChannel3295 for API(s) 3.0.0
GuessTheNumber 3.1.0 by SalmonDE for API(s) 3.0.0
InvCrashFix 0.0.1 by  for API(s) 3.14.0
InvSee 1.0.0 by BlockHorizons for API(s) 3.0.0
KeepInventory 1.0 by KhoaGamingPro for API(s) 3.0.0
KeepYourXp 1.1.1 by ArasakaID for API(s) 3.0.0
KingofBlock 1 by YTBJero for API(s) 3.0.0
KitUI 1.3.5 by Infernus101 for API(s) 3.4.0
LoadWorlds 1.1 by shin for API(s) 3.0.0
LockedItem 3.0.1 by ytbjero for API(s) 3.0.0
MSpawns 2.2 by EvolSoft for API(s) 3.0.0
MaxEnchants 1.2.1 by Xenophilicy for API(s) 3.0.0
MenuAuto 1.0.0 by JeroGamingYT for API(s) 3.0.0
Minion 1.0.4 by phuongaz for API(s) 3.0.0
MuaDanhHieu 3.5 by BlackPMFury for API(s) 3.0.0, 3.2.0
MuaPointUI 2.0.0 by JKPVN (JakayPluginVN) for API(s) 3.0.0
MultiServerChat 0.0.2 by tungsten for API(s) 3.0.0-ALPHA12, 3.0.0, 3.0.6, 4.0.0
MultiWorld 1.6.0-beta5 by CzechPMDevs, VixikCZ, fuyutsuki, kaliiks for API(s) 3.20.0
MyItem 0.1 by AnhKhoaaa for API(s) 3.0.0
NGVS_Khoe 1.0.0 by NguyenDongQuy for API(s) 3.0.0
NVSSP 0.2.1 by YTBJero for API(s) 3.15.4
NameSpaceRemover 1.0.0 by JackMD for API(s) 3.0.0
Napthe 0.0.1 by hachkingtohach1,tungstenvn for API(s) 3.0.0
Netherite 1.2.1 by Wertzui123 for API(s) 3.0.0
NoAdvertisings 0.0.3 by YTBJero for API(s) 3.0.0
NoFallDamage 1.0 by DeveloperNeb101 for API(s) 3.0.0
NoPvPArea 0.0.1 by author_name for API(s) 3.0.0
NoTP 1.0.7 by awzaw for API(s) 3.0.0
OffHand 2.1.2 by alvin0319 for API(s) 3.0.0
OnlineTOP 1.0.1 by HMMMM for API(s) 3.0.0
OreCore 1.01 by  for API(s) 3.0.0
PCEBookShop 1.0.3 by Aericio for API(s) 3.11.2
PHP-Sell 1.2.7 by Muqsit for API(s) 3.0.0-ALPHA9, 3.0.0-ALPHA10, 3.0.0-ALPHA11, 3.0.0-ALPHA12, 3.0.0
PM-Beacons 2.0.1 by jasonwynn10 for API(s) 3.0.0
PiggyCustomEnchants 2.4.3 by DaPigGuy for API(s) 3.19.0
PlayerVaults 3.3.1 by  for API(s) 3.0.0
PureChat 1.4.11 by 64FF00 for API(s) 3.0.0
PureEntitiesX 0.7.0 by milk0417, RevivalPMMP for API(s) 3.19.0
PurePerms 1.4.3 by 64FF00 & ProjectInfinity for API(s) 3.0.0
RankShopSystem 1.0.0 by zZPROGAMERZz423 | §eFor issues report by §2Visiting GitHub.com/zZPROGAMERZz423 for API(s) 3.0.0
Report 1.3 by ImNotYourDev for API(s) 3.7.0
SETVIP 2.3 by MCPEVN TEAM for API(s) 3.0.0
ScoreHud 4.0.0 by JackMD for API(s) 3.0.0
SeasonPass 2.0.0 by TungstenVn for API(s) 3.0.0
Shield 1.1.0 by JavierLeon9966 for API(s) 3.7.0
ShinPickaxeLevel 6.0.0 by shin for API(s) 3.0.0
ShopPoint 1 by S2TwKen for API(s) 3.0.0
ShopUI 1.0.0 by SaltyPixelDevz for API(s) 3.0.0
Shulkerbox 1.1.2 by UltraFlappy for API(s) 3.0.0
SimonSay 12.jul.2019 by tungsten for API(s) 3.0.6, 3.0.0, 4.0.0
SizePlayer 1.0.3 by  for API(s) 3.0.0
SkillAnimate 1.0.1 by Tungsten for API(s) 3.0.0
Slapper 1.6.2 by jojoe77777 for API(s) 3.0.0, 4.0.0
SlapperRotation 1.2.0 by jojoe77777 for API(s) 3.0.1
StaffMute 1.0.0 by YTBJero for API(s) 3.0.0
StaffTable 0.4 by GigantLeyKey for API(s) 3.0.0
TableSpoon 1.0.0 by CortexPE, Xenophilicy, HyperFlareMC for API(s) 3.0.0
ThueFlyV2 2.0.3 by LetTIHL for API(s) 3.0.0
TimeCommander 2.2 by Zeao for API(s) 3.0.0
TokoThirstBar 1.1 by Rand for API(s) 3.0.0, 4.0.0
TopLeaderboard 1.0.0 by YTBJero for API(s) 3.0.0
TopLeaderboardCoin 1.0.0 by YTBJero for API(s) 3.0.0
TopLeaderboardGem 1.0.0 by YTBJero for API(s) 3.0.0
TopLeaderboardIs 1.0.0 by YTBJero for API(s) 3.0.0
TopVoter 3.2.0 by SalmonDE for API(s) 3.0.0
TradeNPC 1.0.0 by alvin0319 && FunkaDev for API(s) 3.0.0
Trident 1.0.0 by brokiem for API(s) 3.15.0
UIShop 3.5.4 by SaltyPixelDevz for API(s) 3.0.0
Wolfies-FloatingText 1.3.5 by  for API(s) 3.0.0
WorldProtect 2.3.8 by aliuly for API(s) 3.0.0
essentialsTP 1.2.2 by  for API(s) 3.0.0
iProtector 3.1.1 by LDX for API(s) 3.0.0
reyyogaWtrhit 1.1.6 by reyyogaMnelux for API(s) 3.0.0, 4.0.0

----------------------REPORT THE DATA BELOW THIS LINE-----------------------

===BEGIN CRASH DUMP===
eNrtfft32zay/7+CVb5n19mvJYvU273pjeNH7MYPbaQ82qonByQhiTFJqHzIVvb2f78zACgCtGJJ
jrK9PzQ9PRaH5OAzD8wMQBD8d2XM45Cmn+YsTnweVQ6b+5XUD1nl0Go32t2WVbc7NavebdrWfiWb
yVPtdrNmt5uW3bDrVqNTt/crAU3S0zjmceXw35V0MYOrKn0aJ0wS9yshSxI6QXKyiFJ6Txie2CdZ
xO5nzE2ZR/woZRMWk1GlPqrALeMsCM78AO85PhyN3iWAcTRKs2gSTbIFi0ajE5bcpnw2Gg1YPBdn
j1zfu0gCGnmj0SzIJn4ExGcDP+TRgC4+XZ9+GI2S2JVskpRFnxI8l9AFMBlc0QgwhixKa7PpDCHI
5hWnA4PRAfA5eMDmQOcCHAI/Ag4t0GpMXfj1a+VZncxCvHfOIo/HBzPu3rI0hOsOXFBjEnDqsVhw
f0UTdoy0S0Hbs+zm80NSolZ/xDsEYS9JYz+a/Nqo/0bWCPgcsD2zyDaSvWXjmCXTIU1u898DfxLh
8V6jswrYv92AJ1nM/tgWmK1UhP9r+kncKfOyALSDjZ6DlQPUimh8BVsN8PIgR1z9kUdvs2gvdzqr
YdmWaLuxSduD/GjP6vSg9eJC8K/83Gikwaz+GK9srrm6OWmYg774I7UT77VbzcfbWsKq/hhSPxpO
Y0a9c0bj1GE0XdF6a3Xrsj/t2Y1uWTiJazQygFV/TH23aDxZ0VD78Yasll1qSJ6RnPcEi86jLKxe
7zEW/Zi7EIJ4LHl1H+fV6ra/witJQZmSR281j774eQU/9xpW8ytsPn1ywUnTOHPTPe58hgBY7j37
RNH127PUDyCgXYFtL/lkglepntXs/EaeFCWXHFqtJ3JYxlkZU+rr1dJ84MZS75KBJRnsWRZcFbPf
Mz9meQCBfPQbmU1pfHhwcHx4ILAeFFAPFFJlyOSgwKkBqF71a8gjh/i88tsf+xW26/S1q9wB2CST
T34058Fcnj6seKAXF6+TZ4GSNwE0l3sMhbGA/F//LbOZDb8jCqLMIBU9DJg/wCUNuERkIaJj+Tec
acIZAv8O/vlP8nJOY0LjmC6U8/zzAK5oqSue/Vp/8aOk/wbktiLPMifwXbiBQn8k/2+CQMgL8utv
P5CDg9dwRNwsjqG1YAG6hMwk5OjA3fCn+1jrRDTfW928VV/dPvIHD1kiuAYEeLklG7RQWaO0dFOU
hQ6YeHmPPORjIrkhbkomilNDcco196zEzAnAI/sB2iJn+ApJyMxl+yTl4P0JS0lI0XoW6vePyh9/
lRJ/lRJ/lRJ/lRJ/lRL/N0uJ/cqERSymAaZfTLdYS+g3ADIHDFSMuSuNmt2q1ZGe+YFXOcRh9X7F
Tz55bF45HNMgYZDlY55ylwPbZgcG4xMfa4Bxs+t06o1Wo8HqLvOarDse95hldd3WmDW63Z7r0rHd
wHyUKSwffMgVdwm5HpJCWrvaTXxi1Wt1IjAQq9noNchefrFUAgFg7efk6Oqk3cS6A6qKw0q3Vq9B
1tyvfIEkBMfN/BhOf+IJtnhxfT0Egji4g0oFy5NwxkHjnwLfiWnsswS1Rb0pSBizg88Jj6pwjap0
rJpVs1+OXXvcafc6vXGdNpu0NW45rk1tp12ve/VO2x6zOut0WQfYexTQgqV4eODSIHCoe1ud08D3
aIo1HujiNuJ30Uv1F8EW7uX4EY0Xon/ApSBMzWq8rFOHgUJBw3a3bbVta2y3bbfTozZteO1ez+tS
gDZumqxWNm6Bghov281Ot9OEe9ptx6W0w1rdbstu2qzbcu2Ga7cY2LBF7RLDIq0rbPbLXqfV6dnd
pt1st2ywmmN1urTRAbV0GpbVAN5ur2dZjskp4BPBwa5ZL7uNugMatd1xr83G4E/QMgrcbjbqNrhP
3W5YLm32HnCozlKRF3JFNV6yZqfD3HGbubbVHHtes2m1GLU82oCDntdpOGPQFqMmq5CmU4Wm/RIa
bXVcp+tCPqS9bqvX7nScZq9NO92u5/Rse+y13LHbMFlETprL033ZG3dtAOx1xmAT1+vRVrvNmk2n
3XCbY6tLO+1Wh7JuSbnFz2o4W3bLl1v0MY1ZTG/Bt6VeAJP1Ei5jzVbX6TpjjzVY0xt7Dujabbd6
Y7fjdMbMbjstt+RBScT5F6bU23rZqTst1uk1OrTe7na6ntewLdqwQFrmdNpeq233umPb9UpMZoHg
0ARvaTt1EMcdd90mHVOrYzV6bo9aDhjGcpr1bqthecxqW5U/luMO0TeL8KfFNY24XzHiWQ2dhWbp
lMcJlqqvb04GGP/eRxgh6cxHYgN6Qh2PWUSdgAFnSGMQ6jw2g1iC98G5hI/TkyWhcgrZjoeLo/4F
NKDiKo/YAtlgoQLNXy36AU8ht4m/OJCCDoNR+GYw/HDz9vIESHfMSfwUZcCK+sjzXrMw0SVTFF0s
yxDpm8QowM6mGY8m9MtoBMXVHFMktotpeSPgwR1dJNf+ZJrq4DWqLkAdQ7Npl5+Hr35iMa/sSBrF
bjSikawtNhIiSv0LKPPiiAZvoMDSJSmf+ro9Kj/5jn+/K0EEMyhOSu1vJ9QQ0p4py1AkQt0iJSGO
PBpa7XpvV3KoRsu4B8Ojt8N3/dWoOQ8cfl9GrqiGAUTRoqE/oz5UkoOfB2X41aPL/vkRxjbtsGUe
ts3DjnnYNQ975qFVLx1bpWM7P8apjG9R6FJE6RxKLcbBOveYpuksgaoTSrhp5tSgzjlYcj3Q+aBB
oKwHZZ/zLGG6RXSyaRK71jKNMoCi6rbXut9l4L2I5scxTaZnsscp3SSqJej+Et8U8YFuTLTr+06W
8uMAxpqXdDIxpNbpZsZ54IvDOx8G8d6uOlIq2aFoUIYjiABAoGwmpm0tr2AeJYsgC6+OD0x+Shln
jHklPQjSI9Hw9ZQmKbnm3NlZKFGtbhED8Q7/vozcv/8TgGM03wY3eHgJN1IeZNOS0/0ExT5Aj71p
5ie7wv8ZmEY5U+mAfjSXridBbSTRgAVBSSRBeiylQi7fJ8dZvEtTJNDodrb42C/h/tgvBb0HvR8N
cXWys2pAcJMa/9jfDPyKvi7ZHCgJQLhX1JvoYV0el1JsWbTvVbKJxjc3zCsaXaQsNNBLio7frjVq
DRP/5cnHXWEHVohbNPtkqwCT6tVx//Qgxy+FuzUlu920kt6XEUwEsP3KG+p7nPzEGc72GWLb1g5s
5gCwLUzGUihl3/PUj/S0apBN48F4+jtk1Urfn0wWx1mS8vA0cqc0SpPKilTrCGBzAQzsbMJcLy0+
TDmGIKBJmpMedLEqtEVNUW9ZtMBnOfHqYnaLkvOJVs7RgugF7s3EHkT+jMVlyRW1PFQv9U9x6TmP
/S88wgHwAIb3LE7nZO9l/hNnV4+nsZ9U+7EfMjiDf7Pk8v1z08e39gw1Zi8pIUejNCHlGI3k9PZG
SuFJchRFPItc9fi00Ez5VLkHNE31fGSRT4MTak5kWI2nWvle8PNwwFyGsq2En/6VUb8kmqSZMpUi
Vz4FUdn5lMZRFlMEIUXbSIwYrnAhfpreq1HNrlsa65zOeTAAWLsSRWsYZDBQPDKSzpPM3d1djQEi
5F5Lb4V8OLvOYhzh6dNNBrk8npPBqeSGx1+YO+1fnbA53vDev/dvz816x2o/XW4Xuc9CD7hDGJbg
UgQHWjChbpttNdwHBiuhnBhHwVAffqACkaYf80w5fpc8+pz5CYsccVN7u7kUfZz7iILMFlArBsAt
cnK2eMMWhqiC8HgRuCv3Fm1tBfaTG3omWkF5ZBAxVI/Tv3Xqt4AtOWK7m0M/nvITFr270LAvSWZC
bJXTIVTt/auzLF48wL//lBxXyJEDGI3kry2kCb0BDAnNHK8R1wwhznmaTHlaDhjQjZ4aL0IvkU2D
LDqM9ZLAWBb7miaGopTzcOmJAo+YA/+T/yGnnp+SVwsyYBGU2+RmPPZdSKm78jbV0GjkAjBgCBIu
Ea4XL6Ype3+ui6copQGsKVz/4vWu4A94FnwQQ+5fsmBMp6F/9jnewtNiyNwOvzMkUKRHOv0AF878
PCwJ0Xq6EIIdqF61vYUAYphxFEAC0zOKQX60PNp1TaG3DAKZOJ5WVUgmH8xhnUZ8tGb6eXiaQDre
rXgfxJBtUxudnL73YwFviX5JKldDnVLxyie4FAKGKTdnbGcVrGA6Gs0FhNEI6iD1S4O15lHKySWb
s+DBI1ODvCZMX0+yxSizmNuKyPEoq9fHzWhCYOgxJXvXxyfPn1zY7FfOeByuKXGuxcqQYyjlsUUQ
3US+3qg0csELzmisTxLp1Efix1vfpbHHr/yAJ40u1r4nPEqHPHOnV+xjKW91nm5pgyvIWKAzDjaU
d3rus8wUVpLMCuOBoWfUixnfWX2k2I1GQz9NA3Z08naLrsjm5cHJklRKWc3y5FCxzIkMGQ1LA+Rv
MJICgMvH5qWBx2ORUht2FNAOljxA2lOaLI55GIJL46zs2DemyFedLXfZUlXymSY8ultEkVXf3fT/
kuVotALS5rbVIoAmpB4WCtlatU55YkgVQjuvq5hEIEorA816gfDJvJ/qw6cl6ZHggotixjxmBLRI
kqkfWVajaYjVe7pYOfPRKBxvYZp7GCF5zBPzW3rnK50w3a/x8LHH3GcxuYTe3+u122YPbH7LAxDk
m7MFMxmoNhfzzEd161VKTjFn10uTHQ40Rnstu7uzTqWaHY2K9tfkc/NBZvkh5oZLa2x7B5P+Wz3L
zBO9Bl1R1rjSZ/6Zsw7++7YpXS2QLTmCDBLE8semolyEdMKSki0M+uNWMTqEVWs+uZdnvydYIeL7
s75oe7yNVV5fHZ+wFF/fKcQoaH/GZMokdD3R+hZCsNCYT5HHj4D/AGn3eEqjiAUNu9falQSvN334
J0BnLEmGUybf3dHRmyfWrC4Z0CDk0cnpzkbpit9oZOLYXDB9SU4hlU7domd8Q6rIe4YfzV1sWfSL
zZ9jAOABY6YESFgzVDIfWu1qetR89iSRbCPMG8ZmcBeLUh7rRYpJf3RJ3Zspp68pFBWT/u6e+RtM
RyMDzuYeh7f9zLP446wkmiKWl2iUlzqCd9BberGzVRpLhlIiiWILcUAdfCxsrsujUR8JbTtelPHm
5tU2wFMjDsvjcnovzfpcRGMolLPEqlsG6G/o+RpLsACC2FwG7FMfeBwYT3004qOzpVjB7WxJybLN
zReU4FDTnc2jWspnUhgYbHql1TEasTwbUBJnkTqfd+hLih3GrRyB/nsT61wNZvQu0k2TU8yZU/v7
zpyqRsEwy9afNl96Re+X6040mTRqedbRerAIgM+mfuC7i10Jp7FEz1tCMQ42MhaLMpwb0CXLSWuy
KIYwmRceTN0/3Wiq7c1jwZUfmXPBilAG3/y+yxiOL49OxPNv2fwW+DO6Yi5Qp/6JDxyPAYN64ngs
pnW3kKrP/chMNRqx/Liu7Fpv+u+vyd5PkKAX8o3f99fPd7Y+E5mDKBndRp4g9eV7jTAmSQ2hzDPl
urkU5fLXxb+yTEx/8wD/tr/1DYS8vcaWsoqsVhZTEs2e1VYrTlprV5wc/yL2aVpkaZLd4iqjWxr4
/q1ZgNv1Ha1DCRHwHQJGU2vgv2UNisYIFbUoZW1FePydnWiKBTWlOwuZi80XtCLq69fvB58Agj5s
KmgbPGRi0QmEzn9lO0tmb7Yo/a7fDwb6Am95bGrc3mRyzWo9fT7nKGD3r2J/iyiPG4YMcCeVtyzk
c2Mq4cGpdWn3uyxWL6PYRrRZOjWcSRLWTHhOqTu9hdoh5fjL2s8D1XxnxXmpBZQRgeV/N5KNwYWx
OC7EW9LWlH0fWJx+yXzLbuxKooIjCJHDePJS9oLbQSETCs2PPBAs9RNQnl7ylk6UDdz4z7x5YKLY
wk/5GQ2CExpS4y0Kg/zo5MoJPtHGlUrXzCkPhOvf9LxSZ4sCFoi2Ea8/7x/FjBqy5bQ1nVH+/CRu
2+lMMUqjMGg/N5NnaMR5PCxHxtLqDnr3hd7tCr9gNhpFPJ09uYdJQCDMzXh8bq7syCmlxUTlcpEG
cz+qN6ydveK7ZDgaAYSp2EhF/djEKjcR7jM2vNFNU9DWLbS9gn+7eyAciC1cNu0fNzE75rHe83NK
CfV3eXFftbXNdHD/+PQV57eDKddnTHVqWd2lAHwEEd31S1UPetijC3++8rbNV0sh2chopAEzDp7Q
bRTPA43LgdDIeb9aei9xSVqz8OtKPGdYPeh6+tvhT318A4DPRc/b1Hn7V9VXjOLWTbrsBbE8nLb+
s+tMHAEDX7rK4ayXaIWbaaKtOGvK2Cx7+wmFm16XBiXWNyzNyBmCNz9Es5L4BFfPGzlYwU76vNgr
8D2FgaehIJ1sThA1at8lguVP6uTmhXPRMm7HZuBYb/YMAqE5gbIkmV24KfeF0izcbp6d1bdzYMG8
z+JwRQyrnFGx0UDSF+9hfmRzn2dJ/7Sa07X3yj7JtkFeBbb49QSjC1BqA8QlG6Wc0yj1U58lH0sa
KuhmKdcpV6mhH9zWmxbGv7cg0pwG/aur/s56RSx5zsIQwvwMgDEFTGokh7n1kjsN64Epr1KMtKKp
FEkr+01jlduQvxOwM25sdxGNfbHma0cdw/ANgUj7uQPvkHxAC29pJHLhYJGY006lE2vmD7780n97
8/ro6vTtL1+adoP8D8HFwrTDznhM/CTJWEJiNuNxSpyFOme/h9EWvkpLXvvpuQJaYrR9x1Tdp1jU
80hvLfRtSrt5Dn0rZNLVJgmlR5+lB5/hNU/x2XB5zXvnCa8x37NAbGQ75Cd+4vLY0yKM3hBuGorQ
8r+bSDc4Hb6/0KtyRSi9Xl+qio77p++vyfD0aGdluWSJOzam7/3ZRshxE7/zTB8cLUk6+uZ/aios
b31z1xowrIb6NNEDlEZc87Tjey3TQo5oiRyH/nsjsaY+Mx4CKMLa3TT05Z9b9ZrlsHiL1aUSVP53
Q7mivu/e0nsm3lIwJTRP6bK2H5pul4sJym1v4X8QDsWTNUOSnPbYi1f28O4N26EEqs3toBsPCRVh
TRIb0CBdiIgK8XJnD3HfXcjh6+bgs+CWxeb+Zxqx3FFKkzvvgjSmZwGdzXZWjGgssUcIJK/4FmtN
l7vCawIVG8Vr4ti1z1lQs+tWb6MHnO1dbam2Yr/tzedUBv4XJocshnxL4uMzKrvqJdjeJbYHJlr+
3gj+rR8ER5EfUuOJhEFeMwc3/Mrz52/NNCCKhsI82kg09FnTLIpSftxsb7TyfAeelkgAT579LZAd
5LIUgr7luLG/sXClfObBzg4bCv7k97JLALYIGikdj68y0ymXtP/sDlXY5JbIh9hKGbokPvqiyWt/
QqP0koktGHYEP8G2N8cvUA5m3HAkjbhG98cwumD3/VMx/1EsUtuvnC/AESCPxOzq+LusWSsw6r/X
v1gznGbsLFi8t3V5l7RyoV3eTIylw4vzy52VO/ZwC0v5IVPv4hlhzqQ/ukLyF0b5TjdDM9r+9i3R
TFFQZn7Lh1M/TtJX1JDZoD+6WvetGg3sMrDHYu4dQWxkOD67ZFhgOJzGniGFceJP2ohPg7CFMxrQ
cYeKr8olTv75siGMp8r32pgte3juz5duq5eSTAEukq/KdpH8WaKVcWwl3Htu7ue1JJW3ovsub1mp
99KxxcqqN65yNMWvjcSKQRvX/WNdrJy0xkbLJ/bk738nZ1l0S3e4/0YOYgsDxb5n7omXU9bI4cT8
1mdheRHek6ErfmAH2f5o1L8qoKyVQ471NTEUobTaulzzfcPEw4abhW07CfGBB2OfJdUzuBKn6Ifs
XrfOytOPv+6zq9Vq0PIJi6xGYzTSW99GtDjw+jEvvftqkMv7x3bLvcfPgsXuVs8gt9FIrCueSQSb
7Ja/omq6yvx4jDOW+pdE8s+ipTHD75zg5oEHhrT46cEkwWduNEiMBVIGuTx0tL+HffUWR6NS+2tt
6yuRuB7qNWL5lVrr++4LXLT87XWwJgUIGrPFgk/ohzSe+roXm/TyVGHbFFddfBWxILvfeT0smQMM
a9O+iZ97oTEIAh5a2s0l/8qViHHivYga9JQZrtjEDzdVnvWXR+SYR2N/QvDrl6N4FD0bUNzMfU6s
BrF6h636od0h/7/eIXbdtvACya+KD8VeWD2rYWtEf/YCVzbCf0gMeeq9MECpz1LhyTsQlVUDP0lf
iIup2ka1Khc3VKk79Zn8dGbyAkao2Ai+Q1ZVXR7M9MJqi2bovbopeWELXviEL+Qek5zHPAa2SxqH
sT1QQTsePmTKj2fzmWrG83E/ugxyzAshm/w6GHhSNWEpBtDkBZIDfD5QRUd6MbhdXHLHWdgFPWHM
0y7DT5S+ODk9O3p3OUSqdJHq7xmLF6pZRYohQeWY8HdtRpMEYp334p/iH2gqS3k1oXOmbpz77K7q
gSIpqO9FF0n3Dr+vouuqSwIaTTI6YS9YNCk0SXFqMEjy1iQx5M6SYnyUqLYI8aNEzwh6J3GF12Sx
mKUSzkNAz8SwNjgTGU5ZwkiuOEJjRtIpIzwCz0un4GouGj4lDiN+5AaZJz7MSh44LfIa8JDhtzvT
hzwTOmb7hOMK6gRZEidm9JYseBYrXsQfE7C/D/EeWwDT48dYIZEA42t2t2R34LGxWEpD7nj0j5Tg
dBx+vhSUHuJnQGkgP3eaTv1Eyn03ZRHJZhMo44BBbRRhd5DMDkcRIc8+TMXSbvw+KMRnjwAL9eE9
0AEMhJOA4vdoxWkBNeDQDIgKv1gq9IX7mbmMTMX3JJESImfp2blxD4n48ByeSKZZ6nG0pvwM7iEZ
VdQX4QTqexKz6mcYzpGI3/3tb38bVQTQoyDgdwT7JC4zUImQzH1K/oWOitcIj81z5CHBCCduPRXe
q+4R2/Rg5yJgQNARcnMWRGkWr1fOvjytYX/2wQf98AjUTD0Pv6gqrYFaxq85kpBR/LAoRgaUxmEI
GnTFfs9ogFqc+HO4dk6DjJE91SiEr+fIXbYI3Uw81a+CFfBTiodwWrRdfCD2KFlELn5XE/wgvgW3
qokL3iVgKfT0XFK8bBpDUZmBMeHyZJ+IyoSosAHdY5/g1/NAEMwtQjcQxpEWZhE4FF4imQ+EtUEm
cLqY34uJe1ADiCQcOVqCQ90qQBdjdF28Bl10n/jpP0B9aSxukxuECA8q3Uz2QIYMupEt1CLEqCpJ
DwWrsutS4RxxFkVoTk+umBdGENsNJzUC1bj6TUL8lBUR20ns631ROQ5qJI6zWSqpUmGomBCwKbmE
caGPio8KerJ/0Dn3PYC9GgH6CPocB0WDd9U0R4OLq/Ki3Gchb0A+iBeyi74OuAPOg9mZSDp0g9BP
saeHbEKdRQoKJwOp6brQrZ8ga3H7EI125wvFC4eCLnxXlYxyH0uEgGNf7GJFGG7egGzGUGbmTUof
B2Nl2GnJhIOd8EUg4RTY0ETArApoh6SOUkDrIiDL7/r9n5cAy53H8GNa/jb8ScpnAoIKpktIil1C
IHpgUmXeEhC2WkYlAsAH0SMUuOQfO4An+oTAg9FC+4Q2u2duJgIvl3hlb8S8tbya3btQVySFODJo
3QxPD8nw/GJALi+uLobkqN+/vDgdkP7pWwKV45vTt/sELiLDG7jqlHw4v7k8Jf23N8eng0Gt3P1X
KqPPYp+LzIwhOEHx3CkTwVjoYhlmLVA71AaeiCrikipunysDrGAF9SZICaEZHAml/ZqfSf+CMhEz
YYSXqcYEZ8kEgm4RwvN+DW3cYPbAhC9uqD28Gt1AlelgtBlzsS6QekW40qry3qUM4FlslhSiNupK
1uT5akhK8oaSfEJjBzpF1eVBIAtYEXtWa1f0MoSj7iLqLojaIY0yUYXoSKBCy8ADn+/n2aDsgrkT
ysQ6HgMvKW9Y9L4auZHRXro7lBE8C7wlFh/Sx11ECvyJZDwT8EHQdr2uZIXWzkSceJAehetIDkvZ
xjEP8zQr71ZXVHXH1C2M0ihLPvANssKlDO8Y5JUjmiyGltANlSN7WTiTZZas5Yg6UcUTub1O8CJ1
g8AuYOYSwBEkeOjqdIWCIV1DyoMW5ixf6HkHw1ew2iQvOzFeYWsFqv3ckLI6UNVlTaLBS7+qJxwb
udMsuk1y7Md0hlQ/zELIrviUiORjBzQkkSMpiaLQK/YXpUrRYx76GFTdM4VINFjFcjiDdNtcWuyE
y1Nln8aqCGOe5C8vzruQ5KUu1CUTNUPVhWEiW8p2AlBElQKFI2oP0MnSQnKZURycEHmPlLCQDm5T
+pTy5C3jxUWdiwrEb73lfB9n9ZgfjqKIpWiwQ5Ug8Av1PJDFpUNTdypqcAEZ6iVwIZViRGyTQyB1
ViYWhy3LTJnZnulWyk9hWI0XKTLfJ1VLM6Awnmi4muZgIGy32ipqFxWsGNJi8ehJyXFQI0p8vBmI
ClaNnEMVCL70QpR15Lj/bh/uBQwO9K873wO3F2WCjJ5L/lXB/5C084K7qMUToR3t2ho58iBQTWkw
PsC95cUAwWPgw6opaJTgPAo6mNYRi6SnMdMHIaf3GNWwuKRBjSCId/2on5fZxUhQrNEGUHf47A9u
zGbRrKqOS+OaK9XrEv8LW9oTC/LcjDh5l1dLULBL99BSa7Nny5ue10hf3RNQ/IwFDqXVkFT5gmhx
HNMJigA2AbUls0DUKzjOhHF/gJ2dxmin48DHaRYxcMaPrrMkJVfDdwJpAiKh2E6WEhyoC1MWzclh
RS2PNWGaVfGuQ4EWvdxjTjY5zIcqPxILhyiqUptCVxXniRqnJnJkjZ4cJVwmLuUNFjKTwUlyO55y
nojRdz5CYfkYVEQwj6aUJHSeR0qcMcknl/CcNngFYGKqThYsamICh8dyGCymlv5BPjr8Hr0+Jhcn
ZO/ju4uT5yAzuDxggOvvINzPYvkGCzgGjlxiGLbUivoPPIGLS4SyI/D0j68uc/5qVKNR/iEawwkm
kTSh+sDhrUjDQjaeT5OoFKJN+ozHolk4548X1fvM9zRHpFCnQHRjNM3jJsgvv1mfjwDE4FEhBb+B
mlOUZBF3A39GxL3gNld0AS6Dg0jcrkCNxzGlqTwgYnE1Pyeb1MZf+USZPlUyFHMd0t9xp06aSmOI
a5VzZ4mac3GhJ6cy1ql7qvKeQzKDImnuB9iMjOMqRqlWMBHRaLIcI0R4W1DOh/v5VcYM28rpKWnl
o5Bn2IXHMuGoHo2qVDbGBIshSsxEgB/ib5Eh4ea3Il9qNwvBIyZHvg6TzBy5D7KYqxMpbpo7vPBx
MYVnZF4pPja0FB8CEaFlqCCLK1IHYZDUVqGsr4ZJY+AE/pH3OwCb34x/l2gaojPjvEA1m4EDQ9ou
fFJ8n1U0JKaE9b55IhpzxL7FIgKhPlmMlia4igTKLyUdUfMoeQYX9xiiA78qsckzMolxLf5SPcVc
zVJDtYcqUrHpjsrXcCBOwihG2mbGZ1mQO6M6wFQmrlERsSHioajwqzMVxTCZYGCCbKdqZzG7K2en
DlUWx8k0MWqUZJkElb1wS+TlNIdX6A39HXKbx0qkZXczybMplJtjrlkEellVPmBZXjnlaBkBpYYv
n9V8LhBDJFuEOO5JcNFiAhImBXQczKnzpDgvRBBRjE4mMYyf5TyZmlSTkwdpTIXlDPkEPujBNyc3
hziJqWK+TH0YFO6YLK4pdJ070WIigBcCCFpNm9iGTLvUvHRNaZwHSgWDyvPKmSDJR1WVqvQaUdC5
rjoouyP0E23Sah/i42xK9wnu3CTyc7oswyD0jlkMpXbVlbvvHqqzebqSyYIak2Dq4ZWWXzMoOSGV
iyiWBwvFUFhens/beGBpKatu6tQPi1itEjAyxeuxJ2BoRstiwMQGxeyeuimfya0VDagzegu5Nh9P
8SpsS+vKXqFNnCgewD5V+synSKaKKCIGjnJU4awiBs42w9jEE5WjP14yguEHCCKfNGAEymcOZIwD
fipE5pmNBj5N1LAEKkkazoL8CGsewKhsdZgbTZ4Dv8XZq0PyqyhWIH/ui+ms35CpGHEUaVJ/AiLE
wMIRl17IWYP8mZWYDliVsURCFxk6EQWyGG3i1lqAVaVbHb5sV2CQPwk+4cKsILNX0eIhObs8Gh7a
P3T2W717a79x39i3f7B+8LAgEv18Dx+tuxhcX3TrMhTLo2bruazy5NMFfbAuezjmFtCxmkkTpYeY
CgOruQt8ppK5aRbnQTkfocTL5xIi4gAfSFWueAyU5Aqr5s80wBdkOfvsTIQa0ZS43mCSiUpBUj5p
lKqoLbWij8/E+JbdQ+BL1ODOvcXhQSIGMqARx4fCfCGLOHEdygtQYOgh04jsM1JKwR+KkXgZqyv7
FYa7+ye+2ptA7rFR6eI6dHxk77hQE011Cj5eijxcD6rRePjJ4ykEQ4OKTy4NQhYH+rEn3oMojsd+
IJaOFZRJONMPp5A+9GMfetlcJ3xOxBP45XHoyIdlOg1LMU8sBS1oM9cU+y0bq9kF404R9xOTBBVK
qFMG/UsDwSL5PcCtY/JfZHkq5bcsgvRuSLyg4lGprfaj+uLP5IqCnljJ9CXwHf1qOLwPTZ1yRGPX
6w3LsvHdnv7JjSGpxz8JJGUikHzTHNDdoyQxLhz42KE/XhkilhDAYSwWD5aId7hBlUGcqclCtR7Q
goyEgKemcxXZ9pMoprLUxy/W4NZ8Yu2EP3H8iOKW24ILqknEIM8RF8lvHbjxYoa7pAqCLX2NYdli
eJv3wHK+YWyhooah7kT7oAKM2zIRkieZ9K8c4i9Yh930xZRPcfcff/wvkCz3xQ==
===END CRASH DUMP===
