PocketMine-MP Crash Dump Sun Jul 18 22:04:22 +07 2021

Error: Attempted to create tile pocketmine\tile\Sign in unloaded chunk 10 16
File: pmsrc/src/pocketmine/level/Level
Line: 2609
Type: InvalidStateException

Code:
[2600] 			throw new LevelException("Invalid Tile world");
[2601] 		}
[2602] 
[2603] 		$chunkX = $tile->getFloorX() >> 4;
[2604] 		$chunkZ = $tile->getFloorZ() >> 4;
[2605] 
[2606] 		if(isset($this->chunks[$hash = ((($chunkX) & 0xFFFFFFFF) << 32) | (( $chunkZ) & 0xFFFFFFFF)])){
[2607] 			$this->chunks[$hash]->addTile($tile);
[2608] 		}else{
[2609] 			throw new \InvalidStateException("Attempted to create tile " . get_class($tile) . " in unloaded chunk $chunkX $chunkZ");
[2610] 		}
[2611] 
[2612] 		$this->tiles[$tile->getId()] = $tile;
[2613] 		$this->clearChunkCache($chunkX, $chunkZ);
[2614] 	}
[2615] 
[2616] 	/**
[2617] 	 * @return void
[2618] 	 * @throws LevelException
[2619] 	 */

Backtrace:
#0 pmsrc/src/pocketmine/tile/Tile(169): pocketmine\level\Level->addTile(object pocketmine\tile\Sign)
#1 pmsrc/src/pocketmine/tile/Spawnable(62): pocketmine\tile\Tile->__construct(object pocketmine\level\Level, object pocketmine\nbt\tag\CompoundTag)
#2 pmsrc/src/pocketmine/tile/Tile(116): pocketmine\tile\Spawnable->__construct(object pocketmine\level\Level, object pocketmine\nbt\tag\CompoundTag)
#3 pmsrc/src/pocketmine/level/format/Chunk(723): pocketmine\tile\Tile::createTile(string[4] Sign, object pocketmine\level\Level, object pocketmine\nbt\tag\CompoundTag)
#4 pmsrc/src/pocketmine/level/Level(2683): pocketmine\level\format\Chunk->initChunk(object pocketmine\level\Level)
#5 pmsrc/src/pocketmine/level/Level(2295): pocketmine\level\Level->loadChunk(integer 11, integer 17, boolean 1)
#6 pmsrc/src/pocketmine/level/Level(2957): pocketmine\level\Level->getChunk(integer 11, integer 17, boolean 1)
#7 pmsrc/src/pocketmine/Player(1066): pocketmine\level\Level->populateChunk(integer 11, integer 17)
#8 pmsrc/src/pocketmine/Player(1862): pocketmine\Player->sendNextChunk()
#9 pmsrc/src/pocketmine/Server(2399): pocketmine\Player->checkNetwork()
#10 pmsrc/src/pocketmine/Server(2152): pocketmine\Server->tick()
#11 pmsrc/src/pocketmine/Server(1992): pocketmine\Server->tickProcessor()
#12 pmsrc/src/pocketmine/Server(1586): pocketmine\Server->start()
#13 pmsrc/src/pocketmine/PocketMine(291): pocketmine\Server->__construct(object BaseClassLoader, object pocketmine\utils\MainLogger, string[36] C:\Users\Administrator\Desktop\LOSM\, string[44] C:\Users\Administrator\Desktop\LOSM\plugins\)
#14 pmsrc/src/pocketmine/PocketMine(321): pocketmine\server()
#15 pmsrc(11): require(string[91] phar://C:/Users/Administrator/Desktop/LOSM/PocketMine-MP.phar/src/pocketmine/Poc)

PocketMine-MP version: 3.22.0 [Protocol 448]
Git commit: c32c21464c30cd7059a4cbfb0a7d7e493238a561
uname -a: Windows NT HQDATA-788 6.3 build 9600 (Windows Server 2012 R2 Standard Edition) AMD64
PHP Version: 7.4.18
Zend version: 3.4.0
OS : WINNT, win
Composer libraries: 
- adhocore/json-comment 1.1.2@fc2f76979f0a44a5f5bc2a2b600d0762fe0e78e7
- daverandom/callback-validator unknown@unknown
- pocketmine/binaryutils 0.1.13@0abee38d4e2861621f262c79a2a3d699d8a697f4
- pocketmine/callback-validator 1.0.3@64787469766bcaa7e5885242e85c23c25e8c55a2
- pocketmine/classloader 0.1.2@9757928424652393b178a3760073113aa7c9911b
- pocketmine/log 0.2.1@830b44a2cf96ef703c550abe64302f230231ca49
- pocketmine/log-pthreads 0.1.3@e477ecf6ec214fdd4415ea1da3fdd9d73bf699ea
- pocketmine/math 0.2.6@43057cb8c179a9859677b496a788db922fd5cfc3
- pocketmine/nbt 0.2.18@9f82ca4d7f97fcd9a566e44b63c4f18a7657ae82
- pocketmine/pocketmine-mp 3.22.0@c32c21464c30cd7059a4cbfb0a7d7e493238a561
- pocketmine/raklib 0.12.11@9cce458b8bfde3e4dfdbf70c659fc7b7fe26b5c4
- pocketmine/snooze 0.1.5@70b5e7937a06878dd321a3182ceb76d56298f2cd
- pocketmine/spl 0.4.2@6b08b7cf8c4afa17139c9a1b3bf1b408531de161

Loaded plugins:
AntiTNT 0.1 by Adam1609 for API(s) 3.0.0
AntiToolBox 0.1 by NgLamVN for API(s) 3.19.0
AntiVoid 1.1.0 by FiberglassCivic for API(s) 3.0.0
AuctionHouse 1.2.5 by Shock95x for API(s) 3.0.0
AutoClearLagg 3.1.0 by Twisted for API(s) 3.0.0
AutoFeed 1 by Ghast Noob for API(s) 3.0.0
AutoFix 1 by Ghast Noob for API(s) 3.0.0
AutoInv 0.0.10 by JackNoordhuis for API(s) 3.0.0
AutoSell 1 by Jero, Cur for API(s) 3.0.0
AutoXP 1.1.0 by JackMD for API(s) 3.0.0
BLOCKBREAK 1 by YTBJero for API(s) 3.0.0
Banking_vonfram 1 by Noob for API(s) 3.0.0
BetterVoting 2.0.2 by Twisted for API(s) 3.0.0
BlockCMD 1.0.0-beta by kenygamer for API(s) 3.0.0-ALPHA10, 3.0.0-ALPHA11, 3.0.0-ALPHA12, 3.0.0
BlockSniper 3.2.3 by BlockHorizons, Sandertv (@Sandertv), Chris-Prime (@PrimusLV) for API(s) 3.2.0
Blood 1.1.0 by NashanPlaysYT for API(s) 3.4.0, 3.3.0, 3.2.0, 3.1.0, 3.9.0, 3.9.1
Boss_Quai 2.1 by phuongaz for API(s) 3.0.0
BuilderTools 1.2.0-beta4 by CzechPMDevs, VixikHD for API(s) 3.16.0
BuonLau 3.0.0 by AmGM for API(s) 3.1.2
BuyCMD 1.0.0 by zZPROGAMERZz423 for API(s) 3.0.0, 3.1.0, 4.0.0
BuyFix 1 by phuongaz for API(s) 3.0.0
CachMuaLand 1.2 by Noob for API(s) 3.1.1
ChoCanh 1 by YTBJero for API(s) 3.0.0
Class 1 by YTBJero for API(s) 3.0.0
CmdSnooper 1.0.0 by HotshotHD for API(s) 3.1.1
CustomAlerts 2.1 by EvolSoft for API(s) 3.0.0
CustomCraft 1.0.0 by TeamBixby, alvin0319 for API(s) 3.0.0
CustomItem 1.0.0 by Phuongaz for API(s) 3.0.0
DEVirion 1.2.7 by poggit, SOFe for API(s) 3.0.0
DLevelIsland 1.0.0 by Nguyễn Công Danh (NCD) for API(s) 3.0.0
DancingFarm 1 by RicardoMilos384, DontTouchMeXD for API(s) 3.17.0
DanhHieu 1.0.0 by JeroGamingYT for API(s) 3.0.0
DevTools 1.14.2 by PocketMine Team for API(s) 3.13.0
EconomyAPI 5.7.2 by onebone for API(s) 3.0.0
EconomyLand 2.1.2 by onebone for API(s) 3.0.0
Eff 2 by AmGM for API(s) 2.0.0, 3.0.0
EnchantUI 0.6 by UnknownOre for API(s) 3.0.0
EnchantVipUI 0.6 by UnknownOreforsource|RBpmmpformod for API(s) 3.0.0
Eternity 1 by minefore and shin1134 for API(s) 3.9.0
Fly 1 by Ghast Noob for API(s) 3.0.0
FormAPI 1.3.0 by jojoe77777 for API(s) 3.0.0
FormImagesFix 0.0.1 by  for API(s) 3.11.4
GemUI 1 by WoolChannel3295 for API(s) 3.0.0
HeartWings 1.3 by Edit Nờ Cờ Dờ (NCD) for API(s) 3.0.0
HuongDan 1.0.0 by YTBJero for API(s) 3.0.0
InvCrashFix 0.0.1 by  for API(s) 3.14.0
InvSee 1.0.0 by BlockHorizons for API(s) 3.0.0
KeepInventory 1.0 by KhoaGamingPro for API(s) 3.0.0
Kickk 1.1 by MCPEVN-TEAM for API(s) 3.0.0
KingofBlock 1 by YTBJero for API(s) 3.0.0
LoadAllWorlds 1.1.2 by  for API(s) 3.12.0
LpkCuaHangUI 1.0.0 by phuongaz | Moded by LamPocketVN for API(s) 3.0.0
MS_GiftCode 1 by YTBJero for API(s) 3.0.0
MS_NV 1 by YTBJero for API(s) 3.0.0
MaxEnchants 1.2.1 by Xenophilicy for API(s) 3.0.0
MenuAuto 1.0.0 by JeroGamingYT for API(s) 3.0.0
MineLevel 1.0.0 by TungstenVn for API(s) 3.0.0
Minerloot 1.0.0 by Distoxicqted for API(s) 3.1.4
Minion 1.0.4 by phuongaz for API(s) 3.0.0
MuaCoinUI 3.5 by BlackPMFury for API(s) 3.0.0, 3.2.0
MuaFLY 1.2 by SableIamNoob for API(s) 3.1.1
MuaKeyUI 1.0VH - RBplugin by Ibenrm01 for API(s) 3.0.0
MuaKitUI 1.3.6 by Infernus101 for API(s) 3.0.0
MuaPointUI 2.0.0 by JKPVN (JakayPluginVN) for API(s) 3.0.0
MuaTuNhanUI 1 by FurryJaki1992 for API(s) 3.0.0
MultiWorld 1.6.0-beta1 by CzechPMDevs, VixikCZ, fuyutsuki, kaliiks for API(s) 3.20.0
NapTheFGC 1 by KaYuuVN for API(s) 3.0.0
Netherite 1.2.1 by Wertzui123 for API(s) 3.0.0
NoFallDamage 1.0 by DeveloperNeb101 for API(s) 3.0.0
NoTP 1.0.7 by awzaw for API(s) 3.0.0
OreGenerator 0.1 by phuongaz for API(s) 3.0.0
PCEBookShop 1.0.3 by Aericio for API(s) 3.11.2
PECollide 1 by saxavlax001 for API(s) 3.0.0
PHP-Sell 1.2.7 by Muqsit for API(s) 3.0.0-ALPHA9, 3.0.0-ALPHA10, 3.0.0-ALPHA11, 3.0.0-ALPHA12, 3.0.0
PM-Beacons 2.0.1 by jasonwynn10 for API(s) 3.0.0
PayPoint 1.0.0 by YTBJero for API(s) 3.0.0
PickaxeFunction 1.0.0 by NamVN for API(s) 3.0.0
PiggyCrates 2.0.9 by DaPigGuy for API(s) 3.2.0
PiggyCustomEnchants 2.4.1 by DaPigGuy for API(s) 3.19.0
PiggyFactions 1.2.0 by DaPigGuy for API(s) 3.13.0
PixelgamesToDiscord 1 by ImNotYourDev for API(s) 3.0.0
PlayerVaults 3.3.0 by  for API(s) 3.0.0
PointAPI 2.0.9 by onebone | Edit By Nờ Cờ Dờ (NCD) (Danh Miner) for API(s) 3.0.0
PureChat 1.4.11 by 64FF00 for API(s) 3.0.0
PureEntitiesX 0.7.0 by milk0417, RevivalPMMP for API(s) 3.19.0
PurePerms 1.4.3 by 64FF00 & ProjectInfinity for API(s) 3.0.0
QuyenVipUI 1.2 by NightBlackDM for API(s) 3.1.1
RankUPUI 4 by YTBJero for API(s) 3.0.0
RebirthUI 3.0.0 by YTBJero [Edit by NCD, Ghast, CurlliestDrake66] for API(s) 3.0.0
RedstoneCircuit 2.0.0 by tedo0627 for API(s) 3.6.0
Report 1.3 by ImNotYourDev for API(s) 3.7.0
SEnchant 1.0.0 by NamVN for API(s) 3.0.0
ScoreHud 4.0.0 by JackMD for API(s) 3.0.0
SeasonPass 2.0.0 by TungstenVn for API(s) 3.0.0
ShopUI 1.0.0 by SaltyPixelDevz for API(s) 3.0.0
Shulkerbox 1.1.2 by UltraFlappy for API(s) 3.0.0
SizePlayer 1.1.0 by  for API(s) 3.0.0
SkyBlock 1 by KhoaGamingPro for API(s) 3.0.0
SkyBlockUI 2.0 KSCore by KaysilGMVN for API(s) 3.0.0
Slapper 1.6.2 by jojoe77777 for API(s) 3.0.0, 4.0.0
StaffTable 0.4 by GigantLeyKey for API(s) 3.0.0
StepCommand 1.0.3 by DavidFlash for API(s) 3.14.0
TN 1.0.0 by JeroGamingYT for API(s) 3.0.0
TimeCommander 2.2 by Zeao for API(s) 3.0.0
TopGems 2 by moch for API(s) 3
TopVoter 3.1.0 by SalmonDE for API(s) 3.0.0
TradeGui 1.2.3 by Only FurkanGM for API(s) 3.11.0
VanillaEnchantments 4.0.0 by TheAz928 for API(s) 3.0.0, 3.1.0
VanishV2 1.0.0 by superbobby for API(s) 3.0.0
WorldProtect 2.3.8 by aliuly for API(s) 3.0.0
essentialsTP 1.2.2 by  for API(s) 3.0.0
helpnewbie 1 by YTBJero for API(s) 3.0.0
iProtector 3.1.1 by LDX for API(s) 3.0.0

----------------------REPORT THE DATA BELOW THIS LINE-----------------------

===BEGIN CRASH DUMP===
eNrtXXt32zay/yq4yp5be48li9Tbu+mJI9uJN7ajtZ1HW/bkgCQksSYJlg/bym6/+50BwAdoRw9b
be8f7Z6NxSE4M7/BYGYAguR/GlMeBzT9csvixONh46C710i9gDUOjL7Z75tt+H9rOBz2DTiRRfIU
HLQGw8Gg0213jP5gYO41fJqkx3HM48bBfxrpIoJWjdPwlvqee5XSlB3fOwyuBgl7jYAlCZ1hi8M0
ZUGUMpeknDgxg4Yk9XxGIu7csDTwQmZZSLCsK28WEi8kWehz6sIVzjwLb4jRJkYfeE4z3z+BhsA0
mtP4YH9/fLD/IQFU+4cu8PGSNKYpj/ePWHKT8mj/7P3V+f5EiDkHMc3zSQsv3E9iZ7+Uvu+zW+bv
n+G/cD5CSUpKgC2/3Rpa+kBqHJj99ghsGlMHDn5qvGiTRy9FlPvX8M+O0R/tHmgWEGwtS/Btfk9d
V7Tj9i/MSb9hql2Q/8JYIuoqonchtYFP36yJk1xQRvP7L18cHoLtMid9TGBVsz3ySIPQToEhnVnW
mAcRz0L3ms6EcuZKOxj9RxUrNP89teuQJR0sx8z+GD1wZ2B2vmm/gwPp1AIP6OmFs5+6PxPsoEf1
eYbCXbLKI3fM/rDzuGdJQMAUETW/h+GSSnArdBSSe2tINke9pT6NY1pK9MKUzVhMDGOPFL8He8Tm
3Gc0JIaQ2V9D5qg3WCpzxtJNRA4eFznx6YLFOwYEyqXSIh5lPrjCMpFCznC5nOGD4SrPNL9PWOhe
sHsFSvAaPc7risUQ73fMzmj0DV7OnDk3Fyy947FiZbSX8zJ6db3kmeb3qefkPIylPIzRaBmPScwd
yBw8VszM5cx6w/43mCUpjVPF5BvjvEwM4EfGN/g8En1e04SNIRcmZ5ik4kfHcAbxIbGsc+qFZ3w2
w1YqNHT6P5PxgWWJvGVZWuKyLJW5wKMgdVlWcVW3u8FVkZ/NvBCaSfjdlfA7Zh1+Ig0sGajBD8Ea
WsXs18yLi0g3Mn4mW03G0GK38fNvew32Z1YaT8j/oLI0/BcvvOX+LQtYmAKTkEOLvYbDXYZooGkb
qFaK/0vnMb8jIbsjgl8Ba8fK4RJMKwSGqO9ajd1/ACNgYCgGv8lDEw7lr4468TcB5zN5Sf6WihQP
cfDE5zz+vLNLvv+edBWjrtb+x4ftf9Tb9wpJfXWlN93xkoSlO39L516CQQUYJT/9bU6TObDb2dlR
uuyS/yXt+xP13y755z9Jx9wl/4UmRImvNfl5d/c/UtigMNgjUn4uqyWhfG6kYW4k5idMMRo9YnnL
etSzoAu+6U9Wg7QImOiLg2FAiQUS0B/6VN4XCmTRi0Zb60XDyG1rmHmvSLDIHbAWHXPq7uz+nHeV
4tXRL3Egp8UiR4wphPm8D/YKS6vLZP8rBYrONWTn7v/97/JQmp/8nbyKWZrFIbnlnitPDYtTwqBJ
zY9lo5FqtN/47a8i+a8i+a8i+a8i+a8i+a8i+a8i+ZlF8l5jxkIWUx/rypDiql1DuxYUs6EfyoW/
Rqdlmq020jPPdxsHxrDb2Wt4yReX3TYOphRKJShjY55yhwPbbncIQjwsY52O6ZhGt991Om3HHbR7
I9p17KndpgN3wLqjjtkZ0l7fAN6Z0uWTF7pYE1xck7f/Pjq8PmwOhkPSb3WIkE5GUAqTnbyVdCZi
tsGfL00C1Vjo0tglx66HpcQuOTw/6neBPS7RHTQGrW4Lyo+9xlcY7QJZVwCDs194gtJPLy6ugSAO
7rxQ1OCQKsD6X3zPjmnssQQtR905oI3Z/i8JD5vQRhXuRstoma+mjjkd9EeD0bRNu13am/Zsx6Sm
Dbq77UHfnLI2GwzZANi7FACA1jzYd6jv29S5aYrKErsYGEI0Cvld+Er9RWXLLrW9kMYLMSSgaRtk
G51XbWoz1hm6XWYOoSwzjanZN53BiJq04/ZHI3dIQbVpV2f1qHCj1W51XvW7g+GgC9f0+7ZD6YD1
hsOe2TXZsOeYHcfssaHT61GzxhAHsihqY6Wb+Wo06A1G5rBrdvs9iJ8d2xgMaWcAZhl0DKMDvJ3R
yDBsnZPPZ4KD2TJeDTttGyxqOtNRn00H7Q5IRsD9bqdtTk34p2M4tDt6wKEZQbHJqJsbqvOKdQcD
5kz7DF106rrdrtFj1HBpBw5G7qBjT8FajOqsINPPlTb9VyC0N3DsoWOAeUfD3qg/GNjdUZ+Cz7r2
yDSnbs+ZOh2dBZQhOZ7hq9F0aILC7mAKfeK4IxgOfdbt2v2O050aQzro9waUDWvGLX82g6gYoq82
GG8VZjG9Ad+WdgGdjFcjx2Hd3tAe2lOXdVjXnbo22Nrp90ZTZ2APpszs2z2n5kFJyPlXpszbezVo
2z02GHUGtN0fDoauC7GQdgxAy+xB3+31zdFwajpujUnkCw5d8Ja+3R7aA2c6dLp0So2B0Rk5I2rY
0DGG3W0Pex3DZQag+a2YRouxeRim3jUM4zLA5ZS9RhnVQEs4plk653GCc4tDlwYGTvcgRtLIQ1IH
/L+Nx0yUzBAyIF9BsHNZBAEEr4JzCZ+mR1VCALmpFCpzFc76YSwA+er68PL6A4bZO2YnXor64RxH
NIea6TW/r2uuqEu1v5id0eDjhaa8MXq69oofZMRSA0iDcjwXYCbvr64/vb88O9LgQPCfZ3YLouJ+
rpYC+BEngTq6j3JeWELDENrWwZ14NotnGFDG3q3nbKuHXuP0Yn5NbyDf+ovXIphKwKhU+WsV3nma
Rgnk6Qrux1jvF/zQGlD3AN63PEtY1SJVsm4Vs9XTrXIFKehm1Lt/njkax1CH8WBxODkF9qfh7Tim
yfzEE2yVoRIlybKo1G+O+oGBdG2XGkmCTvkYlxnO6Gymoa7Sq7A7D53h+g4qIIC2JSdIJTuEBgUM
KuGDEohN12lTD1BqHiYLPwvOx/s6P2WME8bcmh0ESet5Hf6bOU1ScsG5vbVApaTWI9XyfkQPqWnu
3f8Jinv3m+kNHl7TGyl6bIXoWnO6f0FpBKrH7jzzkm3p/wswDXOm0gG98Fa6nlRqLURXzPdrkARp
SV/8i8V8j4yzeJtdkYDQzfri86Sm9+fJqlSAHXF+tC21JTdp8c+T9ZR/ZKxLNvsKAYB7ffZ+/O71
5fHhuwrACnFJ1/xw/Rp7Z1sIFTvLsuP1++Y1DTFxfbnl4TSmQRVD7cwSINsc6cjLslD4BiBYmrL4
I09B3yqCKrmqPhTQLfN3SDWNiTebLcZZkvLgOHTmNEyTxiP5xxaK3QrFAKuu5mq0PqToMYyMCtKc
pA8pANAEWVSHesPCxQyuexARmodnk7eHIh5Wj43asZkfP7kYU9oC9FLv9WBfhV7E4jpyRdWrCbPV
0XGLpm957H3lMHvYa1zBXJzF6S3ZeZX/xLWa8Tz2kuYk9gIGZ/Bvlpx93NWMZW7sGeeLic/TRs0I
uTbKEhLHurW3Mgp3dXPwlTX2BVR9NMQlzOSHaw2XXCPptDrqr6n+GurvqPhrPHl8l8IFau6qP2vB
5Uny5d8Z9aqQC5o+xGsxKppnPJzRr9uKUzk/zCgxRSUAB/y7Fgxc32IxzrWSKpIquT4jkCO5q4Ma
f2XOfHJ+xG7xgo/evXfzVs+YRv/pEB3kHgUucIeYJZVLUTlAqqu6aRat6L2vsRLG4eEZzTS7SIo+
vtt1tz4M3pzr2CHIPxG6vUF58zpb1KKxJDyIxbq6X3+cXL5/c3h+fPnj167ZeeCX5bjrPsdPzzN6
xsL5h9ONAOklvyIsqQC2PbqkxPVVxvvYiJSG1WhYpdbG04oCxnh6gPNBmmWFoowJMupL4asRzPmY
hvOq9oryJ1SQjrOB6XGxpqq2OP7jlBbyPnrRBhoH7hX0j15IVIgrBu5bniZzntYD7dM9xgncRIq2
LE2N1UhEqXnoQ1zWuqBKXpoVj2+5fwVqba0zKpIBjK7HkmXRPEfc3d21GOiE/FvpTYlxHFPQsg5R
Ulf01zWjwWvv3l4g2b/1wnbHeObSrxJ/mrJA1WqlCQpxOX6hpHawfteihAeoBXEF6MmWA3Ipef1x
dnT80YuFhgWAglQvbwa1fMJneF8RivT3J2xrJZtgalm3QgXLgsJG/aqotWLt/khsUzhNfD3TaOQV
XXMxyxZWZjCnF5KxlbXb0244I0cQ6snOxfhodyO4+pruCY8D/LV0tT9bsHAMzoESAbqu+epOpaED
E9UTGlcds0pdEvovPYfGLj/3fJ50hljMHvEwveYZ5Gn2uRZQB0/vaY0rYCy10w7WxDt/67FMBytJ
Kzoas9wbGoCw2jTrGT589HaD8cdu61OMglSbInbrFVG5UYBgQNN7pvMM/ZUCuOHitjZ9WJYYKpOH
UrX9ggegrQyEEq82OkrEvdagDpiHzMatuFvqJ8XOspjUAHhalqbNyu5TrWs1bZVaS+3bgFS12Abw
ZNGr67Ya4HRaBQZHGqClszuzmCM9o5NApAHzd+BsrD+q1MLeB83NCpp+d6GvY/ggd3a8j7fmZiVH
sH6uxMZYoHp+DI4kr4loChSexQ777+XrKAgi3CrJ3e3jNAqgQr0NsKYsDr10UcWZk5akLNyrAFgY
AacmydwLDaPT1WA949Z7zhxmitP1kZz4VRB49IfeiwOBG+iqKpKKvoqiZ6BOPXn+wn/hbID/be0e
XMHRspQSxY91oZwGdMYSfXVEpz+4vajB0tKo0eo+2XGyXxMsZXGUeUL2dJPlkjcs0Aa8PF7iRZ8g
y45h0IXM75ij3ra65M0m04m3jMbpJ6imqgVNhVhzqNpE1/VgFGDZ7bpYdYu/R+rv5mX3EkylRhtA
y2Q9XgWWk1YUmVteTcnFrq97dR9JqX6VusGQ6D4jlqoh4YW3DkoWA2L9Oymg8BVjOgIkrDC/flNp
W6uf+r0hqckmYN4xFsFVLEx5XM0VOr0GTQf2bs6pnLxMtuddGlPL0tRZ3+Peec7NTRWVOK7NaHQ0
5+PJ8ceL5vXx4fm2sEiWAEJJX0PtcManom815UvqH7do+u796/XtjX536Puf8CnDauzV6fWbjua3
R7n5dMVveAgGcyAdWRYqTn1fPP24QbA9i27GGX1Lw5mWAzXyilGf3+4g/yXnHJ/lsxfkjAZyZlrb
mrlyxlWWIBPuhan8qU0Vv7GtYPWtyQLQ+tY5v/ryxpumY/U8qjJOlfrHeen5FQrFR2MtqyJ+HQwX
H3Xt4fiP1BvkWZaQuVpZel90akXlCrW+VlpT/jMLeTT3fM9ZbAtAhSV6TqGKdrAWOBZmuFeqiiwn
/QmrZ7nsDYYDzNDkw9wVBAVt1Z2HDKrAlIUfw20BKDkChIoaa+GIfc7TGg5JW4HjyIPQc+85v9Z3
SD1jBlPlaVmpv1GX6DcVFKEOovv73qIenx0eiZ0RUvwG+md0DIFeSz4lTd/k0KtXm9S5mZyfZPHi
0f0C5rP2CfzogAqWdcS9a49tBujk7AcdDRKW3nK/QhVPabDNW+8oFxcnLrzZPBW2OjoHGIK6JpB3
bFHvGEmqedfHt6RJLl/LZ1F0ZKc2C+OgbWzL0XJ+AkmuzFpYvPQBFi/98HDppbaodxpOWRxmibFF
DCVLrJg3WqQEtUVhVMeSE+s7O+t55N3k4wXZ+Re9oYuJ6K6PF1ub7AvmomM2wnOdXUAKrQMqqEsq
FRj68QKwePgQ8NZW9KpMBZpclU1Q+aknpgIaqIKo+1xf7WczVu5nG/8oXu22yNIku8E9fjfU97wb
fa5ttre0yy1AheXrVCxN+efscKswAkNd0Oh6zk7ejCt2KmlLuv4d/SHLNpxcLJsCSnYQLXPh63f2
BUvnLBbHJYaCtqJe/cTi9GvmGY/seXsilJIjoMnVePIW/5LbfokJQfMTmG0e0UC8TqjEXSUvXVI5
wmINt/ZcMHuLsbXGFkxQ0WiDPuXXEw3W9eRBSVXbpUHvvtK7bcEQzHDjXBo9ueukQgDmfczeiIff
U17d5KWRlz5k+fttF67qsMma3mR8/Jrzm6s5j6oP9Feo9d6qLYEfgic7nj7JNVbtkd107UEJsayK
YtrBE3pV8dyvcBHvCpocj7nve9pCRUlbEkkTek9vfXrf3t4grLC0rIg5Uol1nwievJ00a892FaQV
O6XOxbL3449yjGpPbvzuT3agwm/FVoB1o87kvPmaUXw/SBV7SawXd7We/IUmPLxbhKHR3t6jegVL
fFIH1cBndHJ1ViOCMhMr0yqenPTH3ssptvNGG2yOnXjODb1nJ1koHvitoqidWbXN7cFD6s8Jn1L2
JjAwbEGQZZpjVah1zxrVkjWFxm+yxTOf+1n+RFguBCJkqZl28IRwmTPdr7DZL22i61K3jX5Wt1G3
PvoetdFzXkVQt4emzaPE59tHY1fa6YQKL39goYL+4AGddWzTed4z+2ImoSjfuC+w13h7+W48p2Lz
LL635m3mftvjcjS1w2dbtWAkzHnPfHzgMLnmR14COrmaUR+eXZK6T4MLnv7Asxiq3q0tTlR4giHe
FIqIg7UeTpTvA/tIoX80j6mS9ZW9+oaXLWHJ74JHQvKtkJy/rqzQYzWc/EZU9c1Rxb2ppXFT7Qwk
/xVvZiKvF8t3XZAdsfFZLEXvbn3zZYRKi62XFfVXo89iJkZQBX1O0kc9RMSaf/a7JyftzWoRwXzC
4uCRwrqRDyS8Cb/X+MxuPZ4lk+NmMcBK1F+kbMCqlC1/PWE8C6Xkm3b2CzbKOMdh6qUeSz7XLFTS
9bnVoB4cA8+/aXcNLGUvAdIt9Sfn55OtpZFY8sRtiOADoBhTikmL5GpuvPO4ouu+jlcZRvaibhRJ
q/tN5zG3If9LoJ/xRXin4dQTOxO3NCI03xAaVX5uwTskH7DCv/Hpgvp+0gpx+WN4lXX7bd0T+Hg6
wQeM1b2AXImVMeCShjcfJhqKglTF0P1dK3gUmUWZt37de8lsL07nuuIFbcUTtEp78pMI3TaE7vHR
HhE7SMUrRGBOy5L0KKY3rN//eWsgmRc6NA5pusmLaS6ZC3VPyMZe7GReqsHVz6y4PwBSebtv6ttM
+88JPlL8unP/SxbxWNdfEJZuZ/xmGTR4wgzlYQH2rdpIqpb/XaebrlRhWsFXkP7ICeSFfMXZut5V
VM4VtXOSNvwfud/0u7y2Jpe+AQSGCxkT/eHcCnHFsPh99y6UelR/rwVrzvXkoggrnOmK+ulCuDo4
8tZWdT+cyvXNtftknvk3LLa1F/9ViMv30DU++GlMT3waRVsrDCosoSekJuL9f2tD8r4yOb2oQiqJ
y99FsiUUQt4ZysO3uue/11L/ZlHfkVmQlt2L297u2NpWP/lwG+SPRSUKy7fHQKfIt8iszCk5BH2g
lMTa2CfvrsYQXuq3GxeJ5785314MLhXYwL3QNXXfUpT6DWVz7edHnvlGjUQq8OSbVKVm+zkWBJrS
6fQataliLYn6jKpWdr7xZpBQz9jiHdtaZEhQ9gYdlbJozINAf1qxSl1xe+qI3nouRKJk3tjWIwEl
SwgLqEmwQf68vqjggIM/Ybvi9QYVy7UXMGVpbbjodH3g14bMj4xubeZydvQZP+1Qkf3k8QKsmrjZ
fl+Hgph59IZpE+6csuRB0oA7moc9eaUN+ABEKXCDfuLRR57qXZSTVrwOFWqYgIdHx1uLx4qfQCE0
KH+tBSWmLnuTVV/GVZDqq+O1wf4+9BfkJItvaFh/aZPxrH1MgiHAQD3W75SPNPR8n6qJCb7gvepU
j51dMQm4nrPDryNz+M23Oj0R4a1UBT9rErOnvKpW6bX/GCZliGT+0ayhF6QVATDJIixibXt7Gajg
aFm5FuWvdfpVbLqCCi1lTnUGqpH1kNhpDWt7XHwv87cGSXKzLLHFLJIarLNQ8EhXnmdePPWY71Zf
Ea/ejb6fxgxfYA/TrXhfQ4tfTksSXA+lfqJt+NHI9eFr/h5Ve1WiZdXkr+zbOfOjkN3ZXrVgqhD/
uMc93oLQ9WONp7pC25hUIdaTQE13yIZbzdGl5Ocn6AoK8aJ+GgM6cMHaG0Xyz5aI2x3isx4tGAow
1sWi/EHjxaQ4ImMeTr0ZwS/uWbEVvrjKQvKvzCfGkJjtA2Nw0DbIp9PXcGAa2MCn4SyjM/aShTM8
DnjqvsSX7NCBY2WdttEm8qgv//hWNp2ajvh3iv92OuK3q5rRCs0Wv0fit1m/zlRtSFWYUElCbOKK
2UtjZHRMJN7NwZxN30vSl208pmHIs9DBESy+LESducfkRwKTlzwUfPB7Xk0VNMA/5IUBvVfXJC87
goJreQF3mTw/5TFwLWgcanqggvVdXFHKj6PbSElxvenUczI/XbwUis7yvWrNhKX4itrkpbCz+FoT
eu/LM4zQV1kQQP1QnEkYcysN8SONL0/ODq+RJH21+WvG4oWSqkgxTIVzlfB3K6JJArHSffl38R/Y
KUt5M6G3TF1467G7pgtmpGC8l0Mk3dv8vokjRrMbZI0AYkvOXRIDbhcU7esUrUWAX6d4QXBIEEc4
YQZmALMLXyRgVqJ5NPgmgeyaMJLbidCYkXTOCEzmE/hBU+JgN6fEZsQLHT/DJweB/YMxgLyueABX
TpFBnWdCp2yPcNyamiBLYseM3pAFz2LFi3hTAt3tQX5ACdDTMfgMJB5gfMHuCnb7LpuKm8Lkjoff
pQRnozQmaOQAwOKXYhaoIX42UOK+m7OQZNEM6itg0LJC9G/J7MAKCXnxaS72zOI3EfFDWwRYqA8w
gQ1iGib4cS9Xnhaq+hzEAFT4xVJhL3wvl8MIFCauLywYIGfpyPn4PiDia0R4IplnqcuxN+WnPg+I
1VBfCxJa35OYNX/hACPkd/9jNYSah77P7wiOP9CMqLRJbj1K/o1uiW2Ef+YZ9YBgYBWXHgtfVdeI
14LgSCLQfWAh5GYviLIrtleuXZyuaP7iE9Rg4B5gZOq6oGYi+wJtjF/yIgGjSRaLKIBYbIZKg6XY
rxn10YYz7xba3lI/Y2RHCYVYuIvcpUQYVGKxvgl9gB/ROoDTQvZFFthgInCxw2QROtc0ucEPid6A
U7VEgw8J9BP6eY4Um81jDoEKuhKaJ3vyy6NExQgYHHsEP6IEQDCBCdtA5kBakIXgTthEMr8SfQ2Y
wOVifg9jM2VgBoAk3DgslEPbKoVOp+i42AYddI946XdgvjQWl7kMw6Lwn9rFZAcwZDCITGEWAaOp
kB4IVnXHpcI54izEZ43RHXF/tegE8RbcpEWO2K36TQK8aUnEKwf2qiNROQ5aJI6zKJVUaTA0TAC6
KVyic2GEim9LuXJ0UPyKJqj9uAboI+hzHAwN3tWqOBo0bspGhadBloDoHy/kCH3jcxu8B6sCIukw
DgIvxYEesBm1FylYnFxJU7eFcb0EeYvLr7HX7jxheeFRMILvmpJR7mSJQDj1xGtzCMMn/JHNFKrS
XKR0cuitDMcsmXHoKI5jFr0CBc2Emk2h2gFpIwqQLuKx/L7T/3sEWGYt0x+T8PP0T1IeCRVULC1U
UuwSAuEDcyhzC4VQaq6V0Ta7SjERBD6JUaH0S77bgoZiXAiVMGIQJ4NMFEImIuyeOZkIvlyqLEck
Zq6iNbt3oIxISkQycL2/Pj4g129Pr8jZ6fnpNTmcTM5Oj6/I5PiSQMH67vhyj0Ajcv0eWh2TT2/f
nx2TyeX78fHVVaseAjR7mL2+MseExR4X2RkDcSI+8YvfesytUQRbA2wP9YErYoto0sQdlzLMClZQ
wgJOCNDgTYj3W84mnQwKQ8yGITZTwgRnyQRCbxnIZUYSMsR6CiZ9cUHrYWv0BTVHgG6LmIO1gbQs
qiv7VV5bYAD3YlFSQu20FdZk93GVFPKOQj6jsQ0jo4mb4WXJKgLQ49YVQw3VUVcRdRXE7oCGmahE
qppAlZaBD+7u5Tmh7oS5G8r0Op0CL4k3KIdgi7yXMV86PJQSPPPdQhcPkshdSEr9E8k4EuoD0H67
rbCCtBMRLB4kSeE6kkOBbRrzIE+28mrVoll1zWoPIxrVkw98gzziUpp3XOXVI3ZZjI8mgBsqR3az
IJKllqzniDrRxBN5fx1hI3WB0F2omSOAI0jzMNjpIwaGpA2JDyTcgpMlScYwMKRz6LVZXnpi0EJp
pVZ7eUfKGkFVmC2pDTb9pp1wOiQ//53rPqYRUr0gCyDH4tIxyecL2JFETp6kFqVdcbwoU4oR89DH
oPKOlEZCYBNL4gySbrfosSOuPvJd82msjTDqSf6ycT6EJC/VsIpMVA5NBz/YXWA7AlVErQLlI1oP
tJMFhuQSUZygEHmNRFiig8uUPSWeXDI2LqtdNCB+yirnu5zVMj+0wlB+J/dApQgozebclyWmTVOY
8GIlLlRO8Gu/RCUZEdvkNEidlanFZkWxKdPbi2ov5acwrMaLFJnvkaZR6UDReUJwM82VUSlARO2y
jhVzWCwhXYkcJzai0MeLgajUapG3UAuCL70UxR0ZTz7swbWggw3j685zwe1FrSCjZ8G/KfgfkH5e
dpcVeSKsU2nbIocuBKo59af7uM1WTBNcBj6sRIFQggs46GCVgVimvQqz6lTk+B6jGpaY1G8RVOLD
JJzkxXY5G8S5BCp1B2kTL8yiMGqq49rs5lyNusT7yor+xLI870Zc8MtLJijbpXtUUmt3ZMqLdltk
oq7xaTwTF1A1LVW+ICROYzpDCNAnYLYk8kXFgnNNmPv7ONhpjP009j1cWBGTZ/wYL0tScn79QWia
ACSEbWcpwcm66MpSnJxctPJYE6RZE686ENqil7vMzmYH+YTle4Jfrk5VuTaHoSrOEzVXTeTsGj05
TLhMXMobDGQmg5PkNp5znogZeD5PYflMVEQwl6aUJPQ2j5S4SpIvJ+G5yhQWFBPrhLJgUYsTOEWW
k2GxmvQd+Wzze/T6mJwekZ3PH06PdgEzuDzoAO3vINxHsdyRDI6B85cYJi+tsgIET+CiiTB2CJ7+
+fVZzl/NbSqU74QwXFMSSROqD5zkijQssPF8qUSlkMpCz3QqxMI5b7po3meeW6KlUKZAcGM0zcMm
wJffMs5nAWIGqRQFt4GiU1RkIXd8LyLiWvCac7oAj8GZZMBv80k5ZjSVBkQobubnpMikDID5wlh1
teRaLHdId5cfl5d9Idoq384Stezi4JcmZahT1zTlNQckghrp1vNRjAzjKkQpKZiHaDgr5gkhXubX
0+Fe3kpbVHt0hUp28mHAMxzBU5lv1IBGU6ouxvyKEUosR4Ab4m+RIOHiS5EuKxcL4CGT01+bSWa2
fPmqWK4TGW6e+7twcbGKpyVeCR8FFfAhDhFaVzWSX0kHaQxy2mNath9Xk8bACfwjH3agbH4x/i20
6YixjIsDzSxy8SGsSmwUX58UgsQacHVoHglhNm6USUQAQnuyGHuayM9HE4WOqMWUPIGLazTowK9J
TPKCzGLcaleYp1ywKSzUemgiFZruqCfmaRAmYRIj+ybiUebnzqgOMJOJNiogdkQ4FAV+M1JBDHMJ
xiVIdqp0Fgu6conqQCVxXFET00ZJljlQ9Rd+Ma1Y66gMcvT3Jr4prEYqhptOjuZQbU55pUdglDXl
vY2i5ZxjzwhVWvgsQcvjQmMIZIsApz0wQFJcQXSSUnWcy6nzpDwvIIggRmezGCbQcrFMrazJBYQ0
pqLnNHxCPxjB74/e43fjmyrky8yHQeGOydqawtC5ExIToXgJQNBalbVtSLSF5aVrys55YFToUHle
ORPkePwCushU1RJR0HnVdFB1h+gnlZWrPYiP0ZzuEXzvh0jPaVGFQeidshgq7aYjXzJ7oM7m2Urm
CqqthKnbZJX0mkHFCZlcRLE8WCiGoufl+VzGg56WWKtdnXpBGatV/kWm2B5HAoZm7FkMmChQLPGp
i/Ll3FYpQJ2pSsituTzDq7Ate1eOisrKieIB7FNlz3yNZK6IImLgJEfVzSpi4JIzTE1cUTh604IR
zD4AiLzZgBEoXziQMQ74qRCZZzbqezRRsxIoJGkQ+fkRljygo+qrg7zT5DnwW1zBOiA/iVoF8uee
WNL6GZnK1zoWabJ6E0TAwLox9ly1aJDfpRKrAY9lLJHQRYZORH0sJpv4OCXoqtJtVX0pV+ggfxK8
o4VZQWavUuIBwftaB+Y/Bnu90b2x17nv7Jn/MP7hYj0kxvkO3o13MLi+HLZlKJZH3d6uLPLkLYbq
XF2OcMwtYGO1lCZKD7EWBr3mLPC2SuakWZwH5XyCEhc3J0TEAT6QqhxxJyjJDdbMb2yAL8hq9sWJ
CDVClGivMclEpSApXyqUpigtKzUfj8T0lt1D4EvU3M65wdlBIuYxYBHbg7p8IWs40Q7xgiow85Bp
RI4ZiVLwh2IkLmJ1Y6/B7lMWJvnjuWIvzEFjgI/j4e4N24GaaF6l4B2m0KWxRuPBF5enEAw1Kt6p
1AhZ7FePMURUj6eeL3ZzlZRZEFUP57ijsXLswSi7rRJ+ScS9/uI4sOX9sioNSzHQ363SIkeHfcmm
anFBu1LE/UQnQYUSVClXkzNNg0Xyq4/7OPNfpDiV8hsWQnrXEC+ouFtqqnf9fPUiudm7J94s9tX3
7GprOLwPdJty1MZstzuGYeLzpJOj9xpSl38RmtSJQPL07oDhHiaJ1vDKwwH9+VyDWNMADnGWrMMC
4h2+/EcjRmqtUH1j1ICMhArPdecqs+0XUUxlqYffYcH3zIh9U97MFh+KV1xwe41gmb8IXwQk1xZX
SKM68SLC92gCoSPaz9wHXeZpvSxs06mSYIqWifA7y6Qv5er8iDXX+4lY3Skv+O23/wMqPJca
===END CRASH DUMP===
