PocketMine-MP Crash Dump Sun Nov 14 07:55:01 +07 2021

Error: syntax error, unexpected integer "0"
File: plugins/#SimonSay_NEW/src/tungsten_simonsay/SSManagement
Line: 5
Type: ParseError

THIS CRASH WAS CAUSED BY A PLUGIN
BAD PLUGIN: SimonSay v12.jul.2019

Code:
[1] <?php
[2] namespace tungsten_simonsay;
[3] class SSManagement{
[4]     /** @var array string*/
[5]     #[0=>string]
[6]     public static $games = []; //Game currently in play
[7] 
[8]     /** @var array string */
[9]     #[0=>string]
[10]     public static $players = []; //Name
[11] 
[12] 	public static $number = []; //Number of player in a game
[13] 
[14]     #public static $blockPlace = []; //Block place, to reset map
[15] }

Backtrace:
#0 pmsrc/vendor/pocketmine/classloader/src/BaseClassLoader(124): BaseClassLoader->loadClass(string[30] tungsten_simonsay\SSManagement)
#1 plugins/#SimonSay_NEW/src/tungsten_simonsay/RefreshTask/RefreshSignTask(37): BaseClassLoader->{closure}(string[30] tungsten_simonsay\SSManagement)
#2 pmsrc/src/pocketmine/scheduler/TaskHandler(137): tungsten_simonsay\RefreshTask\RefreshSignTask->onRun(integer 681)
#3 pmsrc/src/pocketmine/scheduler/TaskScheduler(179): pocketmine\scheduler\TaskHandler->run(integer 681)
#4 pmsrc/src/pocketmine/plugin/PluginManager(654): pocketmine\scheduler\TaskScheduler->mainThreadHeartbeat(integer 681)
#5 pmsrc/src/pocketmine/Server(2389): pocketmine\plugin\PluginManager->tickSchedulers(integer 681)
#6 pmsrc/src/pocketmine/Server(2152): pocketmine\Server->tick()
#7 pmsrc/src/pocketmine/Server(1992): pocketmine\Server->tickProcessor()
#8 pmsrc/src/pocketmine/Server(1586): pocketmine\Server->start()
#9 pmsrc/src/pocketmine/PocketMine(314): pocketmine\Server->__construct(object BaseClassLoader, object pocketmine\utils\MainLogger, string[47] C:\Users\tungnguyen\Desktop\Servers\AcidIsland\, string[55] C:\Users\tungnguyen\Desktop\Servers\AcidIsland\plugins\)
#10 pmsrc/src/pocketmine/PocketMine(344): pocketmine\server()
#11 pmsrc(11): require(string[102] phar://C:/Users/tungnguyen/Desktop/Servers/AcidIsland/PocketMine-MP.phar/src/poc)

PocketMine-MP version: 3.25.0 [Protocol 471]
Git commit: f48b703533e0ced4e8ff9e118c5fe3889ccaf23e
uname -a: Windows NT tungnguyen2-8si 10.0 build 14393 (Windows Server 2016) AMD64
PHP Version: 8.0.11
Zend version: 4.0.11
OS : WINNT, win
Composer libraries: 
- adhocore/json-comment 1.1.2@fc2f76979f0a44a5f5bc2a2b600d0762fe0e78e7
- daverandom/callback-validator unknown@unknown
- pocketmine/binaryutils 0.1.13@0abee38d4e2861621f262c79a2a3d699d8a697f4
- pocketmine/callback-validator 1.0.3@64787469766bcaa7e5885242e85c23c25e8c55a2
- pocketmine/classloader 0.1.2@9757928424652393b178a3760073113aa7c9911b
- pocketmine/log 0.2.1@830b44a2cf96ef703c550abe64302f230231ca49
- pocketmine/log-pthreads 0.1.3@e477ecf6ec214fdd4415ea1da3fdd9d73bf699ea
- pocketmine/math 0.2.6@43057cb8c179a9859677b496a788db922fd5cfc3
- pocketmine/nbt 0.2.18@9f82ca4d7f97fcd9a566e44b63c4f18a7657ae82
- pocketmine/pocketmine-mp 3.25.0@f48b703533e0ced4e8ff9e118c5fe3889ccaf23e
- pocketmine/raklib 0.12.11@9cce458b8bfde3e4dfdbf70c659fc7b7fe26b5c4
- pocketmine/snooze 0.1.5@70b5e7937a06878dd321a3182ceb76d56298f2cd
- pocketmine/spl 0.4.2@6b08b7cf8c4afa17139c9a1b3bf1b408531de161

Loaded plugins:
AcidIsland 3.2.9 by GODSMineVn for API(s) 3.0.0
AddGems 1 by  for API(s) 3.0.0
AlwaysNight 0.0.1 by YTBJero for API(s) 3.0.0
AntiInternalKick 1 by Jibix for API(s) 3.0.0
AntiTNT 0.1 by Adam1609 for API(s) 3.0.0
AntiToolbox 1.0 by FaigerSYS for API(s) 3.0.0-ALPHA4, 3.0.0-ALPHA5, 3.0.0-ALPHA6, 3.0.0-ALPHA7, 3.0.0-ALPHA8, 3.0.0-ALPHA9, 3.0.0-ALPHA10, 3.0.0-ALPHA11, 3.0.0-ALPHA12, 3.0.0, 4.0.0
AuctionHouse 1.2.5 by Shock95x for API(s) 3.0.0
AutoClearLagg 3.1.0 by Twisted for API(s) 3.0.0
AutoFeed 1 by Ghast Noob for API(s) 3.0.0
AutoFix 1 by Ghast Noob for API(s) 3.0.0
AutoInv 0.0.10 by JackNoordhuis for API(s) 3.0.0
AutoSell 1 by Jero, Cur for API(s) 3.0.0
AutoXP 1.1.0 by JackMD for API(s) 3.0.0
Badge 1.0.0 by YTBJero for API(s) 3.0.0
BanItem 2.3.3 by LDX for API(s) 3.0.0
Bank 0.0.1 by YTBJero, GhastNoob, Kaido Joestar for API(s) 3.21.0
BetterVoting 2.0.2 by Twisted for API(s) 3.0.0
BlockCMD 1.0.0-beta by kenygamer for API(s) 3.0.0-ALPHA10, 3.0.0-ALPHA11, 3.0.0-ALPHA12, 3.0.0
BlockSniper 3.2.3 by BlockHorizons, Sandertv (@Sandertv), Chris-Prime (@PrimusLV) for API(s) 3.2.0
BossAnnouncement 2.0.4 by XenialDan for API(s) 3.13
Boss_Quai 2.1 by phuongaz for API(s) 3.0.0
Broadcaster 1.5 by EvolSoft for API(s) 3.0.0
BuilderTools 1.2.0-beta4 by CzechPMDevs, VixikHD for API(s) 3.16.0
BurgerSellWands 1.0.1 by Heisenburger69 for API(s) 3.0.0
BuyKey 1.0.0 by  for API(s) 3.0.0
Buy_cmd 1 by TungstenVn for API(s) 3.0.0
ChoDenUI 3.5 by BlackPMFury for API(s) 3.0.0, 3.2.0
CmdSnooper 1.0.0 by HotshotHD for API(s) 3.1.1
CoinAPI 2.0.9 by onebone | Edit By SenKai Official for API(s) 3.0.0
CrateVH 1.1 by PIG for API(s) 3.0.0
Crossbow 1 by SonsaYT for API(s) 3.0.5
CustomAlerts 2.1 by EvolSoft for API(s) 3.0.0
CustomWing 1.5 by YTEsDev for API(s) 3.0.0
DEVirion 1.2.7 by poggit, SOFe for API(s) 3.0.0
DLevelIsland 1.0.0 by Nguyễn Công Danh (NCD) for API(s) 3.0.0
DancingFarm 1 by RicardoMilos384, DontTouchMeXD for API(s) 3.17.0
DanhHieu 3.0.0 by padreon for API(s) 3.0.0
DevTools 1.14.2 by PocketMine Team for API(s) 3.13.0
EasyCommandAutofill 1.0.9 by jasonwynn10 for API(s) 3.0.0
EconomyAPI 5.7.3 by onebone for API(s) 3.0.0
Eternity 1 by minefore and shin1134 for API(s) 3.9.0
ExtendedBlocks 1.3.0 by Javier Leon9966 for API(s) 3.14.0
Fishing 0.4 by benda95280 for API(s) 3.0.0
Fix 0.0.1 by YTBJero for API(s) 3.22.0
FormAPI 1.3.0 by jojoe77777 for API(s) 3.2.0
FormImagesFix 0.0.1 by  for API(s) 3.11.4
GMCDetect 1 by TungstenVn for API(s) 3.0.0
GemUI 1 by WoolChannel3295 for API(s) 3.0.0
GuessTheNumber 3.1.0 by SalmonDE for API(s) 3.0.0
InvCrashFix 0.0.1 by  for API(s) 3.14.0
InvSee 1.0.0 by BlockHorizons for API(s) 3.0.0
KeepInventory 1.0 by KhoaGamingPro for API(s) 3.0.0
KeepYourXp 1.1.1 by ArasakaID for API(s) 3.0.0
KingofBlock 1 by YTBJero for API(s) 3.0.0
KitUI 1.3.5 by Infernus101 for API(s) 3.4.0
LoadWorlds 1.1 by shin for API(s) 3.0.0
LockedItem 3.0.1 by ytbjero for API(s) 3.0.0
MSpawns 2.2 by EvolSoft for API(s) 3.0.0
MaxEnchants 1.2.1 by Xenophilicy for API(s) 3.0.0
MenuAuto 1.0.0 by JeroGamingYT for API(s) 3.0.0
Minion 1.0.4 by phuongaz for API(s) 3.0.0
MuaDanhHieu 3.5 by BlackPMFury for API(s) 3.0.0, 3.2.0
MuaPointUI 2.0.0 by JKPVN (JakayPluginVN) for API(s) 3.0.0
MultiServerChat 0.0.2 by tungsten for API(s) 3.0.0-ALPHA12, 3.0.0, 3.0.6, 4.0.0
MultiWorld 1.6.0-beta5 by CzechPMDevs, VixikCZ, fuyutsuki, kaliiks for API(s) 3.20.0
MyItem 0.1 by AnhKhoaaa for API(s) 3.0.0
NGVS_Khoe 1.0.0 by NguyenDongQuy for API(s) 3.0.0
NVSSP 0.2.1 by YTBJero for API(s) 3.15.4
NameSpaceRemover 1.0.0 by JackMD for API(s) 3.0.0
Napthe 0.0.1 by hachkingtohach1,tungstenvn for API(s) 3.0.0
Netherite 1.2.1 by Wertzui123 for API(s) 3.0.0
NoAdvertisings 0.0.3 by YTBJero for API(s) 3.0.0
NoFallDamage 1.0 by DeveloperNeb101 for API(s) 3.0.0
NoPvPArea 0.0.1 by author_name for API(s) 3.0.0
NoTP 1.0.7 by awzaw for API(s) 3.0.0
OffHand 2.1.2 by alvin0319 for API(s) 3.0.0
OnlineTOP 1.0.1 by HMMMM for API(s) 3.0.0
OreCore 1.01 by  for API(s) 3.0.0
PCEBookShop 1.0.3 by Aericio for API(s) 3.11.2
PHP-Sell 1.2.7 by Muqsit for API(s) 3.0.0-ALPHA9, 3.0.0-ALPHA10, 3.0.0-ALPHA11, 3.0.0-ALPHA12, 3.0.0
PM-Beacons 2.0.1 by jasonwynn10 for API(s) 3.0.0
PiggyCustomEnchants 2.4.3 by DaPigGuy for API(s) 3.19.0
PlayerVaults 3.3.1 by  for API(s) 3.0.0
PureChat 1.4.11 by 64FF00 for API(s) 3.0.0
PureEntitiesX 0.7.0 by milk0417, RevivalPMMP for API(s) 3.19.0
PurePerms 1.4.3 by 64FF00 & ProjectInfinity for API(s) 3.0.0
RankShopSystem 1.0.0 by zZPROGAMERZz423 | §eFor issues report by §2Visiting GitHub.com/zZPROGAMERZz423 for API(s) 3.0.0
Report 1.3 by ImNotYourDev for API(s) 3.7.0
SETVIP 2.3 by MCPEVN TEAM for API(s) 3.0.0
ScoreHud 4.0.0 by JackMD for API(s) 3.0.0
SeasonPass 2.0.0 by TungstenVn for API(s) 3.0.0
Shield 1.1.0 by JavierLeon9966 for API(s) 3.7.0
ShinPickaxeLevel 6.0.0 by shin for API(s) 3.0.0
ShopPoint 1 by S2TwKen for API(s) 3.0.0
ShopUI 1.0.0 by SaltyPixelDevz for API(s) 3.0.0
Shulkerbox 1.1.2 by UltraFlappy for API(s) 3.0.0
SimonSay 12.jul.2019 by tungsten for API(s) 3.0.6, 3.0.0, 4.0.0
SizePlayer 1.0.3 by  for API(s) 3.0.0
SkillAnimate 1.0.1 by Tungsten for API(s) 3.0.0
Slapper 1.6.2 by jojoe77777 for API(s) 3.0.0, 4.0.0
SlapperRotation 1.2.0 by jojoe77777 for API(s) 3.0.1
StaffMute 1.0.0 by YTBJero for API(s) 3.0.0
StaffTable 0.4 by GigantLeyKey for API(s) 3.0.0
TableSpoon 1.0.0 by CortexPE, Xenophilicy, HyperFlareMC for API(s) 3.0.0
ThueFlyV2 2.0.3 by LetTIHL for API(s) 3.0.0
TimeCommander 2.2 by Zeao for API(s) 3.0.0
TokoThirstBar 1.1 by Rand for API(s) 3.0.0, 4.0.0
TopLeaderboard 1.0.0 by YTBJero for API(s) 3.0.0
TopLeaderboardCoin 1.0.0 by YTBJero for API(s) 3.0.0
TopLeaderboardGem 1.0.0 by YTBJero for API(s) 3.0.0
TopLeaderboardIs 1.0.0 by YTBJero for API(s) 3.0.0
TopVoter 3.2.0 by SalmonDE for API(s) 3.0.0
TradeNPC 1.0.0 by alvin0319 && FunkaDev for API(s) 3.0.0
Trident 1.0.0 by brokiem for API(s) 3.15.0
UIShop 3.5.4 by SaltyPixelDevz for API(s) 3.0.0
Wolfies-FloatingText 1.3.5 by  for API(s) 3.0.0
WorldProtect 2.3.8 by aliuly for API(s) 3.0.0
essentialsTP 1.2.2 by  for API(s) 3.0.0
iProtector 3.1.1 by LDX for API(s) 3.0.0
reyyogaWtrhit 1.1.6 by reyyogaMnelux for API(s) 3.0.0, 4.0.0

----------------------REPORT THE DATA BELOW THIS LINE-----------------------

===BEGIN CRASH DUMP===
eNrtfft32zay/7+CVb5n19mvJYvU273ujeNH7MYPraU82qonByQhiTFJqHzIVvb2f78zACgCtGNJ
jrK9PzQ9PRaH5OAzD8wMQBD8d2XM45Cmn+YsTnweVfabu5XUD1ll32o32t2W1ahbtYbVtFvWbiWb
yVONTq1Xb9mdbs+2LLvTsHcrAU3SkzjmcWX/35V0MYOrKn0aJ0wSdyshSxI6QXKyiFJ6Txie2CVZ
xO5nzE2ZR/woZRMWk1GlPqrALeMsCE79AO852h+N3iWAcTRKs2gSTbIFi0ajY5bcpnw2Gg1YPBdn
D13fO08CGnmj0SzIJn4ExBcDP+TRgC4+XZ18GI2S2JVskpRFnxI8l9AFMBlc0ggwhixKa7PpDCHI
5hWnPYPRHvDZe8BmT+cCHAI/Ag4t0GpMXfj1a+VFncxCvHfOIo/HezPu3rI0hOv2XFBjEnDqsVhw
f00TdoS0C0Hbsezmy31SolZ/xDsEYSdJYz+a/Nqo/0ZWCPgSsL2wyCaS3bBxzJLpkCa3+e+BP4nw
eKfReQzYv92AJ1nM/tgUmK1UhP9r+kncKfOyALSDjZ6BlQPUimj8EbYa4OVBjrj6I49usmgnd7p2
1xItN9ZpeZAf7VidHrRdXAjelZ8bjTSQ1R/jRxprPt6YNMpeX/yRmol32q3m0y0tQVV/DKkfDacx
o94Zo3HqMJo+aLv1eNuyJ+3YjW5ZMIlqNDJgVX9MfbdoOnnQTPvpZqyWXWpGnpF8dwSLzpMsrF7v
KRb9mLsQengseXWf5tXqtr/CK0lBkZJH73EeffHzEn7uQMD8CptPn1xwzjTO3HSHO58h8JV7zS5R
dP32LPUDCGSXYNcLPpngVapHNTu/kWdFxyWHVuuZHJbxVcaS+mq1NB+4sNS7ZGBJBjuWBVfF7PfM
j1keOKy6/RuZTWm8v7d3tL8nsO4VUPcUUmXIZK/AqQGoXvZryCOH+LLy2x+7FbbttLWtnAHYJJNP
fjTnwVye3q94oBcXr5NngZI3ATSXewyFsYD8X/8ts5gNvyMKoswgBT0MlD/AJQ24RGQfomP5N5xp
whkC//b++U/yak5jQuOYLpTz/HMPrmipK178Wj/4UdJ/A3JbkWeZE/gu3EChP5L/N0Eg5ID8+tsP
ZG/vDRwRN4tjaC1YgC4hIwk5OnA3/Ok+1ToRzfceb96qP94+8gcPWSK4AgR4uSUbtFBZo7R0U5SF
Dph4eY885GMiuSFuSiaKU0NxyjX3osTMCcAj+wHaImf4GknIzGW7JOXg/QlLSUjRehbq94/KH3+V
EH+VEH+VEH+VEH+VEP+3SojdyoRFLKYBpl1Ms1hD6DcAMgcMVIyxK42a3arVkZ75gVfZt+tWY7fi
J588Nq/sj2mQMMjuMU+5y4FtswOD74mPuX/c7DqdeqPVaLC6y7wm647HPWZZXbc1Zo1ut+e6dGw3
MA9lCssHH3LEXUKuhqSQ1q52E59Y9VqdCAzEajZ6DbKTXyyVQABY+yU5vDxuN7HegGpiv9Kt1WuQ
LXcrXyD5wHEzP4bTn3iCLZ5fXQ2BIA7uoELBsiSccdD4p8B3Yhr7LEFtUW8KEsZs73PCoypcoyoc
q2bV7Fdj1x532r1Ob1ynzSZtjVuOa1PbadfrXr3Ttseszjpd1gH2HgW0YCke7rk0CBzq3lbnNPA9
mmJtB7q4jfhd9Er9RbCFezl+ROOF6B9wKQhTsxqv6tRhoFDQsN1tW23bGttt2+30qE0bXrvX87oU
oI2bJqtHG7dAQY1X7Wan22nCPe2241LaYa1ut2U3bdZtuXbDtVsMbNiidolhkc4VNvtVr9Pq9Oxu
0262WzZYzbE6XdrogFo6DctqAG+317Msx+QU8IngYNesV91G3QGN2u6412Zj8CdoGQVuNxt1G9yn
bjcslzZ7DzhUZ6nICbmiGq9Ys9Nh7rjNXNtqjj2v2bRajFoebcBBz+s0nDFoi1GTVUjTqULTfgWN
tjqu03UhE9Jet9VrdzpOs9emnW7Xc3q2PfZa7thtmCwiJ83l6b7qjbs2APY6Y7CJ6/Voq91mzabT
brjNsdWlnXarQ1m3pNziZzWcLbvlqw36mMYsprfg21IvgMl6BZexZqvrdJ2xxxqs6Y09B3Tttlu9
sdtxOmNmt52WW/KgJOL8C1Pqbb3q1J0W6/QaHVpvdztdz2vYFm1YIC1zOm2v1bZ73bHteiUms0Bw
aIK3tJ06iOOOu26TjqnVsRo9t0ctBwxjOc16t9WwPGa1rcofy/GG6JtF+NPimkbcrRjxrIbOQrN0
yuMES9Q318cDjH/vI4yQdOYjsQE9oY7HLKJOwIAzpDEIdR6bQSzB++Bcwsfp8ZJQOYFsx8PFYf8c
GlBxlUdsgWywSIHmLxf9gKeQ28RfHEBBh8EofD0Yfri+uTgG0h1zEj9FGbCSPvS8NyxMdMkURRfL
MkT6JjEKsLNpxqMJ/TIaQWE1xxSJ7WJaXgt4cEcXyZU/maY6eI2qC1DH0Gza5efh659YzCtbkkax
G41oJGuLtYSIUv8cirw4osFbKLB0Scqnvm6Pyk++499vSxDBDIqTUvubCTWEtGfKMhSJULdISYhD
j4ZWu97blhyq0TLuwfDwZviu/zhqzgOH35eRK6phAFG0aOhPqQ+V5ODnQRl+9fCif3aIsU07bJmH
bfOwYx52zcOeeWjVS8dW6djOj3EK41sUuhRROodSi3Gwyj2maTpLoOqEEm6aOTWoc/aWXPd0PmgQ
KOtB2Wc8S5huEZ1smsSutUyjDKCouu217rcZeM+j+VFMk+mp7HFKN4lqCbq/xDdFfKAbE+3qvpOl
/CiAceYFnUwMqXW6mXEe+OLwzofBu7etjpRKdigalOEIIgAQKJuJaVPLK5iHySLIwsujPZOfUsYp
Y15JD4L0RDR8M6VJSq44d7YWSlSrG8RAvMO/LyP37/8E4BjNN8ENHl7CjZQH2bTkdD9BsQ/QY2+a
+cm28H8GplHOVDqgH82l60lQa0k0YEFQEkmQnkqpkMt3yVEWb9MUCTS6mS0+9ku4P/ZLQe9B70dD
XB5vrRoQ3KTGP/bXA/9IX5ds9pQEINxr6k30sC6PSym2LNr3KtlE4+sb5jWNzlMWGuglRcdv1xq1
hon/4vjjtrADK8Qtmn22VYBJ9fKof7KX45fC3ZqS3a5bSe/KCCYC2G7lLfU9Tn7iDGf7DLFtaws2
cwDYBiZjKZSy73nqR3paNcim8WA8/R2yaqXvTyaLoyxJeXgSuVMapUnlkVTrCGBzAQzsbMJcLS0+
RDmCIKBJmpMedLEqtEVNUW9ZtMBnOPHjxewGJeczrZyjBdEL3OuJPYj8GYvLkitqeahe6p/i0jMe
+194hAPgAQzvWZzOyc6r/CfOrh5NYz+p9mM/ZHAG/2bJxfuXpo9v7BlqzF5SQo5GaULKMRrJ6e21
lMKT5DCKeBa56rFpoZnyqXIPaJrq+cginwbH1JzIsBrPtfK94OfhgLkMZVMJP/0ro35JNEkzZSpF
rnwKorL1KY3DLKYIQoq2lhgxXOFC/DS9V6OaXbc01jmZ82AAsLYlitYwyGCgeGIknSeZu7u7GgNE
yL2W3gr5cHadxTjC06ebDHJ5PCeDU8kNj74wd9q/PGZzvOG9f+/fnpn1jtV+vtwucp+FHnCHMCzB
pQgOtGBC3TTbarj3DFZCOTGOgqE+/EAFIk0/5ply/C559BnzExY54qb2ZnMp+jj3CQWZLaBWDIAb
5ORs8ZYtDFEF4ekicFvuLdraCOwnN/RMtILyxCBiqB6jf+vUbwFbcsR214d+NOXHLHp3rmFfksyE
2CqnQ6ja+5enWbx4gH/3OTmukCMHMBrJXxtIE3oDGBKaOV4jrhhCnPE0mfK0HDCgGz03XoReIpsG
WXQYqyWBsSz2NU0MRSnn4dITBR4xB/4n/0NOPD8lrxdkwCIot8n1eOy7kFK35W2qodHIBWDAECRc
IlwtXkxT9v5MF09RSgNYU7j++ZttwR/wLPgghty/ZMGYTkP/9HO8gafFkLkdfmdIoEhPdPoBLpj5
eVgSovV8IQQ7UL1qewMBxDDjMIAEpmcUg/xkebTtmkJvGQQycTyvqpBMPpjDOo34ZM308/AkgXS8
XfE+iCHbujY6PnnvxwLeEv2SVK6GOqXilU9wKQQMU65P2dYqWMF0NJoLCKMR1EHqlwZrxaOU4ws2
Z8GDR6YGeUWYvppki1FmMbcVkaNRVq+Pm9GEwNBjSnaujo5fPruw2a2c8jhcUeJciZUhR1DKY4sg
uol8tVFp5IIXnNJYnyTSqU/EjxvfpbHHL/2AJ40u1r7HPEqHPHOnl+xjKW91nm9pgyvIWKAzDtaU
d3rms8wUVpLMCuOBoWfUixnfWn2k2I1GQz9NA3Z4fLNBV2Tz8uBkSSqlrGZ5cqhY5kSGjIalAfI3
GEkBwOVj89LA46lIqQ07Cmh7Sx4g7QlNFkc8DMGlcVZ27BtT5I+dLXfZUlXymSY8ultEkVXf3vT/
kuVo9Aik9W2rRQBNSD0sFLK1ap3yxJAqhLZeVzGJQJRWBprVAuGTeT/Vh09L0hPBBRfFjHnMCGiR
JFM/sqxG0xCr93yxcuajUTjewDT3MELymCfmt/TOVzphul/j4WOPuc9icgG9v9drt80e2PyWByDI
N2cLZjJQrS/mqY/q1quUnGLOrpcmOxxojPZadndrnUo1OxoV7a/I5+aDzPJDzDWX1tj2Fib9N3qW
mSd6DbqirHClz/wzZx38921TulogW3IEGSSI5Y91RTkP6YQlJVsY9KetYnQIq9Z8di/Pfk+wQsT3
ZX3R9ngTq7y5PDpmKb62U4hR0P6MyZRJ6Hqi9Q2EYKExnyKPnwD/AdLu0ZRGEQsadq+1LQnerPvw
T4DOWJIMp0y+s6OjN0+sWF0yoEHIo+OTrY3SFb/RyMSxvmD6kpxCKp26Qc/4hlSR9ww/mrvYsugX
6z/HAMADxkwJkLBiqGQ+tNrW9Kj57Eki2USYt4zN4C4WpTzWixST/uSSurdTTt9QKCom/e098zeY
jkYGnPU9Dm/7mWfxx1lJNEUsL9EoL3UE76C39HxrqzSWDKVEEsUG4oA6+FjYXJdHoz4R2ra8KOPt
9etNgKdGHJbH5fRemvU5j8ZQKGeJVbcM0N/Q8zWWYAEEsb4M2Kc+8DgwnvpoxCdnS7GC29qSkmWb
6y8owaGmO5tHtZTPpDAw2PRKq2M0Ynk2oCTOInU+b9GXFDuMWzkC/fc61rkczOhdpJsmp5gzp/b3
nTlVjYJhlq0/b770kt4v151oMmnU8qyj9WARAJ9N/cB3F9sSTmOJnreEYhysZSwWZTg3oEuWk1Zk
UQxhMi88mLp/vtFU2+vHgks/MueCFaEMvvl9lzEcXRwei+ffsvkN8Gf0kblAnfonPnA8AgzqieOR
mNbdQKo+9yMz1WjE8uO6smu97b+/Ijs/QYJeyPd931+93Nr6TGQOomR0E3mC1JfvNcKYJDWEMs+U
6+ZSlMtfE//KMjH9zQP82/7WNxDy9hobyiqyWllMSTR7VlutOGmtXHFy9IvYl2mRpUl2i6uMbmng
+7dmAW7Xt7QOJUTAdwgYTa2B/5Y1KBojVNSilLUV4el3dqIpFtSUbi1kLtZf0Iqor968H3wCCPqw
qaCt8ZCJRccQOv+VbS2Zvd2g9Lt6PxjoC7zlsalxe53JNav1/Pmcw4Ddv479DaI8bhQywB1UbljI
58ZUwoNTq9Lud1msXkaxiWizdGo4kySsmPCcUnd6C7VDyvGXtZsHqvnWivNSCygjAsv/riUbgwtj
cVyIt6StKPs+sDj9kvmW3diWRAVHECKH8eyl7AW3vUImFJofeiBY6iegPL3kLZ0oG7jxn3nzwESx
gZ/yUxoExzSkxlsUBvnJyZVjfKKNK5WumFMeCNe/6XmlzhYFLBBtIl5/3j+MGTVky2krOqP8+Unc
ttWZYpRGYdB+rifP0IjzeFiOjKXVHfTuC73bFn7BbDSKeDp7dg+TgECY6/H4zFzZkVNKi4nK5SIN
5n5Ub1hbe8V3yXA0AghTsZGK+rGOVa4j3F9seK2bpqCtWmh7Cf+290A4EFu4rNs/rmN2xGO95+eU
Eurv8uK+amuT6eD+0clrzm8HU67PmOrUsrpLAfgQIrrrl6oe9LAnF/585W2br5ZCspHRSANmHDyj
2yieexqXPaGRs3619F7ikrRi4deleM7w+KDr+W+HP/fxDQA+Ez1vXeftX1ZfM4pbN+myF8TycNr6
z64zcQQMfOkqh7NaokfcTBPtkbOmjM2ytx9TuOlNaVBifcPSjJwhePNDNI8Sn+HqeSN7j7CTPi/2
CHxPYeBpKEgnmxNEjdp3iWD5kzq5aeFctIybsRk4Vps9g0BoTqAsSWYXbsp9oTQLt5unp/XNHFgw
77M4fCSGVU6p2Ggg6Yv3MD+yuc+zpH9Szenae2WfZNsgrwJb/HqG0QUotfHhko1SzkmU+qnPko8l
DRV0s5TrlKvU0A9u600L498NiDSnQf/ysr+1XhFLnrMwhDA/A2BMAZMayWFuvOROw7pnyqsUI61o
KkXSyn7TeMxtyN8J2Bk3tjuPxr5Y87WljmH4hkCk/dyCd0g+oIUbGolcOFgk5rRT6cSK+YMvv/Rv
rt8cXp7c/PKlaTfI/xBcLEw77JTHxE+SjCUkZjMep8RZqHP2exht4au05I2fnimgJUabd0zVfYpF
PU/01kLfprTr59AbIZOuNkkoPfosPfgMr3iKz4bLa947z3iN+Z4FYgPbIT/2E5fHnhZh9IZws1CE
lv9dR7rByfD9uV6VK0Lp9fpSVXTUP3l/RYYnh1sryyVL3LExfe/P1kKOm/idZfrgaEnS0Tf/U1Nh
eevru9aAYTXUp4keoDTiiqcd32uZFnJES+Q49N9riTX1mfEQQBFW7qahL//cqNcsh8UbrC6VoPK/
a8oV9X33lt4z8ZaCKaF5Spe1/dB021xMUG57A/+DcCierBmS5LSnXryyh3dv2RYlUG1uBt14SKgI
K5LYgAbpQkRUiJdbe4j77lwOX9cHnwW3LDb3P9OI5Y5Smtx5F6QxPQ3obLa1YkRjiT1CIHnNN1hr
utwNXhOo2CBeE8eufc6Cml23ems94Gxva0u1R/bZXn9OZeB/YXLIYsi3JD49o7KtXoLtXWB7YKLl
77Xg3/pBcBj5ITWeSBjkFXNww688f/7WTAOiaCjMo7VEQ581zaIo5cfN9lorz7fgaYkE8OzZ3wLZ
Xi5LIegNxw39jYUr5TMPdnZYU/Bnv5ddArBB0EjpeHyZmU65pP1nd6jCJjdEPsRWytAl8ckXTd74
ExqlF0xswbAl+Am2vT5+gXIw44YjacQVuj+C0QW775+I+Y9ikdpu5WwBjgB5JGaXR99lzVqBUf+9
+sWa4TRjp8Hiva3Lu6SVC+3yZmIsHZ6fXWyt3LGHG1jKD5l6F88Icyb9yRWSvzDKt7oZmtH2t2+J
ZoqCMvNbPpz6cZK+pobMBv3J1bo3ajSwzcAei7l3BLGW4fjsgmGB4XAae4YUxok/aSM+DcIGzmhA
xx0qviqXOPnny4YwnivfG2O27OG5P1+6jV5KMgU4T74q23nyZ4lWxrGRcO+5uZ/XklTeiu67vGWl
3kvHFiuPvXGVoyl+rSVWDNq46h/pYuWkFTZaPrEnf/87Oc2iW7rF/TdyEBsYKPY9c0+8nLJCDifm
tz4Ly4vwng1d8QM7yPZHo/5lAWWlHHKsr4mhCKXV1uWa7xsmHtbcLGzTSYgPPBj7LKmewpU4RT9k
97p1Hj399Os+21qtBi0fs8hqNEYjvfVNRIsDrx/z0ruvBrm8f2y33Hv8LFhsb/UMchuNxLrimUSw
zm75j1RNl5kfj3HGUv+SSP45tDRm+J0T3Dxwz5AWPzmYJPjMjQaJsUDKIJeHjvb3sK/e4mhUan+l
bX0lEtdDvUYsv1Jrfd99gYuWv70O1qQAQWO2WPAJ/ZDGU1/3YpNenipsm+Kqiy8jFmT3W6+HJXOA
Ya3bN/FzLzQGQcBDS7u55F+5EjFOvBdRg54ywxWb+OGmyov+8ogc8WjsTwh+9XIUj6IXA4qbuc+J
1SBWb79V37c75P/XO8Su2xZeIPlV8aHYgdWzGrZG9GcHuLIR/kNiyFPvwAClPkuFJ+9AVFYN/CQ9
EBdTtY1qVS5uqFJ36jP5yczkAEao2Ai+Q1ZVXR7MdGC1RTP0Xt2UHNiCFz7hC7nHJOcxj4HtksZh
bA9U0I6HD5ny49l8pprxfNyPLoMccyBkk18HA0+qJizFAJocIDnA5wNVdKSDwe3igjvOwi7oCWOe
dhl+mvTg+OT08N3FEKnSRaq/ZyxeqGYVKYYElWPC37UZTRKIdd7BP8U/0FSW8mpC50zdOPfZXdUD
RVJQ30EXSfcOv6+i66pLAhpNMjphByyaFJqkODUYJHlrkhhyZ0kxPkpUW4T4UaIXBL2TuMJrsljM
UgnnIaBnYlgbnIkMpyxhJFccoTEj6ZQRHoHnpVNwNRcNnxKHET9yg8wTH2QlD5wWeQ14yPCbnelD
ngkds13CcQV1giyJEzN6SxY8ixUv4o8J2N+HeI8tgOnxI6yQSIDxFbtbstvz2FgspSF3PPpHSnA6
Dj9bCkoP8fOfNJCfOU2nfiLlvpuyiGSzCZRxwKA2irA7SGb7o4iQFx+mYmk3fhcU4rNHgIX68B7o
AAbCSUDxO7TitIAacGgGRIVfLBX6wv3MXEam4kuSSAmRs/Ts3Lj7RHx4Dk8k0yz1OFpTfv52n4wq
6otwAvU9iVn1MwznSMTv/va3v40qAuhhEPA7gn0SlxmoREjmPiX/QkfFa4TH5jlyn2CEE7eeCO9V
94hterBzETAg6Ai5OQuiNIvXK2dfntawv/jgg354BGqmnodfUpXWQC3j1xxJyCh+UBQjA0rjMAQN
umK/ZzRALU78OVw7p0HGyI5qFMLXS+QuW4RuJp7qV8EK+CnFfTgt2i4+DHuYLCIXv6kJfhDfglvV
xAXvErAUenouKV42jaGozMCYcHmyS0RlQlTYgO6xS/DreSAI5hahGwjjSAuzCBwKL5HMB8LaIBM4
XczvxcQ9qAFEEo4cLcGhbhWg8zG6Ll6DLrpL/PQfoL40FrfJDUKEB5VuJjsgQwbdyBZqEWJUlaT7
glXZdalwjjiLIjSnJ1fMCyOI7YaTGoFqXP0mIX7KiojtJHb1vqgcBzUSx9kslVSpMFRMCNiUXMK4
0EfFRwU92T/onPsewH4cAfoI+hwHRYN31TRHg4ur8qLcZyFvQD6IF7KLvgm4A86D2ZlIOnSD0E+x
p4dsQp1FCgonA6nputCtnyBrcfsQjXbnC8ULh4IufFeVjHIfS4SAY1/sYkUYbt6AbMZQZuZNSh8H
Y2XYacmEg53wRSDhFNjQRMCsCmj7pI5SQOsiIMvv+v2flwDLnafwY1r+NvxJymcCggqmS0iKXUIg
emBSZd4SELZaRiUCwAfRIxS45B9bgCf6hMCD0UL7dDa7Z24mAi+XeGVvxLy1vJrdu1BXJIU4Mmhd
D0/2yfDsfEAuzi/Ph+Sw3784PxmQ/skNgcrx7cnNLoGLyPAarjohH86uL05I/+b66GQwqJW7/6PK
6LPY5yIzYwhOUDx3ykQwFrpYhlkL1A61gSeiirikitvnygArWEG9CVJCaAZHQmm/5mfSv6BMxEwY
4WWqMcFZMoGgW4TwvF9DG9eYPTDhixtqD69GN1BlOhhtxlysC6ReEa60qrx3KQN4FpslhaiNupI1
efk4JCV5Q0k+obEDnaLq8iCQBayIPY9rV/QyhKPuIuouiNohjTJRhehIoELLwANf7ubZoOyCuRPK
xDoeAy8pb1j0vhq5ltFeujuUETwLvCUWH9LHXUQK/IlkPBPwQdB2va5khdZORZx4kB6F60gOS9nG
MQ/zNCvvVldUdcfULYzSKEs+8A3yiEsZ3jHIK0c0WQwtoRsqR/aycCbLLFnLEXWiiidyex3jReoG
gV3AzCWAI0jw0NXpIwqGdA0pD1qYs3yh5x0MX8Fqk7zsxHiFrRWodnNDyupAVZc1iQYv/aqecGzk
TrPoNsmxH9EZUv0wCyG74lMiko8d0JBEjqQkikKv2F+UKkWPeehjUHXPFCLRYBXL4QzSbXNpsWMu
T5V9GqsijHmSv7w470KSl7pQl0zUDFUXholsKdsxQBFVChSOqD1AJ0sLyWVGcXBC5D1SwkI6uE3p
U8qTt4wXF3UuKhC/9ZbzfZrVU344iiKWosH2VYLAL9PzQBaXDk3dqajBBWSol8CFVIoRsU0OgdRZ
mVgctiwzZWZ7oVspP4VhNV6kyHyXVC3NgMJ4ouFqmoOBsN1qq6hdVLBiSIvFoyclx0GNKPHxZiAq
WDVyBlUg+NKBKOvIUf/dLtwLGBzoX3e+B24vygQZPZf8q4L/PmnnBXdRiydCO9q1NXLoQaCa0mC8
h3vLiwGCx8CHVVPQKMF5FHQwrSMWSU9jpg9CTu4xqmFxSYMaQRDv+lE/L7OLkaBYow2g7vDZH9yY
zaJZVR2XxjWXqtcl/he2tCcW5LkZcfIur5agYJfuoaXWZs+WN72skb66J6D4GQscSqshqfIF0eI4
phMUAWwCaktmgahXcJwJ4/4AOzuN0U5HgY/TLGLgjB9dZ0lKLofvBNIEREKxnSwlOFAXpiyak8OK
Wh5rwjSr4l37Ai16ucecbLKfD1V+JBYOUVSlNoWuKs4TNU5N5MgaPTlKuExcyhssZCaDk+R2NOU8
EaPvfITC8jGoiGAeTSlJ6DyPlDhjkk8u4Tlt8ArAxFSdLFjUxAQOj+UwWEwt/YN8dPg9en1Mzo/J
zsd358cvQWZwecAA199BuJ/F8g0WcAwcucQwbKkV9R94AheXCGVH4OkfX1/k/NWoRqP8QzSGE0wi
aUL1gcNbkYaFbDyfJlEpRJv0GY9Fs3DOHy+q95nvaY5IoU6B6MZomsdNkF9+sz4fAYjBo0IKfgM1
pyjJIu4G/oyIe8FtLukCXAYHkbhdgRqPY0pTeUDE4mp+Tjapjb/yiTJ9qmQo5jqkv+NOnTSVxhDX
KufOEjXn4kJPTmWsU/dU5T37ZAZF0twPsBkZx1WMUq1gIqLRZDlGiPC2oJwPd/OrjBm2R6enpJUP
Q55hFx7LhKN6NKpS2RgTLIYoMRMBfoi/RYaEm29EvtRuFoJHTI58HSaZOXIfZDFXJ1LcNHd44eNi
Cs/IvFJ8bGgpPgQiQstQQRZXpA7CIKk9hrL+OEwaAyfwj7zfAdj8Zvy7RNMQnRnnBarZDBwY0nbh
k+L7rKIhMSWs981j0Zgj9i0WEQj1yWK0NMFVJFB+KemImkfJM7i4xxAd+FWJTV6QSYxr8ZfqKeZq
lhqqPVSRik13VL6GA3ESRjHSNjM+y4LcGdUBpjJxjYqIDREPRYVfnakohskEAxNkO1U7i9ldOTu1
r7I4TqaJUaMkyySo7IVbIi+nObxCb+jvkNs8ViItu5tJnk2h3BxzzSLQy6ryAcvyyilHywgoNXz5
rOZzgRgi2SLEcU+CixYTkDApoONgTp0nxXkhgohidDKJYfws58nUpJqcPEhjKixnyCfwQQ++Pr7e
x0lMFfNl6sOgcMdkcU2h69yJFhMBvBBA0GraxDZk2qXmpWtK4zxQKhhUnlfOBEk+qqpUpdeIgs51
1UHZHaGfaJNWuxAfZ1O6S3DnJpGf02UZBqF3zGIotauu3H13X53N05VMFtSYBFMPr7T8mkHJCalc
RLE8WCiGwvLyfN7GA0tLWXVTp35YxGqVgJEpXo89AUMzWhYDJjYoZvfUTflMbq1oQJ3RW8i1+XSK
V2FbWlf2Cm3iRPEA9qnSZz5FMlVEETFwlKMKZxUxcLYZxiaeqBz98ZIRDD9AEPmkASNQPnMgYxzw
UyEyz2w08GmihiVQSdJwFuRHWPMARmWr/dxo8hz4Lc5e7ZNfRbEC+XNXTGf9hkzFiKNIk/oTECEG
Fo649ELOGuTPrMR0wGMZSyR0kaETUSCL0SZurQVYVbrV4ct2BQb5k+ATLswKMnsVLe6T04vD4b79
Q2e31bu3dhv3jV37B+sHDwsi0c938NG6i8H1oFuXoVgeNVsvZZUnny7og3XZwzG3gI7VTJooPcRU
GFjNXeAzlcxNszgPyvkIJV4+lxARB/hAqnLFY6AkV1g1f6YBviDL2RenItSIpsT1BpNMVAqS8kmj
VEVtqRV9fCbGt+weAl+iBnfuLQ4PEjGQAY04PhTmC1nEietQXoACQw+ZRmSfkVIK/lCMxMtYXdmt
MNzdP/HV3gRyj41KF9eh4yN7x4WaaKpT8PFS5OF6UI3Gw08eTyEYGlR8cmkQsjjQjz3xHkRxPPYD
sXSsoEzCmX44hfShH/vQy+Y64XMinsAvj0NHPizTaViKeWIpaEGbuabYN2ysZheMO0XcT0wSVCih
Thn0LwwEi+T3ALeOyX+R5amU37II0rsh8YKKR6W22o/qiz+TKwp6YiXTl8B39Kvh8D40dcoRjV2v
NyzLxnd7+sfXhqQe/ySQlIlA8k1zQHePksS4cOBjh/54aYhYQgCHsVg8WCLe4QZVBnGmJgvVekAL
MhICnprOVWTbT6KYylIfv1iDW/OJtRP+xPEjiltuCy6oJhGDPEdcJL914MaLGe6SKgi29DWGZYvh
bd4Dy/mGsYWKGoa6E+2DCjBuy0RInmTSv3KIv2Addt0XUz7F3X/88b9PV/UL
===END CRASH DUMP===
