PocketMine-MP Crash Dump Sun Nov 21 00:22:35 +07 2021

Error: file_put_contents(C:\Users\tungnguyen\Desktop\Servers\AcidIsland\worlds/BasicIsland/level.dat): Failed to open stream: No such file or directory
File: pmsrc/src/pocketmine/level/format/io/BaseLevelProvider
Line: 171
Type: ErrorException

Code:
[162] 
[163] 	/**
[164] 	 * @return void
[165] 	 */
[166] 	public function saveLevelData(){
[167] 		$nbt = new BigEndianNBTStream();
[168] 		$buffer = $nbt->writeCompressed(new CompoundTag("", [
[169] 			$this->levelData
[170] 		]));
[171] 		file_put_contents($this->getPath() . "level.dat", $buffer);
[172] 	}
[173] 
[174] 	/**
[175] 	 * @throws CorruptedChunkException
[176] 	 * @throws UnsupportedChunkFormatException
[177] 	 */
[178] 	public function loadChunk(int $chunkX, int $chunkZ) : ?Chunk{
[179] 		return $this->readChunk($chunkX, $chunkZ);
[180] 	}
[181] 

Backtrace:
#0 (): pocketmine\utils\Utils::errorExceptionHandler(integer 2, string[144] file_put_contents(C:\Users\tungnguyen\Desktop\Servers\AcidIsland\worlds/BasicIsl, string[125] phar://C:/Users/tungnguyen/Desktop/Servers/AcidIsland/PocketMine-MP.phar/src/poc, integer 171)
#1 pmsrc/src/pocketmine/level/format/io/BaseLevelProvider(171): file_put_contents(string[75] C:\Users\tungnguyen\Desktop\Servers\AcidIsland\worlds/BasicIsland/level.dat, string[486] ..........]._..1..Ma.a.KE...v....]!....v.f&.....$.2=@o.C.rm=...~./../.c..ZC...(E)
#2 pmsrc/src/pocketmine/level/Level(1173): pocketmine\level\format\io\BaseLevelProvider->saveLevelData()
#3 pmsrc/src/pocketmine/Server(2289): pocketmine\level\Level->save(boolean )
#4 pmsrc/src/pocketmine/Server(2419): pocketmine\Server->doAutoSave()
#5 pmsrc/src/pocketmine/Server(2152): pocketmine\Server->tick()
#6 pmsrc/src/pocketmine/Server(1992): pocketmine\Server->tickProcessor()
#7 pmsrc/src/pocketmine/Server(1586): pocketmine\Server->start()
#8 pmsrc/src/pocketmine/PocketMine(314): pocketmine\Server->__construct(object BaseClassLoader, object pocketmine\utils\MainLogger, string[47] C:\Users\tungnguyen\Desktop\Servers\AcidIsland\, string[55] C:\Users\tungnguyen\Desktop\Servers\AcidIsland\plugins\)
#9 pmsrc/src/pocketmine/PocketMine(344): pocketmine\server()
#10 pmsrc(11): require(string[102] phar://C:/Users/tungnguyen/Desktop/Servers/AcidIsland/PocketMine-MP.phar/src/poc)

PocketMine-MP version: 3.25.0 [Protocol 471]
Git commit: f48b703533e0ced4e8ff9e118c5fe3889ccaf23e
uname -a: Windows NT tungnguyen2-8si 10.0 build 14393 (Windows Server 2016) AMD64
PHP Version: 8.0.11
Zend version: 4.0.11
OS : WINNT, win
Composer libraries: 
- adhocore/json-comment 1.1.2@fc2f76979f0a44a5f5bc2a2b600d0762fe0e78e7
- daverandom/callback-validator unknown@unknown
- pocketmine/binaryutils 0.1.13@0abee38d4e2861621f262c79a2a3d699d8a697f4
- pocketmine/callback-validator 1.0.3@64787469766bcaa7e5885242e85c23c25e8c55a2
- pocketmine/classloader 0.1.2@9757928424652393b178a3760073113aa7c9911b
- pocketmine/log 0.2.1@830b44a2cf96ef703c550abe64302f230231ca49
- pocketmine/log-pthreads 0.1.3@e477ecf6ec214fdd4415ea1da3fdd9d73bf699ea
- pocketmine/math 0.2.6@43057cb8c179a9859677b496a788db922fd5cfc3
- pocketmine/nbt 0.2.18@9f82ca4d7f97fcd9a566e44b63c4f18a7657ae82
- pocketmine/pocketmine-mp 3.25.0@f48b703533e0ced4e8ff9e118c5fe3889ccaf23e
- pocketmine/raklib 0.12.11@9cce458b8bfde3e4dfdbf70c659fc7b7fe26b5c4
- pocketmine/snooze 0.1.5@70b5e7937a06878dd321a3182ceb76d56298f2cd
- pocketmine/spl 0.4.2@6b08b7cf8c4afa17139c9a1b3bf1b408531de161

Loaded plugins:
AddGems 1 by  for API(s) 3.0.0
AlwaysNight 0.0.1 by YTBJero for API(s) 3.0.0
AntiInternalKick 1 by Jibix for API(s) 3.0.0
AntiTNT 0.1 by Adam1609 for API(s) 3.0.0
AntiToolbox 1.0 by FaigerSYS for API(s) 3.0.0-ALPHA4, 3.0.0-ALPHA5, 3.0.0-ALPHA6, 3.0.0-ALPHA7, 3.0.0-ALPHA8, 3.0.0-ALPHA9, 3.0.0-ALPHA10, 3.0.0-ALPHA11, 3.0.0-ALPHA12, 3.0.0, 4.0.0
AuctionHouse 1.2.5 by Shock95x for API(s) 3.0.0
AutoClearLagg 3.1.0 by Twisted for API(s) 3.0.0
AutoFeed 1 by Ghast Noob for API(s) 3.0.0
AutoFix 1 by Ghast Noob for API(s) 3.0.0
AutoInv 0.0.10 by JackNoordhuis for API(s) 3.0.0
AutoSell 1 by Jero, Cur for API(s) 3.0.0
AutoXP 1.1.0 by JackMD for API(s) 3.0.0
Badge 1.0.0 by YTBJero for API(s) 3.0.0
BanItem 2.3.3 by LDX for API(s) 3.0.0
Bank 0.0.1 by YTBJero, GhastNoob, Kaido Joestar for API(s) 3.21.0
BetterVoting 2.0.2 by Twisted for API(s) 3.0.0
BlockCMD 1.0.0-beta by kenygamer for API(s) 3.0.0-ALPHA10, 3.0.0-ALPHA11, 3.0.0-ALPHA12, 3.0.0
BlockSniper 3.2.3 by BlockHorizons, Sandertv (@Sandertv), Chris-Prime (@PrimusLV) for API(s) 3.2.0
BossAnnouncement 2.0.4 by XenialDan for API(s) 3.13
Boss_Quai 2.1 by phuongaz for API(s) 3.0.0
Broadcaster 1.5 by EvolSoft for API(s) 3.0.0
BuilderTools 1.2.0-beta4 by CzechPMDevs, VixikHD for API(s) 3.16.0
BurgerSellWands 1.0.1 by Heisenburger69 for API(s) 3.0.0
BurgerSpawners 0.1.4 by Heisenburger69 for API(s) 3.0.0
BuyKey 1.0.0 by  for API(s) 3.0.0
Buy_cmd 1 by TungstenVn for API(s) 3.0.0
ChoDenUI 3.5 by BlackPMFury for API(s) 3.0.0, 3.2.0
CmdSnooper 1.0.0 by HotshotHD for API(s) 3.1.1
CoinAPI 2.0.9 by onebone | Edit By SenKai Official for API(s) 3.0.0
Command 1.1.2 by PIG for API(s) 3.0.0
CrateVH 1.1 by PIG for API(s) 3.0.0
Crossbow 1 by SonsaYT for API(s) 3.0.5
CustomAlerts 2.1 by EvolSoft for API(s) 3.0.0
CustomPrivateTalkCMD 1.0.0 by YTBJero for API(s) 3.0.0
CustomWing 1.5 by YTEsDev for API(s) 3.0.0
DEVirion 1.2.7 by poggit, SOFe for API(s) 3.0.0
DLevelIsland 1.0.0 by Nguyễn Công Danh (NCD) for API(s) 3.0.0
DancingFarm 1 by RicardoMilos384, DontTouchMeXD for API(s) 3.17.0
DanhHieu 3.0.0 by padreon for API(s) 3.0.0
DevTools 1.14.2 by PocketMine Team for API(s) 3.13.0
EasyCommandAutofill 1.0.9 by jasonwynn10 for API(s) 3.0.0
EconomyAPI 5.7.3 by onebone for API(s) 3.0.0
Enchanted_Item 1.0.0 by Panda for API(s) 3.0.0, 4.0.0
Eternity 1 by minefore and shin1134 for API(s) 3.9.0
ExtendedBlocks 1.3.0 by Javier Leon9966 for API(s) 3.14.0
Fishing 0.4 by benda95280 for API(s) 3.0.0
Fix 0.0.1 by YTBJero for API(s) 3.22.0
FormAPI 1.3.0 by jojoe77777 for API(s) 3.2.0
FormImagesFix 0.0.1 by  for API(s) 3.11.4
GCPClan 1.2 by InstantlyTa for API(s) 3.0.0, 4.0.0
GMCDetect 1 by TungstenVn for API(s) 3.0.0
GemUI 1 by WoolChannel3295 for API(s) 3.0.0
GuessTheNumber 3.1.0 by SalmonDE for API(s) 3.0.0
Hyperion 2.6 by hachkingtohach1 for API(s) 3.19.3
InvCrashFix 0.0.1 by  for API(s) 3.14.0
InvSee 1.0.0 by BlockHorizons for API(s) 3.0.0
KeepInventory 1.0 by KhoaGamingPro for API(s) 3.0.0
KeepYourXp 1.1.1 by ArasakaID for API(s) 3.0.0
KingofBlock 1 by YTBJero for API(s) 3.0.0
KitUI 1.3.5 by Infernus101 for API(s) 3.4.0
LoadWorlds 1.1 by shin for API(s) 3.0.0
LockWorld 0.0.1 by YTBJero for API(s) 3.0.0
LockedItem 3.0.1 by ytbjero for API(s) 3.0.0
MSpawns 2.2 by EvolSoft for API(s) 3.0.0
MaxEnchants 1.2.1 by Xenophilicy for API(s) 3.0.0
MenuAuto 1.0.0 by JeroGamingYT for API(s) 3.0.0
Minion 1.0.4 by phuongaz for API(s) 3.0.0
MonsterGate 1.2 by K27 for API(s) 3.0.0
MuaDanhHieu 3.5 by BlackPMFury for API(s) 3.0.0, 3.2.0
MuaPointUI 2.0.0 by JKPVN (JakayPluginVN) for API(s) 3.0.0
MultiServerChat 0.0.2 by tungsten for API(s) 3.0.0-ALPHA12, 3.0.0, 3.0.6, 4.0.0
MultiWorld 1.6.0-beta5 by CzechPMDevs, VixikCZ, fuyutsuki, kaliiks for API(s) 3.20.0
MyItem 0.1 by AnhKhoaaa for API(s) 3.0.0
NGVS_Khoe 1.0.0 by NguyenDongQuy for API(s) 3.0.0
NVSSP 0.2.1 by YTBJero for API(s) 3.15.4
NameSpaceRemover 1.0.0 by JackMD for API(s) 3.0.0
Napthe 0.0.1 by hachkingtohach1,tungstenvn for API(s) 3.0.0
Netherite 1.2.1 by Wertzui123 for API(s) 3.0.0
NichiSkyBlock 17 Official Release by BaliGamerz\MadeAja for API(s) 3.0.0
NoAdvertisings 0.0.3 by YTBJero for API(s) 3.0.0
NoFallDamage 1.0 by DeveloperNeb101 for API(s) 3.0.0
NoPvPArea 0.0.1 by author_name for API(s) 3.0.0
NoTP 1.0.7 by awzaw for API(s) 3.0.0
OffHand 2.1.2 by alvin0319 for API(s) 3.0.0
OnlineTOP 1.0.1 by HMMMM for API(s) 3.0.0
OreCore 1.01 by  for API(s) 3.0.0
OreGenerator 0.1 by phuongaz for API(s) 3.0.0
PCEBookShop 1.0.3 by Aericio for API(s) 3.11.2
PHP-Sell 1.2.7 by Muqsit for API(s) 3.0.0-ALPHA9, 3.0.0-ALPHA10, 3.0.0-ALPHA11, 3.0.0-ALPHA12, 3.0.0
PM-Beacons 2.0.1 by jasonwynn10 for API(s) 3.0.0
PiggyCrates 2.0.9 by DaPigGuy for API(s) 3.2.0
PiggyCustomEnchants 2.4.3 by DaPigGuy for API(s) 3.19.0
PlayerVaults 3.3.1 by  for API(s) 3.0.0
PureChat 1.4.11 by 64FF00 for API(s) 3.0.0
PureEntitiesX 0.7.0 by milk0417, RevivalPMMP for API(s) 3.19.0
PurePerms 1.4.3 by 64FF00 & ProjectInfinity for API(s) 3.0.0
QuyenVipUI 1.2 by NightBlackDM for API(s) 3.1.1
RankShopSystem 1.0.0 by zZPROGAMERZz423 | §eFor issues report by §2Visiting GitHub.com/zZPROGAMERZz423 for API(s) 3.0.0
Report 1.3 by ImNotYourDev for API(s) 3.7.0
SETVIP 2.3 by MCPEVN TEAM for API(s) 3.0.0
SeasonPass 2.0.0 by TungstenVn for API(s) 3.0.0
Shield 1.1.0 by JavierLeon9966 for API(s) 3.7.0
ShinPickaxeLevel 6.0.0 by shin for API(s) 3.0.0
ShopGem 1.0.0 by YTBJero for API(s) 3.0.0
ShopPoint 1 by S2TwKen for API(s) 3.0.0
Shulkerbox 1.1.2 by UltraFlappy for API(s) 3.0.0
SizePlayer 1.0.3 by  for API(s) 3.0.0
SkillAnimate 1.0.1 by Tungsten for API(s) 3.0.0
Slapper 1.6.2 by jojoe77777 for API(s) 3.0.0, 4.0.0
SlapperRotation 1.2.0 by jojoe77777 for API(s) 3.0.1
SpawnerGUI 1 by DandierSmile122 for API(s) 3.0.0
StaffMute 1.0.0 by YTBJero for API(s) 3.0.0
StaffTable 0.4 by GigantLeyKey for API(s) 3.0.0
TableSpoon 1.0.0 by CortexPE, Xenophilicy, HyperFlareMC for API(s) 3.0.0
TimeCommander 2.2 by Zeao for API(s) 3.0.0
TokoThirstBar 1.1 by Rand for API(s) 3.0.0, 4.0.0
TopLeaderboard 1.0.0 by YTBJero for API(s) 3.0.0
TopLeaderboardCoin 1.0.0 by YTBJero for API(s) 3.0.0
TopLeaderboardGem 1.0.0 by YTBJero for API(s) 3.0.0
TopLeaderboardIs 1.0.0 by YTBJero for API(s) 3.0.0
TopVoter 3.2.0 by SalmonDE for API(s) 3.0.0
TradeNPC 1.0.0 by alvin0319 && FunkaDev for API(s) 3.0.0
Trident 1.0.0 by brokiem for API(s) 3.15.0
VanillaEnchantments 4.0.0 by TheAz928 for API(s) 3.0.0, 3.1.0
Wolfies-FloatingText 1.3.5 by  for API(s) 3.0.0
WorldProtect 2.3.8 by aliuly for API(s) 3.0.0
essentialsTP 1.2.2 by  for API(s) 3.0.0
fly 1 by IDontKnow for API(s) 3.0.0
iProtector 3.1.1 by LDX for API(s) 3.0.0
reyyogaWtrhit 1.1.6 by reyyogaMnelux for API(s) 3.0.0, 4.0.0

----------------------REPORT THE DATA BELOW THIS LINE-----------------------

===BEGIN CRASH DUMP===
eNrtfQtz2ziy7l/BKlu7zl5LFqm3tzInjmwnntiONlYeM6OpFERCEmOK0PAhW9kz57ff7gYoAbQj
S46yc+rUZHfKYpNsfP1AdwMEwX+XRjKe8vTTXMRJIKPSYX2/lAZTUTp0mrVW3W13Go1KtVXr1OBE
NtOnqo1qp9Jqtlu1drXm1Nqt/VLIk/QkjmVcOvx3KV3M4LISHZ/cegLuA977palIEj7GU6MgFJ9m
WfrJk1EqojTZ6x4OBu8SgDEYpFk0jsbZQkSDwbFIrlM5GwyuRDyns0de4J8lIY/8weBGxqGfHLzg
SeAp2kEo5iKs+Dx9eshOOTTjs1QyORMRS9JY8Okhu5QsybwJQxBMxswPYuGlMl4AxFEWhqdAB4yz
CY8PDw66hweE62AF60CjOtCgDlaYDnrSuxbpRRCJ8kWvgjwOktg7mBF5CmSF8EAp/iCQiF6cI60X
y3ngixjumiEUDWOK92/LA+4P4UIwVssBk8bcg9+/lJ5U2R4oZsVpMMjSIAS1vsM/h4fCstkrkCgU
8V4ARhqLmLn7qMQgGv/i1Ou/su9jxVUbbuNXtmsr7LNcGNDMU1DTE4c9TsV7yODwHiVo+C1Av3Ov
Xiqn3m7+yirLf79WPlUqTqVywSu88voEKHMi/6VCP0d/o6v+WnGfPZeVbiWePoPD/6kcVOD/XqXy
cxcO905IH+46fZAG9hynVSu4EZ0eDJS+BoNADgZ3NFb+IeFzRTrmKd+j5mr3N6c0s+dCCLq/JWKj
OO4NpQwFjxgxrK9nWHeKDNWZ8g++PMpSeYUMiVFjPSOn4X6FURp414pFcy0Lp9NZxwLU5kHElLHi
1VrPq9FufoVXkvI4VTza9/NYdZe9mlP/CptP6OHgfZmX7snhZwiZDC3chdCfnEsO9t1nmn5PfLng
QXQux2O8Knfh1iM7yJJD47FdbBZm4yACImml87BW6kWtJErtKoJUFQPoF3BVLH7LIKPkYcCpuruP
Yk9Lv/6+XxL/FxLurrIc6ENZ9VMQzWU4F1MQEzhHEi7YL3nSF6gqp+kCEQhQ4MCPQXrwj3/QUZ2O
2D/Y81ikWRyxuQx8OtPQZw7oqElHs2wYBh4bZZGHumaFwPZvurRFlw7Sv0bDlD1jkbhhL4LxSeQH
PLp80b8i9ew9/Sdd3M4vHmajEaSnZwxvK/9wEwep6MrpLAZjCn8PueChzCK/z8d7g9KgtM9+IR4d
zQO4pJMgKf8Q5pDwdKuqT//6VLXZcjThrnfo+8ci7fF0sveUVdigtDQ1tqhxak4ucfqdfte0glt1
U8GtxlLB6SSWNwlIEcdQUwq/O8mia9NvnVazePG7KMlmMxnnl5+SV9g3tUxDtdr3GiqESEUMsKhh
f/Xw50cqCvTBz0/ZIfsvuoSs2MqVqt1CawZMp/kseeT3k0ba1ZVG2qjn0u9/1mF/1mF/1mF/1mF/
1mH/l+qw/dJYRCLmIVYXEccJkpJ1AyAbgn1WcyylWsVtVKpIz4LQLx26Vae2XwqST76Ylw5HPEwE
FDOxTKUngW0dh/DjAIuZUb09bFVrjVpNVD3h10V7NOoIx2l7jZGotdsdz+Mjt4YFT6axfAgiHxPo
ZZ+tpHXL7SRgTrVSZYSBOfVap8b28ouVEhgAaz5lRxfHUB0BoskM+LUr1YrjwOEXEQH2Uj0/htOf
ZIItnl1e9oFABzdBRNUXFCyg8U9hMIx5HIgEtcX9CUgYi4PPiYzKcI0u2RyIoO7zkeeOWs1OqzOq
8nqdN0aNoedyd9isVv1qq+mORFW02qIF7H2IFTFYSk4PPB6GQ+5dl+c8DCBQY4EMuriO5E30XP9F
sCv3GgYRjxfUPeBSEKbi1J5X+VCAQkHDbrsJNaMzcpuu1+pwl9f8ZqfjtzlAG9VtVvc27oCCas+b
9Va7VYd7ms2hx3lLNNrthlt3RbvhuTXPbQiwYYO7BYbYqUPq1Bqb+7zTarQ6brvu1psNF6w2hFKH
11qgllbNcWrA2+t0HGdocwrlmDi4Fed5u1YdgkZdb9RpihH4E7SMAjfrtaoL7lN1a47H6507HMoz
qMag8MkVVXsu6q2W8EZN4blOfeT79brTENzxeQ0OOn6rNhyBtgS3WUFqmmg0zefQaKPlDdselFq8
0250mq3WsN5p8la77Q87rjvyG97Iq9ksoDbO5Wk/74zaLgD2WyOwied3eKPZFPX6sFnz6iOnzVvN
RouLdkG5q5/l6WzZLZ9v0ccMZjG/Bt9WegFMznO4TNQb7WF7OPJFTdT9kT8EXXvNRmfktYatkXCb
w4ZX8KAkkvKL0OptPG9Vhw3R6tRavNpst9q+X3MdXnNAWjFsNf1G0+20R67nF5jMQuJQB29pDqsg
jjdqe3U+4lAq1TpehztDMIwzrFfbjZrjC6fplH5fDqCobx75/ksxTYygllP2S6tIhv2eZ+lExnDl
LxAL+SzA+rYGPl/F2CgiPoQhYekQ8hUENV/AuNDX1yZylB6bhCnkJpp4zWQ05l8Gg1cCOjYkEWwX
ExeO96AzYIR9c9X/8Obt+TGQbsQwgTGSrrGPwhu+SC6D8SQ1wRtUU4AqRi9LiNJP/Rc/iliWdiSN
ZjcY8Ehl342EiNLgDMrYOOLhayhBTEmKp75uj9KPwTC43ZUgxAzSd6H97YTqQ2awZelTrjAtUhDi
yOdTp1nt7EoO3WgR91X/6G3/Xe9+1FDXDuVtEbmmWgagvG6gP+UB1FpXP10V4ZePznuvjrD7G4cN
+7BpH7bsw7Z92LEPnWrh2Ckcu/kx/K1/i0KXIirn0GqxDh5yj0mazhIozKDKmWTDCpQCB0uuByYf
NEhGI/lXMkuEaRGTbJvErTRso1xB3XHdaXxj1yidQCEup4uj3hmwP4vm3Zgnk1PV47RuEt0SdH+F
b4L4QDc22of7DoyIujC2is/5eGxJbdJNsWuVO77YvwmSFETbUUdKFTsUDSpVBBECCJTNxrSt5TXM
o2QRZtOL7oHNTyvjVCBaSw9EWhMNX054krJLKYc7CyW61S1iIN4R3BaRB7d/AHCM5tvgBg8v4EbK
nWxacLofoR4G6LE/yYJkV/g/A9MoZ6ocMIjmyvUUqI0kuhJhWBCJSOtSKuTyfdbN4l2aIoFGt7PF
x14B98deIejd6f1oiIvjnVUDxE1p/GNvM/D39HXF5kBLAMK94P7YDOvquJBii6J9r5KNGt/cMC94
dJaKqYVeUUz8bqVWqdn4z48/7go7sELc1OyjrQJMyhfd3slBjl8Jd21Ldr1pJb2vIhgFsP3Sax74
kv0oBc6HWWK7zg5sNgRgW5hMpFDKvpdpEJlp1SLbxoMh53fIqqVeMB4vulmSyulJ5E14lCale1Lt
kIDNCRjY2Yb5sLQhVCNdCAKGpDnpThcrQ1vcFvVaRIsx3BffX8xuUXI+0so5WhB9hXszsa+iYCbi
ouSaahdObrF/0qWvZBx8kREOgK945Is4nbO95/lPnIDsTuIgKffiYCrgDP7NkvP3T20f39ozLha9
UKalghJyNFoTSo7BQE0Ab6QUmSRHUSSzyNOPSleaKZ4q9oC6rZ6PIgp4eMwjS1Kn9lgr3xI/HwfM
RSjbSvjpXxkPCqIpmi1TIXLlUxClnU9pHGUxRxBKtI3EiOEKD+Kn7b0G1e66hbHOyVyGVwBrV6IY
DYMMFoo1I+k8ydzc3FQEIELulfSa5MMJaBHjCM+cbrLIxfGcCk4FN+x+Ed6kd3Es5njD++A2uH5l
1ztO8/Fye8h9NvWBO4RhBS5FcKAFG+q22dbAfWCxIuXEOAqG+vADJ0SGfuwzxfhd8OhXIkhENKSb
mtvNpZjj3DUKsltArVgAt8jJ6sYZv4lEfI/I+YnCrFExKn2DxNtLqTE9uuIqgCUtLF6LhSU9EdaX
wrvq5NTWNiZbfPKmvo2WKGuGUv0sGkPkiN5HuzKO4ojtbg69O5HHInp3ZmBfkuyyoFEsCmDs0rs4
zeLFHfz7j8n0KzlyAIOB+rWFNFP/CgbGdqVjEB8YSL2SaTKRaTFsQjB5bNSc+olqGmQxYTwsCYzo
MeIYYmhKsRrp2DLISAzhP/bf7MQPUvZiwa5EBIMO9mY0CjwoLHblbbqhwcADYMAQJFwi3EC86ZRH
viWeohSH8YXhRu/s5a4E0C1uEZq7MU/F+1cmak0poP5umK9kFn6g6ZKfs3DEJ9Pg9HO8jQBQdQ3l
jSWBJq0JVVdQafOf+gUhGo8XgtiBw+i2txCAhohHIRQfZmq0yGtL213Xg2bLIJCN43EVoWIC46c5
+Fafh4Uh672n/6AZovuwbGvMD/bcg0FcW9j/1D9JoGbcrR0/0LzCpviPT94HMcFbol+SiiV7qzDC
kmNc0gJj6TenYmfDLGI6GMwJwmAAxbr+ZcB64HnfMS1oUyt/TLlM8gPOdjnOFoPMEV4jYt1BVq2O
6tGYwfh4wvYuu8dPH11975dw2esDdfglrfDpwngTWwTRbeQPG5VHHnjBKY/NmUyTuiZQvg08Hvvy
IghlUmtjRX4so7QvM29yIT4WyorW4y1tcQUZV+isgw3lnbwKRGYLq0h2AXjH0DPux0LurHzV7AaD
fpCmoTg6frtFVxTz4gh6SSrk5vqdkmK5XI31BZ8WZnG+wUgaAK4CnBdGx+tSgjEuWkE7WPIAaU94
stDVCz46GAXWc5z7zha7bKFo/MwTGd0sosip7u4Z1ZLlYHAPpM1ta0QAQ0gzLKxka1RaxdlLXafu
vOwVCgFVvhaahwVSM9zC/1R4XlI48UCc7YE2+T1jr29azbCEsIV9cDVMkJqD9SVpTazEtVojGQsG
YrBkEkSOU6tb4nQeL0bOfDCYjraQ5BbG477waU7ZjCWFE7ZhancfNc4DEbNzCGadTrNpB5T6tzx0
RL45W/A6C9XmYp4GqG6z6Mop9pxSYUZpCI3xTsNt7yxG6GYHg1X7D5Qn9uKB4sKBDZezue4OSt+t
1g/kdYsBXVMecKXP8rMULfz3bY9RjLi85AgyKBDLH5uKcjblY5EUbGHR11vF6hA4c/nYXp79lmDB
i697BNT2aBurvOz2ulAWGkLklEL1btvkLEpSCJHhor/z6BvkrFMOUnncC/Ep0Gn3SKN6cF4Vyge4
bSYq84gkvOgei1R45uOtFe2PmJwcTz2fWt/CTGJqzU+q4zXgP0Cd1IUsFomw5nYau5Lg5aZLCgh0
JpKkPxGX2XRozUYWTjywZu2Kh1MZHZ/sbP5I8xsMbBybC/ZqMROFQe+SZM+8NG1RJtybXEOQTyX+
cuys2Kk8+nFpge9gkMNZ/dqw5+B4OfTiRSVZpCKpRCI98HkyGUoY0x2g7OYix5X4JnWLuPcNhUAe
94Jo7mHLFPU2fzIMgK+EsCVAwgP1pr0MYFePWuyn+QrJNsK8FmIGd4mI3qheyWTT1y5Sfj2R/CWH
knHc290cmcV0MLDgbN7b8LafZBZ/nBVE08TibHlx8Th4B7/mZztb97ZkqCRSKLYQB9QhR2RzUx6D
uias73gS8/WbF9sAT60cpI6LxVujWCiMYBiUJU7Vjnbf0PMNlmABBLG5DNinPtBLvYYgBnHtMwys
z3e2SG/Z5uYPjHFexJvNo0oqZ0oY75p4WLLktD/oHZfzD9tYw7sWfmECwCAW594KIizS4ecdiqDZ
YeDNEZi/NxHoglYBmL6VU+yywP2+D2R0o2CIZeuPewxzwW+XSxENmQxqcY7fubMuTM4mQRh4i10J
Z7BET1tCsQ42MpaIMpyJMyXLSQ+UAejqKrHdeSL4eKPptjfvPhdBZBehmlAEX/++K9u650fHtCRK
Nb8FfnyJXcQveWoWYiZ17Rj0tdvaWR50WwB71fA2xddFxu95fmBS/8A1JF3AoBeRdOlR0Ma2yXhP
BpGd8Q1icQVGsYO87r2/ZHs/Qp206NErpe8vn+7sxQNkDqJkfBt5wjRQ77TDsDi1hLLPFPNmwetS
PSvwlfXP5it1+Lf5rdMheXu1LWUtFgYG0e5VTb2UsvHgUsruz7Q94iJLk+wal89e8zAIru1xkFvd
0QLLKQKmDVjQ1Ab4b1lcaTBCRS0KtYcmrH8ZNZrguIbznQX+xeZvaiDqy5fvrz4BBDNormgbPJgW
0TEkgH9lO0vJr7eowC/fX12Zby6pY1vj7ibFqtN4/KTpUShuX8TBFrnqEtBCMeWJt2Iq59Zs1p1T
DxUP3+UtrCKKbUSbpRPLmRThgQFEYc5pPw9U852Nke7Mailg+d+NZBNwYRxYBcaK9kDx+kHE6Zcs
cNzariRacQQhchiPXjG84nawkgmFDrxJcHW9KM4x2HRL+NZyaSR7K0LB6ZVks0qBSP8SX/v5gmh9
cfR5Z+HPZJ2D225MvNJIDg2VII98EDANEvAgc/RSOFH08tp/Zphso9iis8pTHobHfMqtdyQt8tqJ
vmNcCoQrcC/FsDgpU/2mhR4mWxRwhWgb8Xrz3lEsuCVbTnsgIqmfn+i2nT6xQWk0BuPnZvL0rWSH
h8X0UFgWx2++8Jtd4Sdmg0Ek09mjw4wCBMJAiHhlL4nLKYXlpsWamYfzIKrWnJ29grFkOBgAhAlt
JKZ/bGKVNxHuGdp/Y5pmRXvoNZoL+Le7lTQh7WG2af94E4uujM2en1MKqL/Ltjy6rW1Gx3DLS9oc
LZWxjXpFXltuf7/38EwM24jU6568kPL6aiLNBxImtehBhZxyBJnaCwrVLHaatYtAv/J68FdLXNXI
YGAAsw4eEQk0zwODCz0T7L3qlQsbKSxJDywCvqDHePcPph+/nc1jnwwD4FcUTDbtj72L8gvBcTdG
U/YVsThN4vxn1xwOCQa+JZ7DeVgicjN8pcMSyaA+8PLNMYeLXxYGl+6O34bPGwGPXiGzDh7h3jnT
A4PNwUonNpaibuyzto7qxQhwr46cb1jrV9SHheZe4rfrx2Kn9BTyhYjf8yy0FWSS7cnQWuW7JKp8
ccCMWp5Ty6AFG8fDXSGDfGdPFi5Jdlirq/0vDQs366en1e06NTHviXh6T1wvnXLaLSrp0WYaH8U8
kFnSOynndKNvfFJtg7wa7OrXI4xOoNSmgAdLNlo5J1EapIFIPhY0tKLbqb1VHIxMg/C6WncwJ7wF
keY87F1c9HbWK2LFczadQuqbATChgSmN5DC3XpJuYD2w5dWKUVa0laJoRb+p3ec27G8M7Iz7955F
o4AWEe+oY1i+QYiMnzvwDsUHtPAvnGZ8H8ys5wcGce2THdqkkR6MHF/s6jXU92c93CiDeA4GOYgH
Y8BbHlGdc7VI7KniwokH5vy+/Nx7++bl0cXJ25+/1N0a+2+GLwXxljiVMQuSJBMJiwVubs+GC33O
fR8AkCAas5dB+korvMBo+wCjw8BqteuaqLPSni3t5vXRW5LJVJsiFFaNFNaMTC9listqiu+2tR5R
RdyKEPerSfryOEg8GftGpDQbGgwUtPzvJtJdnfTBrQzpNKGw11Oh4u32Tt5fsv7J0c5GkYolbrCd
gmNvhFxgmdjjiRmlDOIDj/e+19JY5Ihi5DjM3xuJNQmE9dRLEx7cF818qWArl1tOgWzxzoIClf/d
UK6oF3jX/Fbt2W9LaJ8yZW3eNd0uFzEV2948LmAseWnF05zyh7zF+8mbjLcDT8/BC/AVbd075G7/
5rXYofp1m9tAz8JrEds72RrEB3YeeBemMT8N+Wy2s4rEYIk9gpC8kFu8wXAVfBGqsjdFWhHXT8bs
yhTY3jm2B0Isf28E/zoIw6MomNqrYCzyAzOS/a8sSfjWWIzPY1Yo7KONREOr2mbRlOIKBHejN352
8HJJogA8ei58hewgl2Ul6FuZ8tRekVU8c2cXqw0Ff3TZWwCwRbdS+xm9tAp4g7gmzB1DPoSEdwWj
O+G47nY16qowLez1tHb2gxrcQriUj0YXmd3jlrT/bArCJrdE3sdWitAVce3biy+DMY/Sc0G7SO0I
foJtb46fUF7NpNVLDOIDuu/i579ueyc0B7JaWqpfyYE0EouL7ndZabrCaP5++G3NfjAV+rVvKxTa
9LXLg38WXO50c1ir7W/fItYWBWWW17I/CeIkfcEtmS362rX2b3VNvcvgH9PUPoLYyFPl7FzgMyF6
98mSwjrxB207Y0DYovdZ0HGvqq/KRSf/eNkQxmPlswcYd8/98dJt9TqlLcBZ8lXZzpI/SrQijq2E
ey/t/U2XpOLWvN/l/VC9BQq2WLrvXdEczerXRmLFoI3LXtcUKyc9YKPlGgf2t7+x0yy65jvc6ikH
sYWB4sC39wjOKQ/IMYzldSCmxbWbj4au+YEdVPuDQe9iBeVBOd7zCEYxXD+3wg2FzY5031lTvvo9
c2ETcfSl47bvXb3/DduZzxUU3FIwFo/5hobGdXCfTKCIDzIcBSIpnwJjnGXui1vTuveeXv+y364W
SULLxyJyarXBwGx9c1+lBd69WBbe+rfIxf3428XeF2ThYnfrlZCb/p7oTCHY5OtD95j1IgviEc4b
mh8v01/tOkhjgZ9Ww9dYDixp8VPRSYKPv3iYWEvSLHJxeOp+D/uaLQ4GhfYftO0oNN9wxqM1I9Ez
3CTsdSR3tp7uNNzixeVAa99a+WQQi/seON/3kxCrlr+95DekAEFjsVjIMf+QxpPA7HA2vTi3WNgb
QV98EYkwu9156a+YAwxnU/vhx/B4DIKkorhHWv4NUJqToDeHKtCpZ7icF1fNlJ70lkesK6NRMKZv
Ew/iQfTkiuN3fObMqTGnc9ioHrot9v+qLeZWXQcvUPzK+AjqmdNxaq5BDGbPcNkr/A+JU5n6z9Sj
Qk/9CaHioh8+fVsVrrkBiUU5DJL0GQxcgcD1TvpltTSizL1JINSX0hN9SYIzLmUdpcBcz5wmNcdv
9U3JM5cA4HO1qfTFMzoayRjYLmlyNEIqaMnHD3zmx7P5TDfjB7jiPAvTxTOScZyvxSsnIsWYnzxD
Mn1juIwO9QzG+Pg4b0VNhPCNi9LFTDw7Pjk9enfeR6pylPJvmYgXulFNij0QSyPC35UZTxIIzv6z
f9A/0FOWyjJ+0VjfOA/ETdkPcGsaTzxrI+l2KG/L6MD6EtD5OONj8UxE45UeOc6XhknemiJO5XBJ
sT7cWFlM8cONTxj6KPPId7KYpu7IhRhomVmOCC7FINUnguVqYzwWLJ0IJiPwv3QCDueh2VM2FCyI
vDDzhQ8/2B3XRV5Xcgp3jpBBkWfCR2KfSXzTIEGWbBgLfs0WMos1LxaMGFg/gASFLYDhY/AhiJnA
+FLcLNkd+GJEy3DYjYz+njKco+QxQ6VPQVj8iOoCEeKH1pXcNxMRsWw2hroVGFQGEXYKxexwEDH2
5MOEXoFgqYRWIp8BC/1tYtABjPyTkKcAik4T1FBCMyAq/BIp6Qv3PvEEm9Cn1pEyRc7Kr3PjHjL6
OC+eSCZZ6ku0JuQwOjUo6a/mEupbFovyZxi/MkhAf/nLXwYlAnoUhvKGYZfER/s6c7N5wNm/0FHx
GvLYPKkfMoxzdOsJea++h/aMw67FwICgI+Q2XDCtWbxeO/vytIH9yQcoCcFBQM3c9wFooqyBWsYP
XrOp4EkWU1xAaYYCQYOuxG8ZD1GL42AO1855mAm2pxuFIPYUuasWoZvRk/QyWAG/Nn0Ip6lttd0O
OtlRsoi8Pk+uwQ/ia3CrCl3wLgFLoafnkuJlk1hC6AJjwuXJPqNSiumgAd1jn+EXhkEQzDCkGwjm
SJtmETgUXqKYX5G1QSZwulje0tMMUAOIRI4cLcGhbjWgsxG6Ll6DLrrPgvTvoL40ptvUXk7kQYWb
2R7IkEE3ckktJEZZS3pIrIquy8k54iyK0Jy+eqmCjEDfm0gqDAaB+jeb4jIZRrvf7Jt9UTsOaiSO
s1mqqEphqJgpYNNykXGhj9KHl33VP/hcBj7Avh8B+gj6nARFg3dVDEeDi8vqotxnIWtANogXqou+
DOUQnAdzNFN06AbTIMWePhVjPqQth9iV0nSVdBskyJpu76PRbgJSPDkUdOGbsmKU+1hCAo4C2lKR
CdxrBtmMoC7Om1Q+DsbKsNOysQQ74Qtz5BTY0JhglgnaIauiFNA6BWT17eP/9RJg0bMOPyblb8Of
pHJGEHQwXULS7BIG0QOTqvCXgLDVIioKAB+oR2hwyd93AI/6BOHBaMG8DPIQbinHxK3wMgq8UuFV
vRHz1vJqcetBXZGsxFFB603/5JD1X51dsfOzi7M+O+r1zs9Orljv5C2D+vH1ydt9Bhex/hu46oR9
ePXm/IT13r7pnlxdVYrd/15l9HCjLsrMGIITFM+bCArGpItlmHVA7VAb+BRV6JIyLlZWAZZYQdUJ
UkJoBkdCab/mZ8q/oErETBjhZbox4qyYQNBdhfC8X0MbbzB7YMKnGyp3r0Y30MU6GG0mPKwLlF4R
rrKquncpA3iWmCUrUWtVLWvy9H5IWvKalnzM4yF0irInw1CVrxR77tcu9TKEo+9i+i6I2lMeZVSF
mEigQsvAA5/u59mg6IK5E6rEOhoBLyXvdNX7KuyNivbK3aGMkFnoL7EEkD5uIrbCnyjGtIubD4I2
q1UtK7R2SnHiTnok11EclrKNYjnN06y6W19RNh3TtDBKoy15xzfYPS5lecdVXjmiyWJoCd1QO7Kf
TWeqzFK1HNMnyngit9cxXqRvIOwEM5cAjiDBQ1fn9ygY0jWkPGhhLvLFlTcwiAWrjfOyE+MVtrZC
tZ8bUlUHurqsKDR46Vf1hCMjb5JF10mOvctnSA2m2RSyKz4WY/nYAQ3J1DhKoVjpFfuLViX1mLs+
BlX3TCOiBstYDmeQbutLix1Ldaro01gVYcxT/NXFeRdSvPSFpmRUM5Q9GCSKpWzHAIWqFCgcUXuA
TpUWisuM4+CEqXuUhCvp4DatTyVP3jJevKpzUYH4sd+c73pW6/xwEEUiRYMd6gQBRdlEhqq4HPLU
m1ANTpChXgIX0imGYpsaAumzKrEMxbLMVJntiWml/BSG1XiRIvN9VnYMA5LxqOFymoOBsN1o6qi9
qmBpSIvFo68kx0ENlfh4MxA1rAp7BVUg+NIzKutYt/duH+4FDEPoXzeBD25PZYKKnkv+ZeJ/yJp5
wb2qxRPSjnFthR35EKgmPBwd4Gd1aIDgC/Bh3RQ0ynA2BR3M6IirpGcwMwchJ7cY1bC45GGFIYh3
vaiXl9mrkSCtiwZQN/iwE27MZtGsrI8L45oL3euS4ItY2hML8tyMONuYV0tQsCv3MFJrveOqm55W
WE/fE3JciYJDaT0k1b5ALY5iPkYRwCagtmQWUr2C40wY94fY2XmMduqGAU6y0MA5hmGUSFJ20X9H
SBMQCcUeZinDgTqZctWcGlZU8lgzTbMy3nVIaNHLfTHMxof5UOUH5uAQRVdqE+iqdJ7pcWqiRtbo
yVEiVeLS3uAgMxWcFLfuRMqERt/5CEXkY1CKYD5POUv4PI+UOGOSTy3hOWPwCsBowk4VLHpiAofH
ahhME0t/Zx+H8ha9PmZnx2zv47uz46cgM7g8YIDrbyDcz2L19gs4Bo5cYhi2VFb1H3iCpEtI2RF4
+scX5zl/PaoxKH+nxnB6iZImVB84vKU0TLLJfJpEpxBj0mc0ombhXDBalG+zwDcckUOdAtFN8DSP
myA/nd3PRwA0eNRIwW+g5qSSLJJeGMwY3Qtuc8EX4DI4iMRtPfR4HFOazgMUi8v5OdWkMf7KJ8rM
qZI+zXUof8dto3mqjEHXaufOEj3n4kFPTlWs0/eU1T2HbAZF0jwIsRkVx3WM0q1gIuLReDlGiPC2
sJgP9/OrrBm2e6enlJWPpjLDLjxSCUf3aFSltjEmWAxRNBMBfoi/KUPCzW8pXxo3k+CRUCPfoVDM
hmpTfpqroxQ3yR2efJym8KzMq8THhpbiQyBivAgVZPEodTABSe0+lNX7YfIYOIF/5P0OwOY3498l
mhp1ZpwXKGczH19gNHzSw6RKDdGMsNk3j6mxIW2iTxEI9SlitDTDZTNQfmnpmJ5HyTM43WOJDvzK
zGVP2DjGJfxL9azmapYaqtxVkY5NN1y9+gJxEkYxyjYzOcvC3Bn1AaYyukZHxBrFQ6rwyzMdxTCZ
YGCCbKdrZ5rdVbNThzqL42QajRoVWSVBbS/cn385zeGv9Ib+DrnNFwXSsrvZ5NkEys2RNCwCvays
HrMsr5xItAxBqeCLa5VAEmKIZIspjnsSXMmZgITJCjoO5vR5tjpPIlAU4+NxDONnNU+mJ9XU5EEa
c7KcJR/hgx785vjNIU5i6pivUh8GhRuhimsOXeeGWkwI+EoAolWMiW3ItEvNK9dUxrmjVDCoOq+d
CZJ8VNapyqwRiS5N1UHZHaGfGJNW+xAfZxO+z3CHM8rP6bIMg9A7EjGU2mVPbZR+qM/m6UolC25N
gulHWEZ+zaDkhFROUSwPFpohWV6dz9u4Y2klq2nqNJiuYrVOwMgUr8eegKEZLYsBExuk2T19Uz6T
W1k1oM+YLeTaXJ/iddhW1lW9wpg40TyAfar1mU+RTDSRIgaOcnThrCMGzjbD2MSnyjEYLRnB8AME
UU8aMALlMwcqxgE/HSLzzMbDgCd6WAKVJJ/OwvwIax7AqG11mBtNnQO/xdmrQ/YLFSuQP/dpOutX
ZEojjlWaNJ+AkBhYOOJaEzVrkD+xoumA+zIWJXTK0AkVyDTaxC3oAKtOtyZ81S5hUD8ZPuHCrKCy
16rFQ3Z6ftQ/dP/Z2m90bp392m1t3/2n808fCyLq53u4FsDD4PqsXVWhWB3VG09VlaeeLpiDddXD
MbeAjvVMGpUeNBUGVvMW+Ewl89IszoNyPkKJl88lKOIAH0hVHj0GSnKFlfNnGuALqpx9ckqhhpqi
6y0mGVUKivLJoJSptjSKPjmj8a24hcCX6MGdd43Dg4QGMqCRYQCF+UIVcXQdykvfmghVGlF9RklJ
/KEYiZexurRfEvipmSTQez2obVhKbVycjw/uhx7URBOTgo+XIh8XwBo0Of3kyxSCoUXFJ5cWIYtD
89inl0NWx6MgpLVyK8p4OjMPJ5A+zOMAetncJHxO6Dn88ng6VA/LTBqWYj6tfV3RZp4t9lsx0rML
1p0U9xObBBXK1KRc9c4tBIvktxB3F8p/seWpVF6LCNK7JfGC06NSV+/b9iWYqXUFHVr1/iUMhubV
cHg7tXUqEY1brdYcx8U9LHrHbyxJffmJkBSJQApsc0B3j5LEuvAqwA798cISsYAADmNaLVkg3uBG
bhZxpicL9QJIBzISAp7YzrXKtp+omMrSAL8GR1/GxhUUwXgYRBy/EEBcUE0Ug/whXaQ+vOPFixnu
iUwEV/mawLLF8jb/juUCy9ikopql7sT4ug+M2zIKyeNM+VcO8Wesw970aMpndffvv/9/yXmSDg==
===END CRASH DUMP===
