PocketMine-MP Crash Dump Sun Nov 21 11:33:24 +07 2021

Error: pocketmine\Server::unloadLevel(): Argument #1 ($level) must be of type pocketmine\level\Level, null given, called in C:\Users\tungnguyen\Desktop\Servers\AcidIsland\plugins\226-NichiSkyBlock\src\BaliGamerz\SkyBlock\island\IslandManager.php on line 261
File: pmsrc/src/pocketmine/Server
Line: 914
Type: TypeError

A PLUGIN WAS INVOLVED IN THIS CRASH
BAD PLUGIN: NichiSkyBlock v17 Official Release

Code:
[905] 			}
[906] 		}
[907] 
[908] 		return null;
[909] 	}
[910] 
[911] 	/**
[912] 	 * @throws \InvalidStateException
[913] 	 */
[914] 	public function unloadLevel(Level $level, bool $forceUnload = false) : bool{
[915] 		if($level === $this->getDefaultLevel() and !$forceUnload){
[916] 			throw new \InvalidStateException("The default world cannot be unloaded while running, please switch worlds.");
[917] 		}
[918] 
[919] 		return $level->unload($forceUnload);
[920] 	}
[921] 
[922] 	/**
[923] 	 * @internal
[924] 	 */

Backtrace:
#0 plugins/226-NichiSkyBlock/src/BaliGamerz/SkyBlock/island/IslandManager(261): pocketmine\Server->unloadLevel(NULL )
#1 plugins/226-NichiSkyBlock/src/BaliGamerz/SkyBlock/EventListener(138): BaliGamerz\SkyBlock\island\IslandManager->unloadByPlayer(object JackMD\NameSpaceRemover\CustomPlayer)
#2 pmsrc/src/pocketmine/plugin/MethodEventExecutor(42): BaliGamerz\SkyBlock\EventListener->onLeave(object pocketmine\event\player\PlayerQuitEvent)
#3 pmsrc/src/pocketmine/plugin/RegisteredListener(80): pocketmine\plugin\MethodEventExecutor->execute(object BaliGamerz\SkyBlock\EventListener, object pocketmine\event\player\PlayerQuitEvent)
#4 pmsrc/src/pocketmine/event/Event(88): pocketmine\plugin\RegisteredListener->callEvent(object pocketmine\event\player\PlayerQuitEvent)
#5 pmsrc/src/pocketmine/Player(3713): pocketmine\event\Event->call()
#6 plugins/AntiInternalKick_dev-4/src/Jibix/AntiInternalKick/utils/ModifiedRakLib(101): pocketmine\Player->close(object pocketmine\lang\TranslationContainer, string[17] client disconnect)
#7 pmsrc/vendor/pocketmine/raklib/src/server/ServerHandler(127): Jibix\AntiInternalKick\utils\ModifiedRakLib->closeSession(string[19] 123.17.155.13 55276, string[17] client disconnect)
#8 plugins/AntiInternalKick_dev-4/src/Jibix/AntiInternalKick/utils/ModifiedRakLib(88): raklib\server\ServerHandler->handlePacket()
#9 plugins/AntiInternalKick_dev-4/src/Jibix/AntiInternalKick/utils/ModifiedRakLib(78): Jibix\AntiInternalKick\utils\ModifiedRakLib->process()
#10 pmsrc/vendor/pocketmine/snooze/src/SleeperHandler(113): Jibix\AntiInternalKick\utils\ModifiedRakLib->Jibix\AntiInternalKick\utils\{closure}()
#11 pmsrc/vendor/pocketmine/snooze/src/SleeperHandler(75): pocketmine\snooze\SleeperHandler->processNotifications()
#12 pmsrc/src/pocketmine/Server(2155): pocketmine\snooze\SleeperHandler->sleepUntil(double 1637469204.1913)
#13 pmsrc/src/pocketmine/Server(1992): pocketmine\Server->tickProcessor()
#14 pmsrc/src/pocketmine/Server(1586): pocketmine\Server->start()
#15 pmsrc/src/pocketmine/PocketMine(314): pocketmine\Server->__construct(object BaseClassLoader, object pocketmine\utils\MainLogger, string[47] C:\Users\tungnguyen\Desktop\Servers\AcidIsland\, string[55] C:\Users\tungnguyen\Desktop\Servers\AcidIsland\plugins\)
#16 pmsrc/src/pocketmine/PocketMine(344): pocketmine\server()
#17 pmsrc(11): require(string[102] phar://C:/Users/tungnguyen/Desktop/Servers/AcidIsland/PocketMine-MP.phar/src/poc)

PocketMine-MP version: 3.25.0 [Protocol 471]
Git commit: f48b703533e0ced4e8ff9e118c5fe3889ccaf23e
uname -a: Windows NT tungnguyen2-8si 10.0 build 14393 (Windows Server 2016) AMD64
PHP Version: 8.0.11
Zend version: 4.0.11
OS : WINNT, win
Composer libraries: 
- adhocore/json-comment 1.1.2@fc2f76979f0a44a5f5bc2a2b600d0762fe0e78e7
- daverandom/callback-validator unknown@unknown
- pocketmine/binaryutils 0.1.13@0abee38d4e2861621f262c79a2a3d699d8a697f4
- pocketmine/callback-validator 1.0.3@64787469766bcaa7e5885242e85c23c25e8c55a2
- pocketmine/classloader 0.1.2@9757928424652393b178a3760073113aa7c9911b
- pocketmine/log 0.2.1@830b44a2cf96ef703c550abe64302f230231ca49
- pocketmine/log-pthreads 0.1.3@e477ecf6ec214fdd4415ea1da3fdd9d73bf699ea
- pocketmine/math 0.2.6@43057cb8c179a9859677b496a788db922fd5cfc3
- pocketmine/nbt 0.2.18@9f82ca4d7f97fcd9a566e44b63c4f18a7657ae82
- pocketmine/pocketmine-mp 3.25.0@f48b703533e0ced4e8ff9e118c5fe3889ccaf23e
- pocketmine/raklib 0.12.11@9cce458b8bfde3e4dfdbf70c659fc7b7fe26b5c4
- pocketmine/snooze 0.1.5@70b5e7937a06878dd321a3182ceb76d56298f2cd
- pocketmine/spl 0.4.2@6b08b7cf8c4afa17139c9a1b3bf1b408531de161

Loaded plugins:
AddGems 1 by  for API(s) 3.0.0
AlwaysNight 0.0.1 by YTBJero for API(s) 3.0.0
AntiInternalKick 1 by Jibix for API(s) 3.0.0
AntiTNT 0.1 by Adam1609 for API(s) 3.0.0
AntiToolbox 1.0 by FaigerSYS for API(s) 3.0.0-ALPHA4, 3.0.0-ALPHA5, 3.0.0-ALPHA6, 3.0.0-ALPHA7, 3.0.0-ALPHA8, 3.0.0-ALPHA9, 3.0.0-ALPHA10, 3.0.0-ALPHA11, 3.0.0-ALPHA12, 3.0.0, 4.0.0
AuctionHouse 1.2.5 by Shock95x for API(s) 3.0.0
AutoClearLagg 3.1.0 by Twisted for API(s) 3.0.0
AutoFeed 1 by Ghast Noob for API(s) 3.0.0
AutoFix 1 by Ghast Noob for API(s) 3.0.0
AutoInv 0.0.10 by JackNoordhuis for API(s) 3.0.0
AutoSell 1 by Jero, Cur for API(s) 3.0.0
AutoXP 1.1.0 by JackMD for API(s) 3.0.0
Badge 1.0.0 by YTBJero for API(s) 3.0.0
BanItem 2.3.3 by LDX for API(s) 3.0.0
Bank 0.0.1 by YTBJero, GhastNoob, Kaido Joestar for API(s) 3.21.0
BetterVoting 2.0.2 by Twisted for API(s) 3.0.0
BlockCMD 1.0.0-beta by kenygamer for API(s) 3.0.0-ALPHA10, 3.0.0-ALPHA11, 3.0.0-ALPHA12, 3.0.0
BlockSniper 3.2.3 by BlockHorizons, Sandertv (@Sandertv), Chris-Prime (@PrimusLV) for API(s) 3.2.0
BossAnnouncement 2.0.4 by XenialDan for API(s) 3.13
Boss_Quai 2.1 by phuongaz for API(s) 3.0.0
Broadcaster 1.5 by EvolSoft for API(s) 3.0.0
BuilderTools 1.2.0-beta4 by CzechPMDevs, VixikHD for API(s) 3.16.0
BurgerSellWands 1.0.1 by Heisenburger69 for API(s) 3.0.0
BurgerSpawners 0.1.4 by Heisenburger69 for API(s) 3.0.0
BuyKey 1.0.0 by  for API(s) 3.0.0
Buy_cmd 1 by TungstenVn for API(s) 3.0.0
ChoDenUI 3.5 by BlackPMFury for API(s) 3.0.0, 3.2.0
CmdSnooper 1.0.0 by HotshotHD for API(s) 3.1.1
CoinAPI 2.0.9 by onebone | Edit By SenKai Official for API(s) 3.0.0
Command 1.1.2 by PIG for API(s) 3.0.0
CrateVH 1.1 by PIG for API(s) 3.0.0
Crossbow 1 by SonsaYT for API(s) 3.0.5
CustomAlerts 2.1 by EvolSoft for API(s) 3.0.0
CustomPrivateTalkCMD 1.0.0 by YTBJero for API(s) 3.0.0
CustomWing 1.5 by YTEsDev for API(s) 3.0.0
DEVirion 1.2.7 by poggit, SOFe for API(s) 3.0.0
DLevelIsland 1.0.0 by Nguyễn Công Danh (NCD) for API(s) 3.0.0
DancingFarm 1 by RicardoMilos384, DontTouchMeXD for API(s) 3.17.0
DanhHieu 3.0.0 by padreon for API(s) 3.0.0
DevTools 1.14.2 by PocketMine Team for API(s) 3.13.0
EasyCommandAutofill 1.0.9 by jasonwynn10 for API(s) 3.0.0
EconomyAPI 5.7.3 by onebone for API(s) 3.0.0
Enchanted_Item 1.0.0 by Panda for API(s) 3.0.0, 4.0.0
Eternity 1 by minefore and shin1134 for API(s) 3.9.0
ExtendedBlocks 1.3.0 by Javier Leon9966 for API(s) 3.14.0
Fishing 0.4 by benda95280 for API(s) 3.0.0
Fix 0.0.1 by YTBJero for API(s) 3.22.0
FormAPI 1.3.0 by jojoe77777 for API(s) 3.2.0
FormImagesFix 0.0.1 by  for API(s) 3.11.4
GCPClan 1.2 by InstantlyTa for API(s) 3.0.0, 4.0.0
GMCDetect 1 by TungstenVn for API(s) 3.0.0
GemUI 1 by WoolChannel3295 for API(s) 3.0.0
GuessTheNumber 3.1.0 by SalmonDE for API(s) 3.0.0
Hyperion 2.6 by hachkingtohach1 for API(s) 3.19.3
InvCrashFix 0.0.1 by  for API(s) 3.14.0
InvSee 1.0.0 by BlockHorizons for API(s) 3.0.0
KeepInventory 1.0 by KhoaGamingPro for API(s) 3.0.0
KeepYourXp 1.1.1 by ArasakaID for API(s) 3.0.0
KingofBlock 1 by YTBJero for API(s) 3.0.0
KitUI 1.3.5 by Infernus101 for API(s) 3.4.0
LoadWorlds 1.1 by shin for API(s) 3.0.0
LockWorld 0.0.1 by YTBJero for API(s) 3.0.0
LockedItem 3.0.1 by ytbjero for API(s) 3.0.0
MSpawns 2.2 by EvolSoft for API(s) 3.0.0
MaxEnchants 1.2.1 by Xenophilicy for API(s) 3.0.0
MenuAuto 1.0.0 by JeroGamingYT for API(s) 3.0.0
Minion 1.0.4 by phuongaz for API(s) 3.0.0
MonsterGate 1.2 by K27 for API(s) 3.0.0
MuaDanhHieu 3.5 by BlackPMFury for API(s) 3.0.0, 3.2.0
MuaPointUI 2.0.0 by JKPVN (JakayPluginVN) for API(s) 3.0.0
MultiServerChat 0.0.2 by tungsten for API(s) 3.0.0-ALPHA12, 3.0.0, 3.0.6, 4.0.0
MultiWorld 1.6.0-beta5 by CzechPMDevs, VixikCZ, fuyutsuki, kaliiks for API(s) 3.20.0
MyItem 0.1 by AnhKhoaaa for API(s) 3.0.0
NGVS_Khoe 1.0.0 by NguyenDongQuy for API(s) 3.0.0
NVSSP 0.2.1 by YTBJero for API(s) 3.15.4
NameSpaceRemover 1.0.0 by JackMD for API(s) 3.0.0
Napthe 0.0.1 by hachkingtohach1,tungstenvn for API(s) 3.0.0
Netherite 1.2.1 by Wertzui123 for API(s) 3.0.0
NichiSkyBlock 17 Official Release by BaliGamerz\MadeAja for API(s) 3.0.0
NoAdvertisings 0.0.3 by YTBJero for API(s) 3.0.0
NoFallDamage 1.0 by DeveloperNeb101 for API(s) 3.0.0
NoPvPArea 0.0.1 by author_name for API(s) 3.0.0
NoTP 1.0.7 by awzaw for API(s) 3.0.0
OffHand 2.1.2 by alvin0319 for API(s) 3.0.0
OnlineTOP 1.0.1 by HMMMM for API(s) 3.0.0
OreCore 1.01 by  for API(s) 3.0.0
OreGenerator 0.1 by phuongaz for API(s) 3.0.0
PCEBookShop 1.0.3 by Aericio for API(s) 3.11.2
PHP-Sell 1.2.7 by Muqsit for API(s) 3.0.0-ALPHA9, 3.0.0-ALPHA10, 3.0.0-ALPHA11, 3.0.0-ALPHA12, 3.0.0
PM-Beacons 2.0.1 by jasonwynn10 for API(s) 3.0.0
PiggyCrates 2.0.9 by DaPigGuy for API(s) 3.2.0
PiggyCustomEnchants 2.4.3 by DaPigGuy for API(s) 3.19.0
PlayerVaults 3.3.1 by  for API(s) 3.0.0
PureChat 1.4.11 by 64FF00 for API(s) 3.0.0
PureEntitiesX 0.7.0 by milk0417, RevivalPMMP for API(s) 3.19.0
PurePerms 1.4.3 by 64FF00 & ProjectInfinity for API(s) 3.0.0
QuyenVipUI 1.2 by NightBlackDM for API(s) 3.1.1
RankShopSystem 1.0.0 by zZPROGAMERZz423 | §eFor issues report by §2Visiting GitHub.com/zZPROGAMERZz423 for API(s) 3.0.0
Report 1.3 by ImNotYourDev for API(s) 3.7.0
SETVIP 2.3 by MCPEVN TEAM for API(s) 3.0.0
SeasonPass 2.0.0 by TungstenVn for API(s) 3.0.0
Shield 1.1.0 by JavierLeon9966 for API(s) 3.7.0
ShinPickaxeLevel 6.0.0 by shin for API(s) 3.0.0
ShopGem 1.0.0 by YTBJero for API(s) 3.0.0
ShopPoint 1 by S2TwKen for API(s) 3.0.0
Shulkerbox 1.1.2 by UltraFlappy for API(s) 3.0.0
SizePlayer 1.0.3 by  for API(s) 3.0.0
SkillAnimate 1.0.1 by Tungsten for API(s) 3.0.0
Slapper 1.6.2 by jojoe77777 for API(s) 3.0.0, 4.0.0
SlapperRotation 1.2.0 by jojoe77777 for API(s) 3.0.1
SpawnerGUI 1 by DandierSmile122 for API(s) 3.0.0
StaffMute 1.0.0 by YTBJero for API(s) 3.0.0
StaffTable 0.4 by GigantLeyKey for API(s) 3.0.0
TableSpoon 1.0.0 by CortexPE, Xenophilicy, HyperFlareMC for API(s) 3.0.0
TimeCommander 2.2 by Zeao for API(s) 3.0.0
TokoThirstBar 1.1 by Rand for API(s) 3.0.0, 4.0.0
TopLeaderboard 1.0.0 by YTBJero for API(s) 3.0.0
TopLeaderboardCoin 1.0.0 by YTBJero for API(s) 3.0.0
TopLeaderboardGem 1.0.0 by YTBJero for API(s) 3.0.0
TopLeaderboardIs 1.0.0 by YTBJero for API(s) 3.0.0
TopVoter 3.2.0 by SalmonDE for API(s) 3.0.0
TradeNPC 1.0.0 by alvin0319 && FunkaDev for API(s) 3.0.0
Trident 1.0.0 by brokiem for API(s) 3.15.0
VanillaEnchantments 4.0.0 by TheAz928 for API(s) 3.0.0, 3.1.0
Wolfies-FloatingText 1.3.5 by  for API(s) 3.0.0
WorldProtect 2.3.8 by aliuly for API(s) 3.0.0
essentialsTP 1.2.2 by  for API(s) 3.0.0
fly 1 by IDontKnow for API(s) 3.0.0
iProtector 3.1.1 by LDX for API(s) 3.0.0
reyyogaWtrhit 1.1.6 by reyyogaMnelux for API(s) 3.0.0, 4.0.0

----------------------REPORT THE DATA BELOW THIS LINE-----------------------

===BEGIN CRASH DUMP===
eNrtfQtz28ix7l+ZcE8lcq5IEeBbKW9Z1sNWLMmMST+ywZZrCAxJWCDA4EGJztn/frt7BuAMRIuk
TGdv3VpvJSIaQM/XPT39GAwG/6mMo3jG088LESd+FFaOm4eV1J+JyrHVbnSa7Z5db9asbrPTaRxW
srk81WvW7Hbb6jTrnU6v22l3DisBT9LzOI7iyvF/KulyDldVhvBH0g4rM5EkfILUeeTeinTmh8Jx
BiKGho+PszCIuHclFiI4eHbMTuJJNhNhyn6y2MH/BEh+xmZZkrKRYNGYIX+m86FLHIcYHLIwCwI2
8RciPGQuDwLhMT9kp8eO8z4BMR0nzcJJOMmWInScM5HcptE8xwJnT1zfu0wCHnqOMw+yiR8C0bbb
1RvfnfqD2+XLAJp2nCR2HeclD/xXfCbir8ChOOWr2yWbax6C6HFtPp2zKGQBQGZ22wKtjAHphR+Q
WqY8Pj46Oj0+IpBHK4xHCuKRQni0AnjUJyVcA8fqdb+GPI4A1tFKN+ombBvbU23N8KK1F8JFiA/6
2EJLiLkLv/9V+anOlCqOHmiCGK30cFTQpRaODCUcgODQww+NoPqzbgQ376+u2DMAAxawe8Pn0PXp
lZ+kIoQWrUYXWtyho3IoL5f9gC+BQzT6ItyU/Z27t9dnjnMDbAZz0Mw7MYsAuuOcgm1GM3k1obbZ
Wh1LUY6uRTqNPEJ5fi/cLI3ig6b9TZCGONWfo/BK8IXIUemqFHglWi0CcRwJ6B+ZnxILQtZ4FNk7
McF2YuEV6uvWS/0lL3WcNVJUfxb0qwC3hUCH7GmCNNcLQndKCzjodr8B/aGY1Z/RU8jbnoantR6P
MqFGx2qUwCiexEE2f0CM2oXFn4SpfxkCzpAHb3z39rMnFtUmtfB3f+TfP7jgKEv9IDm6jjx/7Avv
Hb+98kcHVr085CQoaDSIkrWGBKNh4jjDmIcwMFIIDKdRmHKfuitJYz+c/Mvq/MrcwEc37fmJG4Uh
MCEBOkoTIJgXxboyYn4b+CMSIKFRr7zOaxh8AQ5VuwNISTbwwyXhHIekA8MzxFNSDCDAAM6DHF3v
V2bZjZrVqVmtVs1qsFbL7rS3QN/dt/rJCqXkEDRI3tzpKbmrP0/pR5+jpqQV9PYNo9N9gmrnceSC
YiUkq/7Njk3CKPoqCNMgEGKudSnZ/a7tbrr+P9jnWSx+U8isJyDrtEqjQl4KfWNcVyjhJkoBo0vD
IdfIN/y87N0DG0xvyzYSPH4P4gYHXpSNAsH0/KsHSqT2Go+2Z/V69jeCawra60s5INhIZs3HmbW6
7W8wS1IeKzO1vuX2isTkoGE1v8Hn82cYeDAgMzddBYxEnEIymVxBAP5GcMhtBvzRVTSZaD6pCaP6
SXlewaHV+vU7M0WplvZmtTTLapG+QelVOVEYP+g9xL8zPxaFc6vbv7J9J4zPKr/+dlgRf+Twu+bw
O+XUoGKJ57MfLqJgIVBHcLsfetDBblrJzwPNwAon3MgT2DW9egvOOin+9xvQe/W2OpZHHTiiH11F
jkWaxSHp9G90okcn6Gqrrq62LCIe/fWvdGTTEfsre5FO4+guYaCJcAGa8gYpT8X5vSvm6Anp4oa6
+IiOmnQ0By/mu2ychS5ex3T7oP9n0ioO2SiK4AAKUVe8p4vYczbmQSKesWM6+R9imwvtj5U9sefP
n7P/Sad+Uv15ItIzMeZZkCoLZNBp7E8612eSTbvQHQnGQnH3LdkOnMpwKpgnGbO7KA48sMYwjMiK
pURgmXdTsAEWZ2EIo/MQArcAL8aSOz91p/KupOZUnpHurY7eV1Y3137P7CspYV6JHBhyEB+7vupD
21JcbFvvQ7tR9KGvgiiRm0Vv/fZHifdHifdHifdHifdHifdHifdHifdHifdHiff/eYl3WJlgLIRM
EAqJkOPTnIpxAyAbQQetHghVGjW7VasjPfMDr3Js163GYcVP0ElVjilRh6IljtLIjYBts2NBIz4W
NeNmd9SpN1qNhqi7wmuK7njcE5bVdVtj0eh2e67Lx3ZDAO9MYfkIhRBWGzdDtpLWrnYTn1n1Wp0R
BmY1G70GO8gvlkpgAKz9jJ1cn7WbWEZN58CvW6vXLCzTvoLbgONmfgynP0cJtnh5czMEAh3c+SEV
WrM5xJv4M/jzmMe+SFBb3JuChLE4+pJEYRWuUaWbVbNq9ouxa4877V6nN67zZpO3xq2Ra3N71K7X
vXqnbY9FXXS6ogPsPUjtIOx60ewIU4IRhIQqVR88xdobdHEbRnfhC/UXwa7Ma+SHPF7S+IBLQRgI
fC/qfCRAoaBhu9u22rY1ttu22+lxmze8dq/ndTlAGzdNVmsbt0BBjRftZqeLrqnTbo9czjui1e22
7KYtui3Xbrh2S0AftrhdYoijmmqiWGGzX/Q6rU7P7jbtZrtlQ6+NrE6XNzqglk4DAgfwdntQe45M
TkE0IQ52zXrRbdRHoFHbHffaYgz2BC2jwO1mo26D+dTthuXyZu8Bh+ocKjzBvVxRjRei2ekId9wW
rm01x57XbFotwS2PN+Cg53UaozFoS3CT1YynU4Wm/QIabXXcUde1QL29bqvX7nRGzV6bd7pdbwQV
2NhruWO3YbIIR2kuT/dFb9y1AbDXGUOfuF6Pt9pt0WyO2g23Oba6vNNudbjolpS7+lmdzYth+WKH
MfYgS5N6AUzWC7hMNFvdUXc09kRDNL2xNwJdu+1Wb+x2Rp2xsNujlluyIBnqlHpbLzr1UUt0eo0O
r7e7na7nNWyLNyyQVow6ba/Vtnvdse16JSbzgDg0wVraozqI4467bpOPuQUZdc/tcWsEHWONmvVu
q2F5wmpbld+KiRQamyee90rMEs2p5ZTDysqT4bjnGZQ0MVz5L/CFfO5j6dsAm6+jbxQhh7gMfgIC
Fjg1D+J36Klrk2icnumEGadZmvk0i8IJh+rnNdZsEEWwXYxcOO8DgwE97NvB8OPbd1dnQLoTo8RP
ESKW3yfBHV8mN/5kmurgNaouQB29lyFE5Z/Dl38XcVTZkzSKnePwUIbfrYQo5XC6JOVT3+6PCmWE
+xLkm+nlLkINITKYsgwpVug9UhLixOMzq13v7UsO1WgZ92B48m74vr8edRQFo+i+jFxRjQ6guK6h
v+A+JFuDfw7K8KsnV/3XJzj8tcOWedg2DzvmYdc87JmHVr10bJWO7fwY/ja/R6GFiNI4lFqMg03m
MU3TeQKJGWQ502xUg1TgqOB6pPPBDslo+vN1lCVC7xGdbHaJXWuZnTKAvOO21/rOoVE5h0w8mi1P
+pfA/jJcnMY8mV7IEad0k6iWYPhLfFPEB7ox0W4eO1kanQaCx1d8MjGk1um62FDGl21xeIcTN96+
BlIq2aFokKkiiABAoGwmpl17XsE8SZZBNrs+PTL5KWVcCERr6IFIj3jDV1OepOwmikZ7cyWq1R18
IN7h35eR+/e/A3D05rvgBgsv4UbKg2haMjqcAAbosTfN/GRf+L8A0zBnKg3QDxfS9CSorSQaiCAo
iUSkx0IqxPJDdprF++yKBBrdrS8+9Uu4P/VLTu/B6Jcz8XvLBtS8vmx7O/Brxrpkc6QkAOFecm+i
u3V5XAqxZdF+VMpGjW/fMS95eJmKmYFeUnT8dq1Ra5j4r84+7Qs7sELc1OyTewWYVK9P++dHOX4p
3K0p2e22mfSh9GDkwA4rb7jvRezvkcAZMUNs29pDn40A2A5dJlJIZT9EqR/qYdUgm50HJecPiKqV
vj+ZLOUjsfPQnfIwTSprQu2IgC0IGPSzCXOztPgo6RScgCZpTnowxKrQFjdFvRXhcoJPptYnszuk
nE/s5RwtiL7CvZ3Yg9Cfi7gsuaKaiZNdHp906eso9r9GIRbAAx56Ik4X7OBF/hMnIE+nsZ9U+7E/
E3AG/2bJ1Ydnpo3vbBnXy34QpZWSEnI0ShNSDseRM8BbKSVKkpMwjLLQVUsmVpopnyqPgKapnk8i
9HlwxkNDUqvx1F6+J34eFsxlKLtK+PkfGfdLokmaKVPJc+VTEJW9T2mcZDFHEFK0rcSI4QqX46NX
XRCNag7dUq1zvoiCAcDalyhawyCDgeKRSjoPMnd3dzUBiJB7Lb0l+XACWsRY4enTTQa5XM9J51Qy
w9Ovwp32r8/EAm/44N/7t6/NfMdqP11uF7nPZx5wBzcswaUIDrRgQt012mq4jwxWpJwYq2DIDz9y
QqTpxzxT9t8li34t/ESEI7qpvdtcil7nPqIgswXUigFwh5gsb5zzu1DEa0TOT5Rmjcpe6Tsk3l1K
henJGVcJLGlh+UYsDemJ8HgqvK9BTm3t0mXLz+7MM9ES5ZFSapiFE1xI8iHcV+dIjtju9tBPp9GZ
CN9fatgLkpkWtMpJAdQu/euLLF4+wH/4lEi/kiMH4Djy1w7SzLwBFMZmpqMRNxRSr6M0mUZp2W2C
M3mq15x5iWwaZNFhbJYEKnr0OJoYilLORnqmDFEoRvA/9r/s3PNT9nLJBiKEooO9HY99FxKLfVmb
ashxXAAGDEHCAuEW4s1mPPQM8SSlXMaXyo3+5at9CaBa3ME1n8Y8FR9e66gVpYT6h2EeRFnwkaZL
fsmCMZ/O/Isv8S4CQNY1iu4MCRTpEVc1gEyb/3NYEqL1dCGIHRiMansHAahEPAkg+dBDo0F+NLXd
dz6ot5wv6ixwPC0jVCtDY38BtjXkQalkXXv6d5ohWodl1878aM49aMRHE/t/Ds8TyBn3248faV5h
W/xn5x/8mOAV6AtSOWXvlCqsaIJLWqCWfnsh9lZmEVPHWRAEx4FkXf3SYG143ndGi6nlyh9dLp28
wdhuJtnSySzhtkJ26mT1+rgZThjUx1N2cHN69uzJ2fdh5SKKZxvy8Bta4XMK9Sa2CKKbyDd3Kg9d
sIILHuszmTr1EUf5znd57EXXfhAljS5m5GdRmA6jzJ1ei0+ltKLz9J42uIKMK3TGwZbyTl/7IjOF
lSQzAXzQ0XPuxSLaW/qq2DnO0E/TQJycvdthKIpFuYIuSKXY3HyQUhTL1dhQ8FlpFuc7OkkBwGWA
i1J1/FhI0OqiFbSjggdIe86Tpcpe8NHB2Dee46w7Wx6ypaTxC0+i8G4ZhlZ9f8+oCpaOswbS9n2r
eQBNSN0trGRr1Trl2UuVp+497RUSAWW+BprNAskZbuF9Lj0vKZ3Y4Gf7oE2+pvb6rtUMBYQd+gdX
w/ipXqwXpEd8Ja7VGkexoBerkqkfWlajaYjTe7oYOXPHmY13kOQe6nFPeDSnrPuS0gmzYxoPHzUu
fBGzK3BmvV67bTqU5vc8dES+OVuwOgPV9mJe+KhuPenKKeacUmlGaQSN8V7L7u7NR6hmHWfV/ob0
xFw8UF44sOVyNtveQ+q70/qBPG/RoCvKBlP6En2JRAf/fd9jFM0vFxxBBgmi+LGtKJczPhFJqS8M
+uO9YgwInLl86ijP/p1gwot7DvnU9niXXnl12j+FtFATIqeUsnezTy7DJAUXGSyHe/e+fs465SCV
y90AnwJdnJ4oVBvnVSF9gNvmorYIScLr0zOR4mvAmowF7feYnJzMXI9a36GbxMyYn5THj4D/CHnS
KUSxUAQNu9falwSvtl1SQKAzkSTDqbjJZiNjNrJ0YsOatQEPZlF4dr63+SPFz3FMHNsL9no5F6Wi
tyCZMy9tU5Qpd6e34OTTCH9ZZlTs1Z78uLTE13FyOKtfW44crJcDN17WkmUqkloo0iOPJ9NRBDUd
vdusL3Jcia9Td/B735EI5H7PDxcutkxeb/snwwB4IIQpARI25JvmMoB9PWoxn+ZLJLsI80aIOdwl
wjSK9RTUpD+6SPnNNOKvOKSMk/7+5sgMpo5jwNl+tOFt/4yy+NO8JJoilmfLy4vHwTr4Lb/c27q3
gqGUSKLYQRxQRzSW+09o8mjUR9z6nicx37x9uQvw1IhB8ricvLXKicIYyqAsseqmt/uOka+xhB5A
ENvLgGPqI20eoQmiER99hoH5+d4W6RVtbv/AGOdF3PkirKXRXArj3hIPQ5ac9ju943L1cZfecG+F
V5oA0IjlubeSCMt09GWPIih26HhzBPrvbQS6plUAum3lFDMtsH/sAxnVKHRE0frTHsNc8/tiKaIm
k0Ytz/FbD9aFRfOpH/jucl/CaSzR0gooxsFWnSXCDGfidMly0oY0AE1dBrYHTwSf3mmq7e2Hz7Uf
mkmoIpTBN3/syrbTq5MzWhIlm98BP77FLuJXPNUTMZ36aA36xu7sLQ7aHdxMoWh4l+TrOuNrnh/o
1N9xDckpYFCLSE7pUdDWfZPxfuSHZsTXiOUVGOUB8qb/4YYd/B3ypGWfXin9cPNsby8eIHMQJeO7
yBOkvnynHcri1BDKPFOOmyWrS9WswDfWP+uv1OHf9vdOh+TtNXaUtZwYaERzVLXVUsrWxqWUp7/Q
9srLLE2yW1w+e8sD37816yC7vqcFljMETBt9YVdr4L9ncaXGCBW1LOUeivD4y6jhFOsazvfm+Jfb
v6mBqG9efRh8Bgi601zRtngwLcIzCAD/yPYWkt/skIHffBgM9DeX5LGpcXubZNVqPX3S9CQQ9y9j
f4dYVd68TJegfGpT8vBD3sJ6uLva9qLN06lhTJKwoYAozTkd5o5qsbca6cGslgSW/91KNgEXxr6R
YKxoG5LXjyJOv2a+ZTf2JdGKIwiRw3jyiuEVt6OVTCi0scelJnhp70tN+E6xNJK9E7TVYilL0Tak
u4bM6OTL3tzf+r3udqmJVxrJoaESohMPBEz9BCxIr15KJ8pW3vjvlMkmih0Ga3TBg+CMz7jxjqRB
fnSi7wyXAuEK3BsxKk/K1L9roYfOFgVcIdpFvP6ifxILbsiW0zZ4JPnzM9221yc2KI3CoP3cTp6h
EezwsBweSsvi+N1Xfrcv/MTMccIonT/ZzUhAIAy4iNfmkricUlpuWs6ZebDww3rD2tsrGAVDxwEI
U9pJTP3Yplfehrh38PCt3jUr2qbXaK7h3/5W0gS0h9m24+NtLE6jWB/5OaWE+odsy6Pa2qU6hlte
0eZoaRSbqFfkR9PtH/ceno5hF5H6p+cvo+h2MI30BxI6tWxBpZhyApHa9UvZLA6aRxeBfuP14G+m
uLIRx9GAGQdP8ASK55HGhZ4J9l/3q6WNFArShkXA1/QYb30x/fTtbJ76ZBgAvyZnsu147F9XXwqO
2zHqsq+I5WkS67+75nBEMPAt8RzOZonIzPCVDkMkjbrh5ZszDhe/KhWX9p7fhs8bAYteITMOnmDe
OdMjjc3RSicmlrJuzLOmjpplD7BWR9Z3rPUr68NAs5b4/fox2Ek90f7IH3Bjd0NBOtmcDG3Ufkig
yhcHyI2nF9Ryvn1zgWPzUMgg3pmThQXJdGtNuf+l1sPt5sVFfbdBTcz7Ip6t8euVC067RSV92kzj
k1j4UZb0z6s5XRsbn2XbIK8Cu/r1hE4nUGpL5YKNUs55mPqpL5JPJQ2t6GZo75SLkZkf3NabFsaE
dyDSggf96+v+3kZFLHnOZzMIfXMAJhQwqZEc5s5L0jWsR6a8SjGyF02lSFrZbhrrzIb9mUE/4wa+
l+HYp0XEexoYhm0QIu3nHqxD8gEt/AOnGT/4c+P5gUZ89MkObdJID0bOrvf1GuqHyz5ulEE8HScH
sdEHvOMh5TmDZWJOFZdObJjz+/pL/93bVyfX5+9++dq0G+x/Gb4UxDviIoqZnySZSFgs5lGcstFS
nbM/+ADEDyfslZ++VgovMdrdwSg3sFrt+ojXWWnPlHb7/OgdyaSrTRJKq0ZKa0ZmN1GKy2rK77Z1
npBF3IsA96tJhtEZblgfe5qn1BvCrxsgtPzvNtINzodgVpp0ilDa66mU8Z72zz/csOH5yd6qSMkS
d9hOwbC3Qi4wTezzRPdSGnHD470ftTQWOaIYOQ7991ZiTX1hPPVShI37oukvFexkcsUUyA7vLEhQ
+d8t5Qr7vnvL7wW9ymdKaJ7SZW0/7Lp9LmIqt729X0Bf8srwpznld3mL97M7newGnp6Dl+BL2mPv
kNvDuzdij+pXbe4CPQtuRWzuZKsRN+w88D5IY34R8Pl8bxmJxhJHBCF5Ge3wBsPA/ypkZq+LtCI+
Phmzr67A9q7kV25Wv7eCf+sHwUnoz8xVMAZ5w4zk8BtLEr7XF+PzmBUK82gr0bBXzW5RlPIKBHur
N3728HJJIgE8eS58hewol2Ul6Lsopa+cPBS4OPNgF6stBX9y2lsCsMOwkvsZvTISeI34iJs7g3gI
AW8A1Z2wbHu3HHWVmJb2enp09oMa3EG4lI/H15k54grafzcEYZM7Ih9iK2Xokvjo24uv/AkP0ytB
u0jtCX6CbW+Pn1AO5pExSjTiBt2fQmYu7vvnNAeyWlqqXsmBMBKL69MfstJ0hVH/vfltzaE/E+q1
b8MVmvRHlwf/Ini0181hjba/f4tYUxSUObqNhlM/TtKX3JDZoD+61v6dyqn36fxjmtpHEFtZajS/
EvhMiN59MqQwTvxO285oEHYYfQZ03Kvqm3LRyd9fNoTxVPnMAuPhud9fup1epzQFuEy+Kdtl8nuJ
Vsaxk3AfInN/04JU3pr3h7wfqrZAwRYr694VzdGsfm0lVgzauOmf6mLlpA19VKxxYH/+M7vIwlu+
x62echA7dFDse+YewTllgxyjOLr1xay8dvPJ0BU//Mwmte84/esVlI1yfOAhVDFcPbfCDYX1gbTu
rC5fc81c2FScfO3Z3bWr979jO/OFhIJbCsbiKd/QULiO1skEivgYBWNfJNULYIyzzENxr/fu2tOP
v+y3r0WS0PKZCK1Gw3H01re3VVrg3Y+j0lv/Brm8H3+3PPr8LFjub70ScnMcWs4+lwi2+frQmm69
zvx4jPOG+sfL8m+eprHAT6vhayxHhrT4FfokwcdfPEiMJWkGuVye2j+if/UWHafU/sa+HQf6G854
9EgleombhL0Jo72tp7sIdnhx2VfaN1Y+acTyvgfWj/0kxKrl70/5NSlA0Fgsl9GEf0zjqa8POJNe
nlss7Y2gLr4ORZDd7z31l8wBhrVt/+HH8HgMgqSivEda/g1QmpOgN4dqMKjnuJwXV81UfuoXR+w0
Csf+hI39QDixE/404PgdnwWzGszqHbfqx3aH/Z96h9l128ILJL8qPoJ6jh+wtTWiP3+Oy17hPyTO
otR7Lh8VuvJPABkX/fDo46pwzR1ILKqBn6TPoXAFAlc76Vfl0ogqd6e+WNDG+om6JMEZl6ryUtBd
z602Ncfv1U3Jc5sA4HO1WeSJ53Q0jmJgW9Ci8RipoCUPP/CZH88Xc9WM5+OK8yxIl89Jxkm+Fq+a
iBR9fvIcyQE+WKiiQT2HGh8f562oiRCedlG6nIvnZ+cXJ++vhkiVhlL9dybipWpUkWIXxFKI8Hdt
zpMEnLP3/K/0D/SUpVE14Quhblz44q7q+bg1jSued5F0P4ruq2jA6hL8+HfGJ+K5CCcrPXKcLw2S
vDVJnEWjgmJ8uLG2nOGHG39iaKPMJdvJYpq6IxNioGVmGCKYFINQnwiWq43xWLB0KlgUgv2lUzA4
F7s9ZSPB/NANMk948IM9MF3kNYhmcOcYGZR5JnwsDlmEbxokyJKNYsFv2TLKYsWL+WM2U9+kxqai
OAYbAp8JjG/EXcHuyBNjWobD7qLwLynDOUoeM1T6DITFj6guEWE69RMp991UhCybTyBvBQY1J8RB
IZkdOyFjP32c0isQLI2gldBjwEJ9nBh0oD7IDqDoNEENImgGRIVfIiV94d4nrmDyo+JImSFnadd5
5x4z+jgvnkimWepF2JsQw+iUU1FfzSXU9ywW1S9QvzIIQH/605+cCgE9CYLojuGQxEf7KnKzhc/Z
P9BQ8Rqy2DyoHzP0c3TrOVmvuof2jMOhxaADQUfIbbRkSrN4vTL24rSG/aePkBKCgYCauecB0ET2
BmoZv3nNZoLjh8LRL6A0I4GgQVfi3xkPUIsTfwHXLniQCXagGgUn9gy5yxZhmNGT9Cr0An5u+hhO
U9tyux00spNkGbpDntyCHcS3YFY1uuB9Aj2Flp5LipdN4whcF3QmXJ4cMkqlmHIaMDwOGX5hOJaf
syfdgDNH2iwL1dfHJfMB9TbIBEYXR/f0NAPUACKRIYcFONStAnQ5RtPFa9BED5mf/gXUl8Z0m9zL
iSyodDM7ABkyGEY2qYXEqCpJj4lV2XQ5GUechSF2pydfqqBOoO9NJDUGRaD6zWa4TIbR7jeH+lhU
hoMaieNsnkqqVBgqZgbYlFzUuTBG6cPLnhwffBH5HsBejwBtBG0uAkWDddU0Q4OLq/Ki3GYhakA0
iJdyiL4KohEYD8ZoJukwDGZ+iiN9JiZ8RFsOsYHUdJ106yfImm4fYqfd+aR4MigYwndVySi3sYQE
HPu0pSITuNcMshlDXpw3KW0cOivDQcsmEfQTvjBHRoENTQhmlaAdszpKAa2TQ5bfPv5/XgJMeh7D
j0H5+/AnaTQnCMqZFpAUu4SB98CgKrwCELZaRkUO4CONCAUu+cse4NGYIDzoLZibQRzCLeWYuBdu
Ro43knjlaMS4VVwt7l3IK5KVONJpvR2eH7Ph68sBu7q8vhyyk37/6vJ8wPrn7xjkj2/O3x0yuIgN
38JV5+zj67dX56z/7u3p+WBQKw//tcro40ZdFJnRBSconjsV5IxJF4WbtUDtkBt45FXokiouVpYO
llhB1glSgmsGQ0Jpv2Vn0r4gS8RIGOJlqjHiLJmA01258HxcQxtvMXpgwKcbag+vRjNQyTp02ly4
mBdIvSJc2avy3kIGsCwxT1aiNupK1uTZekhK8oaSfMLjEQyKqhsFgUxfyfes1y6NMoSj7mLqLvDa
Mx5mlIXoSCBDy8ACnx3m0aBsgrkRysA6HgMvKe9sNfpq7K309tLcIY2IssArsPgQPu5CtsKfSMa0
i5sHgrbrdSUrtHZBfuJBeCTTkRwK2cZxNMvDrLxbXVHVDVPvYZRG9eQD22BrTMqwjkGeOWKXxdAS
mqEyZC+bzWWaJXM5pk5U8UTeX2d4kbqBsBPMXAI4ggAPQ52vUTCEawh50MJC5Isr76CIhV6b5Gkn
+itsbYXqMO9ImR2o7LIm0eCl39QTVkbuNAtvkxz7KZ8j1Z9lM4iu+FiM5bUDdiSTdZREsdIrjhel
ShoxD20Msu65QkQNVjEdziDcNoseO4vkqbJNY1aEPk/ylxfnQ0jyUhfqklHOUHWhSBSFbGcAhbIU
SBxRe4BOphaSy5xjccLkPVLClXRwm9KnlCdvGS9e5bmoQPzYb873cVaP2aEThiLFDjtWAQKSsmkU
yORyxFN3Sjk4QYZ8CUxIhRjybbIEUmdlYBmJIs2Uke0nvZfyU+hW42WKzA9Z1dI6kDqPGq6mORhw
26228tqrDJZKWkwePSk5FjWU4uPNQFSwauw1ZIFgS88prWOn/feHcC9gGMH4uvM9MHtKE6T3LPhX
if8xa+cJ9yoXT0g72rU1duKBo5ryYHyEn9WhAsETYMOqKWiU4WwKGpg2EFdBT2OmFyHn9+jVMLnk
QY0hiPf9sJ+n2atKkNZFA6g7fNgJN2bzcF5Vx6W65lqNusT/Kor+xIQ870acbcyzJUjYpXloobXZ
s+VNz2qsr+4JOK5EwVJalaTKFqjFccwnKAL0CagtmQeUr2CdCXV/gIOdx9hPp4GPkyxUOMdQRokk
ZdfD94Q0AZFQ7FGWMizUqStXzcmyopb7mlmaVfGuY0KLVu6JUTY5zkuVn5mFJYrK1KYwVOk8U3Vq
IitrtOQwiWTgUtZgITPpnCS302kUJVR95xWKyGtQ8mAeTzlL+CL3lDhjkk8t4TmteAVgNGEnExY1
MYHlsSyDaWLpL+zTKLpHq4/Z5Rk7+PT+8uwZyAwmDxjg+jtw9/NYvv0ChoGVSwxlS22V/4ElRHQJ
KTsES//08irnr6oajfIXagynlyhoQvaB5S2FYZItyqdJVAjRJn3GY2oWzvnjZfU+8z3NEDnkKeDd
BE9zvwny09nDvAKg4lEhBbuBnJNSsjByA3/O6F4wm2u+BJPBIhK39VD1OIY0FQfIF1fzc7JJrf7K
J8r0qZIhzXVIe8dto3kqO4OuVcadJWrOxYWRnEpfp+6pynuO2RySpIUfYDPSjysfpVrBQMTDSVEj
hHhbUI6Hh/lVxgzb2ukp2csnsyjDITyWAUeNaFSl6mMMsOiiaCYC7BB/U4SEm99RvNRuJsFDISvf
kZDMRnJTfpqroxA3zQ2ebJym8IzIK8XHhgrxwRExXoYKsrgUOpiAoLYOZX09TB4DJ7CPfNwB2Pxm
/FugadBgxnmBajb38AVGzSZdDKrUEM0I62PzjBob0Sb65IFQnyLGnma4bAbSLyUdU/MoeQSnewzR
gV+V2ewnNolxCX+hntVcTaGh2kMVKd90x+WrL+AnoYqRfTOP5lmQG6M6wFBG1yiP2CB/SBl+da68
GAYTdEwQ7VTuTLO7cnbqWEVxnEyjqlGSZRBU/YX78xfTHN5Kb2jvENs8USIVw80kz6eQbo4jrUdg
lFXlY5biymmEPUNQavjiWs2PCDF4suUM654EV3ImIGGygo7FnDrPVudJBPJifDKJoX6W82RqUk1O
HqQxp54z5CN8MILfnr09xklM5fNl6EOncCdkcs1h6NxRiwkBXwlAtJo2sQ2RttC8NE3ZOQ+UCh0q
zytjgiAfVlWo0nNEoke66iDtDtFOtEmrQ/CP8yk/ZLjDGcXntEjDwPWORQypdtWVG6Ufq7N5uJLB
ghuTYOoRlhZfM0g5IZSTF8udhWJIPS/P52086Gkpq97VqT9b+WoVgJEpXo8jAV0z9iw6TGyQZvfU
TflMbm3VgDqjt5Br8/EQr9y27F05KrSJE8UD2KdKn/kUyVQRyWNglaMSZ+UxcLYZahOPMkd/XDCC
8gMEkU8a0APlMwfSxwE/5SLzyMYDnyeqLIFMks/mQX6EOQ9gVH11nHeaPAd2i7NXx+xflKxA/Dyk
6axfkSlVHKswqT8BITEwccS1JnLWIH9iRdMB6yIWBXSK0AklyFRt4hZ0gFWFWx2+bJcwyJ8Mn3Bh
VJDRa9XiMbu4Ohke23/rHLZ699Zh475xaP/N+puHCRGN8wNcC+Cic33erUtXLI+arWcyy5NPF/Ri
XY5wjC2gYzWTRqkHTYVBr7lLfKaSuWkW5045r1Di4rkEeRzgA6HKpcdASa6wav5MA2xBprM/XZCr
oaboeoNJRpmCpHzWKFXKLbWkL5pTfSvuwfElqrhzb7E8SKiQAY2MfEjMlzKJo+tQXvrWRCDDiBwz
UkriD8lIXPjqymFF4KdmEl/t9SC3Yal0cXE+PrgfuZATTXUKPl4KPVwAq9Gi2WcvSsEZGlR8cmkQ
sjjQjz16OWR1PPYDWiu3okxmc/1wCuFDP/ZhlC10wpeEnsMXx7ORfFim0zAV82jt64o2d02x34mx
ml0w7iS/n5gkyFBmOmXQvzIQLJN/B7i7UP6LFafS6FaEEN4NiZecHpXaat+2r/5crivo0ar3r4E/
0q+Gw/uZqdMI0dj1esOybNzDon/21pDUiz4TkjIRSL7ZHTDcwyQxLhz4OKA/XRsilhDAYUyrJUvE
O9zIzSDO1WShWgBpQURCwFPTuFbR9jMlU1nq49fg6MvYuILCn4z8kOMXAogLqol8kDeii+SHd9x4
Occ9kYlgS1sTmLYY1uY96Dnf6GxSUcNQd6J93Qfqtoxc8iST9pVD/AXzsLd9mvJZ3f3bb/8XOKrQ
kQ==
===END CRASH DUMP===
