PocketMine-MP Crash Dump Sun Nov 21 04:20:14 +07 2021

Error: pocketmine\Server::unloadLevel(): Argument #1 ($level) must be of type pocketmine\level\Level, null given, called in C:\Users\tungnguyen\Desktop\Servers\AcidIsland\plugins\226-NichiSkyBlock\src\BaliGamerz\SkyBlock\island\IslandManager.php on line 261
File: pmsrc/src/pocketmine/Server
Line: 914
Type: TypeError

A PLUGIN WAS INVOLVED IN THIS CRASH
BAD PLUGIN: NichiSkyBlock v17 Official Release

Code:
[905] 			}
[906] 		}
[907] 
[908] 		return null;
[909] 	}
[910] 
[911] 	/**
[912] 	 * @throws \InvalidStateException
[913] 	 */
[914] 	public function unloadLevel(Level $level, bool $forceUnload = false) : bool{
[915] 		if($level === $this->getDefaultLevel() and !$forceUnload){
[916] 			throw new \InvalidStateException("The default world cannot be unloaded while running, please switch worlds.");
[917] 		}
[918] 
[919] 		return $level->unload($forceUnload);
[920] 	}
[921] 
[922] 	/**
[923] 	 * @internal
[924] 	 */

Backtrace:
#0 plugins/226-NichiSkyBlock/src/BaliGamerz/SkyBlock/island/IslandManager(261): pocketmine\Server->unloadLevel(NULL )
#1 plugins/226-NichiSkyBlock/src/BaliGamerz/SkyBlock/EventListener(138): BaliGamerz\SkyBlock\island\IslandManager->unloadByPlayer(object JackMD\NameSpaceRemover\CustomPlayer)
#2 pmsrc/src/pocketmine/plugin/MethodEventExecutor(42): BaliGamerz\SkyBlock\EventListener->onLeave(object pocketmine\event\player\PlayerQuitEvent)
#3 pmsrc/src/pocketmine/plugin/RegisteredListener(80): pocketmine\plugin\MethodEventExecutor->execute(object BaliGamerz\SkyBlock\EventListener, object pocketmine\event\player\PlayerQuitEvent)
#4 pmsrc/src/pocketmine/event/Event(88): pocketmine\plugin\RegisteredListener->callEvent(object pocketmine\event\player\PlayerQuitEvent)
#5 pmsrc/src/pocketmine/Player(3713): pocketmine\event\Event->call()
#6 plugins/AntiInternalKick_dev-4/src/Jibix/AntiInternalKick/utils/ModifiedRakLib(101): pocketmine\Player->close(object pocketmine\lang\TranslationContainer, string[17] client disconnect)
#7 pmsrc/vendor/pocketmine/raklib/src/server/ServerHandler(127): Jibix\AntiInternalKick\utils\ModifiedRakLib->closeSession(string[19] 123.17.155.13 34257, string[17] client disconnect)
#8 plugins/AntiInternalKick_dev-4/src/Jibix/AntiInternalKick/utils/ModifiedRakLib(88): raklib\server\ServerHandler->handlePacket()
#9 plugins/AntiInternalKick_dev-4/src/Jibix/AntiInternalKick/utils/ModifiedRakLib(78): Jibix\AntiInternalKick\utils\ModifiedRakLib->process()
#10 pmsrc/vendor/pocketmine/snooze/src/SleeperHandler(113): Jibix\AntiInternalKick\utils\ModifiedRakLib->Jibix\AntiInternalKick\utils\{closure}()
#11 pmsrc/vendor/pocketmine/snooze/src/SleeperHandler(75): pocketmine\snooze\SleeperHandler->processNotifications()
#12 pmsrc/src/pocketmine/Server(2155): pocketmine\snooze\SleeperHandler->sleepUntil(double 1637443214.4533)
#13 pmsrc/src/pocketmine/Server(1992): pocketmine\Server->tickProcessor()
#14 pmsrc/src/pocketmine/Server(1586): pocketmine\Server->start()
#15 pmsrc/src/pocketmine/PocketMine(314): pocketmine\Server->__construct(object BaseClassLoader, object pocketmine\utils\MainLogger, string[47] C:\Users\tungnguyen\Desktop\Servers\AcidIsland\, string[55] C:\Users\tungnguyen\Desktop\Servers\AcidIsland\plugins\)
#16 pmsrc/src/pocketmine/PocketMine(344): pocketmine\server()
#17 pmsrc(11): require(string[102] phar://C:/Users/tungnguyen/Desktop/Servers/AcidIsland/PocketMine-MP.phar/src/poc)

PocketMine-MP version: 3.25.0 [Protocol 471]
Git commit: f48b703533e0ced4e8ff9e118c5fe3889ccaf23e
uname -a: Windows NT tungnguyen2-8si 10.0 build 14393 (Windows Server 2016) AMD64
PHP Version: 8.0.11
Zend version: 4.0.11
OS : WINNT, win
Composer libraries: 
- adhocore/json-comment 1.1.2@fc2f76979f0a44a5f5bc2a2b600d0762fe0e78e7
- daverandom/callback-validator unknown@unknown
- pocketmine/binaryutils 0.1.13@0abee38d4e2861621f262c79a2a3d699d8a697f4
- pocketmine/callback-validator 1.0.3@64787469766bcaa7e5885242e85c23c25e8c55a2
- pocketmine/classloader 0.1.2@9757928424652393b178a3760073113aa7c9911b
- pocketmine/log 0.2.1@830b44a2cf96ef703c550abe64302f230231ca49
- pocketmine/log-pthreads 0.1.3@e477ecf6ec214fdd4415ea1da3fdd9d73bf699ea
- pocketmine/math 0.2.6@43057cb8c179a9859677b496a788db922fd5cfc3
- pocketmine/nbt 0.2.18@9f82ca4d7f97fcd9a566e44b63c4f18a7657ae82
- pocketmine/pocketmine-mp 3.25.0@f48b703533e0ced4e8ff9e118c5fe3889ccaf23e
- pocketmine/raklib 0.12.11@9cce458b8bfde3e4dfdbf70c659fc7b7fe26b5c4
- pocketmine/snooze 0.1.5@70b5e7937a06878dd321a3182ceb76d56298f2cd
- pocketmine/spl 0.4.2@6b08b7cf8c4afa17139c9a1b3bf1b408531de161

Loaded plugins:
AddGems 1 by  for API(s) 3.0.0
AlwaysNight 0.0.1 by YTBJero for API(s) 3.0.0
AntiInternalKick 1 by Jibix for API(s) 3.0.0
AntiTNT 0.1 by Adam1609 for API(s) 3.0.0
AntiToolbox 1.0 by FaigerSYS for API(s) 3.0.0-ALPHA4, 3.0.0-ALPHA5, 3.0.0-ALPHA6, 3.0.0-ALPHA7, 3.0.0-ALPHA8, 3.0.0-ALPHA9, 3.0.0-ALPHA10, 3.0.0-ALPHA11, 3.0.0-ALPHA12, 3.0.0, 4.0.0
AuctionHouse 1.2.5 by Shock95x for API(s) 3.0.0
AutoClearLagg 3.1.0 by Twisted for API(s) 3.0.0
AutoFeed 1 by Ghast Noob for API(s) 3.0.0
AutoFix 1 by Ghast Noob for API(s) 3.0.0
AutoInv 0.0.10 by JackNoordhuis for API(s) 3.0.0
AutoSell 1 by Jero, Cur for API(s) 3.0.0
AutoXP 1.1.0 by JackMD for API(s) 3.0.0
Badge 1.0.0 by YTBJero for API(s) 3.0.0
BanItem 2.3.3 by LDX for API(s) 3.0.0
Bank 0.0.1 by YTBJero, GhastNoob, Kaido Joestar for API(s) 3.21.0
BetterVoting 2.0.2 by Twisted for API(s) 3.0.0
BlockCMD 1.0.0-beta by kenygamer for API(s) 3.0.0-ALPHA10, 3.0.0-ALPHA11, 3.0.0-ALPHA12, 3.0.0
BlockSniper 3.2.3 by BlockHorizons, Sandertv (@Sandertv), Chris-Prime (@PrimusLV) for API(s) 3.2.0
BossAnnouncement 2.0.4 by XenialDan for API(s) 3.13
Boss_Quai 2.1 by phuongaz for API(s) 3.0.0
Broadcaster 1.5 by EvolSoft for API(s) 3.0.0
BuilderTools 1.2.0-beta4 by CzechPMDevs, VixikHD for API(s) 3.16.0
BurgerSellWands 1.0.1 by Heisenburger69 for API(s) 3.0.0
BurgerSpawners 0.1.4 by Heisenburger69 for API(s) 3.0.0
BuyKey 1.0.0 by  for API(s) 3.0.0
Buy_cmd 1 by TungstenVn for API(s) 3.0.0
ChoDenUI 3.5 by BlackPMFury for API(s) 3.0.0, 3.2.0
CmdSnooper 1.0.0 by HotshotHD for API(s) 3.1.1
CoinAPI 2.0.9 by onebone | Edit By SenKai Official for API(s) 3.0.0
Command 1.1.2 by PIG for API(s) 3.0.0
CrateVH 1.1 by PIG for API(s) 3.0.0
Crossbow 1 by SonsaYT for API(s) 3.0.5
CustomAlerts 2.1 by EvolSoft for API(s) 3.0.0
CustomPrivateTalkCMD 1.0.0 by YTBJero for API(s) 3.0.0
CustomWing 1.5 by YTEsDev for API(s) 3.0.0
DEVirion 1.2.7 by poggit, SOFe for API(s) 3.0.0
DLevelIsland 1.0.0 by Nguyễn Công Danh (NCD) for API(s) 3.0.0
DancingFarm 1 by RicardoMilos384, DontTouchMeXD for API(s) 3.17.0
DanhHieu 3.0.0 by padreon for API(s) 3.0.0
DevTools 1.14.2 by PocketMine Team for API(s) 3.13.0
EasyCommandAutofill 1.0.9 by jasonwynn10 for API(s) 3.0.0
EconomyAPI 5.7.3 by onebone for API(s) 3.0.0
Enchanted_Item 1.0.0 by Panda for API(s) 3.0.0, 4.0.0
Eternity 1 by minefore and shin1134 for API(s) 3.9.0
ExtendedBlocks 1.3.0 by Javier Leon9966 for API(s) 3.14.0
Fishing 0.4 by benda95280 for API(s) 3.0.0
Fix 0.0.1 by YTBJero for API(s) 3.22.0
FormAPI 1.3.0 by jojoe77777 for API(s) 3.2.0
FormImagesFix 0.0.1 by  for API(s) 3.11.4
GCPClan 1.2 by InstantlyTa for API(s) 3.0.0, 4.0.0
GMCDetect 1 by TungstenVn for API(s) 3.0.0
GemUI 1 by WoolChannel3295 for API(s) 3.0.0
GuessTheNumber 3.1.0 by SalmonDE for API(s) 3.0.0
Hyperion 2.6 by hachkingtohach1 for API(s) 3.19.3
InvCrashFix 0.0.1 by  for API(s) 3.14.0
InvSee 1.0.0 by BlockHorizons for API(s) 3.0.0
KeepInventory 1.0 by KhoaGamingPro for API(s) 3.0.0
KeepYourXp 1.1.1 by ArasakaID for API(s) 3.0.0
KingofBlock 1 by YTBJero for API(s) 3.0.0
KitUI 1.3.5 by Infernus101 for API(s) 3.4.0
LoadWorlds 1.1 by shin for API(s) 3.0.0
LockWorld 0.0.1 by YTBJero for API(s) 3.0.0
LockedItem 3.0.1 by ytbjero for API(s) 3.0.0
MSpawns 2.2 by EvolSoft for API(s) 3.0.0
MaxEnchants 1.2.1 by Xenophilicy for API(s) 3.0.0
MenuAuto 1.0.0 by JeroGamingYT for API(s) 3.0.0
Minion 1.0.4 by phuongaz for API(s) 3.0.0
MonsterGate 1.2 by K27 for API(s) 3.0.0
MuaDanhHieu 3.5 by BlackPMFury for API(s) 3.0.0, 3.2.0
MuaPointUI 2.0.0 by JKPVN (JakayPluginVN) for API(s) 3.0.0
MultiServerChat 0.0.2 by tungsten for API(s) 3.0.0-ALPHA12, 3.0.0, 3.0.6, 4.0.0
MultiWorld 1.6.0-beta5 by CzechPMDevs, VixikCZ, fuyutsuki, kaliiks for API(s) 3.20.0
MyItem 0.1 by AnhKhoaaa for API(s) 3.0.0
NGVS_Khoe 1.0.0 by NguyenDongQuy for API(s) 3.0.0
NVSSP 0.2.1 by YTBJero for API(s) 3.15.4
NameSpaceRemover 1.0.0 by JackMD for API(s) 3.0.0
Napthe 0.0.1 by hachkingtohach1,tungstenvn for API(s) 3.0.0
Netherite 1.2.1 by Wertzui123 for API(s) 3.0.0
NichiSkyBlock 17 Official Release by BaliGamerz\MadeAja for API(s) 3.0.0
NoAdvertisings 0.0.3 by YTBJero for API(s) 3.0.0
NoFallDamage 1.0 by DeveloperNeb101 for API(s) 3.0.0
NoPvPArea 0.0.1 by author_name for API(s) 3.0.0
NoTP 1.0.7 by awzaw for API(s) 3.0.0
OffHand 2.1.2 by alvin0319 for API(s) 3.0.0
OnlineTOP 1.0.1 by HMMMM for API(s) 3.0.0
OreCore 1.01 by  for API(s) 3.0.0
OreGenerator 0.1 by phuongaz for API(s) 3.0.0
PCEBookShop 1.0.3 by Aericio for API(s) 3.11.2
PHP-Sell 1.2.7 by Muqsit for API(s) 3.0.0-ALPHA9, 3.0.0-ALPHA10, 3.0.0-ALPHA11, 3.0.0-ALPHA12, 3.0.0
PM-Beacons 2.0.1 by jasonwynn10 for API(s) 3.0.0
PiggyCrates 2.0.9 by DaPigGuy for API(s) 3.2.0
PiggyCustomEnchants 2.4.3 by DaPigGuy for API(s) 3.19.0
PlayerVaults 3.3.1 by  for API(s) 3.0.0
PureChat 1.4.11 by 64FF00 for API(s) 3.0.0
PureEntitiesX 0.7.0 by milk0417, RevivalPMMP for API(s) 3.19.0
PurePerms 1.4.3 by 64FF00 & ProjectInfinity for API(s) 3.0.0
QuyenVipUI 1.2 by NightBlackDM for API(s) 3.1.1
RankShopSystem 1.0.0 by zZPROGAMERZz423 | §eFor issues report by §2Visiting GitHub.com/zZPROGAMERZz423 for API(s) 3.0.0
Report 1.3 by ImNotYourDev for API(s) 3.7.0
SETVIP 2.3 by MCPEVN TEAM for API(s) 3.0.0
SeasonPass 2.0.0 by TungstenVn for API(s) 3.0.0
Shield 1.1.0 by JavierLeon9966 for API(s) 3.7.0
ShinPickaxeLevel 6.0.0 by shin for API(s) 3.0.0
ShopGem 1.0.0 by YTBJero for API(s) 3.0.0
ShopPoint 1 by S2TwKen for API(s) 3.0.0
Shulkerbox 1.1.2 by UltraFlappy for API(s) 3.0.0
SizePlayer 1.0.3 by  for API(s) 3.0.0
SkillAnimate 1.0.1 by Tungsten for API(s) 3.0.0
Slapper 1.6.2 by jojoe77777 for API(s) 3.0.0, 4.0.0
SlapperRotation 1.2.0 by jojoe77777 for API(s) 3.0.1
SpawnerGUI 1 by DandierSmile122 for API(s) 3.0.0
StaffMute 1.0.0 by YTBJero for API(s) 3.0.0
StaffTable 0.4 by GigantLeyKey for API(s) 3.0.0
TableSpoon 1.0.0 by CortexPE, Xenophilicy, HyperFlareMC for API(s) 3.0.0
TimeCommander 2.2 by Zeao for API(s) 3.0.0
TokoThirstBar 1.1 by Rand for API(s) 3.0.0, 4.0.0
TopLeaderboard 1.0.0 by YTBJero for API(s) 3.0.0
TopLeaderboardCoin 1.0.0 by YTBJero for API(s) 3.0.0
TopLeaderboardGem 1.0.0 by YTBJero for API(s) 3.0.0
TopLeaderboardIs 1.0.0 by YTBJero for API(s) 3.0.0
TopVoter 3.2.0 by SalmonDE for API(s) 3.0.0
TradeNPC 1.0.0 by alvin0319 && FunkaDev for API(s) 3.0.0
Trident 1.0.0 by brokiem for API(s) 3.15.0
VanillaEnchantments 4.0.0 by TheAz928 for API(s) 3.0.0, 3.1.0
Wolfies-FloatingText 1.3.5 by  for API(s) 3.0.0
WorldProtect 2.3.8 by aliuly for API(s) 3.0.0
essentialsTP 1.2.2 by  for API(s) 3.0.0
fly 1 by IDontKnow for API(s) 3.0.0
iProtector 3.1.1 by LDX for API(s) 3.0.0
reyyogaWtrhit 1.1.6 by reyyogaMnelux for API(s) 3.0.0, 4.0.0

----------------------REPORT THE DATA BELOW THIS LINE-----------------------

===BEGIN CRASH DUMP===
eNrtfQtz28ix7l+ZcE8lcq5IEeBbKW9Z1sNWLMmMST+ywZZrCAxJWCDA4EGJztn/frt7BuAMRIuk
TGdv3VpvJSIaQM/XPT39GAwG/6mMo3jG088LESd+FFaOm4eV1J+JyrHVbnSazYZtNWvNtt3pwols
Lk81mvVavW5ZVrvXs+rNhnVYCXiSnsdxFFeO/1NJl3O4qjKEP5J2WJmJJOETpM4j91akMz8UjjMQ
MTR8fJyFQcS9K7EQwcGzY3YST7KZCFP2k8UO/idA8jM2y5KUjQSLxgz5M50PXeI4xOCQhVkQsIm/
EOEhc3kQCI/5ITs9dpz3CYjpOGkWTsJJthSh45yJ5DaN5jkWOHvi+t5lEvDQc5x5kE38EIi23a7e
+O7UH9wuXwbQtOMkses4L3ngv+IzEX8FDsUpX90u2VzzEESPa/PpnEUhCwAys9sWaGUMSC/8gNQy
5fHx0dHp8RGBPFphPFIQjxTCoxXAoz4p4Ro4Vq/7NeRxBLCOVrpRN2Hb2J5qa4YXrb0QLkJ8leOe
hZYQcxd+/6vyU50pVRw90AQxWunhqKBLLRwZSjgAwaGHHxpB9WfdCG7eX12xZwAGLGD3hs+h69Mr
P0lFCC1ajS60uENH5VBeLvsBXwKHaPRFuCn7O3dvr88c5wbYDOagmXdiFgF0xzkF24xm8mpCbbO1
OpaiHF2LdBp5hPL8XrhZGsUHTfubIA1xqj9H4ZXgC5Gj0lUp8Eq0WgTiOBLQPzI/JRaErPEosndi
gu3EwivU162X+kte6jhrpKj+LOhXAW4LgQ7Z0wRprheE7pQWcNDtfgP6QzGrP6OnkLc9DU9rPR5l
Qo2O1SiBUTyJg2z+gBi1C4s/CVP/MgScIQ/e+O7tZ08sqk1q4e/+yL9/cMFRlvpBcnQdef7YF947
fnvljw6sennISVDQaBAlaw0JRsPEcYYxD2FgpBAYTqMw5T51V5LGfjj5l9X5lbmBj27a8xM3CkNg
QgJ0lCZAMC+KdWXE/DbwRyRAQqNeeZ3XMPgCHKp2B5CSbOCHS8I5DkkHhmeIp6QYQIABnAc5ut6v
zLIbNatTs1qtmtVgjabd6myBvrtv9ZMVSskhaJC8udNTcld/ntKPPkdNSSvo7RtGp/sE1c7jyAXF
SkhW/Zsdm4RR9FUQpkEgxFzrUrL7XdvddP1/sM+zWPymkFlPQNZplUaFvBT6xriuUMJNlAJGl4ZD
rpFv+HnZuwc2mN6WbSR4/B7EDQ68KBsFgun5V6vRkO01Hm3P6vXsbwTXFLTXl3JAsJHMmo8za3Xb
32CWpDxWZmp9y+0ViclBw2p+g8/nzzDwYEBmbroKGIk4hWQyuYIA/I3gkNsM+KOraDLRfFITRvWT
8ryCQ6v163dmilIt7c1qaZbVIn2D0qtyojB+0HuIf2d+LArnVrd/ZftOGJ9Vfv3tsCL+yOF3zeF3
yqlBxRLPZz9cRMFCoI7gdj/0oIPdtJKfB5qBFU64kSewa3r1Fpx1UvzvN6D36m11LI86cEQ/uooc
izSLQ9Lp3+hEj07Q1VZdXW1ZRDz661/pyKYj9lf2Ip3G0V3CQBPhAjTlDVKeivN7V8zRE9LFDXXx
ER016WgOXsx32TgLXbyO6fZB/8+kVRyyURTBARSirnhPF7HnbMyDRDxjx3TyP8Q2F9ofK3tiz58/
Z/+TTv2k+vNEpGdizLMgVRbIoNPYn3SuzySbdqE7EoyF4u5bsh04leFUME8yZndRHHhgjWEYkRVL
icAy76ZgAyzOwhBG5yEEbgFejCV3fupO5V1Jzak8I91bHb2vrG6u/Z7ZV1LCvBI5MOQgPnZ91Ye2
pbjYtt6HdqPoQ18FUSI3i9767Y8S748S748S748S748S748S748S748S748S7//zEu+wMsFYCJkg
FBIhx6c5FeMGQDaCDlo9EKo0anarVkd65gde5diuW43Dip+gk6ocU6IORUscpZEbAdtmx4JGfCxq
xs3uqFNvgGmLuiu8puiOxz1hWV23NRaNbrfnunxsNwTwzhSWj1AIYbVxM2Qrae1qN/GZVa/VGWFg
VrPRa7CD/GKpBAbA2s/YyfVZu4ll1HQO/Lq1es3CMu0ruA04bubHcPpzlGCLlzc3QyDQwZ0fUqE1
m0O8iT+DP4957IsEtcW9KUgYi6MvSRRW4RpVulk1q2a/GLv2uNPudXrjOm82eWvcGrk2t0ftet2r
d9r2WNRFpys6wN6D1A7CrhfNjjAlGEFIqFL1wVOsvUEXt2F0F75QfxHsyrxGfsjjJY0PuBSEgcD3
os5HAhQKGra7battW2O7bbudHrd5w2v3el6XA7Rx02S1tnELFNR40W52up0m3NNuj1zOO6LV7bbs
pi26LdduuHZLQB+2uF1iiKOaaqJYYbNf9DqtTs/uNu1mu2VDr42sTpc3OqCWTgMCB/B2e1B7jkxO
QTQhDnbNetFt1EegUdsd99piDPYELaPA7WajboP51O2G5fJm7wGH6hwqPMG9XFGNF6LZ6Qh33BYu
+Nyx5zWbVktwy+MNOOh5ncZoDNoS3GQ14+lUoWm/gEZbHXfUdS1Qb6/b6rU7nVGz1+adbtcbQQU2
9lru2G2YLMJRmsvTfdEbd20A7HXG0Ceu1+Otdls0m6N2w22OrS7vtFsdLrol5a5+VmfzYli+2GGM
PcjSpF4Ak/UCLhPNVnfUHY090RBNb+yNQNduu9Ubu51RZyzs9qjllixIhjql3taLTn3UEp1eo8Pr
7W6n63kQ2njDAmnFqNP2Wm271x3brldiMg+IQxOspT2qgzjuuOs2+ZhbkFH33B63RtAx1qhZ77Ya
liestlX5rZhIobF54nmvxCzRnFpOOaysPBmOe55BSRPDlf8CX8jnPpa+DbD5OvpGEXKIy+AnIGCB
U/MgfoeeujaJxumZTphxmqWZT7MonHCofl5jzQZRBNvFyIXzPjAY0MO+HQw/vn13dQakOzFK/BQh
Yvl9EtzxZXLjT6apDl6j6gLU0XsZQlT+OXz5dxFHlT1Jo9g5Dg9l+N1KiFIOp0tSPvXt/qhQRrgv
Qb6ZXu4i1BAigynLkGKF3iMlIU48PrPa9d6+5FCNlnEPhifvhu/761FHUTCK7svIFdXoAIrrGvoL
7kOyNfjnoAy/enLVf32Cw187bJmHbfOwYx52zcOeeWjVS8dW6djOj+Fv83sUWogojUOpxTjYZB7T
NJ0nkJhBljPNRjVIBY4Krkc6H+yQjKY/X0dZIvQe0clml9i1ltkpA8g7bnut7xwalXPIxKPZ8qR/
Cewvw8VpzJPphRxxSjeJagmGv8Q3RXygGxPt5rGTpdFpIHh8xScTQ2qdrosNZXzZFod3OHHj7Wsg
pZIdigaZKoIIAATKZmLatecVzJNkGWSz69Mjk59SxoVAtIYeiPSIN3w15UnKbqJotDdXolrdwQfi
Hf59Gbl//zsAR2++C26w8BJupDyIpiWjwwlggB5708xP9oX/CzANc6bSAP1wIU1PgtpKooEIgpJI
RHospEIsP2SnWbzPrkig0d364lO/hPtTv+T0Hox+ORO/t2xAzevLtrcDv2asSzZHSgIQ7iX3Jrpb
l8elEFsW7UelbNT49h3zkoeXqZgZ6CVFx2/XGrWGif/q7NO+sAMrxE3NPrlXgEn1+rR/fpTjl8Ld
mpLdbptJH0oPRg7ssPKG+17E/h4JnBEzxLatPfTZCIDt0GUihVT2Q5T6oR5WDbLZeVBy/oCoWun7
k8lSPhI7D90pD9OksibUjgjYgoBBP5swN0uLj5JOwQlokuakB0OsCm1xU9RbES4n+GRqfTK7Q8r5
xF7O0YLoK9zbiT0I/bmIy5Irqpk42eXxSZe+jmL/axRiATzgoSfidMEOXuQ/cQLydBr7SbUf+zMB
Z/Bvllx9eGba+M6Wcb3sB1FaKSkhR6M0IeVwHDkDvJVSoiQ5CcMoC121ZGKlmfKp8ghomur5JEKf
B2c8NCS1Gk/t5Xvi52HBXIayq4Sf/5FxvySapJkylTxXPgVR2fuUxkkWcwQhRdtKjBiucDk+etUF
0ajm0C3VOueLKBgArH2JojUMMhgoHqmk8yBzd3dXE4AIudfSW5IPJ6BFjBWePt1kkMv1nHROJTM8
/Srcaf/6TCzwhg/+vX/72sx3rPbT5XaR+3zmAXdwwxJciuBACybUXaOthvvIYEXKibEKhvzwIydE
mn7MM2X/XbLo18JPRDiim9q7zaXode4jCjJbQK0YAHeIyfLGOb8LRbxG5PxEadao7JW+Q+LdpVSY
npxxlcCSFpZvxNKQngiPp8L7GuTU1i5dtvzszjwTLVEeKaWGWTjBhSQfwn11juSI7W4P/XQanYnw
/aWGvSCZaUGrnBRA7dK/vsji5QP8h0+J9Cs5cgCOI3/tIM3MG0BhbGY6GnFDIfU6SpNplJbdJjiT
p3rNmZfIpkEWHcZmSaCiR4+jiaEo5WykZ8oQhWIE/2P/y849P2Uvl2wgQig62Nvx2HchsdiXtamG
HMcFYMAQJCwQbiHebMZDzxBPUsplfKnc6F++2pcAqsUdXPNpzFPx4bWOWlFKqH8Y5kGUBR9puuSX
LBjz6cy/+BLvIgBkXaPozpBAkR5xVQPItPk/hyUhWk8XgtiBwai2dxCASsSTAJIPPTQa5EdT233n
g3rL+aLOAsfTMkK1MjT2F2BbQx6USta1p3+nGaJ1WHbtzI/m3INGfDSx/+fwPIGccb/9+JHmFbbF
f3b+wY8JXoG+IJVT9k6pwoomuKQFaum3F2JvZRYxdZwFQXAcSNbVLw3Whud9Z7SYWq780eXSyRuM
7WaSLZ3MEm4rZKdOVq+Pm+GEQX08ZQc3p2fPnpx9H1Yuoni2IQ+/oRU+p1BvYosguol8c6fy0AUr
uOCxPpOpUx9xlO98l8dedO0HUdLoYkZ+FoXpMMrc6bX4VEorOk/vaYMryLhCZxxsKe/0tS8yU1hJ
MhPABx09514sor2lr4qd4wz9NA3Eydm7HYaiWJQr6IJUis3NBylFsVyNDQWflWZxvqOTFABcBrgo
VcePhQStLlpBOyp4gLTnPFmq7AUfHYx94znOurPlIVtKGr/wJArvlmFo1ff3jKpg6ThrIG3ft5oH
0ITU3cJKtlatU569VHnq3tNeIRFQ5mug2SyQnOEW3ufS85LSiQ1+tg/a5Gtqr+9azVBA2KF/cDWM
n+rFekF6xFfiWq1xFAt6sSqZ+qFlNZqGOL2ni5Ezd5zZeAdJ7qEe94RHc8q6LymdMDum8fBR48IX
MbsCZ9brtdumQ2l+z0NH5JuzBaszUG0v5oWP6taTrpxizimVZpRG0Bjvtezu3nyEatZxVu1vSE/M
xQPlhQNbLmez7T2kvjutH8jzFg26omwwpS/Rl0h08N/3PUbR/HLBEWSQIIof24pyOeMTkZT6wqA/
3ivGgMCZy6eO8uzfCSa8uOeQT22Pd+mVV6f9U0gLNSFySil7N/vkMkxScJHBcrh37+vnrFMOUrnc
DfAp0MXpiUK1cV4V0ge4bS5qi5AkvD49Eym+BqzJWNB+j8nJycz1qPUduknMjPlJefwI+I+QJ51C
FAtF0LB7rX1J8GrbJQUEOhNJMpyKm2w2MmYjSyc2rFkb8GAWhWfne5s/Uvwcx8SxvWCvl3NRKnoL
kjnz0jZFmXJ3egtOPo3wl2VGxV7tyY9LS3wdJ4ez+rXlyMF6OXDjZS1ZpiKphSI98ngyHUVQ09G7
zfoix5X4OnUHv/cdiUDu9/xw4WLL5PW2fzIMgAdCmBIgYUO+aS4D2NejFvNpvkSyizBvhJjDXSJM
o1hPQU36o4uU30wj/opDyjjp72+OzGDqOAac7Ucb3vbPKIs/zUuiKWJ5try8eBysg9/yy72teysY
Sokkih3EAXVEY7n/hCaPRn3Ere95EvPN25e7AE+NGCSPy8lbq5wojKEMyhKrbnq77xj5GkvoAQSx
vQw4pj7S5hGaIBrx0WcYmJ/vbZFe0eb2D4xxXsSdL8JaGs2lMO4t8TBkyWm/0zsuVx936Q33Vnil
CQCNWJ57K4mwTEdf9iiCYoeON0eg/95GoGtaBaDbVk4x0wL7xz6QUY1CRxStP+0xzDW/L5YiajJp
1PIcv/VgXVg0n/qB7y73JZzGEi2tgGIcbNVZIsxwJk6XLCdtSAPQ1GVge/BE8Omdptrefvhc+6GZ
hCpCGXzzx65sO706OaMlUbL5HfDjW+wifsVTPRHTqY/WoG/szt7ioN3BzRSKhndJvq4zvub5gU79
HdeQnAIGtYjklB4Fbd03Ge9HfmhGfI1YXoFRHiBv+h9u2MHfIU9a9umV0g83z/b24gEyB1Eyvos8
QerLd9qhLE4Nocwz5bhZsrpUzQp8Y/2z/kod/m2vnQ5RL/hv946VarCxo7DlzEAjmsOqrdZStjau
pTz9hfZXXmZpkt3i+tlbHvj+rVkI2fU9rbCcIWDa6Qv7WgP/PasrNUaoqGUp+VCEx99GDadY2HC+
N8+/3P5VDUR98+rD4DNA0L3mirbFk2kRnkEE+Ee2t5j8ZocU/ObDYKC/uiSPTY3b22SrVuvps6Yn
gbh/Gfs7BKvy7mW6BOVTm7KHH/Ia1sPt1bYXbZ5ODWOShA0VRGnS6TB3VIu9FUkPprUksPzvVrIJ
uDD2jQxjRduQvX4Ucfo18y27sS+JVhxBiBzGk5cMr7gdrWRCoY1NLjXBS5tfasJ3irWR7J2gvRZL
aYq2I901pEYnX/bm/tZvdrdLUbzSSA4NlRCdeCBg6idgQXr5UjpRtvLGf6dONlHsMFijCx4EZ3zG
jZckDfKjM31nuBYIl+DeiFF5Vqb+XSs9dLYo4ArRLuL1F/2TWHBDtpy2wSPJn5/ptr0+skFpFAbt
53byDI1gh4fl8FBaF8fvvvK7feEnZo4TRun8yW5GAgJhwEW8NtfE5ZTSetNy0syDhR/WG9be3sEo
GDoOQJjSVmLqxza98jbEzYOHb/WuWdE2vUdzDf/2t5QmoE3Mth0fb2NxGsX6yM8pJdQ/ZF8e1dYu
5THc8op2R0uj2ES9Ij+abv+4F/F0DLuI1D89fxlFt4NppD+R0KllCyrFlBOI1K5fymZx0Dy6CvQb
7wd/M8WVjTiOBsw4eIInUDyPNC70ULD/ul8t7aRQkDasAr6m53jrq+mn72fz1EfDAPg1OZNtx2P/
uvpScNyPUZd9RSzPk1j/3UWHI4KBr4nncDZLRGaG73QYImnUDW/fnHG4+FWpuLT3/Dp83ghY9AqZ
cfAE886ZHmlsjlY6MbGUdWOeNXXULHuAtTqyvmOxX1kfBpq1xO/Xj8FO6ok2SP6AO7sbCtLJ5mxo
o/ZDAlW+OkDuPL2glvP9mwscm4dCBvHOnC0sSKZba8oNMLUebjcvLuq7DWpi3hfxbI1fr1xw2i4q
6dNuGp/Ewo+ypH9ezena2Pgs2wZ5FdjVryd0OoFSeyoXbJRyzsPUT32RfCppaEU3Q3unXIzM/OC2
3rQwJrwDkRY86F9f9/c2KmLJcz6bQeibAzChgEmN5DB3XpOuYT0y5VWKkb1oKkXSynbTWGc27M8M
+hl38L0Mxz6tIt7TwDBsgxBpP/dgHZIPaOEfOM34wZ8bDxA04qOPdmiXRnoycna9r/dQP1z2cacM
4uk4OYiNPuAdDynPGSwTc6q4dGLDnN/XX/rv3r46uT5/98vXpt1g/8vwrSDeERdRzPwkyUTCYjGP
4pSNluqc/cEHIH44Ya/89LVSeInR7g5GuYHVctdHvM5Ke6a02+dH70gmXW2SUFo2Ulo0MruJUlxX
U365rfOELOJeBLhhTTKMznDH+tjTPKXeEH7eAKHlf7eRbnA+BLPSpFOE0mZPpYz3tH/+4YYNz0/2
VkVKlrjFdgqGvRVygWlinye6l9KIG57v/ai1scgRxchx6L+3EmvqC+OplyJs3BhNf6tgJ5MrpkB2
eGlBgsr/bilX2PfdW34v6F0+U0LzlC5r+2HX7XMVU7nt7f0C+pJXhj/NKb/La7yf3elkN/D0ILwE
X9Iee4ncHt69EXtUv2pzF+hZcCticytbjbhh64H3QRrzi4DP53vLSDSWOCIIyctoh1cYBv5XITN7
XaQV8fHJmH11BbZ3JT9zs/q9FfxbPwhOQn9mLoMxyBtmJIffWJPwvb4Yn8esUJhHW4mGvWp2i6KU
VyDYW73ys4e3SxIJ4Mlz4StkR7ksK0HfRSl95uShwMWZB9tYbSn4k9PeEoAdhpXc0OiVkcBrxEfc
3BnEQwh4A6juhGXbu+Woq8S0tNnTo7Mf1OAOwqV8PL7OzBFX0P67IQib3BH5EFspQ5fER19ffOVP
eJheCdpGak/wE2x7e/yEcjCPjFGiETfo/hQyc3HfP6c5kNXaUvVODoSRWFyf/pClpiuM+u/Nr2sO
/ZlQ730brtCkP7o++BfBo73uDmu0/f17xJqioMzRbTSc+nGSvuSGzAb90cX271ROvU/nH9PUPoLY
ylKj+ZXAZ0L08pMhhXHid9p3RoOww+gzoONmVd+Ui07+/rIhjKfKZxYYD8/9/tLt9D6lKcBl8k3Z
LpPfS7Qyjp2E+xCZG5wWpPLevD/kBVG1Bwq2WFn3smiOZvVrK7Fi0MZN/1QXKydt6KNijQP785/Z
RRbe8j3u9ZSD2KGDYt8zNwnOKRvkGMXRrS9m5bWbT4au+OF3Nql9x+lfr6BslOMDD6GK4eq5Fe4o
rA+kdWd1+Zpr5sKm4uRrz+6uXb7/HfuZLyQU3FMwFk/5iIbCdbROJlDExygY+yKpXgBjnGUeinu9
d9eefvxtv30tkoSWz0RoNRqOo7e+va3SAu9+HJVe+zfI5Q35u+XR52fBcn/rlZCb49By9rlEsM3n
h9Z063Xmx2OcN9S/XpZ/9DSNBX5bDd9jOTKkxc/QJwk+/uJBYixJM8jl8tT+Ef2rt+g4pfY39u04
0F9xxqNHKtFL3CXsTRjtbT3dRbDDm8u+0r6x8kkjljc+sH7sNyFWLX9/yq9JAYLGYrmMJvxjGk99
fcCZ9PLcYmlzBHXxdSiC7H7vqb9kDjCsbfsPv4bHYxAkFeVN0vKPgNKcBL06VINBPcflvLhqpvJT
vzhip1E49ids7AfCiZ3wpwHHD/ksmNVgVu+4VT+2O+z/1DvMrtsWXiD5VfER1HOrZzVsjejPn+Oy
V/gPibMo9Z7LR4Wu/BNAxkU/PPq6KlxzBxKLauAn6XMoXIHA1Vb6Vbk0osrdqS8WtLN+oi5JcMal
qrwUdNdzq03N8Xt1U/LcJgD4XG0WeeI5HY2jGNgWtGg8RipoycMvfObH88VcNeP5uOI8C9Llc5Jx
kq/FqyYiRZ+fPEdygA8WqmhQz6HGx8d5K2oihKddlC7n4vnZ+cXJ+6shUqWhVP+diXipGlWk2AWx
FCL8XZvzJAHn7D3/K/0DPWVpVE34QqgbF764q3o+7k3jiuddJN2PovsqGrC6BL/+nfGJeC7CyUqP
HOdLgyRvTRJn0aigGF9urC1n+OXGnxjaKHPJdrKYpu7IhBhomRmGCCbFINQnguVqYzwWLJ0KFoVg
f+kUDM7Fbk/ZSDA/dIPMEx78YA9MF3kNohncOUYGZZ4JH4tDFuGbBgmyZKNY8Fu2jLJY8WL+mM3U
R6mxqSiOwYbAZwLjG3FXsDvyxJiW4bC7KPxLynCOkscMlT4DYfErqktEmE79RMp9NxUhy+YTyFuB
Qc0JcVBIZsdOyNhPH6f0CgRLI2gl9BiwUF8nBh2oL7IDKDpNUIMImgFR4ZdISV+4+YkrmPyqOFJm
yFnadd65x4xe3sMTyTRLvQh7E2IYnXIq6rO5hPqexaL6BepXBgHoT3/6k1MhoCdBEN0xHJL4aF9F
brbwOfsHGipeQxabB/Vjhn6Obj0n61X30KZxOLQYdCDoCLmNlkxpFq9Xxl6c1rD/9BFSQjAQUDP3
PACayN5ALeNHr9lMcPxSOPoFlGYkEDToSvw74wFqceIv4NoFDzLBDlSj4MSeIXfZIgwzepJehV7A
700fw2lqW+63g0Z2kixDd8iTW7CD+BbMqkYXvE+gp9DSc0nxsmkcgeuCzoTLk0NGqRRTTgOGxyHD
TwzH8nv2pBtw5kibZaH6/LhkPqDeBpnA6OLonp5mgBpAJDLksACHulWALsdoungNmugh89O/gPrS
mG6TmzmRBZVuZgcgQwbDyCa1kBhVJekxsSqbLifjiLMwxO705EsV1An0wYmkxqAIVL/ZDJfJMNr+
5lAfi8pwUCNxnM1TSZUKQ8XMAJuSizoXxih9edmT44MvIt8D2OsRoI2gzUWgaLCummZocHFVXpTb
LEQNiAbxUg7RV0E0AuPBGM0kHYbBzE9xpM/EhI9ozyE2kJquk279BFnT7UPstDufFE8GBUP4rioZ
5TaWkIBjn/ZUZAI3m0E2Y8iL8yaljUNnZTho2SSCfsIX5sgosKEJwawStGNWRymgdXLI8uPH/89L
gEnPY/gxKH8f/iSN5gRBOdMCkmKXMPAeGFSFVwDCVsuoyAF8pBGhwCV/2QM8GhOEB70FczOIQ7in
HBP3ws3I8UYSrxyNGLeKq8W9C3lFshJHOq23w/NjNnx9OWBXl9eXQ3bS719dng9Y//wdg/zxzfm7
QwYXseFbuOqcfXz99uqc9d+9PT0fDGrl4b9WGX3cqYsiM7rgBMVzp4KcMemicLMWqB1yA4+8Cl1S
xcXK0sESK8g6QUpwzWBIKO237EzaF2SJGAlDvEw1RpwlE3C6Kxeej2to4y1GDwz4dEPt4dVoBipZ
h06bCxfzAqlXhCt7Vd5byACWJebJStRGXcmaPFsPSUneUJJPeDyCQVF1oyCQ6Sv5nvXapVGGcNRd
TN0FXnvGw4yyEB0JZGgZWOCzwzwalE0wN0IZWMdj4CXlna1GX429ld5emjukEVEWeAUWH8LHXchW
+BPJmLZx80DQdr2uZIXWLshPPAiPZDqSQyHbOI5meZiVd6srqrph6j2M0qiefGAbbI1JGdYxyDNH
7LIYWkIzVIbsZbO5TLNkLsfUiSqeyPvrDC9SNxB2gplLAEcQ4GGo8zUKhnANIQ9aWIh8ceUdFLHQ
a5M87UR/ha2tUB3mHSmzA5Vd1iQavPSbesLKyJ1m4W2SYz/lc6T6s2wG0RUfi7G8dsCOZLKOkihW
esXxolRJI+ahjUHWPVeIqMEqpsMZhNtm0WNnkTxVtmnMitDnSf7y4nwISV7qQl0yyhmqLhSJopDt
DKBQlgKJI2oP0MnUQnKZcyxOmLxHSriSDm5T+pTy5C3jxas8FxWIX/vN+T7O6jE7dMJQpNhhxypA
QFI2jQKZXI546k4pByfIkC+BCakQQ75NlkDqrAwsI1GkmTKy/aT3Un4K3Wq8TJH5IataWgdS51HD
1TQHA2671VZee5XBUkmLyaMnJceihlJ8vBmIClaNvYYsEGzpOaV17LT//hDuBQwjGF93vgdmT2mC
9J4F/yrxP2btPOFe5eIJaUe7tsZOPHBUUx6Mj/C7OlQgeAJsWDUFjTKcTUED0wbiKuhpzPQi5Pwe
vRomlzyoMQTxvh/28zR7VQnSumgAdYcPO+HGbB7Oq+q4VNdcq1GX+F9F0Z+YkOfdiLONebYECbs0
Dy20Nnu2vOlZjfXVPQHHlShYSquSVNkCtTiO+QRFgD4BtSXzgPIVrDOh7g9wsPMY++k08HGShQrn
GMookaTseviekCYgEoo9ylKGhTp15ao5WVbUcl8zS7Mq3nVMaNHKPTHKJsd5qfIzs7BEUZnaFIYq
nWeqTk1kZY2WHCaRDFzKGixkJp2T5HY6jaKEqu+8QhF5DUoezOMpZwlf5J4SZ0zyqSU8pxWvAIwm
7GTCoiYmsDyWZTBNLP2FfRpF92j1Mbs8Ywef3l+ePQOZweQBA1x/B+5+Hsu3X8AwsHKJoWyprfI/
sISILiFlh2Dpn15e5fxVVaNR/kKN4fQSBU3IPrC8pTBMskX5NIkKIdqkz3hMzcI5f7ys3me+pxki
hzwFvJvgae43QX65709eAVDxqJCC3UDOSSlZGLmBP2d0L5jNNV+CyWARidt6qHocQ5qKA+SLq/k5
2aRWf+UTZfpUyZDmOqS9477RPJWdQdcq484SNefiwkhOpa9T91TlPcdsDknSwg+wGenHlY9SrWAg
4uGkqBFCvC0ox8PD/Cpjhm3t9JTs5ZNZlOEQHsuAo0Y0qlL1MQZYdFE0EwF2iL8pQsLN7yheajeT
4KGQle9ISGYjuSs/zdVRiJvmBk82TlN4RuSV4mNDhfjgiBgvQwVZXAodTEBQW4eyvh4mj4ET2Ec+
7gBsfjP+LdA0aDDjvEA1m3v4AqNmky4GVWqIZoT1sXlGjY1oF33yQKhPEWNPM1w2A+mXko6peZQ8
gtM9hujAr8ps9hObxLiEv1DPaq6m0FDtoYqUb7rj8tUX8JNQxci+mUfzLMiNUR1gKKNrlEdskD+k
DL86V14Mgwk6Joh2Knem2V05O3WsojhOplHVKMkyCKr+wg36i2kOb6U3tHeIbZ4okYrhZpLnU0g3
x5HWIzDKqvIxS3HlNMKeISg1fHGt5keEGDzZcoZ1T4IrOROQMFlBx2JOnWer8yQCeTE+mcRQP8t5
MjWpJicP0phTzxnyET4YwW/P3h7jJKby+TL0oVO4EzK55jB07qjFhICvBCBaTZvYhkhbaF6apuyc
B0qFDpXnlTFBkA+rKlTpOSLRI111kHaHaCfapNUh+Mf5lB8y3OGM4nNapGHgescihlS76sqd0o/V
2TxcyWDBjUkw9QhLi68ZpJwQysmL5c5CMaSel+fzNh70tJRV7+rUn618tQrAyBSvx5GArhl7Fh0m
Nkize+qmfCa3tmpAndFbyLX5eIhXblv2rhwV2sSJ4gHsU6XPfIpkqojkMbDKUYmz8hg42wy1iUeZ
oz8uGEH5AYLIJw3ogfKZA+njgJ9ykXlk44HPE1WWQCbJZ/MgP8KcBzCqvjrOO02eA7vF2atj9i9K
ViB+HtJ01q/IlCqOVZjUn4CQGJg44loTOWuQP7Gi6YB1EYsCOkXohBJkqjZxCzrAqsKtDl+2Sxjk
T4ZPuDAqyOi1avGYXVydDI/tv3UOW71767Bx3zi0/2b9zcOEiMb5Aa4FcNG5Pu/WpSuWR83WM5nl
yacLerEuRzjGFtCxmkmj1IOmwqDX3CU+U8ncNItzp5xXKHHxXII8DvCBUOXSY6AkV1g1f6YBtiDT
2Z8uyNVQU3S9wSSjTEFSPmuUKuWWWtIXzam+Fffg+BJV3Lm3WB4kVMiARkY+JOZLmcTRdSgvfWwi
kGFEjhkpJfGHZCQufHXlsCLwWzOJr/Z6kNuwVLq4OB8f3I9cyImmOgUfL4UeLoDVaNHssxel4AwN
Kj65NAhZHOjHHr0csjoe+wGtlVtRJrO5fjiF8KEf+zDKFjrhS0LP4Yvj2Ug+LNNpmIp5tPZ1RZu7
ptjvxFjNLhh3kt9PTBJkKDOdMuhfGQiWyb8D3F0o/8WKU2l0K0II74bES06PSm21b9tXfy7XFfRo
1fvXwB/pV8Ph/czUaYRo7Hq9YVk27mHRP3trSOpFnwlJmQgk3+wOGO5hkhgXDnwc0J+uDRFLCOAw
ptWSJeIdbuRmEOdqslAtgLQgIiHgqWlcq2j7mZKpLPXxc3D0aWxcQeFPRn7I8RMBxAXVRD7IG9FF
8ss7bryc46bIRLClrQlMWwxr8x70nG90NqmoYag70T7vA3VbRi55kkn7yiH+gnnY2z5N+azu/u23
/wsBItCT
===END CRASH DUMP===
