PocketMine-MP Crash Dump Sun Oct 24 09:39:46 WIB 2021

Error: Array and string offset access syntax with curly braces is no longer supported
File: plugins/Minion/src/poggit/libasynql/libasynql
Line: 152
Type: E_COMPILE_ERROR

THIS CRASH WAS CAUSED BY A PLUGIN
BAD PLUGIN: Minion v1.0.4

Code:
[143] 
[144] 		$connector = new DataConnectorImpl($plugin, $pool, $placeHolder, $logQueries ?? !libasynql::isPackaged());
[145] 		foreach(is_string($sqlMap[$dialect]) ? [$sqlMap[$dialect]] : $sqlMap[$dialect] as $file){
[146] 			$connector->loadQueryFile($plugin->getResource($file));
[147] 		}
[148] 		return $connector;
[149] 	}
[150] 
[151] 	private static function resolvePath(string $folder, string $path) : string{
[152] 		if($path{0} === "/"){
[153] 			return $path;
[154] 		}
[155] 		if(Utils::getOS() === "win"){
[156] 			if($path{0} === "\\" || $path{1} === ":"){
[157] 				return $path;
[158] 			}
[159] 		}
[160] 		return $folder . $path;
[161] 	}
[162] }

Backtrace:

PocketMine-MP version: 3.25.0 [Protocol 471]
Git commit: f48b703533e0ced4e8ff9e118c5fe3889ccaf23e
uname -a: Windows NT tungnguyen2-4si 10.0 build 14393 (Windows Server 2016) AMD64
PHP Version: 8.0.11
Zend version: 4.0.11
OS : WINNT, win
Composer libraries: 
- adhocore/json-comment 1.1.2@fc2f76979f0a44a5f5bc2a2b600d0762fe0e78e7
- daverandom/callback-validator unknown@unknown
- pocketmine/binaryutils 0.1.13@0abee38d4e2861621f262c79a2a3d699d8a697f4
- pocketmine/callback-validator 1.0.3@64787469766bcaa7e5885242e85c23c25e8c55a2
- pocketmine/classloader 0.1.2@9757928424652393b178a3760073113aa7c9911b
- pocketmine/log 0.2.1@830b44a2cf96ef703c550abe64302f230231ca49
- pocketmine/log-pthreads 0.1.3@e477ecf6ec214fdd4415ea1da3fdd9d73bf699ea
- pocketmine/math 0.2.6@43057cb8c179a9859677b496a788db922fd5cfc3
- pocketmine/nbt 0.2.18@9f82ca4d7f97fcd9a566e44b63c4f18a7657ae82
- pocketmine/pocketmine-mp 3.25.0@f48b703533e0ced4e8ff9e118c5fe3889ccaf23e
- pocketmine/raklib 0.12.11@9cce458b8bfde3e4dfdbf70c659fc7b7fe26b5c4
- pocketmine/snooze 0.1.5@70b5e7937a06878dd321a3182ceb76d56298f2cd
- pocketmine/spl 0.4.2@6b08b7cf8c4afa17139c9a1b3bf1b408531de161

Loaded plugins:
AcidRainVictory 1 by YTBJero for API(s) 3.0.0
AntiInternalKick 1 by Jibix for API(s) 3.0.0
AntiTNT 0.1 by Adam1609 for API(s) 3.0.0
AntiToolBox 0.1 by NgLamVN for API(s) 3.19.0
AntiVoid 1.1.0 by FiberglassCivic for API(s) 3.0.0
AppeallationUI 1.0.0 by YTBJero for API(s) 3.22.0
AuctionHouse 1.2.5 by Shock95x for API(s) 3.0.0
AutoFeed 1 by Ghast Noob for API(s) 3.0.0
AutoFix 1 by Ghast Noob for API(s) 3.0.0
AutoInv 0.0.10 by JackNoordhuis for API(s) 3.0.0
AutoSell 1 by Jero, Cur for API(s) 3.0.0
AutoXP 1.1.0 by JackMD for API(s) 3.0.0
Bank 0.0.1 by YTBJero, GhastNoob, Kaido Joestar for API(s) 3.21.0
BetterVoting 2.0.2 by Twisted for API(s) 3.0.0
BlockCMD 1.0.0-beta by kenygamer for API(s) 3.0.0-ALPHA10, 3.0.0-ALPHA11, 3.0.0-ALPHA12, 3.0.0
BlockSniper 3.2.3 by BlockHorizons, Sandertv (@Sandertv), Chris-Prime (@PrimusLV) for API(s) 3.2.0
BoilingCauldrons 1.0.2-stable by Spice for API(s) 3.0.0
Broadcaster 1.5 by EvolSoft for API(s) 3.0.0
BuilderTools 1.2.0-beta4 by CzechPMDevs, VixikHD for API(s) 3.16.0
BuonLau 3.0.0 by AmGM for API(s) 3.1.2
BuyRank 0.0.1 by tungstenvn for API(s) 3.0.0
Buy_cmd 1 by TungstenVn for API(s) 3.0.0
CmdSnooper 1.0.0 by HotshotHD for API(s) 3.1.1
CustomAlerts 2.1 by EvolSoft for API(s) 3.0.0
CustomJoinSound 0.0.4 by NhanAZ for API(s) 3.25.0
CustomShopUI 4.0.5 by SaltyPixelDevz for API(s) 3.0.0
DLevelIsland 1.0.0 by Nguyễn Công Danh (NCD) for API(s) 3.0.0
DancingFarm 1 by RicardoMilos384, DontTouchMeXD for API(s) 3.17.0
DevTools 1.14.2 by PocketMine Team for API(s) 3.13.0
EasyCommandAutofill 1.0.9 by jasonwynn10 for API(s) 3.0.0
EconomyAPI 5.7.2 by onebone for API(s) 3.0.0
EconomyLand 2.1.2 by onebone for API(s) 3.0.0
EnchantUI 0.6 by UnknownOre for API(s) 3.0.0
EnchantVipUI 0.6 by UnknownOreforsource|RBpmmpformod for API(s) 3.0.0
Eternity 1 by minefore and shin1134 for API(s) 3.9.0
FSCG 0.0.1 by YTBJero for API(s) 3.0.0
Fishing 0.4 by benda95280 for API(s) 3.0.0
Fix 0.0.1 by YTBJero for API(s) 3.22.0
FormAPI 1.3.0 by jojoe77777 for API(s) 3.0.0
FormImagesFix 0.0.1 by  for API(s) 3.11.4
GCPClan 1.2 by InstantlyTa for API(s) 3.0.0, 4.0.0
GMCDetect 1 by TungstenVn for API(s) 3.0.0
GemUI 1 by WoolChannel3295 for API(s) 3.0.0
Giftcode 1.0.0 by  for API(s) 3.0.0, 4.0.0
GuessTheNumber 3.1.0 by SalmonDE for API(s) 3.0.0
HotBlock 1.1.5 by survanetwork for API(s) 3.0.0
HuongDan 1.0.0 by YTBJero for API(s) 3.0.0
Hyperion 2.6 by hachkingtohach1 for API(s) 3.19.3
InfoBook 1.0 by  for API(s) 3.0.0
InvCrashFix 0.0.1 by  for API(s) 3.14.0
InvSee 1.0.0 by BlockHorizons for API(s) 3.0.0
KeepInventory 1.0 by KhoaGamingPro for API(s) 3.0.0
Kethon 1 by AlexBrin for API(s) 3.0.0
Kickk 1 by ytbjero for API(s) 3.0.0
KingofBlock 1 by YTBJero for API(s) 3.0.0
KitEffect 0.0.1 by YTBJero for API(s) 3.22.0
LoadWorlds 1.1 by shin for API(s) 3.0.0
LockedItem 3.0.0 by ytbjero for API(s) 3.0.0
Lucky 0.0.1 by YTBJero for API(s) 3.0.0
MSpawns 2.2 by EvolSoft for API(s) 3.0.0
MaxEnchants 1.2.1 by Xenophilicy for API(s) 3.0.0
MenuGUI 0.0.1 by YTBJero for API(s) 3.22.0
MenuPet 1.0.0 by YTBJero for API(s) 3.0.0
MineLevel 1.0.0 by TungstenVn for API(s) 3.0.0
Minion 1.0.4 by phuongaz for API(s) 3.0.0
MuaKeyUI 1.0VH - RBplugin by Ibenrm01 for API(s) 3.0.0
MuaKitUI 1.3.6 by Infernus101 for API(s) 3.0.0
MuaPointUI 2.0.0 by JKPVN (JakayPluginVN) for API(s) 3.0.0
MuaTuNhanUI 1 by FurryJaki1992 for API(s) 3.0.0
MultiServerChat 0.0.2 by tungsten for API(s) 3.0.0-ALPHA12, 3.0.0, 3.0.6, 4.0.0
MyCrate 1.0.0 Beta by VirakMC7788 for API(s) 3.0.0
MyItem 0.1 by AnhKhoaaa for API(s) 3.0.0
NameSpaceRemover 1.0.0 by JackMD for API(s) 3.0.0
Napthe 0.0.1 by hachkingtohach1,tungstenvn for API(s) 3.0.0
Netherite 1.2.1 by Wertzui123 for API(s) 3.0.0
NoAdvertisings 0.0.1 by YTBJero for API(s) 3.22.0
NoFallDamage 1.0 by DeveloperNeb101 for API(s) 3.0.0
NoHunger 1.0.3 by Matthww for API(s) 3.0.0
NoTP 1.0.7 by awzaw for API(s) 3.0.0
OreGenerator 0.1 by phuongaz for API(s) 3.0.0
PCEBookShop 1.0.3 by Aericio for API(s) 3.11.2
PHP-Sell 1.2.7 by Muqsit for API(s) 3.0.0-ALPHA9, 3.0.0-ALPHA10, 3.0.0-ALPHA11, 3.0.0-ALPHA12, 3.0.0
PM-Beacons 2.0.1 by jasonwynn10 for API(s) 3.0.0
PayPoint 1.0.0 by YTBJero for API(s) 3.0.0
PiggyCustomEnchants 2.4.3 by DaPigGuy for API(s) 3.19.0
PlayerStats 0.0.1 by YTBJero for API(s) 3.22.0
PlayerVaults 3.3.1 by  for API(s) 3.0.0
PointAPI 1.0.3 by onebone | Moded by LamPocketVN for API(s) 3.9.0
PremiumAccount 1.0.0 by YTBJero for API(s) 3.0.0
PureChat 1.4.11 by 64FF00 for API(s) 3.0.0
PureEntitiesX 0.7.0 by milk0417, RevivalPMMP for API(s) 3.19.0
PurePerms 1.4.3 by 64FF00 & ProjectInfinity for API(s) 3.0.0
RandomBlock1 2.0.0 by Edit By Nờ Cờ Dờ for API(s) 3.0.0
RebirthUI 3.0.0 by YTBJero [Edit by NCD, Ghast, CurlliestDrake66] for API(s) 3.0.0
RedSkyBlock 3.1.1 by RedCraftPE for API(s) 3.0.0
Report 1.3 by ImNotYourDev for API(s) 3.7.0
SEnchant 1.0.0 by NamVN for API(s) 3.0.0
ScoreHud 4.0.0 by JackMD for API(s) 3.0.0
SeasonPass 2.0.0 by TungstenVn for API(s) 3.0.0
ShopGem 1.0.0 by YTBJero for API(s) 3.0.0
Shulkerbox 1.1.2 by UltraFlappy for API(s) 3.0.0
Slapper 1.6.2 by jojoe77777 for API(s) 3.0.0, 4.0.0
SlapperCache 2.0.1 by jojoe77777 for API(s) 3.0.0-ALPHA11, 3.0.0-ALPHA12, 3.0.0
SlapperRotation 1.2.1 by jojoe77777 for API(s) 3.0.0
Specter 0.9 by Falkirks for API(s) 3.14, 3.15, 3.16, 3.17, 3.18
StaffMute 1.0.0 by YTBJero for API(s) 3.0.0
StaffTable 0.4 by GigantLeyKey for API(s) 3.0.0
Teleporter 1 by Dannly for API(s) 3.4.0
TimeCommander 2.2 by Zeao for API(s) 3.0.0
TradeGui 1.2.3 by Only FurkanGM for API(s) 3.11.0
TradeNPC 1.0.0 by alvin0319 && FunkaDev for API(s) 3.0.0
VQ 1.0.0 by YTBJero for API(s) 3.0.0
VanillaEnchantments 4.0.0 by TheAz928 for API(s) 3.0.0, 3.1.0
Wolfies-FloatingText 1.3.5 by  for API(s) 3.0.0
essentialsTP 1.2.2 by  for API(s) 3.0.0
fly 1 by IDontKnow for API(s) 3.0.0
iProtector 3.1.1 by LDX for API(s) 3.0.0

----------------------REPORT THE DATA BELOW THIS LINE-----------------------

===BEGIN CRASH DUMP===
eNrNfQt32zbS9l/Bqj3b5HstWdRd3pPdOLKduPFFazuXd6ueHIgEJcQkwfIiW+n2v38zAEgBtGtL
ttq+Oae1OCQG82AGM4MLwV9rvkhCmn1ZsCTlIqrtdXZqGQ9Zbc/ptbvNTtsZ9Brd1qAD9DxWd1qN
YafX6vUGg2G333I67d5OjSWJSGp7v9ayZQyP1A6/jM5Px8cnh18OLy7OL2o7tZClKZ3hvf0koUtC
I4+kWcKjGRG+n7KMUNeFZ0i6jDJ6S254NidungRLMk0o3CE8JZEggYhmLCFpHsciyZgHrH0eIN84
yGc8SndPeQRQdtPE3Y3FbMaz3YBPKbD9JVj9gmIBjxBnt/Xbji77hUcLESxYyKIMGHo8YW5WK+4C
RbEGiis8hnABPZCB4HQ68GOSTbLvXRFFUE4k5BWJ2A05oBkdFbTjMA5efK8Y7pDvYyEC/BMAwnci
8FgCV4GY/TtnCQfM//oX+Vsp894eT8fUvYZm9F68fPkPWW1XVwuKZNSdv+DpF9WsL75PfwlOafzT
9x6nAVT+80vyL/LTHerPZI/cIRKaku+xXV/+Kmvp6VpMePV/BoJ6KOnyCJ4sUNX/OWPZBUtFnrhA
lEy0rH3N5Td5NdBXCcvyJCIrxurhobwtH+02dSN3HUmME76gGQP7oRl3iZ9HbgZ6IQnUCuob02z+
QtvW975u1eI6hpsvAbK6lui6LS0J91/I+782fyOvXr0ik9rupKZaoNsuW6CQF5+UonY7Jq5ud8Xt
Q8aDdG8PGuT88sVLzfOGRyXXVbverXuC/2rkv/9VVf3qFDf2yuL9svh9Yg3Ku0qwoSlmr1lpftVQ
pGFw6DkrHfSwkX6rQV/JsDvW9n76eac2YxFLaIA9IaLoG2pj4V6zDPoJq5+OoRyYLlt5l1q70eo2
mkjPeeCBL2k67Z0a2KzHFrU9nwYpg+6WiEy4Ath2+g5UwrEz+p3BtN9sd9tt1nSZ12ED3x8yxxm4
XZ+1wRe5LvVbbQa8cy3LJx554iYlZ1cky6NZNMuXLGrVOyknTrPRJFIGAl142CYviocvWQLiEhCs
95Lsnx70OugA5jHwGzSaDceBy28sAtlrneIabn8RKdZ4fHZ2BQR5AXqWniKMRcqSL9CNE4qdGluL
enNAmLDdr6mI6vCMdjlOw2m0Xvtuy+/3hv2h36SdDu363anboq1pr9n0mv1ey2dN1h+wPrD3KEgL
vlSEuy4Ngim4h/qCBtyjGTpkaIvrSNxEr/VfFFZqKAQN7U55RJNljkYKjwKYhtN+3aRTBg0KLdwa
9EDtjt/qtdz+kLZo2+sNh96Agmh+x2Z1b+UONFD7da/TH/Q7UKbXm7qU9ll3MOi2Oi026Lqtttvq
MtBhl7YqDAOapuhgWKJla70e9rv9IQSjVqfXbYHWpk5/QNt9aJZ+23HawNsdDh1nanMCdyo5tBrO
60G7OYUWbbn+sMd8sCeoGQH3Ou1mC8yn2Wo7LgXfU+VQj7M5OFivaKj2a9bp95nr95gLMdD3vE7H
6TLqeLQNF0Ov35760FqM2qwg2M61NL3XUGm3704HrgPNOxx0h71+f9oZ9mh/MPCmw1bL97qu77Zt
FtE0K/AMXg/9QQsE9vo+6MT1hrTb67FOZ9prux3fGdB+r9unbFBp3NXPehiX3fL1Bn3MYJbQa7Bt
1S4gk/MaHmOd7mA6mPoea7OO53tTaGu31x36bn/a91mrN+26FQtKIyG+Md283df95rTL+sN2nzZ7
g/7A89oth0I60nLZtN/zur3WcOC3XK/CJA4khw5YS2/aBDiuP3A71KdO32kP3SF1pqAYZ9ppDrpt
x2Po434rEwDZN/dd7l1QHn3kGIyWhnOr3tmprTwb+gGaZ3ORAJOfav979eZHlogaOEkac6S0oTM0
8ZpFdBpA4rKXJTl4O4/F4E5S5VBT4WcHJiGkMvGg7mIyOaXSo2CnQE97fnn16fzi5ABIN2ya8gxF
RAe9H2X8OMpYEtHgPXevTQTVWw9A+JFP+e22AEhmk0m1/s1AXYFztbFcSXe7ggC2Y4PY92gIsW64
LRy60qrcl1f7F1cfxvdLDTneG3FblVxTH5T+bHZCw49nlvDO8OnSa35KD1qCyeREedlHlABheJ5P
GxCrdguxNMCPgnsVdJJk2RZ06qYN7ohPWTJDNz/iC+5uS0NvwE1n8yt6DeldsHwjQ5wCjEKtfj2G
d55lcbq3u2vgvo/1bskPWyOOGQRCitnoh2OzTewbdss0qy1zn/NotSpNopOlVZvUjmAstz9G7oeQ
S4twqS7GecJGc5rpn2OWhGntgQbUtU8mNOcb9M9c5uDvRJ4yE7hJtmG3Gl0b9iXkRNfD7jN9jg3+
OFqMEprOj5Qr0xBTXRNilPLNUT6wDVvaNUBn4ogxy/oL0gOe9e2cphk5E2K6Nbeka91EX1CC31Yl
57d/geAYGTaRG5RakRspticFX1rpVT9CegqiJ9485+m25P8KTKOCKZpTJni0QEsqhFoL0SULggok
SXooPEMf3SGjPNmmKlKodDNdfB5X5P48fszxoyJOD7aWWUhuqsU/j9cT/h7frtjsagQA7g2NzMxJ
Xt4xsfv99o7qKLKf7NTeU+4J8qNgaUZtZbWcx3z6Om56CpKtr7M3LIP066PIIIaZ8EyyCRPCTqNl
w7y64SnOvD3PTY/5bLYc5WkmwsPIndMoSw0Pnak6AJ0UbCEFm0wqYj6ONgBHPwJjM5AWpDtBuA51
URvqNYuWMyh3p5PV90/G7/alizGvncp1q7h+cjajpQXoK7nXg30Z8ZglVeSaaoIHQ2y0bdzy0Xci
4d8EDIp2apc0ghQxW5AXr4ufL4E8mic8rY8THjK4g3/z9OTjS9vIN7aM0+U4EFmt0giFNLolFI51
k1fZKIIHYDYjmgdeItRYr2iZ6q2qbbTq0HlB/krCEnOXbcuPpchsMnELGQDnXak29WpSws8SfQJF
XfBKtkkYVBtzJTc7XIjgEiTfXpZeVgxALSkeGFIVCG9ubhoMJELujexa4sPJPJbgoMbSrEmu5p+q
x3dspKNvzJ2PTw/YAgt85Lf8+p0drJze03G7yD0OPeAOvk0Jl6Fw0Aq2qJuq2pB712IlG0dEJzS3
2kVRbD9wZySyH749tbFDMHgi9OkGmcWbfHlRib+a8kgIxolesKNoEW3LUlccUUVSiPLHmlC+uKFn
Q5GUB5K7K13px4dhbJIvKJZY8fpqGIXeJWS3dhgxiI+MY9+JDEZaWbX7gM6e2ntCL1VVTyaWGI8j
kYnGfgC9zXQPFtlOe5w/1gGaNQMYW46nuUDF5EcYgFyKPPLuwFzdqXaiigs8g2xs/z92FO8+Y9ZJ
sitAllI8OVXX4pWIL+citmZbLLKJFVdsqpMONMiWY37LAvCc37alXZtrAV1JtGhNJvhrHeQAPEVW
MbJqzCiCPjhhCxYcpwG1dGyRH+mYZ7N8Ockd5nYjMprkzabfiWbkgEZz8uJsdPByM6djz7gUs1AP
TkPiStxIRDOscjKpiP5oZ4ZSLiRGRzQJzQYwqA+41gvu0sQTpzwQaXuAln8gouxK5O78lH2uuKr+
003A4goYV9JZF2vhZYtqXlOSKmPtTnWwtlqQJVeMhja89jPgaQEAzEqUNfyW0Y9Xou2WPADtIU2X
IxGGYAw4Gve5NTVy392qtQ/tJvhKUxHdLKPIaW5v2qdkOZncI9L6IdboOwZIs0OtsHUb/ap6RcSm
8N+2cGl2kwlTEgBPwGdKsy6gE9s7mdRKnP2TIaGTKTGdrOlx9AyFFWVWNDuc9mw4H9TK+3myNUQr
joCjEGIDi1NFPvL4PjiKvCYiHyhyn89/L97EYRjjbjLhbR+nUwKV4m2AFZcaeWYu4pakB2IEriXj
hiq1S23OI8dpdyxYz1iEK5hPJqG/PpKjy9FbA4W8XHM6ckvqKCccse4NBOfYgOZcY0Gxxa/koFOo
nw67rcHWfLauFuQv639k9dZeH6mujazZ4q3WNpp8kyWSIgMzRC9XBs1A2a6mhV/FV8H6+G9rcbLk
CBiUEOWPdaEch3TG0oouLPrDWrEyHqfReXK/zX8BySYTdHJc1u1vopW3o/EIYo8BoqBUpqVsnRxH
aQZ+L1he0TtK2ZEDmicrhxesMwqoXOqCMKCd0b6Wap3RCRSLWWMRSYSnowOW4ZZZA2NJe/5sxwbQ
9GTHLHQ9WfsGamKhFRbV9QPCf4K8dQShKWJBuzXsbm2+BireQGruZ8We5ELwgvTwWHDLNnVFoyuB
ZoTVj6D6DTDkLE2v5uwsD6fWhFPlhj1leWd1EYbeoYgODrc4lJf8AJIlx/rA3olMLlkYkEpSdam0
MjuR5smCRiy7Ecn10wflD606YAWTyVxkU5RnMjEkW2teRm+ca0hGDRB197uCmcSeq1G+ib0gPWEX
zDP0WFS7gd6WMUukeCvZC5I9hqkkyHPqznGPUCbwl1PdvtV+sk+oMAZtaXlWv9b02x5b8MBNlo10
mbFU6s2j6XwqaOLtIvjjyBdvhDCNtiRVFPegP3kq1NPkjEdfabM5mEy4rhiXxMRak+7mth8TwIq6
Qc7QeUaur3MGHi1crFlmDOsvWYLAl4zZCJDwSM+xV2+3pZHKKqwSZRM07xmLoRSLKttqbfpDxlV7
Pxf0LYUR1Gy8Pc9gMZ1MLHHW9xbvGUgZWbAk4YHUYT9gt28SvrWsp+A3mdBTmiRLfN9qrUm5xbWc
kKNQ/suXKUqEgLh7bXZ/df0AnGU2/fqYw97E4DS/yeQaa95AE6BJ4VdDrkl95sbtTUC8P3+zieTZ
oe/bGfSKto3B55N2GJUirI8EvcInkQSeOWltECt5TyXrmfPtrXuuKl1/wQnnqd14ETUyESs07jXz
jjMWWmhK4iOr6Ot0jA26edkvVhKYv9dST+5emy5YXf9F80kBVr6+aZ1exvTG2r5TUOykrPXHLuDq
SkHusvanLdue0ttyA5yByaBW961U9PKZRSKe84C7y22BM1iiYkpRrIu1lMWi/K01oC4of7Y3W3A3
hKo3sDN4esyyiuhI+XMHLmU/CWMQvhThcfl5xOTCqomgpD2C4Q/bgIIsAYYhxzpA7FFY+Rq2DaEy
gxzPccRHt7amPzrZP5DbtlT1GxhSTt+zpd0JClIFw8d3pE4u3ugXzu2JwCmLkrDpbAtOwQ9wrIRZ
CwvP7mDh2Ye7s8u96kymz5IoT50tYlixlFnKJktDIPZY8OgOloJY3QRd3cT+fvzxjLz4kV7T5Viq
6+PZy631FcldamYjQFc57o2pIiqpD6S9RzmMFwAMd4bD1tZgWFwlnEKWTWAFGVdvZcu3mExo9p1q
RGndvzXwd7Zyr7Zqq7+9e6dCN0FfVNjeAOxylNDMHPEXlDv+mry5s1v9I0/o9emo3x8MttXDNEtA
oOQof6yHppIya8LDb2xGcxyQU7o1K1S1rq+EMxAWcjqXXbBQLKyp6Du3Hgmjf8yrLlUpNoEWZ3Nm
AZKER5KxyrzjzvZ32d6Z2VSCFX/XwsbgwYRbvWdFeySH/sSS7FvOnVZ7W4hWHAFEIcaT9zyuuO2u
MCFose8BsIyn0Hjm+KFy4y+bO7Dl2MBSxRENggMaykODDFgG+cGpwgNML3F78BmbbjHlqLBFgCuJ
NoH3LseDjCxomlT1KZV3c05pls1vbrY2jlXsEIiqf/VrPSBXYwvE1fgOgL4NgN58ozdb8+6S22QS
iSx+cu9SEgGa84S9lWfaZMJUjUV+MHpte9BR8JtMTBk2mXUfjw5x1UTuODbO6TGoj9jbPjgbl9u+
wam+B3J3/fF33u/73blrVctkYkhmXTxBrZrnrsFFrm2N343rlTduS1I1TlRs91Qu6NyfQg4rL/89
7eXATWwfJX5How3e6Bif1t8w6tqvvxnE6qjH+XO30k6lGPieZyHO44hg/IVDNhNPQfqLJmrieAOF
3NNNDCT33LVV1Kl21wMKhd7my4cPDdnEygqO0B3vinMv8Ql9tahk9x52qtMGdMmSy4zaDWRQ/6rN
eYYMG+hdFvpIYQx7F48m28sK7QfWqJvPX6KOZc0LWXOBqZTjcTjY3+xNhyXpkfiiN2iT/5JT4TGP
TJfkhIbq5YDK2TfDLWwDj1Esua/dEPCRjaDjhIU8D/ddV+S2p7FvbMHfbNIx4w1mh8pTYAzhVwfD
mGJ31KF2hty9ztFRczOH/9BRM7UjKo9ZScfyrITPbMFFno4P6wXdePX7i6oblKWFXf16gpORQulj
Qks2unEOo4xnnKWfKy20otv+pV/VbsiD62bHwYThAiAtaDA+PR1v7eymRPHEbfZgxCAY04KpFinE
3PgtHEPWXRvvb+aBQXajKFrVbtr3mQ35OwE9f2Vudhz5XO6835LnsmxDSmT83IJ1KD7QChfygEW5
dcAxGsIiPzJdfOjxjLxZkjN87c7z8K07+fdA/d2aSzBkWt83XLApT7K5NW+8oj2yuK2dGvlJQgTn
fTY62CHyABR5PE0QgDFlBwm9Zr3ez9vS/QXjkUuTiGabHHp0wbzL62V1Z4hJrW4urb48yLxRQv1s
fLg9jZUsJxNDksnEkGkNYHgasoVJEipLMpUFmfBMZP8r8uSALSw4/Y3h1OS7rnhSSnolDnjqisQz
vLhZE6JE2Yq/68C71JmgAbAkPfaq650D9J5hdWfq9Lx1ze0Sj3h9l5vvwZWk6mvJf8rEcVH7BhAY
Ds/GNDUjgEF8xO39wcvIK0HM32vhmov4rbU2UVD+5BxO8/vizmcbaGWeB9csmVqnShrE6q7yykrY
hyBL6FFA43hrsdhgiW+3S0nk4ZJrQ8Ky1nxoQbHB9KpgHnhp6ZnvMqRKgCfPKq4k2y2wrICOqGst
xFjkx2Zhfhfys46hKlv8oRknQ8yNlXshMnkC5l3Y5Z1HlmnWfENtozk0W4INQMWQ09oWqyn2QKHy
NvoRDa55cm3vy3Y6UkNOV/3pqT999WewaTDmIxFliQg+mEdeKtmgc5ZCPo4wo75/mlsraivan+wo
sc4NlINiXskjuyqyX+lzvB549/Qtn0FmccKW79lya/KnWPn6AK5YINMjy8AM4gN7OQ5oFAW24J3n
BNyy0slkBPnDWtLzkOkjEWwAFv3B/Zr/YXR7xnNy8HkysSp/slcHVvXT0fhw18aCoBPqsbc5N/EW
pKpfq6Ti56AwcpQn1zSqHrjlPG//jeQI2FGQDawPHz8bj6pQkPRIv6fBgkfNtjMkf/87QIquaXV4
8ZzXC7UQ6yP5+G8DA1z8yV7r4783EJVGPAioHtjgFyHMpPu+u48MIq7mbP/bsDW4JzFSL04+eS+t
kmU9f3BPHyoE270PFLTEJxH4nKX1I2CMR31esVtz7Hfv7eruw+4fMVmONR+wyGm3JxOz9vWVzNIU
J+6gsa11c4tcdRatPwKKWeNkUqn/URh+YL4+gFcPBKRjPAvpfSS2tmfhKNjgfQE+TkQmPyxkSGwQ
H5nyAX+/LbFlFFrV/PwQZKCQH7GgCaCDQF05+al+Om7Ec3X4cCr3SzbiBPewyAnjvdp34/KKQOro
8xnBzzZNkkn03SXNyLmbkVabtJy9Zm/PaZH/afZJq9ly8IGARrOcztgrFs3wOhSZ9wqPFKP9nvoT
TPJ202kSdeXn8LfV78D/29Oh/D8lq+c7w/Ykd7xmE3+33fKp1tDH/w98cg9vKYgCVsdM5ZUzdNot
JN7MoRHrAU+zV028hsxI5JHL6mq1qw7DGM7UB7/SV5D8Ix98m6Meq4YFq1AFQ3qry6Sv2pKCk12h
8Ji674sEuJY0AakeUKHNPZxyKa7jRaxr8bjvczcPsuUrKeis2NpRT1mGXiV9JVsXdxvV0WZfybdM
VrSUMc94BL+79uroZP8KSco267/gp7mKqjUtcQGRJuHvRkzT9EYk3qv/J/9BE+WZqKd0wbSkC85u
6h7HoyJc9mqApNupuK1jFyk4qTYDXx6CA7GJoZiWFOtbLY1liN9q+Y5gJyCuNLs8kWMwaX0EmpRY
NgzWSCBypIwUbURowkg2Z0REYLrZHGzVRRVnZMoIj9wgxwVFYH/H6pHXpQihpI8MqjxT6rMdInCj
XYosyTRh9JosRZ5oXoT7BFTNIRBhDaBl/Fgc+CVgfMZuSna7HvPlKiq5EdEPGcHBJk0ItnKIXy+j
AWR+IGE256nCfTNnEcnjGaQ6wKAxidC2FbO9SUTId5/mcgcgyQTUEnkEWOjPmUEbJDRKA5wVV7el
qIGAagAq/GKZbC98/dtlBIKuF8gWDJGzMuKiR+8RmRLgjXSeZ55Abaqv+O2RSU1/KEtKfUsSVv8q
AAY4+b/97W+TmhR0PwjEDcHeh59e0ycFkAWnRH41Dp+RNlrXt/YIOlNZ9FCaqy4jj2HCfkRAgb48
FBkXGnTL4vPausvbhuzffYIMAwwEmpl6Hn4jTmkDWxna/5qEjKZ5In0AopkyFBraiv2S0wBbccYX
8OyCBjkjL3Sl4P9eIndVI/QrOUSqgxZmM5bswW1ZtzoqAo1sP11G7hVNrwme5QBm1ZAPfEhBU2jp
BVJ8bJ4IcFOgTHg83cECgUe0h4DusUPwo2IABIOWbBuIFkgL8wgMCh9RzC+ltgETGF0ibqF3Zgya
ASBJQ45K4bBttUDHPpouPoMmukN49gM0X5bIYuowFWlBlcLkBWDIoRu1ZLNIGHWNdE+yqpoulcaR
5FGE6vTUtkqpBHksctogMG7Qv0nIZ3Po2/gK/Y7ZF7XhYIskSR5niqoaDBsmBNk0Lqlc6KPyW2ue
6h90IbgHYt8vAdoI2pyAhgbrahiGBg/X1UOlpUGMAN+fLFUffRuIKVgPZgJE0aEfhDzDrh6yGZ3K
YxfIpWrqpmxcniJvWfwKtXbDZctLi4I+fFNXjAojSyVCn8tjygjDF9aRjZ8wVlSpjBy0lWOvJTMB
isIN49IqsKKZFLMuRdsjTUQBtUuPrL539n8eAaZWD8mPIfh58qeZiKUI2puWIml2KQH3gWGUeaVA
WGtVKukBPskuoYVLf9iCeLJTSHnQXeAnUxOGhzoRdsvcXHpeoeRV3REDV/k0u3Uhj0hXcJTXOr86
3CNX744vycnx6fEV2R+PT44PL8n48IJAhvr+8GKHwEPk6hyeOiSf3p2fHJLxxfno8PKyUe3/9zbG
GA8rkaEZfXCK8Nw5k95YtkXpZx1odkgOPOlW5CN1fP1EeVjJCic7eQS+GQwJ0f6enSn7gowQQ2GE
j+nKJGfFBLzuyoerYCTrkPMzGPFlgcbdp9EM9JAAlBYzFxMD1a4ortKqKltiAMticbqC2m5qrOnL
+0XSyNsa+YwmU+gUdVcEgcpVpe+5v3VlL0NxdCmiS4HbDmmUyzTElARStBws8OVOEQ6qJlgYoYqs
8ngAhTdc9b4GOVfuXpk75BEiD7xSFg7x4yYiK/lTxVieZOMB0F6zqbFCbUfST9yJj9J0FIcSm5+I
sIizqrR+om4apqlhRKM1ecc2yD0mZVnHZZE6umreXSYo2pC9PIxVnqWSOaJv1PFGoa8DfEgXkLJL
MQsE+DHeGwZdnd7TwBCvIeZBDQswsjTNWao+nZyyWZF3or/C2lZS7RSKVOmBTi8bShp89HfbCcdB
7jyPrtNC9hGNkcrDPITwinOhpBgtoCKJGjUpKVbtiv1FN6XsMXdtDNLuWEskK6xjPpxDvO2UGjsQ
6lbVpjEtQp+n+KuHiy6keOkHTWQyaai7uLBVYjsAUWSaApkjth5Ip3ILxSWmODohqoxCuEIHxXR7
KjxFzfjwKtHFBgxwQKD5PszqITucRPqcsD0dICArm4tAZZdTmrlzmYRLkSFhAhPSIUb6NjUG0ndV
YJmyMs9Uke07U0vFLXSryTJD5juk7hgKlMqTFdezQhhw292e9tqrFFYOYTF79BRyHNXIHB8LA1GL
1SDvIA1k+F1tzOvIaPxhB8qCDFPoXzfcA7OXaYLyniX/uuS/R3pFxr1KxlPZOsazDbLvgaOa08Df
xU2pcoTgMbBhXRVUSnC+Bg3M6IiroGcwM0chh7fo1TC7pEGDoBAfxtG4yLNXQ0EcRqBQNxA0sWAe
R3FdX1cGNqe616X8Gyv1iRl5oUac0iuyJcjYlXkYobUzbKlCLxtkrMsENJnJAlSPSbUtyBr9hM4Q
AugEmi2NA5mv4EATBv4BdnaaoJ5GAccZFTlyTmAcxdKMnF59kJKmAAlhT/OM4EhdqnJVnRpXNApf
E2Z5HUvtSWnRyj02zWd7xVjln8TBMYrO1ObQVeV9ogeqqRpaoyVHqVCBS1uDg8yUc1LcRnMhUjn8
LoYorBiESg/m0YySlC4KT4lzJMU8Et4zRq8gmJwWVAmLnpnA8bEaB8tppB/I56m4RatPyPEBefH5
w/HBS8AMJg8ywPM34O7jRG2OBcPAoUsC45bGKv8DSxDyEdnYEVj65zcnBX89rDEoP8jKcDJJBk3I
PnB8K8OwxCaKeRIdQqxpHlkt3OP+sn6bc88wRAp5Cng3RrPCbwJ+tZxQjADk6FFLCnYDOadMySLh
BjwmsiyYzSldgsngKBJfa9UDcgxpOg5IX1wv7qkq05UHLCbGzLmSKznZoewdD26lmVKGfFYbd57q
SRcXv++pfJ0uU1dl9kgMSdKCB1iN8uPaR+laMBDRaFaOESIsFlTj4U7xlDWndu/8lNLyfojbyuUg
W8Zc1aOxKbWOMcCii5JTEWCH+FtGSCh8IeOlUVgCj5ga+k6ZYjZVB13LyToZ4uaFwUsbl3N4VuRV
8LGiEj44IkKrogIWV4YOwiCo3Sdl834xaYJfByG06HcgbFEY/5bStGVnxomBeh6DAbPUsEkXg6qs
SM7+mn3zQFYmT6hMpQfC9mQJapqoT6kTjY7oiZQigssyFnTgVyct8h2ZJbgJrWye1WRN2UKNu02k
fdMN5XKYBn4SRjFKN7GI86AwRn2BoUw+oz1iW/pDmeHXY+3FMJigY4Jop3NnOZ+rpqf2dBTH2TQ5
alRkFQS1vvCE7HKew1u1G9p7Hc+TrZDK7maT43mMpzYaGoFeVldrGeWTc4GakaI0cF97gwspMXiy
ZYjjnhT35KSAMF2JjoM5fZ+s7ksI0ovR2SyB8bOaKNOzamryIEuo1JyFT8oHPfj84HwPZzG1z1eh
D53CDVPJNYWucyNrTKXgKwCS1jBmtiHSli2vTFMp506jgkLVfW1MEOSjug5VZo4o6cJsOki7I7QT
Y9ZqB/xjPKc7BD9qJuNzVqZh4Hp9lkCqXXfVUcV7+m4RrlSwoNYsmF4WM+JrDiknhHLpxQpnoRlK
zav7RR13NK2wmqrOeLjy1ToAI1N8HnsCumbULDpMrFBO7+lCxVRuY1WBvmPWULTmwyFeu22lXdUr
jIkTzQPYZ7o9iymSuSZKj4GjHJ04a4+B080wNvFk5sj9khEMPwCIWmpAD1TMHCgfB/y0iywiGw04
TfWwBDJJGsZBcYU5D8iodbVXKE3dA7vF2as98pNMViB+7sjprJ+RqRxxrMKkuQQiYWDimHBPzxoU
61NyOuC+iCUDuozQqUyQ5WgTT2gBWXW4NcVX9UoZ1E+CK1oYFVT0WtW4R3Bda6/1j/5Od3jr7LRv
2zutfzj/8DAhkv38RZYwJt/AejVoKlesrjrdlyrLU8sL5mBd9XCMLdDGeiZNph5yKgy05i5xUSV3
szwpnHIxQknKhQnpcYAPhCpXrgOlRYPVi0UNsAWVzn53JF2NrEo+bzHJZaagKF8MSl3mlkbSJ2I5
vmW34PhSPbhzr3F4kMqBDLTIlENivlRJnHwO8crT3vUnyFWfUSglf0hGktJX13Zq7DZjUcr1a8Jy
l8debYA7UXF1fOpCTjQ3Kbi+FHk0sWgi/OKJLMIj1AwqrlRahDwJzGtPnn+zuvZ5IDfBrSizMDYv
5xA+zGsOvWxhEr6mcm2/vA6narXMpGEqBvJ7Ji12bdgXzNezC1ZJ6fdTmwQZSmhSLscnlgTL9JcA
v49T/CLlrUxcswjCu4V4SeVaaUtviP3GY7Wxeyh3Ln4L+NR8Gi5vQ7tNBUrTajbbjtPC/ajjg3ML
qSe+SEmqRCBxWx3Q3aM0tR685NihP59aECsSwCUOk21YQLzBg0wsYqwnC/WHaR2ISCjw3DauVbT9
IpOpPOP4fSw8kEHub+KzKY8oHjMsuWAzSR/kTeVD6tMXbrKMM6EJLWVrDNMWy9q8O5rjlrJlE7Wt
5k6N72vAuC2XLnmWK/sqRPwP5mHnY1dtBC9K//bb/wfD4BH9
===END CRASH DUMP===
