PocketMine-MP Crash Dump Sun Sep 12 00:46:00 +07 2021

Error: Argument 2 passed to pocketmine\entity\Entity::createEntity() must be an instance of pocketmine\level\Level, null given, called in C:\Users\tungnguyen\Desktop\Servers\VOL1\plugins\Pets\src\BlockHorizons\BlockPets\Loader.php on line 429
File: pmsrc/src/pocketmine/entity/Entity
Line: 377
Type: TypeError

A PLUGIN WAS INVOLVED IN THIS CRASH
BAD PLUGIN: BlockPets v1.1.3

Code:
[368] 	}
[369] 
[370] 	/**
[371] 	 * Creates an entity with the specified type, level and NBT, with optional additional arguments to pass to the
[372] 	 * entity's constructor
[373] 	 *
[374] 	 * @param int|string  $type
[375] 	 * @param mixed       ...$args
[376] 	 */
[377] 	public static function createEntity($type, Level $level, CompoundTag $nbt, ...$args) : ?Entity{
[378] 		if(isset(self::$knownEntities[$type])){
[379] 			$class = self::$knownEntities[$type];
[380] 			/** @see Entity::__construct() */
[381] 			return new $class($level, $nbt, ...$args);
[382] 		}
[383] 
[384] 		return null;
[385] 	}
[386] 
[387] 	/**

Backtrace:
#0 plugins/Pets/src/BlockHorizons/BlockPets/Loader(429): pocketmine\entity\Entity::createEntity(string[9] WitherPet, NULL , object pocketmine\nbt\tag\CompoundTag)
#1 plugins/Pets/src/BlockHorizons/BlockPets/listeners/EventListener(98): BlockHorizons\BlockPets\Loader->createPet(string[6] Wither, object JackMD\NameSpaceRemover\CustomPlayer, string[7] Wither1, double 0.5, boolean 1, integer 2, integer 0, boolean , boolean , NULL )
#2 plugins/Pets/src/BlockHorizons/BlockPets/pets/datastorage/SQLiteDataStorer(22): BlockHorizons\BlockPets\listeners\EventListener->BlockHorizons\BlockPets\listeners\{closure}(array[3])
#3 C:/Users/tungnguyen/Desktop/Servers/VOL1/virions/libasynql/src/poggit/libasynql/base/DataConnectorImpl(159): BlockHorizons\BlockPets\pets\datastorage\SQLiteDataStorer->BlockHorizons\BlockPets\pets\datastorage\{closure}(array[3], array[9])
#4 C:/Users/tungnguyen/Desktop/Servers/VOL1/virions/libasynql/src/poggit/libasynql/base/DataConnectorImpl(189): poggit\libasynql\base\DataConnectorImpl->poggit\libasynql\base\{closure}(object poggit\libasynql\result\SqlSelectResult)
#5 C:/Users/tungnguyen/Desktop/Servers/VOL1/virions/libasynql/src/poggit/libasynql/base/SqlThreadPool(112): poggit\libasynql\base\DataConnectorImpl->poggit\libasynql\base\{closure}(object poggit\libasynql\result\SqlSelectResult)
#6 C:/Users/tungnguyen/Desktop/Servers/VOL1/virions/libasynql/src/poggit/libasynql/base/DataConnectorImpl(268): poggit\libasynql\base\SqlThreadPool->readResults(array[1])
#7 C:/Users/tungnguyen/Desktop/Servers/VOL1/virions/libasynql/src/poggit/libasynql/base/SqlThreadPool(65): poggit\libasynql\base\DataConnectorImpl->checkResults()
#8 pmsrc/vendor/pocketmine/snooze/src/SleeperHandler(113): poggit\libasynql\base\SqlThreadPool->poggit\libasynql\base\{closure}()
#9 (): [38;5;227m--- below is the original stack trace ---[m()
#10 C:/Users/tungnguyen/Desktop/Servers/VOL1/virions/libasynql/src/poggit/libasynql/base/DataConnectorImpl(178): poggit\libasynql\base\DataConnectorImpl->executeImplRaw(string[133] SELECT.PetName,.EntityName,.PetSize,.IsBaby,.Chested,.PetLevel,.LevelPoints,.Vis, array[1], integer 3, object Closure, NULL )
#11 C:/Users/tungnguyen/Desktop/Servers/VOL1/virions/libasynql/src/poggit/libasynql/base/DataConnectorImpl(157): poggit\libasynql\base\DataConnectorImpl->executeImpl(string[20] blockpets.loadplayer, array[1], integer 3, object Closure, NULL )
#12 plugins/Pets/src/BlockHorizons/BlockPets/pets/datastorage/SQLiteDataStorer(23): poggit\libasynql\base\DataConnectorImpl->executeSelect(string[20] blockpets.loadplayer, array[1], object Closure)
#13 plugins/Pets/src/BlockHorizons/BlockPets/listeners/EventListener(106): BlockHorizons\BlockPets\pets\datastorage\SQLiteDataStorer->load(string[7] YTBJero, object Closure)
#14 pmsrc/src/pocketmine/plugin/MethodEventExecutor(42): BlockHorizons\BlockPets\listeners\EventListener->onPlayerJoin(object pocketmine\event\player\PlayerJoinEvent)
#15 pmsrc/src/pocketmine/plugin/RegisteredListener(80): pocketmine\plugin\MethodEventExecutor->execute(object BlockHorizons\BlockPets\listeners\EventListener, object pocketmine\event\player\PlayerJoinEvent)
#16 pmsrc/src/pocketmine/event/Event(88): pocketmine\plugin\RegisteredListener->callEvent(object pocketmine\event\player\PlayerJoinEvent)
#17 pmsrc/src/pocketmine/Player(1094): pocketmine\event\Event->call()
#18 pmsrc/src/pocketmine/network/mcpe/PlayerNetworkSessionAdapter(310): pocketmine\Player->doFirstSpawn()
#19 pmsrc/src/pocketmine/network/mcpe/protocol/SetLocalPlayerAsInitializedPacket(45): pocketmine\network\mcpe\PlayerNetworkSessionAdapter->handleSetLocalPlayerAsInitialized(object pocketmine\network\mcpe\protocol\SetLocalPlayerAsInitializedPacket)
#20 pmsrc/src/pocketmine/network/mcpe/PlayerNetworkSessionAdapter(109): pocketmine\network\mcpe\protocol\SetLocalPlayerAsInitializedPacket->handle(object pocketmine\network\mcpe\PlayerNetworkSessionAdapter)
#21 pmsrc/src/pocketmine/network/mcpe/protocol/BatchPacket(130): pocketmine\network\mcpe\PlayerNetworkSessionAdapter->handleDataPacket(object pocketmine\network\mcpe\protocol\SetLocalPlayerAsInitializedPacket)
#22 pmsrc/src/pocketmine/network/mcpe/PlayerNetworkSessionAdapter(109): pocketmine\network\mcpe\protocol\BatchPacket->handle(object pocketmine\network\mcpe\PlayerNetworkSessionAdapter)
#23 pmsrc/src/pocketmine/Player(3321): pocketmine\network\mcpe\PlayerNetworkSessionAdapter->handleDataPacket(object pocketmine\network\mcpe\protocol\BatchPacket)
#24 pmsrc/src/pocketmine/network/mcpe/RakLibInterface(169): pocketmine\Player->handleDataPacket(object pocketmine\network\mcpe\protocol\BatchPacket)
#25 pmsrc/vendor/pocketmine/raklib/src/server/ServerHandler(95): pocketmine\network\mcpe\RakLibInterface->handleEncapsulated(string[17] 14.233.67.6 64102, object raklib\protocol\EncapsulatedPacket, integer 0)
#26 pmsrc/src/pocketmine/network/mcpe/RakLibInterface(109): raklib\server\ServerHandler->handlePacket()
#27 pmsrc/src/pocketmine/network/mcpe/RakLibInterface(99): pocketmine\network\mcpe\RakLibInterface->process()
#28 pmsrc/vendor/pocketmine/snooze/src/SleeperHandler(113): pocketmine\network\mcpe\RakLibInterface->pocketmine\network\mcpe\{closure}()
#29 pmsrc/vendor/pocketmine/snooze/src/SleeperHandler(75): pocketmine\snooze\SleeperHandler->processNotifications()
#30 pmsrc/src/pocketmine/Server(2155): pocketmine\snooze\SleeperHandler->sleepUntil(double 1631382359.432)
#31 pmsrc/src/pocketmine/Server(1992): pocketmine\Server->tickProcessor()
#32 pmsrc/src/pocketmine/Server(1586): pocketmine\Server->start()
#33 pmsrc/src/pocketmine/PocketMine(311): pocketmine\Server->__construct(object BaseClassLoader, object pocketmine\utils\MainLogger, string[41] C:\Users\tungnguyen\Desktop\Servers\VOL1\, string[49] C:\Users\tungnguyen\Desktop\Servers\VOL1\plugins\)
#34 pmsrc/src/pocketmine/PocketMine(341): pocketmine\server()
#35 pmsrc(11): require(string[96] phar://C:/Users/tungnguyen/Desktop/Servers/VOL1/PocketMine-MP.phar/src/pocketmin)

PocketMine-MP version: 3.22.1 [Protocol 448]
Git commit: 9477034a4ae58cc5c12b8278c14a8e46a43992b2
uname -a: Windows NT tungnguyen2-4si 10.0 build 14393 (Windows Server 2016) AMD64
PHP Version: 7.4.18
Zend version: 3.4.0
OS : WINNT, win
Composer libraries: 
- adhocore/json-comment 1.1.2@fc2f76979f0a44a5f5bc2a2b600d0762fe0e78e7
- daverandom/callback-validator unknown@unknown
- pocketmine/binaryutils 0.1.13@0abee38d4e2861621f262c79a2a3d699d8a697f4
- pocketmine/callback-validator 1.0.3@64787469766bcaa7e5885242e85c23c25e8c55a2
- pocketmine/classloader 0.1.2@9757928424652393b178a3760073113aa7c9911b
- pocketmine/log 0.2.1@830b44a2cf96ef703c550abe64302f230231ca49
- pocketmine/log-pthreads 0.1.3@e477ecf6ec214fdd4415ea1da3fdd9d73bf699ea
- pocketmine/math 0.2.6@43057cb8c179a9859677b496a788db922fd5cfc3
- pocketmine/nbt 0.2.18@9f82ca4d7f97fcd9a566e44b63c4f18a7657ae82
- pocketmine/pocketmine-mp 3.22.1@9477034a4ae58cc5c12b8278c14a8e46a43992b2
- pocketmine/raklib 0.12.11@9cce458b8bfde3e4dfdbf70c659fc7b7fe26b5c4
- pocketmine/snooze 0.1.5@70b5e7937a06878dd321a3182ceb76d56298f2cd
- pocketmine/spl 0.4.2@6b08b7cf8c4afa17139c9a1b3bf1b408531de161

Loaded plugins:
AcidRainVictory 1 by YTBJero for API(s) 3.0.0
AntiTNT 0.1 by Adam1609 for API(s) 3.0.0
AntiToolBox 0.1 by NgLamVN for API(s) 3.19.0
AntiVoid 1.1.0 by FiberglassCivic for API(s) 3.0.0
AppeallationUI 1.0.0 by YTBJero for API(s) 3.22.0
AuctionHouse 1.2.5 by Shock95x for API(s) 3.0.0
AutoClearLagg 3.1.0 by Twisted for API(s) 3.0.0
AutoFeed 1 by Ghast Noob for API(s) 3.0.0
AutoFix 1 by Ghast Noob for API(s) 3.0.0
AutoInv 0.0.10 by JackNoordhuis for API(s) 3.0.0
AutoSell 1 by Jero, Cur for API(s) 3.0.0
AutoXP 1.1.0 by JackMD for API(s) 3.0.0
Bank 0.0.1 by YTBJero, GhastNoob, Kaido Joestar for API(s) 3.21.0
BetterVoting 2.0.2 by Twisted for API(s) 3.0.0
BlockCMD 1.0.0-beta by kenygamer for API(s) 3.0.0-ALPHA10, 3.0.0-ALPHA11, 3.0.0-ALPHA12, 3.0.0
BlockPets 1.1.3 by itzmade for API(s) 3.19.0
BlockSniper 3.2.3 by BlockHorizons, Sandertv (@Sandertv), Chris-Prime (@PrimusLV) for API(s) 3.2.0
BossPlugin 3.21 by HmmHmmmmm for API(s) 3.11.0
Broadcaster 1.5 by EvolSoft for API(s) 3.0.0
BuilderTools 1.2.0-beta4 by CzechPMDevs, VixikHD for API(s) 3.16.0
BuonLau 3.0.0 by AmGM for API(s) 3.1.2
BuyFix 1 by phuongaz for API(s) 3.0.0
BuyRank 0.0.1 by tungstenvn for API(s) 3.0.0
Buy_cmd 1 by TungstenVn for API(s) 3.0.0
CrashTransfer 1.0.0 by Xenophilicy for API(s) 3.0.0
CustomAlerts 2.1 by EvolSoft for API(s) 3.0.0
DEVirion 1.2.7 by poggit, SOFe for API(s) 3.0.0
DLevelIsland 1.0.0 by Nguyễn Công Danh (NCD) for API(s) 3.0.0
DancingFarm 1 by RicardoMilos384, DontTouchMeXD for API(s) 3.17.0
DevTools 1.14.2 by PocketMine Team for API(s) 3.13.0
EconomyAPI 5.7.2 by onebone for API(s) 3.0.0
EnchantUI 0.6 by UnknownOre for API(s) 3.0.0
EnchantVipUI 0.6 by UnknownOreforsource|RBpmmpformod for API(s) 3.0.0
Eternity 1 by minefore and shin1134 for API(s) 3.9.0
ExtendedBlocks 1.1.5 by Javier Leon9966 for API(s) 3.14.0
FormAPI 1.3.0 by jojoe77777 for API(s) 3.0.0
FormImagesFix 0.0.1 by  for API(s) 3.11.4
GCPClan 1.2 by InstantlyTa for API(s) 3.0.0, 4.0.0
GMCDetect 1 by TungstenVn for API(s) 3.0.0
GemUI 1 by WoolChannel3295 for API(s) 3.0.0
Giftcode 1.0.0 by  for API(s) 3.0.0, 4.0.0
HotBlock 1.1.5 by survanetwork for API(s) 3.0.0
HuongDan 1.0.0 by YTBJero for API(s) 3.0.0
InfoBook 1.0 by  for API(s) 3.0.0
InvCrashFix 0.0.1 by  for API(s) 3.14.0
InvSee 1.0.0 by BlockHorizons for API(s) 3.0.0
KDR 1.0.0 by JackMD for API(s) 3.0.0
KeepInventory 1.0 by KhoaGamingPro for API(s) 3.0.0
Kickk 1 by ytbjero for API(s) 3.0.0
KingofBlock 1 by YTBJero for API(s) 3.0.0
LoadWorlds 1.1 by shin for API(s) 3.0.0
LockedItem 3.0.0 by ytbjero for API(s) 3.0.0
LpkCuaHangUI 1.0.0 by phuongaz | Moded by LamPocketVN for API(s) 3.0.0
Lucky 0.0.1 by YTBJero for API(s) 3.0.0
MSpawns 2.2 by EvolSoft for API(s) 3.0.0
MaxEnchants 1.2.1 by Xenophilicy for API(s) 3.0.0
MenuGUI 0.0.1 by YTBJero for API(s) 3.22.0
MenuPet 1.0.0 by YTBJero for API(s) 3.0.0
MineLevel 1.0.0 by TungstenVn for API(s) 3.0.0
Minion 1.0.4 by phuongaz for API(s) 3.0.0
MuaCoinUI 3.5 by BlackPMFury for API(s) 3.0.0, 3.2.0
MuaKeyUI 1.0VH - RBplugin by Ibenrm01 for API(s) 3.0.0
MuaKitUI 1.3.6 by Infernus101 for API(s) 3.0.0
MuaPointUI 2.0.0 by JKPVN (JakayPluginVN) for API(s) 3.0.0
MuaTuNhanUI 1 by FurryJaki1992 for API(s) 3.0.0
MultiServerChat 0.0.2 by tungsten for API(s) 3.0.0-ALPHA12, 3.0.0, 3.0.6, 4.0.0
MultiWorld 1.6.0-beta3 by CzechPMDevs, VixikCZ, fuyutsuki, kaliiks for API(s) 3.20.0
MyCrate 1.0.0 Beta by VirakMC7788 for API(s) 3.0.0
MyItem 0.1 by AnhKhoaaa for API(s) 3.0.0
NameSpaceRemover 1.0.0 by JackMD for API(s) 3.0.0
Napthe 0.0.1 by hachkingtohach1,tungstenvn for API(s) 3.0.0
Netherite 1.2.1 by Wertzui123 for API(s) 3.0.0
NoFallDamage 1.0 by DeveloperNeb101 for API(s) 3.0.0
NoTP 1.0.7 by awzaw for API(s) 3.0.0
OreGenerator 0.1 by phuongaz for API(s) 3.0.0
PCEBookShop 1.0.3 by Aericio for API(s) 3.11.2
PHP-Sell 1.2.7 by Muqsit for API(s) 3.0.0-ALPHA9, 3.0.0-ALPHA10, 3.0.0-ALPHA11, 3.0.0-ALPHA12, 3.0.0
PM-Beacons 2.0.1 by jasonwynn10 for API(s) 3.0.0
PayPoint 1.0.0 by YTBJero for API(s) 3.0.0
PiggyCustomEnchants 2.4.1 by DaPigGuy for API(s) 3.19.0
PlayerVaults 3.3.0 by  for API(s) 3.0.0
PointAPI 2.0.9 by onebone | Edit By Nờ Cờ Dờ (NCD) (Danh Miner) for API(s) 3.0.0
PremiumAccount 1.0.0 by YTBJero for API(s) 3.0.0
PureChat 1.4.11 by 64FF00 for API(s) 3.0.0
PureEntitiesX 0.7.0 by milk0417, RevivalPMMP for API(s) 3.19.0
PurePerms 1.4.3 by 64FF00 & ProjectInfinity for API(s) 3.0.0
RandomBlock1 2.0.0 by Edit By Nờ Cờ Dờ for API(s) 3.0.0
RebirthUI 3.0.0 by YTBJero [Edit by NCD, Ghast, CurlliestDrake66] for API(s) 3.0.0
RedSkyBlock 3.1.1 by RedCraftPE for API(s) 3.0.0
RedstoneCircuit 2.0.0 by tedo0627 for API(s) 3.6.0
Report 1.3 by ImNotYourDev for API(s) 3.7.0
SEnchant 1.0.0 by NamVN for API(s) 3.0.0
ScoreHud 4.0.0 by JackMD for API(s) 3.0.0
SeasonPass 2.0.0 by TungstenVn for API(s) 3.0.0
ShopGUI- 6 by ItzFabb for API(s) 3.0.0
ShopGem 1.0.0 by YTBJero for API(s) 3.0.0
Shulkerbox 1.1.2 by UltraFlappy for API(s) 3.0.0
Slapper 1.6.2 by jojoe77777 for API(s) 3.0.0, 4.0.0
SlapperRotation 1.2.1 by jojoe77777 for API(s) 3.0.0
Specter 0.9 by Falkirks for API(s) 3.14, 3.15, 3.16, 3.17, 3.18
StaffTable 0.4 by GigantLeyKey for API(s) 3.0.0
TimeCommander 2.2 by Zeao for API(s) 3.0.0
TradeGui 1.2.3 by Only FurkanGM for API(s) 3.11.0
TradeNPC 1.0.0 by alvin0319 && FunkaDev for API(s) 3.0.0
VQ 1.0.0 by YTBJero for API(s) 3.0.0
VanillaBlocks 1.0.7 by xSuper for API(s) 3.0.0
VanillaEnchantments 4.0.0 by TheAz928 for API(s) 3.0.0, 3.1.0
Wolfies-FloatingText 1.3.5 by  for API(s) 3.0.0
WorldProtect 2.3.8 by aliuly for API(s) 3.0.0
essentialsTP 1.2.2 by  for API(s) 3.0.0
fly 1 by IDontKnow for API(s) 3.0.0
iProtector 3.1.1 by LDX for API(s) 3.0.0

----------------------REPORT THE DATA BELOW THIS LINE-----------------------

===BEGIN CRASH DUMP===
eNrtfXt32zbS91fBOj1bZ19JFkld3ZO+cWQ7ydZ2tLaT9NkyJwciIYk1b+VFtrLb7/7MDECKpBVd
bCV9/nDPbiwOwcH8BoOZwYXgf/bGQeTx5PNMRLET+HuHrdpe4nhi71DrGJrR041Os9HudvrdXm0v
DdWtVqNr9Hpwq91sGka7W9tzeZycRFEQ7R3+Zy+Zh1Bq7xr+SFptzxNxzCdIPYomqSf8hOks5HEs
bJYELAysG5F4ji9ME+45ydw0T+jv4aEVCZ4IebX/nHlpnLCRYNxnjh8n3LcEC8YlDq6YCdc0z/BP
jfmp67KJMxN+jVncdaFGx2eDQ9N8HwNq00xSf+JP0rnwTfNYxDdJEJrmlYhmdPfDuzPNNEM3nUB1
pjkUCfwbR5ZpvnKhzjdB5HwJ8A5dyttnAbdF1AinIQt85oJQrKX3QQ1jkOXUcVEP4ZRHhwcHg8MD
EuNgIcWBEuJAyXCAIhwMCeA58KqfDxv49AFIcbDAfSAVdyA1hZVjhaoyD8uuKg9lUc69Q6MLzZlE
3ILfv+09azIF/QChEYsS7oMc9oFEvQ9Inx9u3qJxEjn+5Lf+J/bRSaYiAlY1dvH+7IzVWDD6XVhJ
iZc/SqDF+MQ0B4EXBqlvX/PJc5D+mba5pK4TJ8JH1Z6AWSRn6nK/3wPJ1zVr/WcpP9Ay4TuZ8LnI
/+TWzfmxaV5wT1yFoMxL4QXQmCA22G/gDV0+x+KKQTdjoNWYHaQjVzDodjU2CgJXgKUD2fETMRER
0xc/m4sCxV+kPFKJvrlKQvzH5gn04yCCnnpw9a8zJxHHQLkCCihH11cqJ9cptHNRqfWfN3rmP5Yb
xGkk/tznUcTnvxmfCIHBNu4gMydyEJPrjHg89/9wlb1PJk5SIMJfcYCwBoHvQ1MF0VsvdPe1dn8l
vJD+LSgIXERFQ6uQLnn8PuIak7/6Envru2HvyR6LpbFRVHHTxPLgE6sP1H/+atkFqLzv3isZiTh1
gXT1h3slXCh0SQTC3P42mKGq6yn0WnsIvWRf0/T/K3g736uN9U5vFeaSguo/4y8pZaysU5M22f0e
7dNpb9k81lRYN5m8JGePyZAHnsgOomLUi/0g+CJIlitXiFBEb7hvu+DgNM3YQkUbmARJ0mf7wNVM
m01t9JvR+6n9k653vXq9DkmMG9wyJ2bg+Bk4DXDU3IWIAKGDUQBmUEo96ElmWvO7+YRub8tGEHfC
ShOBF5f8NguNmmF8YlcnZyeD6wa4QoyHtYYM/fI3EK+cL/DjbfyKj+a1xmAqICrYdEemcA36Mwwg
7sW1xgcnzhyl9mkRDI089g6k/ouBUNO+XxzpPlxvmdL05ic2wuCBYaPhQtoRqnxhW9y7zQCMh0GT
Xm8bcGVEEorx+PxOa3YeH+RR4v1F3vY/16/+KaJgucwttjTzlkAOzkUyDWwS8YQ0FWD2/MAsK/Bl
TvlP6Cb7SxJngcVxIIOFYByTFyY+Utz2SnEvxQRri4SdK7TXrKT6sqhpLoGWm0Mm3fYol44INgHW
WQ6MHpU2st/rfQXKfdgQcGAcKR97oEDd5QLJsmCn/VZ1DCWZEgtZv4oIveWcfJHcBtHNgWeFGdsL
SbqCoTg4uCObh4Bq39CqbShL13+2g1MnihMYvtz6qrL+BpWFUZAEVuCCV03OApBU8juK3/pO4nAX
nL095PjsfqtdqVoxMk3klEmyVO76z1MK2ysqWdY2lQoyWXG8v0ZYOaBqPlLb0LKrIW8hUaaCDXCu
EEni0rZp2Fc8saaqCTWj+eg2RO+q2H2DJtO/X5MVFLPLxjFWOgvD0LW/qgkKgKWorQ2UfclvzpzR
W8hfojFkuftap/8VD7Rb2dpfHRNE/AbSGRI6plRQZYTZyKC/xk9VEGWCn/gWD2FQwiGdzfNhSBm0
VkM3jEan2+iwTktr6nlck4IUURR5SDCF+R+Jq/MQnZNRZ9VJ0Nmkp0KdoVCql3V1H1BXv7+l9gC9
BVaqqnzMUG6LOr9etjKg0/sPEKhbtSBZFFReKpdjvwgSZ+xYPMGhiKzX+ErskY22r2vtTeuI8fo9
jMHcfTXZmE32t/uNlqHL6rSV1Wn9vl6pTt6p/5w4kMdJGJDQSmb6ambtXucrzGA4HCnjM77mB/OZ
cUhmtK/w+fzZAk0mUWrlXuQVDFsGLo9jOa+7NLlMQUmQhZ5zxz+DgU9hyralfdp2EWHxbP/Tgxcg
pCpa61XRqqpC9nKlS+UM90lhkfgjdSKRz8V3PrFdL0883/v0Z21PPC0RrV0iesiKDahWVv/Z8WeB
OxOoPuDi+Da0q5XsZfeBlgsBRCuwBTaH0enBHTP5E2hGpw+/8Ue3ScSDf/yDrjS6Yv9gA1J3jPqV
ErFbJ5nSNFYcCgscFzYZNG2NkZ6hoM0uXl3XZLkgRK/GgWzbTvZTNXlMTQ2Njn+BIVWsZxXL2n6M
Wd6XyXKMrqFK0EUrK/4y5BH3MFz+V1o2Yz+Q4WGpdqWU59yB1PK/RqPxA0gUU8GOKnhAV126CsFr
OhbO1YGzY+PUtxAHK9nhD1IDZGLsB1daWmHRiv3gjyCYZ3U9Z4fs/8tH/0M1yRYxIQ7sO9AJkv1Y
uOPDwx9u/ODWp4KOiH+jWj49fy6f6atnzOQHCz0be8FWPPUTPtNr5s9AQ7OXsRAs61dFp/lcaaCn
5eUjkaSRz3xxy2R1+xnMCjRZka4eJCPrGcrIei1FzrhBX5Tl2wuT7HWy0t3cJP98WqZ8WqZ8WqZ8
WqZ8WqZ8WqZ8WqZ8WqZ8WqZ8WqZ8WqZ8WqZ8WqZ8WqZ8WqZ8WqZ8WqZ8WqZ8WqZ8WqZ8WqZ8WqZ8
WqZ8WqbccJmytjfB7Jm7uDDmc3zhba/0GAiGQ8nFO3N7RkPXGxrSU8e19w61XqtV23Piz7aY7R2O
uRuL2l7mLPcOW60eVOLgAl2/1e02jRZvcdHuWVbb0vRRT+/2LK3Fe6LV4S0DLHikA+9UyfLRgf58
G7OLa7ZAq9dbscO0ZqPJSAZw3kbfYPtZYakEpje1znN2dH7caeGS4DQEft1Gq6H14PILOAoC02o0
5d3PQYwVvr24uAYCXdw6Pq0bemEACv8MfjnikSNiVBa3pwAwEge/x4FfhzJqFVJraA395djSx/gi
YX/c5K0Wb4/bI0vn+qjTbNrNbkcfi6bo9kQX2NschAU3EHgHOIQYgWuvzyBlgiEvLh+DKmg566X6
i8IujGvk+DyaU4+Aok2oWzNeNvlICKNnt4Te62gdXRvrHd3q9rnODbvT79s9DqKNW2VWSyvXGs2G
8bLT6va6LXim0xlZnHeh+XptvaWLXtvSDUtvi57VbnO9whD7sUv9WMmmv+x3292+3mvprU5bh0Yb
ad0eN7qgli74CQN4W/2+po3KnNxgQhzA7l72jOYINKpb435HjMGeoGYE3GkZTX2swz+GZvFW/x6H
epjQVGGmKOOlAHsU1rgjLF1rjW271dLagms2N+Cib3eN0Ri0JXiZlceTqZKm8xIqbXetEZgwqLff
a/c73e6o1e/wbq9nj/q6Prbb1tgyyiz8UZLh6b3sj3s6CGx3x9Amlt3n7U5HtFqjjmG1xlqPdzvt
Lhe9inIXP+temPfKl1t0sXu5ltQLcAE2liVa7d6oNxrbwhAte2yPQNdWp90fW91Rdyz0zqhtVSxI
xjal3vbLbnPUFt2+0eXNTq/bs21IirmhAVox6nbsdkfv98a6ZVeYhC5xgHzsZWfU7I261rhntfiY
a13N6Ft9ro2gYbRRq9lrG5ottI6292e+J4D65pHl2JcQHj44OO81L/i26p3a3sKxoU/jaTINohiX
WdUkEvpIHjpIMaAzNPFa+BwiNPgPiF3g7GyI5D7a1W9wLw7GyXGR4HHaicCtmYxZuJUBOgU62ndX
1x/fXZ4dA+lWjGInQRFxrfcIEoFr8EMFwRWlKHCzUREZBhCe1mn2dyWzqrQq99X10eX1++FyqYPA
fRXcVSVX1JXSX0zOuPfhoiS81n+49IqfaRYkyBaM1zUCBKxpOmqAWz/IxFIAPwSOXUFHpJIlgf03
y+BOnZGIJugRB87MsXbVQq9w2Xt6zW8gR3DnrygaSMAo1OLXOrzTJAljyC0KuJexPsj5oTbCUEDM
oHz4/duiTso3ypppVjWzrJ+BL1utkr3TIPKOhsj8BJLIwJvLiyGMCQZTnqifQxF58d4K/anKTZOn
zhbdM6UtMG+CNBZF3EVyGbXeaJdRX0H2cNNv3z3OEMrg3/qzQcTj6alDbBXEWNWEGEm+KcoHplGW
dgPQSTBwBY/O+GRSQl2kF2Eb97vB9S3O19q7Mv9EskNokG6iEC4IgdjKMm1r+0rMo3jupt754KDM
TynjVAi7ogcirYgpr6c8TthFEIx25qJVrdsYLzzh3FUld+7+AsGdu+3kBguvyI2UclSBuFIxOtz4
A6JH9jR14l3J/zsw9TOm0gAdfyZNTwq1EaIr4boVSERa0RZyaWuQRrtsihgq3a4tfh1W5P51uC4I
yh1YuxI7288l695M+CV9XbI5UAgA3Cvu3xSg0eU9E1sew2qyo1A/qe39wh07YP8MBE6YlOOb9nDY
ecgagWCbN9krkSQi+hAkEM6L6IrkIkqIwA39GzjvvaEzmczljrsT35pyP4n3lnj0EQk2I8FMsyLm
erS4cDkAWysgzUj38pE61MXLUG+EP5/Ac/f6WP3obPjmiDxM8VqrXOvZ9YMTOyWtWoOVcm8Gm7Y7
V3CrLdDl3mmUMTvJFw9y453l3+s2bW4M6Mp3QhFVISlqOeHQq6BKQsCtK+5D1cmM7b/MfuLk22Aa
OXF9GDmegDv4N43PPjwvd9qtTf18PnSDZG+1SiSOrZQSxPFQ7XBf6GRBrKik4qveeB78D/4rN/Q6
j7R35fJQKhwz62x39a+rsuup502xJujNIB3ghX8f4KEziQ8KGFENEfCxOO4DKOqhQC0bfCUDP5kF
7hUIvruhWF4xIC1JsWLcnMG9vb1tCJAIuTeSG8KHc5siwpFrqT8XydVRhvRlrTLSwRdhTYfnx2KG
D3xw7pybN+UorHUejttC7qFnA3doZylcgsKBFsqibtvuBbkPSqxIOYF/xtOSXiSlbP33hptH3uvz
MnYIcw+EPtoiZXqVzstZtyKsSPTCKUCa8C87s1CqcSuRLyu5kKKsSYdwqh635cz8nQ30co5oVSRE
/mNDKJ8tzy5DIcoK/V+rSj/sDIbkiPVu3go0pL+OuB+PS46uTF8zyfKr8INw6riONd8VlgJL0ywJ
U7ncCCTlg0cuuI6iryuRy9mp9m29ebHm7AWRXI6H+fPjkw+0jbWALydV/Xi34glogyemL+9Oxa4g
ZrtG5eZa0wQPrn4VxFoz5XtM24Dfxi73i52rRF5jmheTdG6mmrDaPhvg1upxy5+wY+5P2f7F4Pj5
VnDLE2LZJOHKSWJcURyAn8UaAXpZ8rWGC09ZMCY55ZFXxF+grnAwl47FIzs4d9wgxnfDgF3gJ9dB
ak3Pxa+VEN19eEuXuOKu4Fy60sVGeMWsmpDkpMr4olUdPy4Wltm14JX803gEPCUArtTPKsnGqj5a
SDUWoh3kPP4szS0v8JZMbIG43ehWAQe+GMH/d9VhFTvTFFIC4GmaJWnWNp8acZem6xe0cljvlMG8
l+vP76Kd4VlwpD1VUojNA6N65IMTLoMjyRsiGgMlSCNL/PfyVeh5IR4UHNi7x6nlQEm8LbDCQMLH
96ALODPSCgeDK6qARdBLyfHU8TXNaJVgPWJ8nzE3TW+8BZI7yKhsYdPYt+hGKjeqkxXt6lTizBER
OxOB3+93OmVf0nrMpCLyzdhCc5Wk2hxmFnoW+BYrVkVgRjUc/h78Hogu/rezmeqco2kqIfIfm0J5
6/GJiMsDmDJ99ZCgMtXQerDNpX/EmLNgB3Wo7vE2I5rXg+EAInsBREapJGDlNnlLBysk7vya32uU
2l7rMY3jZKwTDqgsboEw0DqDIyXV2jEzxDF4LBSNGU2KvD4fHIsET0EoYMxpf8VgZ+JZNtW+RTMJ
r+TS5fUK4T9CwB6AW/WFa+j99q4QQL1bCO2Mk+yIiUzujLQ6Bd6xSV1z/zpAK8LqB1D95hjeBAk5
ugKGnLTGIcdpNONql+6DU/YVqIi/aU6DhF5UM82CYBtNLKn9QQ1i1ABJD55lzAh6KscARegZ6QE7
GB7Rflm1mzfbW38cvAqCYrPlpIrsKw3vgQKfRxeO/ztvNnum6ah6cbI3uNlM+MWuhaL8C+oWoeUR
kT8LLY4/s7BmCiybT8qDwFdClBEgYY3tlNcndjXRV15mkJJsA+aX48sCErxaA+PbrOxCxfTPRiIL
EQJQ4Vd2/JXpq3rD3i/TgL/mkNZOhrvrzSWmgKYozuY9/BfHuil2b3m9IiLOk9HvO/RJip1p3mDF
28jtT4JxNaYUqd9vB+Yv715tLjj2lY9B5NrFIUqBWImGlVgII61dSb2oc/MdDji3YYUzv5EEoQRj
3Qj7bSK8EpicuGbJ5FvZ0kKC4u+NWie8GaT8DfcnpTyxRF7jsbLFFfZfdg45ks1Gc3bGPTkRVNmF
2tx8NyKdiLBsY+LyXQ9fnZtV0uHUswK0he2m1k3RBcrrDbew7KiR810qLla+uezn9GpzsdNllPL0
v/5tp/9VpSB3XvvDJv3P+V3e3gVMBWp16l/7vis3BVFKFxs1lvDT16UemFEeYGy6/nBEM8fyoOYt
zAxKD0VSkRwp3zfXz7uJF+IBDZkI6+V3fEErFUUEOW0Nhm811EeOgKIgxiY4yitiilBF0Pq2K+OD
s6Nj2r8gq9/CjlI+AI9f7gM5rRxX29XMH7Lc4flpGs2XTCo9YLtRwXul/N9WgAdlHAfOtSO2A/SL
mFfxSFKlUT68YXV2+SrMNh0VJ8xGwo+8prar9sn4AY6FMBthcZJ7WJzk/f1Z2E51xm8sIj+NtR1i
WLCEYYCz1VIHiE2JRRVLRqxu3KyOzn4Zfrhg+//kN3wu9099uHi+s8EaMqeG2QrPdXoBcaYKKKeu
GBZAj4nmgMXB9513haLElNBkomyDyk0c+fIpvYNSRFa+Uw2P+vL9M1/ZfLrYXCr/dh47Y5jVZ2yJ
lcYlVZiSWO5fHbUxzVi7MW3wb/py5DxN4vTGgd833HWcm/LUiN7c0XY1DwW+RYGxyQvCP2arWoER
Kmo+iHhSnBjKKPeiNHt1bx/yByfiN+eDbrfX25WlK5YAWMqR/9io2eeVUaQirH4t0Z/iLAjnO8vO
53LQuKmxVk98Lch/79ZfMtF1/0jazaGFeHJ0EVAoj5JemYBPuTXFF/uSAH9ptd3v2KvUgBhRsOzv
RtgEHr/rlDrPgrZm3PRRRMmX1NF0Y1eIFhwBRCbGg187WXA7WGBC0MEpd91j7tHx8AvcRfLKWcxj
zL2DEA8XGu0wfamwBRUUJNrCXoPrYQnW9fBel6tsfuO3X/jtzl7DRmam6QdJ+OCmkwIBmHeReE3H
ZyRB0aeUyCs9467HMYtpo6IM28z8DwcnuHBzNQ3C4pEgBWq1tSox/Qgs2XKC6ssFq/dYbzs9piox
zYJgpYsHtKrieVDgckAaeTOsV97Sy0lrtm2e05LS8iyuX3lj6Ju/UYQC43FDm/fV4Xn9leB4Rk8R
+4JYHXVUjPt3Hgf+7dz3tebuXrrMWeIbYigGvhuWibMeEYx/cMhUxJOR/qKJnzDcokGW9JICkiV3
y03UqjbRMYeHXqfznb3zlTGEznhfmqXEB/TUrJKDJexkl6Wz6j5wPHu6qKAiuTw3Y3yblfFsTVme
OzqjmrOj9HI51jd7tqZQPKMpX2Yo98H+0h2o7L/sxHYS9mrOLnCvtW3jVmv6e6z+0l5rtk/7rnEK
L3q+822rIQpNm1YL4q9HHwnPSb0jywrScs8t3/i+/TfcYrYjP5SiIPvinIqi1NBBKz200zo9bW7n
P1edfLF3yunUh3hIbyv/KmZOkMbDk3pGL7ys+FnWDa2lhF38ekCnJaGyw6IzNn9WXyYsa2hBL2dR
3Wrjeo5702xpGH4vAdKMu8Pz8+HOvFokeeLOYLBiEEwowaRGMjG33nVekPWgjPfP4vklZaVIWtVu
jGVmw/7OoJ3xAL23/tihzcI7Mv+SbZBEhZ87sA7JB7RwSSej0VYBraCIEnnN7Ocaz7crlRRE2tw1
XIqREyXT0jTogrZmXV65NPYbIRwBwsFxjdEJBHQ+hOuCLSXHEb8Rnc6nneEUjm/xyOfJNqeOXAr7
6mZe3QhSpFZPjqm+KyPsQcTHyfBkd0AyjnigeC6IaRZE2gQXpB++GDiRlTpJGVvpzhorBW0GzY5e
3vXdeYzPktVvenjXpQiDqCw/ESoLJZVlEu8iSP4nSKNjMSsJ3n3AsRB3wsUjF+Lr4NiJrSCyC7Go
WBG2FoqW/d2kma5UfljAl5PWvZ9271CyR9jchTyRbNNec4UnTL5Ji3PsOakodut7TVRmtW8BQeCY
bcjjYhwrENd0i2+7Vr2Qo/h7I1jTIHz9/m29CCojFSFV1xWTL6d8NHrEO42VQ76+utooKwJYNDWy
cWshhtIEf0b5S4bHn63pZBvhU/dGRKPS8YMFYnUHe2XV7b2bRPwUT7nYWZpUYIktQZLQKYQbQ1KH
bhTw5MdwlBfY9I1fI3rkYmEsBXjw7OlCsoMMywLoZZDQsYH3Aed31sz77/79qYoAWzReCJl3ufEU
pTycqYzZT7l740SVJU+tRfN/Wlv+6cg/Xfmnt2WsdQaBn0SB+754TKAUDcw0l3E9wISPx9dYbRHj
gliGWdnD89qZQPQ9E/NfxM76W4x1b95A144nBoHn0UFABQhl+sqNh/8WfGdO7+z4V9Ms1f3gTgas
6ueD4clBGQpijrgtXqdOEW5GqnatSrb3znfn7DSNbrhfPUNFe9TOC2II0FGOLVoPi18MB1UkSFoT
rbg7c/ymofXZ3/8OiPwbXk1gH5NgKCE2R/LhXwUMcPF9Y+2Hf20hKfcd1+X3Xt4t09cs6N1dpaGI
tsyBym8Hr4AjuZtmSaTK5RZQ1SiBvtd8H3Dp7pqM/Hoqjr709d7S3X6P6EAzKQp+fTcSDznsVMl1
sAwTKOJj4I4dEddPgTGev3ct7orjqKW3q9vr2t9idh1rPha+ZhimWax9c3OmXTrDKKi8MFsil92/
0ehVXYmTujsLYJKbadKepFBKsMkIfkmznqdOBA3j2sWz4rPP9SWRwJPs8XyygxJa/G59HOP8Jnfj
0lJ9iVyNFPq3aN9ijaZZqX9t247d4jsQeLViT+FbPCLlFz/Y2T6DU3eLlx4cpf3SLoICcc3UGAT7
naYgi5ofn38UUNAh/fj5eQFWVzkQJvtACTl22ifZAOsHP07z6od7z4b5FYPkdexM2NhxhRmZ/rOr
1GdXImSazprNQ6132DbY/2t2md7UNSzgcn+S8ol4IfwJXntBYr/Ag4Z4tyP/uGZqNLUmk1fjFP7q
3Rb8a4z69C9ni/KtvmGmmt1s4m/Dykvp/TH+2xuzJbxJEAmsjnNWL7S+ZuhIvJ2CEuv4dcUXVIj7
fpD6FnZV+uAWt6aOmAnyxi9g9IF88JWUuvIOYBUvmgSL36ln4hcGUXA2zQtsIe+Pgwi45rQAEmWg
gs5tnNPJrsNZqGqxnfHYsVI3mb8gQSfZdpJ6LBJ0tfEL0i7uC6qjzb6gV2UWtFgIu1AkmYfixenZ
0TWSpG3W/0hFNFf1KVJkASAlDP5uhDyOwR3aL/5B/4GG0iSox3wm1IMzR9zWbQfPUbDEix6S7mC4
X8ceknGSKoP45oH/KBO9YJRTSp+iaMw9/BTFM4Z9gFlkdWlEY0AyPgYaZSUTBmNkEE1jwTIVMR4J
+S1hX+BHhXnCLGzhhI0Ec3zLTfHVM2B/z+iR11XgwZNjZFDlGfOxqLEAN47FyJKNIsFv2DxII8WL
OWMGLe1ADMAaoJEjMBdwS8D4Qtzm7A5sMaalaHYb+D8mDAe7PGKoZQ/A4mdh5ihhMnViift2KnyW
hhPIc4FBw/TRtCWzQ9Nn7NnHKe1oY0kAtfg2AxbqM0sxfkXZj+nTafI2ieriNwPxg8vMFQnpCw8j
swSTnztDioecpQ1nHfqQ0deG8EY8TRM7wNaEMEG3zD31GSCS+o5Fov57ADDAx//tb38z90jQIxc/
94ydD2TLvmXLZg5n/0LLxDJkolncPGToS+nREzJX9Qydr4PdiEEDgo6Q22jOlGaxvLLu/HZB9mcf
IesCAwE1c9tm8tPksdQyfreLeYLjt87QBSAa+Y1q0JX4I+UuanHizKDsjLupYPuqUnB/z5G7rBH6
Fc2V16EV8JNZh3Cb6r5IvREoCYzsKJ771jWPbxge4QBm1aAC72NoKbT0DCkWm0YBeCloTCge1xhl
K0w5COgeNYbfTIrkVw1JNxAskOalvvqAmmR+Ra0NmMDoouAOemciQA0AiQzZz4VD3SqB3o7RdLEM
mmiNOcmPoL4kosfkSSNkQZWH2T5gSKEb6aQWglFXSA+JVdV0ORlHlPo+Nqct9z9SI9App3GDwaBR
/WaeM5lC38aZ2VqxLyrDQY1EURomkioVhorxQDaFixoX+ih9SsqW/YPPAscGsZdLgDaCNheAosG6
GgVDg8J1WSi3NAgR4Pqjueyjr91ghJ82h0SASTr0A89JsKt7YsJH8wQ0zq6kqpukXCdG3vT4Nbba
rUOaJ4uCPnxbl4wyI4sJ4dih86cYfS0X2Ywh98yqlEYOrZVir2WTABoKN0CTVWBFExKzTqIdsiai
gNrJI8vPOf2fR4CZ1Sr5MQI/Tv44CUISQXnTXCTFLmbgPjCMCjsXCGutSkUe4CN1CSVc/OMOxKNO
QfKgu2BWCoEITzxi8tvTaNqBlFd2RwxceWlxZ0EaES/gSK/17vrkkF2/eXvFzt6ev71mR8Ph2duT
KzY8uWSQoP5yclljUIhdv4NSJ+zjm3dnJ2x4+W5wcnXVqPb/pcoYisgJKDSjD44RnjUV5I1JF7mf
1UDtkBzY5FaoSB3fppAelljhbKvjg28GQ0K0X7MzaV+QEGIo9LGYqow4SybgdRc+XAYjqoPm5jDi
0wON+6XRDNSIABotFBYmBlKvKK5sVflsjgEsS4TxAqrRVFjj58tFUsgNhXzCoxF0iroVuK5MVcn3
LNcu9TIURz3F1FPgtj3up5SGFCWBFC0FC3xey8JB1QQzI5SRdTwGXhKvt+h9DfZOuntp7pBHBKlr
57I4ED9ufbaQP5aMQxIfgHaaTYUVajslP3EvPpLpSA45tnEUeFmclU+rEvWiYRZbGNGolrxnG2yJ
SZWs4ypLHS058U8JijJkO/VCmWfJZI6pG3W8kbXXMRZSD5DsJGaGAK4gwkNX50sUDPEaYh7UMAMj
i+NUoFtIptBqkyzvRH+FtS2kqmUNKdMDlV42pDRY9Kt6wmGQNU39mziTfcBDpDpe6kF4xXlwlo0W
sCGZHDRJKRZ6xf6iVEk95r6NQdodKomowjrmwynE21beYseBvFW1aUyL0OdJ/rJw1oUkL1WwiIyS
hroFA0KRYzsGUShNgcwRtQfSydxCcgnpO8FMPiMRLtDBY0qfEk9WMxZeJLqoQPzyUcZ3NatVdmj6
6niwQxUgICubBq7MLkf4ZWhKwknkGL+ozFSIId8mx0DqrgwsI5HnmTKyPSu2UnYL3Wo0T5B5jdW1
QgNS41HF9SQTBtx2u6O89iKFpREsZo+2RI6jGsrx8WEgKrEa7A2kgWBLLyivY4Ph+xo8CzKMoH/d
OjaYPaUJ0nvm/OvE/5B1sox7kYzHpJ1C2QY7ssFRTbk7PsCdvTRCsAXYsKoKKmU4XYMGVuiIi6BX
YFYchZzcoVfD7JK7DYZCvB/6wyzPXgwFcRiBQt1C0MQH09AP6+q6MrA5V70udr6IvD0xI8+aEWf0
smwJMnZpHoXQ2urr8qHnDTZUz7g8mtADXI1JlS1QjeOITxACtAmoLQ5dyldwoAkDfxc7O4+wnQau
gxMqNHLGL+2KOGHn1+9J0hggIexRmjAcqVNTLqqT44pG5mu8JK3jU4ckLVq5LUbp5DAbq/zMNByj
qExtCl2V7jM1UI3l0Bot2Y8DGbiUNWjITDonyW0wDYKYht/ZEEVkg1DyYDZPOIv5LPOUOEeSTSPh
vcLoFQSjWUGZsKiZCRwfy3EwzSL9yH4dBXdo9RF7e8z2f33/9vg5YAaTBxmg/C24+zCSW4jBMHDo
EsG4pbHI/8ASAipCyvbB0n99dZbxV8OaAuVHqgznkihoQvaB41sKw4QtyOZJVAgpTfNQtXDPGc/r
d6ljFwyRQ54C3k3wJPObgF9+qTgbAdDoUUkKdgM5J6VkfmC5TsjoWTCbcz4Hk8FRJL6mqQbkGNJU
HCBfXM/uySrjhQfM5sWKcyXXNNkh7R1PNeWJbAwqq4w7jdWki4XfZJS+Tj1Tl88cshCSpJnjYjXS
jysfpWrBQMT9ST5G8PExtxoPa1mp0pza0vkp2cpHHu69p0E2xVzZo1GVqo0xwKKLoqkIsEP8TRES
Hr6keFl4mID7Qg59R0IyG8kTjGmyjkLcNDN4snGawytFXgkfK8rhgyNivCqq+qw71CYgqC2Tsrlc
TB4BJ7CPrN+BsNnD+DeXxqDOjBMD9TQEAxZxwSbpa4VUEU3+FvvmMVVGJ1PG5IFQnyLClmbyS9FM
oWNqIiWL4PRMCTrwqzOdPWOTCHe55epZTNbkGmrcV5HyTbfcoWEa+EkYxci2CYMwdTNjVBcYyqiM
8ogG+UPK8Ouh8mIYTNAxQbRTuTPN58rpqUMVxXE2jUaNkiyDoGov/B5YPs9hL/SG9l7H01YrpLy7
lcnhNMSzKgstAr2sLpcy8pLTAFuGRGng7v+GE5DE4MnmHo57YtwTFAPCeCE6DubUfba4TxDIi/HJ
JILxs5woU7NqcvIgiTi1XAkfyQc9+N3xO/wqfF35fBn60CncCplcc+g6t1RjTIIvABCtUZjZhkib
a16apmyce0qFBpX3lTFBkMePnVOoKuaIRA+KqoO020c7Kcxa1cA/hlNeY3gUBMXnJE/DwPWORQSp
dt2S5/geqrtZuJLBgpdmwdSqWCG+ppByQignL5Y5C8WQWl7ez+q419ISa7GpE8db+GoVgJEplsee
gK4ZWxYdJlZI03vqoWwqt7GoQN0p1pBpc3WIV25btq7sFYWJE8UD2CdKn9kUyVQRyWPgKEclzspj
4HQzjE1syhydcc4Ihh8ARC41oAfKZg6kjwN+ykVmkY27Do/VsAQySe6FbnaFOQ/IqNrqMGs0eQ/s
FmevDtlvlKxA/KzRdNYnZEojjkWYLC6BEAxMHCPHVrMG2fIUTQcsi1gU0ClCx5Qg02gTz+oAWVW4
LYov6yUZ5E+GC1oYFWT0WtR4yHBZ61D/qVtr9++0mnFn1PSftJ9sTIion+/jeju9pvai15SuWF61
2s9llieXF4qDddnDMbaAjtVMGqUeNBUGrWbNcVEltZI0ypxyNkKJ8oUJ8jjAB0KVRetAcaawerao
AbYg09lnp+RqqCoqX2KSUqYgKZ8LlDrlloWkLwhpfCvuwPHFanBn3eDwIKaBDGhk5EBiPpdJHJVD
vHQUuvpstOwzEiXxh2Qkyn31Xm1P4H6g2FHvJtPOl8O9Lr5Ah/szRhbkRNMiBdeXfJtHJVrgfbaD
xMdz4ApUXKgsEdLILV7bdJzL4nrsuLTLc0GZeGHxcgrho3jtQC+bFQm/x7S0n197I7laVqRhKgby
20VaaJVhX4qxml0oPUl+Py6TIEPxipSr4VlJgnn8h4uf9Ml+sfxWEtwIH8J7CfGc01qprvbjfnFC
uce6TYcTfXGdUbE0XN55ZZ0GKI3ebBqapuN+2OHxuxJSO/hMklSJQHLKzQHd3Y/jUsErBzv0r+cl
iBUJ4BKHyWVYQLzFgzlKxFBNFqoPTmoQkVDgadm4FtH2MyVTaeLgV3PwDAja8uVMRvRJdcUFN9AQ
y+yTEOSQ7BE9IZVqRfMwCYhgUPmJfa/JnFIrk26MIgnGaCm530kqbSkT59+Yc70b0vTO4oE///xf
/se2iQ==
===END CRASH DUMP===
