PocketMine-MP Crash Dump Sun Nov 21 13:34:14 WIB 2021

Error: Cannot use _64FF00\PurePerms\PurePerms as PurePerms because the name is already in use
File: plugins/226-NichiSkyBlock/src/BaliGamerz/SkyBlock/Main
Line: 27
Type: E_COMPILE_ERROR

THIS CRASH WAS CAUSED BY A PLUGIN

Code:
[18] use BaliGamerz\SkyBlock\libraries\VoidGenerator;
[19] use BaliGamerz\SkyBlock\libraries\xenialdan\apibossbar\DiverseBossBar;
[20] use BaliGamerz\SkyBlock\Menu\PublicMenu;
[21] use BaliGamerz\SkyBlock\Menu\ShopLogic;
[22] use BaliGamerz\SkyBlock\score\ScoreBuilder;
[23] use BaliGamerz\SkyBlock\SkyBlockManager\SkyBlockManager;
[24] use onebone\economyapi\EconomyAPI;
[25] use onebone\coinapi\CoinAPI;
[26] use _64FF00\PurePerms\PurePerms;
[27] use _64FF00\PurePerms\PurePerms;
[28] use pocketmine\command\Command;
[29] use pocketmine\command\CommandSender;
[30] use pocketmine\command\ConsoleCommandSender;
[31] use pocketmine\entity\Entity;
[32] use pocketmine\level\generator\GeneratorManager;
[33] use pocketmine\level\Position;
[34] use pocketmine\Player;
[35] use pocketmine\plugin\PluginBase;
[36] use pocketmine\entity\Skin;
[37] use BaliGamerz\SkyBlock\invitation\InvitationHandler;

Backtrace:

PocketMine-MP version: 3.25.0 [Protocol 471]
Git commit: f48b703533e0ced4e8ff9e118c5fe3889ccaf23e
uname -a: Windows NT tungnguyen2-8si 10.0 build 14393 (Windows Server 2016) AMD64
PHP Version: 8.0.11
Zend version: 4.0.11
OS : WINNT, win
Composer libraries: 
- adhocore/json-comment 1.1.2@fc2f76979f0a44a5f5bc2a2b600d0762fe0e78e7
- daverandom/callback-validator unknown@unknown
- pocketmine/binaryutils 0.1.13@0abee38d4e2861621f262c79a2a3d699d8a697f4
- pocketmine/callback-validator 1.0.3@64787469766bcaa7e5885242e85c23c25e8c55a2
- pocketmine/classloader 0.1.2@9757928424652393b178a3760073113aa7c9911b
- pocketmine/log 0.2.1@830b44a2cf96ef703c550abe64302f230231ca49
- pocketmine/log-pthreads 0.1.3@e477ecf6ec214fdd4415ea1da3fdd9d73bf699ea
- pocketmine/math 0.2.6@43057cb8c179a9859677b496a788db922fd5cfc3
- pocketmine/nbt 0.2.18@9f82ca4d7f97fcd9a566e44b63c4f18a7657ae82
- pocketmine/pocketmine-mp 3.25.0@f48b703533e0ced4e8ff9e118c5fe3889ccaf23e
- pocketmine/raklib 0.12.11@9cce458b8bfde3e4dfdbf70c659fc7b7fe26b5c4
- pocketmine/snooze 0.1.5@70b5e7937a06878dd321a3182ceb76d56298f2cd
- pocketmine/spl 0.4.2@6b08b7cf8c4afa17139c9a1b3bf1b408531de161

Loaded plugins:
AntiInternalKick 1 by Jibix for API(s) 3.0.0
AntiTNT 0.1 by Adam1609 for API(s) 3.0.0
AntiToolbox 1.0 by FaigerSYS for API(s) 3.0.0-ALPHA4, 3.0.0-ALPHA5, 3.0.0-ALPHA6, 3.0.0-ALPHA7, 3.0.0-ALPHA8, 3.0.0-ALPHA9, 3.0.0-ALPHA10, 3.0.0-ALPHA11, 3.0.0-ALPHA12, 3.0.0, 4.0.0
AuctionHouse 1.2.5 by Shock95x for API(s) 3.0.0
AutoClearLagg 3.1.0 by Twisted for API(s) 3.0.0
AutoFeed 1 by Ghast Noob for API(s) 3.0.0
AutoFix 1 by Ghast Noob for API(s) 3.0.0
AutoXP 1.1.0 by JackMD for API(s) 3.0.0
BanItem 2.3.3 by LDX for API(s) 3.0.0
Bank 0.0.1 by YTBJero, GhastNoob, Kaido Joestar for API(s) 3.21.0
BetterVoting 2.0.2 by Twisted for API(s) 3.0.0
BlockSniper 3.2.3 by BlockHorizons, Sandertv (@Sandertv), Chris-Prime (@PrimusLV) for API(s) 3.2.0
Boss_Quai 2.1 by phuongaz for API(s) 3.0.0
Broadcaster 1.5 by EvolSoft for API(s) 3.0.0
BuilderTools 1.2.0-beta4 by CzechPMDevs, VixikHD for API(s) 3.16.0
BurgerSpawners 0.1.4 by Heisenburger69 for API(s) 3.0.0
BuyKey 1.0.0 by  for API(s) 3.0.0
Buy_cmd 1 by TungstenVn for API(s) 3.0.0
ChoDenUI 3.5 by BlackPMFury for API(s) 3.0.0, 3.2.0
CoinAPI 2.0.9 by onebone | Edit By SenKai Official for API(s) 3.0.0
Command 1.1.2 by PIG for API(s) 3.0.0
CustomWing 1.5 by YTEsDev for API(s) 3.0.0
DEVirion 1.2.7 by poggit, SOFe for API(s) 3.0.0
DancingFarm 1 by RicardoMilos384, DontTouchMeXD for API(s) 3.17.0
DevTools 1.14.2 by PocketMine Team for API(s) 3.13.0
EasyCommandAutofill 1.0.9 by jasonwynn10 for API(s) 3.0.0
ExtendedBlocks 1.3.0 by Javier Leon9966 for API(s) 3.14.0
Fishing 0.4 by benda95280 for API(s) 3.0.0
FormAPI 1.3.0 by jojoe77777 for API(s) 3.2.0
GCPClan 1.2 by InstantlyTa for API(s) 3.0.0, 4.0.0
GMCDetect 1 by TungstenVn for API(s) 3.0.0
Hyperion 2.6 by hachkingtohach1 for API(s) 3.19.3
InvCrashFix 0.0.1 by  for API(s) 3.14.0
InvSee 1.0.0 by BlockHorizons for API(s) 3.0.0
KeepInventory 1.0 by KhoaGamingPro for API(s) 3.0.0
KeepYourXp 1.1.1 by ArasakaID for API(s) 3.0.0
KingofBlock 1 by YTBJero for API(s) 3.0.0
KitUI 1.3.5 by Infernus101 for API(s) 3.4.0
LockWorld 0.0.1 by YTBJero for API(s) 3.0.0
MSpawns 2.2 by EvolSoft for API(s) 3.0.0
MaxEnchants 1.2.1 by Xenophilicy for API(s) 3.0.0
MenuAuto 1.0.0 by JeroGamingYT for API(s) 3.0.0
MonsterGate 1.2 by K27 for API(s) 3.0.0
MuaPointUI 2.0.0 by JKPVN (JakayPluginVN) for API(s) 3.0.0
MultiWorld 1.6.0-beta5 by CzechPMDevs, VixikCZ, fuyutsuki, kaliiks for API(s) 3.20.0
MyItem 0.1 by AnhKhoaaa for API(s) 3.0.0
NVSSP 0.2.1 by YTBJero for API(s) 3.15.4
NameSpaceRemover 1.0.0 by JackMD for API(s) 3.0.0
Netherite 1.2.1 by Wertzui123 for API(s) 3.0.0
NoAdvertisings 0.0.3 by YTBJero for API(s) 3.0.0
NoFallDamage 1.0 by DeveloperNeb101 for API(s) 3.0.0
NoTP 1.0.7 by awzaw for API(s) 3.0.0
OreCore 1.01 by  for API(s) 3.0.0
PCEBookShop 1.0.3 by Aericio for API(s) 3.11.2
PM-Beacons 2.0.1 by jasonwynn10 for API(s) 3.0.0
PiggyCrates 2.0.9 by DaPigGuy for API(s) 3.2.0
PiggyCustomEnchants 2.4.3 by DaPigGuy for API(s) 3.19.0
PlayerVaults 3.3.1 by  for API(s) 3.0.0
PureEntitiesX 0.7.0 by milk0417, RevivalPMMP for API(s) 3.19.0
PurePerms 1.4.3 by 64FF00 & ProjectInfinity for API(s) 3.0.0
SETVIP 2.3 by MCPEVN TEAM for API(s) 3.0.0
SeasonPass 2.0.0 by TungstenVn for API(s) 3.0.0
ShopGem 1.0.0 by YTBJero for API(s) 3.0.0
Shulkerbox 1.1.2 by UltraFlappy for API(s) 3.0.0
SizePlayer 1.0.3 by  for API(s) 3.0.0
SkillAnimate 1.0.1 by Tungsten for API(s) 3.0.0
Slapper 1.6.2 by jojoe77777 for API(s) 3.0.0, 4.0.0
StaffTable 0.4 by GigantLeyKey for API(s) 3.0.0
TableSpoon 1.0.0 by CortexPE, Xenophilicy, HyperFlareMC for API(s) 3.0.0
TimeCommander 2.2 by Zeao for API(s) 3.0.0
TokoThirstBar 1.1 by Rand for API(s) 3.0.0, 4.0.0
TopLeaderboard 1.0.0 by YTBJero for API(s) 3.0.0
TopLeaderboardGem 1.0.0 by YTBJero for API(s) 3.0.0
TopLeaderboardIs 1.0.0 by YTBJero for API(s) 3.0.0
TradeNPC 1.0.0 by alvin0319 && FunkaDev for API(s) 3.0.0
Trident 1.0.0 by brokiem for API(s) 3.15.0
Wolfies-FloatingText 1.3.5 by  for API(s) 3.0.0
essentialsTP 1.2.2 by  for API(s) 3.0.0
iProtector 3.1.1 by LDX for API(s) 3.0.0

----------------------REPORT THE DATA BELOW THIS LINE-----------------------

===BEGIN CRASH DUMP===
eNrNPYly2ziWv4JxqqY7u5YsUre7vBWfiTt2rImUo2e0lQJJUEKLItg8bCuz/e/7HgBSAO3YcqzM
THd1m3wEHt6FdwAg9c+dUKRLmn+5ZmnGRbyz39ndyfmS7ew7vXa/0+91up1muzfst5zdnSLRj5r9
bm/YHbRa/YHjdnd3WJqKdGf/nzv5KoHnO6dfjq8uR+cXp19O37+/er+zu7NkWUZn+OyYxrHISZEx
8qXXOTtrtabTUZGyEUuXmXFJaEbWNx7zKXbJ54zEdMkIhwZRymiwIjxGbDBIyCMcIYmKGY+zPdft
Nd5xf87Hi9VRJPzFXpb6e0c04q8BQ/p1r4JfUh5D/4jH0N/t/7mrcXzh8bWIrtmSxTkgDnjK/Bwa
+iJgyK4zACiStUY6nZZYp9OIeylNOQO2PgoevGYxS2ku0l8AhTPctOstizmNAhpPpzThnsgyj6bT
6QlHnbEjuD+iEqXbehDlJYsLlK8XcR+vZRdngy7juUguxIz7sof7YI/MFykDAP45KngUMEVa+8Fe
5dUljcFI0jsAiaKjUYiYefDfdMp8EYvlCoQynZ6q68PRuWzbrbf1BY9lw2O4KFv1dKsH7VC27G/c
srSIBKhn+ZKrwZdLGgc4uLyQDYcbNByzWAuw3Xq4eZyJiN3t5dzTC2yZ5ysQmfwrm7n3NIvYNYum
01lptNNpZb+GVtrtb3cdiYzn4FRku8497UYRXWk03XseqzmIzfDvEc2YbNp7gKfxgqvh+g/aG0xr
nlOkbTo9r67fgOwipAfmf55SH6b4P/53d0dJIML5jp4HEI/kyJcwcuNyBKN5QNrag+60m2632UI4
TgBwKC2nvbvDsy8Bu97ZD2mUMXAwqciFLwBtpw+udcbRwYSdgddvtbvtNmv5LOiwQRgOmeMM/G7I
2oPB0Pdp6LbR1xWalk88DsRNRt5NSF7Es3hWrFjsNgYZJ06r2SKSBuJ02sM2+blsPGYpkEuAsN5L
cnh50usAxmSeAL5Bs9V0HLj9ClYE953yHh5/ERmOeP7u3QQA8uZGOk4wxERkLP1SuS2UFg3mAv3A
3u+ZiBtorMqNOk2n6b4KfTfsQ2AZhi3a6dBu2PV8l7per9UKWv2eG7IW6w9YH9AHFKgF5Yjlnk+j
yKP+onENig3QGFHR8SIWN/Er/ReJrWxjz4OJn66KnEdILzDTdNqvWtRjIFCQsDvoOT3XCd2e6/eH
1KXtoDccBgMKpIUdG9W9gzsgoParXqc/6HegT6/n+ZT2WXcw6Lodlw26vtv23S4DHXapW0MY0SyL
BIXpqmlzXw373f7QHXTcTq/rgtY8pz+g7T6Ipd92nDbg9odDx/FsTJGYSQxu03k1aLc8kKjrh8Me
C8GeYGRkuNdpt1wwn5bbdnzaGd7B0EjyOYbUUlDtV6zT7zM/7DHfdTphEHQ6TpdRJ6BtuBkG/bYX
grQYtVFBQjHX1PRewaDdvu8NfAfEOxx0h71+3+sMe7Q/GATe0HXDoOuHfttGEXt5yc/g1TAcuEBw
0A9BJ34wpN1ej3U6Xq/td0JnQPu9bp+yQU2468vGMqmm5asnzDEDWUoXYNtKLkCT8wqasU534A28
MGBt1gnCwANZ+73uMPT7Xj9kbs/r+jULymIhvjIt3u6rfsvrsv6w3aet3qA/CIK269C2A9wyr98L
uj13OAhdP6ghSSKJoQPW0vNawI4fDvwODanTd9pDf0gdDxTjeJ3WoNt2Aub0nJ0/q6RGzs1DcJjn
cc7SmEZvub8wvNudR7s7a9+GnoAW+VykgOYfO79yj9/ugJOE2Ir3bZgMLbxnMfUiFlTuLmAJ+JNM
edRMhPmJCVhi/rWvsE2ndQIgD9H5GcwUdL9X48mnq/cXJwC6YR4EGSQbvTb2nIBzspmZSHe15gFk
b3NxGNCl02sNt8aIHrVO+Hhy+H7yYXQ/2UJEnritk66hlgpkbDHIP6McovH4t3Gd/sbhxejNIZqg
cdu1b3v2bd++Hdi3Q/vWadXundq9W97D386zJFrxqMxDy8W6ecxA5nmeZPt7exBq54XXhHi0V2Hd
M/GgRgpfZgQCCwtDJSbY1onb7NpagazZXwy7z50dO+vMFvBDsnKc0mx+pmadFk6mh4ICQRE4RwJB
ODa5j0+fIhfHEaPpBZ3NLLZNuMl3u3nHGic3PMuBt23NpVzhQ94gYUIqIqACmbOJeqruNZ2H2Soq
lpfHezY+LY0zhuRagpCgB1zi6znNcvJOCG977kQP+wRHiD34bZ10fvvvoBx9+lMI/zyq0f15VJts
d4zuV8jKLk+2F4gkOmVjn0ebUX+PiSk0e5oF4O6Ixuc5WxrslRCTP7fZbrZt/i5OPm+NOcA1nepx
v5s1QNK4PB6d7pUMKO4WNmuLWty9E3l/mxz9ylIBQGl80vZ2d95SHgjyq2BZTlOLb9d5BuN6sOnU
A8o2N8kjlkMu8lHkPDadogW21Qdp64/wiTsjPputjossF8vT2J/TOM927nGUnqTsWlIGmrbpfJxd
LJHHMU9YanJrQO0A4NZtVTZ9I1L+VUCuubszprgckV+Tn1+Vly8BfDxPedYYpXzJ4An+LbKLjy9t
dT9dRperUSRyQywWOSCONSPT6YUqvTaRisiyL38rKDdlUsFs9ddsPJkXIp7Rr1ubwCVC9E8pRSqA
Lfj/Rnyk0MKHqWZr14DanraW1Jxei2gMZG2NF2NkYMIi44GkuXRINzc3TQYkIfZmvpAMqkVHzOUy
k0MTXM/cWg2YMrRjs3r8lfnz0eUJu8YOH/ktX7yxI4zTewbjPqJPlgGghxmrqMuROhCDTetTXbNB
+J6FSkonxYQ3oTcxS235WA9q5VKzJps3jGcs9mSf3vbKJhstCsIk6rtjVY1aKYbVW7ay2JeAWplV
yzK2ZvNysCcEoGL1xV8GNrkS8kAyNyniGUyk+GO8NfUolDjw5rQfz8UJiz+cG8RXIDuOdOtRBJKn
0eVZka7uMLD7XaFhzUhJwXSqrp7Ajto9MLnRkHoGMLTZ0RsR5P/IacBzcrQiYxZDnkOuwpD7nEZb
09I3tzw240/uIFj8KUg9Aa9lOKPz11vjQA+ZPUEtMif6ZCdoBvDBmPbb5DQDZ7k98qtxN2fg5PQj
TyV9FfkVqB6t+rX0Qsxw8wDyrKsztr0cQ2KdTq8lDdMpxCl9ZdD1yLLWCY19kMIZTc2Kx4Q+4L/e
c5+mgbjkkcjaA4w/JyLOJ6Lw55fscy0Q95/BqYUW2FuTZ91spEV2Xc87KlBt/nTuTKBqT4lMGF3a
/LVr/OVpsTF7mgBgZk3KBqmVET/XpO1VOIDbU5qt9FTFCjfkkblHdt/Tenit+cjfaSbim1UcO62t
2bGBczq9h6bNp+jpbY77qoEsIEwV1x7YTLbvrlRcc5aSCybi4bDXs/XcedaaBSIu8QKzFlmb83nG
s7ntSEuInRTWUkIPBqPDrjvYnu70uNPpmoBHPM6ZSJd2eC4hj2jld/G7YH3855n1p2F5FUpgQFFR
XWyih9fHo+OImhGhhNQCgs3JeZzlNM6j1YTekzc9bxGel7hzOp2GPvUjPJRydnyoyXo0MQe/At0S
1ryOJYuXxycsxyM1BpMV7N+S3M6WfiCH33zCvFklrBa7K5CdFfZsLubUny/ArnOBV47tCobN9nfz
UkM8nZb0rK821BaG/chPV81slbOsGbN8L6DZ3BMQm/eQeXNDYs2/CX14BXBr7m9Z/JFhwsLjax+H
DnHVefP1HaB4zJjNAgIerghra11bKxDtJStFylO4ectYAr1YnIvULHNt+IObim/ngr6mS7CiUSq2
xpmFdTq16Nl8xmG330SRfk5qvGlgvVapb/eCfdAFPd/efkGFUbGkyHgCPyAPEUqtmwwZ0Ad8YbmE
vjUVXR09hfLcqu3VfT3YdushKmRpXGROy/Z5z5n+Bk7QAVKxORMXIOFPIo3MsncN23AHY1virzYp
Lj5tzsGlXCMzk9ISYgcg9ztWc59Qa+hBge5q9O9bxL2kt9UGh8GTAa0XxTWtfGaxSOY84v5qa5ox
cKJmKlqsm420xeIC6w+TtRL0SLxB01D+87fJ1hgrB3+CvUFcyln6muZmyDShD+aob93+9tyVC/m1
MfJTwuRlQUeCx7YLM4D1Nb26Mt6OPr4jP/8Knn+lzqh+fPdye3vQiB1YK+gT9FJEOa+7MgNoa6Wn
Nz66j258HP8dT9cXqyLPigVudy1oxPnCznjc1ra2Q5ZI8Q1SjPwb1D9nK8RAhJJa1TbiNeDhc2Lx
HBMYSrc39Vab78Ij2e8+jsfm6Qh1bxPtbhKinC4U8N+d7kTs9ijlT1g3fwfkQkzw2Xu2FNfW3uOd
R4+5wB9z1KNOxhN4Y/kcairLFa5hjwSqTyzNvxbccdtb42iNErgq6fjuzbM1tr01U8i1OAyAs5xn
EIzMKF17UE+f2v+i9Mkm4wnaFGc0ik7oUr6tZHBlgB8snE7w5QcBVfY75tUz3OdwVsOLHK5Jegp/
E8uB4G19xtV2GOjNV3qzNT4ktuk0Fnny3UapKAJurlJ2LFJTUSWkxpPzQ3Zy9WBPyTlGx6dHQizw
nSrzjRIDWtdGbcYcwhT0ec2bY4r1IBPfOjv0TRevRplODcqsm+/Qmsa5Z2CRa0ijy8YRo76wChgD
WE/DnH/xtoEn6cCTVCU9j2tZSjuFfNTiyYA+sl98QqHx62L13ONQDx8ZK0cBza5Js26+Q80l0j0D
zd5aKDYtdeHYT20hdepT4V4hOcPnONmaQCxy7gU+X0AWOiUo+V7cRwoZqyUhE2wfnmg3f4yDK1dV
Ezn0tRy6fG+vIuTx2VCkTL5tyFn22WTIgtuZQr8eV5c8WrQ6Dsam9+yaX9NodHk52p7qU4U0WS7B
0SVAGdOUqTc8SzqfvHtqELtnM6wlI98drUlFwexIcMf81buo5K9klIrfmZ+fxyGPeb69FY8H33b9
DsOXffXL2Ws8IIbx6eTjuZmWaEDtVLTNPh4/hvp7cnp4ub16TOKcTscs/8iTTWx7zDBUjGhmqtAA
PrKG8MN2shAl8lESYl5vxBdE59dWhVxCHqnPflBG/8WfP+E8zXheRAuW2i9UGcBHTjN9iPKUnkU0
SbY3mQyc+Eq9JOVIPOHViDH/ypTnNXlaAx/OG7fFhhzwAgcELqrrjehf8Cg6jPnSXjW0wHUevrHv
u/W5It8cr8iw7zbiDfVqK0ZD6ktu7kYHD7axW58pCr67yFqTtlcyg5zmNAwnSI7J7Br44CGR13wG
Sc4Fk4dtt6XDDAfffBpJMseJsDbsDeAj7g3qvZzdjk4Bam4y6GMAML9Tdnn8Y/Yc1kSa14+fipnw
ZflpCMtEbfiDO0V/Z1Rs9wUka/Dnv4Zk84JMi4WYzHma5UfUYtqC1+JA7Qginnvd9qxM5Qc7kIqN
jFUkFwyXFuSJC4sN68G/JyZPpwYNT5iBFu12knH32X8Aa6+fskRvc3CefZO58+zfxludkCdwl0K3
d6Njk6sS9Ag3NLrmcavtDMlf/0rOinhBt3nquqTiKazwQH6QxOBEQR5hxEvFgrNlfT/l+2nXCEEv
igCosi7XtDzKyCcRhVBQNs6gJb7lN2G3Jlf3Pn74iMbWtiJg6BMWO+32dGoOv7mSWJZhHQ5jWsvW
Fri+xeL+EF7MIafTGgGP8sGhRsdjhcKMRQaw/lK984Pf/10P/fzYa7AhvzJCU2AvZ/Vz7Y3LUTOZ
qxd6M/kBomaS4oaGXFbZ33kxqu7IsYhDPiP4QbdpOo1fjCm+mH5NnDZxhvvd1r7bJ//d6hO35TrY
QOFrJJCcHThDp+0aQJ4c4MYT/IvApciDg2nRatG+r/5E4P/kRRBhbIY2N3NguhHxLD+AXAsA+Mm6
IvZZQ62DNag/50x9Fi7TTTI88dJIlCRAjwdOTw5Hb3Wn7MCVBMxAOEsRsAN5F4oU0FYwAZksQEFK
AX45qbxPrhM9TMDxfaEiylcHksfq81yNjOU4vbIDBMsvcDXQzA4gL+W3LFpDM8YCoxF+su/g5PTs
8MPFBKHKphp/FCxd6UE1KPWBLU0RXjcTmmU3Ig0O/kv+A3IqctHI6DXTHa85u2kEHE8N++xggKBb
KL8baNm6Cch8VtAZO2DxbC1HiqVXlJWjKeBSeBXE+iJOc7XEL+K8IGjJxJe2U6Tym17ShAhImViG
CCZFJnOWMVKKjUDiLr8uKGKwv3wOBuerLxV6jPDYj4qABfipwTumi7jGYgk9Q0RQx5nRkO0SgVun
GaIkXsrogqxEkWpchIcEtM/BS+MIoHj8zGC0QsTv2E2Fbi9goVxzJTci/iknWJPRlKDQoU7l+HUq
+THEfM4zxffNnMWkSGYQGwFBcxrjpFDI9qcxIS8+zeWeLskFjBIHBFCQLE8l8TmkqlBD5kCUfCxJ
jQQMA6zCFculvPCIsM/IXH48DSFLxKzsulTuPpEOCh9k8yIPBGpTfRFyn0x39OfIJNW3JGWN3wWw
EYubv/zlL9MdSehhFIkbglMSaCP6Q0bkmlPyNzRUbCMttqEf7RM8tya7nkrr1X0IkElwahFQIMgI
sXkroiWL7bWxV48N2l984iAfEYOYaRAAoZnSBkoZ5L8gS0azIpV+AbnxGBINsmJ/FDRCKc74NbS9
plHByM96UHBiLxG7GhGmGUM31gAtzGYs3YfHcux3xdIDIYGRHWar2J/QbAF2kC7ArJqywYcMNIWW
XnKKzeapANcFyoTm2S6Rh2qIdhowPXYJfroNGMHQI2UDLh9hyyIGg8ImCvlYahs/upkAnbdyYQTE
ACxJQ44r4lC2mqDzEE0X26CJ7hKe/wTiy1PZTZ2yV9/ztDuTn4EH/HafK8Ui2WhoTvclqrrpUmkc
aRHHqM5AbZRLJcgXq7MmgUxTX5Mln81hbuMZ8V1zLmrDQYmkaZHkCqoEhoJZAm2aL6lcmKPyi3aB
mh/0WvAAyL6fArQRtDkBggbrahqGBo0bqlFpsxA1IBqkKzVFX0fCA+PBaE4UHKbBkuc405dsRj15
Mp+MlaRbUrY8Q9Sy+wSVdsOl4KVBwRS+aShEpY1lksGQA4Xgnxiex0Y0YcpYOaSycVBWgZOWzATo
CY/JSKPAgWaSzIYkbZ+0kAsYXTpk9VG5/3gOMD16iH4Mys+jP8tFIknQzrQiSaPLCHgPDKosqAjC
UetUSQfwSc4ITVz20xbIk3NC0oPegvgFxCF824ewW+YX0vEKRa+ajRi3qtbs1oe8Iluzo5zW1eR0
n0zenI/Jxfnl+YQcjkYX56djMjp9TyDLfHv6fpdAIzK5glan5NObq4tTMnp/dXw6Hjfr0/9eYYzw
fRYZmdEFZ8ieP2fSGUtZVG7WAbFDbhBIryKbNHBvWjlYiQqyTuASXDMYEnL7LTtT9gVZIkbCGJvp
wSRmhQSc7tqFl/MaxrjC6IEBX3Zo3m2NZqDzelBawnzMC5RckVylVdW34gEsiyXZmtV2S/Oavbyf
JM15W3M+o6kHk6LhiyhS6av0PfdLV84yJEf3IroXeO0ljQuZhZiUQIZWgAW+3C2jQd0ESyNUgTUM
AZfid7mefU1ypby9MndII0QRBRUtHMLHTUzW9GcKsXzZKQBGe62W5hVGO5N+4k54lKajMFS8halY
lmFW9dYtGqZhmhpGbrQm79gGucekLOsYl5kjqiyFkdAMtSEHxTJRaZbK5Yh+0MAHpb5OsJHuIGmX
ZJYc4De1bxhMdXqPgCFcQ8iDEa7x69pZwdAt5HPQ2qxMO9Ff4WhrqnZLRarsQGeXTUUNNv2mnLAy
8udFvMhK2o9pglC+LJYQXXEhl5S1AyqSqDpKUbGWK84XLUo5Y+7aGGTdiaZIDtjAdLiAcNupNHYi
1KO6TWNWhD5P4VeNyymkcOmGJmcyZ2j4UCSyircTIEVmKZA4ovSAOpVaKCwJxeKEqD6KwzV30E3L
U/FTjoyN13kuChA/X1fifRjVQ3Y4jWOWo8L2dYCApGwuIpVcejT35zIHlyRDvgQmpEOM9G2qBNJP
VWDxWJVmqsj2wtRS+QjdarrKEfkuaTiGAqXy5MCNvCQG3Ha3p732OoOVJS0mj4HiHIsameJjZwBq
sprkDWSBYEsHMq0jx6MPu9AXaPBgft3wAMxepgnKe1b4GxL/PumVCfc6F8+kdIy2TXIYgKOa0yjc
wy9/yAIhYGDDeigYlOCaCxqYMRHXQc9AZhYhp7fo1TC5pFGTIBEfRvGoTLPXlSBWEUjUDS7OQ8ci
iZOGvq/VNZd61mX8K6v0iQl5qUZc7CqzJUjYlXkYobUzdFWnl00y0n0iih/cwVJal6TaFuSIYUpn
yALoBMSWJZHMV7DOhLo/wslOU9TTccRxkUUWzimUUSzLyeXkg6Q0A5aQba/ICRbqUpXr4VRZ0Sx9
zTIvGthrX1KLVh4wr5jtl6XK/xAHSxSdqc1hqsrnRNepmaqs0ZLlt9axm7YGB5Ep56SwHc+FyGT1
XVYorKxBpQcLaE5JRq9LT4krJuXSEj4zilcgTL6ApRIWvTCB5bEqg+XC0k/ksydu0epTcn5Cfv78
4fzkJfAMJg80QPsbcPcJnm+CUAeGgZVLCmVLc53/gSUI2UQKOwZL/3x0UeLXVY0B+UkOhstLMmhC
9oHlrQzDkjdRLpPoEGIs+oShHBae8XDVuC14YBgihTwFvBujeek3gX+1tllWALJ41JSC3UDOKVOy
WPgRT4jsC2ZzSVdE/WAEHubX9TiGNB0HpC9ulM/UkEb9VS6UmUslE7nWoexd/WiGUoZsq427yPSa
iw8zOVe+TvdpqD77JIEk6ZpHOIzy49pH6VEwENF4VtUIMXaL6vFwt2xlrbDduzyltHy4FAVO4VAF
HD2jUZRaxxhg0UXJlQiwQ7yWERI6v5fx0ugsGY+Zqnw9ppB5LMQJKNfqZIiblwYvbVwu4VmRV7GP
A1XsgyMitE4q8OLL0EEYBLX7qGzdTyZNARPYRznvgNiyM/6tqGnLyYzrAo0iCfC8qmGT8pOzciC5
ImzOzRM5mCc/sCE9EMqTpahpor5XTzR3RK+jlBFc9rFYB3wN4pIXZJbiaa1KPOu1mkpCzbsi0r7p
hnJZpoGfhCpG6SYRSRGVxqhvMJTJNtojtqU/lBl+I9FeDIMJOiaIdjp3lqu7anVqX0dxXEyTVaMC
qyCo9YWf7qiWOYK13NDeG/gLKjVQNd1scDKHdDMUhkZgljXUfkTVci5QM5KUJp7gbHIhKQZPtlpi
3ZPhTzxkwGG2Jh2LOf2crJ9LFqQXo7NZCvWzWifTi2pq8QB/HWJR50/SBzP46uRqHxcxtc9XoQ+d
wg1TyTWFqXMjR8wk4WsGJKxpLGxDpK0kr0xTKeeOUEGh6rk2Jgjy+JMLMlSZOaKEC1N0kHbHaCfG
otUu+MdkTncJvh0o43NepWHgekOWQqrdQA8UY/xTT8twpYIFtRbB9N6WEV8LSDkhlEsvVjoLjVBq
Xj0vx7ijacWrqeqcL9e+WgdgRIrtcSaga0bNosPEAeXqnu5UruQ21wPoJ+YIpTQfDvHabSvtqllh
LJxoHIA+1/Isl0jmGig9BlY5OnHWHgNXm6E2CWTmyMMKEZQfwIjaaUAPVK4cKB8H+LSLLCMbjTjN
dFkCmSRdJlF5hzkP0Kh1tV8qTT0Du8XVq33yD5msQPzclctZ/4tIZcWxDpPmDohkAxNH3M5Wqwbl
jpVcDrgvYsmALiN0JhNkWW3i25tAqw63JvlqXEmDuiS4w4VRQUWv9Yj75OzicLLv/tLf7Q5vnd32
bXvX/cX5JcCESM7zn/OUwQ0414NBS7liddfpvlRZntpdMIt1NcMxtoCM9Upa9VtVEWjNX+GeSuHn
RVo65bJCSat9CelxAA+EKl9uA2WlwBrlngbYgkpnX5xJVyOHku0tJIXMFPQPWBmQhswtjaRPJLK+
Zbfg+DJd3PkLLA8yWciARDwOiflKJXGyHfIrPwMUqTCi5oziUuKHZCStfPXO7g7Dz1ChHcmDMOpl
rfWPzHi+/q2QCoLbS3GAR7YMmFh+CUQOztCC6h8bWwOKNDLvA3nQdH0f8kh+9nYNmS2tn7yZQ/gw
7znMsmsTgD9kY94vPbVZZsIwFQvkYa01LPFttt+zUK8uWD2l389sEGQoSxMyHl1YFKyyPyL5Qz36
ilSPcrFgMYR3i+MVlVulrn4T9StP1Mm3oTyq+VX9xknVGm5vl7ZMBVLjtlptx3HxnaXRyZXFaSC+
SErqQABxWx0w3eMssxqOOU7oz5cWizUK4DZl+hdzTOANvplqAY1fs8F3pxz8+SUgeG4b1zrafpHJ
lPlLQXjwh8/ULwhpLCgm6YMC9Wsw6lNifrpK8IMOEuDqn6LDtMWytuCO5rilbCmitiXuzPheGdRt
hXTJs0LZV0ni3zEPuxrJJZ917z///H8sesjX
===END CRASH DUMP===
