PocketMine-MP Crash Dump Sun Oct 24 09:59:04 +07 2021

Error: Trait "JavierLeon9966\ExtendedBlocks\block\PlaceholderTrait" not found
File: plugins/VanillaBlocks/src/xSuper/VanillaBlocks/blocks/AncientDebrisBlock
Line: 10
Type: E_ERROR

THIS CRASH WAS CAUSED BY A PLUGIN
BAD PLUGIN: VanillaBlocks v1.0.7

Code:
[1] <?php
[2] 
[3] namespace xSuper\VanillaBlocks\blocks;
[4] 
[5] use JavierLeon9966\ExtendedBlocks\block\PlaceholderTrait;
[6] use pocketmine\block\BlockToolType;
[7] use pocketmine\block\Solid;
[8] use pocketmine\item\TieredTool;
[9] 
[10] class AncientDebrisBlock extends Solid {
[11]     use PlaceholderTrait;
[12] 
[13]     public function __construct(int $meta = 0)
[14]     {
[15]         parent::__construct(VanillaBlockIds::ANCIENT_DEBRIS, $meta, "Ancient Debris");
[16]     }
[17] 
[18]     public function getBlastResistance(): float
[19]     {
[20]         return 1200;

Backtrace:

PocketMine-MP version: 3.25.0 [Protocol 471]
Git commit: f48b703533e0ced4e8ff9e118c5fe3889ccaf23e
uname -a: Windows NT tungnguyen2-4si 10.0 build 14393 (Windows Server 2016) AMD64
PHP Version: 8.0.11
Zend version: 4.0.11
OS : WINNT, win
Composer libraries: 
- adhocore/json-comment 1.1.2@fc2f76979f0a44a5f5bc2a2b600d0762fe0e78e7
- daverandom/callback-validator unknown@unknown
- pocketmine/binaryutils 0.1.13@0abee38d4e2861621f262c79a2a3d699d8a697f4
- pocketmine/callback-validator 1.0.3@64787469766bcaa7e5885242e85c23c25e8c55a2
- pocketmine/classloader 0.1.2@9757928424652393b178a3760073113aa7c9911b
- pocketmine/log 0.2.1@830b44a2cf96ef703c550abe64302f230231ca49
- pocketmine/log-pthreads 0.1.3@e477ecf6ec214fdd4415ea1da3fdd9d73bf699ea
- pocketmine/math 0.2.6@43057cb8c179a9859677b496a788db922fd5cfc3
- pocketmine/nbt 0.2.18@9f82ca4d7f97fcd9a566e44b63c4f18a7657ae82
- pocketmine/pocketmine-mp 3.25.0@f48b703533e0ced4e8ff9e118c5fe3889ccaf23e
- pocketmine/raklib 0.12.11@9cce458b8bfde3e4dfdbf70c659fc7b7fe26b5c4
- pocketmine/snooze 0.1.5@70b5e7937a06878dd321a3182ceb76d56298f2cd
- pocketmine/spl 0.4.2@6b08b7cf8c4afa17139c9a1b3bf1b408531de161

Loaded plugins:
AcidRainVictory 1 by YTBJero for API(s) 3.0.0
AntiInternalKick 1 by Jibix for API(s) 3.0.0
AntiTNT 0.1 by Adam1609 for API(s) 3.0.0
AntiToolBox 0.1 by NgLamVN for API(s) 3.19.0
AntiVoid 1.1.0 by FiberglassCivic for API(s) 3.0.0
AppeallationUI 1.0.0 by YTBJero for API(s) 3.22.0
AuctionHouse 1.2.5 by Shock95x for API(s) 3.0.0
AutoFeed 1 by Ghast Noob for API(s) 3.0.0
AutoFix 1 by Ghast Noob for API(s) 3.0.0
AutoInv 0.0.10 by JackNoordhuis for API(s) 3.0.0
AutoSell 1 by Jero, Cur for API(s) 3.0.0
AutoXP 1.1.0 by JackMD for API(s) 3.0.0
Bank 0.0.1 by YTBJero, GhastNoob, Kaido Joestar for API(s) 3.21.0
BetterVoting 2.0.2 by Twisted for API(s) 3.0.0
BlockCMD 1.0.0-beta by kenygamer for API(s) 3.0.0-ALPHA10, 3.0.0-ALPHA11, 3.0.0-ALPHA12, 3.0.0
BlockPets 1.1.3 by BlockHorizons, Nexus9265 for API(s) 3.19.0
BlockSniper 3.2.3 by BlockHorizons, Sandertv (@Sandertv), Chris-Prime (@PrimusLV) for API(s) 3.2.0
BoilingCauldrons 1.0.2-stable by Spice for API(s) 3.0.0
Broadcaster 1.5 by EvolSoft for API(s) 3.0.0
BuilderTools 1.2.0-beta4 by CzechPMDevs, VixikHD for API(s) 3.16.0
BuonLau 3.0.0 by AmGM for API(s) 3.1.2
BuyRank 0.0.1 by tungstenvn for API(s) 3.0.0
Buy_cmd 1 by TungstenVn for API(s) 3.0.0
CmdSnooper 1.0.0 by HotshotHD for API(s) 3.1.1
CustomAlerts 2.1 by EvolSoft for API(s) 3.0.0
CustomJoinSound 0.0.4 by NhanAZ for API(s) 3.25.0
CustomShopUI 4.0.5 by SaltyPixelDevz for API(s) 3.0.0
DEVirion 1.2.7 by poggit, SOFe for API(s) 3.0.0
DLevelIsland 1.0.0 by Nguyễn Công Danh (NCD) for API(s) 3.0.0
DancingFarm 1 by RicardoMilos384, DontTouchMeXD for API(s) 3.17.0
DevTools 1.14.2 by PocketMine Team for API(s) 3.13.0
EasyCommandAutofill 1.0.9 by jasonwynn10 for API(s) 3.0.0
EconomyAPI 5.7.2 by onebone for API(s) 3.0.0
EconomyLand 2.1.2 by onebone for API(s) 3.0.0
EnchantUI 0.6 by UnknownOre for API(s) 3.0.0
EnchantVipUI 0.6 by UnknownOreforsource|RBpmmpformod for API(s) 3.0.0
Eternity 1 by minefore and shin1134 for API(s) 3.9.0
FSCG 0.0.1 by YTBJero for API(s) 3.0.0
Fishing 0.4 by benda95280 for API(s) 3.0.0
Fix 0.0.1 by YTBJero for API(s) 3.22.0
FormAPI 1.3.0 by jojoe77777 for API(s) 3.0.0
FormImagesFix 0.0.1 by  for API(s) 3.11.4
GCPClan 1.2 by InstantlyTa for API(s) 3.0.0, 4.0.0
GMCDetect 1 by TungstenVn for API(s) 3.0.0
GemUI 1 by WoolChannel3295 for API(s) 3.0.0
Giftcode 1.0.0 by  for API(s) 3.0.0, 4.0.0
GuessTheNumber 3.1.0 by SalmonDE for API(s) 3.0.0
HotBlock 1.1.5 by survanetwork for API(s) 3.0.0
HuongDan 1.0.0 by YTBJero for API(s) 3.0.0
Hyperion 2.6 by hachkingtohach1 for API(s) 3.19.3
InfoBook 1.0 by  for API(s) 3.0.0
InvCrashFix 0.0.1 by  for API(s) 3.14.0
InvSee 1.0.0 by BlockHorizons for API(s) 3.0.0
KeepInventory 1.0 by KhoaGamingPro for API(s) 3.0.0
Kethon 1 by AlexBrin for API(s) 3.0.0
Kickk 1 by ytbjero for API(s) 3.0.0
KingofBlock 1 by YTBJero for API(s) 3.0.0
KitEffect 0.0.1 by YTBJero for API(s) 3.22.0
LoadWorlds 1.1 by shin for API(s) 3.0.0
LockedItem 3.0.0 by ytbjero for API(s) 3.0.0
Lucky 0.0.1 by YTBJero for API(s) 3.0.0
MSpawns 2.2 by EvolSoft for API(s) 3.0.0
MaxEnchants 1.2.1 by Xenophilicy for API(s) 3.0.0
MenuGUI 0.0.1 by YTBJero for API(s) 3.22.0
MenuPet 1.0.0 by YTBJero for API(s) 3.0.0
MineLevel 1.0.0 by TungstenVn for API(s) 3.0.0
Minion 1.0.4 by phuongaz for API(s) 3.0.0
MuaKeyUI 1.0VH - RBplugin by Ibenrm01 for API(s) 3.0.0
MuaKitUI 1.3.6 by Infernus101 for API(s) 3.0.0
MuaPointUI 2.0.0 by JKPVN (JakayPluginVN) for API(s) 3.0.0
MuaTuNhanUI 1 by FurryJaki1992 for API(s) 3.0.0
MultiServerChat 0.0.2 by tungsten for API(s) 3.0.0-ALPHA12, 3.0.0, 3.0.6, 4.0.0
MultiWorld 1.6.0-beta4 by CzechPMDevs, VixikCZ, fuyutsuki, kaliiks for API(s) 3.20.0
MyCrate 1.0.0 Beta by VirakMC7788 for API(s) 3.0.0
MyItem 0.1 by AnhKhoaaa for API(s) 3.0.0
NameSpaceRemover 1.0.0 by JackMD for API(s) 3.0.0
Napthe 0.0.1 by hachkingtohach1,tungstenvn for API(s) 3.0.0
Netherite 1.2.1 by Wertzui123 for API(s) 3.0.0
NoAdvertisings 0.0.1 by YTBJero for API(s) 3.22.0
NoFallDamage 1.0 by DeveloperNeb101 for API(s) 3.0.0
NoHunger 1.0.3 by Matthww for API(s) 3.0.0
NoTP 1.0.7 by awzaw for API(s) 3.0.0
OffHand 2.1.2 by alvin0319 for API(s) 3.0.0
OreGenerator 0.1 by phuongaz for API(s) 3.0.0
PCEBookShop 1.0.3 by Aericio for API(s) 3.11.2
PHP-Sell 1.2.7 by Muqsit for API(s) 3.0.0-ALPHA9, 3.0.0-ALPHA10, 3.0.0-ALPHA11, 3.0.0-ALPHA12, 3.0.0
PM-Beacons 2.0.1 by jasonwynn10 for API(s) 3.0.0
PayPoint 1.0.0 by YTBJero for API(s) 3.0.0
PiggyCustomEnchants 2.4.3 by DaPigGuy for API(s) 3.19.0
PlayerStats 0.0.1 by YTBJero for API(s) 3.22.0
PlayerVaults 3.3.1 by  for API(s) 3.0.0
PointAPI 1.0.3 by onebone | Moded by LamPocketVN for API(s) 3.9.0
PremiumAccount 1.0.0 by YTBJero for API(s) 3.0.0
PureChat 1.4.11 by 64FF00 for API(s) 3.0.0
PureEntitiesX 0.7.0 by milk0417, RevivalPMMP for API(s) 3.19.0
PurePerms 1.4.3 by 64FF00 & ProjectInfinity for API(s) 3.0.0
RandomBlock1 2.0.0 by Edit By Nờ Cờ Dờ for API(s) 3.0.0
RebirthUI 3.0.0 by YTBJero [Edit by NCD, Ghast, CurlliestDrake66] for API(s) 3.0.0
RedSkyBlock 3.1.1 by RedCraftPE for API(s) 3.0.0
Report 1.3 by ImNotYourDev for API(s) 3.7.0
SEnchant 1.0.0 by NamVN for API(s) 3.0.0
ScoreHud 4.0.0 by JackMD for API(s) 3.0.0
SeasonPass 2.0.0 by TungstenVn for API(s) 3.0.0
Shield 1.1.0 by JavierLeon9966 for API(s) 3.7.0
ShopGem 1.0.0 by YTBJero for API(s) 3.0.0
Shulkerbox 1.1.2 by UltraFlappy for API(s) 3.0.0
Slapper 1.6.2 by jojoe77777 for API(s) 3.0.0, 4.0.0
SlapperCache 2.0.1 by jojoe77777 for API(s) 3.0.0-ALPHA11, 3.0.0-ALPHA12, 3.0.0
SlapperRotation 1.2.1 by jojoe77777 for API(s) 3.0.0
Specter 0.9 by Falkirks for API(s) 3.14, 3.15, 3.16, 3.17, 3.18
StaffMute 1.0.0 by YTBJero for API(s) 3.0.0
StaffTable 0.4 by GigantLeyKey for API(s) 3.0.0
Teleporter 1 by Dannly for API(s) 3.4.0
TimeCommander 2.2 by Zeao for API(s) 3.0.0
TradeGui 1.2.3 by Only FurkanGM for API(s) 3.11.0
TradeNPC 1.0.0 by alvin0319 && FunkaDev for API(s) 3.0.0
VQ 1.0.0 by YTBJero for API(s) 3.0.0
VanillaBlocks 1.0.7 by xSuper for API(s) 3.0.0
VanillaEnchantments 4.0.0 by TheAz928 for API(s) 3.0.0, 3.1.0
Wolfies-FloatingText 1.3.5 by  for API(s) 3.0.0
essentialsTP 1.2.2 by  for API(s) 3.0.0
fly 1 by IDontKnow for API(s) 3.0.0
iProtector 3.1.1 by LDX for API(s) 3.0.0

----------------------REPORT THE DATA BELOW THIS LINE-----------------------

===BEGIN CRASH DUMP===
eNrNfQt32ziy5l/BqPfMJLuWLFJv92Y3jmwn7tiOxlYed4ZzciASlBDzNXzIVub2f98qAKQA2m1J
jrp7c063xSJY+D6gUCg8CP6n4cdpSPOvS5ZmPI4aR92DRs5D1jiy+p1eu9vtdLutXn/YbQ8PGkUi
b3VbnVF3NOiOuv3RoDfAWyxN47Rx9J9GvkogReP06+n19YfrxkEjZFlG5yibppTnxGn8QpecpRcs
jkajft9xTu9zFnnMexPE7m3mODP86ziTgLpsEQceS8WTToNEcU78uIg80OvzAJUmQTHnUXb4iUY8
CKjUcZil7uH9TZGwtHZjJv8cRy5nUX7CZinPxC3QGPAIebd/PVBav/JoGQdLFkJSyMrjKXPzRnkX
JIZuuOHGHsNCsODe//6/ySIBmQ2/4U8H/kQUCiMBVkRicxxDgWKe/QzJu/KpHvwpMkaeWWSoqa9U
JJCC5SFwrJKLp6dxHEyh0jDt4LfT3sQB9zDN8JE0PGeh40wBIvNQH6YbSQZWG/66Ac0y8rDQCRM8
MiK0k/9geiw7Av8wj8f4WKpArY5KmBSzgLvELyI3BxMmX7+6cZTlaeHmL3iUk/8RspySV6T9Ep/q
qqdEXj11IdTQFMAdHemP69Vz7mVHR8dX4/PTq+nXk9M31+c3B1L3Adi04kYkOafxUkDtK/2/4sVA
4R7+Bu45y99AOeXXLONZTiOXvXh5RPwgpmhz1kgDbrc14CnLizQilt1u/9wA281TKLTG0T//ddCY
s4ilNECTRNuDhyai1i6h1pqXE9A0oxlbN/5Gp2X3Wm2UFzzwGkd22+ocNHj21WPLxpFPg4yB+adx
HrsxqO0OLMiEY+Pwu8PZoN3pdTqs7TKvy4a+P2KWNXR7PusMhyPXpb7dYaC7UFg+88iL7zJyNSV5
Ec2jebFikd3sZpxY7VabCAzE6nZGHfKiTHzDUoBLAFj/JTm+POl3sUFCSztqDFvtFpjPQeM72BRc
d8truP01zjDH86urKQjExR00YWyyYRJnLP0a8FlKU84yLC3qLYBhyg6/ZXHUhDTKBVgtq2W/9l3b
H4DrG/lt2u3Snt+buTa1Z/1222sP+rbP2mwwZANQ71FASwF6eOjSIJhR97a5pGDsNEd/CWVxG8V3
0Wv1F8FW7epwxiOaroqcB4gXyLSszus2nTEoUChhe9i3+rbl233bHYyoTTtefzTyhhSg+V1T1aOZ
W1BAndf97mA4QE/e789cSgesNxz27K7Nhj3X7rh2j0Ed9qhdU4hNGmwTmqbCZr/GzmBkD7t2t9+z
odZm1mBIOwMolkHHsjqg2x2NLGtmagriudBgt6zXw057BiVqu/6oz3ywJ8gZCfe7nbYN5tO2O5ZL
u6MHGppJvkgZ9cqC6rxm3cGAuX6fubbV9T2v27V6jFoe7cDFyBt0Zj6UFqOmKugLFwpN/zVk2hu4
s6FrQfGOhr1RfzCYdUd9OhgOvdnItn2v5/pux1QRzfKSz/D1yB/aANgb+FAnrjeivX6fdbuzfsft
+taQDvq9AWXDWuGufzbDpGqWr3doY5qylN6CbctyAUzWa0jGur3hbDjzPdZhXc/3ZlDWbr838t3B
bOAzuz/ruTULyqI4/s5U8fZeD9qzHhuMOgPa7g8HQ8/r2BbtWMCWzQZ9r9e3R0Pfdr2akiQQGrpg
Lf1ZG+i4/tDtUp9aA6szckfUmkHFWDOIN3ody2NW32r8WnXIom0eu9y7pjz6xF0w45Xm3Op3Dhpr
z4Z+gBb5Ik5ByT8b/zV98wtL4wY4SZpwlHSgMbTxmkV0FjBwINAHgLfzWIJdlHSoWexD/6UJQioC
AeouHeeSCo+CjQI97Yeb6ecP1xcnILpjswz6SOwAgMtxlPPzKGdpRIP3HEIPjUH91hMUfuEzfr8v
AkKZ49Tz343UFJyryWUq3O2aAtiOSeLYo6HVb4/2xUNlWsd9Mz2+nn6cPI4aApY38X0duZI+if5q
fkHDT1cGeGv0fPRKn6wHhcBxLqSX3VAJ0A0vilkL+qrDEpYi+CnmXo2dEBm2BY26bZI74zOWztHN
j/mSu/uqoTfgpvPFlN7yaB6s3oguThJGUOtfm/gu8jzJjg4PNd6PqT6s9GFpJAmDjpBivPXxXC8T
84ZZMu16yTzmPGx7Q5E0zmCkdTxB5acQYcbhSl5MipSNFyLGw58TloZZ44nyU5k7Di34Ds2zEEHm
uxjCap23LjZZ262eyfoGQqLbUe8HXY5J/jxajlOaLc6kJ1MUM5UTchT4FogPTMNEuwXpPD5jzDD+
UvSEY327gCicXMXxbG9eSeW6S33BE/y+jpzf/wnAsWPYBTdUag03SkxHCq601qh+gegUoKfeouDZ
vvB/A6VRqRTNKY9hTI+WVILaitENC4IaJSF6qneGNnpAxkW6z6rIINPd6uLLpIb7y2ST38eKuDzZ
W2AhtMkS/zLZDvwjrl2qOVQMgNwbGumBk7h8YGKPu+0D2VBEOzlovKfci8kvMYMxt1lZtvV82pWX
ngGw7avsDcsh+PoU59CD6ex0sc4SOp2WbbKc3vEsB7Q/5qUnfD5fjYssj8PTyF3QKM80B53LPICd
ALYUwBynBnMzW5xXGYOtaUxL0YMuuAl5UZPqLYtWc3juQRtrHl9M3h0LD6NfW7Vru7x+diyj0Kqp
NIl7O9oTlmd13kJWb50dk7NI+C5O+fc4wsRX7L7IRna/t7cg1MhBMUNk2waiFcWbiCcsrZNUUp0m
NLVNNG9oBFnnS/LidfkTp/PGi5RnzUnKQwZ38G+RXXx6aTbjnY3/cjUJ4rzxdJFIHjsVSswDaBlj
WgReGkdG9ddv1c3fboJ7Avy1kCzhLtuXp85QmeO4JQbg+RDVrn5bIPwi2KfwqAt+1zQJTWpyrkWf
p8s4uAHk+xuGVBkDUQPFE2PGkuHd3V2LASLU3spvBT+crWQpjtqMmtXF9QhbOrWuyXT8nbmLyeUJ
W+IDn/g9v31ndsdW//m8XdSehB5oB/ctweUIDkrBhLprVWu4Dw1VonDi6IIWRrlIiekHHgy1jsO3
lyZ36O+eSX22Q+z0plhd1yIMJdkQZOBMNthRtIz2ZalrjVhFAkT1Y0sqX93QM6kIyRPh61Rl+mlv
NKRGzHf7WhiH3g2E72Yvogk3jNPfxTkMJfN664Eqe27jCb1MZu04BozNTEQodRxAY9O9gyE2Azvr
9/V/es5AxsTxPA8olfwCI6wbsUZbp7m+U29DNQ94BfHm8T/MTrz3A7NqQl1JskLx7LGIglcxvlnE
iTGbZIh1rrgiVZ9VoUG+mvB7FoDj/L6v2jW1ltQloqXtOPhrG+ZAPENVCapqzSmSPjn9xFPBpyJc
ieod3MAkm8RzXC2EcO7D2d7iFqnUcZYCguNA16Z+abA2zAOfXLAlC86zgBp2a4g3OJurebFyCou5
vYiMnaLd9rvRnJzQaEFeXI1PXu5E15wlK2cOn5w5xsXTcRzNMUegbiLf6J/gKRdCvTOahjp/TfpE
Z3HNXZp68SUP4qwzxMZ8Ekf5NC7cxSX7UvO+g+fXtKEVOK7RGRdb8WXLeqRWiWojsG59hL1eQydT
RkOTXucH6CkAQGYNZQtXrLmmNbTDSgewPaXZahyHIRgDzqD43JjOeuxu3dhHZhF8o1kc3a2iyGrv
b6quUuk4j0DaPmrQ2o5GUm9Qa2691qBevXHEZvDfvngpdY7DJALQCfx0NNsSujCdky6thQ5/MCV0
MhWniy09jppWMjrOtcyMEPomnY9ys8SHdG+M1hqBRwliB4uTj3ziyWN0pHhLRj5I4iJ12X9fv0nC
MMH9ebG3f55WRVTA24Errg7zXF93r0RP9BG4/A9cGAHzINmCR5bV6Rq0fmDKqlTuOKG/PZOzm/Fb
jYW43HIKeU/VUc0SY947AOdYgPoEcSkx4dfC6hnkT0c9e7g3n62yBfxV/hsCLXNNq76etWWJ2/Y+
inyXZa0yAtOgV6u5ekfZqUeF3+JvMRvgv731k5VG4CBBVD+2pXIe0jnLanVhyJ+uFSPisVrdZ7fb
4t8Zhu7o5LjI29+lVt6OJ2PoezQSpaQ2DjHr5DzC7ZV5sJrSB5VyIMZoz64cXqrOKbByqQtgoHbG
xwrVNgMueCxhrWUkGF6OT1iOu441jpXsz5i/mYeuJ3LfoZpYaHSL8voJ8J8hbh1D1xSxoGOPevti
8BY3KW8Nmvt5uZ27xF2Knh4J7tmkpjSaxmhFmP0Yst+BQ8GybLpgV0U4M6bQajfMOdgHC8I3NAjj
6OR0j5MTQh9QMnBsT+xdnMtN+2tKlai+flabb8mKdEkjlt/F6e2zh+RPraKgfsdZxLnaOK8B22qi
Se10bAlFLUB6+FOpTFAv5Bhfp16KnrFt6Qeqscx2h2pbJaw2c1SJzBFMLTxeUHeBm7ryGH9Z9aXO
znMp1PRCZSk4619bOm2cdArcdNXKVjnLRLV5NFvMYpp6h8j9PPLjN3Gsm2wlqtXbk97kmUwv0yse
faPt9tBxuMoXF/jirZYQ9G1aOv61dId4ofsDcb6KF3i0dDFnES1svwALgG8YMxmgYEO7Mdei97X+
aC4pSyS7kHnPWAJPsai2CdqUP2VajfeLmL6lMHiaT/bnFgyljmPA2d5VvGeAMjJoCcETUcNxwO7f
pHxvAU+pz3HoJU3TFb7EttV83PJWzMVReP7r1xkiQkLcvdUbv7x+gs4qn33bo7dW6hznFjPeoSKg
ImO/3tvq0j9ul/37D292AZ6f+r4ZOq9lf9aos0KwPRF0CZ/jNPD0yWpNWAt4auHOYn8NYp3n9ktn
OD3tJsuolceJJOPeMu88Z6FBphJu2A7wezWKNQL991a1U7i3uvuV13/SNFKAmW9vWZc3Cb0z9iGV
EjMas3/fpWiVKeCucn/eAvQlva82K2qcNGl9fbJWL19YFCcLHnB3tS9ymkqsmAqKcbFVZbGoeGuM
o0vJH+zLltwNIecdzAxST1heQ46SP3bAUjWTMAHwFYTN+HnExHKqzqCSbeDwe03EoEZgocHYhoc5
+FKCOoPatHGywIEe3dvehPHF8YnYfSaz38GOCvqercwmUIpqHD69I01y/Ua9qG/O/s1YlIZta190
Sn3AYw1mKy48f8CF5x8fTin369OXPkujIrP2yGGtUoQou6wHAexJzKMHXEphfbt6/W2D95NPV+TF
L/SWriaiuj5dvdzbyweoXFTMTnymBW7xqROqpE8EvGcFDBSAC7dGI3tvqyy6UsGmhLILqyDn8t15
8bKZzsy8U+9N7Mf3N/7Glvv1lnr5t/+j059lfp0duYpAtU5TCs321d96F+74H3jsSLEq8qy45fD7
lgac35pTAnZ7T3tzQwR8h4CxyjXwP7IvV1OEBbUapzTXJ0RKyYNOjbx58PbFJ57S28vxYDAc7svS
lUogLHFUP7aq9lVtWKEET79/HC1wwoLSvQWzKzmK2NZYrwDrDZ4Jc83CeGnM0j+4tSHU+H1e3Kqj
2IVaki+YQUgINsSrtUnZg/3vqH4w7SuBlX+34sYgYcqNxrOWbRhmfGZp/r3glt3ZF6O1RiBRwnj2
Bte1tsM1JyQdH3tALOcZFJ4+xKrd+LMmV0wYOxhqfEaD4ISG4pwqjZUmfnIi9QRDcNwKfsVmewzL
amqR4BrRLvTeQRMyXUspqruU2mtYlzTPF3d3e3OOUh0Skfmvf21HZDoxSEwnDwjUdhzTu+90b/CF
MseJ4jx5dtuSgIDMB99/Z27oKyUbNvPRYMmjdsfa25kZlULHAQgLsZlP/dimVj6k7K04ZyqPdRMz
xE/2wfseYJb6gIWGYZe1lcn4FJfGxC557ewsTbqh3RyDz3S56eKsTa8u/dZLt7+5QCEzcRwNmHHx
DPNUOg81LWL5cvJu0qy9BV+JNmz6vxSLdo+PF0a1N3J/9zd2EfA7Gu3wDtLksvmGUdd8X1MT1se3
1h+7U3omYOC71yWczYxgpI2Dc51PKfqTZuSSZIcKeaSVaEweuWtWUbfeWE8oPPS2WO3tDepSITTG
h2geFT6jpZaZHD6iTjbZgK5YepNTs3w06Z8Vp2kYdqh28dAnCiPYh3yU2Fw96jyxC6H945sQEpHz
UuRccqpwbKaDzc3cUlqJNnQuavs9+W9yGXvMI7MVuaChfPWjdhjVaA+b/BOEJd5a0ABu2OY7SVnI
i/DYdePCdDTmjT/W3SQ7TANWxzJp2NcnNemou/KQSQ12v3t21t7N3T919lPjjIpzj7KJOLzkC1vy
uMgmp81Srp1U8FXmDXWlwK5/PcPHCFDqgN1KjSqc0yjnOWfZl1oJreWmexnUKzfkwW27a2G0cA2U
ljSYXF5O9uaEU6kT36EAGwZgTAGTJVLC3PkVKw3rocn3V/0EL7NQpKxuN53HzIb8lUA9f2Nufh75
XLxWsSfzN2xDINJ+7sE6pB4ohWtx4KnYHWJpBWGINywLnHo8J29W5ApfqfQ8fKNS/D2Rf/dVJBqk
7V3DNZvxNF8Y6wNr2YYdDMqlkX8KhuC6r8YnB0QcSCSOiwoCsKX8JKW3rN//1954Mh65NI1ovssh
ZNfMu7ld1ff+6NL6zuH6i6HMG6fUzyen+yNSanQcDYjjaJC24JXEaW5QEoLawltt2S28ivP/iov0
hC0NNoNnHK50zwI8uCibxic8c+PU01y4nhGSRGjl323Y3agoUONXiTa9w/zgNMsfqKoreZTltsZ2
g+ctvyv0CZFKVH+H/g+Z+C5z34ECw5HZhGa6+9eEG3ze77tVYI1D/70VrQVnxlqaEmw8R04/s36n
JlNNhT1ZTeaR+BJU+Xc7XnHy1lgxKiV/yij4q7uY72BriyK4ZenMOLhWE9YrpzaJ+DHIU3oW0CTZ
W3ihqcRaEEjE+bVbU8JnjWnqUlJfsbW3fsnuB1efMwng2bO9a2SHJZc10TF1jeUxQ7xpWuk3Kf/Q
zFlV4k9NoWkwd67c6zgXh+w+pF3d2bB4tv83KmsAduCUQJRuGqySmEOf2uEJZzS45Wlt34DVFRVk
9eSfvvwzkH+GOwYYfBxHeRoHH/VDdSU0aJoVxs0Ec+r7l4WxyrmW/bFeErPcoWoQ5VScmFeDPlXH
6D3xovRbPodg6YKt3rO9eccM894e/5QFIuAzrEsTPrEH6YRGUWDi/oFXbtZ5Os4YAqKtwPOQqdM7
TPyG/Mk9xv9gdG+Wc3HyBT9Oo+X9bH8OqpqX48npoUkFOafUY28LrtMtRXWPVhtZfIDqImdFekuj
+mF31g/tGhMKgTri2MH0MPnVZFxngqINTb5aSSR//Sswim5pfbD0I8GsArE9k09/1zjAxR/rsD79
fQekxoekNNC1D0w9udYtPyq1L/i/8YmqOqJtqakRKH5H5xGCxt0No73pgh1/H9nDR2I9+fLyc/e1
SyjbublHfEOJ6/AxTlAQn+PA5yxrnuEXnXg0n7J7fYz+6O36VuDe77GggTmfsMjqdBxHz31782VZ
hrOrNMiMDRqGuO4E7d+Dip6j49Ty30jDD/Q3efDqiW72HE8jex/Fe9tdchbs8OoOn6QxnsJgbLnQ
hBsm5qAf22vvus75x7tWjYX48g9NgR3EH7Wz15qXk1aykEe2Z2L7citJcbOUmNU/avw0qa4IhMM+
nxP8ZKCTOtFPNzQnH9yc2B1iW0ft/pFlk//VHhC7bVuYIKDRvKBz9opFc7wO49x7hWf60UFf/gmc
otO22kRe+QX8tQdd+H9nNhL/p2SdvjvqOIXltdv4u+NWqeyRj/8f+uQR3QKIJNbEAOyVNbI6Ngrv
FlCIzYBn+as2XkO8FxeRy5pyRbIJAzPO5FcLs1cwnkE9+GJVM5EFC1YhHwzpvXome9UREpyUDGOP
yft+nILWShZDAAtSKHMPp8bK62SZqFw87vvcLYJ89UoAnZd7b5oZy9GrZK9E6eK2tiba7Cvxwtda
ljHmaUnwW5Kvzi6OpyiSttn8d8HSVZm1kqUuMFIi/N1KaJbdxan36n+Kf1BERR43M7pkCumSs7um
pz6z92qIovtZfN/EJlJqkmUGvjwEB2IKw3hWSYwPXLVWIX7g6ieCjYC4wuyKVAwrhfURKFJi2DBY
I4GeI2OkLCNCU0byBSNxBKabL8BWXazinMwY4ZEbFLjoC+ofWD3quolDeNJHBXWdGfXZAYlxQ2eG
KsksZfSWrOIiVboI9wlUNYeOCHOAWsYvXoJfAsVX7K5Sd+gxX6x0k7s4+ltOcPxMU4KlHAJZ/Njc
ChHmC55J3ncLFpEimUMMBwpaToS2LZUdOREhP31eiJ2mJI8hl8gjoIJkeSrA5ymNsgDXLuRtARUC
EAqKoTwDlovywjMYXEZw31ogSjBEzdKIyxZ9RMRHDPFGtihyL8balF8oPSJOQ31dUKC+JylrfouB
Bjj5v/zlL05DAD0OgviOYOsDbESd1kGWnJK/o2liGmGjTXXriKAzFY+eCnNVz4iD0LAdEahAXxy0
jstBqmQxvbLu6raG/afPEGGAgUAxU88DoJmsDSxlKP9bEjKaFanwAchmxhA0lBX7d0EDLMU5X0La
JQ0KRl6oTMH/vUTtMkdoV2Lk14RamM9ZegS3Rd7ytBY0suNsFblTmt0SPE4FzKolEnzMoKbQ0kum
mGyRxuCmoDIheXZAxJsNRHkIaB4HBL/ECESw0xJlA70FysIiAoPCJFL5jaht4ARGl8b30DpzBsUA
lIQhRxU4LFsF6NxH08U0aKIHhOd/g+LLU/GYPM5IWFDtYfICOOB3SG1RLIJGUzE9EqrqpkuFcaRF
FGF1enL/rqgEcdR61iIwIFK/ScjnC2jbeJDFgd4WleFgiaRpkeRSKgsMCyYEbIqXqFxoo+IDlZ5s
H3QZcw9gP44AbQRtLoaCButqaYYGiZsyUWVp0EeA709Xso2+DeIZWA9GAkTKoR2EPMemHrI5nYmz
T8iNLOq2KFyeoW7x+BRr7Y6LkhcWBW34rikVlUaWCYY+FwcFEobnRqAaP2WszFIaOdRWga2WzGOo
KHwxQVgFZjQXMJsC2hFpIwvIXXhk+ZHI/+8ZYGj1FH7sgn8Mf5bHiYCgvGkFSanLCLgP7EaZVwHC
XOuohAf4LJqEApf9bQ/wRKMQeNBdELdI8eO80MzZPXML4XljiVc2R+y4qtTs3oU4IlvTkV7rw/T0
iEzfnd+Qi/PL8yk5nkwuzk9vyOT0mkCE+v70+oBAIjL9AKlOyed3Hy5OyeT6w/j05qZVb/+PFsYE
TwwSXTP64AzpuQsmvLEoi8rPWlDsEBx4wq2IJE18y0l6WKEKJ3B5BL4ZDAnZ/padSfuCiBC7wgiT
qcyEZqkEvO7ah8vOSOQh5p2wxxcPtB6mRjNQQwKotIS5GBjIckW4slblsxUHsCyWZGuqnbbimr18
HJJi3lHM5zSdQaNounEQyFhV+J7HS1e0MoSjniLqKXDbIY0KEYboSCBEK8ACXx6U3UHdBEsjlD2r
OKhD8g3Xra9FPkh3L80d4oi4CLwKC4f+4y4ia/yZVCyOk/KAaL/dVlwhtzPhJx70j8J0pIaKm5/G
YdnPyqdViqZumHoNIxtVkw9sgzxiUoZ13JShoyvXEkSAogzZK8JExlkymCPqRhNvlPV1gonUAwK7
gFkygCvo4aGp00cKGPpr6PMghyUYWZYVDN1CvoBam5dxJ/orzG2N6qCsSBkeqPCyJdFg0t8sJxwH
uYsius1K7GOaoJSHRQjdK87xknK0gBVJ5KhJoliXK7YXVZSixTy0MQi7E4VIZNjEeLiA/rZb1dhJ
LG/VbRrDIvR5Ur9MXDYhqUsl1JmJoKHp4lJdxe0EoIgwBSJHLD1AJ2MLqSWhODoh8hnJcM0OHlPl
KfmUOWPidaCLBRjggEDpfVrVU3boROqoviPVQUBUht+DF9HljObuQgThAjIETGBCqosRvk2OgdRd
2bHMWBVnyp7tJ72WylvoVtNVjsoPSNPSKlBUnsi4mZdgwG33+sprr0NYMYTF6NGTzHFUI2J8fBiE
ClaLvIMwEGzplYjryHjy8QCeBQwzaF933AOzF2GC9J6V/qbQf0T6ZcS9DsYzUTpa2hY59sBRLWjg
H+LGYTFC8BjYsMoKMiU4X4MGpjXEdaenKdNHIaf36NUwuqRBiyCIj5NoUsbZ66EgDiMQ1B10mvhg
kURJU13XBjaXqtVl/Dur6hMj8rIacUqvjJYgYpfmoXWt3ZEtH3rZIhP1TEDTuXiAqjGpsgWRo5/S
OVKAOoFiy5JAxCs40ISBf4CNnaZYT+OA44yKGDmnMI5iWU4upx8F0gwoIe1ZkRMcqYuqXGcnxxWt
0teEedHEp44EWrRyj82K+VE5Vvk/xMIxiorUFtBUxX2iBqqZHFqjJUdZLDsuZQ0WKpPOSWobL+I4
E8PvcojCykGo8GAezSnJ6LL0lDhHUs4j4T1t9ArAxLSgDFjUzASOj+U4WEwj/Y18mcX3aPUpOT8h
L758PD95CZzB5AEDpL8Dd5+kcgczGAYOXVIYt7TW8R9YQiySiMKOwNK/vLko9athjSb5m8gMJ5NE
pwnRB45vRTcsuMXlPInqQoxpHpEt3OP+qnlfcE8zRApxCng3RvPSbwJ/cfegHAGI0aNCCnYDMacI
yaLYDXhCxLNgNpd0BSaDo0h8fVoNyLFLU/2A8MXN8p7MMlt7wHJiTJ8rmYrJDmnveHQyzWVliLTK
uItMTbq4+FFk6evUM035zBFJIEha8gCzkX5c+SiVC3ZENJpXY4QIHwvq/eFBmcqYU3t0fkrW8nGI
W//FIFv0ubJFY1GqOsYOFl2UmIoAO8TfooeEh69Ff6k9LIhHTA59Z0wqm8mj5sVknejiFqXBCxsX
c3hGzyvpY0YVfXBEhNahAhdXdB2EQaf2GMr24zBpip8cIrRsdwC2fBj/Vmg6ojHjxECzSMCAWabZ
pIudqshIzP7qbfNEZCZOic2EB8LyZCnWNMTquMmZKHZETaSUPbh4xqAO+prEJj+ReYq7BaviWU/W
VCXUelhEyjfdUS6GaeAnYRQj6yaJkyIojVFdYFcm0iiP2BH+UET4zUR5MexM0DFBb6diZzGfK6en
jlQvjrNpYtQoxbITVPWFZ9RX8xzeutzQ3pt4pHNNVDU3U5wsEjw7VasRaGVNuZZRpVzEWDMCSgtf
PmjxWCAGT7YKcdyT4TajDBhma+g4mFP3yfq+oCC8GJ3PUxg/y4kyNasmJw/ylIqaM/gJfNCCP5x8
OMJZTOXzZdeHTuGOyeCaQtO5EzlmAviagJC1tJlt6GmrkpemKSvnQaFChcr7ypigk4+aqqvSY0Qh
j/Wig7A7QjvRZq0OwD8mC3pA8IgW0T/nVRgGrtdnKYTaTVceFn6k7pbdlewsqDELppbFtP61gJAT
unLhxUpnoRSKmpf3yzwe1LTkqld1zsO1r1YdMCrF9NgS0DVjzaLDxAzF9J56qJzKba0zUHf0HMrS
fLqLV25b1q5sFdrEidIB6nNVnuUUyUIJhcfAUY4KnJXHwOlmGJt4InLkfqUIhh9ARC41oAcqZw6k
jwN9ykWWPRsNOM3UsAQiSRomQXmFMQ9gVHV1VFaavAd2i7NXR+SfIliB/vNATGf9C5WKEce6m9SX
QAQNDBxT7qlZg3J9SkwHPNZjiQ5d9NCZCJDFaBPP0AGsqrvV4ct8BQb5k+CKFvYKsvda53hEcF3r
yP55cNAb3VsHnfvOgf2z9bOHAZFo5y/ylDHxltyrYVu6YnnV7b2UUZ5cXtAH67KFY98CZaxm0kTo
IabCoNbcFS6qFG5epKVTLkcoabUwITwO6IGuyhXrQFlZYM1yUQNsQYazP50JVyOyEukNJYWIFKTk
qyZpithSC/riRIxv2T04vkwN7txbHB5kYiADJTLjEJivZBAn0iFf8b2FQHYjss1IlkI/BCNp5asb
Bw12n7Mo4+pNbrHL46gxxL21uDo+cyEmWugSXF+KPJoasjj86sV5hMcZalJcqTQERRro1544Zml9
7fNAbO1bS+Zhol8uoPvQrzm0sqUu+JaJtf3qOpzJ1TJdhqEY4Pd0WeKatK+Zr2YXjCeF389MEUQo
oS65mVwYCFbZvwM80KL8RapbeXzLIujeDcYrKtZKbbXF9ztP5Fb1kdiO+T3gMz01XN6HZpnGiMZu
tzuWZeMW28nJB4OpF38VSOpCEHGzOqC5R1lmJLzh2KC/XBoUawjgEofJJi0Q3uGBOYYwUZOF6mPX
FvRICHhhGte6t/0qgqki5/iFOjwxQ2xv4vMZjyie9i20YDEJH+TNRCL58Rk3XSV5rAS2tDWGYYth
bd6DmuNGZYsi6hjFnWlfuIFxWyFc8ryQ9lVC/AfGYR8mrtzaXj7966//D86bogk=
===END CRASH DUMP===
