PocketMine-MP Crash Dump Sun Nov 21 11:16:07 +07 2021

Error: pocketmine\Server::unloadLevel(): Argument #1 ($level) must be of type pocketmine\level\Level, null given, called in C:\Users\tungnguyen\Desktop\Servers\AcidIsland\plugins\226-NichiSkyBlock\src\BaliGamerz\SkyBlock\island\IslandManager.php on line 261
File: pmsrc/src/pocketmine/Server
Line: 914
Type: TypeError

A PLUGIN WAS INVOLVED IN THIS CRASH
BAD PLUGIN: NichiSkyBlock v17 Official Release

Code:
[905] 			}
[906] 		}
[907] 
[908] 		return null;
[909] 	}
[910] 
[911] 	/**
[912] 	 * @throws \InvalidStateException
[913] 	 */
[914] 	public function unloadLevel(Level $level, bool $forceUnload = false) : bool{
[915] 		if($level === $this->getDefaultLevel() and !$forceUnload){
[916] 			throw new \InvalidStateException("The default world cannot be unloaded while running, please switch worlds.");
[917] 		}
[918] 
[919] 		return $level->unload($forceUnload);
[920] 	}
[921] 
[922] 	/**
[923] 	 * @internal
[924] 	 */

Backtrace:
#0 plugins/226-NichiSkyBlock/src/BaliGamerz/SkyBlock/island/IslandManager(261): pocketmine\Server->unloadLevel(NULL )
#1 plugins/226-NichiSkyBlock/src/BaliGamerz/SkyBlock/EventListener(138): BaliGamerz\SkyBlock\island\IslandManager->unloadByPlayer(object JackMD\NameSpaceRemover\CustomPlayer)
#2 pmsrc/src/pocketmine/plugin/MethodEventExecutor(42): BaliGamerz\SkyBlock\EventListener->onLeave(object pocketmine\event\player\PlayerQuitEvent)
#3 pmsrc/src/pocketmine/plugin/RegisteredListener(80): pocketmine\plugin\MethodEventExecutor->execute(object BaliGamerz\SkyBlock\EventListener, object pocketmine\event\player\PlayerQuitEvent)
#4 pmsrc/src/pocketmine/event/Event(88): pocketmine\plugin\RegisteredListener->callEvent(object pocketmine\event\player\PlayerQuitEvent)
#5 pmsrc/src/pocketmine/Player(3713): pocketmine\event\Event->call()
#6 plugins/AntiInternalKick_dev-4/src/Jibix/AntiInternalKick/utils/ModifiedRakLib(101): pocketmine\Player->close(object pocketmine\lang\TranslationContainer, string[17] client disconnect)
#7 pmsrc/vendor/pocketmine/raklib/src/server/ServerHandler(127): Jibix\AntiInternalKick\utils\ModifiedRakLib->closeSession(string[19] 123.17.155.13 39066, string[17] client disconnect)
#8 plugins/AntiInternalKick_dev-4/src/Jibix/AntiInternalKick/utils/ModifiedRakLib(88): raklib\server\ServerHandler->handlePacket()
#9 plugins/AntiInternalKick_dev-4/src/Jibix/AntiInternalKick/utils/ModifiedRakLib(78): Jibix\AntiInternalKick\utils\ModifiedRakLib->process()
#10 pmsrc/vendor/pocketmine/snooze/src/SleeperHandler(113): Jibix\AntiInternalKick\utils\ModifiedRakLib->Jibix\AntiInternalKick\utils\{closure}()
#11 pmsrc/vendor/pocketmine/snooze/src/SleeperHandler(75): pocketmine\snooze\SleeperHandler->processNotifications()
#12 pmsrc/src/pocketmine/Server(2155): pocketmine\snooze\SleeperHandler->sleepUntil(double 1637468167.9839)
#13 pmsrc/src/pocketmine/Server(1992): pocketmine\Server->tickProcessor()
#14 pmsrc/src/pocketmine/Server(1586): pocketmine\Server->start()
#15 pmsrc/src/pocketmine/PocketMine(314): pocketmine\Server->__construct(object BaseClassLoader, object pocketmine\utils\MainLogger, string[47] C:\Users\tungnguyen\Desktop\Servers\AcidIsland\, string[55] C:\Users\tungnguyen\Desktop\Servers\AcidIsland\plugins\)
#16 pmsrc/src/pocketmine/PocketMine(344): pocketmine\server()
#17 pmsrc(11): require(string[102] phar://C:/Users/tungnguyen/Desktop/Servers/AcidIsland/PocketMine-MP.phar/src/poc)

PocketMine-MP version: 3.25.0 [Protocol 471]
Git commit: f48b703533e0ced4e8ff9e118c5fe3889ccaf23e
uname -a: Windows NT tungnguyen2-8si 10.0 build 14393 (Windows Server 2016) AMD64
PHP Version: 8.0.11
Zend version: 4.0.11
OS : WINNT, win
Composer libraries: 
- adhocore/json-comment 1.1.2@fc2f76979f0a44a5f5bc2a2b600d0762fe0e78e7
- daverandom/callback-validator unknown@unknown
- pocketmine/binaryutils 0.1.13@0abee38d4e2861621f262c79a2a3d699d8a697f4
- pocketmine/callback-validator 1.0.3@64787469766bcaa7e5885242e85c23c25e8c55a2
- pocketmine/classloader 0.1.2@9757928424652393b178a3760073113aa7c9911b
- pocketmine/log 0.2.1@830b44a2cf96ef703c550abe64302f230231ca49
- pocketmine/log-pthreads 0.1.3@e477ecf6ec214fdd4415ea1da3fdd9d73bf699ea
- pocketmine/math 0.2.6@43057cb8c179a9859677b496a788db922fd5cfc3
- pocketmine/nbt 0.2.18@9f82ca4d7f97fcd9a566e44b63c4f18a7657ae82
- pocketmine/pocketmine-mp 3.25.0@f48b703533e0ced4e8ff9e118c5fe3889ccaf23e
- pocketmine/raklib 0.12.11@9cce458b8bfde3e4dfdbf70c659fc7b7fe26b5c4
- pocketmine/snooze 0.1.5@70b5e7937a06878dd321a3182ceb76d56298f2cd
- pocketmine/spl 0.4.2@6b08b7cf8c4afa17139c9a1b3bf1b408531de161

Loaded plugins:
AddGems 1 by  for API(s) 3.0.0
AlwaysNight 0.0.1 by YTBJero for API(s) 3.0.0
AntiInternalKick 1 by Jibix for API(s) 3.0.0
AntiTNT 0.1 by Adam1609 for API(s) 3.0.0
AntiToolbox 1.0 by FaigerSYS for API(s) 3.0.0-ALPHA4, 3.0.0-ALPHA5, 3.0.0-ALPHA6, 3.0.0-ALPHA7, 3.0.0-ALPHA8, 3.0.0-ALPHA9, 3.0.0-ALPHA10, 3.0.0-ALPHA11, 3.0.0-ALPHA12, 3.0.0, 4.0.0
AuctionHouse 1.2.5 by Shock95x for API(s) 3.0.0
AutoClearLagg 3.1.0 by Twisted for API(s) 3.0.0
AutoFeed 1 by Ghast Noob for API(s) 3.0.0
AutoFix 1 by Ghast Noob for API(s) 3.0.0
AutoInv 0.0.10 by JackNoordhuis for API(s) 3.0.0
AutoSell 1 by Jero, Cur for API(s) 3.0.0
AutoXP 1.1.0 by JackMD for API(s) 3.0.0
Badge 1.0.0 by YTBJero for API(s) 3.0.0
BanItem 2.3.3 by LDX for API(s) 3.0.0
Bank 0.0.1 by YTBJero, GhastNoob, Kaido Joestar for API(s) 3.21.0
BetterVoting 2.0.2 by Twisted for API(s) 3.0.0
BlockCMD 1.0.0-beta by kenygamer for API(s) 3.0.0-ALPHA10, 3.0.0-ALPHA11, 3.0.0-ALPHA12, 3.0.0
BlockSniper 3.2.3 by BlockHorizons, Sandertv (@Sandertv), Chris-Prime (@PrimusLV) for API(s) 3.2.0
BossAnnouncement 2.0.4 by XenialDan for API(s) 3.13
Boss_Quai 2.1 by phuongaz for API(s) 3.0.0
Broadcaster 1.5 by EvolSoft for API(s) 3.0.0
BuilderTools 1.2.0-beta4 by CzechPMDevs, VixikHD for API(s) 3.16.0
BurgerSellWands 1.0.1 by Heisenburger69 for API(s) 3.0.0
BurgerSpawners 0.1.4 by Heisenburger69 for API(s) 3.0.0
BuyKey 1.0.0 by  for API(s) 3.0.0
Buy_cmd 1 by TungstenVn for API(s) 3.0.0
ChoDenUI 3.5 by BlackPMFury for API(s) 3.0.0, 3.2.0
CmdSnooper 1.0.0 by HotshotHD for API(s) 3.1.1
CoinAPI 2.0.9 by onebone | Edit By SenKai Official for API(s) 3.0.0
Command 1.1.2 by PIG for API(s) 3.0.0
CrateVH 1.1 by PIG for API(s) 3.0.0
Crossbow 1 by SonsaYT for API(s) 3.0.5
CustomAlerts 2.1 by EvolSoft for API(s) 3.0.0
CustomPrivateTalkCMD 1.0.0 by YTBJero for API(s) 3.0.0
CustomWing 1.5 by YTEsDev for API(s) 3.0.0
DEVirion 1.2.7 by poggit, SOFe for API(s) 3.0.0
DLevelIsland 1.0.0 by Nguyễn Công Danh (NCD) for API(s) 3.0.0
DancingFarm 1 by RicardoMilos384, DontTouchMeXD for API(s) 3.17.0
DanhHieu 3.0.0 by padreon for API(s) 3.0.0
DevTools 1.14.2 by PocketMine Team for API(s) 3.13.0
EasyCommandAutofill 1.0.9 by jasonwynn10 for API(s) 3.0.0
EconomyAPI 5.7.3 by onebone for API(s) 3.0.0
Enchanted_Item 1.0.0 by Panda for API(s) 3.0.0, 4.0.0
Eternity 1 by minefore and shin1134 for API(s) 3.9.0
ExtendedBlocks 1.3.0 by Javier Leon9966 for API(s) 3.14.0
Fishing 0.4 by benda95280 for API(s) 3.0.0
Fix 0.0.1 by YTBJero for API(s) 3.22.0
FormAPI 1.3.0 by jojoe77777 for API(s) 3.2.0
FormImagesFix 0.0.1 by  for API(s) 3.11.4
GCPClan 1.2 by InstantlyTa for API(s) 3.0.0, 4.0.0
GMCDetect 1 by TungstenVn for API(s) 3.0.0
GemUI 1 by WoolChannel3295 for API(s) 3.0.0
GuessTheNumber 3.1.0 by SalmonDE for API(s) 3.0.0
Hyperion 2.6 by hachkingtohach1 for API(s) 3.19.3
InvCrashFix 0.0.1 by  for API(s) 3.14.0
InvSee 1.0.0 by BlockHorizons for API(s) 3.0.0
KeepInventory 1.0 by KhoaGamingPro for API(s) 3.0.0
KeepYourXp 1.1.1 by ArasakaID for API(s) 3.0.0
KingofBlock 1 by YTBJero for API(s) 3.0.0
KitUI 1.3.5 by Infernus101 for API(s) 3.4.0
LoadWorlds 1.1 by shin for API(s) 3.0.0
LockWorld 0.0.1 by YTBJero for API(s) 3.0.0
LockedItem 3.0.1 by ytbjero for API(s) 3.0.0
MSpawns 2.2 by EvolSoft for API(s) 3.0.0
MaxEnchants 1.2.1 by Xenophilicy for API(s) 3.0.0
MenuAuto 1.0.0 by JeroGamingYT for API(s) 3.0.0
Minion 1.0.4 by phuongaz for API(s) 3.0.0
MonsterGate 1.2 by K27 for API(s) 3.0.0
MuaDanhHieu 3.5 by BlackPMFury for API(s) 3.0.0, 3.2.0
MuaPointUI 2.0.0 by JKPVN (JakayPluginVN) for API(s) 3.0.0
MultiServerChat 0.0.2 by tungsten for API(s) 3.0.0-ALPHA12, 3.0.0, 3.0.6, 4.0.0
MultiWorld 1.6.0-beta5 by CzechPMDevs, VixikCZ, fuyutsuki, kaliiks for API(s) 3.20.0
MyItem 0.1 by AnhKhoaaa for API(s) 3.0.0
NGVS_Khoe 1.0.0 by NguyenDongQuy for API(s) 3.0.0
NVSSP 0.2.1 by YTBJero for API(s) 3.15.4
NameSpaceRemover 1.0.0 by JackMD for API(s) 3.0.0
Napthe 0.0.1 by hachkingtohach1,tungstenvn for API(s) 3.0.0
Netherite 1.2.1 by Wertzui123 for API(s) 3.0.0
NichiSkyBlock 17 Official Release by BaliGamerz\MadeAja for API(s) 3.0.0
NoAdvertisings 0.0.3 by YTBJero for API(s) 3.0.0
NoFallDamage 1.0 by DeveloperNeb101 for API(s) 3.0.0
NoPvPArea 0.0.1 by author_name for API(s) 3.0.0
NoTP 1.0.7 by awzaw for API(s) 3.0.0
OffHand 2.1.2 by alvin0319 for API(s) 3.0.0
OnlineTOP 1.0.1 by HMMMM for API(s) 3.0.0
OreCore 1.01 by  for API(s) 3.0.0
OreGenerator 0.1 by phuongaz for API(s) 3.0.0
PCEBookShop 1.0.3 by Aericio for API(s) 3.11.2
PHP-Sell 1.2.7 by Muqsit for API(s) 3.0.0-ALPHA9, 3.0.0-ALPHA10, 3.0.0-ALPHA11, 3.0.0-ALPHA12, 3.0.0
PM-Beacons 2.0.1 by jasonwynn10 for API(s) 3.0.0
PiggyCrates 2.0.9 by DaPigGuy for API(s) 3.2.0
PiggyCustomEnchants 2.4.3 by DaPigGuy for API(s) 3.19.0
PlayerVaults 3.3.1 by  for API(s) 3.0.0
PureChat 1.4.11 by 64FF00 for API(s) 3.0.0
PureEntitiesX 0.7.0 by milk0417, RevivalPMMP for API(s) 3.19.0
PurePerms 1.4.3 by 64FF00 & ProjectInfinity for API(s) 3.0.0
QuyenVipUI 1.2 by NightBlackDM for API(s) 3.1.1
RankShopSystem 1.0.0 by zZPROGAMERZz423 | §eFor issues report by §2Visiting GitHub.com/zZPROGAMERZz423 for API(s) 3.0.0
Report 1.3 by ImNotYourDev for API(s) 3.7.0
SETVIP 2.3 by MCPEVN TEAM for API(s) 3.0.0
SeasonPass 2.0.0 by TungstenVn for API(s) 3.0.0
Shield 1.1.0 by JavierLeon9966 for API(s) 3.7.0
ShinPickaxeLevel 6.0.0 by shin for API(s) 3.0.0
ShopGem 1.0.0 by YTBJero for API(s) 3.0.0
ShopPoint 1 by S2TwKen for API(s) 3.0.0
Shulkerbox 1.1.2 by UltraFlappy for API(s) 3.0.0
SizePlayer 1.0.3 by  for API(s) 3.0.0
SkillAnimate 1.0.1 by Tungsten for API(s) 3.0.0
Slapper 1.6.2 by jojoe77777 for API(s) 3.0.0, 4.0.0
SlapperRotation 1.2.0 by jojoe77777 for API(s) 3.0.1
SpawnerGUI 1 by DandierSmile122 for API(s) 3.0.0
StaffMute 1.0.0 by YTBJero for API(s) 3.0.0
StaffTable 0.4 by GigantLeyKey for API(s) 3.0.0
TableSpoon 1.0.0 by CortexPE, Xenophilicy, HyperFlareMC for API(s) 3.0.0
TimeCommander 2.2 by Zeao for API(s) 3.0.0
TokoThirstBar 1.1 by Rand for API(s) 3.0.0, 4.0.0
TopLeaderboard 1.0.0 by YTBJero for API(s) 3.0.0
TopLeaderboardCoin 1.0.0 by YTBJero for API(s) 3.0.0
TopLeaderboardGem 1.0.0 by YTBJero for API(s) 3.0.0
TopLeaderboardIs 1.0.0 by YTBJero for API(s) 3.0.0
TopVoter 3.2.0 by SalmonDE for API(s) 3.0.0
TradeNPC 1.0.0 by alvin0319 && FunkaDev for API(s) 3.0.0
Trident 1.0.0 by brokiem for API(s) 3.15.0
VanillaEnchantments 4.0.0 by TheAz928 for API(s) 3.0.0, 3.1.0
Wolfies-FloatingText 1.3.5 by  for API(s) 3.0.0
WorldProtect 2.3.8 by aliuly for API(s) 3.0.0
essentialsTP 1.2.2 by  for API(s) 3.0.0
fly 1 by IDontKnow for API(s) 3.0.0
iProtector 3.1.1 by LDX for API(s) 3.0.0
reyyogaWtrhit 1.1.6 by reyyogaMnelux for API(s) 3.0.0, 4.0.0

----------------------REPORT THE DATA BELOW THIS LINE-----------------------

===BEGIN CRASH DUMP===
eNrtfQtz28ix7l+ZcE8lcq5IEeBbKW9Z1sNWLMmMST+ywZZrCAxJWCDA4EGJztn/frt7BuAMRIuk
TGdv3VpvJSIaQM/XPT39GAwG/6mMo3jG088LESd+FFaOm4eV1J+JyrHVbnSa7a7V7tR63Xav2T2s
ZHN5qtOo9eo9q9PtdWy72bTbh5WAJ+l5HEdx5fg/lXQ5h6sqQ/gjaYeVmUgSPkHqPHJvRTrzQ+E4
AxFDw8fHWRhE3LsSCxEcPDtmJ/Ekm4kwZT9Z7OB/AiQ/Y7MsSdlIsGjMkD/T+dAljkMMDlmYBQGb
+AsRHjKXB4HwmB+y02PHeZ+AmI6TZuEknGRLETrOmUhu02ieY4GzJ67vXSYBDz3HmQfZxA+BaNvt
6o3vTv3B7fJlAE07ThK7jvOSB/4rPhPxV+BQnPLV7ZLNNQ9B9Lg2n85ZFLIAIDO7bYFWxoD0wg9I
LVMeHx8dnR4fEcijFcYjBfFIITxaATzqkxKugWP1ul9DHkcA62ilG3UTto3tqbZmeNHaC+EixFc5
7lloCTF34fe/Kj/VmVLF0QNNEKOVHo4KutTCkaGEAxAcevihEVR/1o3g5v3VFXsGYMACdm/4HLo+
vfKTVITQotXoQos7dFQO5eWyH/AlcIhGX4Sbsr9z9/b6zHFugM1gDpp5J2YRQHecU7DNaCavJtQ2
W6tjKcrRtUinkUcoz++Fm6VRfNC0vwnSEKf6cxReCb4QOSpdlQKvRKtFII4jAf0j81NiQcgajyJ7
JybYTiy8Qn3deqm/5KWOs0aK6s+CfhXgthDokD1NkOZ6QehOaQEH3e43oD8Us/ozegp529PwtNbj
USbU6FiNEhjFkzjI5g+IUbuw+JMw9S9DwBny4I3v3n72xKLapBb+7o/8+wcXHGWpHyRH15Hnj33h
veO3V/7owKqXh5wEBY0GUbLWkGA0TBxnGPMQBkYKgeE0ClPuU3claeyHk39ZnV+ZG/jopj0/caMw
BCYkQEdpAgTzolhXRsxvA39EAiQ06pXXeQ2DL8ChancAKckGfrgknOOQdGB4hnhKigEEGMB5kKPr
/cosu1GzOjWr1apZDdbo1dvtLdB3961+skIpOQQNkjd3ekru6s9T+tHnqClpBb19w+h0n6DaeRy5
oFgJyap/s2OTMIq+CsI0CISYa11Kdr9ru5uu/w/2eRaL3xQy6wnIOq3SqJCXQt8Y1xVKuIlSwOjS
cMg18g0/L3v3wAbT27KNBI/fg7jBgRdlo0AwI/9q9GR7jUfbs3o9+xvBNQXt9aUcEGwks+bjzFrd
9jeYJSmPlZla33J7RWJy0LCa3+Dz+TMMPBiQmZuuAkYiTiGZTK4gAH8jOOQ2A/7oKppMNJ/UhFH9
pDyv4NBq/fqdmaJUS3uzWppltUjfoPSqnCiMH/Qe4t+ZH4vCudXtX9m+E8ZnlV9/O6yIP3L4XXP4
nXJqULHE89kPF1GwEKgjuN0PPehgN63k54FmYIUTbuQJ7JpevQVnnRT/+w3oENjUsTzqwBH96Cpy
LNIsDkmnf6MTPTpBV1t1dbVlEfHor3+lI5uO2F/Zi3QaR3cJA02EC9CUN0h5Ks7vXTFHT0gXN9TF
R3TUpKM5eDHfZeMsdPE6ptsH/T+TVnHIRlEEB1CIuuI9XcSeszEPEvGMHdPJ/xDbXGh/rOyJPX/+
nP1POvWT6s8TkZ6JMc+CVFkgg05jf9K5PpNs2oXuSDAWirtvyXbgVIZTwTzJmN1FceCBNYZhRFYs
JQLLvJuCDbA4C0MYnYcQuAV4MZbc+ak7lXclNafyjHRvdfS+srq59ntmX0kJ80rkwJCD+Nj1VR/a
luJi23of2o2iD30VRIncLHrrtz9KvD9KvD9KvD9KvD9KvD9KvD9KvD9KvD9KvP/PS7zDygRjIWSC
UEiEHJ/mVIwbANkIOmj1QKjSqNmtWh3pmR94lWO7bjUOK36CTqpyTIk6FC1xlEZuBGybHQsa8bGo
GTe7o0690Wo0RN0VXlN0x+OesKyu2xqLRrfbc10+thsCeGcKy0cohLDauBmylbR2tZv4zKrX6oww
MKvZ6DXYQX6xVAIDYO1n7OT6rN3EMmo6B37dWr1mYZn2FdwGHDfzYzj9OUqwxcubmyEQ6ODOD6nQ
ms0h3sSfwZ/HPPZFgtri3hQkjMXRlyQKq3CNKt2smlWzX4xde9xp9zq9cZ03m7w1bo1cm9ujdr3u
1TtteyzqotMVHWDvQWoHYdeLZkeYEowgJFSp+uAp1t6gi9swugtfqL8IdmVeIz/k8ZLGB1wKwkDg
e1HnIwEKBQ3b3bbVtq2x3bbdTo/bvOG1ez2vywHauGmyWtu4BQpqvGg3O11wTb1Ouz1yOe+IVrfb
spu26LZcu+HaLQF92OJ2iSGOaqqJYoXNftHrtDo9u9u0m+2WDb02sjpd3uiAWjoNCBzA2+1B7Tky
OQXRhDjYNetFt1EfgUZtd9xrizHYE7SMArebjboN5lO3G5bLm70HHKpzqPAE93JFNV6IZqcj3HFb
uLbVHHtes2m1BLc83oCDntdpjMagLcFNVjOeThWa9gtotNVxR13XAvX2uq1eu9MZNXtt3ul2vRFU
YGOv5Y7dhskiHKW5PN0XvXHXBsBeZwx94no93mq3RbM5ajfc5tjq8k671eGiW1Lu6md1Ni+G5Ysd
xtiDLE3qBTBZL+Ay0Wx1R93R2BMN0fTG3gh07bZbvbHbGXXGwm6PWm7JgmSoU+ptvejURy3R6TU6
vN7udrqe17At3rBAWjHqtL1W2+51x7brlZjMA+LQBGtpj+ogjjvuuk0+5hZk1D23x60RdIw1ata7
rYblCattVX4rJlJobJ543isxSzSnllMOKytPhuOeZ1DSxHDlv8AX8rmPpW8DbL6OvlGEHOIy+AkI
WODUPIjfoaeuTaJxeqYTZpxmaebTLAonHKqf11izQRTBdjFy4bwPDAb0sG8Hw49v312dAelOjBI/
RYhYfp8Ed3yZ3PiTaaqD16i6AHX0XoYQlX8OX/5dxFFlT9Iodo7DQxl+txKilMPpkpRPfbs/KpQR
7kuQb6aXuwg1hMhgyjKkWKH3SEmIE4/PrHa9ty85VKNl3IPhybvh+/561FEUjKL7MnJFNTqA4rqG
/oL7kGwN/jkow6+eXPVfn+Dw1w5b5mHbPOyYh13zsGceWvXSsVU6tvNj+Nv8HoUWIkrjUGoxDjaZ
xzRN5wkkZpDlTLNRDVKBo4Lrkc4HOySj6c/XUZYIvUd0stkldq1ldsoA8o7bXus7h0blHDLxaLY8
6V8C+8twcRrzZHohR5zSTaJaguEv8U0RH+jGRLt57GRpdBoIHl/xycSQWqfrYkMZX7bF4R1O3Hj7
GkipZIeiQaaKIAIAgbKZmHbteQXzJFkG2ez69Mjkp5RxIRCtoQciPeINX015krKbKBrtzZWoVnfw
gXiHf19G7t//DsDRm++CGyy8hBspD6JpyehwAhigx94085N94f8CTMOcqTRAP1xI05OgtpJoIIKg
JBKRHgupEMsP2WkW77MrEmh0t7741C/h/tQvOb0Ho1/OxO8tG1Dz+rLt7cCvGeuSzZGSAIR7yb2J
7tblcSnElkX7USkbNb59x7zk4WUqZgZ6SdHx27VGrWHivzr7tC/swApxU7NP7hVgUr0+7Z8f5fil
cLemZLfbZtKH0oORAzusvOG+F7G/RwJnxAyxbWsPfTYCYDt0mUghlf0QpX6oh1WDbHYelJw/IKpW
+v5kspSPxM5Dd8rDNKmsCbUjArYgYNDPJszN0uKjpFNwApqkOenBEKtCW9wU9VaEywk+mVqfzO6Q
cj6xl3O0IPoK93ZiD0J/LuKy5IpqJk52eXzSpa+j2P8ahVgAD3joiThdsIMX+U+cgDydxn5S7cf+
TMAZ/JslVx+emTa+s2VcL/tBlFZKSsjRKE1IORxHzgBvpZQoSU7CMMpCVy2ZWGmmfKo8Apqmej6J
0OfBGQ8NSa3GU3v5nvh5WDCXoewq4ed/ZNwviSZppkwlz5VPQVT2PqVxksUcQUjRthIjhitcjo9e
dUE0qjl0S7XO+SIKBgBrX6JoDYMMBopHKuk8yNzd3dUEIELutfSW5MMJaBFjhadPNxnkcj0nnVPJ
DE+/Cnfavz4TC7zhg3/v37428x2r/XS5XeQ+n3nAHdywBJciONCCCXXXaKvhPjJYkXJirIIhP/zI
CZGmH/NM2X+XLPq18BMRjuim9m5zKXqd+4iCzBZQKwbAHWKyvHHO70IRrxE5P1GaNSp7pe+QeHcp
FaYnZ1wlsKSF5RuxNKQnwuOp8L4GObW1S5ctP7szz0RLlEdKqWEWTnAhyYdwX50jOWK720M/nUZn
Inx/qWEvSGZa0ConBVC79K8vsnj5AP/hUyL9So4cgOPIXztIM/MGUBibmY5G3FBIvY7SZBqlZbcJ
zuSpXnPmJbJpkEWHsVkSqOjR42hiKEo5G+mZMkShGMH/2P+yc89P2cslG4gQig72djz2XUgs9mVt
qiHHcQEYMAQJC4RbiDeb8dAzxJOUchlfKjf6l6/2JYBqcQfXfBrzVHx4raNWlBLqH4Z5EGXBR5ou
+SULxnw68y++xLsIAFnXKLozJFCkR1zVADJt/s9hSYjW04UgdmAwqu0dBKAS8SSA5EMPjQb50dR2
3/mg3nK+qLPA8bSMUK0Mjf0F2NaQB6WSde3p32mGaB2WXTvzozn3oBEfTez/OTxPIGfcbz9+pHmF
bfGfnX/wY4JXoC9I5ZS9U6qwogkuaYFa+u2F2FuZRUwdZ0EQHAeSdfVLg7Xhed8ZLaaWK390uXTy
BmO7mWRLJ7OE2wrZqZPV6+NmOGFQH0/Zwc3p2bMnZ9+HlYsonm3Iw29ohc8p1JvYIohuIt/cqTx0
wQoueKzPZOrURxzlO9/lsRdd+0GUNLqYkZ9FYTqMMnd6LT6V0orO03va4AoyrtAZB1vKO33ti8wU
VpLMBPBBR8+5F4tob+mrYuc4Qz9NA3Fy9m6HoSgW5Qq6IJVic/NBSlEsV2NDwWelWZzv6CQFAJcB
LkrV8WMhQauLVtCOCh4g7TlPlip7wUcHY994jrPubHnIlpLGLzyJwrtlGFr1/T2jKlg6zhpI2/et
5gE0IXW3sJKtVeuUZy9Vnrr3tFdIBJT5Gmg2CyRnuIX3ufS8pHRig5/tgzb5mtrru1YzFBB26B9c
DeOnerFekB7xlbhWaxzFgl6sSqZ+aFmNpiFO7+li5MwdZzbeQZJ7qMc94dGcsu5LSifMjmk8fNS4
8EXMrsCZ9XrttulQmt/z0BH55mzB6gxU24t54aO69aQrp5hzSqUZpRE0xnstu7s3H6GadZxV+xvS
E3PxQHnhwJbL2Wx7D6nvTusH8rxFg64oG0zpS/QlEh38932PUTS/XHAEGSSI4se2olzO+EQkpb4w
6I/3ijEgcObyqaM8+3eCCS/uOeRT2+NdeuXVaf8U0kJNiJxSyt7NPrkMkxRcZLAc7t37+jnrlINU
LncDfAp0cXqiUG2cV4X0AW6bi9oiJAmvT89Eiq8BazIWtN9jcnIycz1qfYduEjNjflIePwL+I+RJ
pxDFQhE07F5rXxK82nZJAYHORJIMp+Imm42M2cjSiQ1r1gY8mEXh2fne5o8UP8cxcWwv2OvlXJSK
3oJkzry0TVGm3J3egpNPI/xlmVGxV3vy49ISX8fJ4ax+bTlysF4O3HhZS5apSGqhSI88nkxHEdR0
9G6zvshxJb5O3cHvfUcikPs9P1y42DJ5ve2fDAPggRCmBEjYkG+aywD29ajFfJovkewizBsh5nCX
CNMo1lNQk/7oIuU304i/4pAyTvr7myMzmDqOAWf70Ya3/TPK4k/zkmiKWJ4tLy8eB+vgt/xyb+ve
CoZSIoliB3FAHdFY7j+hyaNRH3Hre57EfPP25S7AUyMGyeNy8tYqJwpjKIOyxKqb3u47Rr7GEnoA
QWwvA46pj7R5hCaIRnz0GQbm53tbpFe0uf0DY5wXceeLsJZGcymMe0s8DFly2u/0jsvVx116w70V
XmkCQCOW595KIizT0Zc9iqDYoePNEei/txHomlYB6LaVU8y0wP6xD2RUo9ARRetPewxzze+LpYia
TBq1PMdvPVgXFs2nfuC7y30Jp7FESyugGAdbdZYIM5yJ0yXLSRvSADR1GdgePBF8eqeptrcfPtd+
aCahilAG3/yxK9tOr07OaEmUbH4H/PgWu4hf8VRPxHTqozXoG7uztzhod3AzhaLhXZKv64yveX6g
U3/HNSSngEEtIjmlR0Fb903G+5EfmhFfI5ZXYJQHyJv+hxt28HfIk5Z9eqX0w82zvb14gMxBlIzv
Ik+Q+vKddiiLU0Mo80w5bpasLlWzAt9Y/6y/Uod/2987HZK319hR1nJioBHNUdVWSylbG5dSnv5C
2ysvszTJbnH57C0PfP/WrIPs+p4WWM4QMG30hV2tgf+exZUaI1TUspR7KMLjL6OGU6xrON+b419u
/6YGor559WHwGSDoTnNF2+LBtAjPIAD8I9tbSH6zQwZ+82Ew0N9cksemxu1tklWr9fRJ05NA3L+M
/R1iVXnzMl2C8qlNycMPeQvr4e5q24s2T6eGMUnChgKiNOd0mDuqxd5qpAezWhJY/ncr2QRcGPtG
grGibUheP4o4/Zr5lt3Yl0QrjiBEDuPJK4ZX3I5WMqHQxh6XmuClvS814TvF0kj2TtBWi6UsRduQ
7hoyo5Mve3N/6/e626UmXmkkh4ZKiE48EDD1E7AgvXopnShbeeO/UyabKHYYrNEFD4IzPuPGO5IG
+dGJvjNcCoQrcG/EqDwpU/+uhR46WxRwhWgX8fqL/kksuCFbTtvgkeTPz3TbXp/YoDQKg/ZzO3mG
RrDDw3J4KC2L43df+d2+8BMzxwmjdP5kNyMBgTDgIl6bS+JySmm5aTln5sHCD+sNa2+vYBQMHQcg
TGknMfVjm155G+LewcO3etesaJteo7mGf/tbSRPQHmbbjo+3sTiNYn3k55QS6h+yLY9qa5fqGG55
RZujpVFsol6RH023f9x7eDqGXUTqn56/jKLbwTTSH0jo1LIFlWLKCURq1y9lszhoHl0E+o3Xg7+Z
4spGHEcDZhw8wRMonkcaF3om2H/dr5Y2UihIGxYBX9NjvPXF9NO3s3nqk2EA/JqcybbjsX9dfSk4
bseoy74ilqdJrP/umsMRwcC3xHM4myUiM8NXOgyRNOqGl2/OOFz8qlRc2nt+Gz5vBCx6hcw4eIJ5
50yPNDZHK52YWMq6Mc+aOmqWPcBaHVnfsdavrA8DzVri9+vHYCf1RPsjf8CN3Q0F6WRzMrRR+yGB
Kl8cIDeeXlDL+fbNBY7NQyGDeGdOFhYk06015f6XWg+3mxcX9d0GNTHvi3i2xq9XLjjtFpX0aTON
T2LhR1nSP6/mdG1sfJZtg7wK7OrXEzqdQKktlQs2SjnnYeqnvkg+lTS0opuhvVMuRmZ+cFtvWhgT
3oFICx70r6/7exsVseQ5n80g9M0BmFDApEZymDsvSdewHpnyKsXIXjSVImllu2msMxv2Zwb9jBv4
XoZjnxYR72lgGLZBiLSfe7AOyQe08A+cZvzgz43nBxrx0Sc7tEkjPRg5u97Xa6gfLvu4UQbxdJwc
xEYf8I6HlOcMlok5VVw6sWHO7+sv/XdvX51cn7/75WvTbrD/ZfhSEO+IiyhmfpJkImGxmEdxykZL
dc7+4AMQP5ywV376Wim8xGh3B6PcwGq16yNeZ6U9U9rt86N3JJOuNkkorRoprRmZ3UQpLqspv9vW
eUIWcS8C3K8mGUZnuGF97GmeUm8Iv26A0PK/20g3OB+CWWnSKUJpr6dSxnvaP/9ww4bnJ3urIiVL
3GE7BcPeCrnANLHPE91LacQNj/d+1NJY5Ihi5Dj031uJNfWF8dRLETbui6a/VLCTyRVTIDu8syBB
5X+3lCvs++4tvxf0Kp8poXlKl7X9sOv2uYip3Pb2fgF9ySvDn+aU3+Ut3s/udLIbeHoOXoIvaY+9
Q24P796IPapftbkL9Cy4FbG5k61G3LDzwPsgjflFwOfzvWUkGkscEYTkZbTDGwwD/6uQmb0u0or4
+GTMvroC27uSX7lZ/d4K/q0fBCehPzNXwRjkDTOSw28sSfheX4zPY1YozKOtRMNeNbtFUcorEOyt
3vjZw8sliQTw5LnwFbKjXJaVoO+ilL5y8lDg4syDXay2FPzJaW8JwA7DSu5n9MpI4DXiI27uDOIh
BLwBVHfCsu3dctRVYlra6+nR2Q9qcAfhUj4eX2fmiCto/90QhE3uiHyIrZShS+Kjby++8ic8TK8E
7SK1J/gJtr09fkI5mEfGKNGIG3R/Cpm5uO+f0xzIammpeiUHwkgsrk9/yErTFUb99+a3NYf+TKjX
vg1XaNIfXR78i+DRXjeHNdr+/i1iTVFQ5ug2Gk79OElfckNmg/7oWvt3Kqfep/OPaWofQWxlqdH8
SuAzIXr3yZDCOPE7bTujQdhh9BnQca+qb8pFJ39/2RDGU+UzC4yH535/6XZ6ndIU4DL5pmyXye8l
WhnHTsJ9iMz9TQtSeWveH/J+qNoCBVusrHtXNEez+rWVWDFo46Z/qouVkzb0UbHGgf35z+wiC2/5
Hrd6ykHs0EGx75l7BOeUDXKM4ujWF7Py2s0nQ1f88DOb1L7j9K9XUDbK8YGHUMVw9dwKNxTWB9K6
s7p8zTVzYVNx8rVnd9eu3v+O7cwXEgpuKRiLp3xDQ+E6WicTKOJjFIx9kVQvgDHOMg/Fvd67a08/
/rLfvhZJQstnIrQaDcfRW9/eVmmBdz+OSm/9G+Tyfvzd8ujzs2C5v/VKyM1xaDn7XCLY5utDa7r1
OvPjMc4b6h8vy795msYCP62Gr7EcGdLiV+iTBB9/8SAxlqQZ5HJ5av+I/tVbdJxS+xv7dhzobzjj
0SOV6CVuEvYmjPa2nu4i2OHFZV9p31j5pBHL+x5YP/aTEKuWvz/l16QAQWOxXEYT/jGNp74+4Ex6
eW6xtDeCuvg6FEF2v/fUXzIHGNa2/Ycfw+MxCJKK8h5p+TdAaU6C3hyqwaCe43JeXDVT+alfHLHT
KBz7Ezb2A+HETvjTgON3fBbMajCrd9yqH9sd9n/qHWbXbQsvkPyq+AjqudWzGrZG9OfPcdkr/IfE
WZR6z+WjQlf+CSDjoh8efVwVrrkDiUU18JP0ORSuQOBqJ/2qXBpR5e7UFwvaWD9RlyQ441JVXgq6
67nVpub4vbopeW4TAHyuNos88ZyOxlEMbAtaNB4jFbTk4Qc+8+P5Yq6a8XxccZ4F6fI5yTjJ1+JV
E5Giz0+eIznABwtVNKjnUOPj47wVNRHC0y5Kl3Px/Oz84uT91RCp0lCq/85EvFSNKlLsglgKEf6u
zXmSgHP2nv+V/oGesjSqJnwh1I0LX9xVPR+3pnHF8y6S7kfRfRUNWF2CH//O+EQ8F+FkpUeO86VB
krcmibNoVFCMDzfWljP8cONPDG2UuWQ7WUxTd2RCDLTMDEMEk2IQ6hPBcrUxHguWTgWLQrC/dAoG
52K3p2wkmB+6QeYJD36wB6aLvAbRDO4cI4Myz4SPxSGL8E2DBFmyUSz4LVtGWax4MX/MZuqb1NhU
FMdgQ+AzgfGNuCvYHXliTMtw2F0U/iVlOEfJY4ZKn4Gw+BHVJSJMp34i5b6bipBl8wnkrcCg5oQ4
KCSzYydk7KePU3oFgqURtBJ6DFiojxODDtQH2QEUnSaoQQTNgKjwS6SkL9z7xBVMflQcKTPkLO06
79xjRh/nxRPJNEu9CHsTYhidcirqq7mE+p7FovoF6lcGAehPf/qTUyGgJ0EQ3TEckvhoX0VutvA5
+wcaKl5DFpsH9WOGfo5uPSfrVffQnnE4tBh0IOgIuY2WTGkWr1fGXpzWsP/0EVJCMBBQM/c8AJrI
3kAt4zev2Uxw/FA4+gWUZiQQNOhK/DvjAWpx4i/g2gUPMsEOVKPgxJ4hd9kiDDN6kl6FXsDPTR/D
aWpbbreDRnaSLEN3yJNbsIP4FsyqRhe8T6Cn0NJzSfGyaRyB64LOhMuTQ0apFFNOA4bHIcMvDMfy
c/akG3DmSJtlofr6uGQ+oN4GmcDo4uienmaAGkAkMuSwAIe6VYAux2i6eA2a6CHz07+A+tKYbpN7
OZEFlW5mByBDBsPIJrWQGFUl6TGxKpsuJ+OIszDE7vTkSxXUCfS9iaTGoAhUv9kMl8kw2v3mUB+L
ynBQI3GczVNJlQpDxcwAm5KLOhfGKH142ZPjgy8i3wPY6xGgjaDNRaBosK6aZmhwcVVelNssRA2I
BvFSDtFXQTQC48EYzSQdhsHMT3Gkz8SEj2jLITaQmq6Tbv0EWdPtQ+y0O58UTwYFQ/iuKhnlNpaQ
gGOftlRkAveaQTZjyIvzJqWNQ2dlOGjZJIJ+whfmyCiwoQnBrBK0Y1ZHKaB1csjy28f/z0uASc9j
+DEofx/+JI3mBEE50wKSYpcw8B4YVIVXAMJWy6jIAXykEaHAJX/ZAzwaE4QHvQVzM4hDuKUcE/fC
zcjxRhKvHI0Yt4qrxb0LeUWyEkc6rbfD82M2fH05YFeX15dDdtLvX12eD1j//B2D/PHN+btDBhex
4Vu46px9fP326pz13709PR8MauXhv1YZfdyoiyIzuuAExXOngpwx6aJwsxaoHXIDj7wKXVLFxcrS
wRIryDpBSnDNYEgo7bfsTNoXZIkYCUO8TDVGnCUTcLorF56Pa2jjLUYPDPh0Q+3h1WgGKlmHTpsL
F/MCqVeEK3tV3lvIAJYl5slK1EZdyZo8Ww9JSd5Qkk94PIJBUXWjIJDpK/me9dqlUYZw1F1M3QVe
e8bDjLIQHQlkaBlY4LPDPBqUTTA3QhlYx2PgJeWdrUZfjb2V3l6aO6QRURZ4BRYfwsddyFb4E8mY
dnHzQNB2va5khdYuyE88CI9kOpJDIds4jmZ5mJV3qyuqumHqPYzSqJ58YBtsjUkZ1jHIM0fsshha
QjNUhuxls7lMs2Qux9SJKp7I++sML1I3EHaCmUsARxDgYajzNQqGcA0hD1pYiHxx5R0UsdBrkzzt
RH+Fra1QHeYdKbMDlV3WJBq89Jt6wsrInWbhbZJjP+VzpPqzbAbRFR+Lsbx2wI5kso6SKFZ6xfGi
VEkj5qGNQdY9V4iowSqmwxmE22bRY2eRPFW2acyK0OdJ/vLifAhJXupCXTLKGaouFImikO0MoFCW
Aokjag/QydRCcplzLE6YvEdKuJIOblP6lPLkLePFqzwXFYgf+835Ps7qMTt0wlCk2GHHKkBAUjaN
AplcjnjqTikHJ8iQL4EJqRBDvk2WQOqsDCwjUaSZMrL9pPdSfgrdarxMkfkhq1paB1LnUcPVNAcD
brvVVl57lcFSSYvJoyclx6KGUny8GYgKVo29hiwQbOk5pXXstP/+EO4FDCMYX3e+B2ZPaYL0ngX/
KvE/Zu084V7l4glpR7u2xk48cFRTHoyP8LM6VCB4AmxYNQWNMpxNQQPTBuIq6GnM9CLk/B69GiaX
PKgxBPG+H/bzNHtVCdK6aAB1hw874cZsHs6r6rhU11yrUZf4X0XRn5iQ592Is415tgQJuzQPLbQ2
e7a86VmN9dU9AceVKFhKq5JU2QK1OI75BEWAPgG1JfOA8hWsM6HuD3Cw8xj76TTwcZKFCucYyiiR
pOx6+J6QJiASij3KUoaFOnXlqjlZVtRyXzNLsyredUxo0co9Mcomx3mp8jOzsERRmdoUhiqdZ6pO
TWRljZYcJpEMXMoaLGQmnZPkdjqNooSq77xCEXkNSh7M4ylnCV/knhJnTPKpJTynFa8AjCbsZMKi
JiawPJZlME0s/YV9GkX3aPUxuzxjB5/eX549A5nB5AEDXH8H7n4ey7dfwDCwcomhbKmt8j+whIgu
IWWHYOmfXl7l/FVVo1H+Qo3h9BIFTcg+sLylMEyyRfk0iQoh2qTPeEzNwjl/vKzeZ76nGSKHPAW8
m+Bp7jdBfjp7mFcAVDwqpGA3kHNSShZGbuDPGd0LZnPNl2AyWETith6qHseQpuIA+eJqfk42qdVf
+USZPlUypLkOae+4bTRPZWfQtcq4s0TNubgwklPp69Q9VXnPMZtDkrTwA2xG+nHlo1QrGIh4OClq
hBBvC8rx8DC/yphhWzs9JXv5ZBZlOITHMuCoEY2qVH2MARZdFM1EgB3ib4qQcPM7ipfazSR4KGTl
OxKS2Uhuyk9zdRTiprnBk43TFJ4ReaX42FAhPjgixstQQRaXQgcTENTWoayvh8lj4AT2kY87AJvf
jH8LNA0azDgvUM3mHr7AqNmki0GVGqIZYX1snlFjI9pEnzwQ6lPE2NMMl81A+qWkY2oeJY/gdI8h
OvCrMpv9xCYxLuEv1LOaqyk0VHuoIuWb7rh89QX8JFQxsm/m0TwLcmNUBxjK6BrlERvkDynDr86V
F8Nggo4Jop3KnWl2V85OHasojpNpVDVKsgyCqr9wf/5imsNb6Q3tHWKbJ0qkYriZ5PkU0s1xpPUI
jLKqfMxSXDmNsGcISg1fXKv5ESEGT7acYd2T4ErOBCRMVtCxmFPn2eo8iUBejE8mMdTPcp5MTarJ
yYM05tRzhnyED0bw27O3xziJqXy+DH3oFO6ETK45DJ07ajEh4CsBiFbTJrYh0haal6YpO+eBUqFD
5XllTBDkw6oKVXqOSPRIVx2k3SHaiTZpdQj+cT7lhwx3OKP4nBZpGLjesYgh1a66cqP0Y3U2D1cy
WHBjEkw9wtLiawYpJ4Ry8mK5s1AMqefl+byNBz0tZdW7OvVnK1+tAjAyxetxJKBrxp5Fh4kN0uye
uimfya2tGlBn9BZybT4e4pXblr0rR4U2caJ4APtU6TOfIpkqInkMrHJU4qw8Bs42Q23iUebojwtG
UH6AIPJJA3qgfOZA+jjgp1xkHtl44PNElSWQSfLZPMiPMOcBjKqvjvNOk+fAbnH26pj9i5IViJ+H
NJ31KzKlimMVJvUnICQGJo641kTOGuRPrGg6YF3EooBOETqhBJmqTdyCDrCqcKvDl+0SBvmT4RMu
jAoyeq1aPGYXVyfDY/tvncNW7946bNw3Du2/WX/zMCGicX6AawFcdK7Pu3XpiuVRs/VMZnny6YJe
rMsRjrEFdKxm0ij1oKkw6DV3ic9UMjfN4twp5xVKXDyXII8DfCBUufQYKMkVVs2faYAtyHT2pwty
NdQUXW8wyShTkJTPGqVKuaWW9EVzqm/FPTi+RBV37i2WBwkVMqCRkQ+J+VImcXQdykvfmghkGJFj
RkpJ/CEZiQtfXTmsCPzUTOKrvR7kNiyVLi7Oxwf3IxdyoqlOwcdLoYcLYDVaNPvsRSk4Q4OKTy4N
QhYH+rFHL4esjsd+QGvlVpTJbK4fTiF86Mc+jLKFTviS0HP44ng2kg/LdBqmYh6tfV3R5q4p9jsx
VrMLxp3k9xOTBBnKTKcM+lcGgmXy7wB3F8p/seJUGt2KEMK7IfGS06NSW+3b9tWfy3UFPVr1/jXw
R/rVcHg/M3UaIRq7Xm9Ylo17WPTP3hqSetFnQlImAsk3uwOGe5gkxoUDHwf0p2tDxBICOIxptWSJ
eIcbuRnEuZosVAsgLYhICHhqGtcq2n6mZCpLffwaHH0ZG1dQ+JORH3L8QgBxQTWRD/JGdJH88I4b
L+e4JzIRbGlrAtMWw9q8Bz3nG51NKmoY6k60r/tA3ZaRS55k0r5yiL9gHva2T1M+q7t/++3/AshV
0MY=
===END CRASH DUMP===
