PocketMine-MP Crash Dump Sun Nov 28 20:50:42 +07 2021

Error: pocketmine\Server::unloadLevel(): Argument #1 ($level) must be of type pocketmine\level\Level, null given, called in C:\Users\tungnguyen\Desktop\Servers\AcidIsland\plugins\226-NichiSkyBlock\src\BaliGamerz\SkyBlock\island\IslandManager.php on line 261
File: pmsrc/src/pocketmine/Server
Line: 914
Type: TypeError

A PLUGIN WAS INVOLVED IN THIS CRASH
BAD PLUGIN: NichiSkyBlock v17 Official Release

Code:
[905] 			}
[906] 		}
[907] 
[908] 		return null;
[909] 	}
[910] 
[911] 	/**
[912] 	 * @throws \InvalidStateException
[913] 	 */
[914] 	public function unloadLevel(Level $level, bool $forceUnload = false) : bool{
[915] 		if($level === $this->getDefaultLevel() and !$forceUnload){
[916] 			throw new \InvalidStateException("The default world cannot be unloaded while running, please switch worlds.");
[917] 		}
[918] 
[919] 		return $level->unload($forceUnload);
[920] 	}
[921] 
[922] 	/**
[923] 	 * @internal
[924] 	 */

Backtrace:
#0 plugins/226-NichiSkyBlock/src/BaliGamerz/SkyBlock/island/IslandManager(261): pocketmine\Server->unloadLevel(NULL )
#1 plugins/226-NichiSkyBlock/src/BaliGamerz/SkyBlock/EventListener(138): BaliGamerz\SkyBlock\island\IslandManager->unloadByPlayer(object JackMD\NameSpaceRemover\CustomPlayer)
#2 pmsrc/src/pocketmine/plugin/MethodEventExecutor(42): BaliGamerz\SkyBlock\EventListener->onLeave(object pocketmine\event\player\PlayerQuitEvent)
#3 pmsrc/src/pocketmine/plugin/RegisteredListener(80): pocketmine\plugin\MethodEventExecutor->execute(object BaliGamerz\SkyBlock\EventListener, object pocketmine\event\player\PlayerQuitEvent)
#4 pmsrc/src/pocketmine/event/Event(88): pocketmine\plugin\RegisteredListener->callEvent(object pocketmine\event\player\PlayerQuitEvent)
#5 pmsrc/src/pocketmine/Player(3713): pocketmine\event\Event->call()
#6 plugins/AntiInternalKick_dev-4/src/Jibix/AntiInternalKick/utils/ModifiedRakLib(101): pocketmine\Player->close(object pocketmine\lang\TranslationContainer, string[17] client disconnect)
#7 pmsrc/vendor/pocketmine/raklib/src/server/ServerHandler(127): Jibix\AntiInternalKick\utils\ModifiedRakLib->closeSession(string[20] 42.113.104.125 43049, string[17] client disconnect)
#8 plugins/AntiInternalKick_dev-4/src/Jibix/AntiInternalKick/utils/ModifiedRakLib(88): raklib\server\ServerHandler->handlePacket()
#9 plugins/AntiInternalKick_dev-4/src/Jibix/AntiInternalKick/utils/ModifiedRakLib(78): Jibix\AntiInternalKick\utils\ModifiedRakLib->process()
#10 pmsrc/vendor/pocketmine/snooze/src/SleeperHandler(113): Jibix\AntiInternalKick\utils\ModifiedRakLib->Jibix\AntiInternalKick\utils\{closure}()
#11 pmsrc/vendor/pocketmine/snooze/src/SleeperHandler(75): pocketmine\snooze\SleeperHandler->processNotifications()
#12 pmsrc/src/pocketmine/Server(2155): pocketmine\snooze\SleeperHandler->sleepUntil(double 1638107442.4806)
#13 pmsrc/src/pocketmine/Server(1992): pocketmine\Server->tickProcessor()
#14 pmsrc/src/pocketmine/Server(1586): pocketmine\Server->start()
#15 pmsrc/src/pocketmine/PocketMine(314): pocketmine\Server->__construct(object BaseClassLoader, object pocketmine\utils\MainLogger, string[47] C:\Users\tungnguyen\Desktop\Servers\AcidIsland\, string[55] C:\Users\tungnguyen\Desktop\Servers\AcidIsland\plugins\)
#16 pmsrc/src/pocketmine/PocketMine(344): pocketmine\server()
#17 pmsrc(11): require(string[102] phar://C:/Users/tungnguyen/Desktop/Servers/AcidIsland/PocketMine-MP.phar/src/poc)

PocketMine-MP version: 3.25.0 [Protocol 471]
Git commit: f48b703533e0ced4e8ff9e118c5fe3889ccaf23e
uname -a: Windows NT tungnguyen2-8si 10.0 build 14393 (Windows Server 2016) AMD64
PHP Version: 8.0.11
Zend version: 4.0.11
OS : WINNT, win
Composer libraries: 
- adhocore/json-comment 1.1.2@fc2f76979f0a44a5f5bc2a2b600d0762fe0e78e7
- daverandom/callback-validator unknown@unknown
- pocketmine/binaryutils 0.1.13@0abee38d4e2861621f262c79a2a3d699d8a697f4
- pocketmine/callback-validator 1.0.3@64787469766bcaa7e5885242e85c23c25e8c55a2
- pocketmine/classloader 0.1.2@9757928424652393b178a3760073113aa7c9911b
- pocketmine/log 0.2.1@830b44a2cf96ef703c550abe64302f230231ca49
- pocketmine/log-pthreads 0.1.3@e477ecf6ec214fdd4415ea1da3fdd9d73bf699ea
- pocketmine/math 0.2.6@43057cb8c179a9859677b496a788db922fd5cfc3
- pocketmine/nbt 0.2.18@9f82ca4d7f97fcd9a566e44b63c4f18a7657ae82
- pocketmine/pocketmine-mp 3.25.0@f48b703533e0ced4e8ff9e118c5fe3889ccaf23e
- pocketmine/raklib 0.12.11@9cce458b8bfde3e4dfdbf70c659fc7b7fe26b5c4
- pocketmine/snooze 0.1.5@70b5e7937a06878dd321a3182ceb76d56298f2cd
- pocketmine/spl 0.4.2@6b08b7cf8c4afa17139c9a1b3bf1b408531de161

Loaded plugins:
AddGems 1 by  for API(s) 3.0.0
AlwaysNight 0.0.1 by YTBJero for API(s) 3.0.0
AntiInternalKick 1 by Jibix for API(s) 3.0.0
AntiTNT 0.1 by Adam1609 for API(s) 3.0.0
AntiToolbox 1.0 by FaigerSYS for API(s) 3.0.0-ALPHA4, 3.0.0-ALPHA5, 3.0.0-ALPHA6, 3.0.0-ALPHA7, 3.0.0-ALPHA8, 3.0.0-ALPHA9, 3.0.0-ALPHA10, 3.0.0-ALPHA11, 3.0.0-ALPHA12, 3.0.0, 4.0.0
AuctionHouse 1.2.5 by Shock95x for API(s) 3.0.0
AutoClearLagg 3.1.0 by Twisted for API(s) 3.0.0
AutoFeed 1 by Ghast Noob for API(s) 3.0.0
AutoFix 1 by Ghast Noob for API(s) 3.0.0
AutoInv 0.0.10 by JackNoordhuis for API(s) 3.0.0
AutoSell 1 by Jero, Cur for API(s) 3.0.0
AutoXP 1.1.0 by JackMD for API(s) 3.0.0
Badge 1.0.0 by YTBJero for API(s) 3.0.0
BanItem 2.3.3 by LDX for API(s) 3.0.0
BanXuid 0.0.1 by YTBJero for API(s) 3.0.0
Bank 0.0.1 by YTBJero, GhastNoob, Kaido Joestar for API(s) 3.21.0
BetterVoting 2.0.2 by Twisted for API(s) 3.0.0
BlockCMD 1.0.0-beta by kenygamer for API(s) 3.0.0-ALPHA10, 3.0.0-ALPHA11, 3.0.0-ALPHA12, 3.0.0
BlockCountry 0.0.1 by YTBJero for API(s) 3.0.0
BlockSniper 3.2.3 by BlockHorizons, Sandertv (@Sandertv), Chris-Prime (@PrimusLV) for API(s) 3.2.0
Boss_Quai 2.1 by phuongaz for API(s) 3.0.0
Broadcaster 1.5 by EvolSoft for API(s) 3.0.0
BuilderTools 1.2.0-beta4 by CzechPMDevs, VixikHD for API(s) 3.16.0
BurgerSellWands 1.0.1 by Heisenburger69 for API(s) 3.0.0
BurgerSpawners 0.1.4 by Heisenburger69 for API(s) 3.0.0
BuyKey 1.0.0 by  for API(s) 3.0.0
Buy_cmd 1 by TungstenVn for API(s) 3.0.0
ChoDenUI 3.5 by BlackPMFury for API(s) 3.0.0, 3.2.0
CmdSnooper 1.0.0 by HotshotHD for API(s) 3.1.1
CoinAPI 2.0.9 by onebone | Edit By SenKai Official for API(s) 3.0.0
Command 1.1.2 by PIG for API(s) 3.0.0
CrateVH 1.1 by PIG for API(s) 3.0.0
Crossbow 1 by SonsaYT for API(s) 3.0.5
CustomAlerts 2.1 by EvolSoft for API(s) 3.0.0
CustomPrivateTalkCMD 1.0.0 by YTBJero for API(s) 3.0.0
CustomWing 1.5 by YTEsDev for API(s) 3.0.0
DEVirion 1.2.7 by poggit, SOFe for API(s) 3.0.0
DLevelIsland 1.0.0 by Nguyễn Công Danh (NCD) for API(s) 3.0.0
DancingFarm 1 by RicardoMilos384, DontTouchMeXD for API(s) 3.17.0
DanhHieu 3.0.0 by padreon for API(s) 3.0.0
DevTools 1.14.2 by PocketMine Team for API(s) 3.13.0
EasyCommandAutofill 1.0.9 by jasonwynn10 for API(s) 3.0.0
EconomyAPI 5.7.3 by onebone for API(s) 3.0.0
Enchanted_Item 1.0.0 by Panda for API(s) 3.0.0, 4.0.0
Eternity 1 by minefore and shin1134 for API(s) 3.9.0
ExtendedBlocks 1.3.0 by Javier Leon9966 for API(s) 3.14.0
Fishing 0.4 by benda95280 for API(s) 3.0.0
Fix 0.0.1 by YTBJero for API(s) 3.22.0
FormAPI 1.3.0 by jojoe77777 for API(s) 3.2.0
FormImagesFix 0.0.1 by  for API(s) 3.11.4
GCPClan 1.2 by InstantlyTa for API(s) 3.0.0, 4.0.0
GMCDetect 1 by TungstenVn for API(s) 3.0.0
GemUI 1 by WoolChannel3295 for API(s) 3.0.0
GiftCode 0.0.1-Beta1 by YTBJero for API(s) 3.0.0
GuessTheNumber 3.1.0 by SalmonDE for API(s) 3.0.0
Hyperion 2.6 by hachkingtohach1 for API(s) 3.19.3
InvCrashFix 0.0.1 by  for API(s) 3.14.0
InvSee 1.0.0 by BlockHorizons for API(s) 3.0.0
KeepInventory 1.0 by KhoaGamingPro for API(s) 3.0.0
KeepYourXp 1.1.1 by ArasakaID for API(s) 3.0.0
KingofBlock 1 by YTBJero for API(s) 3.0.0
KitUI 1.3.5 by Infernus101 for API(s) 3.4.0
LoadWorlds 1.1 by shin for API(s) 3.0.0
LockWorld 0.0.1 by YTBJero for API(s) 3.0.0
LockedItem 3.0.1 by ytbjero for API(s) 3.0.0
MSpawns 2.2 by EvolSoft for API(s) 3.0.0
MapImageV2 1.1.3 by Fixed fernanACM for API(s) 3.0.0
MaxEnchants 1.2.1 by Xenophilicy for API(s) 3.0.0
MenuAuto 1.0.0 by JeroGamingYT for API(s) 3.0.0
Minion 1.0.4 by phuongaz for API(s) 3.0.0
MonsterGate 1.2 by K27 for API(s) 3.0.0
MuaDanhHieu 3.5 by BlackPMFury for API(s) 3.0.0, 3.2.0
MuaPointUI 2.0.0 by JKPVN (JakayPluginVN) for API(s) 3.0.0
MultiServerChat 0.0.2 by tungsten for API(s) 3.0.0-ALPHA12, 3.0.0, 3.0.6, 4.0.0
MultiWorld 1.6.0-beta5 by CzechPMDevs, VixikCZ, fuyutsuki, kaliiks for API(s) 3.20.0
MyItem 0.1 by AnhKhoaaa for API(s) 3.0.0
NGVS_Khoe 1.0.0 by NguyenDongQuy for API(s) 3.0.0
NGVS_Quest 1 by NguyenDongQuy for API(s) 3.0.0
NVSSP 0.2.1 by YTBJero for API(s) 3.15.4
NV_Mitsuhi_Otake 1 by Nguyen_Dong_Quy for API(s) 3.0.0
NameSpaceRemover 1.0.0 by JackMD for API(s) 3.0.0
Napthe 0.0.1 by hachkingtohach1,tungstenvn for API(s) 3.0.0
Netherite 1.2.1 by Wertzui123 for API(s) 3.0.0
NichiSkyBlock 17 Official Release by BaliGamerz\MadeAja for API(s) 3.0.0
NoAdvertisings 0.0.3 by YTBJero for API(s) 3.0.0
NoFallDamage 1.0 by DeveloperNeb101 for API(s) 3.0.0
NoPvPArea 0.0.1 by author_name for API(s) 3.0.0
NoTP 1.0.7 by awzaw for API(s) 3.0.0
OffHand 2.1.2 by alvin0319 for API(s) 3.0.0
OnlineTOP 1.0.1 by HMMMM for API(s) 3.0.0
OreGenerator 0.1 by phuongaz for API(s) 3.0.0
PCEBookShop 1.0.3 by Aericio for API(s) 3.11.2
PHP-Sell 1.2.7 by Muqsit for API(s) 3.0.0-ALPHA9, 3.0.0-ALPHA10, 3.0.0-ALPHA11, 3.0.0-ALPHA12, 3.0.0
PM-Beacons 2.0.1 by jasonwynn10 for API(s) 3.0.0
PiggyCrates 2.0.9 by DaPigGuy for API(s) 3.2.0
PiggyCustomEnchants 2.4.3 by DaPigGuy for API(s) 3.19.0
PlayerVaults 3.3.1 by  for API(s) 3.0.0
PureChat 1.4.11 by 64FF00 for API(s) 3.0.0
PureEntitiesX 0.7.0 by milk0417, RevivalPMMP for API(s) 3.19.0
PurePerms 1.4.3 by 64FF00 & ProjectInfinity for API(s) 3.0.0
QuyenVipUI 1.2 by NightBlackDM for API(s) 3.1.1
RandomBlock1 2.0.0 by Edit By Nờ Cờ Dờ for API(s) 3.0.0
RankShopSystem 1.0.0 by zZPROGAMERZz423 | §eFor issues report by §2Visiting GitHub.com/zZPROGAMERZz423 for API(s) 3.0.0
Report 1.3 by ImNotYourDev for API(s) 3.7.0
SETVIP 2.3 by MCPEVN TEAM for API(s) 3.0.0
SeasonPass 2.0.0 by TungstenVn for API(s) 3.0.0
Shield 1.1.0 by JavierLeon9966 for API(s) 3.7.0
Shigeootaku 1 by Nguyen_Dong_Quy for API(s) 3.0.0
ShinPickaxeLevel 6.0.0 by shin for API(s) 3.0.0
ShopGem 1.0.0 by YTBJero for API(s) 3.0.0
ShopPoint 1 by S2TwKen for API(s) 3.0.0
Shulkerbox 1.1.2 by UltraFlappy for API(s) 3.0.0
SizePlayer 1.0.3 by  for API(s) 3.0.0
SkillAnimate 1.0.1 by Tungsten for API(s) 3.0.0
Slapper 1.6.2 by jojoe77777 for API(s) 3.0.0, 4.0.0
SlapperRotation 1.2.0 by jojoe77777 for API(s) 3.0.1
SpawnerGUI 1 by DandierSmile122 for API(s) 3.0.0
SpawnerUI 1 by DandierSmile122 for API(s) 3.0.0
StaffMute 1.0.0 by YTBJero for API(s) 3.0.0
StaffTable 0.4 by GigantLeyKey for API(s) 3.0.0
TableSpoon 1.0.0 by CortexPE, Xenophilicy, HyperFlareMC for API(s) 3.0.0
TimeCommander 2.2 by Zeao for API(s) 3.0.0
TokoThirstBar 1.1 by Rand for API(s) 3.0.0, 4.0.0
TopLeaderboard 1.0.0 by YTBJero for API(s) 3.0.0
TopLeaderboardCoin 1.0.0 by YTBJero for API(s) 3.0.0
TopLeaderboardGem 1.0.0 by YTBJero for API(s) 3.0.0
TopLeaderboardIs 1.0.0 by YTBJero for API(s) 3.0.0
TopVoter 3.2.0 by SalmonDE for API(s) 3.0.0
TradeNPC 1.0.0 by alvin0319 && FunkaDev for API(s) 3.0.0
Trident 1.0.0 by brokiem for API(s) 3.15.0
VanillaEnchantments 4.0.0 by TheAz928 for API(s) 3.0.0, 3.1.0
Wolfies-FloatingText 1.3.5 by  for API(s) 3.0.0
WorldProtect 2.3.8 by aliuly for API(s) 3.0.0
essentialsTP 1.2.2 by  for API(s) 3.0.0
fly 1 by IDontKnow for API(s) 3.0.0
iProtector 3.1.1 by LDX for API(s) 3.0.0

----------------------REPORT THE DATA BELOW THIS LINE-----------------------

===BEGIN CRASH DUMP===
eNrtfQtz2ziy7l/B9ZzadfZaski9vZWpOLKdeGM7mlh5zKymXBAJSYgpUsuHbGXP/PfT3QAlgFYs
yVE2p07NTM1YbJKNrxuNfoAg+O+9YRRPeHozE3Eio3DvqHawl8qJ2DtyGtWWU2nWam651mrXW9WD
vWyqTzUbrVq52nLhAseptxy4KeBJehrHUbx39O+9dD6Fy/Z68EfRDvYmIkn4CKnTyLsV6USGot+/
FjG0fHSUhUHE/QsxE8H+syN2HI+yiQhT9pPD9v8rQPIzNsmSlA0Ei4YM+TOTD13S7xODAxZmQcBG
cibCA+bxIBA+kyHrHPX77xOQs99Ps3AUjrK5CPv9E5HcptE0xwJnjz3pnycBD/1+fxpkIxkC0XUb
pSvpjeX17fxlAE33+0ns9fsveSBf8YmIvwCHxSmpb1dsLnkIosfl6XjKopAFAJm5DQe0MgSkZzIg
tYx5fHR42Dk6JJCHS4yHGuKhRni4BHjYJSVcAsfSZbeMPA4B1uFSN/ombBvb021N8KKVF8JFiG/v
qI29msbcg9//3PupwrQqDh9oghgt9XC4oCstHFpK2AfBoYcfGkHpZ9MIrt5fXLBnAAYsYPuGT6Hr
0wuZpCKEFp1qC1rcoqNyKC/n3YDPgUM0+Cy8lP2De7eXJ/3+FbC5noJm3olJBND7/Q7YZjRRVxNq
l63UsRLl8FKk48gnlKf3wsvSKN6vuV8FaYlT+jkKLwSfiRyVqUqBV6LVIpB+XwH6JZMpsSBk1UeR
vRMjbCcW/kJ9rUqhv9Sl/f4KKUo/C/q1ALeBQAfsaYLUVgtCdyoL2G+1vgL9oZiln9FTqNuehqe+
Go82oWrTqRbAaJ7EQTW/T4waC4s/DlN5HgLOkAdvpHd744tZqUYt/EMO5P2DCw6zVAbJ4WXky6EU
/jt+eyEH++ClC00rUNBoECUrDQlGw6jf78U8hIGRQmToRGHKJXVXksYyHP3Taf7OvECim/Zl4kVh
CExIgKbWBAjmR7GpjJjfBnJAAiQ06rXXeQ2DL8Ch6jYBKckGfrggXL9P0oHhWeJpKa4hwADOfY3O
rfzOIHQ5TrXsVGplx62zWrVSa28Av7Vr/ZMZKtEhapDAudfTgpd+HtOPLkdVKTNo7xpGs/UE3U7j
yAPNKkhO5as9m4RR9EUQputAiKnRp2T427a77vp/Y6dnsfhDI3OegKxZLwwLdSn0jXXdQglXUQoY
PRoPuUa+4uhV7+67Tn3TNhI8fg/iBvt+lA0CwawMrNJQ7VUfbc9pt92vRNcUtNdVckC0UcxqjzOr
txpfYZakPNZm6nzN7y0yk/2qU/sKn5sbGHgwIDMvXUaMRHQgm0wuIAJ/JTrkNgMO6SIajQynVINR
/aREb8GhXv/9G1NFpZbGerXUimpRvkHrVXtRGD/oPcS/MhmL3Ls5Ffd3tuuM8dne738c7Ik/k/ht
k/itkmpQscJzI8NZFMwE6ghul6EPHeyle/l5oFlY4YQX+QK7pl2pw9l+iv/+AfR2paGP1VETjuhH
S5NjkWZxSDr9O51o0wm62qnoqx2HiId/+xsduXTE/sZepOM4uksYaCKcgab865Sn4vTeE1P0hHRx
VV98SEc1OpqCF5MeG2ahh9cx0z7o/0xZxQEbRBEcQCnqifd0EXvOhjxIxDN2RCf/TWxzoeVQ2xN7
/vw5+690LJPSzyORnoghz4JUWyCDTmP/z+T6TLFpLHRHgrFQ3H1Ntv3+Xm8smK8Ys7soDnywxjCM
yIqVRGCZd2OwARZnYQij8wACtwAvxpI7mXpjdVdS7u89I907TbOvnFau/bbdV0rCvBTZt+QgPm5l
2Yeuo7m4rtmHbnXRh1IHUSLXFr31x5813p813p813p813p813p813p813p813p813v/1Gu9gb4TB
EFJBqCRCjg909qwbANkAOmj5TGivWnbr5QrSMxn4e0duxake7MkEndTeEWXqULXEURp5EbCtNR1o
RGJVM6y1Bs1KtV6tioon/JpoDYdt4Tgtrz4U1Var7Xl86FYF8M40lo9QCWG5cdVjS2ndUiuRzKmU
K4wwMKdWbVfZfn6xUgIDYI1n7PjypFHDOmo8BX6tcgVCBBx+AbcBx7X8GE7fRAm2eH511QMCHdzJ
kCqtyRQCTnwD/jzmsRQJaov7Y5AwFoefkygswTW6dnPKTtl9MfTcYbPRbraHFV6r8fqwPvBc7g4a
lYpfaTbcoaiIZks0gb0PuR3EXT+aHGJOMICQUKLyg6dYfIMubsPoLnyh/yLYpXkNZMjjOY0PuBSE
KTvVFxU+EKBQ0LDbajgN1xm6DddrtrnLq36j3fZbHKANazarlY07oKDqi0at2WrW4J5GY+Bx3hT1
Vqvu1lzRqntu1XPrAvqwzt0CQxzVVBTFGpv7ot2sN9tuq+bWGnUXem3gNFu82gS1NKsQOIC314bi
c2BzCqIRcYD4/qJVrQxAo643bDfEEOwJWkaBGxDuXTCfilt1PF5rP+BQmkKJJ7ifK6r6QtSaTeEN
G8JzndrQ92s1py644/MqHLT9ZnUwBG0JbrOa8HSs0TReQKP1pjdoeQ6ot92qtxvN5qDWbvBmq+UP
oAQb+nVv6FVtFuEgzeVpvWgPWy4A9ptD6BPPb/N6oyFqtUGj6tWGTos3G/UmF62Ccpc/S5PpYli+
2GKMPUjTlF4wh3oBl4lavTVoDYa+qIqaP/QHoGuvUW8PveagORRuY1D3ChakQp1Wb/1FszKoi2a7
2uSVRqvZ8v2q6/CqA9KKQbPh1xtuuzV0Pb/AZBoQhxpYS2NQAXG8Ycur8SF3IKVue23uDKBjnEGt
0qpXHV84DWfvj8VMCo3NY99/JSaJ4dRyysHe0pPhuOcZ1DQxXPlP8IV8KrH2rYLNV9A3ipBDXAY/
AQELnJoP8Tv09bVJNExPTMKE0zTNdJxF4YhD+fMaizaIItguRi6c+IHBgB727XXv49t3FydAuhOD
RKYIEevv4+COz5MrORqnJniDagpQQe9lCbH3a+/lP0Qc7e1IGs2u3+ehCr8bCVHI4UxJiqe+3h97
lBHuSpCvppfbCNWDyGDL0qNYYfZIQYhjn0+cRqW9Kzl0o0Xc173jd7333dWooygYRPdF5JpqdQDF
dQP9GZeQbF3/el2EXzq+6L4+xuFvHNbtw4Z92LQPW/Zh2z50KoVjp3Ds5sfwt/YtCl2IqIxDq8U6
WGce4zSdJpCYQZYzzgZlSAUOF1wPTT7YIRnNf76OskSYPWKS7S5xy3W7U64h77ht179xaOydQiYe
TebH3XNgfx7OOjFPxmdqxGndJLolGP4K3xjxgW5stOvHTpZGnUDw+IKPRpbUJt0UG4r4oi327nDm
xt/VQEoVOxQNMlUEEQAIlM3GtG3Pa5jHyTzIJpedQ5ufVsaZQLSWHoj0iDd8NeZJyq6iaLAzV6Jb
3cIH4h3yvohc3v8A4OjNt8ENFl7AjZQH0bRgdDgDDNBjf5zJZFf4PwPTMGeqDFCGM2V6CtRGEl2L
ICiIRKTHQirE8gPWyeJddkUCjW7XF5+6BdyfugWn92D0q6n4nWUDemJftb0Z+BVjXbE51BKAcC+5
PzLdujouhNiiaN8rZaPGN++Ylzw8T8XEQq8oJn63XC1XbfwXJ592hR1YIW5q9sm9AkxKl53u6WGO
Xwn3KZO+LRxRflA+rZvfqntubfi3m2I/UD6YXPDB3hsu/Yj9IxI4p2fJ5To7EGwAwLaQSqSQjH+I
UhmaiYFFts0PiubvkBfsdeVoNFdP9U5Db8zDNNlbkSwMCNiMgEEn2jDXS4tPwzrgxgxJc9IDJ1GC
trgt6q0I5yN8uLY6Hd8iaX5iL+doQfQl7g3FjrIwjecPRNfkHzUMDQxbWC3edR3KqYiL8miqncu6
RZdJl76OYvklCnFO4pqHvojTGdt/kf/EOeHOOJZJqRvLiYAz+DdLLj48swft1qZ+Oe8GUbpX6NUc
jdaJkqPfV5PyGyklSpKbXzIuTZUsaPYgLvRuPmeyt/M5mOMs5ggCpIL/byRGDFd4HB8Wm4IYVHuk
Foqz01kUXAOsXYliNAwyWCgeKf3zqHh3d1cWgAi5l9Nbkg9nzEWMJak5P2aRiwWo8kU1W9LOF+GN
u5cnYoY3fJD38va1naA5jafL7SH36cQH7uB1FbgUwYEWbKjbpgcG7kOLFSknxrIdEtqPnBAZ+rHP
FN11waJfC5mIcEA3Nbab/DEL80cUZLeAWrEAbuHM1I1TfheKeIXI+YnCNFe5tjOJt5dSY3pyilgA
S1qYvxFWdFKEx3P3XQ1yamubLpvfeBPfRkuUR2q/XhaOcOnLh3BXnaM4YrubQ++MoxMRvj83sC9I
dtCsF0MmFFvdy7MMkoUi/oOnxMGlHDmAfl/92kKaiX8NlbydBxjENZXf6yhNxlFadJvgTJ7qNSd+
opoGWUwY6yWJZIgexxBDU4rpd9uWIQrFAP5j/81OfZmyl3N2LUKoMdjb4VB6kge7sjbdUL/vATBg
CBIuEG4g3mTCQ98ST1GK8w6F6qJ7/mpXAugWt3DNnZin4sNrE7WmFFB/N8zXURZ8pPmd37JgyMcT
efY53kYAyLoG0Z0lgSY94qquIQ/lv/YKQtSfLgSxA4PRbW8hAFWExwEkH2ZotMiPpra7zgfNlvNl
qAscT8sI9VrWWM7Atno8KFSoK0//oCmtVVi27cyP9lSDQXw0sf+1d5pAzrjbfvxI0wib4j85/SBj
grdAvyAVU/ZmocKKRrgGByrNt2diZ2UWMe33ZwSh34dkXf8yYK15QHlCy7/VUiVTLpO8xtiuRtm8
nznCq4es088qlWEtHLETHo7Z/lXn5NmTs++DvbMonqzJw69oSVIH6k1sEUS3ka/vVB56YAVnPDan
Xk3qI47ynfR47EeXMoiSagsz8pMoTHtR5o0vxadCWtF8ek9bXEHGJTrrYEN5x6+lyGxhFclOAB90
9JT7sYh2lr5qdv1+T6ZpII5P3m0xFMWsWEEvSIXYXHuQUizW17Ge4BO7k6rf0EkaAK5bnBWq48dC
glEXLaEdLniAtKc8mevsBZ91DKX14GnV2eKQLSSNn3kShXfzMHQqu3uotmDZ76+AtHnfGh7AENJ0
C0vZ6uVmcW5P56k7T3uFQkCZr4VmvUBqQlv4N4UHPIUTa/xsF7TJV9Re37T8YgFhi/7B5TsyNYv1
BekRX4mLy4ZRLOhVsGQsQ8ep1ixx2k8XI2fe70+GW0hyD/W4L3yacTV9SeGE3THVh89GZ1LE7AKc
WbvdaNgOpfYtT0mRb84WrM5CtbmYZxLVbSZdOcWeUyrMKA2gMd6uu62d+QjdbL+/bH9NemKvdiiu
dNjwQYXr7iD13WrBQ563GNA1ZY0pfY4+R6KJ/3zbQwbDLy84ggwKxOLHpqKcT/hIJIW+sOiP94o1
IHDm8qmjPPtXggkv7pMkqe3hNr3yqtPtQFpoCJFTCtm73SfnYZKCiwzmvZ17X5mzTjlI5XEvwHWe
Z51jjWrtvCqkD3DbVJRnIUl42TkRKb64bMi4oP2IycnRxPOp9S26SUys+Ul1/Aj4j5AndSCKhSKo
uu36riR4tekaCAIth2lHvxGe485JDwZH6aVI+X/oCWuO4umLbIDNKw4BdvRrjyTNRJL0xuIqmwys
edfCiTXLCa95MInCk9OdzZRpfiCxhWPzLnw9n4pCeb8g2XNMDVuUMffGt6CfNMJfjh3/25CfPlGk
At9+P4ez/LWhj8CZgcCL5+VknoqkHIr00OfJeBBB9UrvnZvrT5fim9QtPPw3pDy5h5fhzMOWyb9v
/gwcAF8LYUuAhDWZtb0cYFcPleyn+grJNsK8EWIKd4kwjax1Gzb90fXjb8YRV2O3uzvXYjHt9y04
m482vO3XKIs/TQuiaWLxuUBxXT9YB7/l5ztbkrhgqCRSKLYQB9QRDdXeIIY8BvWRALZj3//m7ctt
gKdWtFXHxTS1XkyJhlDwZYlTsb3dN4x8gyX0AILYXAYcUx9pYw9DEIP46NMarER2tn5y0ebm4Raj
rTedheU0miphvFviYcmS037QOq2Lj9v0hncr/MJUh0EszjIWRJing887FEGzQ8ebIzB/byLQJa13
MG0rp9hpgft9Hz3pRqEjFq0/7YHTJZ9S5fbBNUVaEouutzDBBtmA8BmOVh4edy53NjmwfBEox3Ia
jug1bft4oy7j94tlpKaMS2rxgU3BCj+JMJqOZSC9+a4ENFiiSAso1sFGwokww2lVU7KctCbTsZL5
XdmlbntzD3EpQzvP1oQi+Nr3XabYuTg+ofVtqvkt8OMeCiJ+xVMz1zSpj04ovHGbOwv1bhO38lg0
vE1+eZnxFQ+DTOoPXBDUAQx6RVCHnutt3DcZ70YytJMag1hcTlMcIG+6H67Y/j8gFZx36YXmD1fP
dvbaCzIHUTK+jTxBKtWOCp0xTy2h7DPF1KBgdame4vnK2nXzhU782/jWua28veqWshZzH4Noj6qG
XhdbX7sutvMbbe89z9Iku8W10Lc8kPLWLvXcyo5Wy04QMO0zh11tgP+WlbIGI1TUvJBeacLjr0KH
YyzdON+Z459v/p4Qor569eH6BiCYTnNJ22CVgQhPIAD8ku0sJL853xL9L5lI0iJ8RXykvvsu2E9e
b4H9w/W1+c6fOratxd2klnDqT5+9Pw7E/ctYhtvAvrmUMGbH8uZtym8tuymeWqv+G9T/zQ474OrD
FpIUdjA0JSmeWpfCfZc3MR9usbi5aNN0bHWNIqypVAuTmwd5uJjtrBh/MH2qgOV/N5JNwIWxtNK8
JW1NCfFRxOmXTDpudVcSLTmCEDmMJ0/sL7kdLmVCoa2Nbg3BCxvgGsI3F6uN2TtB+60WckVjV8pL
yE+PP+8sCK3e8HKbyZelRnJoqITo2AcBU5mABZk1ZOFE0cqr/5n5GBvFFoM1OuNBcMIn3HpP2iI/
OqN8gqvrcFH7lRgUZ/8q37R2ymSLAi4RbSNed9Y9jgW3ZMtpazyS+nlDt+30IShKozEYPzeTp2eF
bTwshofCSlN+94Xf7Qo/Mev3wyidPtnNKEAgDLiI1/Yq05xSWMFdrFx4MJNhpers7K2mBcN+HyCM
aTdB/WOTXnkb4gbivbdm1yxp695Mu4R/drc4LdATZJuNj7exeEX7DaaRmYJY5EdriO/3pqiJYZtZ
jG7n9GUU3V6PI/NBkkktdkjBRR9D4PNkIc1FG3x0mfJX3lf/au6rGun3DWDWwRMGluZ5aHChZ7nd
191SYW+SBWnNMvVLevy6eobg6TtEPfWJPgB+TWNzU/PuXpZeCo47nJqyL4nFuR/nP7sqdkAwcNuC
HM56icjM8KUjSySDuub1sBMOF78qFD3ujrdnyBsBi14isw6eYN4500ODzeFSJzaWom7ss7aOakUP
sFJHzjesRi3qw0Kzkvjt+rHYKT3RnuMf8GMJloJMsj3DWy1/ly0Z80UdajP3GbWcb4m+wLF+KGSx
KMyALki2W6upLWWNHm7Uzs4q2w1qYt4V8WSFX98747QBW9Kl3V0+iZmMsqR7Wsrpxti4UW2DvBrs
8tcTOp1A6V3KF2y0ck7DVKZSJJ8KGlrS7dDeLOb2ExncVmoOxoR3INKMB93Ly+7ORkWseE4nEwh9
UwAmNDClkRzm1i9NGFgPbXm1YlQv2kpRtKLdVFeZDfsLg37GPbHPw6GkZe47GhiWbRAi4+cOrEPx
AS38ghNgH+TUeihiEB99XEX7ntLTnpPLXb0o/eG8ixudEM9+Pwex1ge8o22aqcZ3DEks8poHPPlb
0lf4yprv4xtr9PdE/d1V1xqQNs9f4CZK467niT29XzixZobwy2/dd29fHV+evvvtS82tsv9m+FYe
b4qzKGYySTKRsFhMozhlg7k+536QAESGI/ZKpq+1PRUYbe8/tZdbLjd/xKlaujOk3UJ9JJOpNkUo
LGYqLGWaXEUprvYqvlzafEKSdC8C3B8q6UUn+ImL2DcCgdkQfhAFoeV/N5Hu+rQHo8aQThMKu8MV
EvpO9/TDFeudHu+s5lQscU/+FMbtRsgFZsFdnphO2CCuGbHfa206ckQxchzm743EGkthPanUhLU7
KZpv9WxlcosJky1eGlKg8r8byjUSUZTy28wWbkH9Ec9a3M39AEANu9K75feCXga2pbBPmaI0Htre
LhcHFtveRqBo+soKCDnlh+wDcOONR9uBp8UXBfiK9tguFG7v7o3Yofp1m9tAz4JbEdubdxvENXuX
vA/SmJ8FfDrd2TgwWOKQJiQvoy3egbqWX4SqvEyRlsTHJ8t21RXY3oX6stfy90bwb2UQHIdyYi+9
sshrJmB7X1kH863BBB8/LVHYRxuJhr1qd4umFJe9uBu9M7iD19MSBeDJU/9LZIe5LEtB30EsSe1l
gMUzD/bB21DwJ5clBQBbDCu1I9orq8AyiI+4uRMI6BCxr6H6Fo7rbpdkLzPrwm5xj85OUYNbC7dK
tu8n2k4FSPlweJnZLmNB+8/GUGxyS+Q9bKUIXREffYH7lRzxML0QtJHejuAn2Pbm+Anl9TSyhrlB
XKP7DtRG4r57SpNsywXZ+l09iIOxuOx8l/XZS4zm7/UvrPfkROidLyxfbtMffW/gN8GjnW7obbX9
7dt626KgzNFt1BvLOElfcktmi/7oSzjvdFWzy+gV07MjBLGRpUbTC4EPHemlSEsK68QP2nnLgLDF
6LOg43Z9X5WLTv542RDGU+WzK6SH5368dFu9UW4LcJ58Vbbz5EeJVsSxlXAfInuL5wWpuHf3d3lx
XO8ChS3urXqJPEez/LWRWDFo46rbMcXKSWv6aLEmhf3lL+wsC2/5Dne7y0Fs0UGx9IVVs+eUNXIM
4uhWiklx1fCToWt++G1kar/f714uoayV4wMPoQzj+sEofiLSHEirzpry1VbMRo7F8Ze221r5zss3
fMBhpqDgrqqxeMp3jzSuw1UygSI+RsFQiqR0Boxxnr8n7s3eXXn68beAd7WoFVo+EaFTrfb7Zuub
2yq9FtGNo8LGJxa5+A2VVnH0ySyY7259GXLr9+klkKlCsMkX41Z062Um4yHO3JofnMy/U53GAj+H
iS9/HVrSglJEkuDzVR4k1hJCi1ysr93v0b9mi/1+of21fTsMzK0P8OiRevMc90l8E0Y7W/94Fmyx
o4HU2reW1hnE4oYozvf9jM+y5W9P+Q0p6EufPAbpUlHcTzH/wDHNPtCLaWWw/imuU8b1S3s/dRdH
rBOFQzliQxmIftwPf7rm+JGyGXOqzGkf1StHbpP9/0qTuRXXwQsUvxI+LXvutJ2qaxDl9Dmu54V/
kTiJUv+5eqrpqT8BpCb0w6cvR8M1d2MQuhTIJH0eQT0LFB6GURZ6OLhwMrLEvbEUM0H+8zlUgdga
znmU9HiGfnyumuP3+p7kuUsUfAQ4iXyhzg+jGLguaLo50JKPXy/Oj6ezqW7Fl7iUPgvS+XOScZSv
iiwlIkXnmDxHcoCPEEpoZc8vO+XXv3bPP51elK9Oe8uTiRC+cW0KNfPzk9Oz4/cXdJGyrNK/MhHP
dduaFHsgnAaGv8tTniTgzPznf6N/QFtZGpUSPhP6xpkUdyVf4m5WnnjeQtL9ILovoX3rS0D1o4yP
xHMRjpba5DhBGiR5a4o4iQYLivVx2vJ8gh+n/YmhQTOPTCiLaa6OLImBspllj2BZDEJjIliuPcZj
wdKxYFEIZpiOwe487PyUDQSToRdkvvDhB3tgwcjrOprAnUNkUOSZ8KE4YBG+SZEgSzaIBb9l8yiL
NS8mhwyMQIJDxxag/2OwJPAxwPhK3C3YHfpiSOui2F0U/jVlOCnJY4ZKn4Cw+KHoOSJMxzJRct+N
Rciy6QjyPGBQ7oc4NhSzo37I2E8fx/SKB0sjaCX0GbDQH2AHHUClnAQ8BVB0mqAGETQDosIvkZK+
cBMhTzBcJR2QBifIWZl33rlHjD5AjieScZb6EfYm+Hw61d9TozDWg/MS/wpnzjpjXHwhmuwl/uXV
iPXoGuHBLYj+OAiiO4bDFVco6PDHZpKzX9B68Roy4zwyHjH0lnTrKZm0vof2nsRhx6BXQXHIbTBn
Wt14vR4Bi9OGQD99hLwKrAZ0z32fxSJRXYSqh065ZRPBkywml8GgYwYCQYMCxb8yHqBqR3IG1854
kAm2rxsFB/cMuasWYezRgoASdM1oJOIjOE1tq82s0PKOk3no9XhyC8YR34KtlemC9wluygCt5ZLi
ZeM4Aq8GPQyXJweM8hGmHQqMmQOGn1YHQTAqkW4gHCBtkoVgZXiJYn5NJgAygSXG0T090wA1gEhk
3eECHOpWAzofoj3jNWi3B0ymfwX1pTHdpvaEI7Mq3Mz2QYYMxpZLaiExSlrSI2JVtGdOxhFnYYjd
6as3SagT6Ls1SZlBJaV/swkuZmK0t9SBOUC14aBG4jibpoqqFIaKmQA2LRd1Lgxc+uK8rwYNn0XS
B9irEaCNoM1FoGiwrrJhaHBxSV2U2yxEFIgU8VyN21dBNADjwUjPFB2GwUSmOPwnYsQHtKEXu1aa
rpBuZYKs6fYedtqdJMWTQcG4vispRrmNJSTgUNLWrEzgTk7IZgjJZd6ksnHorAxHMhtF0E/4liAZ
BTY0IpglgnbEKigFtE5eWn30/X+9BJg6PYYfA/a34U/SaEoQtIddQNLsEgbeAyOt8BeAsNUiKnIA
H2lEaHDJX3cAj8YE4UFvwbwMghNuTcnEvfAycryRwqtGIwazxdXi3oNkI1mKo5zW297pEeu9Pr9m
F+eX5z123O1enJ9es+7pOwYZ6JvTdwcMLmK9t3DVKfv4+u3FKeu+e9s5vb4uF4f/SmV0cRs8Ctfo
ghMUzxsLcsaki4WbdUDtkDD45FXokhIuKVcOllhBRgpSgmsGQ0Jpv2Znyr4gg8TwGOJlujHirJiA
01268HxcQxtvMXpgFkA3lB9ejWagU37otKnwMFlQekW4qlfVvQsZwLLENFmKWq1oWZNnqyFpyata
8hGPBzAoSl4UBCqzJd+zWrs0yhCOvovpu8BrT3iYUWpiIoG0LQMLfHaQR4OiCeZGqALrcAi8lLyT
5egrs7fK2ytzh9wiygJ/gUVC+LgL2RJ/ohjTHok+CNqoVLSs0NoZ+YkH4ZFMR3FYyDaMo0keZtXd
+oqSaZhmD6M0uicf2AZbYVKWdVzn6SR2WQwtoRlqQ/azyVTlXirBY/pECU/k/XWCF+kbCDvBzCWA
IwjwMNT5CgVDuIaQBy3MRL5G9A4qQei1UZ6Lor/C1paoDvKOVNmBTjnLCg1e+lU9YdXkjbPwNsmx
d/gUqXKSTSC64rMllhcU2JFM1VgKxVKvOF60KmnEPLQxSMWnGhE1WMIcOYNwW1v02EmkThVtGrMi
9HmKv7o4H0KKl77QlIxyhpIH9aNYyHYCUChLgcQRtQfoVGqhuEw5VixM3aMkXEoHt2l9KnnylvHi
ZZ6LCsSvnOd8H2f1mB32w1Ck2GFHOkBAUjaOApVcDnjqjSkHJ8iQL4EJ6RBDvk3VRfqsCiwDsUgz
VWT7yeyl/BS61XieIvMDVnKMDqTOo4ZLaQ4G3Ha9ob32MoOlOheTR19JjpUOpfh4MxA1rDJ7DVkg
2NJzSutYp/v+AO4FDAMYX3fSB7OnNEF5zwX/EvE/Yo084V7m4glpx7i2zI59cFRjHgwP8fNcVCD4
AmxYNwWNMpyPQQMzBuIy6BnMzCLk9B69GiaXPCgzBPG+G3bzNHtZHtLybgB1h08M4cZsGk5L+rhQ
11zqUZfIL2LRn5iQ592IU3Z5tgQJuzIPI7TW2q666VmZdfU9Acf1KFhf6zpV2wK1OIz5CEWAPgG1
JdOA8hUsPicAHgc7j7GfOoHE+ReqpmMoo0SSssvee0KagEgo9iBLGVbv1JXL5lRZUc59zSTNSnjX
EaFFK/fFIBsd5aXKz8zBEkVnamMYqnSe6eI1UeU2WnKYRCpwaWtwkJlyTopbZxxFCZXkeYUi8hqU
PJjPU84SPss9JU6j5LNOeM4oXgEYTfuphEXPVnyOZKjKYJp0+iv7NIju0epjdn7C9j+9Pz95BjKD
yQMGuP4O3P00Vu8ogWFg5RJD2VJe5n9gCRFdQsoOwdI/vbzI+euqxqD8lRrDqScKmpB9YHlLYZhk
i/K5Ex1CjJmg4ZCahXNyOC/dZ9I3DJFDngLeTfA095sgP509yCsAKh41UrAbyDkpJQsjL5BTRveC
2VzyOZgMFpG4l4muxzGk6ThAvriUn1NNGvVXPntmzp/0aAJE2TtuP89T1Rl0rTbuLNETMR6M5FT5
On1PSd1zxKaQJM1kgM0oP659lG4FAxEPR4saIcTbgmI8PMivsqbdVs5ZqV4+nuAnlqnGppirRjSq
UvcxBlh0UTQTAXaIvylCws3vKF4aN5PgoVCV70AoZgP1cQ+awKMQN84Nnmyc5vWsyKvEx4YW4oMj
YrwIFWTxKHQwAUFtFcrKapg8Bk5gH/m4A7D5zfh3gaZKgxnnBUrZ1MfXTA2b9DCoUkM0W2yOzRNq
bEAf4yAPhPoUMfY0i+n1H6alY3oeJY/gdI8lOvArMZf9xEYxvomwUM9yrmahofJDFWnfdMfVGzzg
J6GKUX0zjaZZkBujPsBQRtdoj1glf0gZfmmqvRgGE3RMEO107kxTvmp26khHcZxMo6pRkVUQ1P2F
3/lYTHP4S72hvUNs80WBtBhuNnk6hnRzGBk9AqOspJ5VLK4cR9gzBKWMrxeWZUSIwZPNJ1j3JLie
MwEJkyV0LOb0ebY8TyKQF+OjUQz1s5on05NqavIgjTn1nCUf4YMR/Pbk7RHoo6R9vgp96BTuhEqu
OQydO2oxIeBLAYhWNma7IdIuNK9MU3XOA6VCh6rz2pggyIclHarMHJHokak6SLtDtBNj0uoA/ON0
zA8Ybq5H8TldpGHgeocihlS75KkPLhzps3m4UsGCW5Ng+rGXEV8zSDkhlJMXy52FZkg9r87nbTzo
aSWr2dWpnCx9tQ7AyBSvx5GArhl7Fh0mNkize/qmfCa3vGxAnzFbyLX5eIjXblv1rhoVxsSJ5gHs
U63PfIpkrInkMbDK0Ymz9hg42wy1iU+ZoxwuGEH5AYKoxw/ogfKZA+XjgJ92kXlk44HkiS5LIJPk
k2mQH2HOAxh1Xx3lnabOgd3i7NUR+yclKxA/D2g663dkShXHMkyaj0VIDEwcccGGmjXIn2bRdMCq
iEUBnSJ0QgkyVZu4+yFg1eHWhK/aJQzqJ8PHXhgVVPRatnjEzi6Oe0fu35sH9fa9c1C9rx64f3f+
7mNCRON8Hx+oe+hcn7cqyhWro1r9mcry1NMFs1hXIxxjC+hYz6RR6kFTYdBr3hwftGRemsW5U84r
lHjxXII8DvCBUOXRs6EkV1gpf6YBtqDS2Z/OyNVQU3S9xSSjTEFRbgxKiXJLI+mLplTfintwfIku
7rxbLA8SKmRAIwMJiflcJXF0HcpL36wJVBhRY0ZJSfwhGYkXvnrvYE/gJ6sSqXfkoKUtR3stXKKP
T78HHuREY5OCz5xCH1eRGrRocuNHKThDi4qPMy1CFgfmsU+viCyPhzKgBWdLymgyNQ/HED7MYwmj
bGYSPif07H5xPBmoJ2gmDVMxnxaQLmlTzxb7nRjq2QXrTvL7iU2CDGViUq67FxaCefKvALdUyn+x
xak0uhUhhHdL4jmn56eu3qzui5yqxbhtWjr+JZAD82o4vJ/YOo0QjVupVB3HxZ1GuidvLUn96IaQ
FIlAknZ3wHAPk8S68FrigP50aYlYQACHMS05LBDvcPc6izjVk4V6FaEDEQkBj23jWkbbG0qmslTi
VyVx5yNa0yVHAxly/P4GcUE1kQ/yB3SR+oCXF8+nuB03EVxlawLTFsva/Ac9J63OJhVVLXUnxlfC
oG7LyCWPMmVfOcTfMA9726Upn+Xdf/zxP0Y/YUM=
===END CRASH DUMP===
