PocketMine-MP Crash Dump Thu Jul 1 23:32:57 WIB 2021

Error: strict_types declaration must be the very first statement in the script
File: plugins/NapThe/src/KaYuuVN/NapTheFGC/Main
Line: 2
Type: E_COMPILE_ERROR

THIS CRASH WAS CAUSED BY A PLUGIN

Code:
[1] ﻿<?php
[2] declare(strict_types=1);
[3] 
[4] namespace KaYuuVN\NapTheFGC;
[5] 
[6] use pocketmine\plugin\PluginBase;
[7] use pocketmine\Server;
[8] use pocketmine\Player;
[9] use pocketmine\command\Command;
[10] use pocketmine\command\CommandSender;
[11] use pocketmine\math\Vector3;
[12] use pocketmine\event\Listener;

Backtrace:

PocketMine-MP version: 3.21.0 [Protocol 440]
Git commit: 82e8eb46ac8b7ef6a320da6051b755830d202b84
uname -a: Windows NT HQDATA-788 6.3 build 9600 (Windows Server 2012 R2 Standard Edition) AMD64
PHP Version: 7.4.18
Zend version: 3.4.0
OS : WINNT, win
Composer libraries: 
- adhocore/json-comment 1.1.2@fc2f76979f0a44a5f5bc2a2b600d0762fe0e78e7
- daverandom/callback-validator unknown@unknown
- pocketmine/binaryutils 0.1.13@0abee38d4e2861621f262c79a2a3d699d8a697f4
- pocketmine/callback-validator 1.0.3@64787469766bcaa7e5885242e85c23c25e8c55a2
- pocketmine/classloader 0.1.2@9757928424652393b178a3760073113aa7c9911b
- pocketmine/log 0.2.1@830b44a2cf96ef703c550abe64302f230231ca49
- pocketmine/log-pthreads 0.1.3@e477ecf6ec214fdd4415ea1da3fdd9d73bf699ea
- pocketmine/math 0.2.6@43057cb8c179a9859677b496a788db922fd5cfc3
- pocketmine/nbt 0.2.18@9f82ca4d7f97fcd9a566e44b63c4f18a7657ae82
- pocketmine/pocketmine-mp 3.21.0@82e8eb46ac8b7ef6a320da6051b755830d202b84
- pocketmine/raklib 0.12.11@9cce458b8bfde3e4dfdbf70c659fc7b7fe26b5c4
- pocketmine/snooze 0.1.5@70b5e7937a06878dd321a3182ceb76d56298f2cd
- pocketmine/spl 0.4.2@6b08b7cf8c4afa17139c9a1b3bf1b408531de161

Loaded plugins:
AutoClearLagg 3.1.0 by Twisted for API(s) 3.0.0
MultiWorld 1.5.3 by CzechPMDevs, VixikCZ, fuyutsuki, kaliiks for API(s) 3.20.0
MaxEnchants 1.2.1 by Xenophilicy for API(s) 3.0.0
VanillaEnchantments 4.0.0 by TheAz928 for API(s) 3.0.0, 3.1.0
InvCrashFix 0.0.1 by  for API(s) 3.14.0
TopVoter 3.1.0 by SalmonDE for API(s) 3.0.0
CustomCraft 1.0.0 by TeamBixby, alvin0319 for API(s) 3.0.0
RandomBlock 2.0.0 by Edit By Nờ Cờ Dờ for API(s) 3.0.0
DEVirion 1.2.7 by poggit, SOFe for API(s) 3.0.0
CustomAlerts 2.1 by EvolSoft for API(s) 3.0.0
BuilderTools 1.2.0-beta4 by CzechPMDevs, VixikHD for API(s) 3.16.0
WorldProtect 2.3.8 by aliuly for API(s) 3.0.0
PlayerVaults 3.3.0 by  for API(s) 3.0.0
PiggyCustomEnchants 2.4.1 by DaPigGuy for API(s) 3.19.0
PurePerms 1.4.3 by 64FF00 & ProjectInfinity for API(s) 3.0.0
EconomyAPI 5.7.2 by onebone for API(s) 3.0.0
essentialsTP 1.2.2 by  for API(s) 3.0.0
PointAPI 2.0.9 by onebone | Edit By Nờ Cờ Dờ (NCD) (Danh Miner) for API(s) 3.0.0
BetterVoting 2.0.2 by Twisted for API(s) 3.0.0
Broadcaster 1.5 by EvolSoft for API(s) 3.0.0
PureEntitiesX 0.7.0 by milk0417, RevivalPMMP for API(s) 3.19.0
NoFallDamage 1.0 by DeveloperNeb101 for API(s) 3.0.0
KeepInventory 1.0 by KhoaGamingPro for API(s) 3.0.0
DevTools 1.14.2 by PocketMine Team for API(s) 3.13.0
SlapperRotation 1.2.1 by jojoe77777 for API(s) 3.0.0
Netherite 1.2.1 by Wertzui123 for API(s) 3.0.0
PM-Beacons 2.0.1 by jasonwynn10 for API(s) 3.0.0
FormAPI 1.3.0 by jojoe77777 for API(s) 3.0.0
PureChat 1.4.11 by 64FF00 for API(s) 3.0.0
DLevelIsland 1.0.0 by Nguyễn Công Danh (NCD) for API(s) 3.0.0
AuctionHouse 1.2.5 by Shock95x for API(s) 3.0.0
PiggyCrates 2.0.9 by DaPigGuy for API(s) 3.2.0
DanhHieu 1.0.0 by JeroGamingYT for API(s) 3.0.0
AutoFeed 1 by Ghast Noob for API(s) 3.0.0
PickaxeFunction 1.0.0 by YTBJero for API(s) 3.0.0
EnchantVipUI 0.6 by UnknownOreforsource|RBpmmpformod for API(s) 3.0.0
LpkCuaHangUI 1.0.0 by phuongaz | Moded by LamPocketVN for API(s) 3.0.0
Minion 1.0.4 by phuongaz for API(s) 3.0.0
MineRalGUI 2.4.0 by YTBJero for API(s) 3.0.0
RankUPUI 4 by YTBJero for API(s) 3.0.0
Eff 2 by AmGM for API(s) 2.0.0, 3.0.0
ShopUI 1.0.0 by SaltyPixelDevz for API(s) 3.0.0
BuyCMD 1.0.0 by zZPROGAMERZz423 for API(s) 3.0.0, 3.1.0, 4.0.0
UpGrade 1.0.0 by LetTIHL for API(s) 3.0.0
khongtp 1.0.0 by awzaw for API(s) 3.0.0
HuongDan 1.0.0 by YTBJero for API(s) 3.0.0
Banking_vonfram 1 by Noob for API(s) 3.0.0
RebirthUI 3.0.0 by YTBJero [Edit by NCD, Ghast, CurlliestDrake66] for API(s) 3.0.0
MineLevel 1.0.0 by TungstenVn for API(s) 3.0.0
BuonLau 3.0.0 by AmGM for API(s) 3.1.2
VipJoinMessage 2 by Hender Plugner [Edit By CurliestDrake66] for API(s) 3.0.0
SeasonPass 2.0.0 by TungstenVn for API(s) 3.0.0
SEnchant 1.0.0 by NamVN for API(s) 3.0.0
TimeCommander 1.0.2 by TheDeibo for API(s) 3.0.2
GiftCode 1 by YTBJero for API(s) 3.0.0, 4.0.0
Slapper 1.6.2 by jojoe77777 for API(s) 3.0.0
EnchantUI 0.4 by UnknownOre for API(s) 3.0.0
MuaTuNhanUI 1 by FurryJaki1992 for API(s) 3.0.0
OreGenerator 2.0.0 by vividmemory for API(s) 3.0.0
BuyFix 1 by phuongaz for API(s) 3.0.0
PHP-Sell 1.2.7 by Muqsit for API(s) 3.0.0-ALPHA9, 3.0.0-ALPHA10, 3.0.0-ALPHA11, 3.0.0-ALPHA12, 3.0.0
QuyenVipUI 1.2 by NightBlackDM for API(s) 3.1.1
InvSee 1.0.0 by BlockHorizons for API(s) 3.0.0
AutoSell 1 by Jero, Cur for API(s) 3.0.0
VeSo 3.0.0 by AmGM for API(s) 3.1.2
ScoreHud 4.0.0 by JackMD for API(s) 3.0.0
GemUI 1 by WoolChannel3295 for API(s) 3.0.0
Minerloot 1.0.0 by Distoxicqted for API(s) 3.1.4
SkyBlock 1 by  for API(s) 3
StackUp 1 by NickteeChunky for API(s) 3.0.0
SellExp 3.0.0 by EzMinh, LetTIHL for API(s) 3.0.0
Kickk 1.1 by MCPEVN-TEAM for API(s) 3.0.0
MuaCoinUI 3.5 by BlackPMFury for API(s) 3.0.0, 3.2.0
MuaPointUI 2.0.0 by JKPVN (JakayPluginVN) for API(s) 3.0.0
Fly 1 by Ghast Noob for API(s) 3.0.0
PixelgamesToDiscord 1 by ImNotYourDev for API(s) 3.0.0
AntiVoid 1.1.0 by FiberglassCivic for API(s) 3.0.0
MuaFLY 1.2 by SableIamNoob for API(s) 3.1.1
MuaKitUI 1.3.6 by Infernus101 for API(s) 3.0.0
TradeGui 1.2.3 by Only FurkanGM for API(s) 3.11.0
AntiToolBox 0.1 by NgLamVN for API(s) 3.19.0
CustomItem 1.0.0 by Phuongaz for API(s) 3.0.0
TradeNPC 1.0.0 by Free for API(s) 3.0.0
MuaKeyUI 1.0VH - RBplugin by Ibenrm01 for API(s) 3.0.0
AutoFix 1 by Ghast Noob for API(s) 3.0.0
VanishV2 1.0.0 by superbobby for API(s) 3.0.0
MenuAuto 1.0.0 by JeroGamingYT for API(s) 3.0.0
Daily_Reward 1.1 by MCPEVN-TEAM for API(s) 3.0.0

----------------------REPORT THE DATA BELOW THIS LINE-----------------------

===BEGIN CRASH DUMP===
eNrNPYl220hyv9LRvJexE5EiwFsbJ5Z1WJrRwZVkeQ7s82sADRIjXIODEp3df09VdQNsQLJI2vRu
5r2xiEKjuq6uC0Djf3e8OA15/mku0syPo5393u5O7odiZ98YmH2jPzSGw3av1+11d3eKRJ4x253u
oNPvjsb9cb/TNYZwjUjTON3Z/9+dfJHAkJ3jT4dXF5Oz8+NPx9fXV9c7uzuhyDI+xXNZnvpO/glH
ZswVTsBTnsPkLCyynNmC5TPBgKAF8/wUIFnOcxGKKGd+ROcyJ/WTHHB6foAIk6CY+lG2d8mT25nY
y1Jn72f+a1HcXSrQyfvDvQvuR3BJ4EfIwj921VWf/GgeB3PCD6hcPxUOonZiVyA/BgCtwhOe91//
k8wSOGPiMKJavNJZeWO8/guc7sJp+NODPxEHphPuCKbIsayKHhzal0MH8KfIBEti517kIRBoWZI4
y5rQ33c8E3jB8JmRNyIFWeHZ0TNnJwFfyLPjZ846cRjyyLWsQ/kDxxmdNQbeiMiVaA3jmeFgUTPL
ugNJxmmXRpnPjBJzkLllnftZLiLEBkrJUxDXzv7vf9vdmSKQB6gEFCQgmNDFF3Bx62ICWG0Qy9Jy
d7pt02h3EF74gQsWPOoZuzt+9skV8519jweZAK2ncR47MaDt9TowiY9aH5liJOzegDsjeyi8Ae+a
HZeDjRv2sN8fdTuu2THtUQ9wF4qWj37kxg8Zu7xlp389Org9aA1HIzZodxnNzsaDToe9KkdJJTGz
Y5js2mQ3OciQpy47dn20/Nfs4OJogOjRxPZ3YMm1jREcfgY5E2c9YgzOfooznP3s8vIWAHTwQIYN
KkriTKSfAt9OeeqLDCXH3Rlwm4q9P7I4aqEapZ0bbaNtvvUc0xsOxsOx1+G9Hu97fdsxuWkD7W5n
ODA90RHDkRgCepcDA0B1HO45PAhs7ty35jzwXZ7jwge53EfxQ/RW/UViK1Xv2X7E00WR+wHS24G5
je7bDreF6I7cnjBHA/A2hmcOTGc45ibvuoPx2B1xIM3r1VE9Ozmovd19O+gNR8MeXDMY2A7nQ9Ef
jfpmD3Tbd8yuY/bFyOn3udlAGPAsC2IO9qxoM9+Oh/3h2Bz1zN6gb3bHXdsYjnh3CGIZdg2jC7id
8dgw7DqmIJ4SBrNtvAWbsUGipuONB8IbdrowMzI86HU7pmfCP13D4b3xEwytJJ+lgruloLpvRW84
FI43EI5p9DzX7fWMvuCGy7twMHaHXdsDaQleR4VLUFEzeAuT9oeOPXIMEO941B8PhkO7Nx5wsFnX
Hpum5/Ydz+nWUUR2XvIzejv2RiYQ7A490Injjnl/MBC9nj3oOj3PGPHhoD/kYtQQ7vJnK0yqJfp2
g/WmIUv5Pdi2lAvQZLwdO47o9Uf2yPZc0RU913NtkLUz6I89Z2gPPWEO7L7TQJNFcfxZKPH23w47
dl8Mx90h7wxGw5Hrdk2Ddw3gVtjDgdsfmOORZzpuA0kSEIYeWMvA7gAbjjdyetzjxtDojp0xN2xQ
jGH3OqN+13CFMTB2/lFFHVqbB0UeHwaCp+d8OtXcXB2+u6N7OOngeJHP4hSQ/L5z+4Du090Bh8kT
HyFdWAwdPBYRtwM4Vbo+VyTgTjLpXbPYy490QIjxcX8nl/gsC+aIHaQiACosq0kUrhh0yVc3tx+v
rs+PAPQg7MzPkYNZnifZ/t4eeNdZYbfB7ewpOg+yRVCEF4d7dXwgmIsiyP2PcYqeuxKFBtTlAHpr
d+tyOPwsnNnk4kjMMzhx5z/694e/YYpQgN/Jinsfft+Dy/Dvs5qszG8RloOTJiHElwyCHtL6gLRa
Vo3uTUWlsbKnIUIZ8cfjyJnxKM90IWnQupRgldSl9IuI4mTmB76z2JrFaDiB8SUttYNVYkDu7njk
BwFXl2Cg0rl87qzObY+YqK+NmTj4DH78Cau7aiV9LctzSQumQ6n4msWgCNt7jimQxFk0P0x5Njvx
HzUJ6FCdc+CooWedX6P3DYyGxZ/AhWVBkuzg1J7/CAmbDJZraPQ2Tu7iXKQaExVohV+74UEYR0fH
WzPTEqFllSQsf63DyyEUJ3EICvByjR0dWl97T61R8PCd/2gvEBzM/QhKp/E3sqfmP4P6SGllyXA1
H5jpksrawTp8X1PS9y6A2KfxrUN1vs2nfGOOy94t2KVVGMJ12aH6eyT/bk3BGknoemS1t4q7o+M7
PyXSK9YqUNOXDut8JfEUq4fdnZurE/EiF3larMuERGpZcyLBsiC0qF8aWYqrm9uD69sPky9Y6kEg
0poDrYHrOmtEiWOoiG+AwG0xpc9c2l9FxwvMlJ7z4eGhLYAmxN/O75HHd1hkifQ2jgOdxxq4qb9O
yxY5763MG06Paowbg21lCLakLkfqLKtB67dkCTVUIB1KGCZQ6WIvYymdGrhuAd32qC4XSJWKYLEt
C5DYLIvSo0RS0FykL1mAxvdF4aeeLwJXLy7KDlCeCix9INNM92rcglBkK+SOQ0alm0wNXA9K3YYr
25anKqNqQlPPaeqyVVMRstJ1TfzpdCEX0zNJ4XNn6yrvNZf9EYeL3hd1pRvjb2C0xAjMPSXnWeBX
LIRykr1n0O2RoIpUTEQa1sRTwepeotesKwa9k5NOh/07A0v6AyzpLPL8yM+3lz5/kjOANEqStJ9f
IQ66Vi2HJR4Qw7ETR3G4OJicaXLQgLog+u1h26wLIo6EDf9vjW+Fz7KEJAGQWlaNnJUrQGQZZMw+
THo70XiqgZtBwPwuK1qfEjiqE7B6Jcd+lNf1UoGaydX4Wa2wv7MVaRZ7dXl49Jq9OuLRjGELNX29
fVUmSDUpUqN/JfvvRA7+GhJxP9LbIDVwUwzm9+iCPOs0n2mN2ETZnCiDOF6nczW7KYxwKEbp3GrQ
Rqvj+yZn2sTAS42Kr0vN0Okcg/nnvsh+abjcJbxewA6bRUPoB/ednoEp9zWkwHMeTC4uJi9Hpg2Y
TiXOJAwTsFogTCjCpO8tydw4OdFo3avzC4K5jE94EBzxkG6DVXKpgRs1ZCNAi7kI4kSkl8I2OsbW
1m8Dr2XpJK1fS/0sRHIW4U2dOF1oDNbhL3L48yzm7zmkdFMIt1vjr4bVsmr0bFAqinmz3KhAdaaM
XtM/Le9cMSzL63bc/Xo7LgmA8nBJymYmuyRtr8IB3N4EPAGLuI5zujerMd08s6Ll+Ef8RyyG+N/2
Wjl1CtZX4aXIZyKl4+Xyq2ArGPkIldvnwjfM7tYYWaKENVfSsR47z2hyiW1vyRQ65IvWO8Ehs6ol
wEtgM7Y2FcizOHpYRJHR2RrjGk4Mp0gHBtKSnpWKPInTsJ4wlZC6EpsV3PewxiVKy1JUVD/Wyv4g
ThzOeN4IlQRqFieG8Vx1shkrWu3zNAM64Q4uqQzd7+7OLxDO4iKbHLdK+M4XChekdvlrC2ULoUGv
e47B6SwLeKTfGKqBVzReL6dQgUIS7PQjzIo7Ha8XTRklwpQUbyi+Wo1S6vkF+8DpRXQYR1OcEjx1
nfSV9nFQkOhPQRGidpdQAzddVyNnvJmBkx/3H781P66xrt+OWHKbqanwBiIROEMC8f5hjdw1uxsp
z8XTroaErqiMnu1mmNuuCZodDiKtdvDtHQ1CQ50MNKBTXxT6QihBKxbBTyKNZQ706+32EsfT9WMv
3vA9EcJt3OgmUI32Ot3vZ1CNsMs4trdGdTnt+rRPfOeeP4qTInIayVDzzAot/Hr7DhWxNVYSOf36
nCgTvvOTD7U2kA6ul2aDOgcf5PM9V6nwABIXqSP+fv0OCyl8kjDe3u2c5URQkOj0rc/seXJ/WPBT
Hk1rzNbAKxSWzApw3Pwz+zu7iF3hMnvBznkok+a7yw1DxzIr0PojNaf6BW/zRf0r8vCuiuJoffFA
zl83ZgVoiqT3vEi2punD84Mjuj8i59+IAXHNg/c17WrAZr/7Oy/GY1d52PU5uObR/YdJjf4KVHu4
4ftSjnMWSeFv4Ec8T3cfcFQTdp3cg/D9hUarWT2D8U3S9jxwDIjaWJ9sSITqjk8BVniBGx7ki4n/
KAIw1O0Z/ocznH596t8Vi8OLo9rtTgKsoP7zb5Prq/cHF8fXv33uPVO97lbPX/S+iZ2Lgp+LaLaJ
C/qQvE+5q6e1JWQFT+civz07Pd+aKooN1HA/A/+XJxrRJWQF0fzhM3/YGslRnCdf3SuQpAAzp4Us
TDRuKtA/OZkp591gQYDfAn/7aR5HXspDfWU0zryQYW41t0RkloWzbxAEhO2n+aweBSpY/Zb0l5TA
fqf7P5CdQEW7yyhr3mWHRRoEvsjyo5Tfi8Hgb9uLGMKPHJ5GPN8kj8bYTNVvI15L2Krnp4poim8K
3EVb42KJkpKPio41PHEcnfOi5oolZIW6GqEQHa/51eTbwfqih9T5J8g5L8q3cJbPVdZPvBDGT+ml
D4Zdmgj+/l7ecUQr+y5GJie0LEVi9WOtSC+wxTjhmd4+0IArHlr7zsa2JET/vRZfqizQuSpBq/pg
PNy0YnnJ0yG29e3v1g+Fenmo/jxoDd7kwHzyQO+R8O1myPn6FVSbfZ0HkpCV976XH8a1rKUCvRBn
vhQuvzXtKufeIAuW90+e3tNpyH/QlP936J5ncuavTmSWJO2VTCzbHM/1OJ40OHpfanB8h1ZG1cnY
qE4v+G1xCVfV61wN+oLVnRRpuviJ3/vGeGxujaMaVnzdoaJlfbZAHO/pFb881k2xBl7hpef+3HdD
EeJ95W2xps9vWeqnWLM8qz+wrwAvaGfrvRQ55QadzdNJ60YEtbcsS9CK558v6CnGJuWtg/PJ6cG4
LO/lodFpHBuNY/Ob2wFI8Sm9orou63/F2zLNRqgGbLDfiKX+dJa/C7hzf9TM54yv5uHubAK1g0RK
yc6HtW4gnkXzGyHqL4ogYEU6QE/Kn8ap/1nd19uOAepYLUuSssk7I9idb1hkBXphJWFopYJnq7cJ
Mph1gxxb3MR6Zo2H/8x6ACfcIAvA94JPC/2GTAVa8WLVT2CiF0dbk7REB5mwmn59Ht6LsLZ85fEL
ZvIxjoNDCFSRCLrmuL81FmDizcrgNIjjvFEGS9iKZXvkZ3n86Dt/Np93NCCT+eobeRpSy8o3sPmb
+0Xz3aAK9GU9aHR/vcdX01jWb0Xg8Vnon/yRbkB4Dlb3Qe/ilZCXekW+c58LcTgrovvtpRw1rLAM
JB0bsAJe6vixxoqCrPA+x5/B7Ga7bNvdVIkXkt1fJpt1uH8GSeimJI8bT9c10pDDyfHdZev2+OBi
a/RLnJZVTr9Oin4Y+08SdAWra6HfDMOg7ckFZNSLZzvz5rd15H9zqHNyFPu3vog2KjroHmWTpRK4
IjP/6efJ3SV7BSUCX8jHeu4ut/fAOWGnsmN9hk4C/ZlUPPrnPnVwEiw2eeDgUQRT3D7mNgbfDHHR
rT108PTsC8ychZdx/mtcpEdivjV2dKSWNXlfUUIHR2tlelHu38V+7YmQEtRY8k3zOvFtkU5x545D
KAGd7WWvqeD57JbjvYNg8Y62LbGskqrlr69oVDyHeq/CJ1fcyfmv9dWGgBfrkBtk8oyHT0z1W+oQ
nBitVS9yaLXJVbOO7/jZf+I5JKj5fGbj8ZKzyBNpVGTbfLxdw4kufaPeyy3ejHxf+HrHsgQ16+PG
m2NXUbBg4NbvedTM8Y1va70QRssiQjZ4AAtsDR/vfhc/NlZcCa33xZqpz/T8Sf/4m14OVAjlolIk
rFsoauuqpKt68Rlfhn/y2jMBV2TWk60/2FJNvaHBXU4OmwaHoBX0n6Riez3LctKNMoafxeLJqidQ
g/K7U9Zi1+/kW7sNB2CLKA23ufoVQnJgJTXrPa1Ya+aVkH/Bs4qbNPRwR5Fsdmc2dk4h0Ar7yYpE
pHZs29urbJYoLaskY/lrLasSUYFC0K2qBP0rHnktJ9/gvSHuB4tP1+KB15K4GvhfVuE0qFjBDO5f
xVOgPxfN95paF5N2MuPUfstot7t2kuI7ZfQeXbmH4g+TCsYO48jzpwz3cLRSK/rho3DZT0XEuh3W
Ge93jf1en/1nZ8jMjmnggIBH04JPxRsRTfE4jHP3DT7Oz4cD+Sewim7H6DB5xOFPr+vAv117DP+a
w55VGG5nKE/bGZ7vmbF+Sl3qZuVI+LeTVUPwnNNl1aQwG5EmGW4lcZq/McZG10TgwwzE1gr8LH/T
wWMeRXERObhZAb7o3+LOzBdy48nsTRwRnoQ/RC21PwJYg7ww5I/qmuxNjyCY+4exK+R5L04BawWL
PQ+hoAsX+2nlcTJP1Cyu73m+UwT54g0ROi1vd7QykeNbrNkbkjc+DNFCa31jCxcMJFtCMyFcbRDu
f/nm5PzgFkHSHlt/FiJdqBkVKHWAJUUO/m4nkMA/QM3w5j/oP5ARrKxWxudCXTj3xUPLBRFyENyb
EYIe7fixhatDDanty9ZehLgv2w8MFydzyMIKtbsoGhoDWbGa0YLhsduZyAQrmWc8lVuQxhFYaT7j
OXNQd7Q1qR85QYHPAQP6J2aOuG7iEK70EEETZ8Y9sctifDMrQ5TMhpLgni2giFK4mO8x0KHv+TQD
qA93I4VUHBBfiocK3Z4rPNongj3E0Y85w/uePGUovRCYxT0SF3KzVD+TfD/MRMSKZApRHRC0rQiN
ViLbtyLGfvg4o1fGWB7DLJHLAAXD3U2R+DzlURbgoz7yNJEaxDANsAq/RE7ywr1qHMFmPHIDkmCI
mKV1lot3n5GXwhPZrMjdGOxd7Qy7z6wdtU8mUf3IUtH6IwY2ovjh36wdIvMgCOIHhosKKGNq2w82
9zn7K9objiHDK3cE2Wf4NiVdekxGqK5hQCTD5cFAfSAhxGYvmJIrjlc2W53WKP/how/SiTG/564L
ZGZSFyhjkP49CwXPilTtWZuB3SDRICnxZ8EDlOHUn8PYOQ8KwV6pScHRvUbsckZYLQL9SQt0MJ2K
dB9O09yXRQi1L5rYQbaInFue3YMVpPdgVG0a8CEDPaGdl5zisFkag/cBVcLwbJfRPixMLXxYHLsM
tw8FRjAGkWzA7SMsLCIwJxwikd+QroEnMLk0fvTB3ASIAVgiM44q4lC2iqAzDw0Xx6CB7jI//xHE
l6d0mSvQ15H9NC5mr4AH3DPWJLEQGy3F6T6hahouJ+NIiyhCdbryrWZSAu28k7XZkZir3yzE4pbR
rma7+kpUhoMSSdMiySVUCgwFEwJtii9SLqxQ2lXVlauDz6GcB7KfpwBtBG0uBkGDdbU1Q4PBLTmo
sjRw/XRvW67Q90Fsg/VgRGcSDusg9GlX5FBMub3IQeLsRoq6Q8L1M8RNl9+i1h58kjxZFKzgh5ZE
VBpZRhx6PpAI7on250U0HhQW5ZTSyEFbBa5ZNo1BUTGuWbQKnGhKZLaItH3WQS5gdvLHcmfT//cc
YIr0Ev0YWb+NfigLE7mTtfR3FUkKXcbAfWBwFG5FEM5aUmV0zJ4ijJzAR1oVir7sxy1QSOuCSEKP
wZwCIlEEkYiJR+EU5HxjSbJckRi5qtHi0YH8IFtyJB3X1e3xPrs9Pbth52cXZ7fsYDI5Pzu+YZPj
awbZ5s/H17sMBrHbKxh1zD6eXp0fs8n11eHxzU276QJq8jD7AyWOiUj9mKIzOuIMGXRmglwySaNy
tgbIHvIDl3wLDWnhcx7SzRIqyE+BT3DQYE3I75eMTRoZZHsYDSMcpiYjzBIJuN6lI5cRieagHhEG
fbqg/XQ02oJK8EFtiXAwN5CSRXKlXuW1FQ9gXiLJlqxCQi15zV4/T5LivKs4n/LUhpXRcuIgkHko
OaDnpUtLDclRVzF1FfjukEcFZSI6JZClFWCDr3fLmNA0wtIMZXj1PMAl+Q2XS7DNrqTPlwYPqURc
BG5Fiw9B5CFiS/oziTgh8oHRQaejeIXZTshZPAmSZDoSQ8Wbl8ZhGWzl1WpESzdNXcPIjdLkE9tg
z5hUzTpuyuwRVZbCTGiGypDdIkxkqiXzOaZOtPBEqa8jHKQuINqJzJIDOIIwD4udPyNgCNoQ+GCG
ORhZlhUCHUM+A61Ny9QTnRbOtqRqt1SkzBFUhtmW1ODQL8oJaxwH739mJe2HPEGoHxYhxFh68rgs
BFCRTFZEkoqlXHG9KFHSinlqY5B5J4oimrCFKXEBQbdXaewolqeaNo25EXo9iV8OLpeQxKUG6pxR
5tByoNoTFW9HQArlKpA+ovSAOplgSCwJxwKFyWskh0vu4DIlT8lPOTMOXma7KEDcXbnE+zKql+zQ
iiKRo8L2VYiA1GwWBzLFtHkOVSxm4kQyZE1gQirIkG+TZZA6K0OLLapkU4a3H3QtlafQraaLHJHv
spahKZCURxO38pIYFQLIay/zWCpOMYV0JedY2FCijxcDUJHVZqeQC4ItvaHkjh1OPuzCtUCDDevr
wXfB7ClXkN6zwt8i/PtsUKbdy4w8I+loY9vswAVHNeOBt4f7dVGZ4AqwYTUVTMqw+4IGpi3EZdjT
kOmlyPEjejVMMXnQZkjEh0k0KZPtZTWItQQShY0evLBIoqSljhvVzYVadZn/WVT6xLS8VCPublam
TJC2S/PQQmtvbMqLXrfZRF0T8HRKF3BVlipboBm9lE+RBdAJiC1LAspYsNYMgXhc7DxFPR0GPnZL
qHhOoZgSWc4ubj8QpRmwhGzbRc6wWCdVLqeTxUW79DVhXrTwqn2iFq3cFXYx3S8Llv9mBhYqKl2b
wVKl80zVqln5KRLcsCSWgUtZg4HIpHOS2A5ncZxRBV7WKaKsRMmDuTznLOPz0lNi+6PsEeE5rYQF
wmhzIJmwqOYElsiyGKYW0Y/sFzt+RKtP2dkRe/XLh7Oj18AzmDzQAOMfwN0nqdzZAwwD65cUipf2
MgMES4hpCAk7Akv/5d15iV/VNhrkR5qMPnZC/YFcYJFLYZh4i8tWiQohWgfH82haOOd7i9Zj4btL
bjmkKeDcBM9Ltwnsyx5nWQVQBakIBbOBpJMysih2Aj9hdC1YzQVfgMVgJRnG87Iox4imwgC54lZ5
Tk6ZLR1g2fHSuyW31O6Q5i6/oCN1QWOVbReZars4eOdXujp1TUtes88SyJHmfoDTSDeuXJSaBeMQ
j6ZVnRDhZUEzHO6Wo2rdsmc7VFLJB2Fc4Ar2ZLxRCxpFqVSM8RU9FLUjwAzxNwVIuPiawqV2MTEe
CVn+2kIis3F7APiNDU2KcLPS3snEqc9ZC7ySfZyoYh/8EONNUoEXhyIHExDTnqOy8zyZPAVMYB/l
sgNiy4vxb0VNl9YyNgdaReLi1huab6QPItBE1NjVl+YRTWbjE2kZOSCUp0hR00x+OIUp7phqppQB
nK6psQ74WsxkP7Bpiq8IVeJZNmwqCbWfiki5pgfuU50GbhKKGKmbJE6KoDRGdYCRjMYoh9gld0gJ
fitRTgxjCfolCHYqdaZOrWxR7asgjh01KhslWMZApS98K77qdWiLHO29hd9aaoCq5VYHJzPINr1Y
0wisspZ82qIaOYtRM0RKGzemaPsxUQyObBFi2YMflMIOopMtScdaTp1ny/PEAjkxPp2mUEDLZpnq
rMkGAn6y6L7JH9EHK/jq6Gof+5jK5cvIh07hQcjcmsPSeaAZMyJ8yQDB2lpvGwJtJXlpmlI5T4QK
CpXnlTFBjMdv/1Ck0lNEgse66CDrjtBOtM7VLvjHZMZ3GW6eTeE5r7IwcL2eSCHTbjnymdp9dbaM
VjJW8FonTN3p0sJrARknRHLyYqWzUAhJ8/J8OccTTUtedVXnfrj01Sr+IlIcjysBXTNqFh0mTkgt
PnVR2c5tLydQZ/QZSmm+HOGV25balatC65woHIA+V/IseyQzBSSPgUWOypuVx8CWM5QmLiWOvlch
guoDGJE3G9ADlY0D6eMAn3KRZWTjgc8zVZVAIsnDJCiPMOUBGpWu9kulyXNgt9jB2me/U64C8XOX
Wlp/Q6RUcCzDpH4ThNjAvDH1XdU0KG89UTfguYhFAZ0idEb5MRWb+FEUoFWFW518OS/RIH8yvFWF
UUFGr+WM+wxvWO2bfxnu9sePxm73sbtr/sX4i4v5EK3zV7ibuIPO9c2oI12xPOr1X8skT95i0Gt1
ucIxtoCMVSuNUg/qhYHWnAXeVimcvEhLp1wWKGl1c4I8DuCBUOXQnaCsFFirvLEBtiCz2R9OyNXQ
VDS+hqSgTEF96k6DtCi11HK+OKHyVjyC48tUbefcY3WQUR0DErF9yMsXMoejccgvkAKVhwwjcs1I
Lgk/JCNp5at3dnfEYy6izFc7EdLHU7SPndmO+mhVBcE7TPihtBosDj+5cQ7OsAZV3x1cAoo00I/R
RejHnh/QBrxLyDSsfXptBuFDP/Zhlc11AH5RTT8ObXm/TIdl6kNvOixx6mxfC081F2pXkt/P6iDI
UEIdcjM5r1GwyP4M6INx6herTuXxvYggvNc4XnC6W2qqvS4/+4l8/KBPT+V9lh/bqkbD4WNYl2mM
1JidTtcwTHzla3J0VePUjT8RJU0ggPy6OmC5R1lWG3jj44L+5aLGYoMCOMQquc4WAB9w78saUPus
Gj5TbeA3AYHgWd24ltH2EyVT+ifr8OkSfyo/Zaew4BMshLLcaZIckmuXn01DO0wXCT69AoAujZ+6
T1Tm17RMsunqICjRCnK/00LaUknOb5hzXU2ou7O84B//+D9d3OG7
===END CRASH DUMP===
