PocketMine-MP Crash Dump Thu Jul 1 23:28:30 WIB 2021

Error: Namespace declaration statement has to be the very first statement or after any declare call in the script
File: plugins/NapThe/src/KaYuuVN/NapTheFGC/Main
Line: 3
Type: E_COMPILE_ERROR

THIS CRASH WAS CAUSED BY A PLUGIN

Code:
[1] ﻿<?php
[2] 
[3] namespace KaYuuVN\NapTheFGC;
[4] 
[5] use pocketmine\plugin\PluginBase;
[6] use pocketmine\Server;
[7] use pocketmine\Player;
[8] use pocketmine\command\Command;
[9] use pocketmine\command\CommandSender;
[10] use pocketmine\math\Vector3;
[11] use pocketmine\event\Listener;
[12] use jojoe77777\FormAPI;
[13] use pocketmine\event\player\PlayerJoinEvent;

Backtrace:

PocketMine-MP version: 3.21.0 [Protocol 440]
Git commit: 82e8eb46ac8b7ef6a320da6051b755830d202b84
uname -a: Windows NT HQDATA-788 6.3 build 9600 (Windows Server 2012 R2 Standard Edition) AMD64
PHP Version: 7.4.18
Zend version: 3.4.0
OS : WINNT, win
Composer libraries: 
- adhocore/json-comment 1.1.2@fc2f76979f0a44a5f5bc2a2b600d0762fe0e78e7
- daverandom/callback-validator unknown@unknown
- pocketmine/binaryutils 0.1.13@0abee38d4e2861621f262c79a2a3d699d8a697f4
- pocketmine/callback-validator 1.0.3@64787469766bcaa7e5885242e85c23c25e8c55a2
- pocketmine/classloader 0.1.2@9757928424652393b178a3760073113aa7c9911b
- pocketmine/log 0.2.1@830b44a2cf96ef703c550abe64302f230231ca49
- pocketmine/log-pthreads 0.1.3@e477ecf6ec214fdd4415ea1da3fdd9d73bf699ea
- pocketmine/math 0.2.6@43057cb8c179a9859677b496a788db922fd5cfc3
- pocketmine/nbt 0.2.18@9f82ca4d7f97fcd9a566e44b63c4f18a7657ae82
- pocketmine/pocketmine-mp 3.21.0@82e8eb46ac8b7ef6a320da6051b755830d202b84
- pocketmine/raklib 0.12.11@9cce458b8bfde3e4dfdbf70c659fc7b7fe26b5c4
- pocketmine/snooze 0.1.5@70b5e7937a06878dd321a3182ceb76d56298f2cd
- pocketmine/spl 0.4.2@6b08b7cf8c4afa17139c9a1b3bf1b408531de161

Loaded plugins:
CustomAlerts 2.1 by EvolSoft for API(s) 3.0.0
WorldProtect 2.3.8 by aliuly for API(s) 3.0.0
MaxEnchants 1.2.1 by Xenophilicy for API(s) 3.0.0
CustomCraft 1.0.0 by TeamBixby, alvin0319 for API(s) 3.0.0
VanillaEnchantments 4.0.0 by TheAz928 for API(s) 3.0.0, 3.1.0
SlapperRotation 1.2.1 by jojoe77777 for API(s) 3.0.0
PointAPI 2.0.9 by onebone | Edit By Nờ Cờ Dờ (NCD) (Danh Miner) for API(s) 3.0.0
Netherite 1.2.1 by Wertzui123 for API(s) 3.0.0
BuilderTools 1.2.0-beta4 by CzechPMDevs, VixikHD for API(s) 3.16.0
InvCrashFix 0.0.1 by  for API(s) 3.14.0
FormAPI 1.3.0 by jojoe77777 for API(s) 3.0.0
AutoClearLagg 3.1.0 by Twisted for API(s) 3.0.0
NoFallDamage 1.0 by DeveloperNeb101 for API(s) 3.0.0
Broadcaster 1.5 by EvolSoft for API(s) 3.0.0
PM-Beacons 2.0.1 by jasonwynn10 for API(s) 3.0.0
TopVoter 3.1.0 by SalmonDE for API(s) 3.0.0
RandomBlock 2.0.0 by Edit By Nờ Cờ Dờ for API(s) 3.0.0
PiggyCustomEnchants 2.4.1 by DaPigGuy for API(s) 3.19.0
PlayerVaults 3.3.0 by  for API(s) 3.0.0
KeepInventory 1.0 by KhoaGamingPro for API(s) 3.0.0
EconomyAPI 5.7.2 by onebone for API(s) 3.0.0
PureEntitiesX 0.7.0 by milk0417, RevivalPMMP for API(s) 3.19.0
PiggyCrates 2.0.9 by DaPigGuy for API(s) 3.2.0
PurePerms 1.4.3 by 64FF00 & ProjectInfinity for API(s) 3.0.0
essentialsTP 1.2.2 by  for API(s) 3.0.0
MultiWorld 1.5.3 by CzechPMDevs, VixikCZ, fuyutsuki, kaliiks for API(s) 3.20.0
DevTools 1.14.2 by PocketMine Team for API(s) 3.13.0
DEVirion 1.2.7 by poggit, SOFe for API(s) 3.0.0
BetterVoting 2.0.2 by Twisted for API(s) 3.0.0
AuctionHouse 1.2.5 by Shock95x for API(s) 3.0.0
DLevelIsland 1.0.0 by Nguyễn Công Danh (NCD) for API(s) 3.0.0
PureChat 1.4.11 by 64FF00 for API(s) 3.0.0
RankUPUI 4 by YTBJero for API(s) 3.0.0
ScoreHud 4.0.0 by JackMD for API(s) 3.0.0
khongtp 1.0.0 by awzaw for API(s) 3.0.0
ShopUI 1.0.0 by SaltyPixelDevz for API(s) 3.0.0
Kickk 1.1 by MCPEVN-TEAM for API(s) 3.0.0
MuaPointUI 2.0.0 by JKPVN (JakayPluginVN) for API(s) 3.0.0
VeSo 3.0.0 by AmGM for API(s) 3.1.2
VanishV2 1.0.0 by superbobby for API(s) 3.0.0
MineRalGUI 2.4.0 by YTBJero for API(s) 3.0.0
AutoFix 1 by Ghast Noob for API(s) 3.0.0
SeasonPass 2.0.0 by TungstenVn for API(s) 3.0.0
UpGrade 1.0.0 by LetTIHL for API(s) 3.0.0
TimeCommander 1.0.2 by TheDeibo for API(s) 3.0.2
RebirthUI 3.0.0 by YTBJero [Edit by NCD, Ghast, CurlliestDrake66] for API(s) 3.0.0
Boss_Quai 2.1 by phuongaz for API(s) 3.0.0
SizePlayer 1.1.0 by  for API(s) 3.0.0
BuonLau 3.0.0 by AmGM for API(s) 3.1.2

----------------------REPORT THE DATA BELOW THIS LINE-----------------------

===BEGIN CRASH DUMP===
eNrNPIly28aSvzJLV23stySFg3dWu5Yl2Vaig5Hk473wlWsADEhEAAbBQYp+m3/f7p4BAVCMJdvM
1qYqFtEz09PX9IXjXy1fphHPPy1FmgUybk167VYeRKI1MQdW3+wPxqbRHViDUb/dKhI90h0Z416v
NzZ6tjW0x9ag3RJpKtPW5F+tfJ3AlNbpp+Ori+nZ+emn0+vrq+tWuxWJLONzHLvk8DvhrmCecEOe
8hx2ZlnOcxGJOGcLnrFcMkewfCEYULZmfpBmeW2KTBn3cwH/xmuNRTCXhyELYlqVuWmQ5LCtH4S4
ZxIW8yDODi55crsQB1nqHvzM/14U7y816PWb44MLHsSwJAxiWGL/0darPgXxUoZL2hlQeUEqXETt
Sk8gyyYAZ4UvfP8//ztZJDBiAQT+2PAn3jCr95vNNhv+CHN6amof/hSZYIl070QeAQWzmdp9NpvS
31c8E7hgsGPmjUhBTDg63DE6DflajY52jLoyinjszWbH6gfOGz9h3o2IPYXVNHZMB6NazGbvQVIy
tWmWuWOWWIJMZ7PzIMtFrLFZet5v8jcphvjfbPYarPRoekbj9p/jSYjTkuOfZBCf4sCPLdBlnoIS
WpNf/9luzXEvHqLuUD2Ab0q4LgBX52IKmzgg7OpMtOyuZXYNhBdB6MEJGPXMdivIPnli2Zr4PMwE
GEsqc+lKQNvrGbBJgMYyssRIOL0Bd0fOUPgDbluGxwdG33SG/f7INjzLsJxRD3AXmpYPQezJVcYu
b9nbX06Obo86w9GIDbo2o93ZeGAY7Hk5S6meWYZpsWuL3eSgGp567NQL8Fi9YEcXJwNEj5Y5aQ27
va45gsvPoD7irEeMwegnmeHuZ5eXtwCgixWdB9B8IjORfgoDJ+VpIDKUHPcWwG0qDn7LZNxB61DH
w+yaXeul71r+cDAejn2D93q87/cd1+KWA7R7xnBg+cIQw5EYAnqPAwNAtYwO8AQ73L3rLHkYeDxH
lwJyuYvlKn6p/yKxG80fOEHM03WRByHSa8Depv3S4I4Q9sjrCWs0AD9m+tbAcodjbnHbG4zH3ogD
aX6viWrn5qD2rv1y0BuOhj1YMxg4LudD0R+N+lYPdNt3Ldu1+mLk9vvc2kIY8iwLJYdjommzXo6H
/eHYGvWs3qBv2WPbMYcjbg9BLEPbNG3A7Y7Hpuk0MYVyThisrvkSbMYBiVquPx4If2jYsDMyPOjZ
huVb8I9turw3foChk+SLVHCvFJT9UvSGQ+H6A+FaZs/3vF7P7AtuetyGi7E3tB0fpCV4ExWebE3N
4CVs2h+6zsg1QbzjUX88GA6d3njAwWY9Z2xZvtd3fdduooidvORn9HLsjywg2Bv6oBPXG/P+YCB6
PWdguz3fHPHhoD/kYrQl3OpnJ0o2R/TlV5y3GrKU34FtK7kATebLseuKXn/kjBzfE7boeb7ngKzd
QX/su0Nn6Atr4PTdLTRZLOVnocXbfzk0nL4Yju0hNwaj4cjzbMvktgncCmc48PoDazzyLdfbQpKE
hKEH1jJwDGDD9Uduj/vcHJr22B1z0wHFmE7PGPVt0xPmwGz9sQlWdDaPiyyX0VEo0jyrebkGuN2q
/BvwDNe8yBcyhQW/tk4h4N1IP2+Bt+RJgCAbToKB1yLmTijAeeRpAW7PEwm4kkx51gzWnNQBEYbU
5s4QQZp04BGBOTe3R9e379D7roSTBTlSvMjzJJscHKxWq64AmhB/N79Df/5BpqE3BZ+LwbjisQFu
8mh3R00u4ZwX4XpfPCpss9kKKUgUBbNZmVM8ziMEjEXhdMGTHlwUQeoHIvTqZl6mMHkq8BBCxEwP
GtyCUC74/WnsLnjc0HsdWheJ2X2g+I8ilskiCAP3y3LRMe9JgqnhRHlsaGlcVDKaXt3cfri6Pj9p
SAm5U3ZznELq98CqFbTJnUGhrcbdreDRq+DeWSM4XAaxYZvj7+RT738Gmem58vUV55v9SpsnKhsX
T+H7PY+DMORaVBhn69rdNVqXQ2+HHBbi6DOEoQesQ87aNb9D1UtFCyaJqXiMtR2GXxJ2sIspkMRN
yJNEpNcyp6KhJoXtkUfsvEou92bmWxRsH/0/V+8U8tQcsttGPqpBTQ9mdMdNNmQsHPif/Q/le+zV
ml3OClN4HjvWf0/03+eXxycv2PMTHi8Y5rnpi70xromA9BupBpSQgFf0P8r+pYCCLaXrDf8V7BE9
foAY8rkITMveGzsVSijVSjqeps0dFl1hO6iYAq5fYS4v0lspw/phboC3eTc6jsh5rymB48/CXUwv
TsQSF7wP7oO7tycNYZiD75CGi+iTCAod8NeOoi5H6mazLVq/VjI1wg8aqEA6Z/ESvGO2eB3c14RT
h9ZlA9resosG+73vYD8qfgcOZrMgXrq4tR/cQ7mq/PwTbFvXrTUeSkhTt/a2h/4L/NOOenrz4ym8
HBW5PA4FT8/5fF7jqAmv86ViSTPyrLDU9/bGVK7wzWawh3SRihComM22ifrqQKTwHmXrsIgujg+a
+NBryddQL57wiHpaleOqg7eykaYkwO5FKCFgXArHNMy9SWQLL/iwGklPD0qvUpjhUpZZd081aJO7
/l9bQNQ2BsfToOLbyofpReeV4K6M6963BtwOvNv5A89kvFrHsWns74BWOMHVEh3A64aeR1V2K5P3
sqmvDeiRY3nDw0jGJ6f7S4Y0wtmsJKH69RRerqkh9CqE8qfGTh26raAtjh7Jh/bGaI2kr8j4gvl8
rYqAHeXartEmt71tczzhsOhN0azZzPH3uBGNEXK5h+TsBH6Dly03OdiB7oAERY3c97wImxKqg5um
vR1J96XnMhFQLeYlbV02mjeEPKr4n4VIIIuBckam6xpDTfgX48bPC8nf8CiI51D3782MG1hnswY9
T7frU3BVMlo3M54asM5YvzvsWjurmf0XJkKRQKVJg5zHT2qRitM4D/JAZB/rFtiAN5PR4bbKoiC8
M3omNruvxTJY8nB6cTH98ln9itiYKpxJFCVgn0CY0ISBfdbI/OouVI3Wgya/GxeW8lw8dF0K+kjp
utNlWV/fftnlif7cjRFpjYvvd1uE5qC0lqlIo2zLUhSseax7XbspkEHv9WvDYP/O4AT+Jtz8LPaD
OMj314f7pHZQVkEk1X5+gxhorW5KVnhADCLL0ASBtNtpTRIN8HZta/0lXru+JbiBJgGPHv4LcOsB
tVjrzdQKuJUBbyt0R2V+/A+8JV2sizwr7gL4fcfDILjLmofA2Fe9HiGt1I8GH16n+3tq9RoikBGA
tnsYG1BTPlCHb/n76q4rw05p0yHa3+4QSwJmsxopX+f7KtIONjiQ29P3QdpsPG5A2xY9bDKbyDne
Em63bq5e7y/EKayz2ZJomM1A7/pXja4vsE6lnsghK4fUHKJ/vdarg7edufVXlPWP+PJNre8QZUui
DCukBp1P6GO42J99K4tMNNoYNfC2Lreq25sFmMe4f/+9/DZykXp3q2I601thh4MIXCCB2OBokPso
1yfn2Bc4y0Ie171ZA/zI3ZPLOcRRqJ7cfozllGH4vXjOqKNM3eWvk0aT+bIP9QVTx+1FfCzjOW4J
Bt4k/Ump3PGC51uxmUDbodk0d8Xmr2SwiokPNf+ak/oyzOHbrY9wakGR09NOCW/9SdhGaqtfewja
hEYV3Hfvpu/OmtW2AjXuJjUF8/fbVz+JPdYhuGeRFMHTa44bfAjlbVE36g3okdtgP3H37uJkb7Qr
dLNZuf3TebhbgFXnSY2FEvLIkeSrz3y1NwZimSfffKNDkYIKWcikYUca8AgrNzzM19PgXoQQcD/v
jad3Z7j901Xxc+De1VtO6nork2lSfnE8PX1/2bk9PbrYG9kKJxTievsn5Kqcbro1JF8DPtIu++nn
6ftL9vwnfsfXyj28v9zfHULCjikof7oi3osbWb/LjZfNVs8DJo6iN00NQOj+Zppxw6+glsdBtnhv
bd2XJ9Ajhp8ViUgd6Tj7q/QqlLNZSUb160nmBJnvNQ/fNM2pAm73I42/NiycelJ1p56uEbxj07x9
WEIa+mjS/WbBs5xdSunsjXS961cENIH3AaY8q9dUNeAjJ/m2iOf4NO37eG8sVCjxUeOSkPrvp/D1
LnmTcq+ecpeQRw7Iuchvz96e742d4ivCwW0QCf3Ac/PGSgO+zYD14HGbExE428fh231TY/enPGNG
GZ5wgjRfNFO8DewR16oPNPuV7qs4awYJf5vRcWmz4yINw0Bk+UnK78Rg8M/9pYMiiF2expzqviff
u5RZ9umXggf1anYD++KDj8migMSL7y//KBFixZZypAIqVvm0E3MTfBbqDkPdE1TArazkL7rzQRue
qwfrq99P0gOwfs6LxuMtCvJ/Gcid8KmWgw/R8hQozcV2g6pzMe0mC04P92X0yH03SfEuO3XWy/c/
nk03MAaFqh/MGb5/Mktn8bMPwmM/FTGzDWaMJ7Y56fXZfxhDZhmWiROgjJ0XfC4OBUQ5uI5k7h1i
lc2HA/UnnBW2YRpMXXH407Nd+Nd2xvCvNexBce4ZQzXsZDjes2R9SC/1snIm/Gtkmyk45tpssyns
RqQphjuJTPNDc2zaFgJXCxBbJwyy/NDAax7HsohdfE4V7aPD3UUg1Esz2aGMCU/CV3FHPxoLylcL
I36v12SHPYLMQQWR9IQa92UKWDcw6fsIBV14WGeV18ky0bt4ge8HbgHVxCERqt72yGXayUSOTaLs
kOSN3YMO2uWhI7wVT7MKmgnh1SbhO02Hr8+PbhGkbLDzeyHStd5Rg1IXWNLk4O9uApFxJVPv8G/0
H8gIcoFOxpdCL1wGYtXxQIQcBHc4QtC9I+87eBT0lMbD4d11hA+HP2Noz8wlCyv0+1NoaAxkxRpG
C4bHIPxkgpXMM3xVCl+RkjFYaQ7lP3NRdzm+cAXeNiw8sFRA/8DMEdeNjGCljwi2cWbcF20m8Rm3
DFEyJxX8jq1lkWpcLPAZ6DDwA9oB1IdvUoVrRHwpVht0B57w6ZYqW8n4h5zhc5U8ZSi9CJjFFzXW
6kWvIFN8rxYiZkUyh3QCEHRnMRqtQjaZxYw9+7Cgh+/wvbIMPATDV8WyPCXi85THWYghRg0TqaGE
bQS+aBaKnOSFrVVXsAUE3ZAkGCFmZZ3l4Z0w8kw4kC2K3JNg7/rFtwmbtfTLOkT1PUtF5zeozlgs
V/82axGZR2EoVwwPFVDG9BPfbBlw9gvaG84hwysfBp8wbIvT0lMyQr2GAZEMjwcD9YGEEJuDb8qR
XHG+ttnNcI3yZx8CkI6MQcjc84DMTOkCZQzSv2MR5H1Fqt7EA14cgUSDpMTvBQ9RhvNgCXOXPCwE
e643BUf3ArGrHeG0CPQnHdDBfC7SCQzT3pdF5ICIwMSOsnXs3vLsDqwgvQOj6tKEdxnoCe285BSn
LVIJ3gdUCdOzNqNbHkwffDgcbYbvMAEjGHJINuD2ERYVMZgTTlHIb0jXwBOYXCrvAzA3AWIAlsiM
4w1xKFtN0JmPhotz0EDbLMh/APHlKS3zBPo6sp+txew58IDvsVkkFmKjozmdEKptw+VkHGkRx6hO
Tz3nRUqg5zKzLjsRS/2bRcF8AScbG8rt+knUhoMSSdMiyRVUCQwFEwFtmi9SLpxQerXLU6eDL2Xg
Adm7KUAbQZuD/CYA6+rWDA0md9SkjaWB6weXnq7VCX0TSgesB6M4U3A4BxEkm6DjSMy5s85B4uxG
idog4QYZ4qblt6i1VUCSJ4uCE7zqKESlkWXEoR8AieCe6J1BROOnQpRbKiMHbRV4ZtlcgqIknlm0
CtxoTmR2iLQJM5AL2J38sXq96v89B5gWfYl+jKzfR3+Wy0S9hav83YYkjS5j4D4wOEJSXxKEu5ZU
mYbV04SRE/hAp0LTl/2wBwrpXBBJ6DGYW0AkiiESMXEv3IKcr1QkqxOJkWszW9y7kB9kFUfKcV3d
nk7Y7duzG3Z+dnF2y46m0/Oz0xs2Pb1mkG3+fHrdZjCJ3V7BrFP24e3V+SmbXl8dn97cdLddQEMe
Vn+gxTEVaSApOqMjptek3YUgl0zS2DhbE2QP+YFHvoWmdPAxBeVmCRXkp8AnOGiwJuT3z4xNGRlk
exgNY5ymNyPMCgm43sqRq4hEe1xhDMGgTwu6D2ejLeikHtSWCBdzAyVZJFfpVa3d8ADmJZKsYhUS
asVr9mI3SZpzW3M+56kDJ6PjyjBUeSg5oN3SpaOG5OhVTK8C3w3Vd0GZSJ0SyNIKsMEX7TImbBth
aYYqvPo+4FL8RtUR7LIr5fOVwUMqIYvQ29ASQBBZxayiP1OIEyIfGB0YhuYVdntNzuJBkCTTURg2
vPmpjMpgq1brGZ26adY1jNxoTT6wDbbDpBrWcVNmj6iyFHZCM9SG7BVRolItlc8xPdDBgVJfJzhJ
LyDaicySA7iCMA+Hne8QMARtCHywwxKMLMsKgY4hX4DW5mXqiU4Ld6uoapeKVDmCzjC7ihqc+qdy
whrHXRTxXVbSfswThAZREUGMxT4OKwsBVCRTFZGiopIrnhctSjoxD20MMu9EU0QbdjAlLiDo9jYa
O5FqaNumMTdCr6fwq8nlEVK49MQ6Z5Q5dFyo9sSGtxMghXIVSB9RekCdSjAUloRjgcLUGsVhxR0s
0/JU/JQ74+Qq20UB4tP4Jd4vo/qSHc7iWOSosIkOEZCaLWSoUkyH51DFYiZOJEPWBCakgwz5NlUG
6VEVWhyxSTZVeHtW11I5hG41XeeIvM06Zk2BpDzauJOXxOgQQF67ymOpOMUU0lOcY2FDiT4uBqAm
q8veQi4ItnRIyR07nr5rw1qgwYHztQo8MHvKFZT33ODvEP4JG5Rpd5WRZySd2twuO/LAUS146B/g
+2hUJngCbFhvBZsy7L6ggdUOYhX2asjqpcjpPXo1TDF52GVIxLtpPC2T7aoaxFoCiYI6npAWSZx0
9PVWdXOhT10WfBYbfWJaXqoxoy+MqJQJ0nZlHrXQ2htbatGLLpvqNSFP57SA67JU2wLt6Kd8jiyA
TkBsWRJSxoK1ZgTE42HnKerpOAywW0LFcwrFlMhydnH7jijNgCX6KkqRMyzWSZXVdqq46Ja+JsqL
Dq6aELVo5Z5wivmkLFj+i5lYqOh0bQFHlcaZrlWz8jMq+OqBVIFLW4OJyJRzUtiOF1JmVIGXdYoo
K1HyYB7POcv4svSU2P4oe0Q4VithgTB6ykslLLo5gSWyKoapRfQD++jIe7T6lJ2dsOcf352dvACe
weSBBpi/AnefpOqBCjAMrF9SKF66VQYIliBpCgk7Bkv/+Oq8xK9rmxrkB9qMvuNC/YFcYJFLYZh4
k2WrRIeQWgfH92lbGAv8dee+CLyKWw5pCjg3wfPSbQL7qq9ZVgFUQWpCwWwg6aSMLJZuGCSM1oLV
XPA1WAxWkpFclkU5RjQdBsgVd8oxtWVWOcCy41XvltxSu0OZu/pAkNIFzdW2XWS67eLCQc6Vq9Nr
OmrNhCWQIy2DELdRbly7KL0LxiEezzd1QozLwu1w2C5nNbplOztUSslHkSzwBPsq3ugDjaLUKsb4
ih6K2hFghvibAiQsvqZwWVtMjMdClb+OUMgc4eP5o4YmRbhFae9k4tTnbARexT5utGEf/BDj26QC
Ly5FDiYgpu2i0thNJk8BE9hHeeyA2HIx/t1QY9NZxuZAp0g8fHK55hvpBTraiBq79aN5Qps5+J5L
Rg4I5SlS1DRTX29hmjummyllAKc1DdYBX4dZ7Bmbp3gfcSOeqmGzkVD3oYi0a1rxgOo0cJNQxCjd
JDIpwtIY9QVGMpqjHaJN7pAS/E6inRjGEvRLEOx06kydWtWimuggjh01KhsVWMVArS+8M73pddQO
Odp7B78TtQXaHLcmOFlAtunLmkbglHXUwzabmQuJmiFSuvjMfzeQRDE4snWEZQ9+Jgs7iG5WkY61
nB5n1TixQE6Mz+cpFNCqWaY7a6qBgN9Nutvmj+iDE3x1cjXBPqZ2+SryoVNYCZVbczg6K9oxI8Ir
BgjWrfW2IdBuJK9MUynngVBBoWpcGxPEePwAEUWqeopIcFkXHWTdMdpJrXPVBv+YLHib4avVFJ7z
TRYGrtcXKWTaHfRAMYY/NVpGKxUreKMTpm9s1cJrARknRHLyYqWz0AhJ82q83OOBphWvdVXnQVT5
ah1/ESnOx5OArhk1iw4TN6QWn15UtnO71QZ6pL5DKc0vR3jttpV21amodU40DkCfa3mWPZKFBpLH
wCJH583aY2DLGUoTjxLHwN8gguoDGFE3G9ADlY0D5eMAn3aRZWTjYcAzXZVAIsmjJCyvMOUBGrWu
JqXS1BjYLXawJuxXylUgfrappfVPREoFRxUm6zdBiA3MG9PA002D8tYTdQN2RSwK6BShM8qPqdjE
B+yBVh1u6+SrfYkG9ZPhrSqMCip6VTtOGN6wmlg/Dtv98b3Ztu/ttvWj+aOH+RCd8+f4IRkXnevh
yFCuWF31+i9UkqduMdRrdXXCMbaAjHUrjVIP6oWB1tw13lYp3LxIS6dcFijp5uYEeRzAA6HKpTtB
WSmwTnljA2xBZbPPXpOroa1ofgNJQZmC/kxfDdKh1LKW88mEyltxD44v07Wde4fVQUZ1DEjECSAv
X6scjuYhv0AKVB4qjKgzo7gk/JCMpBtf3Wq3xH0u4izQ7xTTJ1BqX1xzXP3lrA0E7zDh19oaMBl9
8mQOzrAB1Z9VrABFGtav0UXUr/0gpDeBK8g8anz/bQHho34dwClb1gH4Wbf6deSo+2V1WKa/NleH
JW6T7Wvh6+ZCYyX5/awJggwlqkNupucNCtbZ7yF9tU7/YpuhXN6JGMJ7g+M1p7ullv5qyOcgUc9J
9LsDvFRf/NrMhsv7qClTidRYhmGbpoVvr01PrhqcevITUbINBFDQVAcc9zjLGhNvAjzQHy8aLG5R
AJdYJTfZAuAKvyLSANa+7YZv0Zn4YUIgeNE0rirafqJkqv7dPHwEI5ir7+lpLPgYE6EsP1BBDslz
ym+3oR2m6ySXBLBp/tx7oLKgoWWSjV0HQYlWkPudF8qWSnL+gTnX1ZS6O9WCP/74X60wEIU=
===END CRASH DUMP===
