PocketMine-MP Crash Dump Thu Jul 1 23:37:11 WIB 2021

Error: strict_types declaration must be the very first statement in the script
File: plugins/NapThe/src/KaYuuVN/NapTheFGC/Main
Line: 2
Type: E_COMPILE_ERROR

THIS CRASH WAS CAUSED BY A PLUGIN

Code:
[1] ﻿<?php
[2] declare(strict_types=1);
[3] 
[4] namespace KaYuuVN\NapTheFGC;
[5] 
[6] use pocketmine\plugin\PluginBase;
[7] use pocketmine\Server;
[8] use pocketmine\Player;
[9] use pocketmine\command\Command;
[10] use pocketmine\command\CommandSender;
[11] use pocketmine\math\Vector3;
[12] use pocketmine\event\Listener;

Backtrace:

PocketMine-MP version: 3.21.0 [Protocol 440]
Git commit: 82e8eb46ac8b7ef6a320da6051b755830d202b84
uname -a: Windows NT HQDATA-788 6.3 build 9600 (Windows Server 2012 R2 Standard Edition) AMD64
PHP Version: 7.4.18
Zend version: 3.4.0
OS : WINNT, win
Composer libraries: 
- adhocore/json-comment 1.1.2@fc2f76979f0a44a5f5bc2a2b600d0762fe0e78e7
- daverandom/callback-validator unknown@unknown
- pocketmine/binaryutils 0.1.13@0abee38d4e2861621f262c79a2a3d699d8a697f4
- pocketmine/callback-validator 1.0.3@64787469766bcaa7e5885242e85c23c25e8c55a2
- pocketmine/classloader 0.1.2@9757928424652393b178a3760073113aa7c9911b
- pocketmine/log 0.2.1@830b44a2cf96ef703c550abe64302f230231ca49
- pocketmine/log-pthreads 0.1.3@e477ecf6ec214fdd4415ea1da3fdd9d73bf699ea
- pocketmine/math 0.2.6@43057cb8c179a9859677b496a788db922fd5cfc3
- pocketmine/nbt 0.2.18@9f82ca4d7f97fcd9a566e44b63c4f18a7657ae82
- pocketmine/pocketmine-mp 3.21.0@82e8eb46ac8b7ef6a320da6051b755830d202b84
- pocketmine/raklib 0.12.11@9cce458b8bfde3e4dfdbf70c659fc7b7fe26b5c4
- pocketmine/snooze 0.1.5@70b5e7937a06878dd321a3182ceb76d56298f2cd
- pocketmine/spl 0.4.2@6b08b7cf8c4afa17139c9a1b3bf1b408531de161

Loaded plugins:
BuilderTools 1.2.0-beta4 by CzechPMDevs, VixikHD for API(s) 3.16.0
MaxEnchants 1.2.1 by Xenophilicy for API(s) 3.0.0
PiggyCustomEnchants 2.4.1 by DaPigGuy for API(s) 3.19.0
VanillaEnchantments 4.0.0 by TheAz928 for API(s) 3.0.0, 3.1.0
BetterVoting 2.0.2 by Twisted for API(s) 3.0.0
NoFallDamage 1.0 by DeveloperNeb101 for API(s) 3.0.0
RandomBlock 2.0.0 by Edit By Nờ Cờ Dờ for API(s) 3.0.0
Netherite 1.2.1 by Wertzui123 for API(s) 3.0.0
FormAPI 1.3.0 by jojoe77777 for API(s) 3.0.0
PointAPI 2.0.9 by onebone | Edit By Nờ Cờ Dờ (NCD) (Danh Miner) for API(s) 3.0.0
KeepInventory 1.0 by KhoaGamingPro for API(s) 3.0.0
CustomAlerts 2.1 by EvolSoft for API(s) 3.0.0
InvCrashFix 0.0.1 by  for API(s) 3.14.0
WorldProtect 2.3.8 by aliuly for API(s) 3.0.0
PlayerVaults 3.3.0 by  for API(s) 3.0.0
AutoClearLagg 3.1.0 by Twisted for API(s) 3.0.0
PureEntitiesX 0.7.0 by milk0417, RevivalPMMP for API(s) 3.19.0
essentialsTP 1.2.2 by  for API(s) 3.0.0
CustomCraft 1.0.0 by TeamBixby, alvin0319 for API(s) 3.0.0
MultiWorld 1.5.3 by CzechPMDevs, VixikCZ, fuyutsuki, kaliiks for API(s) 3.20.0
PiggyCrates 2.0.9 by DaPigGuy for API(s) 3.2.0
PM-Beacons 2.0.1 by jasonwynn10 for API(s) 3.0.0
Broadcaster 1.5 by EvolSoft for API(s) 3.0.0
DEVirion 1.2.7 by poggit, SOFe for API(s) 3.0.0
EconomyAPI 5.7.2 by onebone for API(s) 3.0.0
TopVoter 3.1.0 by SalmonDE for API(s) 3.0.0
PurePerms 1.4.3 by 64FF00 & ProjectInfinity for API(s) 3.0.0
SlapperRotation 1.2.1 by jojoe77777 for API(s) 3.0.0
DevTools 1.14.2 by PocketMine Team for API(s) 3.13.0
AuctionHouse 1.2.5 by Shock95x for API(s) 3.0.0
PureChat 1.4.11 by 64FF00 for API(s) 3.0.0
DLevelIsland 1.0.0 by Nguyễn Công Danh (NCD) for API(s) 3.0.0
GemUI 1 by WoolChannel3295 for API(s) 3.0.0
Blood 1.1.0 by NashanPlaysYT for API(s) 3.4.0, 3.3.0, 3.2.0, 3.1.0, 3.9.0, 3.9.1
ShopUI 1.0.0 by SaltyPixelDevz for API(s) 3.0.0
SEnchant 1.0.0 by NamVN for API(s) 3.0.0
Banking_vonfram 1 by Noob for API(s) 3.0.0
RankUPUI 4 by YTBJero for API(s) 3.0.0
DanhHieu 1.0.0 by JeroGamingYT for API(s) 3.0.0
ScoreHud 4.0.0 by JackMD for API(s) 3.0.0
CustomItem 1.0.0 by Phuongaz for API(s) 3.0.0
TimeCommander 1.0.2 by TheDeibo for API(s) 3.0.2
PickaxeFunction 1.0.0 by YTBJero for API(s) 3.0.0
MineLevel 1.0.0 by TungstenVn for API(s) 3.0.0
SeasonPass 2.0.0 by TungstenVn for API(s) 3.0.0
AutoInv 0.0.10 by JackNoordhuis for API(s) 3.0.0
AntiToolBox 0.1 by NgLamVN for API(s) 3.19.0
PixelgamesToDiscord 1 by ImNotYourDev for API(s) 3.0.0
AntiVoid 1.1.0 by FiberglassCivic for API(s) 3.0.0
GiftCode 1 by YTBJero for API(s) 3.0.0, 4.0.0
RebirthUI 3.0.0 by YTBJero [Edit by NCD, Ghast, CurlliestDrake66] for API(s) 3.0.0
MenuAuto 1.0.0 by JeroGamingYT for API(s) 3.0.0
VanishV2 1.0.0 by superbobby for API(s) 3.0.0
SellExp 3.0.0 by EzMinh, LetTIHL for API(s) 3.0.0
Kickk 1.1 by MCPEVN-TEAM for API(s) 3.0.0
TradeGui 1.2.3 by Only FurkanGM for API(s) 3.11.0
HuongDan 1.0.0 by YTBJero for API(s) 3.0.0
UpGrade 1.0.0 by LetTIHL for API(s) 3.0.0
khongtp 1.0.0 by awzaw for API(s) 3.0.0
MuaFLY 1.2 by SableIamNoob for API(s) 3.1.1
MuaKitUI 1.3.6 by Infernus101 for API(s) 3.0.0
SkyBlock 1 by  for API(s) 3

----------------------REPORT THE DATA BELOW THIS LINE-----------------------

===BEGIN CRASH DUMP===
eNrNPIly28aSvzIrV23sXZIiwJtZ7VqnrUQHnyUfecEr1wAYkIhwBQcp+m3+fbt7BuAAUkzJZnY3
VbGInpmevqYvHP/c8+I05PnnpUgzP472pv3WXu6HYm9qDM2BMRj1e0Zn2J1MTLO1VyRqqDMe9kZG
dzzumqPJoG+09kSaxune9J97+TqBGXunn4+vL2fnF6efT9+9u36319oLRZbxOY5leeo7+WecmTFX
OAFPeQ6bs7DIcmYLli8EA4LWzPNTgGQ5z0Uoopz5EY1lTuonOeD0/AARJkEx96Ns/4ontwuxn6XO
/s/8l6L4cKVAZ2+O9y+5H8GSwI9giflHS6367EfLOFgSfkDl+qlwELUTuwL5MQBoFZ7wvP/4r2SR
wIiJ04hq8VJn5cB49SMM92AY/vThT8SB6YQ7gilyLKuiB6cO5NQh/CkywZLYuRN5CARaliTOsmb0
94hnAheMHpl5I1KQFY6OHxmdBXwtRyePjDpxGPLItaxj+QPnGd0nTLwRkSvRGsYj08GiFpb1ASQZ
pz2aZT4ySyxB5pZ14We5iBAbKCVPQVx701//0dqbI5AHqAQUJCCY0eJLWNy+nAFWG8Sysdy9Xsc0
Ol2EF37ggpmO0TL97LMrlntTjweZAK2ncR47MaDt97uwiY9aH5tiLOz+kDtjeyS8Ie+ZXZcPuwPD
Hg0G417XNbumPe4D7kLR8tGP3HiVsatb9vZvJ4e3h+3ReMyGnR6j3dlk2O2yl+UsqSRmdg2TvTPZ
TQ4y5KnLTl0fLf8VO7w8GSJ6NLHp3qjT7xhjuPwCcibO+sQYjH6OM9z9/OrqFgB0sSLDBhUlcSbS
z4Fvpzz1RYaS4+4CuE3F/m9ZHLVRjdLOjY7RMV97jumNhpPRxOvyfp8PvIHtmNy0gXa3OxqanuiK
0ViMAL3LgQGgOg73HR4ENnfu2kse+C7P8eCDXO6ieBW9Vn+R2ErV+7Yf8XRd5H6A9HZhb6P3ustt
IXpjty/M8RC8jeGZQ9MZTbjJe+5wMnHHHEjz+nVUj24Oau/0Xg/7o/GoD2uGQ9vhfCQG4/HA7INu
B47Zc8yBGDuDATcbCAOeZUHMwZ4VbebryWgwmpjjvtkfDszepGcbozHvjUAso55h9AC3M5kYhl3H
FMRzwmB2jNdgMzZI1HS8yVB4o24PdkaGh/1e1/RM+KdnOLw/eYChneSLVHC3FFTvteiPRsLxhsIx
jb7nuv2+MRDccHkPLibuqGd7IC3B66jwCCpqhq9h08HIsceOAeKdjAeT4Whk9ydDDjbr2uDbPXfg
eE6vjiKy85Kf8euJNzaBYHfkgU4cd8IHw6Ho9+1hz+l7xpiPhoMRF+OGcDc/22FSHdHXzzhvGrKU
34FtS7kATcbrieOI/mBsj23PFT3Rdz3XBlk7w8HEc0b2yBPm0B44DTRZFMdfhBLv4PWoaw/EaNIb
8e5wPBq7bs80eM8AboU9GrqDoTkZe6bjNpAkAWHog7UM7S6w4Xhjp889boyM3sSZcMMGxRh2vzse
9AxXGENj748q6tDZPEJHIdLbOA4yzcvVwK29jX8Dy+x027bIOXLEi3wRp7Dw173jL8JZzC5PxBIX
fPDv/bu3J3vgQnni43ivYwzBfwBARNwOhFt5Q1ck4GEy6XCz2MtPdECIIXO65yD6JAQvmlmWLanL
kTrLatCKxwj99PXN7cfrdxcnAFoJO/Nz5GuR50k23d8Hl7so7A74on2N8P0aKhDUJb8/jZwFj3Jd
ODq0KRujLpVPIoqThR/4zromi+53iELDaVkaLbWLbYJA7mb+fL4+hnwnDh/h8rFRnVsT40Od2xMO
i94UdVaNyXfwWmKEJOIhOY8Cv8ECyk32H0G3j4L6wCM/CLiCYfTSBfXYqC6oPmm7JihIvw6/gHN/
YBMtFNh3yGspacEcKRXfIIqSsP3HmAJJHIk8F+mHOPejue4udHDdSMB1N3hfYa7lfudxeNQ8N3LI
5SbgKoiyJVEGrqJO59YTchWfQag/4SEVDRW7NXDdAzQUDV5FBHEi0ithG11jZz6ggRdyeo0kdASy
ztjG3ztKpo4CiCkaezq0qcwGf5g7sqM1u7IKQ7guO1Z/T+TfnfGrkfR07q4EFGopXW9UV8G2eO6P
EF++FL5h9nbGxAYl6Kuk42nsPHJUN9j2N0wB12dQTB/OzjWeS0id415Tl7/Fv8VihP/tjOMNSstS
VFQ/nhShYj/K68xUoKZlTurcxJGw4X/232yLjbKXV8cnr9jLEx4tGNZ16aud8a+IgFIaqQaUELI2
9G9l/2chkvMIK9Q4XWsyqMO/6oB+XsT8DYd0cT5L453xVcNqWTV6nn4+pfc+DMCQ9XhaA9e13Dij
p8s4uAESv8pXnhZPZUvfGUJonQ7Fzs3t4bvb97NHT+dqteoIoAnxd/I75BHEcpzybHHm32ss6lCd
Q6C9wWMtk+p/h8rC4neg1rL8aOng1p5/b1kXsuR8gq4+xmnggrJz7ExtGKmB67rqdcZ1bUGtXATr
XelKYrOsFVKQSAqapvc1XWme9LLwU88XgauXimU/L08FFrKQTaT7NW7RPVFj6wMvgnrmrIN1ofQe
ON1dHchSuwltvaSty8ZbRchWJR8WeXwcCJ5e8Lme3tXhdY4eeJzd5HePpHKwR+wgFQFQYVlNop6d
6kq8h9k6KMLL4/06PtRukYrTKPdzX2SfdPXW4PXjO2pKI/SDu27fwO7VO7H0lzyYXV7Ovl4gPeMU
pBJnEoYJKB8IE4owUL5G5rOPhEbrfp1fEIzIMtwGdHg70+RSAzezK/MvMXt9S8tqEPDE+AOO2Msf
hB8JbYTWB6YueHjk39sYg3mw9KNuz5h8b2Ej9z/PRai884bdar8yOBGVtYun8H0J/sAnX6Y3NTbA
OteDTm9rp+f473gjpFgXeVbc+fD7Dtyzf5fVZGF2d9X/CZFWcvzg8XW6v6f3oyGqeiMpz8XDnoiE
bsk/H+2FmLuuc5v9ESKtdvH9/RBCQ32Q2WX7SHAnjmoy2QCbImmka7/xLI5W6ygyururMDY4sdhH
OrDML+nZehaOUpjhUHjX+xkatHEa/toMVNsY2KhR8W3558npBz8l4ivmKlDTR4/qvCXxHO9MtfZu
rs/ErhiUSC1rSSRYFhxo9Usj6yusIk+noNw4XNfrQg2o8zWAkGw+WhnuvsgTkgQq82rkbLXC2zj5
ENdNsAJtSbdueBDG0cnpztgpEVpWScLm15NqdkgXZiINs0bKJGF1m+s3Y8uwf3bW7bJ/ZZBl/wZZ
9nnk+ZGf7655/lnuINMjIkn7+Q2+ktaqUmGDB8RwE/AkEem7OKfnCjRhNEe2NKL+grZMg4KnV+wQ
KJt3iipQnQ2oVRvHbnPjnGEeU0+Be9/uUUoCwINsSHletrshbb/CQeWQg+J5GxeZqFVDGripvEZ8
uFkA6sng/nuTwpo70bsHGzlkaisslIjABRKIdVKN3Ced3+MFzxvHl0DN02sYjx3f5zGrOYeHfJ9x
Ij7D5lVr7xMEC2Bjdtou4Xt/crKR2s2vHZxrQoMn4AI77+dZwCM9e66Bt1QNV3PI1wpDOIMIe5Hd
rteP5ozaj9SKfKb4aqZR9la/cl5wexEdx9Ect4RTUyd9q328EeF7PfDK6xrPjU46nCcQXxSJoGdO
BjvzYrDx0z3XURDHusLkdcNnPdAUHDIeYRcl++W2Rndf3avrqb+mdu8O/06qv8Y386ftDrkg0qv+
PIVfcDxJTU0KsMU2Ifjn65l/LwJwhF92pqr357j907V1o0odnf4StO108fDD1c4IJ2zPsDIe3fnR
/PMyjrwUYpxmb42Rr5yXqzi2d8cAIAOzgd2fdVfw7v2sZj0VqHZju073L7dHP4kd3mTAPYuk8J+R
noBDe+uLQnfMJWiL2SDl8o5G46R/113at88weXxC7m2h+6gKtOVpgp+4c3d5sjOqJTrLKrd/7g0d
bF096KcRcIsOZosCohLfndvZbP10Hm79UKgHTOv1WA3e5MR88HzHifDt5lkwv5mT2u5Puc0he1jO
Hb8XZ0XkNEqQ5sgWxez6ZCdy+6crBVNzSlP0hmUF29alLaI5Pt37IdoZAxuUwINGx/ZTLrBfNeOZ
XkJpwC2PW/zFrGwI0X8/9c4RlCWNe0YIeXB78xHnBUEqdReFn+2wLejcRSVWeevIj5byppGkajtL
Ue5jKXgU63dudWidtWYUn188yES+61E4hRB42JDw1Du4WmFT0kX+AfK8Ob4fcBuf+Bm4e7fmIx6O
fiVrOQ+v4vyXuEghcdyZGnWkUM69qSihi5OnqvFD7LsNHRJoS/p/5tsineOj2cf+0nd2xtVRKni+
uOWYEAbrI3ouXaoVqdr8+oay9THU+xU+rN58Lz9Wr5WUBVwJ+op2/ywCtFQ+8s01nNr7GcmpsP00
X9Sz0wpWb5b+WSBjv9IzQfaaQb3dYm8WPMtb7LhIg8AXWX6S8jsxHP5jd5ms8COHpxGn+9hPDnoi
KtBf6TGvBP1fZLPl5k/nAB8izRYfzMbDsgTawkFWJCK1Y9veXet3g9KySjI2v54WvYPg9D6phW4J
2WJ3p18gS1i02IXIb8/fXuyMJYnXsk4/zZ5XYP8MGZj+yKe8bvjDOg+Xx7PTD1ft29PDy92ZFOG0
rHL77dl5CuHuTeHriXkJarZiG7cWrqNgzc6K9I5Hb+ocGN/zxHWJ0bKIkKer4G0hW3AaKxXofzkf
L/d9OvHvkzfIrUZ7CdlC+q5PQPEMo79bAJu5fnxLyBai+eoLX+2M5CjOk29+6leSQg9x8LOLX2oP
cBCgcQqa7T0g95yHD1pMxnf0KXFjfBLvyp8v8qMAMu+TS3wuA6FPexyF/+zntYBegZqPLA8bSWfk
iTQqsl0+Wq/hRMcEVDyjiXO3bj5MX4H+PLvSKP/2W3pqG8v6exF4fBH6Z7+lTyUcXwnjKdCbi+a9
uvblrJMsOD2FlNELpJ0kxRcP6LGy8rXkF7MKxo7jyPPnDF+LtlIrevFRuOynImK9LutOpj1j2h+w
f++OmNk1DZwQ8Ghe8Lk4ENEcr8M4dw/wtggfDeWfwCp6XaPL5BWHP/2eA//27An8a476VmG43ZEc
tjMc75uxPqSWulk5E/7tZtUUHHN6rNoUdiPSJMPtJE7zA2Ni9EwErhYgtnbgZ/lBF695FMVF5OAT
o/i0ZZs7C1/Id7mzgzgiPAlfRW31kCpYgFwY8nu1JjvoEwSrrRCyYTnuxSlgrWCx5yEUdOFiY668
TpaJ2sX1Pc93iiBfHxCh8t3lPE7bmcjxjZfsgOSNvYo2WueBLdwVT7MNNBPC1SbhK+UHZxeHtwiS
Ztn+vRDpWu2oQKkDLCly8HcngZJpBVXawb/RfyAjSBvbGV8KtXDpi1XbBRFyENzBGEH3dnzfxjOh
ptRedeysQ3zV8QVDe2YOWVihXthHQ2MgK1YzWjA8drsQmWAl84yn8q3+OAIrzRc8Zw7qjt72h/w8
KFywVED/wMwR100cwkoPETRxZtwTLRbjKxgZomQ2FGF3bA1lq8LFfI+BDn3Ppx1AffiCP/hMQHwl
VhW6fVd49LAuW8XRDznDu/Q8ZSi9EJjF147X8vsDfib5Xi1ExIpkDqEXEHSsCI1WIptaEWMvPi7o
3RCWx7BL5DJAwfCDAUh8nvIoC7AokcNEKjgRDohBnoHISV74iI4j2IJHbkASDBGztM7y8E4ZOSsc
yBZF7sZg7+pjC1Nm7alXz4nqe5aK9m8xsBHFq3+x9ojMwyCIVwwPFVDG1LPXbOlz9je0N5xDhlc+
lj1l+IQALT0lI1RrGBDJ8HgwUB9ICLFBmafkivOVzVbDGuUvPvognRjzRO66QGYmdYEyBunfsVDw
rEjVZyAysBskGiQlfi94gDKc+0uYu+RBIdhLtSk4uleIXe4Ip0WgP2mDDuZzkU5hmPa+KkIbRAQm
dpitI+eWZ3dgBekdGFWHJrzPQE9o5yWnOG2RxuB9QJUwPWsxeiaSqYMPh6PF8I18YATjDskG3D7C
wiICc8IpEvkN6Rp4ApNL43sfzE2AGIAlMuOoIg5lqwg699BwcQ4aaIv5+Q8gvjylZa5AX0f201jM
XgIP+BkGk8RCbLQVp1NC1TRcTsaRFlGE6nTlq2+kBHoROOuwE7FUv1mIWQijVxxa+klUhoMSSdMi
ySVUCgwFEwJtii9SLpxQ+lCBK08HX8a+C2Q/TgHaCNpcDIIG6+pohgaT23JSZWng+sGlp2t5Qt8E
sQ3Wg4GdSTicg9CnD42EYs7tdQ4SZzdS1F0Srp8hblp+i1pb+SR5sig4wau2RFQaWUYcej6QCO6J
PnmBaLxUiHJLaeSgrQLPLJvHoKgYzyxaBW40JzLbRNqUdZEL2J38sfxYwP97DjBT+hr9GFm/j/4s
jxP5cRjp7yqSFLqMgfvA4CjciiDctaTK6Jp9RRg5gY90KhR92Q87oJDOBZGEHoM5BUSiCCIRE/fC
Kcj5xpJkeSIxclWzxb0D+UG24Ug6ruvb0ym7fXt+wy7OL89v2eFsdnF+esNmp+8YZJs/n75rMZjE
bq9h1in7+Pb64pTN3l0fn97cdJouoCYPczBU4piJ1I8pOqMjzpBBZyHIJZM0KmdrgOwhP3DJt9CU
Nj6/LN0soYL8FPgEBw3WhPz+mbFJI4NsD6NhhNPUZoRZIgHXu3HkMiLRHtRrwKBPCzoPZ6MtqDwf
1JYIB3MDKVkkV+pVrq14APMSSbZhFRJqyWv26nGSFOc9xfmcpzacjLYTB4HMQ8kBPS5dOmpIjlrF
1Crw3SGPCspEdEogSyvABl+1ypjQNMLSDGV49TzAJfkNN0eww66lz5cGD6lEXARuRYsPQWQVsQ39
mUScEPnA6LDbVbzCbmfkLB4ESTIdiaHizUvjsAy2crWa0dZNU9cwcqM0+cA22CMmVbOOmzJ7RJWl
sBOaoTJktwgTmWrJfI6pgTYOlPo6wUlqAdFOZJYcwBWEeTjs/BEBQ9CGwAc7LMHIsqwQ6BjyBWht
Xqae6LRwtw1VrVKRMkdQGWZHUoNT/1ROWOM4iyK6y0raj3mCUD8sQoixeDublYUAKpLJikhSsZEr
nhclSjoxD20MMu9EUUQbtjElLiDo9iuNncRyqGnTmBuh15P45eTyCElcaqLOGWUObQeqPVHxdgKk
UK4C6SNKD6iTCYbEknAsUJhcIznccAfLlDwlP+XOOHmT7aIA8R21Eu/XUX3NDq0oEjkqbKpCBKRm
iziQKabNc6hiMRMnkiFrAhNSQYZ8myyD1KgMLbaokk0Z3l7oWiqH0K2m6xyRt1jb0BRIyqON23lJ
jAoB5LU3eSwVp5hCupJzLGwo0cfFAFRkddhbyAXBlg4ouWPHs/ctWAs02HC+Vr4LZk+5gvSeFf42
4Z+yYZl2bzLyjKSjze2wQxcc1YIH3j6+bU5lgivAhtVWsCnD7gsamHYQN2FPQ6aXIqf36NUwxeRB
hyER72fRrEy2N9Ug1hJIFNTxhLRIoqStrhvVzaU6dZn/RVT6xLS8VCO+PVemTJC2S/PQQmt/YspF
rzpsptYEPJ3TAq7KUmULtKOX8jmyADoBsWVJQBkL1pohEI+Hnaeop+PAx24JFc8pFFMiy9nl7Xui
NAOWkG27yBkW66TKzXayuOiUvibMizaumhK1aOWusIv5tCxY/pMZWKiodG0BR5XGmapVs/Lrfvj6
UCwDl7IGA5FJ5ySxHS/iOKMKvKxTRFmJkgdzec5Zxpelp8T2R9kjwjGthAXC6IF3mbCo5gSWyLIY
phbRD+yTHd+j1afs/IS9/PT+/OQV8AwmDzTA/BW4+ySVT0iDYWD9kkLx0tlkgGAJMU0hYUdg6Z+O
Lkr8qrbRID/QZvT9QOoP5AKLXArDxFtctkpUCNE6OJ5H28KY763b94XvbrjlkKaAcxM8L90msC9b
nWUVQBWkIhTMBpJOysii2An8hNFasJpLvgaLwUoyjJdlUY4RTYUBcsXtckxumW0cYNnx0rslt9Tu
kOYuP0opdUFzlW0XmWq7OHivXbo6taYt10xZAjnS0g9wG+nGlYtSu2Ac4tG8qhMiXBY0w2GrnFXr
lj3aoZJKPgzjAk+wJ+ONOtAoSqVijK/ooagdAWaIvylAwuJ3FC61xcR4JGT5awuJzBYenj9qaFKE
W5T2TiZOfc5a4JXs40YV++CHGG+SCrw4FDmYgJj2GJXdx8nkKWAC+yiPHRBbLsa/FTU9OsvYHGgX
iYuvNGq+kV4rp42osasfzRPazMbeekYOCOUpUtQ0k98iZIo7ppopZQCnNTXWAV+bmewFm6f4jFUl
nk3DppJQ56GIlGtacZ/qNHCTUMRI3SRxUgSlMaoLjGQ0RznEHrlDSvDbiXJiGEvQL0GwU6kzdWpl
i2qqgjh21KhslGAZA5W+8KtKVa9DO+Ro7238fGkDVB23OjhZQLbpxZpG4JS15e2vauYiRs0QKR18
4b3jx0QxOLJ1iGUPfqMVO4hOtiEdazk1zjbjxAI5MT6fp1BAy2aZ6qzJBgJ+BfSuyR/RByf4+uR6
in1M5fJl5EOnsBIyt+ZwdFa0Y0aEbxggWEfrbUOgrSQvTVMq54FQQaFyXBkTxHj8nCZFKj1FJHis
iw6y7gjtROtctcA/JgveYvgtPwrPeZWFgev1RAqZdtuR721M1WgZrWSs4LVOmLq7pYXXAjJOiOTk
xUpnoRCS5uV4uccDTUtedVXnfrjx1Sr+IlKcjycBXTNqFh0mbkgtPrWobOd2NhuoEX2HUppfj/DK
bUvtylOhdU4UDkCfK3mWPZKFApLHwCJH5c3KY2DLGUoTlxJH36sQQfUBjMibDeiBysaB9HGAT7nI
MrLxwOeZqkogkeRhEpRXmPIAjUpX01JpcgzsFjtYU/Yr5SoQP1vU0voHIqWCYxMm9ZsgxAbmjanv
qqZBeeuJugGPRSwK6BShM8qPqdjEN/CBVhVudfLlvkSD/MnwVhVGBRm9NjtOGd6wmpo/jlqDyb3R
6t33WuaPxo8u5kN0zl/iJ10cdK4H4650xfKqP3glkzx5i0Gv1eUJx9gCMlatNEo9qBcGWnPWeFul
cPIiLZ1yWaCk1c0J8jiAB0KVQ3eCslJg7fLGBtiCzGZfnJGroa1ofg1JQZmC+nq0BmlTaqnlfHFC
5a24B8eXqdrOucPqIKM6BiRi+5CXr2UOR/OQXyAFKg8ZRuSZkVwSfkhG0spX77X2xH0uosxX3wWg
Tw9q3w+2HfUd2AqCd5jw28M1WBx+duMcnGENqj7lvQEUaaBfo4vQrz0/oPeoN5B5WPua8QLCh37t
wylb6gD8SLF+HdryfpkOy9S3k3VY4tTZfic81VyorSS/n9VBkKGEOuRmdlGjYJ39HtA3mNUvVg3l
8Z2IILzXOF5zultqqneJv/iJfJ5rQI9PfJHfr61mw+V9WJdpjNSY3W7PMEz8rMXs5LrGqRt/Jkqa
QAD5dXXAcY+yrDbxxscD/emyxmKDArjEKrnOFgBX+JG7GlD7UjG+hWfgZ7aB4EXduDbR9jMlU/pX
oPFZH38uvw6tsOBTM4Sy/EoeOSTXLr9EjHaYrhN8NBMAPZo/dx+ozK9pmWTT00FQohXkfueFtKWS
nL9jznU9o+7OZsEff/wPLPxh2w==
===END CRASH DUMP===
