PocketMine-MP Crash Dump Thu Jul 22 19:29:03 +07 2021

Error: Undefined index: MCDontDoThat
File: plugins/PiggyCustomEnchants/src/DaPigGuy/PiggyCustomEnchants/enchants/miscellaneous/ToggleableEffectEnchant
Line: 53
Type: ErrorException

THIS CRASH WAS CAUSED BY A PLUGIN
BAD PLUGIN: PiggyCustomEnchants v2.4.1

Code:
[44]         return ["baseAmplifier" => $this->baseAmplifier, "amplifierMultiplier" => $this->amplifierMultiplier];
[45]     }
[46] 
[47]     public function toggle(Player $player, Item $item, Inventory $inventory, int $slot, int $level, bool $toggle): void
[48]     {
[49]         if ($toggle) {
[50]             if ($this->effect === Effect::JUMP) Utils::setShouldTakeFallDamage($player, false, 2147483647);
[51]             if ($player->hasEffect($this->effect) && $player->getEffect($this->effect)->getAmplifier() > $this->extraData["baseAmplifier"] + $this->extraData["amplifierMultiplier"] * $level) $this->previousEffect[$player->getName()] = $player->getEffect($this->effect);
[52]         } else {
[53]             if ($this->usageType !== CustomEnchant::TYPE_ARMOR_INVENTORY || $this->equippedArmorStack[$player->getName()] === 0) {
[54]                 if ($this->effect === Effect::JUMP) Utils::setShouldTakeFallDamage($player, true);
[55]                 $player->removeEffect($this->effect);
[56]                 if (isset($this->previousEffect[$player->getName()])) {
[57]                     $player->addEffect($this->previousEffect[$player->getName()]);
[58]                     unset($this->previousEffect[$player->getName()]);
[59]                 }
[60]                 return;
[61]             }
[62]         }
[63]         $player->removeEffect($this->effect);

Backtrace:
#0 plugins/PiggyCustomEnchants/src/DaPigGuy/PiggyCustomEnchants/enchants/miscellaneous/ToggleableEffectEnchant(53): pocketmine\utils\Utils::errorExceptionHandler(integer 8, string[29] Undefined index: MCDontDoThat, string[146] C:\Users\Administrator\Desktop\VOL\plugins\PiggyCustomEnchants\src\DaPigGuy\Pigg, integer 53, array[6])
#1 plugins/PiggyCustomEnchants/src/DaPigGuy/PiggyCustomEnchants/enchants/traits/ToggleTrait(39): DaPigGuy\PiggyCustomEnchants\enchants\miscellaneous\ToggleableEffectEnchant->toggle(object pocketmine\Player, object pocketmine\item\DiamondChestplate, object pocketmine\inventory\ArmorInventory, integer 1, integer 3, boolean )
#2 plugins/PiggyCustomEnchants/src/DaPigGuy/PiggyCustomEnchants/enchants/traits/ToggleTrait(79): DaPigGuy\PiggyCustomEnchants\enchants\ToggleableEnchantment->onToggle(object pocketmine\Player, object pocketmine\item\DiamondChestplate, object pocketmine\inventory\ArmorInventory, integer 1, integer 3, boolean )
#3 plugins/PiggyCustomEnchants/src/DaPigGuy/PiggyCustomEnchants/EventListener(306): DaPigGuy\PiggyCustomEnchants\enchants\ToggleableEnchantment::attemptToggle(object pocketmine\Player, object pocketmine\item\DiamondChestplate, object pocketmine\item\enchantment\EnchantmentInstance, object pocketmine\inventory\ArmorInventory, integer 1, boolean )
#4 pmsrc/src/pocketmine/plugin/MethodEventExecutor(42): DaPigGuy\PiggyCustomEnchants\EventListener->onQuit(object pocketmine\event\player\PlayerQuitEvent)
#5 pmsrc/src/pocketmine/plugin/RegisteredListener(80): pocketmine\plugin\MethodEventExecutor->execute(object DaPigGuy\PiggyCustomEnchants\EventListener, object pocketmine\event\player\PlayerQuitEvent)
#6 pmsrc/src/pocketmine/event/Event(88): pocketmine\plugin\RegisteredListener->callEvent(object pocketmine\event\player\PlayerQuitEvent)
#7 pmsrc/src/pocketmine/Player(3713): pocketmine\event\Event->call()
#8 pmsrc/src/pocketmine/network/mcpe/RakLibInterface(122): pocketmine\Player->close(object pocketmine\lang\TranslationContainer, string[17] client disconnect)
#9 pmsrc/vendor/pocketmine/raklib/src/server/ServerHandler(127): pocketmine\network\mcpe\RakLibInterface->closeSession(string[20] 113.188.254.11 46534, string[17] client disconnect)
#10 pmsrc/src/pocketmine/network/mcpe/RakLibInterface(109): raklib\server\ServerHandler->handlePacket()
#11 pmsrc/src/pocketmine/network/mcpe/RakLibInterface(99): pocketmine\network\mcpe\RakLibInterface->process()
#12 pmsrc/vendor/pocketmine/snooze/src/SleeperHandler(113): pocketmine\network\mcpe\RakLibInterface->pocketmine\network\mcpe\{closure}()
#13 pmsrc/vendor/pocketmine/snooze/src/SleeperHandler(75): pocketmine\snooze\SleeperHandler->processNotifications()
#14 pmsrc/src/pocketmine/Server(2155): pocketmine\snooze\SleeperHandler->sleepUntil(double 1626956942.5498)
#15 pmsrc/src/pocketmine/Server(1992): pocketmine\Server->tickProcessor()
#16 pmsrc/src/pocketmine/Server(1586): pocketmine\Server->start()
#17 pmsrc/src/pocketmine/PocketMine(291): pocketmine\Server->__construct(object BaseClassLoader, object pocketmine\utils\MainLogger, string[35] C:\Users\Administrator\Desktop\VOL\, string[43] C:\Users\Administrator\Desktop\VOL\plugins\)
#18 pmsrc/src/pocketmine/PocketMine(321): pocketmine\server()
#19 pmsrc(11): require(string[90] phar://C:/Users/Administrator/Desktop/VOL/PocketMine-MP.phar/src/pocketmine/Pock)

PocketMine-MP version: 3.22.0 [Protocol 448]
Git commit: c32c21464c30cd7059a4cbfb0a7d7e493238a561
uname -a: Windows NT HQDATA-788 6.3 build 9600 (Windows Server 2012 R2 Standard Edition) AMD64
PHP Version: 7.4.18
Zend version: 3.4.0
OS : WINNT, win
Composer libraries: 
- adhocore/json-comment 1.1.2@fc2f76979f0a44a5f5bc2a2b600d0762fe0e78e7
- daverandom/callback-validator unknown@unknown
- pocketmine/binaryutils 0.1.13@0abee38d4e2861621f262c79a2a3d699d8a697f4
- pocketmine/callback-validator 1.0.3@64787469766bcaa7e5885242e85c23c25e8c55a2
- pocketmine/classloader 0.1.2@9757928424652393b178a3760073113aa7c9911b
- pocketmine/log 0.2.1@830b44a2cf96ef703c550abe64302f230231ca49
- pocketmine/log-pthreads 0.1.3@e477ecf6ec214fdd4415ea1da3fdd9d73bf699ea
- pocketmine/math 0.2.6@43057cb8c179a9859677b496a788db922fd5cfc3
- pocketmine/nbt 0.2.18@9f82ca4d7f97fcd9a566e44b63c4f18a7657ae82
- pocketmine/pocketmine-mp 3.22.0@c32c21464c30cd7059a4cbfb0a7d7e493238a561
- pocketmine/raklib 0.12.11@9cce458b8bfde3e4dfdbf70c659fc7b7fe26b5c4
- pocketmine/snooze 0.1.5@70b5e7937a06878dd321a3182ceb76d56298f2cd
- pocketmine/spl 0.4.2@6b08b7cf8c4afa17139c9a1b3bf1b408531de161

Loaded plugins:
AntiTNT 0.1 by Adam1609 for API(s) 3.0.0
AntiToolBox 0.1 by NgLamVN for API(s) 3.19.0
AntiVoid 1.1.0 by FiberglassCivic for API(s) 3.0.0
AuctionHouse 1.2.5 by Shock95x for API(s) 3.0.0
AutoClearLagg 3.1.0 by Twisted for API(s) 3.0.0
AutoFeed 1 by Ghast Noob for API(s) 3.0.0
AutoFix 1 by Ghast Noob for API(s) 3.0.0
AutoInv 0.0.10 by JackNoordhuis for API(s) 3.0.0
AutoSell 1 by Jero, Cur for API(s) 3.0.0
AutoXP 1.1.0 by JackMD for API(s) 3.0.0
BLOCKBREAK 1 by YTBJero for API(s) 3.0.0
Banking_vonfram 1 by Noob for API(s) 3.0.0
BetterVoting 2.0.2 by Twisted for API(s) 3.0.0
BlockCMD 1.0.0-beta by kenygamer for API(s) 3.0.0-ALPHA10, 3.0.0-ALPHA11, 3.0.0-ALPHA12, 3.0.0
BlockSniper 3.2.3 by BlockHorizons, Sandertv (@Sandertv), Chris-Prime (@PrimusLV) for API(s) 3.2.0
Boss_Quai 2.1 by phuongaz for API(s) 3.0.0
BuilderTools 1.2.0-beta4 by CzechPMDevs, VixikHD for API(s) 3.16.0
BuonLau 3.0.0 by AmGM for API(s) 3.1.2
BuyCMD 1.0.0 by zZPROGAMERZz423 for API(s) 3.0.0, 3.1.0, 4.0.0
BuyFix 1 by phuongaz for API(s) 3.0.0
CachMuaLand 1.2 by Noob for API(s) 3.1.1
ChoCanh 1 by YTBJero for API(s) 3.0.0
CmdSnooper 1.0.0 by HotshotHD for API(s) 3.1.1
CustomAlerts 2.1 by EvolSoft for API(s) 3.0.0
CustomCraft 1.0.0 by TeamBixby, alvin0319 for API(s) 3.0.0
CustomItem 1.0.0 by Phuongaz for API(s) 3.0.0
DEVirion 1.2.7 by poggit, SOFe for API(s) 3.0.0
DLevelIsland 1.0.0 by Nguyễn Công Danh (NCD) for API(s) 3.0.0
DancingFarm 1 by RicardoMilos384, DontTouchMeXD for API(s) 3.17.0
DanhHieu 1.0.0 by JeroGamingYT for API(s) 3.0.0
DevTools 1.14.2 by PocketMine Team for API(s) 3.13.0
DragonChestplate 1 by YTBJero for API(s) 3.0.0
EatFoodHealth 1.0.0 by YTBJero for API(s) 3.0.0
EconomyAPI 5.7.2 by onebone for API(s) 3.0.0
EconomyLand 2.1.2 by onebone for API(s) 3.0.0
Eff 2 by AmGM for API(s) 2.0.0, 3.0.0
EnchantUI 0.6 by UnknownOre for API(s) 3.0.0
EnchantVipUI 0.6 by UnknownOreforsource|RBpmmpformod for API(s) 3.0.0
Eternity 1 by minefore and shin1134 for API(s) 3.9.0
Fly 1 by Ghast Noob for API(s) 3.0.0
FormAPI 1.3.0 by jojoe77777 for API(s) 3.0.0
FormImagesFix 0.0.1 by  for API(s) 3.11.4
GemUI 1 by WoolChannel3295 for API(s) 3.0.0
HeartWings 1.3 by Edit Nờ Cờ Dờ (NCD) for API(s) 3.0.0
HuongDan 1.0.0 by YTBJero for API(s) 3.0.0
InvCrashFix 0.0.1 by  for API(s) 3.14.0
InvSee 1.0.0 by BlockHorizons for API(s) 3.0.0
KeepInventory 1.0 by KhoaGamingPro for API(s) 3.0.0
Kickk 1.1 by MCPEVN-TEAM for API(s) 3.0.0
KingofBlock 1 by YTBJero for API(s) 3.0.0
LoadAllWorlds 1.1.2 by  for API(s) 3.12.0
LpkCuaHangUI 1.0.0 by phuongaz | Moded by LamPocketVN for API(s) 3.0.0
MS_GiftCode 1 by YTBJero for API(s) 3.0.0
MS_NV 1 by YTBJero for API(s) 3.0.0
MaxEnchants 1.2.1 by Xenophilicy for API(s) 3.0.0
MenuAuto 1.0.0 by JeroGamingYT for API(s) 3.0.0
MineLevel 1.0.0 by TungstenVn for API(s) 3.0.0
Minerloot 1.0.0 by Distoxicqted for API(s) 3.1.4
Minion 1.0.4 by phuongaz for API(s) 3.0.0
MuaCoinUI 3.5 by BlackPMFury for API(s) 3.0.0, 3.2.0
MuaFLY 1.2 by SableIamNoob for API(s) 3.1.1
MuaKeyUI 1.0VH - RBplugin by Ibenrm01 for API(s) 3.0.0
MuaKitUI 1.3.6 by Infernus101 for API(s) 3.0.0
MuaPointUI 2.0.0 by JKPVN (JakayPluginVN) for API(s) 3.0.0
MuaTuNhanUI 1 by FurryJaki1992 for API(s) 3.0.0
MultiWorld 1.6.0-beta1 by CzechPMDevs, VixikCZ, fuyutsuki, kaliiks for API(s) 3.20.0
NapTheFGC 1 by KaYuuVN for API(s) 3.0.0
Netherite 1.2.1 by Wertzui123 for API(s) 3.0.0
NoFallDamage 1.0 by DeveloperNeb101 for API(s) 3.0.0
NoTP 1.0.7 by awzaw for API(s) 3.0.0
OreGenerator 0.1 by phuongaz for API(s) 3.0.0
PCEBookShop 1.0.3 by Aericio for API(s) 3.11.2
PECollide 1 by saxavlax001 for API(s) 3.0.0
PHP-Sell 1.2.7 by Muqsit for API(s) 3.0.0-ALPHA9, 3.0.0-ALPHA10, 3.0.0-ALPHA11, 3.0.0-ALPHA12, 3.0.0
PM-Beacons 2.0.1 by jasonwynn10 for API(s) 3.0.0
PayPoint 1.0.0 by YTBJero for API(s) 3.0.0
PickaxeFunction 1.0.0 by NamVN for API(s) 3.0.0
PiggyCrates 2.0.9 by DaPigGuy for API(s) 3.2.0
PiggyCustomEnchants 2.4.1 by DaPigGuy for API(s) 3.19.0
PiggyFactions 1.2.0 by DaPigGuy for API(s) 3.13.0
PixelgamesToDiscord 1 by ImNotYourDev for API(s) 3.0.0
PlayerVaults 3.3.0 by  for API(s) 3.0.0
PointAPI 2.0.9 by onebone | Edit By Nờ Cờ Dờ (NCD) (Danh Miner) for API(s) 3.0.0
PureChat 1.4.11 by 64FF00 for API(s) 3.0.0
PureEntitiesX 0.7.0 by milk0417, RevivalPMMP for API(s) 3.19.0
PurePerms 1.4.3 by 64FF00 & ProjectInfinity for API(s) 3.0.0
QuyenVipUI 1.2 by NightBlackDM for API(s) 3.1.1
RankUPUI 4 by YTBJero for API(s) 3.0.0
RebirthUI 3.0.0 by YTBJero [Edit by NCD, Ghast, CurlliestDrake66] for API(s) 3.0.0
RedstoneCircuit 2.0.0 by tedo0627 for API(s) 3.6.0
Report 1.3 by ImNotYourDev for API(s) 3.7.0
SEnchant 1.0.0 by NamVN for API(s) 3.0.0
ScoreHud 4.0.0 by JackMD for API(s) 3.0.0
SeasonPass 2.0.0 by TungstenVn for API(s) 3.0.0
ShopUI 1.0.0 by SaltyPixelDevz for API(s) 3.0.0
Shulkerbox 1.1.2 by UltraFlappy for API(s) 3.0.0
SizePlayer 1.1.0 by  for API(s) 3.0.0
SkyBlock 1 by KhoaGamingPro for API(s) 3.0.0
SkyBlockUI 2.0 KSCore by KaysilGMVN for API(s) 3.0.0
Slapper 1.6.2 by jojoe77777 for API(s) 3.0.0, 4.0.0
StaffTable 0.4 by GigantLeyKey for API(s) 3.0.0
StepCommand 1.0.3 by DavidFlash for API(s) 3.14.0
TN 1.0.0 by JeroGamingYT for API(s) 3.0.0
TimeCommander 2.2 by Zeao for API(s) 3.0.0
TopGems 2 by moch for API(s) 3
TopVoter 3.1.0 by SalmonDE for API(s) 3.0.0
TradeGui 1.2.3 by Only FurkanGM for API(s) 3.11.0
TradeNPC 1.0.0 by Free for API(s) 3.0.0
VQMN 3.0.0 by AmGM for API(s) 3.1.2
VanillaEnchantments 4.0.0 by TheAz928 for API(s) 3.0.0, 3.1.0
VanishV2 1.0.0 by superbobby for API(s) 3.0.0
WorldProtect 2.3.8 by aliuly for API(s) 3.0.0
essentialsTP 1.2.2 by  for API(s) 3.0.0
helpnewbie 1 by YTBJero for API(s) 3.0.0
iProtector 3.1.1 by LDX for API(s) 3.0.0

----------------------REPORT THE DATA BELOW THIS LINE-----------------------

===BEGIN CRASH DUMP===
eNrtXXtz27ay/yq4zplz7HstWaLeOpNOHNmO3fih2oqTtspkIBKSWPNVPmQrp/3udxcASYCW9bCV
9vyRzqQWl+Titw/sLkCQ+M/O2A9dGn+ZsTCyfW+nW9/fiW2X7XSrTaPZaTQ79Vq5Vq83qrX9nSQQ
p+qVRqfcaXQ6rVa72TCqnf0dh0bxcRj64U73PzvxPICrdvjx8YPJ4DZgvb/jsiiiEzz1wbPY2PaY
RWz49dAlF70j34uP/MGUxnDlOHGcE9vBS3vd4fBDBPCGw0PLtT07ikMa++FweMSiu9gPhsPbq/Ph
MHCSie3BVX17Mpn3kij23WPPnFIvBmIUmnADhXPvkvkT17Dsl2tHJnMc6jE/gcOBP5k4jI4cdjwe
MzOWt5SDaYBYBU7Z/sEC1gfQ+kHa+MIL0qYPtJYPnmgYGnVAeTvdBhgFtGHCz193XlXIX4hht1Hb
65LAN+9YDFZhw2ES2w4o6wP+6XaZZvxT6lkOC3dtL2YTFpL2PgEz2t7kV6PzmSz1huzKar35mXwz
b9gnKTZQKqFhSOe/Nj/vgapfVbekV0Bqx6lCB3iwW+uAErfslqUfYn5i1x/9BlTNRn2Hzlm4Txac
smPmglJs6vqe1ZuyKA4cGrPF13oz5oHWAfJh6PrhWXqca7Ga/wR9jnwfkHqE69P4dvpsbaRPRYGC
5jJUn+8N/rsVWHuZAo+xrXPoOcyDLlmrNF+ss26XxiB9EH97xfFrWd70cKjgOPOimHrmS3SuKbpO
AhfVif9yVgdC+wcXLJ76Ftfm8QMzE+C1WzdWK1PTP7rbTwm47gLEbMYFDLjqUhXixZwDR9hYivCa
TbCZkFmZuduVQtgWlw6HC6Qp/cD4r8ygmwi20AZrSNRcLBG/U7jubrv9hAyP5S39YFLHEbc9D09r
MR5x6W6tVS3mQcmTcxDN73JG7cWMPBbf++HdgWsG7OCa3p3bozNwx3AMaX23ahgF7qJd4Ov40cKO
BulhAt00pF4EvQhybw9SKbW5RdJM2vpMTMcGfMSClOJ7HjDhGDsSI2C3/FCFGdI7xx5x8JB+oVw8
uOF/0sxeNVoFpFIwSFsgGdhGF01KcAMlIWDcTauBymdSrdbK1Xa7bDTq5WqV1JuNWn0N6NXKc/Rb
wYQhZIOygEs0HGqSlX6Y8h99iiyFKQHW5m11OhsqKAh9E9QjmzSeNE3k+f5XxrHcOIwFilEeOefK
Np++9j9osCRkf0pAtWcAajUKeMSloHLtukz2Sz+2x7bJ/ThVxBNBWRht16g21m0jwuMPHtSru5af
QEYj2ZjHKDfqnbZor7G0vWqnU+yi4gyUYbZ51xdyQGYQzJrLmTXazSeYQWILU+97KiTxnxfwc9fo
VJ/g8+ULdBroTImZBcS3NGI9GMBF5z61ngjcsri/gEByDjleCSa1xvpVeXZTvfaMUl4I314pfM0o
Ci86ttSejHHQObDrs98TO2Rp/OlA/AmmNOweHPS6BxzdgQbuQGI7AGhKm6WLfhnvW4Rqb+fzn/s7
bIuD479zwAmiiIa/QD3lOzOGdRegsUCLJl4ozgJlQbNw2vQthmqo1+ESIv8LWZyEHvl1uDMCXzx0
Awd6PUTiHfL6B/KPeGpHpR+0M/tkuEPTg4vEiW34XbhhwfnP/wYE9YZs+U88aMIB/m1JYgCBwDbJ
OPFMNAyRYymRdsk/AlnGnkEdSv6B1Sj8TgtJIGg1JflH5Pix/OlAXeCI+hIQcq7gfzPftrD5tmz+
P3jQUVRjj8luejk/26goZ/MruMiMG428fv2aCPt1uz9+uOjvETkoj1h8M/UTxxrQO3YClckRdcHn
djOxxtSJoHo2qvVWvV1r1lt7qLFGdVGTgaxEpjQSjeko9sg//0myiyYsXngRP5OZdXePZOZjD9Dj
jmhMH3vFZ/J/i65a6BCfyf9K3e+l9wQhm9ng7QLQryrGS+qy3b3P5PVq5FwxhqKYPwkD5Qkb1Z62
UYK9fABBgPwPmEnrH93u4Of+8ZfD64ur6y9nl7fHl4Or65/JH39k0kKwCgJm8fHLTQwVyWL0wLgi
vaVeQLJtj4FMwoQuGgtaytCFzPVn7GlFNp+AaUeAYHdtw+1JqVsL2Gl4qGXpYNbgzYG2n+CceJsB
5cw6C5hhVGpWFpwQQRLvaxb7I79H80UkqE64niH+/D6d+H068ft04vfpxO/Tid+nE79PJ36fTvw+
nfh9OvH7dOL36cTv04n/TdOJ+zsTTEbUwYk0j+KSnB3tZgCGUyb5qp6dWtkwyhWkJ7Zj7XSr7Xpt
f8eOvlhsttMV0z470Eti3/SBbb3ehkZsnNgza4ZpwGCpbtYqptWqNDq0bo7GowptWS1W79SMWps2
YEi6v5NILB9h3OXfR+RyQE5/OjocHJZa7TZplmuEt046zUqF7KZXCVciRgVi0rVBbqDksmhokWPL
xn66Rw4vjpp1nFmcBsC8VYY43obDrxAouGR1Lhic/eJH2PrZ5eUACPzg3vb4pKMbQHYIv0BcDmlo
swg1R60pSBuyg98i3yvBNXIqs1qulo03Y9MYt5qdVmdcofU6bYwbI9OgxgiwW5VW0xizCmu1WQvY
WxQEANS+e4D5eQShvTSjjm2hiYFh4t15/r33Rv5FsLlNR7ZHwznvEHBpBdqu1t5U6IixWtuqM6Pd
hDBSHRtNw2x1qEFrVrPTsdoUoI3rOquFjVfLlXLtTbPearfqcE+zOTIpbbFGu90w6gZrN0yjZhoN
1jYbDWoUGGI3dng3ltiMN51Wo9Ux2nUDMqlR69RG1Vab1lqgllYNEgTwNjudanWkc3L8CedglKtv
2rXKCDRqmONOk41blRq0jAI367WKMTbgf7WqSeudRxxKQTwNGbVSRdXesHqrxcxxk6GLji2rXq82
GK1atAYHHatVG41BW4zqrFwaTyWa5htotNEyR22zCurttBudZqs1qneaFHzWGnUMY2w1zLFZ01l4
oziVp/2mM24bANhqjcEmptWB7tBk9fqoWTPr42qbtpqNFmXtgnLznyU3yLromw3626N6SugFMFXf
dEyT1RvtUXs0tliN1a2xNQJdm81GZ2y2Rq0xM5qjhlnwIJHbpHobb1qVUYO1OrUWrTTbrbZlQSyk
tSpIy0atptVoGp322DCtApPA4Rzq4C3NUaU9apnjtlmnY1qF8rZjdmh1BIapjuqVdqNWtVgVpPkz
e7DA++Yh5NEBdOM8wKWU/Z08qgFKOKYJDDXCCCetDi3qVpuVDsZIGthIqoH/V/CYeTjMhJCBU5bQ
aSF5e+hKv8K5yB/HRyrBpfwZhmxUZCp8CgJ9Acg3g8PrwQcMs/dsFMEgEh8igAD8chjxvfUfisgl
dSn6y8k5dW8vNfDVzvPRS36QEHMEw6FIy7kw/aubwcer6/MjTRwI/tNkVIaoeJDCkgLe4iMLXbpb
8RQjFw1DaEUX7sQesXCCAaVnz2xzWxZ6CwEhng7oHeRbZ/6WB1MhMILKf62SdxrHQQR5WpF7EeuD
jB9qI+HPiE79JGKqRlSyrhUoBHWt3EAKuus0Hl6mjp1jqMJ8d37YPwP2Z96sF9JoemJztlJRkWxp
OKQC3xTxgYJ0tEuVJISO/Z7DaHhOJxNNapWuil177AyDexxQW9tygliwQ9GggEEQDoBA2XRMm3qA
hHkYzZ3Evegd6PykMk4Yswp64CTN8rr476Y0isml74+2Fqhkq8VItdyO6CEF5PbD3wDcftgMN3h4
ATdS9NgK0bXgdD9CaQTQQ2ua2NG28P8GTL2UqXBA25sJ1xOg1pLohjlOQSROWmKLH1no75NeEm7T
FBE0upktPvULuD/1V6UCNMTF0bZgC25C45/664Ff0NcFmwMpAQj39vyq9/7t9fHhe0VAhbjEND8P
3qJ1tiWhZDccjsL1bfOWepi4vsx8bxxSV5WhcGaJINvs6chrOMTGNxCCxTELb/0Y8KoSqGQVPhTQ
ZeMbpJqFi1kW5J8RBzbjwEBWHeZqaR1I0T3oGYqkKUnvUiBACdqiuqh3zJtP4L5HEaF0eN4/PeTx
UD2uFo6N9PjZxZhEC6LnuNcT+8azAxYWJZdUvZowyjVdbn7pqR/aX30P1xjdwFichfGM7L5Jf+Jc
TW8a2lGpH9ougzP4N4nOb/c0ZRkbe8bFvO/48U5BCSkaqQkhx7q1N1eKH0Vffkqoraoko+k+X+i0
wTTxvQn9uq2Om/LDEBtSBAFSwf/XEgMnfFiIg49IlUQlF0tk4dp1XajeV2ZO+xdHbIY33NoP9t2p
nkKqzeeLaCL3wLWAO3RiAS5GcCCpDnXTtKLgPtBYceX43jlNNL0Iiu7wlWICPXTfXeiyQ9R7puij
DfL922ReCE+C8Cg46XC//tK/vnp3eHF8/cvXulF75Jf72RCh/hI/vUjoOfOmH842EkivgSVhSUrc
du8SLa4PuUfNKUpKPXXUoVIL/WlFRof67LnQHWhtOPR4XncT6ojGV0sw9XvUm6roJeVvKKlMcwPV
u9YNSKvnKYW4ohuc+jEMwuNi2Hq+/k3XikTTw6EGY7UkvJI5dCDKqWFZIy/NMccz37kBWNuyh9oy
CKPjWDLrlkbc+/v7MgNMyL8c3+Uy9kIKKIsiCuoKew0Ydd/aD6M5kp2Z7VVq1RfOLMrmcfWwLAVy
FWTNpfJzkNrB+qbFFh5JzYkrhO5vObzlLa/fz46Ob+2QI8wEyEjFYqFViM7+BB9bQQ14dcK2VgBx
psPhjEMYDqFMkL8UWCumho/OcQ3yWeTocVsjrzDN5SSZD5MqMxse6Q2TSmVc9ybkCAIn2b3sHe1t
JK4+ZXjihy7+WjqZnMwZrv6YYIsguo58tVGpZ8I46ISGqmOq1CXR/9o2aWj5F7bjR7U2loa4onPg
J5D12KdCQG0939IaV1zTmaHTDtaUd3pqs0QXVpBWGBoz0zvqQmM/D7blw0enG/Q/NisW7BmpMLVT
L9YX+XNoggFNt0ztBfglAHycPysU48sSg1KK59AOMh4obUgnvpcvFFSlLp76GwqUox7+W8dsxzQ+
8X3rlFEnVqsrnb7C976VGOv6nhKWFAnUWJXDb5RbRffzPTaCf9uCL9kNh0wgAJ7DoYZmXYEK9bpK
LRRa2xBJ1dgG4omCXse2WsDxWBUMjjSBlo5cjWz89wIjQZPV4RA5VzfwMzGL90Fzs4ymP0po6jJ8
EMs4rsKtuVnOMVt/vMkoVt5yaweLxBHkNSUaA8VPQpP9cf02cN0APw/kW9uXs5oJyuFtIGvMQs+O
56qcKWlJdMaFCSALI+DUJJraXrVaq2tiveA5e8ocRsHj9SU5cVQh8OgvffAGDW6AVdaHCl5J0dNJ
rZhOfvN/81kL/9vaA7eM43AoQWQ/1hXlDN9hi/SZH53+6FmiJpZW1FTL9Wc7TvJ7hAML7GU2b3u8
yVTQO+ZqHV4cL/Gij1Dz9KDTecypGZ3GtkzybpPBHZQhYfwRalu1vFSIBYcqTDtYNvQCHARZFo6B
+N8j+XfzQdASmXJEG4iWiNGRKlhK+mvLrrTZ9bGri0Zy+Cp1gy5Rf0EslV3C9mYmtsw7xPqPTQDw
DWO6BEhYoX79CdK2Znb1B0ECySbCvGcsyF4rUmTS6QXRdMHeT30qhpL97XmXxnQ41OCs73HvbfPu
TpWKHxfGl7o0F73+8e1laXB8eLEtWQRLEEK2vgZsb+KPuW018Dn1rxskvr96u76+0e8OHeejHzqW
Gnt1enHphvF0LzeeD/zO90BhJqSj4RCBU8e55+1vIE5w10voKfUmWg7UyCt6ffooh/xBLnyLWWQ0
J+fUFfMEhXWYK0dceQnS920vFj+1oeITawhWP3bNBFpfOxc3X97Z47gnv7YhlaNS/zovvbjBRvHD
H8Oh0vw6Mlze6ujh+K/EDe0Nh7zN1WDpQ2ZUBbJCLc5cF8B/Yp4fTG3HNufbEkBhiZ7zkL9aqeNa
LRzzElwYpUqWkv6Gucy07Q26A4zQ+Hy1KkFGW/UcKIEqMGberbctAXKOIIICYy05Qsf344IcgrZC
jiMbQs+Dbf5eXA71ghGMynM4jJ2NTKI/4pGEohD1b/v4vXd+eMRXfYjmN8Cf0B4Eei355DR9AUej
WG1S865/cZKE84VrIYwXrYH4xfTx5eUj3x7YbDOBTs5/1qVBwtLlBDcI8Yy621xWgO3i5MSlPZnG
XFdHFyAGp64pyHs2LxpGkAredXtKSuT6rfxmlSbZ2Yh5oVupbsvRUn5ckhTMWrLY8SNZ7PjD46mX
wqTemTdmoZdE1S3KkLPEinmjSUqAzQujoiwpsbiMs5hH3vdvL8nuj/SOzvvcXLeXWxvsc+bcMBvJ
M0guIYUWBcqoSyoV6PrhHGSx8X3frc3oqUy5NCmUTaRyYpsPBTShMqLuc025Vq+6cq1e7xf+Vfd5
EkfJHa5fvKOObd/pY22jsqUVfC4C5gMKVIMC/iWr9xRGoKhLGgym7ORdT9FTTlti+vf05yTZcHCx
bAgo2EG0TBtf39iXLJ6y0NYeeea0FfXqRxbGXxO7umA93zNFyTmCNCmMZ6/nz7kd5DKh0H7+GTNV
bpW8dErlCIs1XGh1yUZbjK0FtqACBdEGNvUHfU2sQf9RSVVYM0Pvv9L7bYnBmeGiwDh4tukEIBDm
KmTv+Jvusa8uudPIS9+o/HZLoVUMm8zp9XvHb33/7mbqB+rb+wq1aK3CFPgheLJp64Pc6qr1v5vO
PchGhkMFmHbwDKtKngcKlwOukeOe7zi2NlGR05ZE0og+0JlDHyrb64QKy+EwYKYAse7rv/3Tfqnw
IldGWrFu7YJPey9+b6NTeE3jm7/GgYBP+VKAdaNO/6L0llH8FIgqe04sFncFS/5GI9+7n3tetbK9
9/IylvhaDsLAF3JSOKslgjITK1NVnpT0Ny2hCYINDGKbd/SBncjP2KpSFM6sWnT46I30l4RP0fYm
YmDYgiDLNMdSqEXP6hSStfzE2Atf8ln++lfxO2YcmXbwjHBZ+OYeZ3OQ60THUtRN8avLqo7qxd63
UEcv+e7Aiu+6LYb4Qv3o3yTM9HRCuZc/0lBGf/Ty0Tq6qb3sBX0+kpCUJ54L7O+cXr/vie993+BH
ak4T62mPS6UpHL5Yqxkjrs4H5uDbhdHAP8JvpYWWptTHZ5ek7jP30o9/9pMQqt6tTU4oPEER7zIg
/GCtNxHF1/BuKdhH8xiVrM/sFRe8bEmW9Cm4+JLgjLecfqwvw7FanPRBlPqZqOzZ1NK4KVcGkj/4
Z5jI2/nyVRdkly9D51PRe1tffBkgaL70UoG/WvokZLwHKdKnJL3X44cBdfGb9ZOTyma1CGfeZ6G7
oLDeSTsSPoTf3/kkvg7dPy5lHSyX+otoG2SVYPNfz+jPHFT6ddeUjVTOsRfbsc2iTwUN5XR9bNUq
BkfXdu4q9SqWstcg0ow6/YuL/tbSSCh44jJE8AEAxiQwoZEU5sbrwBWsB7q8UjHCirpSBK3oN7VF
bkP+ScDO+M27M29s85WJW+oRmm9wRMrPLXiH4ANa+Anf9SiuJ1WIy18xVObtt/VM4Pasj69Sy2cB
KYiVMeCaencf+poUGUmVof5NK3hsMgkSe/2695qN7DCe6sAz2oq3gyV68isP3SMI3b2jfcJXkPLv
hcCYlkXxUUjvWLP5eWtCMtszaejReJOv0FwzC+oej/Xs0EzsWBNXP7Pi+QC06leahr7MtPmS4COa
X3fsf80CP9Txc8LS5YxPlkGtZ4xQHhdgT9VGAlr6dx0z3aQbweTy3eR7w/x1A8hL8T2zdb0rq5wV
2ClJ6/4Lnjd9k2/UpK1vIALDiYw+jdSEpBBXdItvu3Yhx6H+Xkusqa8nF0lY4Uw31Inn3NXBkbc2
q/vhTMxvrm2TaeLcsXCkfeVPIS5fQ7fzwYlDeuLQINhaYaCwBEsIJPxjf2uLZH9lYnihipQTl3/R
aUtS8PbOxbfT899rwb+bF1dkZqRlz+K2tzq2sNRPvGoI+WOuRGHxqRgwivhkzMqckoqgd5ScWOj7
5P1ND8JL8XHjPLKddxfbi8E5gA3cC11T9y1JKT5QNtZ+f+SFXwuJBIBnP6TKkR2ksqCgMR2PB4hG
lTUn6iOqQtn5zp5AQj1n8/dsa5EhwrY3MFTMgp7vuvrbiip1xeOpIzqzLYhE0XRnW68E5CwhLCAS
d4P8ObhU5ICDv2G54mCDimVgu0xqWusuOl3v+IUu8wujWxu5nB99Gg61tp/dX4BVCRfbH+iioMx+
8I5pA+6UsuRFUtc3NQ979kwb8MFtaHiDG9jJD279WDdRSlrx7VOoYVzfOzreWjyW/LgUHEH+ay1R
Qmqxd4n6obGMVJwdL3T2K8+Zk5MkvKNe8YNU1RetY+IM+bYj1gZPi/jll/1eURIkrej3JyHb2tu8
aZvrA7/96UINU/zwL/wE2Ox3d4N1orfUsx2HKvskqV130dkVQ63BlB1+7RjtJ78L9lyxBJThUFZF
G3/9V+I6WCSTVEQ0vTUK0nPSCneLkgCHCqPR9vJ8xnE4TFHkv9axK1/aBnVwjPu45iJpZD3x1Mrt
wkoix06crYkkuA2HfCFfIBCsMx2zwJQXiR2ObeZY6lf3013PYuj7By7FnZ4ONGlx294owlln6kTa
siqNXAySxrcYG6ktDoeF9lfadsqcwGP3I1stSxXiX/dSzSk0un6ssaUptOVfCrGYagvYoebYaiWU
t/zyMkiRgu99QEOQDlyw8BWddCsY/lCJ75RShq4AfZ0/+ujuvOpnR6Tne2N7QnB/6GE49F4NEkZ+
TBxiVEi12q0Z3bpB/q/SgmOjihfg3l4JnbDXzJvgsevH1mv8sBRtOeKPOUxqlWqFiKPxDP7WRh2g
Vup1w4c/RrvC/z+WlzAk1js1edjEk53xMKlalRb8blSs7LfRqvPfDaK2xYEJQUs4O/m62qnWDCTe
T0GpJceO4tcVPKae5yeeif2Y72FGzanNxH7U0Wvf43wCeu+VZOgALxE3uvRB3hO9rnEKzpu6vsXE
+bEfAteM5sP4CahgAwtn79LjYBbIVix7PLbNxInnrznQSbousBSxGL/9G73m2sYFniX04dfnGKdv
EteFWi07EzFmKRfiPuGvT84PB0gSHlv6PWHhXLYqSaEJYklI+Lsc0CiCiGm9/l/+H+gpif1SRGdM
3jiz2X3JssXWhq/bSHoY+Q8l7Dea3iB3uBBhUu6C6PqjjKJt+1Geu7jtxyuCHYOY3BWTkG+1xT2S
gFqJ5tfgoQRybMRIqidCQ0biKSO+B+4cT2lMTDRzTEaM2J7pJBbf1ZU86gnI68Z34c4xMijyjOgY
d3HEZcARsiSjkNE7MveTUPLC3YbB3Lh/NLYAlsb9zCH9AONLdp+xO7DYmD+AJ/e+96+Y4MifhgSV
7IKwuAXPHBHizrpC7vsp80gSTKAqBAbloYf+LZh1hx4hrz5O+fpkEvvQimcRYCE3tgIdyI33ABQ/
zaE6PjQDosIvFnN94RfpTEbE1nJIcZGzcOS0l3fF7t54IpomseWjNcWm810y3JHbMHHUDyRkpd98
EMPz7/9nuMNhHjqOf0+w/wGydMtQMrMp+QndEq/h/pnm1S7fG5rfesx9Vd7DP8GCPYmA+UBDyG00
J1KveL107ey0gvzVR6jEwD1AydSyAGYkbIE6xg3SiMso7iqHUQBlGTEEDZpivyfUQR1O7BlcO6MO
BMdd2ShExD3kLlqETsUfjJTABrg3WRdO87YvE3cEKgIXO4zmnjmg0R3BLe3Aqcr8gg8R2An9PJUU
L5uGPgQqMCVcHu0TXs0QGSOgc+wT3J0qFBsXct1A/kCam3hyqzrB/IbbGmQClwv9B+ibMQM1gEjc
jb0MHOpWAjobo+PiNeig+8SO/wXqi0N+m8UwLHL/KdxMdkGGBDqRwdXCxShJSbucVdFxKXeOMPHw
vW50R1zLzo3Av6YclckRm8nfxMUHxIR/3mFf7YnScVAjYZgEsaAKhaFiXMAm5eLGhR7KN+2yRO+g
M9+2APZiBOgj6HM+KBq8q6w4GlxcEhdlngZZAqJ/OBc99J3jj8B7sDYggg79wLVj7Ogum9DRPAaN
kxuh6gpXrh0hb377AK12b3PNc4+CHnxfEoxSJ4u4hGObf6KI8E0/kc0YatO0SeHkYC2+hTyZ+GAo
H/ssegU2NOEwSxxal1RQCmidx2OxcdZ/vQRYbC3Dj0n4Zfij2A84BBlLM0iSXUQgfGAOZVYGCFtN
UVUrRl0C40HgI+8VEl/0ry0g5P2CQ8KIQcwEMpEHmYiI3XPRu30BWfRIzFzZ1ezBhDIiyiUSgetq
cNwlg9OzG3J+dnE2IIf9/vnZ8Q3pH18TKFvfH1/vE7iIDK7gqmPy8fTq/Jj0r696xzc35WII0PRh
NJpSHX0W2j7PzhiIIxTQnDIekrk2smBbBd1DfWDx2MIvKeHqVhFmOSvcY9b2IECDN6G8TzmbcDIo
DDEbeniZbIxzFkwg9OaBXGQk3gafu8Kkz28oP74afUGOFMBsATOxNhCaRbjCruLeTAZwLxZEuai1
ipQ12lsMSUpek5JPaDiCnlHCFw9EycoD0GLt8q6GcORdRN4FsdulXsIrERUJVGkJ+ODefpoTik6Y
uqFIr3wTeCGvm3fBMrkSMV84PJQSfuJYGRYbksi9R3L8kWAccPggaLNSkbJCayc8WDxKktx1BIdM
tnHou2myFXfLK0qqa6oWRmmkJR/5BlngUpp33KTVI5osxNdAwA2lI1uJG4hSS9RzRJ4o4YnUXkd4
kbyBY+cwUwngCNI8dHa6QMGQtCHxQQszcLIoShgGhngKVpukpScGLWwtR7WfGlLUCLLCLAs0eOmT
esLhkDlNvLsoxd6jAVJtN3Ehx+I0PUnHC2hIIgZPAkWuV+wvUpW8xzz2Mai8A4mIN1jCkjiBpFvP
LHbki1NFn8baCKOe4C8uTruQ4CUvVCXjlUPJhIEhy2Q7Aii8VoHyEbUH6ESBIbgEfFtmIu4REubS
wW1Sn0KetGW8OK92UYG4R1jKdzmrZX449OSeyV2ZIqA0m/qOKDFHNIYBL1biHHKE284TmWR4bBPD
IHlWpJYRy4pNkd5eqVZKT2FYDecxMt8npapiQG483nApTsHIFMCjdl7H8jEslpCWkBwHNrzQx5uB
KGGVySnUguBLr3lxR3r9D/twL2AYQf+6ty1we14riOiZ8S9x/l3STMvuvCKPuHaUa8vk0IJANaXO
+ACXNPNhgsXAh2VT0CjBaRx0MKUj5mlPYaYORY4fMKphiUmdMkEQH/pePy2289EgjiUQ1D2kTbwx
CbygJI8Lo5sL2esi+yvL7IlleWpGnPZLSyYo24V7KKm13jHETXtl0pf3ODSc8BuoHJZKX+AtjkM6
QRHAJqC2KHB4xYJjTRj7O9jZaYh26vFd0sXgGXc5ZlFMLgYfONIIREKxR0lMcLDOTZk3JwYX5TTW
uHFSwru6HC16ucVGyaSbDlh+IFUcqMhybQpdlZ8ncqwaidE1erIX+SJxSW+oIjMRnAS33tT3Iz4C
T8cpLB2J8ghm0ZiSiM7SSImzJOl0Ep5ThrAAjM8WioJFTk7gEFkMhvls0r/Ip5H/gF4fkrMjsvvp
w9nRHsgMLg8Y4Pp7CPdBKFZ/g2Pg+CWEwUs5rwDBE3x+CVe2B57+6e15yl+ObRTKv3hjOKfEkyZU
HzjI5WmYy+anUyUyhSgTPeMxbxbO2eN56SGxrVxaCmUKBDdG4zRsgvhik+h0FMBHkBIouA0Unbwi
83zTsQPC7wWvuaBz8BgcSbr+LB2UY0aTaYCH4lJ6TjQZ5QEwnRhTZ0sGfLpDuDt+N5PGwhb8Wunb
SSSnXUzcwlOEOnlPSdzTJQHUSDPbwWZEGJchSraCeYh6k2yc4OFtTjEd7qdXaZNqC2eohJEPXT/B
HjwW+UZ2aFSlNDHmV4xQfDoC3BB/8wQJN1/zdKnczAX3mBj+jphgNhIfuuXTdTzDTVN/5y7OZ/G0
xCvEx4Yy8SEOEVqEGojN56E1BjltEcrKYpg0BE7gH2m3A7Dpzfg3Q1PjfRknB0pJYOELb0ps5Nt6
8ob4HLDaNY94YyNclBTxAIT6ZCFamoh9uYmUjsjJlDSB83s00YFfiRjkFZmEuKwxU08+YZNpqPxY
RTI03VObj9MgTMIgRtgm8IPESZ1RHmAm49fIgFjj4ZAX+KVABjHMJRiXINnJ0plP6Iopqq5M4jij
xoeNgixyoLQXbkWXzXUonRz9vYRfZSuQsu6mk4MpVJtjX7EI9LKSeMKRXTn10TIcShnf2yjbPkcM
gWzu4rAHOkiMM4hmlEPHsZw8T/LzXAQexOhkEsIAWkyWyZk1MYEQh5RbTpOP44MefHV01cV5TBny
RebDoHDPRG1Noevc8xYjDjwXgNPKytw2JNpM88I1hXEeKRUMKs5LZ4Icj1vL80ylloic7quqg6rb
Qz9RZq72IT4GU7pP8BsrPD3HWRUGoXfMQqi0S6b4oG9Xnk2zlcgVVJsJkw/LlPSaQMUJmZxHsTRY
SIbc8uJ82sYjSwtZVVPHtpvHapl/kSlejz0BQzNaFgMmNsin+ORN6XRuOW9AnlFbSLW5PMPLsC2s
K3qFMnMieQD7WOoznSOZSiKPGDjIkXWzjBg45QxDE4sXjvY4YwSjDxBEPGzACJROHIgYB/xkiEwz
G3VsGslRCRSS1A2c9AhLHsAobdVNjSbOgd/iDFaX/MprFcif+3xK6zMyFZ/QzNKk+hCEi4F1Y2hb
ctIgfUrFZwMWZSye0HmGjnh9zAeb+OoqYJXpVoUv2uUYxE+CT7QwK4jslbfYJfhcq2v8u7Xf6DxU
92sPtX3j39V/W1gP8X6+i8/kTQyur9sVEYrFUb2xJ4o88YhBHauLHo65BXQsp9J46cHnwsBq5hwf
qyRmnIRpUE4HKGH2cIJHHOADqcrkT4KiVGGl9MEG+IKoZl+d8FDDm+LXa0wSXikIyheFUuKlpVLz
+QEf3rIHCHyRHNuZdzg6iPg4BjQysqEun4sajl+H8gIUGHmINCL6jJCS84diJMxi9c7+DnuImRel
r0LzFTHdnRa++ohrOEYm1ERTlYJPmDyLhhrNd79YfgzBUKPik0qNkISOemzxTVXy47Ht8JVzOWXi
BurhFFePKsc29LKZSvgt4k/8s2N3JJ6XqTQsxQC/pdICUxf7mo3l5IJ2J4/7kU6CCsVVKTf9cw3B
PPrdwTWz6S+SnYr9O+ZBetcknlP+tNSQ31X6agdiYX2Df8Xtq2OP1Kvh8MHVdeojGqNSqVWrBr67
2z+60iS1/C8cSZEIJFs3B3R3L4q0C29s7NCfLjQRCwjgEEfJulhAvMcPLWnEQM4Vys1bq5CREPBU
d648237hxVQS27gDEX7Th6+esicj26P4HWzOBRfZcJbppgM8IFkjfodQqhnOA/xmKRBq/PqJ9chk
tmZlrpuaSoIhWsLD7yQRvpTC+QVrrqs+n93Jb/jzz/8HtxjTwg==
===END CRASH DUMP===
