PocketMine-MP Crash Dump Thu Jul 29 13:54:08 +07 2021

Error: Call to undefined method pocketmine\item\Sword::write()
File: pmsrc/src/pocketmine/network/mcpe/protocol/MobEquipmentPacket
Line: 55
Type: Error

A PLUGIN WAS INVOLVED IN THIS CRASH
BAD PLUGIN: PureEntitiesX v0.7.0

Code:
[46] 		$this->entityRuntimeId = $this->getEntityRuntimeId();
[47] 		$this->item = ItemStackWrapper::read($this);
[48] 		$this->inventorySlot = (\ord($this->get(1)));
[49] 		$this->hotbarSlot = (\ord($this->get(1)));
[50] 		$this->windowId = (\ord($this->get(1)));
[51] 	}
[52] 
[53] 	protected function encodePayload(){
[54] 		$this->putEntityRuntimeId($this->entityRuntimeId);
[55] 		$this->item->write($this);
[56] 		($this->buffer .= \chr($this->inventorySlot));
[57] 		($this->buffer .= \chr($this->hotbarSlot));
[58] 		($this->buffer .= \chr($this->windowId));
[59] 	}
[60] 
[61] 	public function handle(NetworkSession $session) : bool{
[62] 		return $session->handleMobEquipment($this);
[63] 	}
[64] }

Backtrace:
#0 pmsrc/src/pocketmine/network/mcpe/protocol/DataPacket(127): pocketmine\network\mcpe\protocol\MobEquipmentPacket->encodePayload()
#1 pmsrc/src/pocketmine/network/mcpe/RakLibInterface(244): pocketmine\network\mcpe\protocol\DataPacket->encode()
#2 pmsrc/src/pocketmine/Player(3369): pocketmine\network\mcpe\RakLibInterface->putPacket(object pocketmine\Player, object pocketmine\network\mcpe\protocol\MobEquipmentPacket, boolean , boolean )
#3 pmsrc/src/pocketmine/Player(3386): pocketmine\Player->sendDataPacket(object pocketmine\network\mcpe\protocol\MobEquipmentPacket, boolean , boolean )
#4 plugins/PureEntitiesX.phar/src/revivalpmmp/pureentities/entity/monster/walking/WitherSkeleton(72): pocketmine\Player->dataPacket(object pocketmine\network\mcpe\protocol\MobEquipmentPacket)
#5 pmsrc/src/pocketmine/entity/Entity(1822): revivalpmmp\pureentities\entity\monster\walking\WitherSkeleton->spawnTo(object pocketmine\Player)
#6 plugins/PureEntitiesX.phar/src/revivalpmmp/pureentities/entity/BaseEntity(382): pocketmine\entity\Entity->checkChunks()
#7 plugins/PureEntitiesX.phar/src/revivalpmmp/pureentities/entity/WalkingEntity(215): revivalpmmp\pureentities\entity\BaseEntity->move(double -0.11771810641911, double 0, double -0.032281893580886)
#8 plugins/PureEntitiesX.phar/src/revivalpmmp/pureentities/entity/monster/WalkingMonster(189): revivalpmmp\pureentities\entity\WalkingEntity->updateMove(integer 1)
#9 pmsrc/src/pocketmine/level/Level(854): revivalpmmp\pureentities\entity\monster\WalkingMonster->onUpdate(integer 2907)
#10 pmsrc/src/pocketmine/level/Level(787): pocketmine\level\Level->actuallyDoTick(integer 2907)
#11 pmsrc/src/pocketmine/Server(2265): pocketmine\level\Level->doTick(integer 2907)
#12 pmsrc/src/pocketmine/Server(2396): pocketmine\Server->checkTickUpdates(integer 2907, double 1627541648.5962)
#13 pmsrc/src/pocketmine/Server(2152): pocketmine\Server->tick()
#14 pmsrc/src/pocketmine/Server(1992): pocketmine\Server->tickProcessor()
#15 pmsrc/src/pocketmine/Server(1586): pocketmine\Server->start()
#16 pmsrc/src/pocketmine/PocketMine(311): pocketmine\Server->__construct(object BaseClassLoader, object pocketmine\utils\MainLogger, string[36] C:\Users\Administrator\Desktop\VOL1\, string[44] C:\Users\Administrator\Desktop\VOL1\plugins\)
#17 pmsrc/src/pocketmine/PocketMine(341): pocketmine\server()
#18 pmsrc(11): require(string[91] phar://C:/Users/Administrator/Desktop/VOL1/PocketMine-MP.phar/src/pocketmine/Poc)

PocketMine-MP version: 3.22.1 [Protocol 448]
Git commit: 9477034a4ae58cc5c12b8278c14a8e46a43992b2
uname -a: Windows NT HQDATA-788 6.3 build 9600 (Windows Server 2012 R2 Standard Edition) AMD64
PHP Version: 7.4.18
Zend version: 3.4.0
OS : WINNT, win
Composer libraries: 
- adhocore/json-comment 1.1.2@fc2f76979f0a44a5f5bc2a2b600d0762fe0e78e7
- daverandom/callback-validator unknown@unknown
- pocketmine/binaryutils 0.1.13@0abee38d4e2861621f262c79a2a3d699d8a697f4
- pocketmine/callback-validator 1.0.3@64787469766bcaa7e5885242e85c23c25e8c55a2
- pocketmine/classloader 0.1.2@9757928424652393b178a3760073113aa7c9911b
- pocketmine/log 0.2.1@830b44a2cf96ef703c550abe64302f230231ca49
- pocketmine/log-pthreads 0.1.3@e477ecf6ec214fdd4415ea1da3fdd9d73bf699ea
- pocketmine/math 0.2.6@43057cb8c179a9859677b496a788db922fd5cfc3
- pocketmine/nbt 0.2.18@9f82ca4d7f97fcd9a566e44b63c4f18a7657ae82
- pocketmine/pocketmine-mp 3.22.1@9477034a4ae58cc5c12b8278c14a8e46a43992b2
- pocketmine/raklib 0.12.11@9cce458b8bfde3e4dfdbf70c659fc7b7fe26b5c4
- pocketmine/snooze 0.1.5@70b5e7937a06878dd321a3182ceb76d56298f2cd
- pocketmine/spl 0.4.2@6b08b7cf8c4afa17139c9a1b3bf1b408531de161

Loaded plugins:
AntiTNT 0.1 by Adam1609 for API(s) 3.0.0
AntiToolBox 0.1 by NgLamVN for API(s) 3.19.0
AntiVoid 1.1.0 by FiberglassCivic for API(s) 3.0.0
AuctionHouse 1.2.5 by Shock95x for API(s) 3.0.0
AutoClearLagg 3.1.0 by Twisted for API(s) 3.0.0
AutoFeed 1 by Ghast Noob for API(s) 3.0.0
AutoFix 1 by Ghast Noob for API(s) 3.0.0
AutoInv 0.0.10 by JackNoordhuis for API(s) 3.0.0
AutoSell 1 by Jero, Cur for API(s) 3.0.0
AutoXP 1.1.0 by JackMD for API(s) 3.0.0
AxELevel 1.0.0 by YTBJero for API(s) 3.0.0
BLOCKBREAK 1 by YTBJero for API(s) 3.0.0
Banking_vonfram 1 by Noob for API(s) 3.0.0
BetterVoting 2.0.2 by Twisted for API(s) 3.0.0
BlockCMD 1.0.0-beta by kenygamer for API(s) 3.0.0-ALPHA10, 3.0.0-ALPHA11, 3.0.0-ALPHA12, 3.0.0
BlockPets 1.1.3 by itzmade for API(s) 3.19.0
BlockSniper 3.2.3 by BlockHorizons, Sandertv (@Sandertv), Chris-Prime (@PrimusLV) for API(s) 3.2.0
BossAnnouncement 2.0.4 by XenialDan for API(s) 3.13
Boss_Quai 2.1 by phuongaz for API(s) 3.0.0
BuilderTools 1.2.0-beta4 by CzechPMDevs, VixikHD for API(s) 3.16.0
BuonLau 3.0.0 by AmGM for API(s) 3.1.2
BurgerSellWands 1.0.1 by Heisenburger69 for API(s) 3.0.0
BuyCMD 1.0.0 by zZPROGAMERZz423 for API(s) 3.0.0, 3.1.0, 4.0.0
BuyFix 1 by phuongaz for API(s) 3.0.0
CachMuaLand 1.2 by Noob for API(s) 3.1.1
ChoCanh 1 by YTBJero for API(s) 3.0.0
Class 1 by YTBJero for API(s) 3.0.0
CmdSnooper 1.0.0 by HotshotHD for API(s) 3.1.1
CrashTransfer 1.0.0 by Xenophilicy for API(s) 3.0.0
CustomAlerts 2.1 by EvolSoft for API(s) 3.0.0
CustomCraft 1.0.0 by TeamBixby, alvin0319 for API(s) 3.0.0
CustomItem 1.0.0 by Phuongaz for API(s) 3.0.0
DEVirion 1.2.7 by poggit, SOFe for API(s) 3.0.0
DLevelIsland 1.0.0 by Nguyễn Công Danh (NCD) for API(s) 3.0.0
DancingFarm 1 by RicardoMilos384, DontTouchMeXD for API(s) 3.17.0
DanhHieu 1.0.0 by JeroGamingYT for API(s) 3.0.0
DevTools 1.14.2 by PocketMine Team for API(s) 3.13.0
DragonChestplate 1 by YTBJero for API(s) 3.0.0
EatFoodHealth 1.0.0 by YTBJero for API(s) 3.0.0
EconomyAPI 5.7.2 by onebone for API(s) 3.0.0
EconomyLand 2.1.2 by onebone for API(s) 3.0.0
Eff 2 by AmGM for API(s) 2.0.0, 3.0.0
EnchantUI 0.6 by UnknownOre for API(s) 3.0.0
EnchantVipUI 0.6 by UnknownOreforsource|RBpmmpformod for API(s) 3.0.0
Eternity 1 by minefore and shin1134 for API(s) 3.9.0
FormAPI 1.3.0 by jojoe77777 for API(s) 3.0.0
FormImagesFix 0.0.1 by  for API(s) 3.11.4
GemUI 1 by WoolChannel3295 for API(s) 3.0.0
HeartWings 1.3 by Edit Nờ Cờ Dờ (NCD) for API(s) 3.0.0
HuongDan 1.0.0 by YTBJero for API(s) 3.0.0
InvCrashFix 0.0.1 by  for API(s) 3.14.0
InvSee 1.0.0 by BlockHorizons for API(s) 3.0.0
KeepInventory 1.0 by KhoaGamingPro for API(s) 3.0.0
Kickk 1.1 by MCPEVN-TEAM for API(s) 3.0.0
KingofBlock 1 by YTBJero for API(s) 3.0.0
LoadAllWorlds 1.1.2 by  for API(s) 3.12.0
LoadWorlds 1.1 by shin for API(s) 3.0.0
LpkCuaHangUI 1.0.0 by phuongaz | Moded by LamPocketVN for API(s) 3.0.0
MS_GiftCode 1 by YTBJero for API(s) 3.0.0
MS_NV 1 by YTBJero for API(s) 3.0.0
MSpawns 2.2 by EvolSoft for API(s) 3.0.0
MaxEnchants 1.2.1 by Xenophilicy for API(s) 3.0.0
MenuAuto 1.0.0 by JeroGamingYT for API(s) 3.0.0
MenuPet 1.0.0 by YTBJero for API(s) 3.0.0
MineLevel 1.0.0 by TungstenVn for API(s) 3.0.0
Minerloot 1.0.0 by Distoxicqted for API(s) 3.1.4
Minion 1.0.4 by phuongaz for API(s) 3.0.0
MuaCoinUI 3.5 by BlackPMFury for API(s) 3.0.0, 3.2.0
MuaFLY 1.2 by SableIamNoob for API(s) 3.1.1
MuaKeyUI 1.0VH - RBplugin by Ibenrm01 for API(s) 3.0.0
MuaKitUI 1.3.6 by Infernus101 for API(s) 3.0.0
MuaPointUI 2.0.0 by JKPVN (JakayPluginVN) for API(s) 3.0.0
MuaTuNhanUI 1 by FurryJaki1992 for API(s) 3.0.0
MultiWorld 1.6.0-beta1 by CzechPMDevs, VixikCZ, fuyutsuki, kaliiks for API(s) 3.20.0
NapTheFGC 1 by KaYuuVN for API(s) 3.0.0
Netherite 1.2.1 by Wertzui123 for API(s) 3.0.0
NoFallDamage 1.0 by DeveloperNeb101 for API(s) 3.0.0
NoTP 1.0.7 by awzaw for API(s) 3.0.0
OreGenerator 0.1 by phuongaz for API(s) 3.0.0
PCEBookShop 1.0.3 by Aericio for API(s) 3.11.2
PECollide 1 by saxavlax001 for API(s) 3.0.0
PHP-Sell 1.2.7 by Muqsit for API(s) 3.0.0-ALPHA9, 3.0.0-ALPHA10, 3.0.0-ALPHA11, 3.0.0-ALPHA12, 3.0.0
PM-Beacons 2.0.1 by jasonwynn10 for API(s) 3.0.0
PayPoint 1.0.0 by YTBJero for API(s) 3.0.0
PickaxeFunction 1.0.0 by NamVN for API(s) 3.0.0
PiggyCrates 2.0.9 by DaPigGuy for API(s) 3.2.0
PiggyCustomEnchants 2.4.1 by DaPigGuy for API(s) 3.19.0
PiggyFactions 1.2.0 by DaPigGuy for API(s) 3.13.0
PixelgamesToDiscord 1 by ImNotYourDev for API(s) 3.0.0
PlayerVaults 3.3.0 by  for API(s) 3.0.0
PointAPI 2.0.9 by onebone | Edit By Nờ Cờ Dờ (NCD) (Danh Miner) for API(s) 3.0.0
PureChat 1.4.11 by 64FF00 for API(s) 3.0.0
PureEntitiesX 0.7.0 by milk0417, RevivalPMMP for API(s) 3.19.0
PurePerms 1.4.3 by 64FF00 & ProjectInfinity for API(s) 3.0.0
QuyenVipUI 1.2 by NightBlackDM for API(s) 3.1.1
RandomBlock1 2.0.0 by Edit By Nờ Cờ Dờ for API(s) 3.0.0
RankUPUI 4 by YTBJero for API(s) 3.0.0
RebirthUI 3.0.0 by YTBJero [Edit by NCD, Ghast, CurlliestDrake66] for API(s) 3.0.0
RedstoneCircuit 2.0.0 by tedo0627 for API(s) 3.6.0
Report 1.3 by ImNotYourDev for API(s) 3.7.0
SEnchant 1.0.0 by NamVN for API(s) 3.0.0
ScoreHud 4.0.0 by JackMD for API(s) 3.0.0
SeasonPass 2.0.0 by TungstenVn for API(s) 3.0.0
ShopUI 1.0.0 by SaltyPixelDevz for API(s) 3.0.0
Shulkerbox 1.1.2 by UltraFlappy for API(s) 3.0.0
SizePlayer 1.1.0 by  for API(s) 3.0.0
SkyBlock 1 by KhoaGamingPro for API(s) 3.0.0
SkyBlockUI 2.0 KSCore by KaysilGMVN for API(s) 3.0.0
Slapper 1.6.2 by jojoe77777 for API(s) 3.0.0, 4.0.0
SlapperPlayerCount 2.1.3 by  for API(s) 3.12.0
StaffTable 0.4 by GigantLeyKey for API(s) 3.0.0
TN 1.0.0 by JeroGamingYT for API(s) 3.0.0
TimeCommander 2.2 by Zeao for API(s) 3.0.0
TopGems 2 by moch for API(s) 3
TopVoter 3.1.0 by SalmonDE for API(s) 3.0.0
TradeGui 1.2.3 by Only FurkanGM for API(s) 3.11.0
TradeNPC 1.0.0 by Free for API(s) 3.0.0
VQMN 3.0.0 by AmGM for API(s) 3.1.2
VanillaEnchantments 4.0.0 by TheAz928 for API(s) 3.0.0, 3.1.0
VanishV2 1.0.0 by superbobby for API(s) 3.0.0
WorldProtect 2.3.8 by aliuly for API(s) 3.0.0
essentialsTP 1.2.2 by  for API(s) 3.0.0
helpnewbie 1 by YTBJero for API(s) 3.0.0
iProtector 3.1.1 by LDX for API(s) 3.0.0

----------------------REPORT THE DATA BELOW THIS LINE-----------------------

===BEGIN CRASH DUMP===
eNrtfYtz27ay97/C69y5de5nySL19pl04sh27BPbUW3n0R52MiAJSaxJguVDtnJO//dvFwBJgHb0
sJX2m/namcbiklzsb7HYBwiC/96ZsCQk2Zc5TVKfRTsHnb2dzA/pzoHZs/rdjtnrDJo9yxqa7b2d
PJanumazY7a63eFgaPW6nY61txOQNDtOEpbsHPx7J1vEcNmOON7bCWmakilSRiQIjIwZeeTRiR9R
zwhpNmOeETP3lmYhkGzbz2ho29d3LPEODu4SONx9CVwmeRCc+AGyiWckOdjfHx3sf0hB8P1DD+70
0ywhGUv2j2h6m7F4/+P7c3N/zBlfAOPGxbiJN+6nibtftbcf0Qyaut0P3ZjuxwnLmMuC/QvmHP+e
+3FIo2xM8GK4OUYxpAghsnkiK2ATwPU7B90uqDshLvz8186LlrEB1yOSEcFt17T6Lw80FcpbbBvv
se3iJtt+KEvjRxq5zKNjsggY8biqX5hrSHJFbs995yzKaDIBBLtWp7OuFJXsReuiWevxZscBWdBk
t93uDZe3UBOp8WOcS5S7zPmNupl2s2C7ZzxyagP97RkOYwElkVH94mDaK8AMejUw4kzjx5RGntK7
30m8jhEH+dSP0v1xntDjKPMzn6afqyGS0Lk/J0EchvF+DJdQeck+/7HYD1mUgqL370hw60fT/U9+
NqPJ9S0NaMai3b71DXjetqBxGN3HtSxl5LAWu+bAQmkURMBZgWTb4npoVYCybYnKtnVY0DsxuYtu
2LcNiovVe65235CUSunbg7oqC2nFBY0f3Rl1b0ezPLpNxUDqP7f5TwK+lMAyu+upr5K68WPI5nTX
Y7kTUKPRappmv28OzFavYw5Nc8+QZ1rlL7im1basgTkYtruD1gDGB0IZbMtOJaQLcQg2MVwPk6aK
xo95DAZMLxCcD45mShPD5IIOH7fEgM5psH+O/+4Oup0NzVAXuvEjiz7w9su2rWGrL1x2a3X7/UE9
UPCzts1PN34kbpZDhF4csRvfvX2kjW/EhWuaQAKxa0EysJS/9y2+1nK+7WHdV4oz0vKRqVBLqvEu
TUvJZbrDniXabC9v0+xa32gzQwyCR2cpD3M4XMZjnDAXMiOWSGbd5cy6g28pIc1IkkkmvW9EnTIN
2m2b5jf4fPniop0luVu6ZhzQI8jt0nPIDb4RLPPMD8B2L4gfnbPpFK8CJmC1/2r3fjVGB7bNszTb
1tI0yAJEnmbbmKjZdnlXp7PBXdI52LaA318Nv1OHnwoFCwYDwWCXKymhEHESuisFG5q/GltNPeGK
lzu//rG3Q79v5rzdlBXkFVr/4kdzFswpXgX8/cgDZbl4qTgPNM1nwwnM9RBnpwcn7czO/jub+Slm
gej4rvIIK4wzz3hlyBNTmh3r53Zf/gMYdfo6A4QOd53Bn+sMJP6UkDimycFBQiGp5ReJ+wa1+6I5
tM2SxXXAMmCwa9ugvd2q9V3z5Utx51C/c8YyhyQrb+u29NvuQE3sjkNccpPJb/oDf1rwE/+2OQm7
CHQM/T/JIzeDms2o5e//xos7eqOQB9e1+LjiRevdh7oFwbk9VZrsFl1YsHLyyQQ8b/OVYdvuLNl9
TMMSXn+9WysVy/sG691X6FjeNSyV2WsJZfaEfmOIDr5baXJGIi+gu5diTFzD4EPqf6fix0vjgKfQ
qOCeJSVJaJYn1TUgM+ehDiBFZ712JQp20R87f/xdAP5dAP5dAP5dAP5dAP5dAP5dAP5dAP5dAP5/
VwDu7UxpRBMSYGUUEXzEsqPdC4I50A/VU5qddtOymibScz/wdg7MQaezt+OnXzw63zmYkCClUIXJ
2Llz0OkMoBEfq7Rhp99vtTukQ2h34Lpd17ScgdUfuGaHDGinRzptsFrHAt65lOUTT6dT4/LGOP3p
6PDmsNEfDIxes23w1o1hr9UydourhDEZVgsG9ZVlQDUWeSTxjGPPz3gWfXhxBMkviDeLgXm/2Wma
Azj8ClkPR9ZptsTZLyzF1s8uL2+AwA8gs+dVZBgz0P6XwHcSkoDnRM0RbwZoE7r/WwpxGq6RdanZ
NJvW64lrTfq9YX84aZFOh3QnXce1iOWA7F6r37MmtEX7A9oH9h4BACA1C/dd8IYOJBsN8Ne+h10M
DCHMRuwuei3/orBVlzp+RJIFHxJwKYS9ptl+3SIOpe2B16HWoAfOyJxYPcvtD4lF2l5vOPQGBESb
dHRWjzZuNlvN9uteB1x5B+7p9RyXkD705aBrdSw66LpW27W6dOB2u8SqMcSBHPCBLGWzXg/73f7Q
GnSsTq8LfrbtmP0BafdBLX1wFG3g7Q4hXjs6p4BNOQcwwteDdssBjVruZNijEzAuaBkB9zrtljWx
4J+26RIon+scGnE2w/K8UFT7NQXjpO6kR13L7Ew8r9Mxu5SYHmnDwdDrt50JaIsSnVVIspmUpvca
Gu32XQfsGdQ7HIC77/edzrBHwGY9Z2hZE6/rTty2ziJysgLP4PVwMrBAYK8/gT5xvSHp9nq003F6
bbczMQek3+v2CR3UlFv9bIRxOURfbzDeFGYJuQXbFnoBLsDGdWmnO3AGzsSjbdrxJp4DunZ73eHE
7Tv9CbV6TtetWVAaMfaVSvV2X/dbTpf2h+0+afUG/YHntS2TtCE5dqnT73ndnjUcTCzXqzGJA86h
A9bSc1oDp+9OBm6HTIjZN9tDd0hMBzrGdDqtQbdtetSE8vqPcpaIj81DyGtuYBhXDq6g7O1UXq3F
XRrJsxlLUqyIDz0Smr3WEH0kiX0ktcH+W3hMIwKhHVwGxCtwdh6NwYHgXXAuZZPsSCWEhE9HyUZF
rMIpLRgLQL6+Oby6+YBu9o46qZ+hfFiZ88uhZnrD7uuSS+pS6S+n5yT8eKkJbw6fLr3kBxGxkgBS
KzGeSzDj99c3n95fnR9pcMD5z3KnCV5xvxBLAvzIfK+GjpNUaOhCWzq4E9+hyRQdysif++62eugN
OIRsdkMw6Q0Wb7gzFYBRqOrXKryzLItTiNMK7sdY75f8UBs5nwY6ZXlKVY2oZF0rVrOra+UaQtDt
sHv/PHXsHEMexsLF4fgM2J9F81FC0tmJz9lKRaWyJdsmQr4ZygcK0qVdqiQBOmOjgJLknEynGmqV
rsJuPzSGmzvIgADalowgE+wQGiQwKEQAQiA2XaZNLUCKeZgugjy8GO3r/KQyTij1anrgJK3ndfhv
ZyTNjEvGnK05Ktlq3VMt70e0kJrk/v1fILh/v5ncYOE1uZGi+1bwrjWj+yekRiB64s1yP92W/L8B
06hgKgzQj+bC9IRQayG6pkFQg8RJS/rinzRhe8YoT7bZFSk0ullffB7X5P48XhUKsCMujrYltuAm
NP55vJ7wj4x1wWZfIkBw98d8FkKFV5B0gK06wJ9v3mDvbAshuafr98mb8/ejd2+ujg/fKYIrxCUW
tWWxJTvbdpINxCcRxtsvcxZNEhKqGGpnlgDZpoNCXjhPGd1uAIJmGU0+sgzkVRGoZFV8CwS0vkOE
3Bn70+lilKcZC48jd0aiLN15JGw6XLA5Fwyw6mKuRhtAZjGCAa0gLUgPBkoD2iI61FsaLaZw3wNH
1jg8H58ecjeuHpu1Y6s4fnIOKaUF6JXc68Ee0yyt4+a0ugts65j97GsIafjWUn3e8ClL/K8M57ZK
OdZN90tA15Ef06QOSVL1rM6qg9KEgFPXJIKms7mx+7r4iXNmo1nip41x4ocUzuDfPD3/+FLThbWx
qV8sxgHLdparRODYSCksTQ+jiOWRK9ctVJqpn6oP6Y6uns808klwRCK919tP7fN7zs8jEYCribIp
wi8/5cSvQRM0HVPNz8aznEVT8nVbvrbgh8E8ISiEgLYWDJxapAmWudqIVMn1Ykx4o1o3jb5Sdza+
OKJzvOGjf+/fnurJitl7OkQXucehB9zB7wrhMhQOkOqibprAKHLva6y4clh0TnJNL4KiD+kHmcxh
+PZCxw6B6onQnQ0yyzd5MqUJpsCfCOejCK6fqUeYmomeUj+lkcNv6m02L6RW1Utg6S1gN2oCboJ5
UYuigrAi2fz6y/jq/dvDi+OrX752rPYDiHtlAd55zti8yMk5jWYfzjYCpFeYkrAkc9u2RxEtri/y
iLgzREoitaZXqTUfsiLxhND/VNEDaM22I55+hjkJROOrEczYiEQzVXpJ+Qsyf9fdQPU4N6iKzY//
PKF5ex/9eAOJQ+8a+kfPlxTiioF7yrJ0xrJ6cHm6xbihl4qmbVsTYzUSnC+8SUiUTnQwGn0FHshv
WDzzA99dbKtPFJYASRWmdrgWSF4HHQYQcDU7U8lL053jOQuuQdKtWZzSMuDR5VjyqKEI/nd3d00K
MiH/ZnZbYQTVTLIHEAV1RSfeUBK+8e+dBZKDuR+12uYzH6fI5nGprcxKKxWUzRX4uZDawfpdiy08
QM2JK0CPtxx1qpbXdyZHxx/9hEtYAihJ9by1XwuabIrP6qHgen9Ct5aLc6a2Peci2DZkrPKXItaK
52FHfLbsLA30cKqRV3TN5TRf2LlJ3W5kjOy81Zp0oqkBRdTM2L0cHb18cka3t3PCknBFboet02gE
xoEtAnRd8tWdSiLXj6YnJFENU6UuiW9XvksSj134AUvbA6xSjliU3bAckhH6uRY1+k/vaY0rrrUt
pdMO1sQ7O/VproMVpBUdjaH8LQmhsZ9vtmXDR6cbjD86r9eOJak2mdOpp33V4hsDHVqtvn+G/FIA
XMQ0r9WFywKDUhVWou2XPBBtQqYsGs1omsUBydTHlw9O/QV549EI/1+n245JdsKYd0pJkKlJr07/
c+frSxjr2p7ilhQEqq+qxO82+3XzYxF14P9tiS/Z2TYVEgBP29akWRdQrYxSqbVEaxuQ1qzX6/BE
naXLthrgZKICgyMN0NJJFKssy5/RSdCkadvI2dzAzsQzgA+amZU0/flpT8fwQaxde59szcwqjrgu
XQqxMRYo2B6DI8hrIpoAheWJS/9z9QYXWeMeF8zbPk6zBMrF2wBrRpPIzxYqzoK0xDvjaizAQg0w
aiOd+ZFptjsarGc8cSiY23Y4WR9JkXNVQAqK7qLbdRf9G/uN0T7+t7Un9yVH25ZClD/WhXIWkilN
9Ukunf5gUYIGS0sUzGbnyZ2R/55iso6W6/O2J5vMer2loTaIxPESy/oEecQIDDmiQdsadrfVJW83
KZggtCfZJ8gX1ZRNIdYMqlbKe35mXGJh4XlYV/C/R/Lv5oXF0unhQqINoOWi4lCBFaQ/N5Upml1f
dnX1WSW+St1gSHSe4Z/kkPCjuYst8wGx/lMxEPiaUh0BElaoX38Euq1JbP1JppBkEzDvKI3Pitdq
FUw6vQZNB/Zuxogoz8bbsy6NqW1r4qxvce989/ZWRcWPazWbjuZiND7+eNm4OT682BYWwRJAyNbX
EDuasgnvW034ivrnFV7v3r9ZX99od4dB8IklgfZkTqfXF0BY3x7l1tMFv2URKMxl+MInCk6C4I63
vxmcR7E8DkTvB8yqttUJVZvrL2LDYt+N51EzYzEHE9+OcnJKoqkW0DXyChdWPIIz/mNcMI96hrMw
zkkoJhJqq9NXlmRVPjVmfpSJn1ot+Y0lSquXCJSA1u/qi+svb/1JNpKbSkjlqNQ/b8hdXGOj+Cq7
bSvNr4Ph8qMuPRz/mXJDe7bN21xDWHz5OdXEFRS9/re+74MW2SgYStn60x6vXJD70kgVTAq1PlVv
/rnPyBRRtIO1OotGOS5/VZEVpL9g8rZoe4PhDXeMaVaTf0yzv2r+D9/XrkRYLT+U1PUlxxVt1YO7
HEqMjEYftxaPKo6AQhFjLRxJwFhWwyFoK3Ac+RAK7n339/rq12eUxypP2842WIcEYuvP5CShDqLz
fZexjM4Pj/iKMdH8BvLnZASBV0sGKpq++KtbL2WIezu+OMmTxaNriqxnrSX6xQURbPuI+Tc+3QzQ
yfnPOhokLF2Wc40inpFwm8tzsN0APO6lP51lXFdHFwCDU9cE8o4u6h0jSDXr+nhqNIyrN3KTLA3Z
mUOjJGyZ2zK0gh9HUgizFhY/e4DFzz48nNerzcKeRROaRHlqbhFDxRLLsY1mlUFsnqjWsRTE+hLf
ehx8N/54aez+k9ySxZh318fLrc0kcea8YzbCc5NfQgpQB1RSl2SOMPSTBWDxcV+KbaHQmHI0hSib
oAoyn5dKGqiSqNtcT67zNVeu8x39wveNXuRZmt/i2udbEvj+rT6RY7W2tPo3RIF5tYpqUIR/zspf
hREo6pLENzN68nak6KmiLen6d+TnPN+w2Fs2vyDYgbcsGl+/sy8p7qfka8+oK9qKfPsTTbKvuW8+
si72iVAqjoCmEOPJb51V3PYrTAianZAgOCIh382xwq2Sl87XHWGyhsv/LqmzRd9aYwsqUCTaoE/Z
zViDdTN+kFLVFjmRu6/kbmtv1CEzXFybxU/uOiEQgHmf0Ld8P5aMqWsnNfLS9/6/32sUqgybTBiP
R8dvGLu9nrFY3WNGodZ7q/Z85RAs2fX1ispc9e7ApnNBshHbVgTTDp7Qq5LnvsJln2vkeMSCwNcm
jiraEk+aknsyD8h9a3uDUGFp2zF1hRDrblIxPh03aq8bl6QVCw0v+DOVx1/TG9beyvvub+2hwKd8
7ca6Xmd80XhDCW5ZpWKviPXkrtaTv5GURXeLKDJb23t7vGSJb2GiGPj+ZSHOakSQZmJmquIpSH/R
nEe8wQL6se/eknt6IvdTVVHUzqxaJfpg35TnuE/R9iYw0G0luJ2cBqGi1i1rWAvWBC5+my+e+Qrk
8rd9i0bAQ1aSaQdPcJcF032FzX6lE12Wum70s7qOOvXR96iOnvPKbF0fmjSPEp+vH41dpacTwq38
gYZK+oMXF9fRTft528jwSkJSvvGcZm/n9OrdaEb42nPcSu00975tcQWa2uGztVoy4uq8pwG+TJ7e
sCM/BZk8TakPzy4J3WfhJct+ZnkCWe/WJicUnqCIt6Ug/GCtF8/FrrEfCfSPZjEqWZ/Zq6+m2hKW
YolFzFue85aLTW1LOVbDKR4MqpsZls8Kl/pNuZTT+A/fLNB4s1i+pMfY5e8N8Knol1tfLRuj0Hyt
rCL+avR5QvkIUtAXJH3Ug0es2Wevc3LS2iwX4czHNAkfSawf+JziJ6742Nv5TOc+y9PxcaO8pNLC
FyELYJfCV7+eML65kMomvpyNVFb1dQBdY+pXA9Raq193lqEf3LY6Jqa2V2Jj3fHFxXhrYWXJZr2q
mBsv5Fdk1Tc2LhQjelVXiqDV7aj9mBkZ/2NAP+NerWfRxOdLS7c0QjTb4BIpP7dgHYIPaOEnfFmn
viBYIS5/dVeZx9/WM4KPZ2PceEI+GyiEWOkTrvheonwNkKkg0cgrJqJX+MNtda0i0vrpMtx0+2Gs
dVJJUmF1vmvBgk3mce5vIDd1/CSb6YKXtBUbKUjpjX/xnnGgZ0ZHewbfT41v4gUlPE2zo4Tc0l7v
162BpH7kkiQi2SZbw11RD9K8iI78xM39TIOrn1lhhdAqa/Usfcl27zm+VTS/7lTHFY1ZosvPCUuX
Bn8z6+s/oSB7mG9+KxUUohV/1+mma5mHK/hK0p9ZL1+KTUbXta6yUFDELkja8H/k8dp32TiuaH0D
CBTnbcb6fgUKccWw+L5LNSo51N9rwZoxPXZKwgpjuiZBtuCmDoa8tUnsD2diOnftPpnlwS1NHG3r
XYW4fD3qzocgS8hJQOJ4a3mPwhJ6QkjCd+BdG5L/lYpqSoVUEZdvs7glFLy9c2wPQJS/1xL/dlFf
3VySlj163N5K89pKU/EqLMSPheKFxb5h0Cli/7CVMaWAoA+Uilgb+8a76xG4l/rT1UXqB28vtueD
KwE2MK+Af/JMhSEp9efn1trvYj1zk6FUCPDkZ3KVZPsFlgqoGDUjlush8+HJ+rup7e+ydJ1mEKl9
F7fIeSjDBr2YkcnkBptXQVVEvRqu5dRv/SlkC+d08Y5uze2l2Pb68t9cKnLDwV+w0vRmg+zlxg/p
iIUh389QlVyjL13d/AslW6tizo8+27bW9pPHDrBq4Ess+zoUxMzit1SbWygoS156Dpk7U1E+eZIR
+ABE0eAG/cTijyzTu6ggrdicHPKZkEVHx1vzzZIfR8ElqH6tBSUhHn2bq/szlqT6g4FaLfM+ChbG
SZ7ckqi+j5/5rCVcnCHAQDk26BS8/HI8qiNB0opxf5LQrb15XrS5vuAff7pQ3RQ//BN3Tpz/Hm6w
RPYjhJUgILIUxO1A1aH72NkVZdfNjB5+HVqDb24t+FRYQhTblhnSxtvzS7n2H8MkFZHOPlo19Jy0
wtzSPMaywXG2FxZLjrZdSFH9Wqdf+aq+sfieqwJJI+uBp90c1BZRBX4ebA2S4GbbfA2j/NDsOlMz
j3TlRe4nE58GnvpZnOI7fhmM/f2QiI/yqWjxS8hpihPsJEi1FWUaue4kre9RJ6kt2nat/ZV9O6NB
HNE7x1ezOIX4573fdQqNru9rfNkV2so3hVgPtTXZIefYaiZUtfz8NEhBwT9ORBJAByZY2/Gp+FQb
f57GP2XWhKEAY50/5TnYeTEuj4wRiyb+1MDva9uJHb34RD3jn3lgWAOjNTxotQ+6pvF/Wn3Dalkm
XhCQaJqTKX1FoykehyzzXuEmaKQfiD+unbdbZssQR5M5/G07Q6C2Oh2LwR9r0OL/TuQlFImdYVse
9vDkcGLnptfqw+9uyyt/W/0O/9011La4YAJoA2cqX5lDs20h8W4GSm0Efpq9auExkRtSN8Tz4QZx
Zz4VX/9OX7GI88HX8RrSdYCViBtDci/vSV+1OQXnUEPmUXF+whLgWtIYlBtAhT7wcCavOI7nsWzF
8ycT382DbPGKCzotlkQ2UprhLvfpK65t/s1JtOFXDvXuSJI2+dxtdS6l1FMuxY+vvzo5P7xBkrDZ
xu85TRayXUlKXAAmhcLfzZikKX5z/dX/8v9AU3nGGimZU3nj3Kd3DQ8USUB9rwZIunfYfQNHTsFJ
qA7CRwhORieGzCkp2qe5mosQP831wsCxYbjcGnPQBH61Go3SAM0ammmDkRoQZlNqFKoySEKNbEYN
FoFFQw2bGS72dGY41PAjN8jxnWFg/2AwIK9rFsKdE2RQ55mSCd0zGC6CTpGl4SSU3BoLlieSl+FP
DOhxHwIFtgCdjZ+PhwgEjC/pXclu36MTvvzAuGPRD5mBxTVJDNRyCGDxM3kLlBA/sy1w381oZOTx
FBJDYNC0IzRxwezAjgzjxacZX51tZMzAry0bwEJ+fRJ0gHuQ4k5pnjjNRQ0YNANQ4RfNuL5wA0WX
ym+GIyVEzsKWi4F+YPBPMeKJdJZnHsPehFjCT9k78lOJXOp7I6GN3xjAiNjdf9k7XMzDIGB3Bg5B
kKz4Dq4x94nxE9olXsMNtAitBwZ6WH7rMTdWeQ/fMQgHkwHdBxpCbs7CkHrF66Vtl6cVyV98gmQM
zAOUTDwPxExFX6CO8TOmRkhJmifcESAWh6LQoCn6e04C1OHUn8O1cxLk1NiVjYJTfIncRYswqvhz
kgb0AX5B9ABO87Yv89ABFYGJHaaLyL0h6a2B34cGo2ryCz6k0E9o5wVSvGyWMPBV0JVwebpn8ITG
kG4CBseegV+QTOT33VE3EEKQFuYRmBNeIphf874GTGByCbuHsZlRUANA4mYclcKhbqVAZxM0XLwG
DXTP8LMfQH1Zwm/zKHpGbj+1m41dwJDDILK4WjiMhkR6wFnVDZdw40jyCLdMQHPElfy8E/g+9GnT
OKJz+dsI8XG4wXdO2VNHojQc1EiS5HEmqEJhqJgQZJO4eOfCCOUf1vTE6CBz5nsg9uMSoI2gzTFQ
NFhXUzE0uLghLiotDQIFBIBkIUbo24A5YD2YHhiCDuMg9DMc6CGdEmeRgcaNa6HqFleunyJvfvsN
9tqdzzXPLQpG8F1DMCqMLOUIJz7fUcuguFEJsplAelo0KYwceivHMWtMGXQUwzGLVoENTbmYDS7a
gdFCFNA698fi45b/zyPAfGuZ/BiHnyd/mrGYiyB9aSmSZJca4D4wiFKvFAhbLaQyW1ZHCsadwCc+
KqR86Q9bkJCPCy4SegzDzSESRRCJDHpP3Zw7XyZEFiMSI1d5Nb13IY9IK0TCcb2/OT4wbk7Pro3z
s4uzG+NwPD4/O742xsdXBmSu746v9gy4yLh5D1cdG59O358fG+Or96Pj6+tm3QVo+rC6PamOMU18
xqMzOuIUAfIPYhfaKJ2tCbqH/MDjvoVf0sC1vcLNclaQywJOcNBgTYj3W8YmjAxyQ4yGEV4mG+Oc
BRNwvZUjFxGJt8GnrzDo8xuaD69GW5DFAnRbTF3MDYRmUVzRr+LeEgOYF43TCmq7JbGmLx8XSSJv
S+RTkjgwMhr42oXIWrkDely7fKihOPIuQ94FvjskEf92uiYJZGk52ODLvSIm1I2wMEMRXicT4CXw
htUQbBrvhc8XBg+pBMsDr5TFhyByFxmV/KlgHHPxAWiv1ZJYobUT7iweBEluOoJDiW2SsLAItuJu
eUVDNU21hxGN7MkHtmE8YlKadVwX2SN2WYIvwYAZSkP28jAWqZbI5wx5ooEniv46wovkDVx2LmaB
AI4gzMNgJ48oGII2BD5oYQ5GlqY5RceQzaDXpkXqiU4LW6uk2is6UuQIMsNsCmnw0m/qCSsid5ZH
t2kh+4jESPXDPIQYizP1RlEwYEcaon4SUlR6xfEiVclHzEMbg8w7lhLxBhuYEucQdDtljx0xcapu
05gbodcT/MXFxRASvOSFKjKeOTRcqA1pie0IROG5CqSPqD2QTiQYgktMsEAxxD0CYYUObpP6FHiK
lvHiKttFBeJ3PAu+y1kts0M7imiGHXYgQwSkZjMWiBTTIRnUvJiJc5EhawITkkGG+zZRBsmzIrQ4
tEw2RXh7ofZScQrdarLIkPme0TCVDuSdxxtuZIUwMgRwr13lsbyIxRTSE8ixsOGJPt4MRClW0ziF
XBBs6RVP7ozR+MMe3AsyODC+7nwPzJ7nCsJ7lvwbnP+B0SvS7iojT7l2lGubxqEHjmpGgsk+Lujm
ZYJHwYZlU9CogTM5aGDKQKzCnsJMLUWO79GrYYpJgqaBQnwYR+Mi2a6qQawlUCio+jnTPI7ihjyu
VTcXctSl/lda9iem5UU34sxfkTJB2i7MQwmtnaElbnrZNMbynoDgR4OwnJZlqbQF3uIkIVOEAH0C
akvjgGcsWGtC7R/gYCcJ9tMo8HFuhRfPCRRTNM2Mi5sPXNIUICFsJ88MLNZ5V1bNieKiWfiaMMsb
eNcBlxat3KNOPj0oCpYfDRMLFZmuzWCo8vOGrFVTUV2jJUcpE4FLWoOJzIRzEtxGM8ZSXoEXdQot
KlHuwTySESMl88JT4jRJMaOE55QSFgTjE4YiYZGTE1gii2KYTyj9YHx22D1afWKcHRm7nz+cHb0E
zGDyIANcfwfuPk7EWncwDKxfEihemlUGCJbA+CVc2RFY+uc35wV/WdsolB94YzitxIMmZB9Y5PIw
zLGxYqpEhhBtpoc3C+f8yaJxn/ueYogE8hTwbpRkhd8E/PzsXlEG8BJSSgp2A1knT8ki5gZ+bPB7
wWwuyAJMBkvJkM2LqhxDmowD3Bc3inOiybTygMXUmDpdcsPnO4S94560JBOdwa+Vxp2nct7Fxe9s
C18n72mIew6MGJKkuR9gM8KPSx8lW8FARKJpWShEeFtQj4d7xVXatNqjU1Silw9DXILBK20ec8WI
RlXKPsYAiy6Kz0eAHeJvHiHh5iseL5WbOfCIivrXoYKZIzZm5vN1PMTNCoPnNs6n8bTIK+BjQyV8
cEQGqYsKWFweOgwKQe0xKVuPi0kS4AT2UYw7ELa4Gf+W0rT5YMbZgUYee/i+n2KT/NvbvCE+D6yO
zSPemIOLlFLugVCfNMGehlwdl5EbEp0hZ1OKCM7v0aADv4ZhGS+MaYLLHEv1VDM2pYaaD1UkfdMd
8XmhBn4SqhjRNzGL86AwRnmAoYxfIz1im/tDnuE3YunFMJigY4JoJ3NnPqUr5qgOZBTHKTVeNwqy
CIKyv/DDq+Vkh1fpDe29gZsE1kjlcNPJ8QzSzQlTegRGWUM85SivnDHsGS5KE19TafqMSwyebBFi
3QMDJMMpRDetRMdiTp43qvMcAvdiZDpNoIIWs2Vyak3MIGQJ4T2n4ePywQh+f/T+ACcypc8XoQ+d
wh0VyTWBoXPHW0y54BUATmsqk9sQaUvNC9MUnfNAqdCh4rw0JgjyUUOGKjVH5HSmqg7S7gjtRJm6
2gP/GM/InoFbzPD4nJVpGLjeCU0g1W64YrPsA3m2CFciWBBtKkw+MFPiaw4pJ4Ry7sUKZyEZ8p4X
54s2HvS0wKp2deaHla+WARiZ4vU4EtA1Y8+iw8QG+RyfvKmYz21WDcgzaguFNpeHeOm2Re+KUaFM
nUgewD6T+iwmSWaSyD0GVjkycZYeA+ecoTbxeOboT0pGUH4AEPG0AT1QMXMgfBzwky6yiGwk8Ekq
yxLIJEkYB8UR5jwgo+yrg6LTxDmwW5zCOjD+xZMViJ97fE7rV2Qqtqctw6T6FITDwMQx8T05a1A8
qeLTAY9FLB7QeYROeYLMq018cxdkleFWFV+0y2UQPw18poVRQUSvqsUDA59sHVj/6O91h/fmXvu+
vWf9w/yHhwkRH+e7+FzeRef6atASrlgcdbovRZYnnjGoxboY4RhbQMdyLo2nHnwyDHrNXeBzldzN
8qRwykWFkpRPJ7jHAT4Qqlz+KCgtFNYonmyALYh09sUJdzW8KX69xiTnmYKgfFEoDZ5bKkkfi3l9
S+/B8aWyuHNvsTxIeSEDGnF8SMwXIonj1yFeEAVKDxFGxJgRKDl/SEaS0lfv7O3Q+4xGafEmOF8V
c7DTxzc/cR2H40JONFMp+Igp8kii0Vj4xWNZhPtgKlR8VqkR8iRQjz3+EaDqeOIHfPVcRZmGsXo4
g/ChHvswyuYq4beUP/Uvj0NHPDBTaZiKgfyeSotdHfYVncjZBe1O7vdTnQQZSqhSrsfnmgSL9PcA
v0hT/DLKUxm7pRGEdw3xgvDHpZbcVuqrH4uF9l2+id3XwHfUq+HwPtR1ylAaq9Vqm6aFry6Pj95r
SD32hUtSJwLJ17sDhnuUptqF1z4O6M8XGsSaBHCIZbIOC4h3uM+URozlZKH8srcJEQkFnunGVUXb
LzyZyjMfv5iFWxrxFVT+1PEjgnvMcy640IazLD7owR2S5/A7hFLdZBHjlrNAaPPrp96DLvO1Xua6
aaskqNFy7n6nubClQpxfMOd6P+bTO9UNf/zxfwFLQa0U
===END CRASH DUMP===
