PocketMine-MP Crash Dump Thu Jul 1 23:24:13 WIB 2021

Error: Namespace declaration statement has to be the very first statement or after any declare call in the script
File: plugins/NapThe/src/KaYuuVN/NapTheFGC/Main
Line: 3
Type: E_COMPILE_ERROR

THIS CRASH WAS CAUSED BY A PLUGIN

Code:
[1] ﻿<?php
[2] 
[3] namespace KaYuuVN\NapTheFGC;
[4] 
[5] use pocketmine\plugin\PluginBase;
[6] use pocketmine\Server;
[7] use pocketmine\Player;
[8] use pocketmine\command\Command;
[9] use pocketmine\command\CommandSender;
[10] use pocketmine\math\Vector3;
[11] use pocketmine\event\Listener;
[12] use jojoe77777\FormAPI;
[13] use pocketmine\event\player\PlayerJoinEvent;

Backtrace:

PocketMine-MP version: 3.21.0 [Protocol 440]
Git commit: 82e8eb46ac8b7ef6a320da6051b755830d202b84
uname -a: Windows NT HQDATA-788 6.3 build 9600 (Windows Server 2012 R2 Standard Edition) AMD64
PHP Version: 7.4.18
Zend version: 3.4.0
OS : WINNT, win
Composer libraries: 
- adhocore/json-comment 1.1.2@fc2f76979f0a44a5f5bc2a2b600d0762fe0e78e7
- daverandom/callback-validator unknown@unknown
- pocketmine/binaryutils 0.1.13@0abee38d4e2861621f262c79a2a3d699d8a697f4
- pocketmine/callback-validator 1.0.3@64787469766bcaa7e5885242e85c23c25e8c55a2
- pocketmine/classloader 0.1.2@9757928424652393b178a3760073113aa7c9911b
- pocketmine/log 0.2.1@830b44a2cf96ef703c550abe64302f230231ca49
- pocketmine/log-pthreads 0.1.3@e477ecf6ec214fdd4415ea1da3fdd9d73bf699ea
- pocketmine/math 0.2.6@43057cb8c179a9859677b496a788db922fd5cfc3
- pocketmine/nbt 0.2.18@9f82ca4d7f97fcd9a566e44b63c4f18a7657ae82
- pocketmine/pocketmine-mp 3.21.0@82e8eb46ac8b7ef6a320da6051b755830d202b84
- pocketmine/raklib 0.12.11@9cce458b8bfde3e4dfdbf70c659fc7b7fe26b5c4
- pocketmine/snooze 0.1.5@70b5e7937a06878dd321a3182ceb76d56298f2cd
- pocketmine/spl 0.4.2@6b08b7cf8c4afa17139c9a1b3bf1b408531de161

Loaded plugins:
PointAPI 2.0.9 by onebone | Edit By Nờ Cờ Dờ (NCD) (Danh Miner) for API(s) 3.0.0
MaxEnchants 1.2.1 by Xenophilicy for API(s) 3.0.0
KeepInventory 1.0 by KhoaGamingPro for API(s) 3.0.0
Netherite 1.2.1 by Wertzui123 for API(s) 3.0.0
DevTools 1.14.2 by PocketMine Team for API(s) 3.13.0
FormAPI 1.3.0 by jojoe77777 for API(s) 3.0.0
PurePerms 1.4.3 by 64FF00 & ProjectInfinity for API(s) 3.0.0
PiggyCustomEnchants 2.4.1 by DaPigGuy for API(s) 3.19.0
essentialsTP 1.2.2 by  for API(s) 3.0.0
PureChat 1.4.11 by 64FF00 for API(s) 3.0.0
Broadcaster 1.5 by EvolSoft for API(s) 3.0.0
PlayerVaults 3.3.0 by  for API(s) 3.0.0
DEVirion 1.2.7 by poggit, SOFe for API(s) 3.0.0
EconomyAPI 5.7.2 by onebone for API(s) 3.0.0
InvCrashFix 0.0.1 by  for API(s) 3.14.0
AutoClearLagg 3.1.0 by Twisted for API(s) 3.0.0
PureEntitiesX 0.7.0 by milk0417, RevivalPMMP for API(s) 3.19.0
RandomBlock 2.0.0 by Edit By Nờ Cờ Dờ for API(s) 3.0.0
WorldProtect 2.3.8 by aliuly for API(s) 3.0.0
SlapperRotation 1.2.1 by jojoe77777 for API(s) 3.0.0
PM-Beacons 2.0.1 by jasonwynn10 for API(s) 3.0.0
BuilderTools 1.2.0-beta4 by CzechPMDevs, VixikHD for API(s) 3.16.0
PiggyCrates 2.0.9 by DaPigGuy for API(s) 3.2.0
NoFallDamage 1.0 by DeveloperNeb101 for API(s) 3.0.0
MultiWorld 1.5.3 by CzechPMDevs, VixikCZ, fuyutsuki, kaliiks for API(s) 3.20.0
VanillaEnchantments 4.0.0 by TheAz928 for API(s) 3.0.0, 3.1.0
CustomCraft 1.0.0 by TeamBixby, alvin0319 for API(s) 3.0.0
BetterVoting 2.0.2 by Twisted for API(s) 3.0.0
CustomAlerts 2.1 by EvolSoft for API(s) 3.0.0
TopVoter 3.1.0 by SalmonDE for API(s) 3.0.0
DLevelIsland 1.0.0 by Nguyễn Công Danh (NCD) for API(s) 3.0.0
AuctionHouse 1.2.5 by Shock95x for API(s) 3.0.0
TradeNPC 1.0.0 by Free for API(s) 3.0.0
StackUp 1 by NickteeChunky for API(s) 3.0.0
Blood 1.1.0 by NashanPlaysYT for API(s) 3.4.0, 3.3.0, 3.2.0, 3.1.0, 3.9.0, 3.9.1
AutoInv 0.0.10 by JackNoordhuis for API(s) 3.0.0
HuongDan 1.0.0 by YTBJero for API(s) 3.0.0
VipJoinMessage 2 by Hender Plugner [Edit By CurliestDrake66] for API(s) 3.0.0
Eff 2 by AmGM for API(s) 2.0.0, 3.0.0
SkyBlock 1 by  for API(s) 3
OreGenerator 2.0.0 by vividmemory for API(s) 3.0.0
BuyFix 1 by phuongaz for API(s) 3.0.0
GemUI 1 by WoolChannel3295 for API(s) 3.0.0
MuaKeyUI 1.0VH - RBplugin by Ibenrm01 for API(s) 3.0.0
PHP-Sell 1.2.7 by Muqsit for API(s) 3.0.0-ALPHA9, 3.0.0-ALPHA10, 3.0.0-ALPHA11, 3.0.0-ALPHA12, 3.0.0
AntiVoid 1.1.0 by FiberglassCivic for API(s) 3.0.0
NPCANIMATION 1.2.1 by jojoe77777 for API(s) 3.0.0
PECollide 1 by saxavlax001 for API(s) 3.0.0
Slapper 1.6.2 by jojoe77777 for API(s) 3.0.0
InvSee 1.0.0 by BlockHorizons for API(s) 3.0.0
Minerloot 1.0.0 by Distoxicqted for API(s) 3.1.4
MuaFLY 1.2 by SableIamNoob for API(s) 3.1.1
Boss_Quai 2.1 by phuongaz for API(s) 3.0.0
AutoSell 1 by Jero, Cur for API(s) 3.0.0
BuonLau 3.0.0 by AmGM for API(s) 3.1.2
SellExp 3.0.0 by EzMinh, LetTIHL for API(s) 3.0.0
MenuAuto 1.0.0 by JeroGamingYT for API(s) 3.0.0
RebirthUI 3.0.0 by YTBJero [Edit by NCD, Ghast, CurlliestDrake66] for API(s) 3.0.0
DanhHieu 1.0.0 by JeroGamingYT for API(s) 3.0.0
PixelgamesToDiscord 1 by ImNotYourDev for API(s) 3.0.0
UpGrade 1.0.0 by LetTIHL for API(s) 3.0.0
MineRalGUI 2.4.0 by YTBJero for API(s) 3.0.0
PickaxeFunction 1.0.0 by YTBJero for API(s) 3.0.0
VanishV2 1.0.0 by superbobby for API(s) 3.0.0
QuyenVipUI 1.2 by NightBlackDM for API(s) 3.1.1
VeSo 3.0.0 by AmGM for API(s) 3.1.2
Kickk 1.1 by MCPEVN-TEAM for API(s) 3.0.0
Fly 1 by Ghast Noob for API(s) 3.0.0
TradeGui 1.2.3 by Only FurkanGM for API(s) 3.11.0
LpkCuaHangUI 1.0.0 by phuongaz | Moded by LamPocketVN for API(s) 3.0.0
SEnchant 1.0.0 by NamVN for API(s) 3.0.0
MineLevel 1.0.0 by TungstenVn for API(s) 3.0.0
SizePlayer 1.1.0 by  for API(s) 3.0.0
ScoreHud 4.0.0 by JackMD for API(s) 3.0.0
EnchantUI 0.4 by UnknownOre for API(s) 3.0.0
SeasonPass 2.0.0 by TungstenVn for API(s) 3.0.0
Minion 1.0.4 by phuongaz for API(s) 3.0.0
EnchantVipUI 0.6 by UnknownOreforsource|RBpmmpformod for API(s) 3.0.0

----------------------REPORT THE DATA BELOW THIS LINE-----------------------

===BEGIN CRASH DUMP===
eNrVPYl220aSv9KrvLeJd0WKAG9lvWtZh6WJDkaS7WSCeX4NoEEiwhUclOiZ+fetqm4ADUgRKZve
I+/FIgqN6qrquhts/n3Hi9OQ55+WIs38ONrZH+zu5H4odvaNkTk0hqPRsN8d9qejKdwoEnnL7Bqj
6WQCtyfD/mRiTOCeSNM43dn/+06+SmDIzvGnw6uL2dn58afj6+ur653dnVBkGZ/jvUsOnxPuCOYK
J+Apz2FqluU8F6GIcrbgGctjZguWLwQD0lbM89Ms14bEKeNeLuDfaKWwCObwIGB+RE9lTuonOUzr
+QHOmQTF3I+yvUue3C7EXpY6ez/xX4viw6UCnbw73LvgfgSPBH4Ej/T/uaue+uRHyzhY0syAyvVT
4SBqJ3YFsmwA0Co84Xn/8V/JIoE7JkDgTx/+RBWzaj7Lqib8EcYM5NAh/CkywZLYuRN5CBRYlpzd
smb09y3PBD4wemLkjUhBTHh3/MTdWcBX8u7kibtOHIY8ci3rUH7AcdMNxt2IyJVYjd4Tw0GrFpb1
ASQVp30aZTwxSixBppZ17me5iBQ2U437Pf49FmP8z7JOQE0PZmd0v//neBLitOT4L7EfHeONH3dg
LfMUFmFn/7e/7e7McS4e4Nrh8gC+GeG6AFydixlMYoOwa6PY6XdNo9tDeOEHLhjHZGDs7vjZJ1cs
d/Y9HmQClCWN89iJAe1g0INJfFSWiSkmwh6MuDOxx8Ib8b7Zc/moNzTs8XA46fdcs2fakwHgLhQt
H/3Ije8zdnnLTn8+Org96IwnEzbq9hnNzqajXo/9UI6SS8/MnmGya5Pd5LA0PHXZseujWb1iBxdH
I0SPmrm/M+4OusYELj/D8hFnA2IM7n6KM5z97PLyFgB0cU/2ACufxJlIPwW+nfLUFxlKjrsL4DYV
e79ncdRB7ZDmYXSNrvnGc0xvPJqOp16PDwZ86A1tx+SmDbS7vfHI9ERPjCdiDOhdDgwA1XG4hxZs
c+eus+SB7/IcXQrI5S6K76M36i8SW638nu1HPF0VuR8gvT2Y2+i/6XFbiP7EHQhzMgJHZnjmyHTG
U27yvjuaTt0JB9K8QRPVk5PDsnf7b0aD8WQ8gGdGI9vhfCyG4P7MAazt0DH7jjkUE2c45GYLYcCz
LIg5mImizXwzHQ/HU3MyMAejodmf9m1jPOH9MYhl3DeMPuB2plPDsJuYgnhOGMDzvgGdsUGipuNN
R8Ib9/owMzI8GvR7pmfCP33D4YPpIwydJF+kgruloPpvxGA8Fo43Eo5pDDzXHQyMoeCGy/twMXXH
fdsDaQneRIWWragZvYFJh2PHnjgGiHc6GU5H47E9mI446KxrT03Tc4eO5/SbKCI7L/mZvJl6ExMI
dscerInjTjlEHTEY2KO+M/CMCR+PhmMuJi3h1h87YVKZ6JsX2JuGLOV3oNtSLkCT8WbqOGIwnNgT
23NFXwxcz7VB1s5oOPWcsT32hDmyh04LTRbF8WehxDt8M+7ZQzGe9se8N5qMJ67bNw3eN4BbYY9H
7nBkTiee6bgtJElAGAagLSO7B2w43sQZcI8bY6M/dabcsGFhDHvQg/BruMIYGTv/rIIV2eYMPF8O
/rLh4RRod6f2ayZoNyoKL/JFnMKjv+3EkbDhf/YP8iDs7YpdWoUhXJcdqr9H6u8Pl4dHr9gPRzxa
MPSc6asd8K088RFNHzD38FpE3A6EW3lJVyTgeTLpiLPYy490QIgReL8kAhw6Ug0owaXX9KNJIUdX
N7cfr67PjwB0L+zMz5FPdPUX/OE4chY8yjNNAjpUF4KBatgUwi8iipOFH/jOams8aTgtS6OlcbEJ
dz8JkZxFGNfidKXx14Q3Oew1+ftpEfN3HNRtPkvjrXHYwGpZDXqQS5lcrWPvUkD+ltJ1xVoNW7Nw
H0Wafy58w+xvjasaJWRuJR2bsbPI8yTb39uDVGBR2F2IkXs1tr2aKeD6SCxv4zjQ9bUCNXk2wDE0
ma6TF3YreNjg3Oi3WM/TYlPOSwIsSyNFMXxze3B9+362jt2atL0KB3Cr0jmN2RLS5LXfVtw6J9za
+j6RZlYfNtHXWZGKmUhDfelqWJOfQbff5Gc0ODmBbO5fGVjM75Arn0WeH/n59rzOJzkD+M+SJO3j
F+gvPatqqRoPisGfz1eHRZbH4RO+96m7zUA0aJvyEYeH3hVNURjTr5BFiREk8JicJ4FfIKBykr0n
0O2hoKAMBpfoA923M01CDXDbyzUNflu6oU8JJVSTgI30/nDB85baE6it9YbxlNq/TMk1o3rE084J
d7DayTCc7UKoXfpxkc2OOyV8508sAqmtP23BHggNSOdtCogcDmVtqglIhzZlNGwK6HgZBzfA4tb8
gDazZTXJ2MCj39/fdwWQhNi7+R0tP5XYH3gRNA1dB+ss9h85822xFhZ/ALll8b+kqcsWQEXIWnU+
Ov7gp0RqHYBLUNscx83FSuI5Fvu7OzdXJ2JrKyaxWtaSaLAsV5SfNLqeWTtk6tiJozhcNUOtBtQZ
G3bH7cRCpeHbT+uFJIES+wY5a5cJEsrDlGeLE/9BY0mH6jwBsa2w0ggmgy1onR8tHZza8x8s61wW
+xvwcVDk8WEgeHrO53ONkya8aUCP0vjbe+ybuVtbn1zisyyYI3aQigCosKw2US91korOg2wVFOHF
4V4Tn4olxxB8cl9kv7QCSg1vruy4LY3QD+56AwON8xpsZcmD2cXFbHvpQyqRJmGYgLMByoSiTAaQ
ks4X58gasXtNhkEy19QYextAHq3JRYe26/mWVNZU8VvTHY2kzWu9j3EauBCzc2yo1+w1wE3++t1J
kz8e+EWwvXxZorOseyQhkSS0+dlwXS8KP/V8Ebh6r6rch8hBffZCCsF7DXZBKjcBTxKRXsc57Yxo
gmnfWVMNf4NqqUXB5ks9u+i8FdyJo0a2UAPbatxmhWdxdL+KIqO3vcqvxmlZNtEBuVFFz1qW3mI7
XqTtur0Bbq9Qr2OLnA+azB1+Fs5idgEVMj7wwX/w706Pmo5r9BV8Oog+CSGBAFdlS+pyWdi3aH2p
Y9cI32ugqgrClOficSEooWs6kU8WgOaL5fBk7fnnRSGR1rj4+iKQ0FDxdxmf8CA44iHthNb9LR38
bOcORC2CGCzwUthGz9iaLbTwWpZO0uZWfgHptk/+TG+81sBW0dNuhzxhCId/xU3cYlXkWXHnw+c7
cNH+XdbUit62zCNEWsn5A9M63V9jGhoikNEHHvlBwJUu4q6ZbiBP3dWlNngc4m8X4uDz1Jw8UoZd
lTR+qWSWkhbc8k3Fl+R9irC9p5gCSUijBPPw9OivQ1u28IhzwcO3/oON7W4eLP2o1zemX2kTav6z
XIQqna8FUs0HIqmpbFxsFDhEDnH/Q5z7kZ77N8Bt52h+i9R/jW+s6gGbKFsSZRgiG3SuZVfiPwgg
6mSP1lmBm+wa37gbok9drl5FyJf1Q27jBCTS6PZUoDVl3A0Pwjg6Ot5ekqYQWlZJQv1po17IOUaD
syzgke7HG+A1lnk5h5AKFYYzjLDk6PW8QTRntFdI+4Yv7P01mgRlc/4ZCeD0IjqMozlOaVkt0jco
z6lveBoXmWhU5xq4ndq1Wng3C8j6p8OHrzXRBut6o6PmNlNTYeFOBC6QQKzbG+Su5fo2BX93OTvU
dbgErVnvE6hntqa/5aSb5x03OXfu3id6qaQgDbpbOuo7d7kQh4siutteBdnAalmKjs1ZgRI61q1O
Xrf2AB+ZG+gEj7Dnmf1622BloPKAvvprankB/p1Wf40vZ7meHaID0qv+bNoJA7Vu9cAQ8qiT12L6
LyDZyzhO3UXhZ1usCp27qMQqW2F+tJRNMEnVWpZOC+l4NJ4q0Bo7+vX27V/EFvfky3k3178PfoIv
zl2Ur2vWmWnzRiNiN5k4pVcDGe6LRPD3t7IHdVikgS+y/Cjld2I0+tv2uKQJLUuRWH3YhN9jz9Ob
43D1DGcH4bsLjWqzSrO/hnqYEwouRG28wOPdrdpdwQr05z5PE/iXZxdqGsv6axF4fBH6J7+nmxN+
lYp39P5lHuvJUgO8pqe59Je+G4oQ33PZlgrp81uW+ig2awOtmrsRCvBM5EkWaJb88/a292jKzRfh
nQjf63tC8voZij/GcXAITj4SQd+cDrdGOEz8ku4C/0msGoRXoJZf/XDKOuz6rWy3Nlk5s0WUhlvs
nZQIsWNQUbO+IXo669yIoPEWcglas+F4QXtPbfo7B+ez04Np6Y7kpdFrXRuta/Or3RdSfEpvhm+6
jgdR7n+IfT3LqUBrEp0T3xbpHF+sPQQn4Gxxf1zwfHHL76CmDVZv6a1i8MmKqvrTF3RBnkK9V+HD
puDs8ODy7OLg9uzqUm8K6uD/T53+48M4CHxXzx1q2DM+JuMPfBnwh94WbVPDaVmJcCQVm+zoaDsx
j3dgWusxardnvsF6ZHLmL37zsCZpr2RC7qffCNHcSkfAmjSVEoDTOPU/q5drtmOEOlbLkqS8ZFed
XkOGwkNvJ9awNTwd+VkeP/jOH+2+mtEdfHlfXUNqWXnwomB3cv5rM9QhoOUJ2q0kIPGMh1AW2S0e
vry8w4lxT/TSny/ytwHUR0cXFOsAulGCFGfZp58L7us5UgV7tvO39USpRIj1XMqRCihV4d9NK9VW
xK5Az7g1rOd2sfbZGhM4awazvqCpAFyf86KRpEpIszf5yChaBQ8qkvnFdNsvoBilevzQ6OgoyBqK
jz+DxS922bnIb89Oz7cmdInXso5/md0s4hc0dC5EVOCK6aZcgta4JFQd+UZ9q6vzNYyUk2/OwbWw
/TRfNBLvGrZmPVRHQ3UB7BW7PDzaZe8WPMvJKoJv0xK4Fn7k8DTi5Hg35RS7xae+0A2lAv1vrNXR
6QvyLv9BBHP8uultDGHHiVO3sfH++O4zTusMQkj+a1ykR2K5vUJJQ2pZs3cVJXRxtAmT75N32BzW
GCsha5Zn2+6geIkHgBTkmgfvmpVrDWy/Cf+Ne4LHrlLUl+iWc8cfxEkROa1Xktp3/of7m4mc/gXt
TR752eKD2dpyJ9Aa2rMCkmY7tu3tdZ1qlJZVklF/2oSfn3Gj64OfNHRLAz6bLuoZ3dbSxQ9nM2z/
qzSxpGL9wogbPUTS5f9kcoITbq5GP4He6b1Xed1qXrS6Noez4w+Xndvjg4vtxXLCaVnl9GvpxpRd
+9ZVsHouCFCQZo9qia8hmAqJTYVM+4DvCr+9H4mgdkOk9SbRVRSs2EmR3vGorSNf80ZMidGyiJDN
WTlP7g4LfsqjecNQG+A17qcsXdg/2EXsChdzqXMeyq/Yfbh84Y56/Q037Zu1jb3mP3k3ZH1lVXH0
gmxfzaCn+yVo3ZsGPHwp889uZYZoTy+J7PRqQSuwS9i6t5eKaI7nXnyItrdzXqEEHjQ61i+A/1nI
r8zoS1ADn2/Lbq3niBOeyzM86s8b0Y9HUZwWesZbgda8PofbyBdHW1sCiQ7oV9NvrkxK4RsOooY1
d8NbbxC/l2djXKXbewmjRgk1b0nFS+p3fLt6xrOsUcJXwDVbfN/YNmpC9M8bWnwzAVaAtq0PvnEj
6/D84IjeWJXzv1jL2iljA9zUtdGf6ZoHEKjmHPGP67f4tRg8TCp2v4EGGpUKEn2bMouHYvAU+MtF
+5vynYtZN1lw6slldIRON0nx/Wf6Ck95ntN3swrGDuPI8+cMz5OyUiv67iNE4L8UEev3WG+63zf2
B0P2770xM3umgQMCCIEFn4vXAgotuA7j3H2Nb8Lx8Uj+Cayi3zN6TF5x+DPoO/Bv357Cv+Z4YBWG
2xvL23aG9wdmrN9Sj7pZORL+7WXVELzn9Fk1KcxGpEmGO0mc5q+NqdE3EXi/ALF1Aj/LX/fwmkdR
DEUdfmUFnXCHOwtfyEOwstegcIgn4fdRR31LBrRFPhjyB/VM9npAEGw7gGIIeR+0BLBWsNjzEApr
4aLHLK+TZaJmcX3P850iyFevidB5uU3fyUSO76Bmr0neGOo6qM2vbeHe8zSroZkQrjYIzyh7fXJ+
cIsgqZqdPwqRrtSMCpRCNlSSg5+7CfiI+zh1X/8b/QcyKvK4k/GlUA8ufXHfcUGEHAT3eoKgBzt+
6KD1qCGNw166qxAPe/mOoT4zhzSsUOehoaIxkBVrKC0oHrtdiEywknmGR5/hkWdxBFqaL3jOHFy7
HA9Q8yMnKDBXBPSP1Bxx3cQhPOkhgjbOjHtil8V4SEWGKJmdCn7HVmDxChfzPQZr6Hs+zQDLhyej
QYYPiC/FfYVuzxUefRGX3cfR9znD3SeeMpReCMziwUsreXCbn0m+7xciYkUyhyQbEHStCJVWItu3
Isa++7ig0zPwnLgMHAfDo9+yPCXi85RHWYCNP3mbSA1imEbgwXGByEle+IVaRzDwKm5AEgwRs9TO
0nj3GTksvJEtitwFd9RRB9ntM2tHHb5FVD+wVHR+h1yagdP6F2uHyDwIgvieoVEBZUx9+Ystfc5+
Rn3DMaR45ffC9hmez0GPHpMSqmcYEMnQPBgsH0gIsdl48h3JFccrna1ua5R/99EH6cRYEXHXBTIz
uRYoY5D+HQshAhapPFkPeLEFEg2SEn8UPEAZzv0ljF3yoBDsBzUpOLpXiF3OCNYi0J90YA3mc5Hu
w22a+7IIbRARqNhBtoqcW57dgRakd6BUXRrwPoN1Qj0vOcVhixQKkQKWEoZnu4y+kMGU4YNx7DI8
kwwYwRhFsgG3j7CwiECdcIhEfkNrDTyByqXxgw/qJkAMwBKpcVQRh7JVBJ15qLg4BhV0l/n59yC+
PKXHXIG+jvSn9TD7AXjAc+lMEgux0VGc7hOqtuJyUo60iCJcTld+A4cWgb6klXUZRHj1mYXYqmH0
VeNd3RKV4qBE0rRIcgmVAkPBhECb4osWFyyUjmpzpXXwZey7QPbTFKCOoM7FIGjQrq6maDC4IwdV
mgaun97Jkhb6Loht0B4M7kzCwQ5CP0dDD8Wc26scJM5upKh7JFw/Q9z0+C2u2r1PkieNAgu+70hE
pZJlxKHnA4ngnugMQETjpUKUU0olh9Uq0GbZPIaFitFmUStwojmR2SHS9lkPuYDZyR/L49L+z3OA
2dJz9GNk/Tr6szxO5Kma0t9VJCl0GQP3gcFRuBVBOGtJldEzB4owcgIfySoUfdn3W6CQ7IJIQo/B
nAIiUQSRiIkH4RTkfGNJsrRIjFzVaPHgQH6Q1RxJx3V1e7zPbk/Pbtj52cXZLTuYzc7Pjm/Y7Pia
Qbb50/H1LoNB7PYKRh2zj6dX58dsdn11eHxz0227gIY8zOFIiWMmUj+m6IyOmI49dRaCXDJJo3K2
Bsge8gOXfAsN6eD7idLNEirIT4FPcNCgTcjvnymbVDLI9jAaRjhMTUaYJRJwvbUjlxGJ5qCuGgZ9
eqD7eDTqgsr1YdkS4WBuICWL5Mp1lc9WPIB6iSSrWYWEWvKavXqaJMV5X3E+56kNltHBd3tkHkoO
6GnpkqkhOeoppp4C3x3yqKBMRKcEsrQCdPDVbhkT2kpYqqEMr54HuCS/YW2CXXYlfb5UeEgl4iJw
K1p8CCL3EavpzyTihMgHRke9nuIVZjshZ/EoSJLqSAwVb14ah2WwlU+rER1dNfUVRm7USj7SDfaE
SjW046bMHnHJUnzTCtRQKbJbhIlMtWQ+x9SNDt4o1+sIB6kHiHYis+QAriDMg7HzJwQMQRsCH8yw
BCXLskKgY8gXsGrzMvVEp4Wz1VTtlgspcwSVYXYlNTj0T+WENY6D3/DIStoPeYJQPyxCiLH0/ntZ
COBCMlkRSSpquaK9KFGSxTzWMci8E0URTdjBlLiAoDuoVuwolrfaOo25EXo9iV8OLk1I4lIDdc4o
c+g4UO2JircjIIVyFUgfUXpAnUwwJJaEY4HC5DOSw5o7eEzJU/JTzoyD62wXBYgHgpR4n0f1nB5a
USRyXLB9FSIgNVvEgUwxbZ5DFYuZOJEMWROokAoy5NtkGaTuytBiiyrZlOHtO32VylvoVtNVjsh3
WcfQFpAWjybu5CUxKgSQ167zWCpOMYV0JedY2FCijw8DUJHVZaeQC4Iuvabkjh3O3u/Cs0CDDfZ1
77ug9pQrSO9Z4e8Q/n02KtPuOiPPSDra2C47cMFRLXjg7eFpoFQmuAJ0WE0FkzLsvqCCaYZYhz0N
mV6KHD+gV8MUkwddhkS8n0WzMtmuq0GsJZAoqOMJaZFESUddt6qbC2V1mf9ZVOuJaXm5jBmdGC5T
JkjbpXpooXUwNeVDr7pspp4JeDqnB7gqS5Uu0IxeyufIAqwJiC1LAspYsNYMgXg0dp7iOh0GPnZL
qHhOoZgSWc4ubt8TpRmwRKecFznDYp2Wsp5OFhfd0teEedHBp/aJWtRyV9jFfL8sWP6TGVioqHRt
AaZK95mqVbPyWHQ82iKWgUtpg4HIpHOS2A4XcZxRBV7WKaKsRMmDuTznLOPL0lNi+6PsEeE9rYQF
wui4SZmwqOYElsiyGKYW0ffsFzt+QK1P2dkR++GX92dHr4BnUHmgAcbfg7tPUnmiGygG1i8pFC/d
OgMETYhpCAk7Ak3/5e15iV/VNhrke5qMzmWn/kAusMilMEy8xWWrRIUQrYPjeTQt3PO9Veeh8N2a
Ww5pCjg3wfPSbQL7st1ZVgFUQSpCQW0g6aSMLIqdwE8YPQtac8FXoDFYSYbxsizKMaKpMECuuFPe
k1NmtQMsO156t+SW2h1S3eWJ/3ItaKzS7SJTbRcH31eXrk4905HP7LMEcqSlH+A00o0rF6VmwTjE
o3lVJ0T4WNAOh7vlqEa37MkOlVzkgzAu0II9GW+UQaMo1RJjfEUPRe0IUEP8TAESHr6mcKk9TIxH
Qpa/tpDIbOxlw2dsaFKEW5T6TipOfc5G4JXs40QV++CHGG+TCrw4FDmYgJj2FJW9p8nkKWAC/SjN
DogtH8a/FTV9smVsDnSKxMWDRjTfSGd40UTU2NVN84gms/GN64wcEMpTpLjSTJ7GzhR3TDVTygBO
zzRYB3wdZrLv2DzFHZVKPHXDppJQ97GIlGu65z7VaeAmoYiRa5PESRGUyqguMJLRGOUQ++QOKcHv
JMqJYSxBvwTBTqXO1KmVLap9FcSxo0ZlowTLGKjWC1+OqnodmpGjvnfwdx9aoMrcmuBkAdmmF2sr
AlbWkS/nVyMXMa4MkdLFXZSuHxPF4MhWIZY9+LMX2EF0spp0rOXUfVbfJxbIifH5PIUCWjbLVGdN
NhDwdxDu2vwRfWDBV0dX+9jHVC5fRj50CvdC5tYcTOeeZsyI8JoBgnW13jYE2kryUjXl4jwSKiyo
vK+UCWI8/qAARSo9RSR4rIsOsu4I9UTrXO2Cf0wWfJfhOUsUnvMqCwPX64kUMu2OI7/Ktq/ultFK
xgre6ISpnTAtvBaQcUIkJy9WOguFkFZe3i/neLTSkld9qXM/rH21ir+IFMejJaBrxpVFh4kTUotP
PVS2c7v1BOqOPkMpzecjvHLbcnWlVWidE4UD0OdKnmWPZKGA5DGwyFF5s/IY2HKG0sSlxNH3KkRQ
fQAjcrMBPVDZOJA+DvApF1lGNh74PFNVCSSSPEyC8gpTHqBRrdV+uWjyHugtdrD22W+Uq0D83KWW
1t8QKRUcdZjUN0GIDcwbU99VTYNy64m6AU9FLAroFKEzyo+p2MTjf4BWFW518uW8RIP8yHCrCqOC
jF71jPsMN6z2zR/Hu8Ppg7Hbf+jvmj8aP7qYD5Gd/4BnyjnoXF9PetIVy6vB8JVM8uQWg16rSwvH
2AIyVq00Sj2oFwar5qxwW6Vw8iItnXJZoKTV5gR5HMADocqhnaCsFFin3NgAXZDZ7Hcn5GpoKhrf
QFJQpqB+dkeDdCi11HK+OKHyVjyA48tUbefcYXWQUR0DErF9yMtXMoejccgvkAKVhwwj0mYkl4Qf
kpG08tU7uzviIRdR5qsz6+gQJO0XVGxH/RJGBcEdJvz1lQYsDj+5cQ7OsAFVP5NUA4o00K/RRejX
nh/Q4TI1ZB42fs9lAeFDv/bBypY6AH+mRb8ObblfpsMy9esxOixxmmxfC081FxpPkt/PmiDIUEId
cjM7b1Cwyv4I6Fdo1CdW3crjOxFBeG9wvOK0W2qqrz9+9hP5MtKQ3lD4LH/BoxoNlw9hU6YxUmP2
en3DMPF7srOjqwanbvyJKGkDAeQ3lwPMPcqyxsAbHw36l4sGiy0K4BKr5CZbALzHnwFoALXfasEz
Owz8oSEgeNFUrjrafqJkSv8dHHyhxp/L38dRWPDtX0JZnqxPDsm1y99iQT1MVwl+VQUAfRo/dx8t
md9YZZJNXwdBiVaQ+50XUpdKcv6KOdfVjLo79QP//Od/A0rRl5g=
===END CRASH DUMP===
