PocketMine-MP Crash Dump Tue Nov 16 18:23:28 WIB 2021

Error: Class YTBJero\CustomPrivateTalkCMD\command\Commands contains 1 abstract method and must therefore be declared abstract or implement the remaining methods (pocketmine\command\PluginIdentifiableCommand::getPlugin)
File: plugins/## CustomPrivateTalkCMD/src/YTBJero/CustomPrivateTalkCMD/command/Commands
Line: 18
Type: E_ERROR

THIS CRASH WAS CAUSED BY A PLUGIN
BAD PLUGIN: CustomPrivateTalkCMD v1.0.0

Code:
[9] use pocketmine\command\CommandSender;
[10] use pocketmine\command\PluginIdentifiableCommand;
[11] use pocketmine\command\utils\InvalidCommandSyntaxException;
[12] use pocketmine\lang\TranslationContainer;
[13] use pocketmine\Player;
[14] use YTBJero\CustomPrivateTalkCMD\Main as CustomPrivateTalkCMD;
[15] use function array_shift;
[16] use function count;
[17] use function implode;
[18] class Commands extends Command implements PluginIdentifiableCommand{
[19] 
[20] 	public function __construct(string $name, string $description = "", string $usageMessage = null, array $aliases = [])
[21] 	{
[22] 		parent::__construct($name, $description, $usageMessage, $aliases);
[23] 		$this->main = CustomPrivateTalkCMD::getInstance();
[24] 	}
[25] 
[26] 	public function execute(CommandSender $sender, string $CommandLabel, array $args)
[27] 	{
[28] 		if(count($args) < 2){

Backtrace:

PocketMine-MP version: 3.25.0 [Protocol 471]
Git commit: f48b703533e0ced4e8ff9e118c5fe3889ccaf23e
uname -a: Windows NT tungnguyen2-8si 10.0 build 14393 (Windows Server 2016) AMD64
PHP Version: 8.0.11
Zend version: 4.0.11
OS : WINNT, win
Composer libraries: 
- adhocore/json-comment 1.1.2@fc2f76979f0a44a5f5bc2a2b600d0762fe0e78e7
- daverandom/callback-validator unknown@unknown
- pocketmine/binaryutils 0.1.13@0abee38d4e2861621f262c79a2a3d699d8a697f4
- pocketmine/callback-validator 1.0.3@64787469766bcaa7e5885242e85c23c25e8c55a2
- pocketmine/classloader 0.1.2@9757928424652393b178a3760073113aa7c9911b
- pocketmine/log 0.2.1@830b44a2cf96ef703c550abe64302f230231ca49
- pocketmine/log-pthreads 0.1.3@e477ecf6ec214fdd4415ea1da3fdd9d73bf699ea
- pocketmine/math 0.2.6@43057cb8c179a9859677b496a788db922fd5cfc3
- pocketmine/nbt 0.2.18@9f82ca4d7f97fcd9a566e44b63c4f18a7657ae82
- pocketmine/pocketmine-mp 3.25.0@f48b703533e0ced4e8ff9e118c5fe3889ccaf23e
- pocketmine/raklib 0.12.11@9cce458b8bfde3e4dfdbf70c659fc7b7fe26b5c4
- pocketmine/snooze 0.1.5@70b5e7937a06878dd321a3182ceb76d56298f2cd
- pocketmine/spl 0.4.2@6b08b7cf8c4afa17139c9a1b3bf1b408531de161

Loaded plugins:
AcidIsland 3.2.9 by GODSMineVn for API(s) 3.0.0
AddGems 1 by  for API(s) 3.0.0
AlwaysNight 0.0.1 by YTBJero for API(s) 3.0.0
AntiInternalKick 1 by Jibix for API(s) 3.0.0
AntiTNT 0.1 by Adam1609 for API(s) 3.0.0
AntiToolbox 1.0 by FaigerSYS for API(s) 3.0.0-ALPHA4, 3.0.0-ALPHA5, 3.0.0-ALPHA6, 3.0.0-ALPHA7, 3.0.0-ALPHA8, 3.0.0-ALPHA9, 3.0.0-ALPHA10, 3.0.0-ALPHA11, 3.0.0-ALPHA12, 3.0.0, 4.0.0
AuctionHouse 1.2.5 by Shock95x for API(s) 3.0.0
AutoClearLagg 3.1.0 by Twisted for API(s) 3.0.0
AutoFeed 1 by Ghast Noob for API(s) 3.0.0
AutoFix 1 by Ghast Noob for API(s) 3.0.0
AutoInv 0.0.10 by JackNoordhuis for API(s) 3.0.0
AutoSell 1 by Jero, Cur for API(s) 3.0.0
AutoXP 1.1.0 by JackMD for API(s) 3.0.0
Badge 1.0.0 by YTBJero for API(s) 3.0.0
BanItem 2.3.3 by LDX for API(s) 3.0.0
Bank 0.0.1 by YTBJero, GhastNoob, Kaido Joestar for API(s) 3.21.0
BetterVoting 2.0.2 by Twisted for API(s) 3.0.0
BlockCMD 1.0.0-beta by kenygamer for API(s) 3.0.0-ALPHA10, 3.0.0-ALPHA11, 3.0.0-ALPHA12, 3.0.0
BlockSniper 3.2.3 by BlockHorizons, Sandertv (@Sandertv), Chris-Prime (@PrimusLV) for API(s) 3.2.0
BossAnnouncement 2.0.4 by XenialDan for API(s) 3.13
Boss_Quai 2.1 by phuongaz for API(s) 3.0.0
Broadcaster 1.5 by EvolSoft for API(s) 3.0.0
BuilderTools 1.2.0-beta4 by CzechPMDevs, VixikHD for API(s) 3.16.0
BurgerSellWands 1.0.1 by Heisenburger69 for API(s) 3.0.0
BuyKey 1.0.0 by  for API(s) 3.0.0
Buy_cmd 1 by TungstenVn for API(s) 3.0.0
ChoDenUI 3.5 by BlackPMFury for API(s) 3.0.0, 3.2.0
CmdSnooper 1.0.0 by HotshotHD for API(s) 3.1.1
CoinAPI 2.0.9 by onebone | Edit By SenKai Official for API(s) 3.0.0
CrateVH 1.1 by PIG for API(s) 3.0.0
Crossbow 1 by SonsaYT for API(s) 3.0.5
CustomAlerts 2.1 by EvolSoft for API(s) 3.0.0
CustomPrivateTalkCMD 1.0.0 by YTBJero for API(s) 3.0.0
CustomWing 1.5 by YTEsDev for API(s) 3.0.0
DEVirion 1.2.7 by poggit, SOFe for API(s) 3.0.0
DLevelIsland 1.0.0 by Nguyễn Công Danh (NCD) for API(s) 3.0.0
DancingFarm 1 by RicardoMilos384, DontTouchMeXD for API(s) 3.17.0
DanhHieu 3.0.0 by padreon for API(s) 3.0.0
DevTools 1.14.2 by PocketMine Team for API(s) 3.13.0
EasyCommandAutofill 1.0.9 by jasonwynn10 for API(s) 3.0.0
EconomyAPI 5.7.3 by onebone for API(s) 3.0.0
Enchanted_Item 1.0.0 by Panda for API(s) 3.0.0, 4.0.0
Eternity 1 by minefore and shin1134 for API(s) 3.9.0
ExtendedBlocks 1.3.0 by Javier Leon9966 for API(s) 3.14.0
Fishing 0.4 by benda95280 for API(s) 3.0.0
Fix 0.0.1 by YTBJero for API(s) 3.22.0
FormAPI 1.3.0 by jojoe77777 for API(s) 3.2.0
FormImagesFix 0.0.1 by  for API(s) 3.11.4
GCPClan 1.2 by InstantlyTa for API(s) 3.0.0, 4.0.0
GMCDetect 1 by TungstenVn for API(s) 3.0.0
GemUI 1 by WoolChannel3295 for API(s) 3.0.0
GuessTheNumber 3.1.0 by SalmonDE for API(s) 3.0.0
InvCrashFix 0.0.1 by  for API(s) 3.14.0
InvSee 1.0.0 by BlockHorizons for API(s) 3.0.0
KeepInventory 1.0 by KhoaGamingPro for API(s) 3.0.0
KeepYourXp 1.1.1 by ArasakaID for API(s) 3.0.0
KingofBlock 1 by YTBJero for API(s) 3.0.0
KitUI 1.3.5 by Infernus101 for API(s) 3.4.0
LoadWorlds 1.1 by shin for API(s) 3.0.0
LockedItem 3.0.1 by ytbjero for API(s) 3.0.0
MSpawns 2.2 by EvolSoft for API(s) 3.0.0
MaxEnchants 1.2.1 by Xenophilicy for API(s) 3.0.0
MenuAuto 1.0.0 by JeroGamingYT for API(s) 3.0.0
Minion 1.0.4 by phuongaz for API(s) 3.0.0
MuaDanhHieu 3.5 by BlackPMFury for API(s) 3.0.0, 3.2.0
MuaPointUI 2.0.0 by JKPVN (JakayPluginVN) for API(s) 3.0.0
MultiServerChat 0.0.2 by tungsten for API(s) 3.0.0-ALPHA12, 3.0.0, 3.0.6, 4.0.0
MultiWorld 1.6.0-beta5 by CzechPMDevs, VixikCZ, fuyutsuki, kaliiks for API(s) 3.20.0
MyItem 0.1 by AnhKhoaaa for API(s) 3.0.0
NGVS_Khoe 1.0.0 by NguyenDongQuy for API(s) 3.0.0
NVSSP 0.2.1 by YTBJero for API(s) 3.15.4
NameSpaceRemover 1.0.0 by JackMD for API(s) 3.0.0
Napthe 0.0.1 by hachkingtohach1,tungstenvn for API(s) 3.0.0
Netherite 1.2.1 by Wertzui123 for API(s) 3.0.0
NoAdvertisings 0.0.3 by YTBJero for API(s) 3.0.0
NoFallDamage 1.0 by DeveloperNeb101 for API(s) 3.0.0
NoPvPArea 0.0.1 by author_name for API(s) 3.0.0
NoTP 1.0.7 by awzaw for API(s) 3.0.0
OffHand 2.1.2 by alvin0319 for API(s) 3.0.0
OnlineTOP 1.0.1 by HMMMM for API(s) 3.0.0
OreCore 1.01 by  for API(s) 3.0.0
PCEBookShop 1.0.3 by Aericio for API(s) 3.11.2
PHP-Sell 1.2.7 by Muqsit for API(s) 3.0.0-ALPHA9, 3.0.0-ALPHA10, 3.0.0-ALPHA11, 3.0.0-ALPHA12, 3.0.0
PM-Beacons 2.0.1 by jasonwynn10 for API(s) 3.0.0
PiggyCrates 2.0.9 by DaPigGuy for API(s) 3.2.0
PiggyCustomEnchants 2.4.3 by DaPigGuy for API(s) 3.19.0
PlayerVaults 3.3.1 by  for API(s) 3.0.0
PureChat 1.4.11 by 64FF00 for API(s) 3.0.0
PureEntitiesX 0.7.0 by milk0417, RevivalPMMP for API(s) 3.19.0
PurePerms 1.4.3 by 64FF00 & ProjectInfinity for API(s) 3.0.0
RankShopSystem 1.0.0 by zZPROGAMERZz423 | §eFor issues report by §2Visiting GitHub.com/zZPROGAMERZz423 for API(s) 3.0.0
Report 1.3 by ImNotYourDev for API(s) 3.7.0
SETVIP 2.3 by MCPEVN TEAM for API(s) 3.0.0
ScoreHud 4.0.0 by JackMD for API(s) 3.0.0
SeasonPass 2.0.0 by TungstenVn for API(s) 3.0.0
Shield 1.1.0 by JavierLeon9966 for API(s) 3.7.0
ShinPickaxeLevel 6.0.0 by shin for API(s) 3.0.0
ShopGem 1.0.0 by YTBJero for API(s) 3.0.0
ShopPoint 1 by S2TwKen for API(s) 3.0.0
Shulkerbox 1.1.2 by UltraFlappy for API(s) 3.0.0
SizePlayer 1.0.3 by  for API(s) 3.0.0
SkillAnimate 1.0.1 by Tungsten for API(s) 3.0.0
Slapper 1.6.2 by jojoe77777 for API(s) 3.0.0, 4.0.0
SlapperRotation 1.2.0 by jojoe77777 for API(s) 3.0.1
StaffMute 1.0.0 by YTBJero for API(s) 3.0.0
StaffTable 0.4 by GigantLeyKey for API(s) 3.0.0
TableSpoon 1.0.0 by CortexPE, Xenophilicy, HyperFlareMC for API(s) 3.0.0
ThueFlyV2 2.0.3 by LetTIHL for API(s) 3.0.0
TimeCommander 2.2 by Zeao for API(s) 3.0.0
TokoThirstBar 1.1 by Rand for API(s) 3.0.0, 4.0.0
TopLeaderboard 1.0.0 by YTBJero for API(s) 3.0.0
TopLeaderboardCoin 1.0.0 by YTBJero for API(s) 3.0.0
TopLeaderboardGem 1.0.0 by YTBJero for API(s) 3.0.0
TopLeaderboardIs 1.0.0 by YTBJero for API(s) 3.0.0
TopVoter 3.2.0 by SalmonDE for API(s) 3.0.0
TradeNPC 1.0.0 by alvin0319 && FunkaDev for API(s) 3.0.0
Trident 1.0.0 by brokiem for API(s) 3.15.0
UIShop 3.5.4 by SaltyPixelDevz for API(s) 3.0.0
VanillaEnchantments 4.0.0 by TheAz928 for API(s) 3.0.0, 3.1.0
Wolfies-FloatingText 1.3.5 by  for API(s) 3.0.0
WorldProtect 2.3.8 by aliuly for API(s) 3.0.0
essentialsTP 1.2.2 by  for API(s) 3.0.0
iProtector 3.1.1 by LDX for API(s) 3.0.0
reyyogaWtrhit 1.1.6 by reyyogaMnelux for API(s) 3.0.0, 4.0.0

----------------------REPORT THE DATA BELOW THIS LINE-----------------------

===BEGIN CRASH DUMP===
eNrNPYl22ziSv4JR5k0nu5YsUrdnsy+Oj9jdPjSWcnSP5vlBJCghpggND9nKTP/7VgGgBNCKJdnK
9KZfP4sFslAXqgoFEPxXKRDxhKa3MxYnXESlg/peKeUTVjpwmrVWtem0q+1Ko96sO429UjZVTbVK
1XHbbs2p1tuNdq3ThodYHIu4dPCvUjqfwi2lk9uTm5vrm9JeacKShI4QdhTSJCG/9t//zGIxGBxl
SSom3ZjPaMr6NLw7ujweDDwxmdDIh2b1IyGeiFLKo4Q4hA6TNKZeSiYsHQufQDuZABqSjlnMgBdG
hoz4zAtpzPzl7SImfDIN2YRF8l4Sswmg5NFIY0rI66nw7lg64REziOiG2YhH5z48xwNOhyHTZB0c
jFiqWt8AkwEPkcOpBCT7r16RVdztJ7G3r/nfX3mD7ng/Zx5Qh0ARqKP9+55Gf8ujmQhnkhno0+cx
89JS3opyXoEZ2j3hM9RQB27JEkZWMqw77rHIZ/Ff4Smn+tTt35WPfNR56tEs5WEyGJxHMxpyP+93
Drp+OHnwGNiaiCQWdwWWkEajwaAf0ygJKd55pIxE01xb8Ug3pHPdXNfNa0zxEhASmqxUpcTT0HiC
LPKQCELjmM5vkzEPUnlDs3iDJ7JINbWKTWigoCHZ2IZGT46WxShgDynDvxqwtOeEfFcJ/0JcqG74
66IeB+k0G4bcW/Z6ewvDC0ZJ5qWv4Q+OiD9HdML2SH7ls8SLuVQHeUsGpUFp2ZbhyL5UAxwaoywM
95QQyJ9BqzRhCYD//g8cIq4jCUCaXFf+BGpgmEbpwYFJhe7e7HfP7mlvgfwNSsutaWx/Tsc8Kf8v
jmzodZXW5Kg9h55o5LHX6um6fPp3/NnQomquFBV7YF6WstfWECF/TuTfpUx08wUdMkMY8SiRQmgt
hdDWZPPgtTSL1+ou8j/EffOvEgx39F0wYv/+j73SiIFp0xCHL4oHnuxK074E0y5fdgHdEOSxdOOl
WsVtVKoIz3jolw7cqlPbK/Hk1mez0kFAw4SBx4hFKjwBaOstBzrh6E+CenvYqtYatRqresyvs3YQ
dJjjtL1GwGrtdsfzaODWGODONC2feeSL+4Rc9UmaRaNolM1Z5JbbCSdOtVIlkgbi1GudGnmd39xj
MZBLgLDmG3J4edysow8bTwFfu1KtgPPYK30D2cJ1Pb+G5luRYI/nV1d9AMiLe/B66N4mU5Gw+Dbk
w5jGnCUoLeqPgcOY7X9NRFRG56O8plNxKu67wHODVrPT6gRVWq/TRtAYei51h81q1a+2mm7AqqzV
Zi1A71OgFvQqJvseDcMh9e7K0nPRFAMfyOIuEvfRO/0XiV04n/0hj2g8lx4PbgVmKk7tXRUsBAQK
EnbbTafpOoHbdL1Wh7q05jc7Hb9NgbSgbqNa2bkDAqq9a9Zb7VYdnmk2hx6lLdZotxtu3WXthufW
PLfBQIcN6hYQop8JBQUj1rS57zqtRqvjtutuvdlwQWtDp9WmtRaIpVVznBrg9jodxxnamEIxkhjc
ivOuXasOQaKuF3SaLAB7gp6R4Wa9VnXBfKqQPni03nmEoTxNxzGjfi6o2jtWb7WYFzSZ5zr1wPfr
kIww6vi0Bhcdv1UbBiAtRm1UkNWMNTXNd9Bpo+UN254D4u20G51mqzWsd5q01W77w47rBn7DC7ya
jSIapjk/7XedoO0CwX4rAJ14foc2mk1Wrw+bNa8eOG3aajZalLULwl3+LE+mi2H5bosxZiCL6R3Y
tpIL0OS8g9tYvdEetoeBz2qs7gf+EGTtNRudwGsNWwFzm8OGV7CgJBLiG9PibbxrVYcN1urUWrTa
bLfavl9zHVpzgFs2bDX9RtPttAPX8wtIpqHEUAdraQ6rwI4XtL06DajTcmodr0OdISjGGdar7UbN
8ZnTdEq/L3IYOTYPPe6fQ/zGMb7wawZwr2T5swoaC80gXYvh8b+XPlwf99D/fYpK4CHplCMQclNw
e3DNIgyE/sLX+WyK8VO500QE6fECUDqB6CMm88PuOfSgHauI2BzxYDSB/i/n3VCkkBPIv5iWwYhB
N3zd63++vrnABOueDROeIhPovQ99/wObJCZrGmLy5Vg8PcUHRMen2VgSOx1nIhrRb4PBGQO3FQ0G
2C+mMxsRHt7TeXLFR+PUJN6AmgxU0TfbitFp1Qu1smRnkabRSCVlG3EBydB5lLI4ouEv3LszWSk2
fV8hpZ/5kD/sjBOJbTAoErAdV32IfDYzfRkLTZ0UuDj06cRpVjulHRmY7rRId69/eNP/2F1NtRDh
UDwUKddQSwMybzGoP6V8xOLer70i+eXDi+7ZIbo347JhXzbty5Z92bYvO/alUy1cO4VrN7+Gv/WX
CHTBojIOLRbrYp15jNN0mhzs70MWN86GFUh19hdY9008qJBMprRnAmYgpkZMsK0St9KwldKDvOqu
03h4mUnZrhfmgkcxTcanashp2SS6Jxj/ir4x0geysaldP3ayVByFjMYXdDSyuDbhdtB5ZIv9e56k
wNqOBlKq0CFrkIkjESEQgbzZNG2reU3mYTIPs8nl0b6NTwvjlDG/IAcJesIdfhjTJCVXQgx35kp0
r1v4QHyCPxQp5w9/AOHozbehGyy8QDdCHsXTgtH9DPk+kB7744wnOwtGXwFrlGNVFsijmbI9RdVG
LPVYGBZ4kqCngipE8z2YoMc74wV7TaDX7bTxpVsg/Eu34PYejX9UxeXxrmxIYVMi/9LdjPgVo12h
2dccAHPvqT8yHbu6LgTZIms/LG2TvW+umfc0Ok/ZxCJfQUwG3EqtUrMZuDj+sivFACqkW3b7bLUA
kvLlUfdkP6dfMXdnc3a3aTq9p5yY9GF7pV8o9wX5WbAkpfY4cp1dKG0IlG2hM5ZCOvtJpDwyQ6sF
trUH0+ofEFlLXT4azVXp7yTyxjRKk9KKcDuUhM0kYaBom8z13IaQkWBR3eA0Bz0aZGXoi9qs3rFo
PoLn4tUJ7RZp53PVnJMLvC8J34zvXsSnLC6yrqHFKXthhMpbz0TMv4kI58E9irXTdEZev8t/YpX0
aBzzpNyN+YRBC/7NkotPb2wr39o09NS9IIScGi0JxcdgcKEKYpsIRSTJYRSJLPL0ksxSMsWm4hCo
2+L5wiJOw2NqFzSc2nO92IPE5+O0uUjKthze/i2jvMCagtk8FXxXXoko7byycZjFFIlQrG3ERgx3
eOBBbes1oPbYLUx4TmYi7AFZu2LF6Bh4sKh4Yjqdh5n7+/sKA4oQeyW9k/xhlZ3FOM0zq04WuDip
U96pYIZH35g37l4esxk+8Ik/8LszO+Vxms/n20Ps04kP2MEPK+JSJA6kYJO6bbw16N63UEnhxDgV
hhTxs1xXNeVjtxQdeMGizxhPWDSUDzU72yVL5mz3CQnZXaBYLAq3iMrZ/Bc2t3iVgKcTwV3lf6qz
rai99Sa+Ta6EPDGV6GfRCEZN9OIi8JJuhRI73pz2o7E4ZtHHc4P4BciOiY1iRITcvXt5msXzRwzs
PSfMLfnICRgM1K8tuJn4PZgZ2mHeAK6ZSJyJNBmLtOgzYCQ9VyWgi0T1DcyYdKxnBea0ONwMPjSk
GIsLqwsiYkP4n/ybnPg8Je/npMciSLrJdRBwD8LqruKA7gh3RvAIEOIejJzC9ezFNGWfzkz2NKQw
j7WZ655/2BX5PZGFn+XM+7csDOh4wk+/xluYWgzReyjuLQ406Ilh34OMjf7aLzDReLaBaXwge935
FhzIycZhCFHMDCsW+MkcadeJhdlzvrVlQcfzUouVO4qKvD7acPTiasMWTG+wlWdzZX62Z7EG8MkM
8df+SQLJx84C0bLfzRk4PvnEY0nfgvwFqJj8tQq5uhjhDhCYlV2fsp0l7BLpYDCTJAwGkPbpXwZZ
a5aPji/YjIWPVoot8Bpruxpl80HmMK8RkaNBVq0G9WhEYKY1Jq+vjo7fPD+P2yudiniyJqO7kjti
jmDqgl0C7zbp67VKIw/M4JTGZlnMhD7hK2+4R2NfXPJQJLU25vrHIkr7IvPGl+xLIUi3nq9qCyvw
uKTOutiQ3/EZZ5nNrALZ6dQjTU+pHzOxu2xQ4xsM+jxNQ3Z4fLPFYGSz4mxsASrE53qxHLbc30X6
jE4KFYEXaEkTADpZkrJBVDDmWUvS9hc4gNsTmsz15jesRAfcWhdY1VoctIUU7CtNRHQ/jyKnusNF
jwXOwWAFTZsr1/ABBpemY1gy16i0iqUwnfbtjLFFGskUCTKTtMhZz5EqmDL/tlB/LzSs8bVdECdd
MZmpv4i/BQ1baAh3WPDUnAAvQE/4S9zfJLeS4zbbZMwjx6nVLX46zx9+OfLBYBJswYnc/Mt8WaI0
3UmhwdZM7fHi1YyzmFyAP+t0mk3bp9RfsoyFeHO0YHYWVZuzecpR3GbqlUPsJZJCvWoIndFOw21X
d5W16G4Hg2X/a3IUe0G6uBi94SYp191BArzVmnSeuxika8gaU/oqvgrWwn8vq8obnnmBEXhQRCx+
bMrK+YSOWFLQhQV/WivWgHAq9WeP8uyfCWa9+HYNl30H22jlw1H3CFJDg4kcUkjhbZ2oje1pOO/v
3v3yHHdKgS2PeiGuKpweHWqy1tZqIYWAx6asMoski5dHxyzFF1cMJhewP6TgN5p4vux+C0WxiVXz
U9dPUP8ZkqUjiGMRC2tup7EzFj5sukwtqc5YkvTH7CqbDK0SX6FhzVaoHg0nIjo+2RkTOcLBwCZk
c87MDWRLtkzoFuP/BQExH/88mnnYsxz9my+4AcE9xmwOELAm8bJXV3e1TGUvkipKtmHmF8am8BSL
UhGbqZgNf3ID6C9jQT9QSJ1G3d1VjCykg4FFzuYWh4/9KrL4y7TAmgYWtxMVN+aCddA7en68u51Q
OUbFkiJjC35AHiKQSjcZMqBPeLdd7yD65fr9NpSnli9W18U0plEMmQFMCLLEqToW1S8Y+wZKUAES
sTkPOKo+izi0FigN4JNFfcxUd7b/adHn5rufsEjgTWdRJRVTxYx3x/zCVNIAFgs5BXbm6fDrLo1J
40PXlZNg/t5EPZe9Kb2PTN3kELvA7/7YAr/uFDSz6P15Zf1L+rDYJGXwZECLJWPn0YYVMR3zkHvz
XTFnoETTW5BiXWykLBZlWNUxOctBawIpOjEVGh4tMT3f/vLON/cGlzyyK/kaUKS+/ow9N1utQ1wc
HsvdGqr/LRjI6IpKrgnd6dr4VjyNxREQoVfHj2RVfgu2uoJHdrgxgMWV5aJ1/dL9dEVe/wxReq5e
3f509WZ3rxghduAlo9swFKZcvY8Lk5PU4spuKabPBU+X6snZd/Y1mq/L4N/mi6eleYe1LZmVsa3I
pwLao6upt0g11m6ROvoNz4HI5lmaZHe4Le6Ohpzf2Ym4W93RxqkJEnyPBKOuDeJfsmnKQISCmhdi
twY8/aZZNMbEmtLd+c355puwkeyrD596t0CDOX9awjZYJ2TRMfjPv2Xz3eWxW6SAV596PfO1BHVt
y9zdpJjoNAr1q61mESF7eB/zLXz9FZAL6YjHbthEzKyywqOmdeH3h7xjUaRiG9am6dgyJwVYU+Ed
U298BzlEKvCXs5f7qtnOsvRCD8gjEpb/3Yg3hkfnyOslewvYmvTvM4vTbxl33NquOFpiBCZyMp79
AsYS2/6SJ2RaHPrAWMoTEJ6Z+hYaigqu/We2sNhUbGGn4pSG4TGdUOvlHwv8ZJ3lGHcl4M66KzYs
zoirL1pyNtEig0uKtmGvO+sexoxavOWwNYNR/byVj+2ILVU2Rm40DcbPzfjpW44eL4uesbBFh95/
o/c7C0sS22AQiXT67CGmKAJuroPgzN6fk0MKm9+KOSMNZzyq1pzO7vjKMQ4GQMNYnjalf2yil+sI
j9zqX5vKWcLWbQ+/hH87XNQP5dlVmw6R65gdidgc/DmkQLbzQ3Z86862qQ53j07eC3HXGwuzgGpC
iwIvOOFD8OoeL6Q+aGRPjervvSb23XRIdTIYGIRZF88YORrnvoFlX0rkrFsuvFO7AK3ZwXcplx1W
T76ef7TBs5dzgOIzOfg2Nd/uZfk9o3gUmMn8ElicWDvP2y+0zaK0uV1oKMnA1wVzctZzJO0Mt2Rb
LBnQNdvQjync/KEwF3F3/Fpk3gmY9JIy6+IZ9p0j3TfQ7C9lYtNSlI3dasuoXnQBK2XkvGCTTlEe
FjUrgS+Xj4VOyUkeWPiJwqTcEpAJtutntcqP8ev5cuZUdj2TXecHKi4IWT8WMggPdnlpAbIdW12d
9maouFk/Pa1uN6ol8i6LJys8e+mUyrNDkq58r/oLm3GRJd2Tcg43Bset6hv41cQufz1D65IofUro
Ao0WzkmU8pSz5EtBQku4neS2ivn7hId31bqDUeEGWJrRsHt52d3ZsIgVzulkAsFvCoQxTZiSSE7m
1vtJDVr3bX61YJQWbaEoWNFuaqvMhvyFgJ6/Mi89jwIut//tKDxYtiEpMn7uwDoUHpDCDY1khtCb
J3ZNrtCwprLy7bfuzfWHw8uTm9++1d0a+TfBvfC0xU7xhNwkyVhCYjYVcUqGc93mfoJ5KL4ZTz7w
9EwTWkC05fZ5Y/wsN3g9MVyXArfZ3TyzuJFMmXJTgMLycGFxeHIlUlxAL77U0dr+iLkuf2AhvvOf
9MUxTzwR+4aPMXsaDBRt+d9N2Oud9D+dm/MVDSgcmFHIFo+6J5+uSP/k8HJnK5MS5WDQY+knPt2I
cjyc8ywz540LkEl9/T9VJsx739y2egyTxC5NTBdlANcsB/2wDW2IElWRE2L+3oivMWfWIokGrD0h
x9wMvN24WdQMtthsrKjK/27IWNTl3h19YPI9HJtFu8lktvlYeWv3XGw1YSp0voUJgkv8YMWFHPKH
vIV3641H2xEvl04L5CvYUy+Buv37X9gu5a873Yb2LLxjsX2woQEsjpVC7etjmMb0NKTT6c5SEgMl
jglJyXuxxebjHv/GVGpvsrQEPl2P2dVbxdjfBfYHTCx+b0T+HQ/Dw4hPqLWmYYHX1PD631nFflmh
GF/AN6mwrzZiDbVqq0VDimvW7kab9XexLzxRFDy7frwkbT9nZsnpjUjl4f6POV60PDrQZEPOnWdb
pk3AFuMqpUFwmdlWuYD9h89mwz63JL2P3RRpV8An3875wEc0Si+YPHlkV/Qn2PnmDEgye1NhmZIB
XCP9I0jD2UP3RJYKljve9kpnczCFU/zYyOXRD9kAt6TR/L3+daT+OGOn4fyTa/K7gBUz0uI5eizt
n59d7C6uuv0tVMUn+ecrLFdnw5/cb/kbo2KnBwFafb/8OECbFeRZ3In+mMdJ+p5aPFvwJzf/3uis
ea1z36beI4v3SMRGihPTC4bLPkNBY9/iwmr4g86FMEjYwhgt0vFclu/yJRv/qBM2C3Q8l0F7CvG4
7Y9X3VbvOdkMnCff5e08+cM0VyRkK+4+CfssuwWoeAzjj3lzS59RgF2WVr3FlZOz/LURXzGI46p7
ZPKVg9ZoabHwT/7yF3KaRXd0l8ex5FRsoaKY+/aJkDlkDSPDWNxxNinu53v2UNL48ItZsv/BoHu5
JGUtHx/PC+vzGlDYvV3M/MAS0rksfIIavv2Qo/IUIZtr5BONYM5F9Tqb/HyWwdaq1jVFyP6YHX7r
uO2VG9RfchDvTNGCp4HF7DknwGvC9lcxBZL4LMKAs6R8Coixut9nD6ahrmx++mWqXW0BhJ6PWeTU
aoOB2fvmSpY7mLuxKLxebIGLR0m3i56EZ+HOajIK22Ag92tPFQWbfDtjhVovMx4HWOg0Py2Uf3Yw
jRl++AhPEd23uAWhsCTB5TqwQGvXmQUuTqbdH6Ffs8fBoND/Wt1yzZIw454BLL6z7PzYI8KXPb98
WmBwAYzGbD4XI/o5jcfctGIbXqwvNm129c2XEQuzh51PDxRyIMPZdGzi959oDIyAhRZOOSpfdivT
sTrKPJEvnFRgpExxGyzunSm96i6uyJGIAj4i+NHNQTyIXvUoftphRpwacToHjeqB2yL/XW0Rt+o6
eIPCV8bVtLdOx6m5BpBP3+J2UfgPgROR+m8tovR36rDxHlhl5ZAn6Vt5M9XnKZfVvogy9cacqe9y
Jm9hxo6d4At6ZT3kQU1vnabshj7oh5K3rsSFS4MT4TOFORAxoF3ARBAgFKTj4+pUfj2dTXU3PsdD
KTMIt28lb+pzgWBJ5YSl6ECTtwgOcVWhjIb0tnc3vxDD4dxdwhPGfOM2/JDr2+OT08OPF32EKhMp
/zNj8Vx3q0ExhOqcJvxdmdIkAV/nv/0v+Q8klaWinNAZ0w/OOLsv+1x9h/FtG0EPQ/FQRtPVt+AX
PjM6Ym9ZNFpKkmK1NEzy3hRwIoYLiPWVssp8gl8pe0Xklzw9aTVZLOt20ngIyJlY2gZjIhA5E0Zy
wREaM/nJWBGB5aVjMDUPFZ/il2Z55IWZz3z4QR4ZLeLqiQk8GSCCIs6EBmyPCNyWniBKMowZvSNz
kcUaF+EBAf1z8PfYA6gev/QKgQQQX7H7Bbp9nwVyFw65F9FPKcECJY0JCn0CzOIXA+dIIX4eU/F9
P2YRyaYjyGgBQWUQ4XBQyA4GESGvPo/lfnmSCoLftySAQn/gEmSgv7oKRMlmSWoooBuGH9oNmfrE
Lp705zGCu25DKcEJYlaWnSv3gMiUCBuScZb6ArWpPvJ5QAYl/YlISfUDiVn5K0xuSSTu//SnPw1K
ktDDMBT3BMck7lDQgZDMOCV/Q0PFe6TF5jHygKCHk4+eSOvVz8jDnnBwEVAgyAixDedESxbv18a+
aDZof/UZMiwwEBAz9X0gNFHaQCmD/O/IhNEki9Xnh4GbIUOiQVbsnxkNUYojPoN7ZzTMGHmtOwX3
9Qaxqx5hmMntAGXQwmjE4gNoln2rMzLQyA6TeeT1aXIHdhDfgVlV5A0fE9AUWnrOKd42jiG9zkCZ
cHuyR2RmQrTbkF9cxc9pAiOJ/KwtyAbcOMImWQQGhbco5D2pbeAJjC4WD3ItA8QALElDjhbEoWw1
QecBmi7egya6R3j6E4gvjeVj6ggWaUGFh8lr4AE/metKsUg2yprTA4mqaLpUGkecRfJLz756DUEq
QZ47nlQITEz0bzLBT9sReVzHnjkWteGgROI4m6YKqgQmvz8NtGm+pHJhjMqvjPpqfNCZ4D6QvZoC
tBG0OQGCBuuqGIYGN5fVTbnNQtyAeBDP1RD9EIohGA9GZ6LgMAwmPMWRPmEjOpynIHDSU5KuStny
BFHLx/uotHsuBS8NCobwfVkhym0skQwGXJ6FRthMfj1bkADSzLxLZeOgLPmBXjISoCd8u0oaBXY0
kmSWJWkHpIpcQO/SIasPff6/5wDTnafox7D8MvqTVEwlCdqZLkjS6BIC3gODKvMXBGGvRaqkA/gs
R4QmLvlpB+TJMSHpQW9BvCzGrzbDKFdfREbLFopeNRoxbi3uZg8e5BXJkh3ltK77Jwekf3beIxfn
l+d9ctjtXpyf9Ej35IZA5vjLyc0egZtI/xruOiGfz64vTkj35vropNerFIf/SmF0WcyFjMzoghNk
zxsz6YylLBZu1gGxQ27gS68ibynjZmXlYCUq/Lg4j8A1gyEht9+zM2VfkCZiJIzwNt2ZxKyQgNNd
uvB8XEMf1xg9MODLByqP70Yz0Gk6KG3KPMwLlFyRXKVV9eyCB7AsNk2WrNaqmtfkzWqSNOc1zfmI
xkMYFGVPhKFKYKXvWS1dOcqQHP0U0U+B157QKJNZiEkJZGgZWOCbvTwaFE0wN0IVWIMAcCl+J8vR
VyHXytsrc4c0QmShv6CFQ/i4j8iS/kQhnkrygdFmtap5hd5OpZ94FB6l6SgMC96CWEzyMKue1neU
TcM0NYzcaE0+sg2ywqQs6+jlmSOqLIae0Ay1IfvZZKrSLJXLEd1QxoZcX8d4k35A0i7JzDnAr9zf
MxjqdIWAIVxDyIMeZizfI3oP01fQ2ihPO9FfYW9LqvZyRarsQGeXFUUN3vpdOeHcyBtn0V2S035E
pwjlk2wC0VV+dT2fO6AiiZpJKSqWcsXxokUpR8xjG4Ose6opkh2WMR3OINzWFxo7FqqpaNOYFaHP
U/jVzfkQUrj0jSZnMmcoezBNZAvejoEUmaVA4ojSA+pUaqGwTClOToh6RnG45A4e0/JU/OQ9483L
PBcFiF9+zPE+jeopOxxEEUtRYQc6QEBSNhahSi6HNPXGMgeXJEO+BCakQ4z0bWoKpFtVYBmyRZqp
ItsrU0t5E7rVeJ4i8j1SdgwFSuXJjstpTgy47UZTe+1lBiuntJg8+opznNTIFB8fBqAmq0LOIAsE
W3or0zpy1P24B88CDUMYX/fcB7OXaYLyngv8ZYn/gDTzhHuZiydSOsa9FXLog6Ma0zDYxw9MyAmC
z8CGdVfQKcE6ChqYMRCXQc9AZk5CTh7Qq2FyScMKQSI+dqNunmYvZ4JyezcQdY9LofBgNo2mZX1d
mNdc6lGX8G9soU9MyHM1YvEuz5YgYVfmYYTWesdVD72pkK5+JqT4ORucSuspqbYF2WMQ0xGyADoB
sSXTUOYrOM+EeX+Ig53GqKejkGOZRU6cY5hGsSQll/2PktIEWEK2h1lKcKIuVbnsTk0rKrmvmaRZ
GZ86kNSilftsmI0O8qnK/xIHpyg6UxvDUJXtRM9TEzWzRkuOEqECl7YGB5Ep56SwHY2FSOTsO5+h
sHwOKj2YT1NKEjrLPSVWTPLiErYZk1cgTJbqVMKiCxM4PVbTYFla+ol8GYoHtPqYnB+T118+nh+/
AZ7B5IEGuP8e3P00Vi+/gGHgzCWGaUtlmf+BJQh5ixR2BJb+5f1Fjl/PagzIT7IzLDDJoAnZB05v
ZRiWvIm8TKJDiFH0CQLZLbTxYF5+yLhvGCKFPAW8G6Np7jeBf7Waks8A5ORRUwp2AzmnTMki4YV8
SuSzYDaXdA4mg5NIPANCz8cxpOk4IH1xOW9TXRrzr7xQZpZK+rLWoewdz3ulqVKGvFcbd5bomosH
IzlVvk4/U1bPHJApJEkzHmI3yo9rH6V7wUBEo9FijhDhY2ExHu7ld1kVtpXlKaXlw4nIcAgHKuDo
EY2i1DrGAIsuSlYiwA7xt4yQ8PCNjJfGw5LxiKmZ75ApZEN1mras1ckQN84NXtq4LOFZkVexjx0t
2AdHRGiRVODFk6GDMAhqq6isriaTxoAJ7CMfd0Bs/jD+XVBTk4MZ6wLlbOrjC4yGTcqvNcuOZEnY
HJvHsrOhPP1aeiCUJ4tR0wQ31UD6pbkjuo6SR3D5jMU64CsTl7wioxj38C/Es6zVLCRUeSwi7Zvu
qXqDB/wkzGKUbqZimoW5MeoLDGXyHu0Ra9Ifygy/PNVeDIMJOiaIdjp3ltVdVZ060FEci2ly1qjA
KghqfeHB2osyh7+UG9o7xDafFUCL4WaDp2NINwNhaARGWVktsCzuHAvUjCSlgu+tVbiQFIMnm09w
3pPgNs4EOEyWpONkTreTZbtkQXoxOhrFMH9WdTJdVFPFgzSmUnMWf5I+GMHXx9cHWMTUPl+FPnQK
90wl1xSGzr3sMZGELxmQsIpR2IZIu5C8Mk2lnEdCBYWqdm1MEOSjsg5VZo4o4cIUHaTdEdqJUbTa
A/84HdM9gidiyficLtIwcL0BiyHVLnvqfOMD3ZqHKxUsqFUE04tXRnzNIOWEUC69WO4sNEKpedWe
9/FI04pXU9Upnyx9tQ7AiBTvx5GArhk1iw4TO5TVPf1QXsmtLDvQLWYPuTSfDvHabSvtqlFhFE40
DkCfannmJZKxBkqPgbMcnThrj4HVZpib+DJz5MECEUw/gBG10oAeKK8cKB8H+LSLzCMbDTlN9LQE
Mkk6mYb5FeY8QKPW1UGuNNUGdovVqwPyd5msQPzck+WsfyBSOeNYhklzBUSygYkj7kJRVYN8zUqW
A1ZFLBnQZYROZIIsZ5t4ZBnQqsOtSb7qV9KgfhJc4cKooKLXsscDcnpx2D9w/9raa3QenL3aQ23P
/avzVx8TIjnOX+PSuofO9W27qlyxuqo33qgsT60umJN1NcIxtoCMdSVNph6yFAZa8+a4ppJ5aRbn
TjmfocSLdQnpcQAPhCpPLgMlucDK+ZoG2IJKZ1+dSlcju5L3W0gymSkoyK0BKcvc0kj6xFTOb9kD
OL5ET+68O5weJHIiAxIZckjM5yqJk/chv/KM+FCFETVmFJcSPyQj8cJXl/ZKDL8RkXB91oM6taTU
xp35uGQ/9CAnGpsQXF6KfNwea8DE5NYXKThDC4orlxYgi0Pz2pevhiyvAx7KfXRLyGgyNS/HED7M
aw6jbGYCviZyBX5xPRmqxTIThqmYL3fGLmFTz2b7hgW6umA9Kf1+YoMgQ5mYkF73wqJgnvwzxON4
8l9k0ZSKOxZBeLc4nlO5VOrqQ76+8anaUdCRm7q+hXxo3g2XDxNbpgKpcavVmuO4eIZF9/ja4tQX
t5KSIhBA3FYHDPcoSawbexwH9JdLi8UCBXAZy52UBeA9nvplAae6WKg3RzoQkZDgsW1cy2h7K5Op
LOX4JSc88lDuneCjIY8oHmkusaCYpA/yh/Im9cUML55P8QhaCXCVrTFMWyxr8x9pjlvKliKqWeJO
jM9ywLwtky55lCn7ykn8DfOw664s+Syf/v33/wP2m+Ba
===END CRASH DUMP===
