PocketMine-MP Crash Dump Tue Aug 3 16:43:49 +07 2021

Error: Argument 2 passed to pocketmine\entity\Entity::createEntity() must be an instance of pocketmine\level\Level, null given, called in C:\Users\Administrator\Desktop\VOL1\plugins\Pets\src\BlockHorizons\BlockPets\Loader.php on line 429
File: pmsrc/src/pocketmine/entity/Entity
Line: 377
Type: TypeError

A PLUGIN WAS INVOLVED IN THIS CRASH
BAD PLUGIN: BlockPets v1.1.3

Code:
[368] 	}
[369] 
[370] 	/**
[371] 	 * Creates an entity with the specified type, level and NBT, with optional additional arguments to pass to the
[372] 	 * entity's constructor
[373] 	 *
[374] 	 * @param int|string  $type
[375] 	 * @param mixed       ...$args
[376] 	 */
[377] 	public static function createEntity($type, Level $level, CompoundTag $nbt, ...$args) : ?Entity{
[378] 		if(isset(self::$knownEntities[$type])){
[379] 			$class = self::$knownEntities[$type];
[380] 			/** @see Entity::__construct() */
[381] 			return new $class($level, $nbt, ...$args);
[382] 		}
[383] 
[384] 		return null;
[385] 	}
[386] 
[387] 	/**

Backtrace:
#0 plugins/Pets/src/BlockHorizons/BlockPets/Loader(429): pocketmine\entity\Entity::createEntity(string[7] WolfPet, NULL , object pocketmine\nbt\tag\CompoundTag)
#1 plugins/Pets/src/BlockHorizons/BlockPets/listeners/EventListener(98): BlockHorizons\BlockPets\Loader->createPet(string[4] Wolf, object pocketmine\Player, string[4] Ch.., double 0.5, boolean 1, integer 1, integer 10, boolean 1, boolean 1, string[37] ...........b`.d...+K.+./.d.....:.....)
#2 plugins/Pets/src/BlockHorizons/BlockPets/pets/datastorage/SQLiteDataStorer(22): BlockHorizons\BlockPets\listeners\EventListener->BlockHorizons\BlockPets\listeners\{closure}(array[1])
#3 C:/Users/Administrator/Desktop/VOL1/virions/libasynql/src/poggit/libasynql/base/DataConnectorImpl(159): BlockHorizons\BlockPets\pets\datastorage\SQLiteDataStorer->BlockHorizons\BlockPets\pets\datastorage\{closure}(array[1], array[9])
#4 C:/Users/Administrator/Desktop/VOL1/virions/libasynql/src/poggit/libasynql/base/DataConnectorImpl(189): poggit\libasynql\base\DataConnectorImpl->poggit\libasynql\base\{closure}(object poggit\libasynql\result\SqlSelectResult)
#5 C:/Users/Administrator/Desktop/VOL1/virions/libasynql/src/poggit/libasynql/base/SqlThreadPool(112): poggit\libasynql\base\DataConnectorImpl->poggit\libasynql\base\{closure}(object poggit\libasynql\result\SqlSelectResult)
#6 C:/Users/Administrator/Desktop/VOL1/virions/libasynql/src/poggit/libasynql/base/DataConnectorImpl(268): poggit\libasynql\base\SqlThreadPool->readResults(array[1])
#7 C:/Users/Administrator/Desktop/VOL1/virions/libasynql/src/poggit/libasynql/base/SqlThreadPool(65): poggit\libasynql\base\DataConnectorImpl->checkResults()
#8 pmsrc/vendor/pocketmine/snooze/src/SleeperHandler(113): poggit\libasynql\base\SqlThreadPool->poggit\libasynql\base\{closure}()
#9 (): --- below is the original stack trace ---()
#10 C:/Users/Administrator/Desktop/VOL1/virions/libasynql/src/poggit/libasynql/base/DataConnectorImpl(178): poggit\libasynql\base\DataConnectorImpl->executeImplRaw(string[133] SELECT.PetName,.EntityName,.PetSize,.IsBaby,.Chested,.PetLevel,.LevelPoints,.Vis, array[1], integer 3, object Closure, NULL )
#11 C:/Users/Administrator/Desktop/VOL1/virions/libasynql/src/poggit/libasynql/base/DataConnectorImpl(157): poggit\libasynql\base\DataConnectorImpl->executeImpl(string[20] blockpets.loadplayer, array[1], integer 3, object Closure, NULL )
#12 plugins/Pets/src/BlockHorizons/BlockPets/pets/datastorage/SQLiteDataStorer(23): poggit\libasynql\base\DataConnectorImpl->executeSelect(string[20] blockpets.loadplayer, array[1], object Closure)
#13 plugins/Pets/src/BlockHorizons/BlockPets/listeners/EventListener(106): BlockHorizons\BlockPets\pets\datastorage\SQLiteDataStorer->load(string[11] Khanh392007, object Closure)
#14 pmsrc/src/pocketmine/plugin/MethodEventExecutor(42): BlockHorizons\BlockPets\listeners\EventListener->onPlayerJoin(object pocketmine\event\player\PlayerJoinEvent)
#15 pmsrc/src/pocketmine/plugin/RegisteredListener(80): pocketmine\plugin\MethodEventExecutor->execute(object BlockHorizons\BlockPets\listeners\EventListener, object pocketmine\event\player\PlayerJoinEvent)
#16 pmsrc/src/pocketmine/event/Event(88): pocketmine\plugin\RegisteredListener->callEvent(object pocketmine\event\player\PlayerJoinEvent)
#17 pmsrc/src/pocketmine/Player(1094): pocketmine\event\Event->call()
#18 pmsrc/src/pocketmine/network/mcpe/PlayerNetworkSessionAdapter(310): pocketmine\Player->doFirstSpawn()
#19 pmsrc/src/pocketmine/network/mcpe/protocol/SetLocalPlayerAsInitializedPacket(45): pocketmine\network\mcpe\PlayerNetworkSessionAdapter->handleSetLocalPlayerAsInitialized(object pocketmine\network\mcpe\protocol\SetLocalPlayerAsInitializedPacket)
#20 pmsrc/src/pocketmine/network/mcpe/PlayerNetworkSessionAdapter(109): pocketmine\network\mcpe\protocol\SetLocalPlayerAsInitializedPacket->handle(object pocketmine\network\mcpe\PlayerNetworkSessionAdapter)
#21 pmsrc/src/pocketmine/network/mcpe/protocol/BatchPacket(130): pocketmine\network\mcpe\PlayerNetworkSessionAdapter->handleDataPacket(object pocketmine\network\mcpe\protocol\SetLocalPlayerAsInitializedPacket)
#22 pmsrc/src/pocketmine/network/mcpe/PlayerNetworkSessionAdapter(109): pocketmine\network\mcpe\protocol\BatchPacket->handle(object pocketmine\network\mcpe\PlayerNetworkSessionAdapter)
#23 pmsrc/src/pocketmine/Player(3321): pocketmine\network\mcpe\PlayerNetworkSessionAdapter->handleDataPacket(object pocketmine\network\mcpe\protocol\BatchPacket)
#24 pmsrc/src/pocketmine/network/mcpe/RakLibInterface(169): pocketmine\Player->handleDataPacket(object pocketmine\network\mcpe\protocol\BatchPacket)
#25 pmsrc/vendor/pocketmine/raklib/src/server/ServerHandler(95): pocketmine\network\mcpe\RakLibInterface->handleEncapsulated(string[19] 113.23.64.202 59761, object raklib\protocol\EncapsulatedPacket, integer 0)
#26 pmsrc/src/pocketmine/network/mcpe/RakLibInterface(109): raklib\server\ServerHandler->handlePacket()
#27 pmsrc/src/pocketmine/network/mcpe/RakLibInterface(99): pocketmine\network\mcpe\RakLibInterface->process()
#28 pmsrc/vendor/pocketmine/snooze/src/SleeperHandler(113): pocketmine\network\mcpe\RakLibInterface->pocketmine\network\mcpe\{closure}()
#29 pmsrc/vendor/pocketmine/snooze/src/SleeperHandler(75): pocketmine\snooze\SleeperHandler->processNotifications()
#30 pmsrc/src/pocketmine/Server(2155): pocketmine\snooze\SleeperHandler->sleepUntil(double 1627983829.6963)
#31 pmsrc/src/pocketmine/Server(1992): pocketmine\Server->tickProcessor()
#32 pmsrc/src/pocketmine/Server(1586): pocketmine\Server->start()
#33 pmsrc/src/pocketmine/PocketMine(311): pocketmine\Server->__construct(object BaseClassLoader, object pocketmine\utils\MainLogger, string[36] C:\Users\Administrator\Desktop\VOL1\, string[44] C:\Users\Administrator\Desktop\VOL1\plugins\)
#34 pmsrc/src/pocketmine/PocketMine(341): pocketmine\server()
#35 pmsrc(11): require(string[91] phar://C:/Users/Administrator/Desktop/VOL1/PocketMine-MP.phar/src/pocketmine/Poc)

PocketMine-MP version: 3.22.1 [Protocol 448]
Git commit: 9477034a4ae58cc5c12b8278c14a8e46a43992b2
uname -a: Windows NT HQDATA-788 6.3 build 9600 (Windows Server 2012 R2 Standard Edition) AMD64
PHP Version: 7.4.18
Zend version: 3.4.0
OS : WINNT, win
Composer libraries: 
- adhocore/json-comment 1.1.2@fc2f76979f0a44a5f5bc2a2b600d0762fe0e78e7
- daverandom/callback-validator unknown@unknown
- pocketmine/binaryutils 0.1.13@0abee38d4e2861621f262c79a2a3d699d8a697f4
- pocketmine/callback-validator 1.0.3@64787469766bcaa7e5885242e85c23c25e8c55a2
- pocketmine/classloader 0.1.2@9757928424652393b178a3760073113aa7c9911b
- pocketmine/log 0.2.1@830b44a2cf96ef703c550abe64302f230231ca49
- pocketmine/log-pthreads 0.1.3@e477ecf6ec214fdd4415ea1da3fdd9d73bf699ea
- pocketmine/math 0.2.6@43057cb8c179a9859677b496a788db922fd5cfc3
- pocketmine/nbt 0.2.18@9f82ca4d7f97fcd9a566e44b63c4f18a7657ae82
- pocketmine/pocketmine-mp 3.22.1@9477034a4ae58cc5c12b8278c14a8e46a43992b2
- pocketmine/raklib 0.12.11@9cce458b8bfde3e4dfdbf70c659fc7b7fe26b5c4
- pocketmine/snooze 0.1.5@70b5e7937a06878dd321a3182ceb76d56298f2cd
- pocketmine/spl 0.4.2@6b08b7cf8c4afa17139c9a1b3bf1b408531de161

Loaded plugins:
AntiTNT 0.1 by Adam1609 for API(s) 3.0.0
AntiToolBox 0.1 by NgLamVN for API(s) 3.19.0
AntiVoid 1.1.0 by FiberglassCivic for API(s) 3.0.0
AuctionHouse 1.2.5 by Shock95x for API(s) 3.0.0
AutoClearLagg 3.1.0 by Twisted for API(s) 3.0.0
AutoFeed 1 by Ghast Noob for API(s) 3.0.0
AutoFix 1 by Ghast Noob for API(s) 3.0.0
AutoInv 0.0.10 by JackNoordhuis for API(s) 3.0.0
AutoSell 1 by Jero, Cur for API(s) 3.0.0
AutoXP 1.1.0 by JackMD for API(s) 3.0.0
BLOCKBREAK 1 by YTBJero for API(s) 3.0.0
Banking_vonfram 1 by Noob for API(s) 3.0.0
BetterVoting 2.0.2 by Twisted for API(s) 3.0.0
BlockCMD 1.0.0-beta by kenygamer for API(s) 3.0.0-ALPHA10, 3.0.0-ALPHA11, 3.0.0-ALPHA12, 3.0.0
BlockPets 1.1.3 by itzmade for API(s) 3.19.0
BlockSniper 3.2.3 by BlockHorizons, Sandertv (@Sandertv), Chris-Prime (@PrimusLV) for API(s) 3.2.0
BossAnnouncement 2.0.4 by XenialDan for API(s) 3.13
Boss_Quai 2.1 by phuongaz for API(s) 3.0.0
BuilderTools 1.2.0-beta4 by CzechPMDevs, VixikHD for API(s) 3.16.0
BuonLau 3.0.0 by AmGM for API(s) 3.1.2
BurgerSellWands 1.0.1 by Heisenburger69 for API(s) 3.0.0
BuyCMD 1.0.0 by zZPROGAMERZz423 for API(s) 3.0.0, 3.1.0, 4.0.0
BuyFix 1 by phuongaz for API(s) 3.0.0
CachMuaLand 1.2 by Noob for API(s) 3.1.1
ChoCanh 1 by YTBJero for API(s) 3.0.0
Class 1 by YTBJero for API(s) 3.0.0
CmdSnooper 1.0.0 by HotshotHD for API(s) 3.1.1
CrashTransfer 1.0.0 by Xenophilicy for API(s) 3.0.0
CustomAlerts 2.1 by EvolSoft for API(s) 3.0.0
CustomCraft 1.0.0 by TeamBixby, alvin0319 for API(s) 3.0.0
CustomItem 1.0.0 by Phuongaz for API(s) 3.0.0
DEVirion 1.2.7 by poggit, SOFe for API(s) 3.0.0
DLevelIsland 1.0.0 by Nguyễn Công Danh (NCD) for API(s) 3.0.0
DancingFarm 1 by RicardoMilos384, DontTouchMeXD for API(s) 3.17.0
DanhHieu 1.0.0 by JeroGamingYT for API(s) 3.0.0
DevTools 1.14.2 by PocketMine Team for API(s) 3.13.0
DragonChestplate 1 by YTBJero for API(s) 3.0.0
EatFoodHealth 1.0.0 by YTBJero for API(s) 3.0.0
EconomyAPI 5.7.2 by onebone for API(s) 3.0.0
EconomyLand 2.1.2 by onebone for API(s) 3.0.0
Eff 2 by AmGM for API(s) 2.0.0, 3.0.0
EnchantUI 0.6 by UnknownOre for API(s) 3.0.0
EnchantVipUI 0.6 by UnknownOreforsource|RBpmmpformod for API(s) 3.0.0
Eternity 1 by minefore and shin1134 for API(s) 3.9.0
ExtendedBlocks 1.1.5 by Javier Leon9966 for API(s) 3.14.0
FormAPI 1.3.0 by jojoe77777 for API(s) 3.0.0
FormImagesFix 0.0.1 by  for API(s) 3.11.4
GemUI 1 by WoolChannel3295 for API(s) 3.0.0
HeartWings 1.3 by Edit Nờ Cờ Dờ (NCD) for API(s) 3.0.0
HuongDan 1.0.0 by YTBJero for API(s) 3.0.0
InvCrashFix 0.0.1 by  for API(s) 3.14.0
InvSee 1.0.0 by BlockHorizons for API(s) 3.0.0
KeepInventory 1.0 by KhoaGamingPro for API(s) 3.0.0
Kethon 1 by AlexBrin for API(s) 3.0.0
Kickk 1.1 by MCPEVN-TEAM for API(s) 3.0.0
KingofBlock 1 by YTBJero for API(s) 3.0.0
LoadAllWorlds 1.1.2 by  for API(s) 3.12.0
LoadWorlds 1.1 by shin for API(s) 3.0.0
LpkCuaHangUI 1.0.0 by phuongaz | Moded by LamPocketVN for API(s) 3.0.0
MS_NV 1 by YTBJero for API(s) 3.0.0
MSpawns 2.2 by EvolSoft for API(s) 3.0.0
MaxEnchants 1.2.1 by Xenophilicy for API(s) 3.0.0
MenuAuto 1.0.0 by JeroGamingYT for API(s) 3.0.0
MenuPet 1.0.0 by YTBJero for API(s) 3.0.0
MineLevel 1.0.0 by TungstenVn for API(s) 3.0.0
Minerloot 1.0.0 by Distoxicqted for API(s) 3.1.4
Minion 1.0.4 by phuongaz for API(s) 3.0.0
MuaCoinUI 3.5 by BlackPMFury for API(s) 3.0.0, 3.2.0
MuaFLY 1.2 by SableIamNoob for API(s) 3.1.1
MuaKeyUI 1.0VH - RBplugin by Ibenrm01 for API(s) 3.0.0
MuaKitUI 1.3.6 by Infernus101 for API(s) 3.0.0
MuaPointUI 2.0.0 by JKPVN (JakayPluginVN) for API(s) 3.0.0
MuaTuNhanUI 1 by FurryJaki1992 for API(s) 3.0.0
MultiWorld 1.6.0-beta1 by CzechPMDevs, VixikCZ, fuyutsuki, kaliiks for API(s) 3.20.0
NapTheFGC 1 by KaYuuVN for API(s) 3.0.0
Netherite 1.2.1 by Wertzui123 for API(s) 3.0.0
NoFallDamage 1.0 by DeveloperNeb101 for API(s) 3.0.0
NoTP 1.0.7 by awzaw for API(s) 3.0.0
OreGenerator 0.1 by phuongaz for API(s) 3.0.0
PCEBookShop 1.0.3 by Aericio for API(s) 3.11.2
PECollide 1 by saxavlax001 for API(s) 3.0.0
PHP-Sell 1.2.7 by Muqsit for API(s) 3.0.0-ALPHA9, 3.0.0-ALPHA10, 3.0.0-ALPHA11, 3.0.0-ALPHA12, 3.0.0
PM-Beacons 2.0.1 by jasonwynn10 for API(s) 3.0.0
PayPoint 1.0.0 by YTBJero for API(s) 3.0.0
PickaxeFunction 1.0.0 by NamVN for API(s) 3.0.0
PiggyCrates 2.0.9 by DaPigGuy for API(s) 3.2.0
PiggyCustomEnchants 2.4.1 by DaPigGuy for API(s) 3.19.0
PiggyFactions 1.2.0 by DaPigGuy for API(s) 3.13.0
PixelgamesToDiscord 1 by ImNotYourDev for API(s) 3.0.0
PlayerVaults 3.3.0 by  for API(s) 3.0.0
PointAPI 2.0.9 by onebone | Edit By Nờ Cờ Dờ (NCD) (Danh Miner) for API(s) 3.0.0
PureChat 1.4.11 by 64FF00 for API(s) 3.0.0
PureEntitiesX 0.7.0 by milk0417, RevivalPMMP for API(s) 3.19.0
PurePerms 1.4.3 by 64FF00 & ProjectInfinity for API(s) 3.0.0
QuyenVipUI 1.2 by NightBlackDM for API(s) 3.1.1
RandomBlock1 2.0.0 by Edit By Nờ Cờ Dờ for API(s) 3.0.0
RankUPUI 4 by YTBJero for API(s) 3.0.0
RebirthUI 3.0.0 by YTBJero [Edit by NCD, Ghast, CurlliestDrake66] for API(s) 3.0.0
RedstoneCircuit 2.0.0 by tedo0627 for API(s) 3.6.0
Report 1.3 by ImNotYourDev for API(s) 3.7.0
SEnchant 1.0.0 by NamVN for API(s) 3.0.0
ScoreHud 4.0.0 by JackMD for API(s) 3.0.0
SeasonPass 2.0.0 by TungstenVn for API(s) 3.0.0
ShopUI 1.0.0 by SaltyPixelDevz for API(s) 3.0.0
Shulkerbox 1.1.2 by UltraFlappy for API(s) 3.0.0
SizePlayer 1.1.0 by  for API(s) 3.0.0
SkyBlock 1 by KhoaGamingPro for API(s) 3.0.0
SkyBlockUI 2.0 KSCore by KaysilGMVN for API(s) 3.0.0
Slapper 1.6.2 by jojoe77777 for API(s) 3.0.0, 4.0.0
SlapperPlayerCount 2.1.3 by  for API(s) 3.12.0
StaffTable 0.4 by GigantLeyKey for API(s) 3.0.0
TN 1.0.0 by JeroGamingYT for API(s) 3.0.0
TimeCommander 2.2 by Zeao for API(s) 3.0.0
TopGems 2 by moch for API(s) 3
TradeGui 1.2.3 by Only FurkanGM for API(s) 3.11.0
TradeNPC 1.0.0 by Free for API(s) 3.0.0
VQMN 3.0.0 by AmGM for API(s) 3.1.2
VanillaBlocks 1.0.7 by xSuper for API(s) 3.0.0
VanillaEnchantments 4.0.0 by TheAz928 for API(s) 3.0.0, 3.1.0
VanishV2 1.0.0 by superbobby for API(s) 3.0.0
WorldProtect 2.3.8 by aliuly for API(s) 3.0.0
essentialsTP 1.2.2 by  for API(s) 3.0.0
helpnewbie 1 by YTBJero for API(s) 3.0.0
iProtector 3.1.1 by LDX for API(s) 3.0.0

----------------------REPORT THE DATA BELOW THIS LINE-----------------------

===BEGIN CRASH DUMP===
eNrtfQtz20by51eZU1IXeZekCPCtLecsU5KtWJIZSX5sQpdvCAxJRHgFD0r0br77dfcMQAwk8yHR
zr/qlKpYRAPo6V93T3fPA8B/dsZB5PHk80xEsRP4O/vNyk7ieGJn32ibnV630TV7tZ7RrhuNyk4a
ylO9dq3d6DUbZq/eMerNZq+y4/I4OYqiINrZ/89OMg/hqp0r+CNplR1PxDGfIPUgmqSe8BNmspDH
sbBZErAwsK5F4jm+GA7hnJPMh8Mj+ru/b0WCJ0Ie7T5jXhonbCQY95njxwn3LcGCscbBFTPhDoen
+KfC/NR12cSZCb/CLO660KLjs/7+cPguBtTD4YENtzlxEvEkiIbDQxFfJ0E4HL5/e2oMh6GbTqCh
4XAgEvg3jqzh8KULrb0OIudLgGfoUJ4+Dbgtolo4DVngMxfEYU2zBwoYgxTHjosaCKc82t/b6+/v
kQB7Wvt7qvk9bH1vQKjOgE31bFDDG/dAgL0F2D2prT2pHmwX21LteHjtsuvhWhRxZ7/R6YDdI27B
7993fqgzhXoPURELDfJejnhPAt4FkM/21zcjgHX8ye+dT+xD4I6BUYWdvzs9ZRUWjP4QVqJx8kfJ
cJjwyXDYD7wwSH37ik+egew/GOvL6YKChY/qPgJPSE7V4W6vC3Kvsmf1Zyk90DLRm1L0ewUeuHwu
ogpbXNqf1moVZgfpyBWsXmtV2CgIXAE+bFTAGxMxEZH2s65dUfipeDZAdbXFf6P/W7Phzz/f1P5Z
26Oftdo+/Ut6MtfXU4j/2DyB/hxE0GP3Ln89dRJxCJRLoIDGTHOpxnJFg+mLmq7+vNY9/7HcIE4j
8dcujyI+/934RAgabJ3uMnMiB+G4zojHc/9PV3n/ZOIkBSL8FXuIqB/4PhgviE680N01Wr2lyEL6
t6Cb4bCsnGUg77n9LtgKk796Enbze8Duyq6LV6Mp1OXDIV4P4bB8Q/Xnr167wJP3ijtXRiJOXSBd
/uleChcuuiACwW1tHS60cjWFvmsPoAvtGob5PwVq+ztY1mx3l8HVdFP9GX9JAWO973W+sVXarQ2N
Yk2FdZ2JSiJ2mUx2EHBsEKyQ72I/CL4IkuXSFSIU0Wvu2y7EMcNobKCdNRyBJOmxXeBarVahRnGD
G+bELJlChRI5EH+5C/GbW9eMUi1eJW8y6t+jn3e6G+pZ3AorTQQeXPCbLPMZjcYndnl0etS/qkFk
O+eeqNRkXpe/gXjpfIEfJ/FLPppXav2pgPhu0xlZlNXozyCAfBdXau+dOIt7GAGzJNjIk2tfqlgV
CVJlxnfJCJ2HqyzTl1n/xEaYBjAB1FwoKEJVH2wKebtpvPEwaDKSbQJORyShNB5fuRn19uPTNUqc
O7bxib2Zcn/a6Jn1eud+wZvs3rJaotk7E8k0sEnOI1JXgKXxA+ulwJeF5C/QTXbvKTMFXo4DFLwo
qzrxYuIjxW0tFfdCTLC1SNi5Vrv1Uh0vLx0O74GW+0Qm3eYo762f1wHWvh8Y3SodZbfb/QqUu7Ah
p8DIUN72QIE69wskrwVn7TXLAyTJlFjI9lUy6N7PyRfJTRBd73lWmLE9l6RLGFxDlDuweQiodhtG
2Yby6urPdnDsRHFyGfIbXzXWW6OxMAqSwArcvUuI3wFIKvkdxCe+kzjchWBvDzjeu9tslZpWjIZD
5JRJcq/c1Z+nlJmXNHKfbUoNZLJCZ18lrBwa1R+pbbDscsgbSJSpYA2cS0SSuIxNDPuSJ9ZUmdBo
1B9tQwyxit03MJn5/UxWUMw2jdNYGiwaDdP4u0xQACxFba6h7At+feqMTqCIicZQ2O4a7d5XItB2
ZWt9teyP+DXUNCQ0lIgzEUHswj9Z8d9bEadKiDLBj3yLhzDu4FDO5mVD7xODsUTNbNTazZpZN1mr
12kbeWaTohRxFLlIOIsKsC6RtR+idXLrrDkJG/tUAXeGQylfttV5QFu93ob6A/QW+Klq8jHjtQ3a
/Pq1pVGb2XuAQJ2yD8lLQeXadTn28yBxxo7FExyRyHYbX8k+0mi7ptFat40Yj9/BKMzdVdOMhQn8
dq/dkO0ZS9szej2z1J48U/05caCUkzigppXMzOXMWt32V5jBIDhS3tf4WijMZ76hnjG+wufzZwtU
mUSplQeSlzB86bs8juXM7b31ZQpagkL0jDv+KQyAClO1jfan9VcGFhO8zU8PWE+Q8Jur4TfL8GXX
VvpTMXCXlBSJP1MnEllo6sGIZqurDXDFs51Pf1V2xNNaz5K1noesv4BSZfOfHX8WuDOBigMujm+D
Ra1kJzsPtFwIIFqBLdAQjXYXzgyTv4DWaPfgN/7o1Im4949/0JFBR+wfrE+KjlGzUiJ24yRTmqqK
Q2FBnEJjgVErjDQMF9rs/OVVRV4XhBjEOJBt28l+KmPHZGQwN/4FhtSwmTUsW/spZnnPJZ9pdBrq
CjpoZpe/CHnEPcyO/5U+zdiP5HJ4Vat0lefcgtTyv1qt9iNIFNOFbXXhHh116CiEIOlYOB8HoY2N
U99CHEzzwB+lBsi52I+u9LHCIhT70R9B7s7aesb22f+Rt/6HWpIWGULY33XA/ZPdWLjj/f0fr/3g
xqcLHRH/Tq18evZM3tNT9wyTHy2MY+w5W3LXv/Cebj2/BwzNXsRCsKxHFUPkM6WBrpFfH4kkjXzm
ixsmm9vNYJagyYZMdSM5WbehnKzbVOSMG/RCeX1r4ZLddnZ1J3fJv54WHZ8WHZ8WHZ8WHZ8WHZ8W
HZ8WHZ8WHZ8WHZ8WHZ8WHZ8WHZ8WHZ8WHZ8WHZ8WHZ8WHZ8WHZ8WHZ8WHZ8WHZ8WHZ8WHf+/XnSs
7EywaOYuLnb5HJ9D29HuBcFwGLl4lG0HwqNZM5CeOq69s290m83KjhN/tsVsZ3/M3VhUdrIIubPf
bHahEQcX3XrNTqfeaPImF62uZbUswxx1zU7XMpq8K5pt3myA145M4J0qWT440IlvYnZ+xV7/enhw
dVDtdLusXWswap312vU6282uks7EzDqMry9MdplAl+KRzY7kctozdnB22G7imt80BOadWrNmdOHw
C4QKQtas1eXZz0GMrZ+cn18BgQ5uHJ8WBr0wAO1/hsgc8cgRMWqO21NAG4m9P+LAr8I1apnRqBk1
88XYMseddq/TG9d5s8lb49bIMrk5AtnteqdtjkVddLqiA+xtDgBA6sDbw2HECIJ7dQZlk40mBoap
T+tVL9RfFHZh0pHj82hOXQIurUPbRuNFnY+EaHTtpjC7bQgkxthsm1anx03esNu9nt3lINq4qbO6
t3GjVq81XrSbnW6nCfe02yOL8w7Ystsym6botiyzYZkt0bVaLW6WGGJHdqkjK9nMF71Oq9Mzu02z
2W6ZjV5jZHS6vNEBtXQgUDSAt9XrGcZI5+QGE+IATvii26iPQKOmNe61xRicC1pGwO1mo26OTfin
YVi82bvDoRomNCOYKarxQoBzCmvcFpZpNMe23WwaLcENmzfgoGd3GqMxaEtwnZXHk6mSpv0CGm11
rBH4M6i312312p3OqNlrc/BZe9QzzbHdssZWQ2fhj5IMT/dFb9w1QWC7MwabWHaPt9pt0WyO2g2r
OTa6vNNudbjolpS7+Fn1wryLvtigv92pt6RegAuwsSzRbHVH3dHYFg3RtMf2CHRttVu9sdUZdcbC
bI9aVsmDZHZT6m296NRHLdHpNTq83u52urYNhTFvGIBWjDptu9U2e92xadklJqFLHKAYe9Ee1buj
jjXuWk0+5kbHaPSsHjdGYBhj1Kx3Ww3DFkbb2PkrX/SnvnkAmfQKuvEiwGWUys4iqtUppPE0mQZR
jCunUIN7RrvewxjJQwdJDfD/Oh4Ln0NahpAB+QqCnQ3p20dX+h3OxcE4OSwSPE67C1SjMlfhFgXo
C0C+vDq4uHqHYfZGjGInQflwBZcuDwL3ZXBbllxRl0p/Pjnl3vtzTXij93DpFT/IiAsJsiXVBZjB
28urD28vTg81OBD8p+moBlFxLxNLAXwfOHYJHZGK0DCE1nVwx85IRBMMKH1n5ljbstBLXBieXvFr
yLfu/CUFUwkYhVr8WoV3miRhDHm6gPs+1ns5P9RGShslXgdpLIoaKZJ1rZi1lq6VS0hB173W7ePU
sXMEdVjgzQ8GJ8D+xJ/1Ix5Pjx1iqxQVq5aGQy7lm6J8oCBd2qVKkqCToO8KHp3yyURDXaQXYTfu
OsPVDU782dtygkSyQ2hQwKAQLgiB2HSZNvUAJeZBPHdT76y/p/NTyjgWwi7pgUia5XX4r6Y8Tth5
EIy2FqhUq+VItdyO6CElyZ3bv0Fw53YzucHDS3IjRY+tEF1LTvcLlEYgemRPUyfelvx/AFM/Yyod
0PFn0vWkUGshuhSuW4JEpCW2+EVEQYX102ibpoih0c1s8XFQkvvjYFUqQEOcHW5LbMlNavzjYD3h
7+nrks2eQgDgXp6+7b95eXF08KYAsEBcYpp/X71E62wLoWI3HI6i9W3zkvuYuD7PAn8cca+IoXRm
CZBt9nTkhXOI/vUGIESSiOh9kIC8RQRFclF8EwQ0v0Gq2Rk4k8m8n8ZJ4B351pT7SbxzT/4ZkWAz
Egyw6mKuRovrdX3oGQWkGUnvUgCgCm1xHeq18OcTuO9ORKgenA5eH1A8LB4bpWMzO35wMaakVUuP
Uu71YNMW3hJuta1XjyUNHbOTfPGgnt1azbxqK+LagC59JxRRGZKi6uWRWQalCQGnLrkPTScztvsi
+4mTT/1p5MTVQeR4As7g3zQ+ff9M04W5saufzQdukOwsV4nEsZFSgjg+8P0g9S21n3uhmfKpcpdu
6ur5KHyHu4fc163eeKjNb4mfzX0AVxJlU4Sff025U4ImaTqmUpwNp2ngT/iXbcXajB9mxYijEBLa
WjBwjk5EOF7UemSRXB7VyGhUMlP/i7Cmg7NDMcMb3ju3zvVrPesb7YdDtJB76NnAHeKuFC5B4QCp
LuqmlUBB7j2NFSkn8E95qulFUvQuXS/XPAfeqzMdOySqB0IfbVCivUyjiYiwlvzAiU9BcP1MOcOU
XPS1cGLhj+im9mYTLMXh6RJYegtoRk3ATTDPS1lUEu7kUB3hl98GF29fHZwdXfz2pWk27kCs5CPZ
5mP65lnKT4U/fXeyESB9qKYISyq3bUcU2eL6Ive5NUWk3C8OjovUUgxZUXhC6n+o6C60Nhz6VH56
KXdl46sRTIM+96dF6RXlb6j8LWsD1eMkW1FsOv5+QlN7751wA4k9+xLso9dLBeKKjvs6SOJpkJST
y8M9xvLsWDY9HGpirEaCE29XEffjsQ5Go6/AA/VNEE4d17Hm27JJgSVAKgpTOlwLJI2DDlxIuJqf
FclLy52jWeBegqRb87hCy4BHl2PJnH2W/G9ubmoCZEL+teR6gRFUM07uQJTUFUa8Etx76dyO8MlG
7s4cv94wHrkuoZo/SYSnqtKFCvLmMvwkpHawvmmxhTuoibgC9GDLWWfR8vrB5PDoPW06LwDISeW6
tVNKmrQdGwdcb4/F1mpxtcdbboUfDqFiVb8KYq1YWDqk/fonsaunU428wjTnk3Q+TA1htXzWH6b1
+rjpTxgMoqZs97x/+OzBFV1l5ziIvBW1HbYu/D44B7YI0HXJVxuV+5bjT455VHTMInVJfrtwLB7Z
wZnjBjE+oQnsAj+5ClIoRsTHUtboPNzSGlfcw59Lpx2siXf62hGpDlaSVhgaU/kr7kFj/77alg8f
vt6g/4lZeeyYk0qTOc1y2bfYxcIwoJXG94+QXwmAu4FmpXHhssRQGBUuRNvLeSDaiE8Cn56wCXFD
YRF1+dTfUDce9vH/dcx2xJPjILBfC+4mxaJXp6/wvW8FY13fK4SlAoJirFqI36p1yu4X+GIE/29L
fMVuOBRSAuA5HGrSrAuoNIwqUkuF1jYgrTleL8OT4yxdttUAx+MiMDjSAC2dRDHzYfkjjARNGsMh
cjY28DO5BvBOc7Ocpi9EtnUM7+QmsLfR1txswZG2NkshNsYCA7b74EjymojGQAnSyBL/vXgZel6I
b9QP7O3jNHKgJN4GWBMR+fi2kQLOjLQkOuO2JsAi6NUf8dTxDaPR1GA9YsUhYz4ceuMNkNwmwEnY
NBtfzLWlE+Xlk1Z5KXbmiIidisDv9dptPeE2H7Moi3wztmAuTar1YWal5QJfRtGBNcqZ6I/gj0B0
8L+trfTnHIdDJUT+Y10oJx6fiFify9PpdzYxaLA08xi15oN9Lv0zxjEJdlCH2h5vMrn3SnharJDH
SzrQByiX+tBffeE2zF5rWyZ5tcm4ECqYKPkAZXGxtxSIJYcqzVjYTsLOcfxk2zh8or+H6u/m46el
s+CZRBtAS+XAqggsI33fii1rdn3Zi7vVFuIXqRt0iUdErKxLOP7MwpapQ6y/+AcCXwqhI0DCCvXr
K73bmqvXF2ylJJuAeSNECHcJPwmiYq7U6SVoOrA304DLUehge96lMR0ONXHW97g3+CS1r8EiwpL4
deCK25eR429tq5XiNxzyMx5Fc3xH3FoD0tk1DUY53P/58wglQkCOdX1dxEPHpcyvAzrrD47en1ev
jg7OtoVJsgSrqNZX2wHsGIzJWTXhF9TvN2B+8/bl+g6EHenAdT8EkautqOr0cuVlfj1smQ8X/Drw
QWFWgM81ouDcdW+o/c3g3IvlfiC6HbAa3pYRFm2uv4sPJ2mscObXkiAkMOF1P+WvuT/RKhSNvCIm
Z0un7L/sLICalY3m7JR7cgKotD1/5VB6USDS21bkT20O4Ctby1Zv7cgBrW/qs8vP5+8LapHH36+b
UXvDIbW5hrD4noRYE1dS9DkP89suLqlGQcl56w9bUjrjt7mBC5gK1PLyhPF91wULomgHaxlL+Cnu
nS0iy0h/w4R11vYGXQPuGIikJD9S/qY5Tw8X0HMRVsvv+IIWVYoIctqqxcoUxhswQn+/tVi+4Ago
CmKshSNygyAp4ZC0FTgOHQijt471Z3nH7yPGykWew2Gywd4rEFtfh1SEMojmt9260z89OKRdcrL5
DeRPeR+SlpZIFzR9w1urPK7h1vXg7DiN5vfuozIftX/qNyvA2vkwcK4csRmg49N/62iQsHQr0iWK
eMK9bW5JwnZdiLjnzmSakK4OzwAGUdcE8kbMy4aRpJJ3vX/NquzipXphsobsZCT8yKsb23K0jB8h
yYRZC4uT3MHiJO/uTvKVZp5P/LGI/DQ2tohhwRKHMhvNpIPYVOSVsWTE8rbmch58M3h/znZ/4dd8
PiBzvT/f2rQSMSfDbITnKj2HEqAMKKcuqRyh60dzwOLgSy22hUJjSmgyUTZB5SYODTM0UDlR97m2
2ttsrNzb3P+Nvm07T5M4vcb93tfcdZxrfVbHrG9px7OHAtNID9VQEP4xu50LjEBR5zy8morjV/2C
nha0JaZ/w/+dphsOlJaNzSU7iJZZ4+sb+1wkUxE52rr8grai3v4gouRL6hj37AV+IJQFR0CTifHg
R9YW3PYWmBB0cMxd95B79OmBBe4ieenk3SEWa7jl8VyMthhbS2xBBQWJNrBpcDXQYF0N7pRUpY1d
/OYLv9kWDGKGG4qT8MGmkwIBmLeReEUvc0mC4n5Rjbz0pQHf7tGRogybzB4P+kcvg+D6chqExRfU
FKhla5UWWw7Aky1HH1EZq56X2HQeRTUyHBYE0w4eYFXFc6/AZY80ctQPXNexi71xQVsSSWN+y2cu
v61vrxMWWOI7Wi0pxLpvuBi8HlRLzyrnpBWbK89ogeX+RxN7pScRv/mTiijwa9qvsm7UGZxVXwqO
77sqYl8Qy8VdyZJ/8Djwb+a+b9S39+h5zhKfPEUx8JnTTJzViKDMxMq0iCcj/U1zHuEGDw0MHOua
34pj9bmSIorSmVU7Y++8dOUx4VO2vQkMDFsRfoJGg7Cglj2rV0rWHC5+lc4f+djn8iecs0YgQi4k
0w4eEC4zpnsFNnsLneiylHWjn9V11Cz3vnt19JjHhMv60KS5l/h4/WjsFno65uTldzSU0+88rLmO
bhqPewcNjSQU5StrHJWd1xdv+lNO++3xPWyvU/vrHpehKR0+Wqs5I1LnrXDxAfr4Kjh0YpDJ1pR6
9+yS1H3inQfJv4M0gqp3a5MTBZ6giFe5IHSw1sP28kWw7zl+u6EIrkjWZ/bKW6u2hCXbbyFf6j2j
lrP31OZyrIaTLaoV34SYr7MtjZtq+yr7L71pkL2cL9/fw3bpWQmain629R3CIQpN+4ML4q9Gn0aC
elABfUbSez1ExJJ/tpvHx/XNahFiPhCRd09hfSfmZD9x+0dl56OYOUEaD46q+SULLXyWsgB2Jfzi
1wP6NwmZfdwgY6OUlX0y7GNJYwu6PtbqlIOl57jX9aaBpe0FQJpxd3B2NthaWokkT9w7Cz4Bggkl
mNRIJubGDy8UZN3T8SrFSKvqSpG0sh817nMj9r8Z2Blf9Hrijx3aTrulHqL5BklU+LkF75B8QAu/
4gNK5U3QBeLyx5UL8/jbWiN4fzLAl22otYFMiJUx4YJeREr7Z4wCEo28YiJ6RTzclmkLIq1fLsNN
1+8GmpFyUhFW85sOWLDJNEydDeQWIydKprrgOW3FyyOU9Ox3sswILNM/rDB6GRu9AQyG8CJODiN+
LdrtT1sDKRzf4pHPk03eK3chbCjzfNF3Iit1Eg2ufmaFF0KrQb1t6vu324+JrbL5dac6LkQYRLr8
RFi6T/irVV/nAQOyu/Xm10pBKVr2dx0zXao6vIAvJ33P8fK5fEPput6VDxQKYmckrfvfs7z2Td46
l7W+AQSB8zYD/R0NBeKKbvFtt2os5Cj+XgvWNNBzpyKscKZL7iZzcnVw5K1NYr87kdO5a9tkmrrX
Ihpp7+0tEJfv5dx55yYRP3Z5GG6t7imwBEtISej1vWtDcr4IOZoqQloQl7+jcUsoqL1T+dWmxe+1
xL+el3cG56RlS4/b23Ze2qUpH/+F/DEvRGH5rjQwinxn2sqckkHQO8qCWOr77M1lH8JLeXV1Hjvu
q7PtxeCFABu4F7qm7luKUl4/N9d+MOuRL1aKpQAPXpNbSLaXYVkAlb2mH6R6yrx7svw8buObbPsW
CWRqx8LXAt2VYQMrJnw8vsLmi6AWRH00XKqpXzkTqBZOxfyN2FrYi7Ht9eW/Oi/IDQd/w07Tqw2q
lyvHE/3A8+gdjkXJNfrS3c2/Cb61Uczp4cfhUGv7wX0HWFXxAZA9HQpiDsJXQptbyChLHvT2Amta
RPngSUbgAxBlgxvYKeK2eJUWX+SYk8qz6aUBwFvfnbPjNLrmfvmFf8aj9j0RQ8CCcmyI5HzQLyNB
0orOchyJrT2inrW5vuDvfz0r9m06/I6vWJz96W2wr/Q9xGLX5XeexdbpK/ao3F6moYg2fFGD/rD3
snecEvfhUBOpdLgBVDVUxFek3gNYO7tiWHY1FQdfemb3q69bfKgFpSjDoaqgNn73v5Jr7z5MShHx
9L1ZQk+kFT0rRlOMgtFoe2kz5yhNilIsfq1jV9r1BzVzIqxigaOR9cTUqHVLm6xcJ3W3BklyGw5p
j2MoJVhn6uYeU56lTjR2hGsXv7mTff84gTC353H8Hu2ehhaUIuIYJ+C5G2s7zjRyOR+Y32IcVWxx
OCy1v9K2U+GGvrgZOcUqr0D8fs9/vYZG1w+rjjKFtjOuQCx/ZKQkO9QkW62UFi0/vkwqoKAvH/EI
0IELlt6ClX0HjiI7fSetBl0B+jqtAu3v/DDIj1g/8MfOhI0dVwyjof/DB2GzX1KXmV1W7+3XG/st
g/2z3mFm3TTwApf7k5RPxHPhT/DYCxL7Ob4Yjndc+ccapo26UWfyaDyDv41RD6j1ZtMM4I/ZrdO/
Y3WJQGKz11CHbTzZGw9Tw6534Herbue/zU6TfrdYsS0STAKt4kzmc6NnNEwk3kxBqVX8jPXzOh5z
9ZLuqlw/rnJr6ogZvbM7fh74xAcf16uq0AFeIm/0+K26J37eIArOsXqBLeT5cRAB15wWwHAEqGAD
G2f6suNwFqpWbGc8dqzUTebPSdBJtmWyGosE3/wfPydt497XKvrw85Gwb3gU12hud3EuFsIuXJrM
Q/H8+PTgCknSZ6t/piKaq3YVKbIAmBIKf9dCHscQM+3n/6D/QFNpElRjPhPqxpkjbqo2KJKD+p53
kXQ7Cm6r2HMyTlJ1kD48CDI60QtGOUX77ldt7uF3v35g2DeYRd6YRvS1TXJKBpplmmuDkzJIs7Fg
maoYjwRLpoIFPng0jHETZqGlEzYSzPEtN8XncYH9nc6AvC4DD+4cI4Myz5iPRYUFuEk6RpZsFAl+
zeZBGilezBkzsLgDiQJbAGNH4DaQgYDxubjJ2e3ZYkzbE9hN4P+UMBx884ihlj0Ai9/gm6OEydSJ
Je6bqfBZGk6gBgYGtaGPLi6Z7Q99xn74MKXd2ywJoBXfZsBCfdoSdIDvZaUv1crTJKqLH2kGqPBL
JKQvfKmkJZj8uixSPOQsfTnr6PuMvvOIJ+JpmtgBWhNyCZ0a7qjvMJLUtywS1T8CgOEHN/9ruENi
HrhucMOwC4JkTOVPNnM4+xX9Eq8hB81S6z7DCEu3HpGzqnvoLUrYmRiYDzSE3EZzpvSK1yvfzk8X
JP/hAxRj4B6gZG7bIGYsbYE6xm+kMk9w/LAsBgLEMhIoNGhK/JlyF3U4cWZw7Yy7qWC7qlEIis+Q
u2wRehWto1TBBvh50n04TW2fp94IVAQudhDPfeuKx9cMv2oLTlWjC97FYCf08wwpXjaNAohVYEq4
PK4wKmiYChPQOSoMP08ZyY9Ik24ghSDNS331tVrJ/JJsDZjA5aLgFvpmIkANAInc2M+FQ90qgU7G
6Lh4DTpohTnJT6C+JKLbbIGRkfyndDPbBQwpdCKT1EIwqgrpPrEqOy4n54hSH19HgO6IO/3JCPRu
/rjGDsVM/WYeLpczes1KpdgTleOgRqIoDRNJlQpDxXggm8JFxoUeSl/ttGXv4LPAsUHs+yVAH0Gf
C0DR4F21gqPBxVV5Ue5pkCggAURz2UNfucEIvAfLAybp0A88J8GO7okJH80T0Di7lKquk3KdGHnT
7VdotRuHNE8eBT34pioZZU4WE8KxQ28ZYwLfaoJsxlCeZk1KJwdrpdhn2SQAQwXYZ9ErsKEJiVkl
0fZZHVFA6xSP5Zcz/8cjwHprmfyYhx8nf5wEIYmgYmkukmIXMwgfmESFnQuErWZSGXWzqQSjIPCB
eoWSL/5pCxJSvyCRMGIwK4VM5EMmYuJWWCkF30CKLHskZq78anFrQR0RLxDJwPX26mifXb0+uWSn
J2cnV+xgMDg9Obpkg6MLBpXrm6OLCoOL2NVbuOqIfXj99vSIDS7e9o8uL2vlEKDpw2y1lToGInIC
ys4YiGMEaE0FhWTSRh5sDdA91Ac2xRa6pIp7f2WYJVZQywJOCNDgTYj3a84mnQxqQ8yGPl6mGiPO
kgmE3kUglxmJ2qCZOkz6dEPt7tXoC2qwAGYLhYW1gdQsiivtKu/NMYB7iTBeQG3UFdb42f0iKeQN
hXzCoxH0jCo+liGrVgpA92uXuhqKo+5i6i6I3R73U6pEipJAlZaCDz6rZDmh7ISZG8r0Oh4DL4nX
W3TBGnsrY750eCglgtS1c1kcSCI3PlvIH0vGIYkPQNv1usIKrR1TsLiTJMl1JIcc2zgKvCzZyrvV
FdWiaxYtjGiUJe/4BrvHpTTvuMyqRzRZhA/JgBsqR7ZTL5SllqznmDpRxROZvQ7xInUDyU5iZgjg
CNI8dHZ+j4IhaUPigxZm4GRxnAoMDMkUrDbJSk8MWtjaQqpKZkhZI6gKsyalwUu/qiccEVnT1L+O
M9n7PESq46Ue5FicyWfZgAENyeT4SUqx0Cv2F6VK6jF3fQwq71BJRA1WsSROIek2c4sdBvJU2aex
NsKoJ/nLi7MuJHmpC4vIqHKoWjA2FDm2QxCFahUoH1F7IJ0sMCSXkOMAhcl7JMIFOrhN6VPiyVrG
ixfVLioQPxKa8V3OapkfDn1fJGiwfZUioDSbBq4sMUc8gTEvVuIkMlRN4EIqyVBsk8MgdVamlpHI
i02Z3n4oWik7hWE1mifIvMKqRsGAZDxquJpkwqgUQFF7UcfSIBZLSFsix4ENFfp4MxCVWDX2GmpB
8KXnVNyx/uBdBe4FGUbQv24cG9yeagUZPXP+VeK/z9pZ2b2oyGPSTuHaGjuwIVBNuTveww3fNEyw
BfiwagoaZTiTgw5W6IiLtFdgVhyKHN1iVMMSk7s1hkK8G/iDrNhejAZxLIFCwaifmKahH1bVcWl0
c6Z6Xex8Ebk9sSzPzIgzf1nJBGW7dI9Cam32THnTsxobqHtcjh9SwuG0GpYqX6AWxxGfIASwCagt
Dl2qWHCsCWN/Fzs7j9BOfdfBuRUaPEcwmBJxws6u3pGkMUBC2KM0YThYJ1MumpODi1oWa7wkreJd
+yQterktRulkPxuw/MwMHKiocm0KXZXOMzVWjeXoGj3ZjwOZuJQ3GMhMBifJrT8NgphG4Nk4RWQj
UYpgNk84i/ksi5Q4TZLNKOG5whAWBKMJQ1mwqMkJHCLLwTBNKP3EPo6CW/T6iJ0cst2P704OnwFm
cHmQAa6/gXAfRnIvPDgGjl8iGLzUFhUgeEJAl5CyffD0jy9PM/5qbFOg/ESN4bQSJU2oPnCQS2mY
sAXZVIlKIdpMDzUL55zxvHqbOnbBETnUKRDdBE+yuAn46WwlGwbQEFJJCn4DVSeVZH5guU7I6F5w
mzM+B5fBoaQXzLJROaY0lQcoFlezc7LJeBEBs6mx4nTJFc13SH/HF9jyRBqDrlXOncZq3sXCj3jL
WKfuqcp79lkIRdLMcbEZGcdVjFKtYCLi/iQfKPh4m1vOh5XsKm1a7d4pKmnlAw+3aNBIm3Ku7NGo
SmVjTLAYomg+AvwQf1OGhJsvKF8WbibgvpDj35GQzEbyZdU0X0cpbpo5PPk4TeNpmVfCx4Zy+BCI
GC+LClgsSh1MQFK7T8r6/WLyCDiBf2T9DoTNbsa/uTQN6sw4O1BNQxufByz4JH3YmxqieeBi3zyk
xka0ikkRCPUpIrQ01Oq4zZwpdEzNpmQZnO7RoAO/KjPZD2wS4TbIXD2LGZtcQ7W7KlKx6YY7NFCD
OAmjGGmbMAhTN3NGdYCpjK5REbFB8ZAq/GqoohgmEwxMkO1U7UxTunKOal9lcZxSo3GjJMskqOyF
H6PNJzvshd7Q3yG32aJEyrubTg6nUG6Og4JFoJdV5SpHfuU0QMuQKDV8jKXmBCQxRLK5h+Me6CAJ
TiFa8UJ0HMyp82xxniBQFOOTSQQjaDlbpqbW5AxCEnGynIaP5IMe/Pbw7T5OZKqYL1MfBoUbIYtr
Dl3nhlqMSfAFAKLVCpPbkGlzzUvXlMa5o1QwqDyvnAmSvF9VqapYIxI9KKoOym4f/aQwdVWB+BhO
eYXhK2goPyd5GQahdywiKLWrlnyz9r46m6UrmSy4NhWmFswK+TWFkhNSOUWxLFgohmR5eT5r446l
JdaiqRPHW8RqlYCRKV6PPQFDM1oWAyY2SHN86qZsPre2aECdKbaQaXN5ildhW1pX9orC1IniAewT
pc9skmSqiBQxcJSjCmcVMXDOGcYmNlWOzjhnBMMPACJXGzACZTMHMsYBPxUis8zGXYfHalgClST3
Qjc7wpoHZFS22s+MJs+B3+IU1j77nYoVyJ8VmtP6hEzlq1/zNFlcBSEYWDhGjq1mDbKVKpoOuC9j
UUKnDB1TgUyjTXyyF2RV6bYovmyXZJA/Ga5pYVaQ2WvR4j7Dla1981+dSqt3a1Qat42K+S/jXzYW
RNTPd3Fd3sLg+rxbl6FYHjVbz2SVJ9cYioN12cMxt4CO1VwalR40GQZWs+a4rpJaSRplQTkboUT5
6gRFHOADqcqipaA4U1g1W9kAX5Dl7A/HFGqoKbpeY5JSpSApnwuUKtWWhaIvCGl8K24h8MVqcGdd
4/AgpoEMaGTkQGE+l0UcXYd4QRQYesg0IvuMREn8oRiJ8li9U9kRuFcozp4Up10x+zsdfDIU93GM
LKiJpkUKLjH5No80WuB9toPEx/dkFqi4VqkR0sgtHtv0YaTF8dhxE6Exnnhh8XAK6aN47EAvmxUJ
f8S06p8feyO5YFakYSkG8ttFWmjpsC/EWM0uaHdS3I91ElQoXpFyOTjVJJjHf7r4lZ7sF8tPJcG1
8CG9a4jnnJZLTfXaqS9OKDfit+gld19cZ1S8Gg5vPV2nAUpj1usNwzDx0ebB4VsNqR18JknKRCA5
ujmgu/txrF146WCH/nimQSxJAIc4TNZhAfEG30OlEUM1Wai+dm5ARkKBp7pzLbLtZyqm0sTBr4jh
K49oB5UzGTk+xxfSExfcaEMss69/UECyR3SHVKoVzUN8JS0QGnT9xL5jMkezMummUSTBGC2l8DtJ
pS9l4vyGNdfbAU3vLG7466//BzYniUc=
===END CRASH DUMP===
