PocketMine-MP Crash Dump Tue Nov 16 18:24:06 +07 2021

Error: Could not check compatibility between YTBJero\CustomPrivateTalkCMD\command\Commands::getPlugin(): YTBJero\CustomPrivateTalkCMD\command\Plugin and pocketmine\command\PluginIdentifiableCommand::getPlugin(): pocketmine\plugin\Plugin, because class YTBJero\CustomPrivateTalkCMD\command\Plugin is not available
File: plugins/## CustomPrivateTalkCMD/src/YTBJero/CustomPrivateTalkCMD/command/Commands
Line: 53
Type: E_COMPILE_ERROR

THIS CRASH WAS CAUSED BY A PLUGIN
BAD PLUGIN: CustomPrivateTalkCMD v1.0.0

Code:
[44] 			$recipient_msg = str_replace(["{sender}", "{msg}"], [$name, implode(" ", $args)], $recipient_msg);
[45] 			$sender->sendMessage($sender_msg);
[46] 			$player->sendMessage($recipient_msg);
[47] 		}else{
[48] 			$sender->sendMessage("Người chơi này hiện không trực tuyến.");
[49] 		}
[50] 		return true;
[51] 	}
[52] 
[53] 	public function getPlugin(): Plugin {
[54]         return CustomPrivateTalkCMD::getInstance();
[55]     }
[56] }

Backtrace:

PocketMine-MP version: 3.25.0 [Protocol 471]
Git commit: f48b703533e0ced4e8ff9e118c5fe3889ccaf23e
uname -a: Windows NT tungnguyen2-8si 10.0 build 14393 (Windows Server 2016) AMD64
PHP Version: 8.0.11
Zend version: 4.0.11
OS : WINNT, win
Composer libraries: 
- adhocore/json-comment 1.1.2@fc2f76979f0a44a5f5bc2a2b600d0762fe0e78e7
- daverandom/callback-validator unknown@unknown
- pocketmine/binaryutils 0.1.13@0abee38d4e2861621f262c79a2a3d699d8a697f4
- pocketmine/callback-validator 1.0.3@64787469766bcaa7e5885242e85c23c25e8c55a2
- pocketmine/classloader 0.1.2@9757928424652393b178a3760073113aa7c9911b
- pocketmine/log 0.2.1@830b44a2cf96ef703c550abe64302f230231ca49
- pocketmine/log-pthreads 0.1.3@e477ecf6ec214fdd4415ea1da3fdd9d73bf699ea
- pocketmine/math 0.2.6@43057cb8c179a9859677b496a788db922fd5cfc3
- pocketmine/nbt 0.2.18@9f82ca4d7f97fcd9a566e44b63c4f18a7657ae82
- pocketmine/pocketmine-mp 3.25.0@f48b703533e0ced4e8ff9e118c5fe3889ccaf23e
- pocketmine/raklib 0.12.11@9cce458b8bfde3e4dfdbf70c659fc7b7fe26b5c4
- pocketmine/snooze 0.1.5@70b5e7937a06878dd321a3182ceb76d56298f2cd
- pocketmine/spl 0.4.2@6b08b7cf8c4afa17139c9a1b3bf1b408531de161

Loaded plugins:
AcidIsland 3.2.9 by GODSMineVn for API(s) 3.0.0
AddGems 1 by  for API(s) 3.0.0
AlwaysNight 0.0.1 by YTBJero for API(s) 3.0.0
AntiInternalKick 1 by Jibix for API(s) 3.0.0
AntiTNT 0.1 by Adam1609 for API(s) 3.0.0
AntiToolbox 1.0 by FaigerSYS for API(s) 3.0.0-ALPHA4, 3.0.0-ALPHA5, 3.0.0-ALPHA6, 3.0.0-ALPHA7, 3.0.0-ALPHA8, 3.0.0-ALPHA9, 3.0.0-ALPHA10, 3.0.0-ALPHA11, 3.0.0-ALPHA12, 3.0.0, 4.0.0
AuctionHouse 1.2.5 by Shock95x for API(s) 3.0.0
AutoClearLagg 3.1.0 by Twisted for API(s) 3.0.0
AutoFeed 1 by Ghast Noob for API(s) 3.0.0
AutoFix 1 by Ghast Noob for API(s) 3.0.0
AutoInv 0.0.10 by JackNoordhuis for API(s) 3.0.0
AutoSell 1 by Jero, Cur for API(s) 3.0.0
AutoXP 1.1.0 by JackMD for API(s) 3.0.0
Badge 1.0.0 by YTBJero for API(s) 3.0.0
BanItem 2.3.3 by LDX for API(s) 3.0.0
Bank 0.0.1 by YTBJero, GhastNoob, Kaido Joestar for API(s) 3.21.0
BetterVoting 2.0.2 by Twisted for API(s) 3.0.0
BlockCMD 1.0.0-beta by kenygamer for API(s) 3.0.0-ALPHA10, 3.0.0-ALPHA11, 3.0.0-ALPHA12, 3.0.0
BlockSniper 3.2.3 by BlockHorizons, Sandertv (@Sandertv), Chris-Prime (@PrimusLV) for API(s) 3.2.0
BossAnnouncement 2.0.4 by XenialDan for API(s) 3.13
Boss_Quai 2.1 by phuongaz for API(s) 3.0.0
Broadcaster 1.5 by EvolSoft for API(s) 3.0.0
BuilderTools 1.2.0-beta4 by CzechPMDevs, VixikHD for API(s) 3.16.0
BurgerSellWands 1.0.1 by Heisenburger69 for API(s) 3.0.0
BuyKey 1.0.0 by  for API(s) 3.0.0
Buy_cmd 1 by TungstenVn for API(s) 3.0.0
ChoDenUI 3.5 by BlackPMFury for API(s) 3.0.0, 3.2.0
CmdSnooper 1.0.0 by HotshotHD for API(s) 3.1.1
CoinAPI 2.0.9 by onebone | Edit By SenKai Official for API(s) 3.0.0
CrateVH 1.1 by PIG for API(s) 3.0.0
Crossbow 1 by SonsaYT for API(s) 3.0.5
CustomAlerts 2.1 by EvolSoft for API(s) 3.0.0
CustomPrivateTalkCMD 1.0.0 by YTBJero for API(s) 3.0.0
CustomWing 1.5 by YTEsDev for API(s) 3.0.0
DEVirion 1.2.7 by poggit, SOFe for API(s) 3.0.0
DLevelIsland 1.0.0 by Nguyễn Công Danh (NCD) for API(s) 3.0.0
DancingFarm 1 by RicardoMilos384, DontTouchMeXD for API(s) 3.17.0
DanhHieu 3.0.0 by padreon for API(s) 3.0.0
DevTools 1.14.2 by PocketMine Team for API(s) 3.13.0
EasyCommandAutofill 1.0.9 by jasonwynn10 for API(s) 3.0.0
EconomyAPI 5.7.3 by onebone for API(s) 3.0.0
Enchanted_Item 1.0.0 by Panda for API(s) 3.0.0, 4.0.0
Eternity 1 by minefore and shin1134 for API(s) 3.9.0
ExtendedBlocks 1.3.0 by Javier Leon9966 for API(s) 3.14.0
Fishing 0.4 by benda95280 for API(s) 3.0.0
Fix 0.0.1 by YTBJero for API(s) 3.22.0
FormAPI 1.3.0 by jojoe77777 for API(s) 3.2.0
FormImagesFix 0.0.1 by  for API(s) 3.11.4
GCPClan 1.2 by InstantlyTa for API(s) 3.0.0, 4.0.0
GMCDetect 1 by TungstenVn for API(s) 3.0.0
GemUI 1 by WoolChannel3295 for API(s) 3.0.0
GuessTheNumber 3.1.0 by SalmonDE for API(s) 3.0.0
InvCrashFix 0.0.1 by  for API(s) 3.14.0
InvSee 1.0.0 by BlockHorizons for API(s) 3.0.0
KeepInventory 1.0 by KhoaGamingPro for API(s) 3.0.0
KeepYourXp 1.1.1 by ArasakaID for API(s) 3.0.0
KingofBlock 1 by YTBJero for API(s) 3.0.0
KitUI 1.3.5 by Infernus101 for API(s) 3.4.0
LoadWorlds 1.1 by shin for API(s) 3.0.0
LockedItem 3.0.1 by ytbjero for API(s) 3.0.0
MSpawns 2.2 by EvolSoft for API(s) 3.0.0
MaxEnchants 1.2.1 by Xenophilicy for API(s) 3.0.0
MenuAuto 1.0.0 by JeroGamingYT for API(s) 3.0.0
Minion 1.0.4 by phuongaz for API(s) 3.0.0
MuaDanhHieu 3.5 by BlackPMFury for API(s) 3.0.0, 3.2.0
MuaPointUI 2.0.0 by JKPVN (JakayPluginVN) for API(s) 3.0.0
MultiServerChat 0.0.2 by tungsten for API(s) 3.0.0-ALPHA12, 3.0.0, 3.0.6, 4.0.0
MultiWorld 1.6.0-beta5 by CzechPMDevs, VixikCZ, fuyutsuki, kaliiks for API(s) 3.20.0
MyItem 0.1 by AnhKhoaaa for API(s) 3.0.0
NGVS_Khoe 1.0.0 by NguyenDongQuy for API(s) 3.0.0
NVSSP 0.2.1 by YTBJero for API(s) 3.15.4
NameSpaceRemover 1.0.0 by JackMD for API(s) 3.0.0
Napthe 0.0.1 by hachkingtohach1,tungstenvn for API(s) 3.0.0
Netherite 1.2.1 by Wertzui123 for API(s) 3.0.0
NoAdvertisings 0.0.3 by YTBJero for API(s) 3.0.0
NoFallDamage 1.0 by DeveloperNeb101 for API(s) 3.0.0
NoPvPArea 0.0.1 by author_name for API(s) 3.0.0
NoTP 1.0.7 by awzaw for API(s) 3.0.0
OffHand 2.1.2 by alvin0319 for API(s) 3.0.0
OnlineTOP 1.0.1 by HMMMM for API(s) 3.0.0
OreCore 1.01 by  for API(s) 3.0.0
PCEBookShop 1.0.3 by Aericio for API(s) 3.11.2
PHP-Sell 1.2.7 by Muqsit for API(s) 3.0.0-ALPHA9, 3.0.0-ALPHA10, 3.0.0-ALPHA11, 3.0.0-ALPHA12, 3.0.0
PM-Beacons 2.0.1 by jasonwynn10 for API(s) 3.0.0
PiggyCrates 2.0.9 by DaPigGuy for API(s) 3.2.0
PiggyCustomEnchants 2.4.3 by DaPigGuy for API(s) 3.19.0
PlayerVaults 3.3.1 by  for API(s) 3.0.0
PureChat 1.4.11 by 64FF00 for API(s) 3.0.0
PureEntitiesX 0.7.0 by milk0417, RevivalPMMP for API(s) 3.19.0
PurePerms 1.4.3 by 64FF00 & ProjectInfinity for API(s) 3.0.0
RankShopSystem 1.0.0 by zZPROGAMERZz423 | §eFor issues report by §2Visiting GitHub.com/zZPROGAMERZz423 for API(s) 3.0.0
Report 1.3 by ImNotYourDev for API(s) 3.7.0
SETVIP 2.3 by MCPEVN TEAM for API(s) 3.0.0
ScoreHud 4.0.0 by JackMD for API(s) 3.0.0
SeasonPass 2.0.0 by TungstenVn for API(s) 3.0.0
Shield 1.1.0 by JavierLeon9966 for API(s) 3.7.0
ShinPickaxeLevel 6.0.0 by shin for API(s) 3.0.0
ShopGem 1.0.0 by YTBJero for API(s) 3.0.0
ShopPoint 1 by S2TwKen for API(s) 3.0.0
Shulkerbox 1.1.2 by UltraFlappy for API(s) 3.0.0
SizePlayer 1.0.3 by  for API(s) 3.0.0
SkillAnimate 1.0.1 by Tungsten for API(s) 3.0.0
Slapper 1.6.2 by jojoe77777 for API(s) 3.0.0, 4.0.0
SlapperRotation 1.2.0 by jojoe77777 for API(s) 3.0.1
StaffMute 1.0.0 by YTBJero for API(s) 3.0.0
StaffTable 0.4 by GigantLeyKey for API(s) 3.0.0
TableSpoon 1.0.0 by CortexPE, Xenophilicy, HyperFlareMC for API(s) 3.0.0
ThueFlyV2 2.0.3 by LetTIHL for API(s) 3.0.0
TimeCommander 2.2 by Zeao for API(s) 3.0.0
TokoThirstBar 1.1 by Rand for API(s) 3.0.0, 4.0.0
TopLeaderboard 1.0.0 by YTBJero for API(s) 3.0.0
TopLeaderboardCoin 1.0.0 by YTBJero for API(s) 3.0.0
TopLeaderboardGem 1.0.0 by YTBJero for API(s) 3.0.0
TopLeaderboardIs 1.0.0 by YTBJero for API(s) 3.0.0
TopVoter 3.2.0 by SalmonDE for API(s) 3.0.0
TradeNPC 1.0.0 by alvin0319 && FunkaDev for API(s) 3.0.0
Trident 1.0.0 by brokiem for API(s) 3.15.0
UIShop 3.5.4 by SaltyPixelDevz for API(s) 3.0.0
VanillaEnchantments 4.0.0 by TheAz928 for API(s) 3.0.0, 3.1.0
Wolfies-FloatingText 1.3.5 by  for API(s) 3.0.0
WorldProtect 2.3.8 by aliuly for API(s) 3.0.0
essentialsTP 1.2.2 by  for API(s) 3.0.0
iProtector 3.1.1 by LDX for API(s) 3.0.0
reyyogaWtrhit 1.1.6 by reyyogaMnelux for API(s) 3.0.0, 4.0.0

----------------------REPORT THE DATA BELOW THIS LINE-----------------------

===BEGIN CRASH DUMP===
eNrNfQlz2zjS6F/BKlu7yXuWLFK3t/JVHB+xZ3xoLeWYGW2lQBKUEFOElodsZb/5768bACWA9liS
rey8TE1ZbIKNvtDdaIDgfyqhSKY0+zpnScpFXDlo7lUyPmWVA6fd6NTbTrfZrnXdZtdt7FXymbrl
1npuo9FudRtOo9NyXHevwpJEJJWD/1SyxQxaVE6+Hl1f9s8vTr6e3Nxc31T2KlOWpnSM945EHgUk
FhnxJ8y/Jb6YzmjGPR7xbEE8lt0xFpNfhu9/YokYjY7yNBPTfsLnNGNDGt0eXR6PRvDQlMYB3FY/
0oODMcv6UT7m8es3Bxs/rp4g8JvMhH/LsimP2YP75wGLMx5y6kVMd1jqz3x4JqHFs3vAkk/zlBE/
omm6LWU8laKic8oj7B5EGfII5ai6SfdfvSKPodpPE39fd7b/aAPd1X4hQkAdAQOVg1bj9z2N/iuP
5yKasykIAPoMeML8rFLcRW0+ghnu+yJgaA/NJrQZZfjfX+FRPuOA6Os0HZO3JM2SrwmbRdRnr38b
Vf6Tsjhgye+jyh6BK2gDP/+1R377a0ynbI/w6SwCrK9HFYJN/kqTcfoG7tt43/wDem+2Vr0qrNX/
wb+Xyghfa+CqfXvVHuhZPGj/SBcd/cjvLErZfxDSfbrTUeVqPMrrjlcf5Q4LAg72j9fU4SSGH3VW
X5AJx5t+Jya3eLMeNuMxyRIEho5PsnyBP70wro0qio5eQQdctOr6ImFZnsTwYM6wUcuRcNnEhZ/4
tyFBs9yLuE/CPPYzcADEMmptgshcC/VI9D+N/THVy2FxHqcZjUGrksJWSz8qu0dJ/14B+8oS0Hvl
4Ld/7VXGLGYJjdBeUNXQoi+H0yVYY/WyD495NGUrJ1Vp1NxWrY7wnEcBeKS6A/6Jp18DNq8chBQ0
AiaaiEz4AtA2Ow50wtGAw2bX69QbrUaD1X0WNFk3DHvMcbp+K2SNbrfn+zR0GzjMck3LZx4H4i4l
V0MQfzyOx/mCxW61m3Li1Gt1ImkgTrPRa5DXReMBS4BcAoS135DDy+N2EwfNZAb4urV6zXHg8jsY
B1w3i2u4/VWk2OP51dUQAPLiDoYZjqfpTKRgshH3EppwlqK0aDABDhO2/y0VcRXHsxqmTs2pue9C
3w077V6nF9Zps0lbYcvzXep67Xo9qHfabsjqrNNlHUAfUKAWfICY7vs0ijzq31bnNOIBzdCvgyxu
Y3EXv9N/kdilw9v3eEyTRZ7xCOkFZmpO412degwEChJ2u22n7Tqh23b9To+6tBG0e72gS4G0sGmj
erRzBwTUeNdudrqdJjzTbns+pR3W6nZbbtNl3ZbvNny3xUCHLeqWEKLPjQSF0ahpc9/1Oq1Oz+02
3Wa75YLWPKfTpY0OiKXTcJwG4PZ7PcfxbEyRGEsMbs15123UPZCo64e9NgvBnqBnZLjdbNRdMJ+6
23B8CkOzjKE6yyYJo0EhqMY71ux0mB+2me86zTAImk2nxagT0AZc9IJOwwtBWozaqCBmTzQ17XfQ
aavje13fAfH2uq1eu9Pxmr027XS7gddz3TBo+aHfsFHEXlbw033XC7suEBx0QtCJH/Roq91mzabX
bvjN0OnSTrvVoaxbEu7qZ3U6Ww7Ld1uMMQNZQm/BtpVcgCbnHTRjzVbX63phwBqsGYSBB7L2261e
6He8TsjcttfySxaUxkJ8Z1q8rXedutdinV6jQ+vtbqcbBA3XoQ0HuGVepx202m6vG7p+UEIyiySG
JlhL26sDO37Y9Zs0pE7HafT8HnU8UIzjNevdVsMJmNN2Kr8vg6Ycm4c+D87TiOIYX/o1A7hXsfxZ
DY2F5tlEJPD4b5UP18cD9H+fYoiBFTrjCGzASKjjNYsxFwiWvi5gM4YRXLrTVITZ8RJQOfFFLKaL
w/459KAdq4jZAvFMqQzil4t+JLLRSP3FPABGDLrh68Hw8/XNBUb0O+alPEMm0HsfBsEHNk1N1jTE
5MuxeHqKD4xUT7KxInY2yUU8pt9HozMGbgsSLez3kko/uZ7w6I4u0is+nmQm8QbUZKCOvtlWjE6p
XqiVFTvLfJACJxtzAenoeZyxJKbRz9y/NVkp3/pjhVR+gqz7fmecSGyjUZmA7bgaQuSzmRnKWGjq
pMTFYUCnTrveq+zIwHSnZboHw8Ob4cf+41QLEXnivky5hloakHmLQf0p5WOWDH4ZlMmvHl70zw7R
vRmXLfuybV927MuufdmzL5166dopXbvFNaaZLxHokkVlHFos1sU685hk2Sw92N+HLG6SezVIdfaX
WPdNPKiQXOayZwImXaZGTLCtErfWspUygLzqtte6f5lJ2a73PJ4fJTSdnKohp2WT6p5g/Cv6Jkgf
yMamdv3YyTNxFDGaXNDx2OLahNtB54EtDu94mgFrOxpImUKHrEEmjkREQATyZtO0reY1mYfpIsqn
l0f7Nj4tjFPGgpIcJOgJd/hhQtOMXAnh7cyV6F638IH4BL8vU87vd0D4Ns5c97od4WDiJcIR8iCg
lqzuJ0j4gfYkmOQ83RkD3wBrXGBVJsjjuTI+RdVGLA1YFJV4kqCnoiqE8z2YHSc7VUYKvW6njS/9
EuFf+iW/98ABoCouj3dl/QqbEvmX/mbEPzLcFZp9zQEw954GY9Ozq+tSlC2z9sPyNtn75pp5T+Pz
jE0t8hXEZMCtNWoNm4GL4y+7UgygQrplt89WCyCpXh71T/YL+hVztzZnt5vm03vKi0kntlf5mfJA
kJ8ESzNqjyPXeT7fS515QNgWKmMZpLOfRMZjM7RaYFt5MK3+AZG10ufj8UKV3U5if0LjLK08Em49
SdhcEgZ6tslcz20EGQlWcQ1OC9CDMVaFvqjN6i2LF2N4Lnk8od0i7Xzu0CzIBd5XhG/G9yDmM5aU
WdfQ8pS9NEBl0zOR8O8ixnnwgGIROJuT1++Kn28AfDRJeFrtJ3zK4A7+zdOLT29sI9/aNPTUvSSE
ghotCcXHaHShCmKbCEWk6WEcizz29RrASjLlW+Uh0LTF84XFnEbH1C5oOI1nq/leIgxw3lymZVsW
v/4zp7zEm4LZTJV8V1GK2FlQWdU2DvOEIhWKt434SKCFDy7Utl8Dao/e0pTnZC6iAZC1qxhjdAw8
WFQ8MaEu4szd3V2NAUWIvZbdSv6wzs4SnOiZdScLXJ7WKf9UMsSj78yf9C+P2Rwf+MTv+e2ZnfM4
7efz7SP22TQA7OCJFXEZEgdSsEndNuAadO9bqKRwEpwMQ474WS7lmfKx75RdeMmkzxhPWezJh9q9
7QzbnO8+ISG7CxSLReEWcTlf/MwWFq8S8HQmuCv7ln1tRexXfxrY1ErIE1OJYR6PYdDEa6rAW5Ct
MGK/m5N+NBHHLP54btC+BNkxsVWOiJC69y9P82TxgP6954S5FR8FAaOR+rUFN9NgABNDO8wbwDXz
iDORpRORlT0GjKPnOn3QRar6BmZMOtazAlNaHGwGHxpSjsWl1QURMw/+J/9LTgKekfcLMmAx5Nzk
Ogy5D1F1V+amO8J9DTwGhLhho6BwPXsJzdinM5M9DSlNY23m+ucfdhaQByKPPsuZ9695FNLJlJ9+
S7awtQSCtyfuLBY06IlhP4CUjf4yLHHReq4SNDqQve57CwbkZOMwghhmBhUL/GSKtOu0wuy52EOz
pON5icWjW1jKvD7Y4fLiYsNz5q2P7xnaTpmf7VmsAXwyP/xleJJC6rFbPX6WM9RN6T8++cQTSd6S
+iWonPl1Spm6GOMGEJiUXZ+yXfGgkI5Gc0nCaAQ5n/5lkLVm9ej4gs1Z9GCh2AKvMbarsdoV5Ldi
crTcNAQTrQl5fXV0/Ob5Sdxe5VQk0zXp3JXcEHME8xbsEni3SV+vVRr7YAanNDGLYib0CU95w32a
BOKSRyJtdDHRPxZxNhS5P7lkX0oxuvN8VVtYgccVddbFhvxOzjjLbWYVyM6mHmh6RoOEiXh3002F
bzQa8iyL2OHxzRaDkc3LU7ElqBSem+Vq2Gp7FxkyOi0VBF6gJU0A6GRFygZBwZhkrUjbX+IAbk9o
utD7JLEOHXJrVeCxu+VBW8rAvtFUxHeLOHbqO1zyWOIcjR6haXPlGj7A4NJ0DCvmWrVOuRKms76d
MbbMIpkiQSaSFjnrOVL1UhZ8LVXfSzfW+No+iJM+Mpdpvoi/JQ1baAg3WPDMnP0uQU/4S9zeFIqE
yR3P6YTHjtNoWvz0XsBHgX00moZbsHKf4XbZQJYoTX9SumGrpvFw7WrOWUIuwKH1eu227VSaL1nF
QrwFWrA7i6rN2TzlKG8z9Sog9gpJqVrlQWe013K79V2lLbrb0WjV/5okxV6QLi9Gb7hJynV3sdq2
1Zp0kb0YtGvIGlv6Jr4J1sF/LyvLG755iRF4UEQsf2zKyvmUjllaUoYFf1ot1ohwas3n8jLN/51i
3osvj3DZd7iNVj4c9Y8gOTSYKCClJN7WidpVnkWL4e4dMC9wZxTY8qkf4arC6dGhJmttqRaSCHhs
xmrzWLJ4eXTMMnxVwmByCXt5wW8b3nTFbzz1A9n9FopiU6vop66foP4zpEtHEMliFjXcXmtnLHzY
dJlaUp2zNB1O2FU+9awaX+nGmr1QAxpNRXx8srtSkkY4GtmEbM6ZuYNsxZYJ3WL8vyAiFuOfx3Mf
e5ajf/MFNyB4wJjNAQLWpF728uquqvj2KqmiZBtmfmZsBk+xOBOJmYzZ8Cd3gP48EfQDhdxp3N9d
ychCOhpZ5GxucfjYLyJPvsxKrGlgeTtReWcuWAe9pefHu9sJVWBULCkytuAH5CFCqXSTIQP6hHfb
9Q6in6/fb0N5ZvlidV1OY1rlkBnClCBPnbpjUd18AdUGTtABUrE5EzisPoskshYoDeCTZX3MVXe2
AWrZ5+bbn7BO4M/mcS0TM8WMf8uC0mzSAJZrOSV2Fpn3bZfWpPGh7ypIMH9vop7LwYzexaZuCohd
4nd/bIlfdwqaWfb+vML+Jb1fbpMyeDKg5aqx82DLiphNeMT9xa6YM1Ci6S1JsS42UhaLcyzsmJwV
oDWRFL2Yig0P1pierzTd9+bO4JLHdi1fA8rEN3/wnpuji8NjuVlD9b8FAzl9pJZrQne6OL4VTxNx
BETo5fEjWZffgq2+4LEdbgxgeWm5bFw/9z9dkdc/QZReqBeIP1292d07RogdeMnpNgxFGVcv5MLk
JLO4su+U0+eSo8v05OwPNjaa78vg3/aLp6VFh40tmZWhrcynAtqjq613SLXW7pA6+hVPHsgXeZbm
t7gt7pZGnN/aibhb39G+qSkSfIcEo64N4l+yZ8pAhIJalEK3Bjz9qlk8wcSa0p25zcXme7CR6qsP
nwZfgQRz+rSCbbBQyOJjcJ//zBe7S2O3SACvPg0G5lsJ6toWubtJMdFplcpXW00iInb/PuFbuPor
IBeSEZ/dsKmYW1WFB7fWBd8f8opFmYptWJtlE8ucFGBNhXdC/cktZBCZwF/OXuGq5jvL0Us9II9I
WPF3I94YNEzk9Yq9JWxN8veZJdn3nDtuY1ccrTACEwUZz37/YoVtf8UTMi0OA2As4ykIz0x8SzfK
Cm78d7aw2FRsYafilEbRMZ1S690fC/xkmeUYtyXgzror5pUnxPUXrTmbaJHBFUXbsNef9w8TRi3e
Ctiawah+fpWP7XSfKHKjaTB+bsbP0HL0eFn2jKU9OvTuO73bWViS2EajWGSzZw8xRRFwcx2GZ/YG
nQJS2vxWThlpNOdxveH0dsdXgXE0Ahom8qwo/WMTvVzHeMbT8NpUzgq2bnP4Jfzb3dbQSB6XtekI
uU7YkUjMsV9ASlRvfurENnLXnW1TG+4fnbwX4nYwEWb51ISW5V3ywYfg1H1eynzQxp7ewfUHr4n9
YTqkehmNDMqsi2eMHI1z38CyL0Vy1q+WXqldgtZs4buUqw6Pz72ef7TBs1dzgOIzOfg2td/+ZfU9
o76wCmwGsDyvdp63YWibNWlzv5AnycDXBQty1nMk7Qy3ZFssGdA129CPKTT+UJqLuDt+LbLoBEx6
RZl18Qz7LpDuG2j2VzKxaSnLxr5ry6hZ9gGPysjpvSBhKcnDouZR4MvlY6FTcpLH7H2iMCe3BGSC
7fJZo/ZjHHuxmqkO/pvLrvH4RYuQ9WMhh/hgV5eWINuxNdVpb4aK283T0/p2o1oi77Nk+ohnr5xS
eXZI2pevVX9hcy7ytH9SLeDG4Piq+gZ+NbGrX8/QuiRKH0u5RKOFcxJnPOMs/VKS0ApuJ7mdcv4+
5dFtvelgVLgBluY06l9e9nc2LBKFczadQvCbAWFME6YkUpC59YZSg9Z9m18tGKVFWygKVrabxmNm
Q/5GQM/fmJ+dxyGX+/92FB4s25AUGT93YB0KD0jhhsYyQxgsUrskV7qxprLy/df+zfWHw8uTm1+/
N90G+V+Cm+Fph52KhPA0zVlKEjYTSUa8hb7nfoJ5KL4ZTz7w7EwTWkK05f55Y/ys9nc9MVxXArfZ
3TyzuJFMmXJTgNLqcGlteHolMlw/L7/U0dn+iLk+v2cRvvOfDsUxT32RBIaPMXsajRRtxd9N2Buc
DD+dm/MVDSidl1HKFo/6J5+uyPDkcGcTFoVyNBqw7BOfbUQ5Hs55lpvzxiXIpL753yoTFr1vblsD
hklin6amizKAa1aDftQLrIgRNVHQYf7eiK0JZ9YSiQasPR/H3Au83bBZlgy22GusqCr+bshY3Of+
Lb1n8j0cm0X7lsls+6Hu1m642Gq+VOp8CwsEj/jBCgsF5E95Ce+rPxlvR7xcOC2Rr2BPvQLqDu9+
ZruUv+50G9rz6JYl9rmGBrA8Vkqlr49RltDTiM5mO8tIDJQ4JiQl78UWW48H/DtTmb3J0gr4dD1m
Z7rADi+wQ+Bi+Xsj+m95FB3GfEqtNQ0LvKaGN/yDRewX7i/GN/BNMuyrjXhDvdqK0ZDymrW70Wb9
XewLTxUFzy4gr0jbL5hZcXojMprZW2DKdx6cZ7Ih588/jKBEwRZDK6NheJnbdrmE/ZcPZ8M+tyR9
KL+uUKJ9qD+58MT7OR/4mMbZBZMnj+yK/hQ735wBSeZgJixbMoBrpH8EiTi775/IYsFqx9te5WwB
pgD+NmGXRz9kA9yKRvP3+heShpOcnUaLT67J7xJWzknLB+mxbHh+drG70OoOt1AVnxafELF8nQ1/
cr/lr4yKnZ4EaPX98vMAbVaQZ3ErhhOepNl7avFswZ/c/HujE+e13n2bio8s3yMRGylOzC4Yrvx4
giaBxYV14086GcIgYQtjtEjHk1n+kC9588/nDcl4Ln/2JOLhvT/rAFGbjOdyd57+IXPn6Z+luTId
WzH3SdhH2S1B5XMYf8ybW/qUAuyy8thbXAU5q18b8ZWAOK76RyZfBWiNkpYr/+RvfyOneXxL153H
slUar6nYQkUJD+wjIQvIGka8RNxyNi1v6Hu2uWl8oAjV/2jUv1yRspaPj+elFXoNKO3eLid+YAnZ
QlY+QQ3ff8hJeYqQzTXyicYw56J6oQ0PwjSdwmN311QhhxN2+L3ndh/doP6Cg3jnihQ8DSxhzzkB
XtO1/xhPIIjPIgo5S6ungBir+0N2b9rpo7effpdqV1sAoedjFjuNxmhk9r65juUG5n4iSm8XW+Dy
SdLdsiPhebSzoozCNhrJ7dozRcEm3854RK2XOU9CrHSanxYqvnOXJQw/fIRniO5b3IJQWJrich0M
M2vXmQUuz6XdH6Ffs8fRqNT/Wt1yzZIww54BLL+y7PzYE8JXPb98UmBwAYwmbLEQY/o5SybctGIb
Xi4wtm12dePLmEX5/c5LPxo70OFsOjjxA1A0AU7AREvnHFUv+7XZRB1lnsoXTmowVGa4DxY3z1Re
9ZdX5EjEIR8T/MzjKBnFrwYUv+0wJ06DOL2DVv3A7ZD/W+8Qt+462EDhq+Jy2lun5zRcA8hnb3G/
KPyHwKnIgrcWUfpDdXjzDlhl1Yin2VvZmOrzlKv6i4jUn3CmvgSZvoUJO3aC7+dV9ZgHPb112rIb
eq8fSt+6EheuDU5FwBTmUCSAdgkTYYhQkE6Ay1PF9Ww+090EHE+lzCHcvpW8qe8FgilVU5ahB03f
IjjCdYUqWtLbwe3iQnjewl3BU8YCoxl+qPTt8cnp4ceLIUKVjVT/nbNkobvVoARCdUET/q7NaJqC
swve/h/5DySVZ6Ka0jnTD845u6sGXH0E8W0XQfeeuK+i7eomEY3HOR2ztyweryRJsVoapUVvCjgV
3hJifaastpjiZ8peEbRO4kuryRNZtpPGQ0DOxNI2GBOB0JkyUgiO0ISRbMKIiMHysgmYmo+Kz4jH
CI/9KA9YAD/IA6NFXAMxhSdDRFDGmdKQ7RGB+9JTREm8hNFbshB5onERHhLQPweHjz2A6vHbohBJ
APEVu1ui2w9YKLfhkDsR/z0jWJ+kCUGhT4FZ/GTgAinMJjxVfN9NWEzy2RgyWkBQG8U4HBSyg1FM
yKvPE7lhnmSC4Bc6CaDAr5FK4rOExmlEMyBK3pakRgK6AVbhF8ukvPCsP58R3HYbSQlOEbOy7EK5
B0Q6HLyRTvIsEKhN9TXQAzKq6G9ESqrvScKq32ByS2Jx95e//GVUkYQeRpG4IzgmcYuCjoRkzin5
JxoqtpEWWwTJA/nJT/noibRe/Yw87gkHFwEFgowQm7cgWrLYXhv78rZB+6vPkGKBgYCYaRAAoanS
BkoZ5H9LpoymeSI9A3LjMSQaZMX+ndMIpTjmc2g7p1HOyGvdKbivN4hd9QjDTO4HqIIWxmOWHMBt
2bc6IwON7DBdxP6QprdgB8ktmFVNNviYgqbQ0gtOsdkkgfQ6B2VC83SPyNSEaLcBw2NPfnQYGMHg
ImUDbhxh0zwGg8ImCvlAaht4AqNLxL1cywAxAEvSkOMlcShbTdB5iKaLbdBE9wjP/g7iyxL5mDqC
RVpQ6WHyGnjAzwS7UiySjarm9ECiKpsulcaR5HGM6gzUewhSCfLY8bRGYGKif5MpftuOyOM69syx
qA0HJZIk+SxTUCUwFMwUaNN8SeXCGJWfGQ3U+KBzwQMg+3EK0EbQ5gQIGqyrZhgaNK6qRoXNQtyA
eJAs1BD9EAkPjAejM1FwGAZTnuFIn7Ix9RYZCJwMlKTrUrY8RdTy8SEq7Y5LwUuDgiF8V1WIChtL
JYMhl6ehEYaHYyCaEPLMoktl46CsHActGQvQE75eJY0COxpLMquStANSRy6gd+mQ1Zc+/7/nANOd
p+jHsPwy+tNMzCQJ2pkuSdLoUgLeA4MqC5YEYa9lqqQD+CxHhCYu/fsOyJNjQtKD3oL4OcQhPAqK
sHvm59LxCkWvGo0Yt5at2b0PeUW6Ykc5revhyQEZnp0PyMX55fmQHPb7F+cnA9I/uSGQOf58crNH
oBEZXkOrE/L57PrihPRvro9OBoNaefg/Kow+S7iQkRldcIrsqc+pa1ks3awDYofcIJBeRTap4m5l
5WAlKsg3gUtwzWBIyO0f2ZmyL0gTMRLG2Ex3JjErJOB0Vy68GNfQxzVGDwz48oHaw9ZoBjpPB6XN
mI95gZIrkqu0qp5d8gCWxWbpitVGXfOavnmcJM15Q3M+pokHg6LqiyhSCaz0PY9LV44yJEc/RfRT
4LWnNM5lFmJSAhlaDhb4Zq+IBmUTLIxQBdYwBFyK3+lq9NXItfL2ytwhjRB5FCxp4RA+7mKyoj9V
iGeSfGC0Xa9rXqG3U+knHoRHaToKw5K3MBHTIsyqp3WLqmmYpoaRG63JB7ZBHjEpyzoGReaIKkug
JzRDbchBPp2pNEvlckTfqOKNQl/H2Eg/IGmXZBYcwBUEeBjq9BEBQ7iGkAc9zFmxSfQO5q+gtXGR
dqK/wt5WVO0VilTZgc4ua4oabPqHcsK5kT/J49u0oP2IzhDKp/kUoiuumZFi7oCKJGompahYyRXH
ixalHDEPbQyy7pmmSHZYxXQ4h3DbXGrsWKhbZZvGrAh9nsKvGhdDSOHSDU3OZM5Q9WGayJa8HQMp
MkuBxBGlB9Sp1EJhmVGcnBD1jOJwxR08puWp+Cl6xsarPBcFiJ9+LPA+jeopOxzFMctQYQc6QEBS
NhGRSi49mvkTmYNLkiFfAhPSIUb6NjUF0ndVYPHYMs1Uke2VqaXiFrrVZJEh8j1SdQwFSuXJjqtZ
QQy47VZbe+1VBiuntJg8BopznNTIFB8fBqAmq0bOIAsEW3or0zpy1P+4B88CDR6MrzsegNnLNEF5
zyX+qsR/QNpFwr3KxVMpHaNtjRwG4KgmNAr38QsTcoIQMLBh3RV0SrCOggZmDMRV0DOQmZOQk3v0
aphc0qhGkIiP/bhfpNmrmaDc3w1E3eFKKDyYz+JZVV+X5jWXetSl/Dtb6hMT8kKNWL0rsiVI2JV5
GKG12XPVQ29qpK+fiSh+zQan0npKqm1B9hgmdIwsgE5AbOkskvkKzjNh3h/hYKcJ6uko4lhmkRPn
BKZRLM3I5fCjpDQFlpBtL88ITtSlKlfdqWlFrfA10yyv4lMHklq08oB5+figmKr8D3FwiqIztQkM
VXmf6HlqqmbWaMlxKlTg0tbgIDLlnBS2o4kQqZx9FzMUVsxBpQcLaEZJSueFp8SKSVFcwnvG5BUI
k8VKlbDowgROj9U0WJaW/k6+eOIerT4h58fk9ZeP58dvgGcweaAB2t+Bu58l6u0XMAycuSQwbamt
8j+wBCGbSGHHYOlf3l8U+PWsxoD8XXaGBSYZNCH7wOmtDMOSN1GUSXQIMYo+YSi7hXs8XFTvcx4Y
hkghTwHvxmhW+E3gX9UqixmAnDxqSsFuIOeUKVks/IjPiHwWzOaSLsBkcBKJh0Do+TiGNB0HpC+u
FvdUl8b8qyiUmaWSoax1KHvH815pppQh22rjzlNdc/FhJGfK1+lnquqZAzKDJGnOI+xG+XHto3Qv
GIhoPF7OEWJ8LCrHw72ilVVhe7Q8pbR8OBU5DuFQBRw9olGUWscYYNFFyUoE2CH+lhESHr6R8dJ4
WDIeMzXz9ZhC5qnztGWtToa4SWHw0sZlCc+KvIp97GjJPjgiQsukAi++DB2EQVB7jMr642TSBDCB
fRTjDogtHsa/S2oacjBjXaCazwJ8g9GwSfm5ZtmRLAmbY/NYdubJ46+lB0J5sgQ1TXBPDaRfmjui
6yhFBJfPWKwDvipxySsyTnAX/1I8q1rNUkK1hyLSvumOqld4wE/CLEbpZiZmeVQYo77AUCbbaI/Y
kP5QZvjVmfZiGEzQMUG007mzrO6q6tSBjuJYTJOzRgVWQVDrC0/WXpY5gpXc0N4htgWsBFoONxs8
m0C6GQpDIzDKqmqFZdlyIlAzkpQavrhW40JSDJ5sMcV5T4q7OFPgMF2RjpM5fZ+s7ksWpBej43EC
82dVJ9NFNVU8yBIqNWfxJ+mDEXx9fH2ARUzt81XoQ6dwx1RyTWHo3MkeU0n4igEJqxmFbYi0S8kr
01TKeSBUUKi6r40Jgnxc1aHKzBElXJiig7Q7RjsxilZ74B9nE7pH8EQsGZ+zZRoGrjdkCaTaVV+d
b3yg7xbhSgULahXB9OqVEV9zSDkhlEsvVjgLjVBqXt0v+nigacWrqeqMT1e+WgdgRIrtcSSga0bN
osPEDmV1Tz9UVHJrqw70HbOHQppPh3jttpV21agwCicaB6DPtDyLEslEA6XHwFmOTpy1x8BqM8xN
Apk58nCJCKYfwIhaaUAPVFQOlI8DfNpFFpGNRpymeloCmSSdzqLiCnMeoFHr6qBQmroHdovVqwPy
m0xWIH7uyXLWvxCpnHGswqS5AiLZwMQRd6GoqkGxZiXLAY9FLBnQZYROZYIsZ5t4ZBnQqsOtSb7q
V9KgfhJc4cKooKLXqscDcnpxODxw/9HZa/Xunb3GfWPP/YfzjwATIjnOX+Pauo/O9W23rlyxumq2
3qgsT60umJN1NcIxtoCMdSVNph6yFAZa8xe4ppL7WZ4UTrmYoSTLdQnpcQAPhCpfLgOlhcCqxZoG
2IJKZ1+dSlcju5LtLSS5zBQU5KsBqcrc0kj6xEzOb9k9OL5UT+78W5wepHIiAxLxOCTmC5XEyXbI
rzwjPlJhRI0ZxaXED8lIsvTVlb0Kw49EpFwf9qDOLal0cWc+rtl7PuREExOCy0txgLtjDZiYfg1E
Bs7QguLKpQXIk8i8DuS7IavrkEdyH90KMp7OzMsJhA/zmsMom5uAb6lcgl9eTz21WGbCMBUL5MbY
FWzm22zfsFBXF6wnpd9PbRBkKFMTMuhfWBQs0n9HeB5P8Yssb2XilsUQ3i2OF1Qulbr6lK/vfKa2
FPTkpq7vEffM1nB5P7VlKpAat15vOI6Lh1j0j68tTgPxVVJSBgKI2+qA4R6nqdVwwHFAf7m0WCxR
AJeJ3ElZAt7hsV8WcKaLhXpzpAMRCQme2Ma1irZfZTKVZxy/5YRHHsrNE3zs8ZjikeYSC4pJ+qDA
k43UFzP8ZDHDE2glwFW2xjBtsawteKA5bilbiqhhiTs1PssB87ZcuuRxruyrIPFXzMOu+7Lks3r6
99//H2SJddY=
===END CRASH DUMP===
