PocketMine-MP Crash Dump Tue Sep 14 22:05:26 +07 2021

Error: Undefined index: perm
File: plugins/AppellationUI/src/YTBJero/aui/Main
Line: 36
Type: ErrorException

THIS CRASH WAS CAUSED BY A PLUGIN
BAD PLUGIN: AppeallationUI v1.0.0

Code:
[27]         $a = new AUI_Task($this);
[28]         $this->getScheduler()->scheduleRepeatingTask($a, 60);
[29]     }
[30]     public function onCheckPerm()
[31]     {
[32]         foreach ($this->getConfig()->getNested('prefix') as $appellation => $array) {
[33]             foreach ($array as $name => $time) {
[34]                 if ((int) $time !== 0) {
[35]                     if ($time - time() < 0) {
[36]                         $perm = $array["perm"];
[37]                         $this->getConfig()->setNested("prefix.$appellation.$name", 0);
[38]                         $this->getConfig()->setAll($this->getConfig()->getAll());
[39]                         $this->getConfig()->save();
[40]                         $this->getServer()->dispatchCommand(new ConsoleCommandSender(), "unsetuperm $name $perm");
[41]                     }
[42]                 }
[43]             }
[44]         }
[45]     }
[46]     /**

Backtrace:
#0 plugins/AppellationUI/src/YTBJero/aui/Main(36): pocketmine\utils\Utils::errorExceptionHandler(integer 8, string[21] Undefined index: perm, string[87] C:\Users\tungnguyen\Desktop\Servers\VOL1\plugins\AppellationUI\src\YTBJero\aui\M, integer 36, array[4])
#1 plugins/AppellationUI/src/YTBJero/aui/AUI_Task(18): YTBJero\aui\Main->onCheckPerm()
#2 pmsrc/src/pocketmine/scheduler/TaskHandler(137): YTBJero\aui\AUI_Task->onRun(integer 581101)
#3 pmsrc/src/pocketmine/scheduler/TaskScheduler(179): pocketmine\scheduler\TaskHandler->run(integer 581101)
#4 pmsrc/src/pocketmine/plugin/PluginManager(654): pocketmine\scheduler\TaskScheduler->mainThreadHeartbeat(integer 581101)
#5 pmsrc/src/pocketmine/Server(2389): pocketmine\plugin\PluginManager->tickSchedulers(integer 581101)
#6 pmsrc/src/pocketmine/Server(2152): pocketmine\Server->tick()
#7 pmsrc/src/pocketmine/Server(1992): pocketmine\Server->tickProcessor()
#8 pmsrc/src/pocketmine/Server(1586): pocketmine\Server->start()
#9 pmsrc/src/pocketmine/PocketMine(311): pocketmine\Server->__construct(object BaseClassLoader, object pocketmine\utils\MainLogger, string[41] C:\Users\tungnguyen\Desktop\Servers\VOL1\, string[49] C:\Users\tungnguyen\Desktop\Servers\VOL1\plugins\)
#10 pmsrc/src/pocketmine/PocketMine(341): pocketmine\server()
#11 pmsrc(11): require(string[96] phar://C:/Users/tungnguyen/Desktop/Servers/VOL1/PocketMine-MP.phar/src/pocketmin)

PocketMine-MP version: 3.22.1 [Protocol 448]
Git commit: 9477034a4ae58cc5c12b8278c14a8e46a43992b2
uname -a: Windows NT tungnguyen2-4si 10.0 build 14393 (Windows Server 2016) AMD64
PHP Version: 7.4.18
Zend version: 3.4.0
OS : WINNT, win
Composer libraries: 
- adhocore/json-comment 1.1.2@fc2f76979f0a44a5f5bc2a2b600d0762fe0e78e7
- daverandom/callback-validator unknown@unknown
- pocketmine/binaryutils 0.1.13@0abee38d4e2861621f262c79a2a3d699d8a697f4
- pocketmine/callback-validator 1.0.3@64787469766bcaa7e5885242e85c23c25e8c55a2
- pocketmine/classloader 0.1.2@9757928424652393b178a3760073113aa7c9911b
- pocketmine/log 0.2.1@830b44a2cf96ef703c550abe64302f230231ca49
- pocketmine/log-pthreads 0.1.3@e477ecf6ec214fdd4415ea1da3fdd9d73bf699ea
- pocketmine/math 0.2.6@43057cb8c179a9859677b496a788db922fd5cfc3
- pocketmine/nbt 0.2.18@9f82ca4d7f97fcd9a566e44b63c4f18a7657ae82
- pocketmine/pocketmine-mp 3.22.1@9477034a4ae58cc5c12b8278c14a8e46a43992b2
- pocketmine/raklib 0.12.11@9cce458b8bfde3e4dfdbf70c659fc7b7fe26b5c4
- pocketmine/snooze 0.1.5@70b5e7937a06878dd321a3182ceb76d56298f2cd
- pocketmine/spl 0.4.2@6b08b7cf8c4afa17139c9a1b3bf1b408531de161

Loaded plugins:
AcidRainVictory 1 by YTBJero for API(s) 3.0.0
AntiTNT 0.1 by Adam1609 for API(s) 3.0.0
AntiToolBox 0.1 by NgLamVN for API(s) 3.19.0
AntiVoid 1.1.0 by FiberglassCivic for API(s) 3.0.0
AppeallationUI 1.0.0 by YTBJero for API(s) 3.22.0
AuctionHouse 1.2.5 by Shock95x for API(s) 3.0.0
AutoClearLagg 3.1.0 by Twisted for API(s) 3.0.0
AutoFeed 1 by Ghast Noob for API(s) 3.0.0
AutoFix 1 by Ghast Noob for API(s) 3.0.0
AutoInv 0.0.10 by JackNoordhuis for API(s) 3.0.0
AutoSell 1 by Jero, Cur for API(s) 3.0.0
AutoXP 1.1.0 by JackMD for API(s) 3.0.0
Bank 0.0.1 by YTBJero, GhastNoob, Kaido Joestar for API(s) 3.21.0
BetterVoting 2.0.2 by Twisted for API(s) 3.0.0
BlockCMD 1.0.0-beta by kenygamer for API(s) 3.0.0-ALPHA10, 3.0.0-ALPHA11, 3.0.0-ALPHA12, 3.0.0
BlockPets 1.1.3 by itzmade for API(s) 3.19.0
BlockSniper 3.2.3 by BlockHorizons, Sandertv (@Sandertv), Chris-Prime (@PrimusLV) for API(s) 3.2.0
BoilingCauldrons 1.0.1-stable by Spice for API(s) 3.0.0
BossPlugin 3.21 by HmmHmmmmm for API(s) 3.11.0
Broadcaster 1.5 by EvolSoft for API(s) 3.0.0
BuilderTools 1.2.0-beta4 by CzechPMDevs, VixikHD for API(s) 3.16.0
BuonLau 3.0.0 by AmGM for API(s) 3.1.2
BuyFix 1 by phuongaz for API(s) 3.0.0
BuyRank 0.0.1 by tungstenvn for API(s) 3.0.0
Buy_cmd 1 by TungstenVn for API(s) 3.0.0
CustomAlerts 2.1 by EvolSoft for API(s) 3.0.0
DEVirion 1.2.7 by poggit, SOFe for API(s) 3.0.0
DLevelIsland 1.0.0 by Nguyễn Công Danh (NCD) for API(s) 3.0.0
DancingFarm 1 by RicardoMilos384, DontTouchMeXD for API(s) 3.17.0
DevTools 1.14.2 by PocketMine Team for API(s) 3.13.0
EasyCommandAutofill 1.0.9 by jasonwynn10 for API(s) 3.0.0
EconomyAPI 5.7.2 by onebone for API(s) 3.0.0
EnchantUI 0.6 by UnknownOre for API(s) 3.0.0
EnchantVipUI 0.6 by UnknownOreforsource|RBpmmpformod for API(s) 3.0.0
Eternity 1 by minefore and shin1134 for API(s) 3.9.0
ExtendedBlocks 1.1.5 by Javier Leon9966 for API(s) 3.14.0
Fishing 0.4 by benda95280 for API(s) 3.0.0
FormAPI 1.3.0 by jojoe77777 for API(s) 3.0.0
FormImagesFix 0.0.1 by  for API(s) 3.11.4
GCPClan 1.2 by InstantlyTa for API(s) 3.0.0, 4.0.0
GMCDetect 1 by TungstenVn for API(s) 3.0.0
GemUI 1 by WoolChannel3295 for API(s) 3.0.0
Giftcode 1.0.0 by  for API(s) 3.0.0, 4.0.0
HotBlock 1.1.5 by survanetwork for API(s) 3.0.0
HuongDan 1.0.0 by YTBJero for API(s) 3.0.0
InfoBook 1.0 by  for API(s) 3.0.0
InvCrashFix 0.0.1 by  for API(s) 3.14.0
InvSee 1.0.0 by BlockHorizons for API(s) 3.0.0
KDR 1.0.0 by JackMD for API(s) 3.0.0
KeepInventory 1.0 by KhoaGamingPro for API(s) 3.0.0
Kickk 1 by ytbjero for API(s) 3.0.0
KingofBlock 1 by YTBJero for API(s) 3.0.0
KitEffect 0.0.1 by YTBJero for API(s) 3.22.0
LoadWorlds 1.1 by shin for API(s) 3.0.0
LockedItem 3.0.0 by ytbjero for API(s) 3.0.0
Lucky 0.0.1 by YTBJero for API(s) 3.0.0
MSpawns 2.2 by EvolSoft for API(s) 3.0.0
MaxEnchants 1.2.1 by Xenophilicy for API(s) 3.0.0
MenuGUI 0.0.1 by YTBJero for API(s) 3.22.0
MenuPet 1.0.0 by YTBJero for API(s) 3.0.0
MineLevel 1.0.0 by TungstenVn for API(s) 3.0.0
Minion 1.0.4 by phuongaz for API(s) 3.0.0
MuaCoinUI 3.5 by BlackPMFury for API(s) 3.0.0, 3.2.0
MuaKeyUI 1.0VH - RBplugin by Ibenrm01 for API(s) 3.0.0
MuaKitUI 1.3.6 by Infernus101 for API(s) 3.0.0
MuaPointUI 2.0.0 by JKPVN (JakayPluginVN) for API(s) 3.0.0
MuaTuNhanUI 1 by FurryJaki1992 for API(s) 3.0.0
MultiServerChat 0.0.2 by tungsten for API(s) 3.0.0-ALPHA12, 3.0.0, 3.0.6, 4.0.0
MultiWorld 1.6.0-beta3 by CzechPMDevs, VixikCZ, fuyutsuki, kaliiks for API(s) 3.20.0
MyCrate 1.0.0 Beta by VirakMC7788 for API(s) 3.0.0
MyItem 0.1 by AnhKhoaaa for API(s) 3.0.0
NameSpaceRemover 1.0.0 by JackMD for API(s) 3.0.0
Napthe 0.0.1 by hachkingtohach1,tungstenvn for API(s) 3.0.0
Netherite 1.2.1 by Wertzui123 for API(s) 3.0.0
NoFallDamage 1.0 by DeveloperNeb101 for API(s) 3.0.0
NoTP 1.0.7 by awzaw for API(s) 3.0.0
OreGenerator 0.1 by phuongaz for API(s) 3.0.0
PCEBookShop 1.0.3 by Aericio for API(s) 3.11.2
PHP-Sell 1.2.7 by Muqsit for API(s) 3.0.0-ALPHA9, 3.0.0-ALPHA10, 3.0.0-ALPHA11, 3.0.0-ALPHA12, 3.0.0
PM-Beacons 2.0.1 by jasonwynn10 for API(s) 3.0.0
PayPoint 1.0.0 by YTBJero for API(s) 3.0.0
PiggyCustomEnchants 2.4.1 by DaPigGuy for API(s) 3.19.0
PlayerVaults 3.3.0 by  for API(s) 3.0.0
PointAPI 2.0.9 by onebone | Edit By Nờ Cờ Dờ (NCD) (Danh Miner) for API(s) 3.0.0
PremiumAccount 1.0.0 by YTBJero for API(s) 3.0.0
PureChat 1.4.11 by 64FF00 for API(s) 3.0.0
PureEntitiesX 0.7.0 by milk0417, RevivalPMMP for API(s) 3.19.0
PurePerms 1.4.3 by 64FF00 & ProjectInfinity for API(s) 3.0.0
RandomBlock1 2.0.0 by Edit By Nờ Cờ Dờ for API(s) 3.0.0
RebirthUI 3.0.0 by YTBJero [Edit by NCD, Ghast, CurlliestDrake66] for API(s) 3.0.0
RedSkyBlock 3.1.1 by RedCraftPE for API(s) 3.0.0
RedstoneCircuit 2.0.0 by tedo0627 for API(s) 3.6.0
Report 1.3 by ImNotYourDev for API(s) 3.7.0
SEnchant 1.0.0 by NamVN for API(s) 3.0.0
ScoreHud 4.0.0 by JackMD for API(s) 3.0.0
SeasonPass 2.0.0 by TungstenVn for API(s) 3.0.0
ShopGUI- 6 by ItzFabb for API(s) 3.0.0
ShopGem 1.0.0 by YTBJero for API(s) 3.0.0
Shulkerbox 1.1.2 by UltraFlappy for API(s) 3.0.0
SimpleLay 2.1.8 by brokiem for API(s) 3.16.0
Slapper 1.6.2 by jojoe77777 for API(s) 3.0.0, 4.0.0
SlapperRotation 1.2.1 by jojoe77777 for API(s) 3.0.0
Specter 0.9 by Falkirks for API(s) 3.14, 3.15, 3.16, 3.17, 3.18
StaffTable 0.4 by GigantLeyKey for API(s) 3.0.0
Teleporter 1 by Dannly for API(s) 3.4.0
ThirstBar 1.1 by BaliGamerz for API(s) 3.0.0
TimeCommander 2.2 by Zeao for API(s) 3.0.0
TradeGui 1.2.3 by Only FurkanGM for API(s) 3.11.0
TradeNPC 1.0.0 by alvin0319 && FunkaDev for API(s) 3.0.0
TreeCapitator 1.0.8 by  for API(s) 3.0.0
VQ 1.0.0 by YTBJero for API(s) 3.0.0
VanillaBlocks 1.0.7 by xSuper for API(s) 3.0.0
VanillaEnchantments 4.0.0 by TheAz928 for API(s) 3.0.0, 3.1.0
Wolfies-FloatingText 1.3.5 by  for API(s) 3.0.0
WorldProtect 2.3.8 by aliuly for API(s) 3.0.0
essentialsTP 1.2.2 by  for API(s) 3.0.0
fly 1 by IDontKnow for API(s) 3.0.0
iProtector 3.1.1 by LDX for API(s) 3.0.0

----------------------REPORT THE DATA BELOW THIS LINE-----------------------

===BEGIN CRASH DUMP===
eNrtfYt32zay97+CVfZs7b2WLFJv701PHNlOvLEdre2kuVv25EAkJCHmq3zIVvb2f78zAEiCtKKH
rbTfd0572locEoPfDAYzgwfB/9QmQeTR5POcRTEP/NpR+6CWcI/VjoxuC/8dmN2G2W03DeOgloby
ljnomJ2G2Wu1jF7faPV7rYOaS+PkNIqCqHb0n1qyCOGxmrg+fbAZlAPeBzWPxTGd4q0PvsMm3GcO
4fDr4YiELPLgiUnqumfcxUeGR5b1IQZclpWk/tSfpgvmW9YJi++SILSsGxbNxd2P7y8MywrddMp9
uDwOQ+a6FKv8cG5ZcWRb1v/cvv4niwLLoim3rEvK/UY4C7E+WZcqfFgqewhFD1XJQyh4iOWgjAu4
a0etLmgqojb8/Ln2okk2Z7HX6u6DwIF9xxIPeFlWmnAXkH/AP0dHrKS2t9R3XBbtcT9hUxaR/gGJ
k4j7059N4xeyVI/5E/3eL+Q7qvGAZKBAGYRGEV383P5lH1T0wthQH8cfzj/f0vhuz+iDTh43U/3H
wB/OmH03Arn2BGuThB6ywf8KJR7G9ow5KWjqEPllWjNavUd8szqR93Xq55rt9A2jaYg6WpvUcZNd
7Rm9QaVF8yctS4NT/zFaXl97eX1Sh4cj8eeS+tB3or1up726shxX/UcPVHg7ixh13jIaJWNGk2XV
d5ZXL01jz2z1q+JJYJZVQlb/MeF2UXu8rKbu6pqMjlmpSd6RrGX791ayMAaDVSxGUWCDEwoiyau/
mlen3/0GrzgBdUoeg+U8RuLnJfzcaxnGN9h8/mwHPnTW1E72gvEXZifkNY3ZELxpfBFQh0UHRNGX
+AvsIBfBdIpPqR7fNrbu8UXZwdO9hez0zfWqaFdVEUtdSwaGZLAnFBaxX1MesT0Fb9D9hYQzGh0d
Hg6PDgXIwwLjoYKo2i4+RIBazfXLUQNLl7Ht13757aDGdhC3nhFHAIEs95n788CdM4/5CTBzQHg7
qWV3gYJsac4X7tiBwxC42YO7RP3zV0peEp/dk9y5/jWZ8Xj/H1DA7OsPIrn+45QlhSvbB9tWF9cM
aktA9ZIHPSDdpmQyUEx+g4tWU12E6djlNpmkvo34SNVxtwz14H/wwtRwQA7CqD0jewWgYeBP+BTR
wMUVixPm7P0QRqD7hx/2CY1ByELF5OWPcI3hZ18yb2nMyxWIp0R5n3pMFMScRpVrV8rhP3xC9tCT
7csnyV9eviRN9XxnyfNZGfl0neCfvX3y33mh7jcKiRZBc4LWkzh/tmp4bdV+Qa23eqsKLtFcnGsO
+AjVNXStNYQKrNoBka3a6m/P/9h1v9VoeGtfMh5sy5jOQWVYtN3cqKjy11DU4XFIE3s2DDwPYu4e
dgNgHAcuU6QbBh0Xnj0gVi31QYZU6Fzaw1+lvmXdxjfqRqtvm0tuihtV2xNE3bAEoaP1oHZmEYd/
/3vttz+zyj+zyj+zyj+zyj+zyv+fs8qD2pT5LKIuZmcYWsDFl4oBsDG0STHxUms1TLNhID3lrlM7
Mvrt9kGNx58dNq8dTagbM0gFoyAJ7ADYttt9qIRjojho93rNVpu2Kev0bbtjG+a4b/b6ttGmfdbu
0nYL7HdsAu9UYfkJHHtwH5OrW1JIa9bbMSdGs9EkAgMxoGCL7GUPSyUQs2l098nx5Um3jcnpLAR+
vUa7YfTh8iuEVyFMu9GUdz8HMVZ4fnV1CwRxcS/yXzvwwgAU/tnl44hGnMWoLOrMQMCIHX6JA78O
z6hs2GgYDfPVxDYnve6gN5g0abtNO5PO2DapOe42m06z1zUnrMl6fdYD9g5kERF4yMA7tCFpHlP7
rj6nLndogtk+qOLOD+79V+ovgi2Ma8x9Gi1Ej4BHm1C30XrVpGPGWn2nzcx+1+iaxsTsmnZvQE3a
crqDgdOnAG3SLrNaWrnRaDZar7rtXr/XhjLd7timtAfN1++YbZP1O7bZss0O69udDjUrDLEfu6If
K2zmq0Gv0xuY/bbZ7nZMaLSx0evTVg/U0gM/0QLe9mBgGOMyJzeYCg5gd6/6reYYNGrak0GXTcCe
oGYUuNtuNc2JCf9rGTZtDx5xqIeJiAWZolqvGNgjsyddZptGe+I47bbRYdRwaAsuBk6vNZ6Athgt
s/JoMlNouq+g0k7PHoMJg3oH/c6g2+uN24Mu7fX7znhgmhOnY0/sVpmFP04yefqvBpO+CYCd3gTa
xHYGtNPtsnZ73G3Z7YnRp71up0dZv6Lc4mfdC/Ne+WqLLqYxi+gd2LbUC3ABNrbN2p3+uD+eOKzF
2s7EGYOu7W5nMLF7496Emd1xx65YUOwHwVem1Nt51WuOO6w3aPVos9vv9R2nZRq0ZYC0bNzrOp2u
OehPTNupMAldwaEN1tIdN/vjnj3p2206oUbPaA3sATXG0DDGuN3sd1qGw4yuUfstH5uKvnlsc+ca
wsNHboMZLzTfVr1zUCscG/o0miazIIoxq1VpE/pIGnKktKAzNPGa+XTsMvAfELvA2TkwAPXRrn6G
e3EwSU50AmYhwJ3acxmzcEQNnQId7fub25/eX1+cAOmejWOeIERMrY/9hN+CH9KAK4oOuNmoQD52
qGd0m4NdYVaVVnHf3B5f334YLUcdBO7r4KGKXFFXor+aXlDv41UJvDF4OnrFD1LeAoFlycRiXSNA
wJql4wa49cMMlhLwY8CdinSCVLIksP9mWbgzPmbRFD3ikM+5vasWeg0eLZnd0jvIEdzFaxENpMAI
qvi1Tt5ZkoQx5Baa3MtYH+b8UBvlWR5NJ9XpH10zzapmlvUz8GWrVVI7CyLveITMTyGJDLyFvBil
ERvOaKJ+4rgprq3Q3+Mx10bdMxVTR2+DNGa63Dq5LLXZ6JSlvoHs4W7QeXieIZSFP/fnw4jGszMu
2CoRY1UTyijwzRAfmEYZ7QZCJ8HQhYHUBZ1OS1LrdF3s1uNucHvPcaZnV+afSHYoGqSbCMIFEChb
GdO2tq9gHscLN/Uuh4dlfkoZZ4w5FT0I0oqY8mZG44RcBcF4Zy5a1bqN8UIJ/lBFzh/+AOD8YTvc
YOEV3EgpRxWIKxWj+ydktQA9cmYpj3eF/wsw9TOm0gC5P5emJ0FtJNENc92KSIK0oi3QYR2QYRrt
siliqHS7tvg0quD+NFoXBLEhLk92BVtykxr/NNoM/JK+LtkcKglAuNfUv9NEE5ePTGx5DDuQHUX0
k4PaO8qdgPwzYDhfUo5vxtPFzkPWGIBt3mSvWZKw6GOACyW6dDpZlxIicMP8Ds67NuLT6WKYxkng
nfr2jPpJXFvi0ccC2FwAs6wKzPXSuhD0hmBrmqQZ6VE+Uoe6aFnUO+YvplDuUR+rH1+M3h4LD6Nf
G5VrM7t+cmKn0ILoBe7NxB6xJK7KLWjV3tkqy8yTrx7kxjvLv0XFb4OIfw1wkizHsWkOngt04/OQ
RVWRFLWccJhVoUog4NYNxWWVZE72XmU/cfJtOIt4XB9FuBa29wr/pvHFx/1yp93a1C8XIzdIaqtV
IuXYSikBd6EfDGnqOlHglxq7eqtq7EYdnBHgr2SjIbfZrvxyjMwsy84wgJyPUW3rpQXCT1L6OB6p
lWZN7pxYMYiKp37refAv/FM283X+uHbj4pJkpMYVpzAMSjiLP60aW8w8b4Y1gS8DdKiF+CmSZ4gP
NRlRDRHwsSHYlHuGRi03fWX8cToP3BsAvruBaF4xSFpCsWLWIBP3/v6+wQARcm8kd0I+nNllEY7b
Swauk6tjLOnJ22VJh1+ZPRtdnrA5FvjIH/jd23IOYnSfLreN3EPPAe7QzhJcguBAC2Wo27a7hvuw
xEooJ/AvaFrSi6SUrf/RYPvYe3NZlh2C/BNFH2+RML5OF+UxhyKsSHPDGYg0pV93ZqGixq0gX1cy
QUVZkwziQgWYvj/3dzbMzTmiVQkQ+Y8NRflse05ZFEFZof9bVenHnYkhOWK9m7eCTBSPXehVuhso
kctpq/F9HZ1es2VVcDzN1Z2cfuSRgJ/Ll5OqLq5X6STBFNfWIK95f7azAC6ZWtZcQLAscG7qlwZr
zVzwyQWbM/c8dqmv212JvGZi8GqaLqzUYHbHJ0MrbTYnbX9KTqg/I3tXw5P9rcQtz5Rls4crZ49x
qXEILghrBNHLyNcaLpSyIec5o5Gny69RV/S9a27TyAkuuRvErT4GtJPAT26D1J5dsk+V6NV7ekuX
uIKMBbrSxUbysnk1VuekysCjXR1YFivO5JbRSmrWeoZ4CgAu4c8rcXhVH9WicAHtMOcB0p7SeKE2
auHEwYSXZnGW3a0a+6Csgi80Dvz7he8bzd3NUOUsLWsJpM2dsNZ3NCH1DlXI1mn0qs0b+GwM/+1K
LsXOsphEADxBPh3NeoHkxENp1aKgleN7tyzMB7kM/z7amTwFRxAjA7FF48giH3m4TBxJ3lCiCVCC
NLLZ/16/Dj0vxJduAmf3chq5oALeFrLCiMLnib6im5NWuFNcWMa9tQSsn8Qz7htGq10S6xnTHBlz
y/ImW0jykOAGT0dMAehOs3KjOmfTqc6ozjmLyAUL/MGg2y17zvZz5laRb8YWmquEanMxzziqW59w
zChlk6yM2cZQGR10zP7OnKGq1rKK+tdkMFmOoEHP1xz1NmlV85YvwZeA9fCfnXnynCPglyDyHxu1
Ajx67tEpi8uDsDJ99bCmMl3SfnJ3SX+NMblE38JF3ZNtRmVvhqMhpGCaEBmlkimX2+TcjxNwN+7i
lj5qlINa+zmNwzPWCQWpbGoDGGid4bFCtXbcDwkHFAtZYy4mdt5cDk9Ygm9UaDLmtD9iwDb1bEfU
vkUzMa8UjeT1CvA/QWY1hIjgM7dlDjq7kgDq3QI0nyTZmyoZ7oy0eqyyY5O6pf5tgFaE1Q+h+s1l
eBskwkdrMuSkNbEkTqM59VlyH0R3Tx5brZoXRv6WNQuSMcKxLA3YRpNjaodXQzBqANLDFxkzIXoq
B2u66BnpCXtQntF+WbWbN9u5PwleB4HebDmpgn2l4T0R8GV0xf0vtNnsWxZX9eKEdXC3Gfhi34mO
v6BuEVqekbRkoYX7cxtrFoFl82UVAHzDWFkCJKyxnfIK064mK8sLRRLJNsK8O7nWJMGrNWJ8n7V5
qFj8byPIjIUgKPMrezbL9FW9ofZuFtA3FDLy6Wh3vbnEFKTR4Wzew99x+07v3vJ6RURcJOMvO/RJ
ip1l3WHF2+D2p8GkGlN06u+3h/bd+9fbAE9OJ5NyHlXQNtzQsdWmxE02beQINhcEO/1PQeQ6+jBR
I1bCeiWow2BnV+ov6tx8sw3Optnh3G8kQSiFse+Yc54wryRMTlyzfvW9OkWBQP+9Ueuk9p3ureT1
E8yruQPrcrHyzS3r8iak96X9AxmlvKRift8lFVUp4M5rf9pCyiV9yLcUaTJp1OpySqVdPjE/CGfc
5fZiV8JpLLFhciili40ai/npm9KgKqP8zr5szm0Pat7CzODpEUsqyJHy+6bleTfxQgCfQ1iPn/tM
rP7oEuS0NTJ8r1E5cgQpNBibyFFeZVSEqgTt77sQP7w4PhHbJWT1W9hRSocBL79rUNDKkaNTTdIh
IR1dnqXRYsn8zxP2dmneK6X/tgN8H/gk4LecbSfQO7aoyiNJlUb5+JbUyfXrMNvjpM9tjZkfeU1j
V+2T8QM5CjAbycKTR7Lw5MPjCdNudXJuwiI/jY0dylCwFDnXNosMAHsE7flIloxY3SVbHUi9G328
Inv/pHd0Ibdrfbza39m4CpmLhtlKntv0CuJMVaCcuiKDhx4TLUAWjq+W72wyXmcqpMmgbCOVm3D5
pq944UeXrHynGh7N5dt1vrHTt9jJK/92nzu5l9XX2lJWkXlXxZTEcv/qqn1wrbX74Ib/FkfZLdIk
Tu84/L6jLud35VkMs7mj3XEeAr5HwNjkGvjn7IzTGKGiFsOIJvocTkZ5FKXJ60ebvj/yiN5dDnu9
fn9Xlq5YgsASR/5jo2ZfVMZJirD6HVB/hhMWlO4sO1/IYdGmxnoFWCGPt9k184J5aXfqo1t/yJxU
FcU2ooXJjJUEEoQ1CfiM2jN8izIJ8JdxsPsNgpUaUEYElv3dSDYGD0a81HkK2ppx008sSr6m3DBb
u5Ko4AhCZDCe/I5Pwe2wkAmFDs6o655QT5yaVsitk1dOOJ5g7h2ELLpi4x2mLxW2oAIN0Rb2GtyO
SmLdjh51ucqGQnr/ld7v7J13ZGZZfpCET246CQiEeR+xN+KskiTQfUqJvNIz7nock/GzLB3DNpP0
o+EprrHczIJQP39Fo1ZbqxLTj8GSbR5U32VYvaX7W29gffP1QFmJZWnAShdPaFXF81Djcig08nZU
r7wSmZPWbIW9FKs/y7O4QeX1rO/++hYCxmOvNu+ro8v6a0bt8us8GrE66jB+3/2DYwEDX8TL4KyX
CMY/OGTS5clIf9DETxhu0SBLeokmyZK75SZqV5vohEKhN+liZy/YZQyhMz5Gs5T4hJ6aVXK4hJ3s
si5dsOgjhUS8pCCdXJ6baX2fRexs+TcUNc9FzXhIWwnH+mZH+yzv+8pJ1T44WLrPlfwvOXV4Ql4v
yBXuX3cc3L4u/p6ov2L/OtkTe9lxCi/a3/nm2BBBi62xGvz10kfM46l3bNtBWu655Ru/b/8Nt5jt
yE8A0bAXh4LoqKGDVnpot3121tzOf646ZqR2RsURG/FIvBr+ic15kMaj03pG194M/SzrhtZSYItf
T+i0ApQ6gjJn81v13cWyhgp6OYvqVRvX4+5ds21g+L0GkebUHV1ejnbm1SLJE/cfgxUDMKaASY1k
MLfeya9hPSzL+5t+WExZKZJWtZvWMrMhfyPQznha4bk/4WJL8o7Mv2QbApH2cwfWIfmAFq7FMXRi
Vd/QFFEir5n9XOP5dqUSDdLmruGajXmUzErToAVtzcqzcmnkZyHhGCQcnhwQcdyDOIzDdcGWkpOI
3rFu95edycm4b9PIp8k2R7xcM+fmblHds6FTq8f0VN8/Ys4wopNkdLo7QTKOlqUBsSwN0iZyQfrh
syGP7JQnZdlKd9ZYKWgzaHbN8gbt7nN8lqx+05PSrlkYRGX8glBZKKksk3hXQfI/QRqdsHkJeO8J
Z3A8MBfPt4hvgxMe20HkaLFIrwhbC6FlfzdpphuVH2ry5aR17/w9OgHuGTZ3JY9/27TX3OBxnm9T
fY49J+mw27/XRGVW+xYiMByzjWisxzGNuKZbfN+16gKH/nsjsWZB+ObDeV0XKiPpIlXXFZOvZ3Q8
fsZ7opUT1b652igrArHE1MjGrYUylCb4M8ofMjz+bM+m24BP3TsWjUtnPWrE6mbzyqrbBzeJ6Bke
qrGzNEljiS0hkIgjHzcWiXuhyy6ovp2roFXeMm/0K68sRcEdZ97ODpZQ/CwrFghgFAtCaWC2TfoU
v8Ochxi8Z8eaaALnB52U1xTNjV9yeub6aCwBPHnCuEB2mMlSCHodJOJYyscC53fWLHXs/u2uCoAt
7DWEwUa58RSlPIKrTFOcUfeOR5VVXqMtpjyNjvzTlX968k9/y/SCDwM/iQL3g34MpYQGRpxjXC9g
QieTW3FckSZjQVz5DuEbPoWE44It3rGduZgY6968gW6ZK5KmUhtpxBX7Lk6o77tl3M94M6Ko07KG
kFRsBH7Gozh5TUvYc9rKTcevqcvf4Olpuzu8JefY63XtLVqAe9kHVcqNUKKv3O36b0Z3FmkvTj5Z
VqnuJ7s5YFW/HI5OD8uioMwRddiblOviZqSqc6sMMd6DzZGzNLqjfvWcIONZ230EQxAdcWzRevj4
1WhYlQRJa1Ik6s6532wZA/K3v4FE/h2tjpqek9UqENtIwtgQqk4qq5dlelWm/veYJn8/Tb/iXisv
TdwUm0RDULncRLKP/9LEgYvfN3X9+K/N2+Aj9bnr0kdv3Jfpa9bHH27wO0xbDinKr/SvEEdyt6wS
pMrlFqKqQTd+mWKJwKW7awa4tzN2/HVg9pdunn2Ga5hLKJtFpWUHNStch8tkAkX8FLgTzuL6GTAW
n4hjD/q0xNLb1d2qne/RC7HmE+YbrZZl6bVvbs5i09soCiqvipfI5cDWqo5ZIKim7s6SI8nNssQW
v1Ai2GRCbEmzXqY8goZxHf07F9k3tRJwUYeeOF3wsCQtfiIxjnG5gLpxaedLiVyNgeb3aF+9Rsuq
1L+2bSeuPgbFqxWp4jme4vTOD3a2befM3eIdIq60XwprGnHNTDOkMTtNroqan59ZaVKID4zQCKQD
q6ucWZV9XEk4drHtuAHWD35cLFMd1V6M8isiPx5I8DOcVmT5L25Sn9ywkBgm/HvUNo9aA/JfzR4x
m6aBD7jUn6Z0yl4yf4rXXpA4L/EsNNrryj+ulbaaRpPIq0kKf81eG/7fGg/E/ykpnm8PWlZqOM0m
/m7Z+VPmYIL/70/IEt4CiBSsjoOIl8bAaJlIvJ+BEusuj5OXTbyGMUuQ+jZ2VVx0r1N7xpn8Tmj8
Eka2yAff8Kor7wBWIQt69EGViV+2BAUnp73AYfL+JIiAa04LYBAGVNC5g1Ok2XU4D1UtDp9MuJ26
yeKlADrNdmfVY5agq41fCu3iNrs62uxL8eZZQYsZc7RH8IOrL88ujm+RJG2z/mvKooWqT5EiGwRS
YPB3I6RxDO7Qefl38Q9oKE2COn43UhWcc3ZfdzieIGKzl30kPYyDhzr2kIyTVBnENw/8R5noBeOc
UvqMTmPh4Wd0XhDsA8QWVpdG8iukaHz4qVFSMmEwRgLRNGYkUxGhESPJjJHAB8tNZjQhNrZwQsaM
cN92U0d8eZE8MnrkdRN4UHKCDKo8YzphByTAfZgxsiTjiNE7sgjSSPHCL5NCS3OIAVgDNDJ+Yhbc
EjC+Yvc5u0OHTcTODnIf+D8kBCdSaERQyx4Ii5+0WiBC/AKnlPt+xnyShlPI4IFBw/LRtCWzI8sn
5MVPM7FBlCQB1OI7BFioT8SBDiLqxy6uxcnbAiokZRQYgz5dlgh94XmJNiMz8dlDpHjIWdpw1qGP
iPhSGt6IZ2niBNia8vO9R8SqqU+YCdQPJGL1LwGIAT7+L3/5i1UTQI9dN7gn2PkAW/bBSTLnlPwL
LROfESaaxc0jgr5UFD0V5qrKiEOxsBsRaMCJOKgZlzeVZvF5Zd35bQ37i58g6wIDATVTxwGgsWwN
1DJ+cZB4jMZpJFwASjNmCBp0xX5NqYtanPI5PDunbsrInqoU3N8+cpc1Qr8Skxd1aAX83N8R3BZ1
X6XeGJQERnYcL3wbv/5I8PASMKuGeOBDDC2Flp5Jio/NogC8FDQmPB4fEJGtEOUgoHscEPzeGwiC
MUvoBoIF0rzUB4MSX6QVzG9Ea4NMYHRR8AC9M2GgBhBJGLKfg0PdKkDnEzRdfAZN9IDw5AdQXxKJ
YvKMHWFBlcJkD2RIoRuZQi1CjLqS9EiwqpouFcYRpb6PzenI7cSiEcQZxXGDwHBY/SYen86gb+NC
x4HeF5XhoEaiKA0TSZUKQ8V4gE3JJRoX+qj4DJ4j+wedB9wB2MsRoI2gzQWgaLCuhmZo8HBdPpRb
GoQIcP3RQvbRN24wBuvBRIBIOvQDjyfY1T02peNFAhonN1LVTaFcHiNvUfwWW+2eC80Li4I+fF+X
jDIji4WEEy4OjSMMj3tANhPIPbMqpZFDa6XYa8k0gIbC9wmEVWBFUwGzLqAdkSZKAbULjyw/Rff/
vASYWa3CjxH4efjjJAgFBOVNc0iKXUzAfWAYZU4OCGutohIe4CfRJRS4+IcdwBOdQuBBd0HsFAIR
nvVF2AOzU+F5A4lXdkcMXPnT7MGGNCIuxJFe6/3t6RG5fXt+Qy7OL89vyfFodHF+ekNGp9cEEtR3
p9cHBB4it+/hqVPy09v3F6dkdP1+eHpz06j2/6XKGLGIByI0ow+OUTwbPyOc6SL3swaoHZIDR7gV
8UgdX06SHlawwpl87oNvBkNCab9lZ9K+ICHEUOjjY6oywVkyAa9b+HAZjEQdYtYRI74o0Hj8NJqB
GhFAo4XMxsRA6hXhylaVZXMZwLJYGBeitppK1nh/OSQleUtJPqXRGDpF3Q5cV6aqwvcs167oZQhH
lSKqFLhtj/qpSEN0JJCipWCB+wdZOKiaYGaEMrKKA0OkvF7R+xrkvXT30twhjwhS18mxcIgf9z4p
8MeScSjgg6DdZlPJCrWdCT/xKD4K05EcctkmUeBlcVaWVk/UdcPUWxilUS35yDbIEpMqWcdNljra
clFJJCjKkJ3UC2WeJZM5om7U8UbWXif4kCogsAuYmQRwBREeujpdomCI1xDzoIY5GFkcpwzdQjKD
VptmeSf6K6ytQHWQNaRMD1R62ZBo8NFv6gmHQfYs9e/iDPuQhkjlXupBeMUZfpKNFrAhiRw0SRSF
XrG/KFWKHvPYxiDtDhUiUWEd8+EU4m07b7GTQN6q2jSmRejzJH/5cNaFJC/1oC6ZSBrqNgwIWS7b
CUARaQpkjqg9QCdzC8klpDg6IbKMlLCQDoopfUp5sprx4SLRRQXiV9syvqtZrbJDy1cH4x2pAAFZ
2SxwZXY5pok9E0m4gBzjl+GJCjHCt8kxkLorA8uY5XmmjGwv9FbKbqFbjRYJMj8gdUNrQNF4ouJ6
koEBt93pKq9dpLBiBIvZoyMlx1GNyPGxMBAVrAZ5C2kg2NJLkdeR4ejDAZQFDGPoX/fcAbMXaYL0
njn/uuB/RLpZxl0k47HQjvZsgxw74Khm1J0c4kZ5MUJwcG+DqgoqJThdgwamdcQi6GnM9FHI6QN6
NcwuqdsgCOLDyB9leXYxFMRhBIK6h6CJBdPQD+vqujKwuVS9LuZfWd6emJFnzYgzelm2BBm7NA8t
tLYHpiy03yAjVcal0VQUoGpMqmxB1DiJ6BRFgDYBtcWhK/IVHGjCwN/Fzk4jbKehy3FCRYyc8Svh
LE7I5e0HgTQGkVDscZoQHKmLpiyqk+OKRuZrvCStY6kjgRat3GHjdHqUjVV+JAaOUVSmNoOuKu4T
NVCN5dAaLdmPAxm4lDUYyEw6J8ltOAuCWAy/syEKywahwoM5NKEkpvPMU+IcSTaNhPe00SsAE7OC
MmFRMxM4PpbjYDGL9AP5NA4e0Oojcn5C9j59OD/ZB5nB5AEDPH8P7j6M5I58MAwcukQwbmkU+R9Y
QiAeEcr2wdI/vb7I+KthjUb5QVSGc0kiaEL2geNbEYaFbEE2T6JCSGmaR1QL9/hkUX9IuaMZIoU8
Bbwbo0nmN0F++ZX1bAQgRo8KKdgN5JwiJfMD2+UhEWXBbC7pAkwGR5H41rMakGNIU3FA+OJ6dk9W
GRceMJsX0+dKbsVkh7R3PM+XJrIxxLPKuNNYTbrY+D1Z6etUmbosc0RCSJLm3MVqpB9XPkrVgoGI
+tN8jOBjMbcaDw+yp0pzakvnp2QrH3v4KosYZIuYK3s0qlK1MQZYdFFiKgLsEH+LCAmFr0W81AoL
wX0mh75jJpmN5bHjYrJOhLhZZvDCxsUcXinySvGxolx8cESEVqGCLLYIHYRBUFuGsrkcJo2AE9hH
1u8AbFYY/+ZoWqIz48RAPQ3BgFms2aT40qqoSEz+6n3zRFQmzmSNhQdCfbIIW5rIr9wTJR1REylZ
BBdlSqIDvzoxyQsyjXDTaK6eYrIm11DjsYqUb7qnXAzTwE/CKEa2TRiEqZsZo7rAUCaeUR6xJfyh
yPDrofJiGEzQMUG0U7mzmM+V01NHKorjbJoYNUqyDIKqvfAE8nyewyn0hvZex3OGK6S8u5XJ4SzE
U1q1FoFeVpdLGfmTswBbRkBp4Ms0DR4IxODJFh6Oe2LcbxaDhHEBHQdz6j4p7gsRhBej02kE42c5
UaZm1eTkQRJR0XIl+QQ+6MHvT94f4Sym8vky9KFTuGcyuabQde5FjbEAXgggaA1tZhsiba55aZqy
cR4pFRpU3lfGBEHer6tQpeeIgh7oqoO020c70WatDsA/hjN6QPBkFRGfkzwNA9c7YRGk2nVbnmB9
pO5m4UoGC1qaBVOrYlp8TSHlhFAuvFjmLBRD0fLyflbHo5aWsupNnXCv8NUqACNTfB57ArpmbFl0
mFihmN5ThbKp3EZRgbqj15Bpc3WIV25btq7sFdrEieIB7BOlz2yKZKaIwmPgKEclzspj4HQzjE0c
kTnySc4Ihh8giFxqQA+UzRxIHwf8lIvMIht1OY3VsAQySYr7Y9UV5jyAUbXVUdZo8h7YLc5eHZGf
RbIC8fNATGf9gkzFiKMIk/oSiBADE8eIO2rWIFueEtMByyKWCOgiQsciQRajTTz6BrCqcKvDl/UK
DPInwQUtjAoyehU1HhFc1joy/9E76AwejIPWQ+vA/IfxDwcTItHP93C9Xbz1+bLflK5YXrU7+zLL
k8sL+mBd9nCMLaBjNZMmUg8xFQatZi9wUSW1kzTKnHI2QonyhQnhcYAPhCpbrAPFmcLq2aIG2IJM
Z1+cCVcjqhLPl5ikIlOQlM8apS5ySy3pC0IxvmUP4PhiNbiz73B4EIuBDGhkzCExX8gkTjyH8oqP
AKhP3ss+I6UU/CEZiXJfXTuoMdwPFHP1qr/Y+XJU6+H7qLg/Y2xDTjTTKbi+5Du4EVOjBd5nJ0h8
PFZRo+JCZYmQRq5+7YjTkYrrCXfF7tSCMvVC/XIG4UO/5tDL5jrhSyyW9vNrbyxXy3QapmKA39Fp
oV0W+5pN1OxCqaTw+3GZBBmKp1NuRhclBIv4Vxe/Opb9IvmtJLhjPoT3ksQLKtZKTbXX+ysP5Z7W
jjjr66vLx/rTcPnglXUaIBqz2WwZhol7rUcn70uSOsFngaRKBBIvNwd0dz+OSw/K/fqfLksiVhDA
JQ6Ty2IB8R7PuSkRQzVZqD6Wa0BEQsCzsnEV0fazSKbShOOHvfBIFbHli0/H3Kd4SLfgghtoBMvs
YyjCITljUUIq1Y4WYRIIQks8P3UeNRkvtbLQTUsnwRgtFe53mkpbyuD8G3Ou9yMxvVMU+O23/wMM
Rfki
===END CRASH DUMP===
