PocketMine-MP Crash Dump Tue Nov 16 18:30:29 WIB 2021

Error: Class YTBJero\CustomPrivateTalkCMD\command\Commands contains 1 abstract method and must therefore be declared abstract or implement the remaining methods (pocketmine\command\PluginIdentifiableCommand::getPlugin)
File: plugins/## CustomPrivateTalkCMD/src/YTBJero/CustomPrivateTalkCMD/command/Commands
Line: 19
Type: E_ERROR

THIS CRASH WAS CAUSED BY A PLUGIN
BAD PLUGIN: CustomPrivateTalkCMD v1.0.0

Code:
[10] use pocketmine\command\PluginIdentifiableCommand;
[11] use pocketmine\command\utils\InvalidCommandSyntaxException;
[12] use pocketmine\lang\TranslationContainer;
[13] use pocketmine\Player;
[14] use pocketmine\plugin\Plugin;
[15] use YTBJero\CustomPrivateTalkCMD\Main as CustomPrivateTalkCMD;
[16] use function array_shift;
[17] use function count;
[18] use function implode;
[19] class Commands extends Command implements PluginIdentifiableCommand{
[20] 	public $config;
[21] 
[22] 	public function __construct(string $name, string $description = "", string $usageMessage = null, array $aliases = [])
[23] 	{
[24] 		parent::__construct($name, $description, $usageMessage, $aliases);
[25] 		$this->config = CustomPrivateTalkCMD::getInstance()->getConfig();
[26] 	}
[27] 
[28] 	public function execute(CommandSender $sender, string $CommandLabel, array $args)
[29] 	{

Backtrace:

PocketMine-MP version: 3.25.0 [Protocol 471]
Git commit: f48b703533e0ced4e8ff9e118c5fe3889ccaf23e
uname -a: Windows NT tungnguyen2-8si 10.0 build 14393 (Windows Server 2016) AMD64
PHP Version: 8.0.11
Zend version: 4.0.11
OS : WINNT, win
Composer libraries: 
- adhocore/json-comment 1.1.2@fc2f76979f0a44a5f5bc2a2b600d0762fe0e78e7
- daverandom/callback-validator unknown@unknown
- pocketmine/binaryutils 0.1.13@0abee38d4e2861621f262c79a2a3d699d8a697f4
- pocketmine/callback-validator 1.0.3@64787469766bcaa7e5885242e85c23c25e8c55a2
- pocketmine/classloader 0.1.2@9757928424652393b178a3760073113aa7c9911b
- pocketmine/log 0.2.1@830b44a2cf96ef703c550abe64302f230231ca49
- pocketmine/log-pthreads 0.1.3@e477ecf6ec214fdd4415ea1da3fdd9d73bf699ea
- pocketmine/math 0.2.6@43057cb8c179a9859677b496a788db922fd5cfc3
- pocketmine/nbt 0.2.18@9f82ca4d7f97fcd9a566e44b63c4f18a7657ae82
- pocketmine/pocketmine-mp 3.25.0@f48b703533e0ced4e8ff9e118c5fe3889ccaf23e
- pocketmine/raklib 0.12.11@9cce458b8bfde3e4dfdbf70c659fc7b7fe26b5c4
- pocketmine/snooze 0.1.5@70b5e7937a06878dd321a3182ceb76d56298f2cd
- pocketmine/spl 0.4.2@6b08b7cf8c4afa17139c9a1b3bf1b408531de161

Loaded plugins:
AcidIsland 3.2.9 by GODSMineVn for API(s) 3.0.0
AddGems 1 by  for API(s) 3.0.0
AlwaysNight 0.0.1 by YTBJero for API(s) 3.0.0
AntiInternalKick 1 by Jibix for API(s) 3.0.0
AntiTNT 0.1 by Adam1609 for API(s) 3.0.0
AntiToolbox 1.0 by FaigerSYS for API(s) 3.0.0-ALPHA4, 3.0.0-ALPHA5, 3.0.0-ALPHA6, 3.0.0-ALPHA7, 3.0.0-ALPHA8, 3.0.0-ALPHA9, 3.0.0-ALPHA10, 3.0.0-ALPHA11, 3.0.0-ALPHA12, 3.0.0, 4.0.0
AuctionHouse 1.2.5 by Shock95x for API(s) 3.0.0
AutoClearLagg 3.1.0 by Twisted for API(s) 3.0.0
AutoFeed 1 by Ghast Noob for API(s) 3.0.0
AutoFix 1 by Ghast Noob for API(s) 3.0.0
AutoInv 0.0.10 by JackNoordhuis for API(s) 3.0.0
AutoSell 1 by Jero, Cur for API(s) 3.0.0
AutoXP 1.1.0 by JackMD for API(s) 3.0.0
Badge 1.0.0 by YTBJero for API(s) 3.0.0
BanItem 2.3.3 by LDX for API(s) 3.0.0
Bank 0.0.1 by YTBJero, GhastNoob, Kaido Joestar for API(s) 3.21.0
BetterVoting 2.0.2 by Twisted for API(s) 3.0.0
BlockCMD 1.0.0-beta by kenygamer for API(s) 3.0.0-ALPHA10, 3.0.0-ALPHA11, 3.0.0-ALPHA12, 3.0.0
BlockSniper 3.2.3 by BlockHorizons, Sandertv (@Sandertv), Chris-Prime (@PrimusLV) for API(s) 3.2.0
BossAnnouncement 2.0.4 by XenialDan for API(s) 3.13
Boss_Quai 2.1 by phuongaz for API(s) 3.0.0
Broadcaster 1.5 by EvolSoft for API(s) 3.0.0
BuilderTools 1.2.0-beta4 by CzechPMDevs, VixikHD for API(s) 3.16.0
BurgerSellWands 1.0.1 by Heisenburger69 for API(s) 3.0.0
BuyKey 1.0.0 by  for API(s) 3.0.0
Buy_cmd 1 by TungstenVn for API(s) 3.0.0
ChoDenUI 3.5 by BlackPMFury for API(s) 3.0.0, 3.2.0
CmdSnooper 1.0.0 by HotshotHD for API(s) 3.1.1
CoinAPI 2.0.9 by onebone | Edit By SenKai Official for API(s) 3.0.0
CrateVH 1.1 by PIG for API(s) 3.0.0
Crossbow 1 by SonsaYT for API(s) 3.0.5
CustomAlerts 2.1 by EvolSoft for API(s) 3.0.0
CustomPrivateTalkCMD 1.0.0 by YTBJero for API(s) 3.0.0
CustomWing 1.5 by YTEsDev for API(s) 3.0.0
DEVirion 1.2.7 by poggit, SOFe for API(s) 3.0.0
DLevelIsland 1.0.0 by Nguyễn Công Danh (NCD) for API(s) 3.0.0
DancingFarm 1 by RicardoMilos384, DontTouchMeXD for API(s) 3.17.0
DanhHieu 3.0.0 by padreon for API(s) 3.0.0
DevTools 1.14.2 by PocketMine Team for API(s) 3.13.0
EasyCommandAutofill 1.0.9 by jasonwynn10 for API(s) 3.0.0
EconomyAPI 5.7.3 by onebone for API(s) 3.0.0
Enchanted_Item 1.0.0 by Panda for API(s) 3.0.0, 4.0.0
Eternity 1 by minefore and shin1134 for API(s) 3.9.0
ExtendedBlocks 1.3.0 by Javier Leon9966 for API(s) 3.14.0
Fishing 0.4 by benda95280 for API(s) 3.0.0
Fix 0.0.1 by YTBJero for API(s) 3.22.0
FormAPI 1.3.0 by jojoe77777 for API(s) 3.2.0
FormImagesFix 0.0.1 by  for API(s) 3.11.4
GCPClan 1.2 by InstantlyTa for API(s) 3.0.0, 4.0.0
GMCDetect 1 by TungstenVn for API(s) 3.0.0
GemUI 1 by WoolChannel3295 for API(s) 3.0.0
GuessTheNumber 3.1.0 by SalmonDE for API(s) 3.0.0
InvCrashFix 0.0.1 by  for API(s) 3.14.0
InvSee 1.0.0 by BlockHorizons for API(s) 3.0.0
KeepInventory 1.0 by KhoaGamingPro for API(s) 3.0.0
KeepYourXp 1.1.1 by ArasakaID for API(s) 3.0.0
KingofBlock 1 by YTBJero for API(s) 3.0.0
KitUI 1.3.5 by Infernus101 for API(s) 3.4.0
LoadWorlds 1.1 by shin for API(s) 3.0.0
LockedItem 3.0.1 by ytbjero for API(s) 3.0.0
MSpawns 2.2 by EvolSoft for API(s) 3.0.0
MaxEnchants 1.2.1 by Xenophilicy for API(s) 3.0.0
MenuAuto 1.0.0 by JeroGamingYT for API(s) 3.0.0
Minion 1.0.4 by phuongaz for API(s) 3.0.0
MuaDanhHieu 3.5 by BlackPMFury for API(s) 3.0.0, 3.2.0
MuaPointUI 2.0.0 by JKPVN (JakayPluginVN) for API(s) 3.0.0
MultiServerChat 0.0.2 by tungsten for API(s) 3.0.0-ALPHA12, 3.0.0, 3.0.6, 4.0.0
MultiWorld 1.6.0-beta5 by CzechPMDevs, VixikCZ, fuyutsuki, kaliiks for API(s) 3.20.0
MyItem 0.1 by AnhKhoaaa for API(s) 3.0.0
NGVS_Khoe 1.0.0 by NguyenDongQuy for API(s) 3.0.0
NVSSP 0.2.1 by YTBJero for API(s) 3.15.4
NameSpaceRemover 1.0.0 by JackMD for API(s) 3.0.0
Napthe 0.0.1 by hachkingtohach1,tungstenvn for API(s) 3.0.0
Netherite 1.2.1 by Wertzui123 for API(s) 3.0.0
NoAdvertisings 0.0.3 by YTBJero for API(s) 3.0.0
NoFallDamage 1.0 by DeveloperNeb101 for API(s) 3.0.0
NoPvPArea 0.0.1 by author_name for API(s) 3.0.0
NoTP 1.0.7 by awzaw for API(s) 3.0.0
OffHand 2.1.2 by alvin0319 for API(s) 3.0.0
OnlineTOP 1.0.1 by HMMMM for API(s) 3.0.0
OreCore 1.01 by  for API(s) 3.0.0
PCEBookShop 1.0.3 by Aericio for API(s) 3.11.2
PHP-Sell 1.2.7 by Muqsit for API(s) 3.0.0-ALPHA9, 3.0.0-ALPHA10, 3.0.0-ALPHA11, 3.0.0-ALPHA12, 3.0.0
PM-Beacons 2.0.1 by jasonwynn10 for API(s) 3.0.0
PiggyCrates 2.0.9 by DaPigGuy for API(s) 3.2.0
PiggyCustomEnchants 2.4.3 by DaPigGuy for API(s) 3.19.0
PlayerVaults 3.3.1 by  for API(s) 3.0.0
PureChat 1.4.11 by 64FF00 for API(s) 3.0.0
PureEntitiesX 0.7.0 by milk0417, RevivalPMMP for API(s) 3.19.0
PurePerms 1.4.3 by 64FF00 & ProjectInfinity for API(s) 3.0.0
RankShopSystem 1.0.0 by zZPROGAMERZz423 | §eFor issues report by §2Visiting GitHub.com/zZPROGAMERZz423 for API(s) 3.0.0
Report 1.3 by ImNotYourDev for API(s) 3.7.0
SETVIP 2.3 by MCPEVN TEAM for API(s) 3.0.0
ScoreHud 4.0.0 by JackMD for API(s) 3.0.0
SeasonPass 2.0.0 by TungstenVn for API(s) 3.0.0
Shield 1.1.0 by JavierLeon9966 for API(s) 3.7.0
ShinPickaxeLevel 6.0.0 by shin for API(s) 3.0.0
ShopGem 1.0.0 by YTBJero for API(s) 3.0.0
ShopPoint 1 by S2TwKen for API(s) 3.0.0
Shulkerbox 1.1.2 by UltraFlappy for API(s) 3.0.0
SizePlayer 1.0.3 by  for API(s) 3.0.0
SkillAnimate 1.0.1 by Tungsten for API(s) 3.0.0
Slapper 1.6.2 by jojoe77777 for API(s) 3.0.0, 4.0.0
SlapperRotation 1.2.0 by jojoe77777 for API(s) 3.0.1
StaffMute 1.0.0 by YTBJero for API(s) 3.0.0
StaffTable 0.4 by GigantLeyKey for API(s) 3.0.0
TableSpoon 1.0.0 by CortexPE, Xenophilicy, HyperFlareMC for API(s) 3.0.0
ThueFlyV2 2.0.3 by LetTIHL for API(s) 3.0.0
TimeCommander 2.2 by Zeao for API(s) 3.0.0
TokoThirstBar 1.1 by Rand for API(s) 3.0.0, 4.0.0
TopLeaderboard 1.0.0 by YTBJero for API(s) 3.0.0
TopLeaderboardCoin 1.0.0 by YTBJero for API(s) 3.0.0
TopLeaderboardGem 1.0.0 by YTBJero for API(s) 3.0.0
TopLeaderboardIs 1.0.0 by YTBJero for API(s) 3.0.0
TopVoter 3.2.0 by SalmonDE for API(s) 3.0.0
TradeNPC 1.0.0 by alvin0319 && FunkaDev for API(s) 3.0.0
Trident 1.0.0 by brokiem for API(s) 3.15.0
UIShop 3.5.4 by SaltyPixelDevz for API(s) 3.0.0
VanillaEnchantments 4.0.0 by TheAz928 for API(s) 3.0.0, 3.1.0
Wolfies-FloatingText 1.3.5 by  for API(s) 3.0.0
WorldProtect 2.3.8 by aliuly for API(s) 3.0.0
essentialsTP 1.2.2 by  for API(s) 3.0.0
iProtector 3.1.1 by LDX for API(s) 3.0.0
reyyogaWtrhit 1.1.6 by reyyogaMnelux for API(s) 3.0.0, 4.0.0

----------------------REPORT THE DATA BELOW THIS LINE-----------------------

===BEGIN CRASH DUMP===
eNrNfQlz2zjS6F/BKlO7yXuWLFK3t7IVx0fsiQ+tpRwzqy0XRIISY4rU8pCt7Df//XU3QAmgFUuy
lW9epqYsNshGX+huNEDwvyUviic8vZ2JOPGjsHRQ3yul/kSUDqxmrVVt2rbdqdTteqPW2StlU9lk
V9qddsduVq1Os9lutKBJxHEUlw7+W0rnU7ijdHJ7cnNzfVPaK01EkvARwo4CniTst/77X0UcDQZH
WZJGk27sz3gq+jy4O7o8HgycaDLhoQvN8kfCnChMuR8mzGJ8mKQxd1I2Eek4chm0swmgYelYxAJY
EWwomCucgMfCXd4excyfTAMxESHdy2IxAZR+OFKYEvZ6Gjl3Ip34odCI6AbZyA/PXXjO93w+DIQi
6+BgJFLZ+gaY9PwAOZwSINl/9Yqt4m4/iZ19xf/+yhtUx/s584A6AIpAG50/9hT6Wz+cRcGMmIE+
XT8WTlrKW1HOKzBDuxO5AjVkVeGeLBFsO47/Digs66lHs9QPksHgPJzxwHfVY705aO/h5MERYDxR
SFjsFVgCHo4Gg37MwyTgeOeRVLuI6ZHaike6AZ+r5vqKZimPnCO6raFuW2ODl9Av48lKHRKepsLj
ZaGDtDIex3x+m4x9L6UbWsUbnCgLZVO72ISWCaqhxg40OjRMFuYvHlKBfxVgacgJ+6Gu/gu4bFTz
IJ1mw8B32C8wijx/hJ3YqET8a+s3LMi5vYVbYdxkTvoa/uAY+SXkE7HH8itXJE7skzrZWzYoDUrL
tgzH+qUc8tAYZkGwJ6XDfgGr4IlIAPyvf+OgsWtEABFbp59ADQzcMD040KlQ3ev97pk97S2QvyEO
GwrbL+nYT8r/kLxDv6sUSiP5HPrioSNevyn/Ay6P6IHXElmTkP2BP1tKcu2VkhMPwslS8Tq3fFCb
iNkvCf1dikg1X/Ch0GQTjxKSSUfJBIY7+i4Ysf/6915pJGAg8ACHLwoD7umSpV+CpZcvu/DgELhf
evFSrWI3KlWEZ37ggsuuWrW9kp/cumJWOvB4kAjwGHGURk4EaOstCzrx0Z949fawVa01ajVRdYRb
F23P6wjLajsNT9Ta7Y7jcM+uCcCdKVq++KEb3Sfsqs/SLByFo2wuQrvcTnxmVStVRjQwq17r1Njr
/OaeiIFcBoQ137DDy+NmHX3YeAr42pVqBVzNXuk7iA6u6/k1NN9GCfZ4fnXVBwBd3IPXQ/c2mUaJ
iG8Dfxjz2BcJSou7Y+AwFvvfkigso6uSXtOqWBX7nefYXqvZaXW8Kq/XecNrDB2b28NmtepWW03b
E1XRaosWoHc5UAtqiyb7Dg+CIXfuyuTneIqBD2RxF0b34Tv1F4ld+KL9oR/yeE7+EW4FZipW7V0V
DAAEChK2202raVue3bSdVofbvOY2Ox23zYE0r26iWtm5BQKqvWvWW+1WHZ5pNocO5y3RaLcbdt0W
7YZj1xy7IUCHDW4XEKK7CSIONqpos991WhDU7TbE/WbDBq0NrVab11ogllbNsmqA2+l0LGtoYgqi
EWGwK9a7dq06BInajtdpCg/sCXpGhpv1WtUG86naNcvh9c4jDOVpOo4Fd3NB1d6JeqslHK8pHNuq
e65br1sNwS2X1+Ci47ZqQw+kJbiJCpKasaKm+Q46bbScYduxQLyddqPTbLWG9U6Tt9ptd9ixbc9t
OJ5TM1GEwzTnp/2u47VtINhteaATx+3wRrMp6vVhs+bUPavNW81Gi4t2QbjLn+XJdDEs320xxjRk
Mb8D25ZyAZqsd3CbqDfaw/bQc0VN1F3PHYKsnWaj4zmtYcsTdnPYcAoWlIRR9F0o8TbetarDhmh1
ai1ebbZbbdet2RavWcCtGLaabqNpd9qe7bgFJNOAMNTBWprDKrDjeG2nzj1utaxax+lwawiKsYb1
artRs1xhNa3SH4schsbmoeO75xDtcYwv/JoG3CsZ/qyCxsIzSNdiePxfpQ/Xxz30f5/DEnhIPvUR
WIORUMVrEWI8dBe+zhVTDKPSnSaRlx4vAKUTCBDRZH7YPYcelGONQjFHPJgnQv+X824QpZAa0F9M
y2DEoBu+7vW/XN9cYIJ1L4aJnyIT6L0PXfeDmCQ6awqi82UZPL2MjyW103EWhSP+fTA4E+C3IAnC
jjGt2Yjy4J7Pkyt/NE516jWozkEVnbOpGZVePakWCO2bcrPI1ngoc7ONmICc6DxMRRzy4KPv3Omc
FJt+rJDSr/7QfyjtSi+EbTAoErAdV32IfCYzfYqFukoKXBy6fGI1q51daUR1WqS71z+86X/qrqY6
ioJh9FCkXEENDVDeolF/yv2RiHu/9Yrklw8vumeH6N60y4Z52TQvW+Zl27zsmJdWtXBtFa7t/Br+
1l8i0AWL0jiUWIyLdeYxTtNpcrC/D1ncOBtWINXZX2Dd1/GgQjLKWM8imIjoGtHBpkrsSsNUSg/y
qrtO4+FlJmW6Xpg5HsU8GZ/KIadkk6ieYPxL+sZIH8jGpHb92MnS6CgQPL7go5HBtQ43g84jW+zf
+0kKrO1oIKUSHbIGmTgSEQARyJtJ07aaV2QeJvMgm1we7Zv4lDBOhXALciDQE+7ww5gnKbuKouHO
XInqdQsfiE/4D0XK/Yc/gXD05tvQDRZeoBshj8Jpweh+hXwfSI/dceYnu6L/GyANc6TSAP1wJk1P
ErURRz0RBAWWCPRUTIVgvgdz8XhncRV7TaDX7ZTxtVsg/Gu34PUeDX/UxOXxrlQgsUmRf+1uRvyK
wS7R7CsOgLn33B3pfl1eF2JskbWflbRR55sr5j0Pz1MxMaiXEJ1+u1Kr1Ez6L46/7op2QIV0U7fP
1gogKV8edU/2c/olc3cmZ3eb5tJ70oWRB9srfeS+G7FfI5Gk3BxGtvWCcbRQ2hAo20JnIoVk9nOU
+qEeWA2wqT2YVP+EuFrq+qPRXBb5TkJnzMM0Ka0ItkMibEaEgaJNMtdzG0A+giV1jdMc9GiMlaEv
brJ6J8L5CJ6LV6ezWySdz1VzTi7wviR8M757oT8VcZF1BS1O2AsjlG49i2L/exTiLLjHsTCaztjr
d/lPLIEejWM/KXdjfyKgBf9mycXnN6aVb20aauJeEEJOjZKE5GMwuJDlsE2EEiXJYRhGWeioBZml
ZIpNxSFQN8XzVYQ+D465Wc6was/1Yg+Ez8VJc5GUbTm8/WfG/QJrEmbyVPBdeRliV355WdY4zGKO
REjWNmIjhjsc8KCm9WpQc+wWpjsnsyjoAVm7YkXrGHgwqHhiMp2Hmfv7+4oAihB7Jb0j/rDGLmKc
5Ok1JwNcnNJJ71Qww6Pvwhl3L4/FDB/47D/4d2dmxmM1n8+3g9inExewgx+WxKVIHEjBJHXbeKvR
vW+gIuHEOBGGDPELrarq8jFbig68YNFnwk9EOKSHmp3t8ld9rvuEhMwuUCwGhVtE5Wz+UcwNXgnw
dB64q5RcdrYVtbfOxDXJJcgTM4l+Fo5g1IRrSsBb2KfEiP1uTvrRODoW4adzjfYFyAyJjWJAhMy9
e3maxfNH9O+tiHLbyD+nYDCQv7ZgZ+L2YGJohnkNuGYecRalyThKiz4DRtJzXcbETWTXwItOxnpO
YEaLo01jQ0GKobiwtBCFYgj/s/9hJ66fsvdz1hMh5Nzs2vN8B6LqrsxNdYSbKPwQEOK2l5zC9ezF
PBWfz3T2FKQwizWZ655/2NnEuxdlwReaeP+eBR4fT/zTb/EWphZD9B5G9wYLCvTEsO9BxsZ/6xe4
aLyAC8IHwledb8EBTTYOA4hielgxwE/mSLtOLPSe8/0tCzqel1qs3E9U5PXRdqM/pdjw4/08myvz
izmL1YBPZoi/9U8SSD52NrSW/W7OwPHJZz8m+hbkL0DF5K9VyNWjEe7/gFnZ9anYWcJOSAeDGZEw
GEDap35pZK1ZPDq+EDMRPFonNsBrrO1qlM0HmSWcRsiOBlm16tXDEYOZ1pi9vjo6fvP8PG6vdBrF
kzUZ3RXthzmCqQt2CbybpK/XKg8dMINTHutlMR36hK+88R0eu9GlH0RJrY25/nEUpv0oc8aX4msh
SLeer2oDK/C4pM642JDf8ZkvMpNZCTLzqUeannI3FlG4s0Go8A0GfT9NA3F4fLPFYBSz4mxsASoE
6HqxHLbc3cX6gk8KFYEXaEkRADpZkrJBVNDmWUvS9hc4gNsTnszVzjYsRHu+sSywqrU4aAs52Dee
ROH9PAyt6s7UqeEcDFbQtLlyNR+gcak7hiVzjUqrWApTed/OGFvkkUKSQKmkQc56jmTBVLi3hfp7
oWGNr+2COPmK2Uz9RfwtaNhCQ7i/wk/1CfAC9IS/xN1NtJEc99omYz+0rFrd4KfzAj5y7IPBxNuC
FdoCLFyqUer+pNBgqqb2ePFq5ouYXYBD63SaTdOp1F+yjIV4c7RgdwZVm7N56qO89dwrh5hrJIWC
1RA6452G3a7uKm1R3Q4Gy/7XJCnmenRxLXrDLVK2vYulm63WpPPsRaNdQdbY0rfoWyRa+O9ldXnN
Ny8wAg+SiMWPTVk5n/CRSArKMOBPq8UYEVal/lxeJtl/Esx78eUan/r2ttHKh6PuESSHGhM5pJDE
mzqRm9jTYN7fvQP2c9wpB7Yc7gS4rnB6dKjIWluthSQCHpuKyiwkFi+PjkWKL65oTC5gLy/5bcOb
qvmNJo5L3W+hKDExyn7y+gnqv0C6dASRLBRBze40dsbCh00XqonqTCRJfyyussnQKPIVGtZsherx
YBKFxye7KyYphIOBScjmnOkbyJZs6dAtxv8LImI+/v1w5mDPNPo3X3IDgntCmBwgYE3qZa6v7mqh
ylwmlZRsw8xHIabwlAjTKNaTMRP+5AbQj+OIf+CQO426u6sZGUgHA4OczS0OH/styuKv0wJrCljc
T1TcmAvWwe/4+fHutkLlGCVLkowt+AF5RB4pXWdIgz7h3Tap6m3Dy8fr99tQnhq+WF4X05hGMWR6
MCXIEqtqGVS/YOxrKEEFSMTmPOCo+hLFgbFEqQGfrOtjqroz0S873XwDFNYJnOksrKTRVHLj3Am3
MJvUgMVaToGfeTr8tktrUvjQd+Uk6L830c9lb8rvQ105OcSs8ds/t8avOgXNLHp/XmX/kj8s9klp
PGnQYtXYerRnJZqO/cB35rtiTkOJprcgxbjYSFkizLCwo3OWg9ZEUvRiMjY8WmV6vv3lnW/uDi79
0CzmK0CR+voztt1stRRxcXhMGzZk/1swkPEVxVwd+meujx8BEWqB/IgK81uw1Y380Iw3GrC4uly0
ro/dz1fs9a8QpufyFe7PV292tqcYkQMrGd+GnyD15fu4MDlJDabMlmL6XHB0qZqc/WBno/66DP5t
vnhamndY25JZCm1FPiXQHFxNtUmqsXaT1NHveA5ENs/SJLvDjXF3PPD9OzMRt6s72jo1QYLvkWDU
tUb8S7ZNaYhQUPNC6FaAp980C8eYWHO+O7c533wbNpJ99eFz7xZo0OdPS9gGK4UiPAb3+c9sZxHt
4xYZ4NXnXk9/LUFemyK3NykmWo3nl68OA/HwPva3cPRXQC3kIo64EZNoZhQVHjWti70/5RWLIhXb
sDZNx4YxScCaAu+YO+M7SCDSCH9Ze7mnmu0uRy90gUwiZfnfjZgTeHIOXS/5W8DWJH9fRJx+z3zL
ru1KW0uMwEROxrPfwFhi21/yhExHhy4wlvoJCE9PfAsNRQ3X/nf2sJhUbGGo0SkPgmM+4cbLPwb4
yTLLMW5LwL11V2JYnBBXX7TmrKNFBpcUbcNed9Y9jAU3eMtha0aj/HlLj+22bIzsKCK0n5sx1Dc8
PV4WfWNhkw6//87vd8YAYRsMwiidPnuMSYqAm2vPOzN36OSQwva3Ys7Ig5kfVmtWZ3d85RgHA6Bh
TGdTqR+b6OU6xCO3+te6cpawdRvEL+Hf7naHBnSS1aZD5DoWR1GsD/4cUqB681MntqBW9bVNbbh7
dPI+iu5640gvn+rQorgLPvgQnLrjFzIfNLGnd3D94D2xH+ZDspfBQKPMuHjGwFE49zUs+ySSs265
8E7tArRmC98lrTqsnns9/2SDZ6/mAMVnNPY2Nd/uZfm94Hjul878ElicVlvP2zC01TvS2n6hIZGB
7wvm5KzniOwMN2UbLGnQNRvRjznc/KEwFbF3/F5k3gmY9JIy4+IZ9p0j3dfQ7C9lYtJSlI3Zasqo
XvQBK2VkvWSXTlEgBjkrgS8XkIFOCoqON/zMYVJuSEgHm+WzWuXnHCeUL2dOqesZdZ0fv7ggZP1g
yCBAmOWlBcj0bHV52pum42b99LS65T5Awt4V8WSFby+dcjo8JOnSq9VfxcyPsqR7Us7h2vC4lZ0D
w4ra5a9nqJ2IUseELtAo6ZyEqZ/6IvlaENESbqa5rWIGP/GDu2rdwrhwAyzNeNC9vOw+PTC2cIex
xDmdTCD8TYEwoQiTEsnJ3HpLqUbrvsmvEozUoikUCSsaTm2V3bC/MtDzN+Gk56Hn0w7AHQUIwzaI
Iu3nDqxD4gEp3PCQcoTePDGLcoWGNcWV7793b64/HF6e3Pz+vW7X2P8w3A7PW+IUj8hNkkwkLBbT
KE7ZcK7a7M8wE8WX49kHPz1ThBYQPWNkqvGz3OH1xHBdCtxkd/Pc4oaY0uUmAYX14cLq8OQqSnEF
vfheR+sZEfhBBPjWf9KPjv3EiWJXczF6R4OBJC3/uwl3vZP+53N9vqIAhSMzCuniUffk8xXrnxzu
bMIiUQ4GPZF+9qcbUY6Hc55l+rxxAdKprz+rULjV2WyqUph3v7lt9QSmiV2e6C5KA65ZDvppO9oQ
JeoiJ0T/vRFfY18YqyQKsPaMHH078JPj5rFnyIsGW2w3llTlfzdkLOz6zh1/EPQqjsmi2aQz23ys
vJ1uuih2voUJgkv8YMSFHPKnvIh364xH2xFPS6cF8iXsqfdA7f79R7FL+atOt6E9C+5EbJ5sqAGL
Y6VQ/PoUpDE/Dfh0urOUREOJY4IoeR9tsfu4538XMrfXWVoCny7J7IgL6u8C+wMmFr83Iv/OD4LD
0J9wY1XDAK8p4vV/sIz9Yn8MvGhkmFcb8YZqNfWiIMVVa3uj7fo7OLkykQQ8u4C8pGw/52XJ6E2U
0rcAHjO8aHl0psmGjFvP9xImBVsMrJR73mVmmuUCtgNHvdWyepaKLUnvYzdF2iXwyRd0PvgjHqYX
gk4f2ZF/SLDvzeknKnvTyDAlDbhG+EeQh4uH7gmVCpY73vZKZ3OwhFP82sjl0U/ZALekUf+9/oWk
/jgTp8H8s63zu4AVM9LiUXoi7Z+fXeyKIQjTW2jKn+RfsTAcnQl/crvl74JHOz0K0Oj75QcCmqwg
z9Fd1B/7cZK+5wbPBvzJzb83KmnepWuPqXqPRGykuGh6IXDhZxjx2DW4MBr+pJMhNBK2MEaDdDya
5Yd8UeP/sg9fxRzS8VwGzRnE47Y/X3VbvedkMnCe/JC38+TPYq1Ix1bMfY7Mw+wWoOI5jD/nxS11
SAF2WVr1EldOzvLXRnzFII6r7pHOVw5ao6TFuj/761/ZaRbe8XXnsWxzMJgiYgsNxb5rngiZQ9bw
MYyjO19Mitv5nk26wodf16L+B4Pu5ZKUtXx8Oi+szytAYet2MesDQ0jnVPYELXz/KUflSUI218hn
HsJ8i6tVNvqGlsbWqtY1Jcj+WBx+79jtlbvTredrbCZJwdPAYvGc498VXfureAJBfIkCzxdJ+RQQ
Y2W/Lx50O13Z/PSbVLvaAAg9H4vQqtUGA733zXVM25e7cVR4t9gAF0+Sbhf9iJ8FO5upSGyDAW3W
nkoKNvlwxgq1XmZ+7GGRU/+uUP7NwTQW+NUjPER03+AWhCKSBJfqYJgZW84McHEibf8M/eo9DgaF
/tfq1lcsRXrU04DFF5atn3tC+LLnl88JNC6A0VjM59GIf0njsa9bsQkv1habJrvq5stQBNnDzg8E
UNiBDmvTwYlff+IxcAImWjjlqHzZrUzH8ijzhF43qcBQmeIuWNw6U3rVXVwx+XE+hp/cHMSD8FWP
44cdZsyqMatz0Kge2C32f6stZldtC2+Q+Mq4lvbW6lg1WwP607e4WxT+Q+AkSt23BlHqK3XYeA+s
inLgJ+lbupmr85TLcldEmTtjX8ivciZvYbqOneDbeWU15kFPb60mdcMf1EPJW5tw4cLgJHKFxOxF
MaBdwCLPQyhIx8Wlqfx6OpuqblwfT6XMINy+Jd7kxwLBlMqJSNGDJm8RHOCSQhkt6W3vbn4RDYdz
ewlPhHC12/Azrm+PT04PP130ESptpPyfTMRz1a0CxRCqc5rwd2XKkwScnfv2/9A/kFSWRuWEz4R6
cOaL+7Lryy8uvm0j6GEYPZTRdtUt+DXQjI/EWxGOlpLkWCkNkrw3CZxEwwXE+EZZZT7Bb5S9YvQ5
T/kNyCymmh0ZDwM5M0PbYEwMQmciWC44xmNBH4yNQrC8dAym5qDiU/zOrB86QeYKF36wR0aLuHrR
BJ70EEERZ8I9scci3JWeIEo2jAW/Y/MoixUu5nsM9O+Dw8ceQPX4nVeIJID4Stwv0O27wqM9OOw+
Cv+WMixO8pih0CfALH4vcI4U4qcwJd/3YxGybDqCjBYQVAYhDgeJ7GAQMvbqy5i2y7M0YvjxSgYo
1NcrQQbqC61AFDUTqUEE3Qj8zG4g5Ad28aQ/RzDccxuQBCeIWVp2rtwDRg4HG5JxlroRalN+0POA
DUrqA5FE9QOLRfkbTG1ZGN3/5S9/GZSI0MMgiO4ZjkncnqAiIZv5nP0TDRXvIYvNg+QBQx9Pj56Q
9apn6LAnHFwMFAgyQmzDOVOSxfuVsS+aNdpffYEUCwwExMxdFwhNpDZQyiD/OzYRPMli+fFh4GYo
kGiQlfhPxgOU4sifwb0zHmSCvVadgvt6g9hljzDMaDNAGbQwGon4AJqpb3lCBhrZYTIPnT5P7sAO
4jswqwrd8CkBTaGl55zibeMY0usMlAm3J3uMUhOm3AZ9XRU/pgmMJPRtW5ANuHGETbIQDApvkch7
pG3gCYwujh5oHQPEACyRIYcL4lC2iqBzD00X70ET3WN++jcQXxrTY/IAFrKgwsPsNfCA3821SSzE
RllxekCoiqbLyTjiLKTvPLvyLQRSAp07nlQYTEzUbzbB79oxOqxjTx+LynBQInGcTVMJlQKjr08D
bYovUi6MUfrGqCvHB59Fvgtkr6YAbQRtLgJBg3VVNEODm8vyptxmIW5APIjncoh+CKIhGA9GZybh
MAwmfoojfSJGfDhPQeCsJyVdJdn6CaKmx/uotHufBE8GBUP4viwR5TaWEIOeT2ehMTGjb2dHzIM8
M+9S2jgoiz7Gy0YR6AnfriKjwI5GRGaZSDtgVeQCeieHLD/z+f89B5juPEU/huWX0Z+k0ZRIUM50
QZJClzDwHhhUhbsgCHstUkUO4AuNCEVc8rcdkEdjguhBb8GcLMYvNMMol587RsuOJL1yNGLcWtwt
HhzIK5IlO9JpXfdPDlj/7LzHLs4vz/vssNu9OD/pse7JDYPM8ePJzR6Dm1j/Gu46YV/Ori9OWPfm
+uik16sUh/9KYXRF7EcUmdEFJ8ieMxbkjEkWCzdrgdghN3DJq9AtZdyrLB0socIPkfshuGYwJOT2
R3Ym7QvSRIyEId6mOiPMEgk43aULz8c19HGN0QMDPj1QeXw3moHK00FpU+FgXiDliuRKrcpnFzyA
ZYlpsmS1VlW8Jm9Wk6Q4rynORzwewqAoO1EQyASWfM9q6dIoQ3LUU0w9BV57wsOMshCdEsjQMrDA
N3t5NCiaYG6EMrB6HuCS/E6Wo6/CrqW3l+YOaUSUBe6CFh/Cx33IlvQnEvGUyAdGm9Wq4hV6OyU/
8Sg8kulIDAvevDia5GFWPq3uKOuGqWsYuVGafGQbbIVJGdbRyzNHVFkMPaEZKkN2s8lUplkyl2Oq
oYwNub6O8Sb1ANFOZOYc4Kfu7wUMdb5CwBCuIeRBDzORbxC9h/kraG2Up53or7C3JVV7uSJldqCy
y4qkBm/9oZxwbuSMs/AuyWk/4lOE+pNsAtGVPqmezx1QkUzOpCQVS7nieFGipBHz2MYg654qiqjD
MqbDGYTb+kJjx5FsKto0ZkXo8yR+eXM+hCQudaPOGeUMZQemiWLB2zGQQlkKJI4oPaBOphYSy5Tj
5ITJZySHS+7gMSVPyU/eM968zHNRgPjdxxzv06iessNBGIoUFXagAgQkZeMokMnlkKfOmHJwIhny
JTAhFWLIt8kpkGqVgWUoFmmmjGyvdC3lTehW43mKyPdY2dIUSMqjjstpTgy47UZTee1lBktTWkwe
Xck5TmooxceHAajIqrAzyALBlt5SWseOup/24FmgYQjj6953wewpTZDec4G/TPgPWDNPuJe5eELS
0e6tsEMXHNWYB94+fmGCJgiuABtWXUGnDOsoaGDaQFwGPQ2ZPgk5eUCvhsklDyoMifjUDbt5mr2c
CdLebiDqHhdC4cFsGk7L6rowr7lUoy7xv4uFPjEhz9WI1bs8W4KEXZqHFlrrHVs+9KbCuuqZgOPn
bHAqraakyhaoRy/mI2QBdAJiS6YB5Ss4z4R5f4CDnceop6PAxzILTZxjmEaJJGWX/U9EaQIsIdvD
LGU4USdVLruT04pK7msmaVbGpw6IWrRyVwyz0UE+VfkHs3CKojK1MQxVamdqnprImTVacphEMnAp
a7AQmXROEtvROIoSmn3nMxSRz0HJg7k85Szhs9xTYsUkLy5hmzZ5BcKoWCkTFlWYwOmxnAZTaelv
7OswekCrj9n5MXv99dP58RvgGUweaID778HdT2P55gsYBs5cYpi2VJb5H1hCRLeQsEOw9K/vL3L8
alajQf5GnWGBiYImZB84vaUwTLxFeZlEhRCt6ON51C20+d68/JD5rmaIHPIU8G6Cp7nfBP5lrTKf
AdDkUVEKdgM5J6VkYeQE/pTRs2A2l3wOJoOTSDwDQs3HMaSpOEC+uJy3yS61+VdeKNNLJX2qdUh7
x9NeeSqVQfcq484SVXNxYCSn0tepZ8rymQM2hSRp5gfYjfTjykepXjAQ8XC0mCOE+FhQjId7+V1G
hW1leUpq+XASZTiEPRlw1IhGUSodY4BFF0WVCLBD/E0REh6+oXipPUyMh0LOfIdCIhvK07SpVkch
bpwbPNk4lfCMyCvZx44W7IMjYrxIKvDiUOhgAoLaKiqrq8nkMWAC+8jHHRCbP4x/F9TUaDBjXaCc
TV18f1GzSfpWM3VEJWF9bB5TZ0M6/Jo8EMpTxKhphltqIP1S3DFVR8kjOD1jsA74ysxmr9goxg38
C/EsazULCVUei0j5pnsuX98BPwmzGKmbaTTNgtwY1QWGMrpHecQa+UPK8MtT5cUwmKBjgmincmeq
7srq1IGK4lhMo1mjBMsgqPSF52ovyhzuUm5o7xDbXFEALYabCZ6OId30Ik0jMMrKcoVlcec4Qs0Q
KRV8aa3iR0QxeLL5BOc9CW7hTIDDZEk6TuZUO1u2EwvkxfhoFMP8WdbJVFFNFg/SmJPmDP6IPhjB
18fXB1jEVD5fhj50CvdCJtcchs499ZgQ4UsGCFbRCtsQaReSl6YplfNIqKBQ2a6MCYJ8WFahSs8R
CR7pooO0O0Q70YpWe+Afp2O+x/A8LIrP6SINA9friRhS7bIjTzc+UK15uJLBghtFMLV6pcXXDFJO
COXkxXJnoRCS5mV73scjTUtedVWn/mTpq1UARqR4P44EdM2oWXSY2CFV99RDeSW3suxAteg95NJ8
OsQrty21K0eFVjhROAB9quSZl0jGCkgeA2c5KnFWHgOrzTA3cSlz9L0FIph+ACNypQE9UF45kD4O
8CkXmUc2Hvg8UdMSyCT5ZBrkV5jzAI1KVwe50mQb2C1Wrw7YvyhZgfi5R+WsfyNSmnEsw6S+AkJs
YOKIu1Bk1SBfs6JywKqIRQGdInRCCTLNNvHAMqBVhVudfNkv0SB/Mlzhwqggo9eyxwN2enHYP7D/
3tprdB6svdpDbc/+u/V3FxMiGuevcW3dQef6tl2Vrlhe1RtvZJYnVxf0yboc4RhbQMaqkkapB5XC
QGvOHNdUMifN4twp5zOUeLEuQR4H8ECocmgZKMkFVs7XNMAWZDr76pRcDXVF9xtIMsoUJORWg5Qp
t9SSvmhK81vxAI4vUZM75w6nBwlNZEAiQx8S87lM4ug+5JdOiA9kGJFjRnJJ+CEZiRe+urRXEviJ
iMRXRz3IQ0tKbdyWj2v2QwdyorEOweWl0MXNsRosmty6UQrO0IDiyqUByOJAv3bpvZDltecHtI1u
CRlNpvrlGMKHfu3DKJvpgG8JLcEvridDuVimwzAVc2lf7BI2dUy2b4SnqgvGk+T3ExMEGcpEh/S6
FwYF8+Q/AR7Gk/9ii6Y0uhMhhHeD4zmnpVJbnfH13Z/KLQUd2tT1PfCH+t1w+TAxZRohNXa1WrMs
G4+w6B5fG5y60S1RUgQCyDfVAcM9TBLjxp6PA/rrpcFigQK4jGkjZQF4j4d+GcCpKhaqvZEWRCQk
eGwa1zLa3lIylaU+fskJDzykzRP+aOiHHA80JywoJvJB7pBukt/LcOL5FM+fJYAtbU1g2mJYm/tI
c76hbBJRzRB3on2UA+ZtGbnkUSbtKyfxd8zDrrtU8lk+/ccf/w/uhOAT
===END CRASH DUMP===
