PocketMine-MP Crash Dump Tue Nov 16 18:21:00 WIB 2021

Error: Cannot declare class YTBJero\CustomPrivateTalkCMD\command\Command because the name is already in use
File: plugins/## CustomPrivateTalkCMD/src/YTBJero/CustomPrivateTalkCMD/command/Command
Line: 18
Type: E_COMPILE_ERROR

THIS CRASH WAS CAUSED BY A PLUGIN
BAD PLUGIN: CustomPrivateTalkCMD v1.0.0

Code:
[9] use pocketmine\command\CommandSender;
[10] use pocketmine\command\PluginIdentifiableCommand;
[11] use pocketmine\command\utils\InvalidCommandSyntaxException;
[12] use pocketmine\lang\TranslationContainer;
[13] use pocketmine\Player;
[14] use YTBJero\CustomPrivateTalkCMD\Main as CustomPrivateTalkCMD;
[15] use function array_shift;
[16] use function count;
[17] use function implode;
[18] class Command extends Command implements PluginIdentifiableCommand{
[19] 
[20] 	public function __construct(string $name, string $description = "", string $usageMessage = null, array $aliases = [])
[21] 	{
[22] 		parent::__construct($name, $description, $usageMessage, $aliases);
[23] 		$this->main = CustomPrivateTalkCMD::getInstance();
[24] 	}
[25] 
[26] 	public function excute(CommandSender $sender, string $CommandLabel, array $args)
[27] 	{
[28] 		if(count($args) < 2){

Backtrace:

PocketMine-MP version: 3.25.0 [Protocol 471]
Git commit: f48b703533e0ced4e8ff9e118c5fe3889ccaf23e
uname -a: Windows NT tungnguyen2-8si 10.0 build 14393 (Windows Server 2016) AMD64
PHP Version: 8.0.11
Zend version: 4.0.11
OS : WINNT, win
Composer libraries: 
- adhocore/json-comment 1.1.2@fc2f76979f0a44a5f5bc2a2b600d0762fe0e78e7
- daverandom/callback-validator unknown@unknown
- pocketmine/binaryutils 0.1.13@0abee38d4e2861621f262c79a2a3d699d8a697f4
- pocketmine/callback-validator 1.0.3@64787469766bcaa7e5885242e85c23c25e8c55a2
- pocketmine/classloader 0.1.2@9757928424652393b178a3760073113aa7c9911b
- pocketmine/log 0.2.1@830b44a2cf96ef703c550abe64302f230231ca49
- pocketmine/log-pthreads 0.1.3@e477ecf6ec214fdd4415ea1da3fdd9d73bf699ea
- pocketmine/math 0.2.6@43057cb8c179a9859677b496a788db922fd5cfc3
- pocketmine/nbt 0.2.18@9f82ca4d7f97fcd9a566e44b63c4f18a7657ae82
- pocketmine/pocketmine-mp 3.25.0@f48b703533e0ced4e8ff9e118c5fe3889ccaf23e
- pocketmine/raklib 0.12.11@9cce458b8bfde3e4dfdbf70c659fc7b7fe26b5c4
- pocketmine/snooze 0.1.5@70b5e7937a06878dd321a3182ceb76d56298f2cd
- pocketmine/spl 0.4.2@6b08b7cf8c4afa17139c9a1b3bf1b408531de161

Loaded plugins:
AcidIsland 3.2.9 by GODSMineVn for API(s) 3.0.0
AddGems 1 by  for API(s) 3.0.0
AlwaysNight 0.0.1 by YTBJero for API(s) 3.0.0
AntiInternalKick 1 by Jibix for API(s) 3.0.0
AntiTNT 0.1 by Adam1609 for API(s) 3.0.0
AntiToolbox 1.0 by FaigerSYS for API(s) 3.0.0-ALPHA4, 3.0.0-ALPHA5, 3.0.0-ALPHA6, 3.0.0-ALPHA7, 3.0.0-ALPHA8, 3.0.0-ALPHA9, 3.0.0-ALPHA10, 3.0.0-ALPHA11, 3.0.0-ALPHA12, 3.0.0, 4.0.0
AuctionHouse 1.2.5 by Shock95x for API(s) 3.0.0
AutoClearLagg 3.1.0 by Twisted for API(s) 3.0.0
AutoFeed 1 by Ghast Noob for API(s) 3.0.0
AutoFix 1 by Ghast Noob for API(s) 3.0.0
AutoInv 0.0.10 by JackNoordhuis for API(s) 3.0.0
AutoSell 1 by Jero, Cur for API(s) 3.0.0
AutoXP 1.1.0 by JackMD for API(s) 3.0.0
Badge 1.0.0 by YTBJero for API(s) 3.0.0
BanItem 2.3.3 by LDX for API(s) 3.0.0
Bank 0.0.1 by YTBJero, GhastNoob, Kaido Joestar for API(s) 3.21.0
BetterVoting 2.0.2 by Twisted for API(s) 3.0.0
BlockCMD 1.0.0-beta by kenygamer for API(s) 3.0.0-ALPHA10, 3.0.0-ALPHA11, 3.0.0-ALPHA12, 3.0.0
BlockSniper 3.2.3 by BlockHorizons, Sandertv (@Sandertv), Chris-Prime (@PrimusLV) for API(s) 3.2.0
BossAnnouncement 2.0.4 by XenialDan for API(s) 3.13
Boss_Quai 2.1 by phuongaz for API(s) 3.0.0
Broadcaster 1.5 by EvolSoft for API(s) 3.0.0
BuilderTools 1.2.0-beta4 by CzechPMDevs, VixikHD for API(s) 3.16.0
BurgerSellWands 1.0.1 by Heisenburger69 for API(s) 3.0.0
BuyKey 1.0.0 by  for API(s) 3.0.0
Buy_cmd 1 by TungstenVn for API(s) 3.0.0
ChoDenUI 3.5 by BlackPMFury for API(s) 3.0.0, 3.2.0
CmdSnooper 1.0.0 by HotshotHD for API(s) 3.1.1
CoinAPI 2.0.9 by onebone | Edit By SenKai Official for API(s) 3.0.0
CrateVH 1.1 by PIG for API(s) 3.0.0
Crossbow 1 by SonsaYT for API(s) 3.0.5
CustomAlerts 2.1 by EvolSoft for API(s) 3.0.0
CustomPrivateTalkCMD 1.0.0 by YTBJero for API(s) 3.0.0
CustomWing 1.5 by YTEsDev for API(s) 3.0.0
DEVirion 1.2.7 by poggit, SOFe for API(s) 3.0.0
DLevelIsland 1.0.0 by Nguyễn Công Danh (NCD) for API(s) 3.0.0
DancingFarm 1 by RicardoMilos384, DontTouchMeXD for API(s) 3.17.0
DanhHieu 3.0.0 by padreon for API(s) 3.0.0
DevTools 1.14.2 by PocketMine Team for API(s) 3.13.0
EasyCommandAutofill 1.0.9 by jasonwynn10 for API(s) 3.0.0
EconomyAPI 5.7.3 by onebone for API(s) 3.0.0
Enchanted_Item 1.0.0 by Panda for API(s) 3.0.0, 4.0.0
Eternity 1 by minefore and shin1134 for API(s) 3.9.0
ExtendedBlocks 1.3.0 by Javier Leon9966 for API(s) 3.14.0
Fishing 0.4 by benda95280 for API(s) 3.0.0
Fix 0.0.1 by YTBJero for API(s) 3.22.0
FormAPI 1.3.0 by jojoe77777 for API(s) 3.2.0
FormImagesFix 0.0.1 by  for API(s) 3.11.4
GCPClan 1.2 by InstantlyTa for API(s) 3.0.0, 4.0.0
GMCDetect 1 by TungstenVn for API(s) 3.0.0
GemUI 1 by WoolChannel3295 for API(s) 3.0.0
GuessTheNumber 3.1.0 by SalmonDE for API(s) 3.0.0
InvCrashFix 0.0.1 by  for API(s) 3.14.0
InvSee 1.0.0 by BlockHorizons for API(s) 3.0.0
KeepInventory 1.0 by KhoaGamingPro for API(s) 3.0.0
KeepYourXp 1.1.1 by ArasakaID for API(s) 3.0.0
KingofBlock 1 by YTBJero for API(s) 3.0.0
KitUI 1.3.5 by Infernus101 for API(s) 3.4.0
LoadWorlds 1.1 by shin for API(s) 3.0.0
LockedItem 3.0.1 by ytbjero for API(s) 3.0.0
MSpawns 2.2 by EvolSoft for API(s) 3.0.0
MaxEnchants 1.2.1 by Xenophilicy for API(s) 3.0.0
MenuAuto 1.0.0 by JeroGamingYT for API(s) 3.0.0
Minion 1.0.4 by phuongaz for API(s) 3.0.0
MuaDanhHieu 3.5 by BlackPMFury for API(s) 3.0.0, 3.2.0
MuaPointUI 2.0.0 by JKPVN (JakayPluginVN) for API(s) 3.0.0
MultiServerChat 0.0.2 by tungsten for API(s) 3.0.0-ALPHA12, 3.0.0, 3.0.6, 4.0.0
MultiWorld 1.6.0-beta5 by CzechPMDevs, VixikCZ, fuyutsuki, kaliiks for API(s) 3.20.0
MyItem 0.1 by AnhKhoaaa for API(s) 3.0.0
NGVS_Khoe 1.0.0 by NguyenDongQuy for API(s) 3.0.0
NVSSP 0.2.1 by YTBJero for API(s) 3.15.4
NameSpaceRemover 1.0.0 by JackMD for API(s) 3.0.0
Napthe 0.0.1 by hachkingtohach1,tungstenvn for API(s) 3.0.0
Netherite 1.2.1 by Wertzui123 for API(s) 3.0.0
NoAdvertisings 0.0.3 by YTBJero for API(s) 3.0.0
NoFallDamage 1.0 by DeveloperNeb101 for API(s) 3.0.0
NoPvPArea 0.0.1 by author_name for API(s) 3.0.0
NoTP 1.0.7 by awzaw for API(s) 3.0.0
OffHand 2.1.2 by alvin0319 for API(s) 3.0.0
OnlineTOP 1.0.1 by HMMMM for API(s) 3.0.0
OreCore 1.01 by  for API(s) 3.0.0
PCEBookShop 1.0.3 by Aericio for API(s) 3.11.2
PHP-Sell 1.2.7 by Muqsit for API(s) 3.0.0-ALPHA9, 3.0.0-ALPHA10, 3.0.0-ALPHA11, 3.0.0-ALPHA12, 3.0.0
PM-Beacons 2.0.1 by jasonwynn10 for API(s) 3.0.0
PiggyCrates 2.0.9 by DaPigGuy for API(s) 3.2.0
PiggyCustomEnchants 2.4.3 by DaPigGuy for API(s) 3.19.0
PlayerVaults 3.3.1 by  for API(s) 3.0.0
PureChat 1.4.11 by 64FF00 for API(s) 3.0.0
PureEntitiesX 0.7.0 by milk0417, RevivalPMMP for API(s) 3.19.0
PurePerms 1.4.3 by 64FF00 & ProjectInfinity for API(s) 3.0.0
RankShopSystem 1.0.0 by zZPROGAMERZz423 | §eFor issues report by §2Visiting GitHub.com/zZPROGAMERZz423 for API(s) 3.0.0
Report 1.3 by ImNotYourDev for API(s) 3.7.0
SETVIP 2.3 by MCPEVN TEAM for API(s) 3.0.0
ScoreHud 4.0.0 by JackMD for API(s) 3.0.0
SeasonPass 2.0.0 by TungstenVn for API(s) 3.0.0
Shield 1.1.0 by JavierLeon9966 for API(s) 3.7.0
ShinPickaxeLevel 6.0.0 by shin for API(s) 3.0.0
ShopGem 1.0.0 by YTBJero for API(s) 3.0.0
ShopPoint 1 by S2TwKen for API(s) 3.0.0
Shulkerbox 1.1.2 by UltraFlappy for API(s) 3.0.0
SizePlayer 1.0.3 by  for API(s) 3.0.0
SkillAnimate 1.0.1 by Tungsten for API(s) 3.0.0
Slapper 1.6.2 by jojoe77777 for API(s) 3.0.0, 4.0.0
SlapperRotation 1.2.0 by jojoe77777 for API(s) 3.0.1
StaffMute 1.0.0 by YTBJero for API(s) 3.0.0
StaffTable 0.4 by GigantLeyKey for API(s) 3.0.0
TableSpoon 1.0.0 by CortexPE, Xenophilicy, HyperFlareMC for API(s) 3.0.0
ThueFlyV2 2.0.3 by LetTIHL for API(s) 3.0.0
TimeCommander 2.2 by Zeao for API(s) 3.0.0
TokoThirstBar 1.1 by Rand for API(s) 3.0.0, 4.0.0
TopLeaderboard 1.0.0 by YTBJero for API(s) 3.0.0
TopLeaderboardCoin 1.0.0 by YTBJero for API(s) 3.0.0
TopLeaderboardGem 1.0.0 by YTBJero for API(s) 3.0.0
TopLeaderboardIs 1.0.0 by YTBJero for API(s) 3.0.0
TopVoter 3.2.0 by SalmonDE for API(s) 3.0.0
TradeNPC 1.0.0 by alvin0319 && FunkaDev for API(s) 3.0.0
Trident 1.0.0 by brokiem for API(s) 3.15.0
UIShop 3.5.4 by SaltyPixelDevz for API(s) 3.0.0
VanillaEnchantments 4.0.0 by TheAz928 for API(s) 3.0.0, 3.1.0
Wolfies-FloatingText 1.3.5 by  for API(s) 3.0.0
WorldProtect 2.3.8 by aliuly for API(s) 3.0.0
essentialsTP 1.2.2 by  for API(s) 3.0.0
iProtector 3.1.1 by LDX for API(s) 3.0.0
reyyogaWtrhit 1.1.6 by reyyogaMnelux for API(s) 3.0.0, 4.0.0

----------------------REPORT THE DATA BELOW THIS LINE-----------------------

===BEGIN CRASH DUMP===
eNrNPYt227ixv4IqPd3kXksWqbd7c08cP2Jv/FAt5bFb9fhAJCghpgiVD9lK7/77nQFACaAVS7K1
3aana3FADuaFmcEABP9VCkQ8oentjMUJF1HpoL5XSvmElQ6cZq1VbTrNZrVSrdY6rfZeKZuqplrF
6dTbbqdTr7Y6jXanDQ+xOBZx6eBfpXQ+hVtKJ7dH15fd84uT25Obm+ub0l5pwpKEjrDtiEaRSInP
vJDGjMB/k4T80n//M4vFYHCUJamYdGM+oynr0/Du6PJ4MPDEZEIjH5rVDzJkHs0SRtIxIxGdMMIT
QsOYUX9OeESgCfoMeIgdTsNsxKNk/9Ursgr7fhJ7+7r//ZU36N73deeAOeQRCqn9257GfsujmQhn
bMKiFLr0ecy8tJS3ItcrEEO7J3yGcuvALcjPVHh3LJ0A+sdM91jks/iv8JRTfer2ruzz3AdSeMDp
MGQagXzUeerRLOVhMhicRzMacj/vdx6l9OHkwWNgASKSWNwVWEIajQaDfkyjJKR455GAB6FJ0Vxb
8Ug3pHPdXNfNayzhEhASmqzUpMTT0HiCLPKQCELjmM5vkzEPUnlDs3iDJ7JINbWKTXwyDUFDsrEN
jcpYcyNkDymoZHmNd0sLSMgPdfAvRIXahr8uqnGQTrNhyL1lp7e3noiSNM689DX84dGI/BltfI/k
Vz5LvJhLbZC3ZFAalJZtGQ6zSzXaoDHKwnBPyYD8GZRKE5YA+O//eIMEOJIApMl15U+gBgZllB4c
mFTo7s1+9+ye9hbI36Cw3JrG9ud0zJPy/05Qa29XKu3gYMTSc+iJRh57rZ6uy6d/w58NLarmSlGx
By9L2WtrgJA/J/LvUiS6+YIOmSGLeJRIGbSWMmhrqnnwWhrFa3UX+R/ivvlXCQZ7GlMPxuvf/7FX
GjEwbBri4EXpwJNdadiXYNjlyy6gG4I4lq61VKu4jUoV4RkP/dKBW3VqeyWe3PpsVjoIaJgw8Bex
SIUnAG295UAnHL1JUG8PW9Vao1ZjVY/5ddYOgg5znLbXCFit3e54Hg3cGrq8TNPyhUe+uE/IVZ+k
WTSKRtmcRW65nXDigEsnkgbi1GudGnmd39xjMZBLgLDmG3J4edysowcbTwFfu1KtgOvYK30H2cJ1
Pb+G5luRYI/nV1d9AMiLe/B56NwmU5Gw+Dbkw5jGnCUoLeqPgcOY7X9LRFRG16N8plNxKu67wHOD
VrPT6gRVWq/TRtAYei51h81q1a+2mm7AqqzVZi1A71OgFvQqJvseDcMh9e7K0m/RFIMRyOIuEvfR
O/0XiV24nv0hj2g8l/4ObgVmKk7tXRUsBAQKEnbbEPxcJ3CbrtfqUJfW/Gan47cpkBbUbVQrO3dA
QLV3zXqr3arDM83m0KO0xRrtdsOtu6zd8Nya5zYY6LBB3QJC9DKhoGDEmjb3XafVaHXcdt2tNxsu
aG3otNq01gKxtGqOUwPcXqfjOEMbUyhGEoNbcd61a9UhSNT1gk6TBWBP0DMy3KzXqi6YT9WtOR6t
dx5hKE/TMUbWXFC1d6zeajEvaDLPdeqB79frToNRx6c1uOj4rdowAGkxaqOCTGOsqWm+g04bLW/Y
9hwQb6fd6DRbrWG906Stdtsfdlw38Bte4NVsFNEwzflpv+sEbRcI9lsB6MTzO7TRbLJ6fdisefXA
adNWs9GirF0Q7vJneTJdDMt3W4wxA1lM78C2lVyAJucd3MbqjfawPQx8VmN1P/CHIGuv2egEXmvY
CpjbHDa8ggUlkRDfmRZv412rOmywVqfWotVmu9X2/Zrr0JoD3LJhq+k3mm6nHbieX0AyDSWGOlhL
c1gFdryg7dVpQJ2WU+t4HeoMQTHOsF5tN2qOz5ymU/ptkcHIsXnocf8cojeO8YVfM4B7JcufVdBY
aJaORQyP/7304fq4h/7vc1QCD0mnHIE1GAlVvGYRxkF/4et8NsXwqdxpIoL0eAEonUDwEZP5Yfcc
etCOVURsjngwmED/l/NuKFLICORfTMpgxKAbvu71v1zfXGB6dc+GCU+RCfTeh77/gU0SkzUNMfly
LJ5exseS2uk4E9GIfh8Mzhj4rWgwwI4xm9mI8vCezpMrPhqnJvUG1OSgis7Z1ozOqkq7YmeRpdFI
5WQbcQHJ0HmUsjii4Ufu3ZmsFJt+rJHSz3zIH3bGicQ2GBQJ2I6rPoQ+m5m+DIamTgpcHPp04jSr
nScZgfRrUz50p0W6e/3Dm/6n7mqqhQiH4qFIuYZaGpCJi0H9KeUjFvd+6RXJLx9edM8O0b8Zlw37
smlftuzLtn3ZsS+dauHaKVy7+TX8rb9EoAsWlXFosVgX68xjnKbT5GB/H9K4cTasQK6zv8C6b+JB
hWQypT0TOHc1NGKCbZW4lYatlB4kVnedxsPLTMr2vTAVPIppMj5VQ07LJtE9wfhX9I2RPpCNTe36
sZOl4ihkNL6go5HFtQm3o84jW+zf8yQF1nblEVKFD3mDXBypCIEKZM4malvVazoPk3mYTS6P9m18
WhqnjPkFQUjQE/7ww5gmKbkSYrgzEeTdbuEF8Qn+UCSdP+yA8m28oOp0O7rBxgt0I+RRRC2Y3c+Q
8gPpsT/OeLIzyX8DrFGOVZkgj2bK+BRVG7HUY2FY4EmCngqrEM/3YIoe79SKEuh1O2187RYI/9ot
OL5HHgBVcXm8KxtS2JTIv3Y3I37FcFdo9jUHwNx76o9M166uC2G2yNrvlrjJ3jfXzHsanadsYpGv
ICYDbqVWqdkMXBx/3ZViABXSLbt9tloASfnyqHuyn9OvmLuzObvbNKHeU05M+rC90kfKfUF+FixJ
qT2OXGcXShsCZVvojKWQ0H4WKY/M4GqBbe3BzHr72Lo+o+jy0Wiuin8nkTemUZqUVsTboSRsJgkD
Rdtkruc2hJwEq+oGpzno0SArQ1/UZvWORfMRPBevTmm3SDyfq+acXOB9SfhmfPciPmVxkXUNLc7a
CyNU3nomYv5dRDgV7lEsn6Yz8vpd/hMLpUfjmCflbswnDFrwb5ZcfH5jW/nWpqFn7wUh5NRoSSg+
BoMLVRPbRCgiSQ6jSGSRp9dklpIpNhWHQN0Wz1cWcRoeU7um4dSe68UeJD4fJ85FUrbl8PZvGeUF
1hTM5qngu/JaRGn3xY3DLKZIheJtIz5iuMMDF2qbrwG1B29hznMyE2EPyNpVjDE6Bh4sKp6YUedx
5v7+vsKAIsReSe8kf1hpZzHO9MzKkwUuzuuUeyrY4dF35o27l8dshg985g/87szOeZzm8/n2EPt0
4gN2cMSKuBSJAynYpG4bcA269y1UUjgxzoYhR/xCJUWGfOyWogcvmPQZ4wmLhvKhZmc7wzYnvE9I
yO4CxWJRuEVYzuYf2dziVQKezgR3NVZVZ1tRe+tNfJtcCXliLtHPohGMmujFheAl3Qoldrw57Udj
ccyiT+cG8QuQHRQbxZAIyXv38jSL548Y2FsR57ZhJKdgMFC/tmBn4vdgbmgHegO4ZipxJtJkLNKi
04Ch9FyfMfET1TXwYpKxnhOY1OJwM9jQkGIwLqwwiIgN4f/k/8iJz1Pyfk56LIKsm1wHAfcgru4q
DuiOcG8EjwAh7sLIKVzPXkxT9vnMZE9DChNZm7nu+YedDZeeyMIvcu79axYGdDzhp9/iLUwthvA9
FPcWCxr0xLjvQc5Gf+kXuGi8gAuJD4SvO9+CAzndOAwhjJlxxQI/mSXtOrMwe853tyzoeF5usXJT
UZHXR3uOXlxv2ILpDXbzbK7ML/Y81gA+mSL+0j9JIPvY2dBa9rs5A8cnn3ks6VuQvwAVs79WIVsX
I9wGAvOy61O2K70opIPBTJIwGEDep38ZZK1ZQjq+YDMWPloutsBrrO1qlM0HmcO8RkSOBlm1GtSj
EYG51pi8vjo6fvP8RG6vdCriyZqU7kpuizmCuQt2CbzbpK/XKo08MINTGpuFMRP6hK+84R6NfXHJ
Q5HU2pjsH4so7YvMG1+yr4Ug3Xq+qi2swOOSOutiQ37HZ5xlNrMKZOdTjzQ9pX7MxO7SQY1vMOjz
NA3Z4fHNFoORzYrTsQWoEKDrxYLYcpMX6TM6KdQEXqAlTQDoZEnKBlHBmGgtSdtf4ABuT2gy1zvg
sBYdcGtlYFVrcdAWcrBvNBHR/TyKnOoOlz0WOAeDFTRtrlzDBxhcmo5hyVyj0ioWw3TetzPGFnkk
UyTIVNIiZz1HqmTK/NtCBb7QsMbXdkGcdMVs5kWL5AsStlAQbrLgqTkBXoCecJe4xykQMSO40zYZ
88hxanWLnc4L1JRjHwwmwRasyA3AzJdFStOdFBpszdQeL1/NOIvJBfizTqfZtH1K/SULWYg3Rwtm
Z1G1OZunHOVtpl45xF4kKRSshtAZ7TTcdnVXWYvudjBY9r8mR7GXpIvL0RtulHLdHSTAW61K57mL
QbqGrDGlb+KbYC3897K6vOGZFxiBB0XE4semrJxP6IglBV1Y8Ke1Yg0Ip1J//jDP/plg2ovvvXDZ
ebCNWj4cdY8gNzS4yCGFHN5Witrdnobz/mb+dxuOeI47pcCWR70QFxZOjw41WWurtZBDwGNTVplF
ksXLo2OW4ssrBpML2B9S8htNPF92v4Wi2MSq+qnrJ6j/AtnSEUSyiIU1t9PYGQsfNl2pllRnLEn6
Y3aVTYZWja/QsGY/VI+GExEdn+yulqQRDgY2IZtzZu4iW7JlQrdwAC+IiPn459HMw57l6N98zQ0I
7jFmc4CANZmXvcC6q4Uqe51UUbINMx8Zm8JTLEpFbCZjNvzJXaAfx4J+oJA7jbq7KxlZSAcDi5zN
LQ4f+0Vk8ddpgTUNLO4oKu7OBeugd/T8eHeboXKMiiVFxhb8gDxEIJVuMmRAn/Buu95E9PH6/TaU
p5YvVtfFPKZRDJkBTAmyxKk6FtX1F1Bt4AQdIBWbM4HD6ouIQ2uN0gA+WdfHXHVnsl92uvkWKKwT
eNNZVEnFVHHj3TG/MJs0gMVaToGfeTr8tktz0vjQeeUkmL830c9lb0rvI1M5OcSu8bu/b41fdwqa
WfT+vMr+JX1Y7JQyeDKgxaqx82jXipiOeci9+a6YM1Ci6S1IsS42UhaLMizsmJzloDWhFN2YCg6P
Vpmeb39555u7g0se2cV8DShSX3/GxpttlpQuDo/lhg3V/Rb0Z3RFLdeE/pHL40dAhF4fP5J1+S3Y
6goe2fHGABYXl4vG9bH7+Yq8/hnC9Fy9wP356s3OdhUjcmAlo9vwE6ZcvZULk5PUYspuKabPBT+X
6snZD7Y2mu/M4N/mS8uCeX+1LXmVga3IpgLaQ6up90g11u6ROvoVT4LI5lmaZHe4Me6Ohpzf2Xm4
W93RzqkJEnyPBKOqDeJfsmvKQISCmhcCtwY8/bZZNMa8mtKdRbr55ruwkeqrD597t0CCOXtawjZY
JmTRMfjOv2U7C2cft0j/rj73euZrCeralri7SSnRaRSqV9u82xKyh/cx38LNXwG1kIh47IZNxMwq
KTxqWhd4f5dXLIpUbMPaNB1bxqQAa8q7Y+qN7yB7SAX+cvZyRzXbXYJe6AKZRMryvxsxx+DGWF4v
+VvA1mR+X1icfs+449Z2pa0lRmAiJ+PZL2Asse0veUKmxaEPjKU8AeGZWW+hoajh2r9nA4tNxRaG
Kk5pGB7TCbVe/rHATxZZjnFPAm6su2LD4nS4+qIFZxMtMrikaBv2urPuYcyoxVsOWzMa1c9b+dhu
i8bIjibC+LkZQ33L0+Nl0TcWdujQ++/0fmcMSGyDQSTS6bPHmKIIuLkOgjN7e04OKex9K2aMNJzx
qFpzOrvjK8c4GAANY3nelP6xiV6uIzx0q39tKmcJW7c9/BL+7W5raCgPr9p0iFzH7EjE5uDPIQWq
f5+TJ3Rn25SGu0cn74W4642FWT01oUV5F5zwIXh1jxdSH7Sxp/dv/eA9sR8mRKqXwcCgzLp4xsjR
OPcNLPtSJGfdcuGl2gVozQa+S7nosHrq9fzTDZ69mAMUn8nBt6n9di/L7xnF08BM5pfA4qza+Tdv
FxpKOvCFwZye9SxJQ8M92RZPBnTNPvRjCjd/KExG3B2/GJl3Aja9pMy6eIaB50j3DTT7S5nYtBRl
Y7faMqoXncBKGTmdF6QsBXlY1KwEvlw+FjolJ3lm4WcKk3JLQCbYrp7VKr+PZ89XM6ey65nsOj9T
cUHI+rGQQYCwq0sLkO3Z6urIN0PFzfrpaXW77T0SeZfFkxWuvXRK5fkhSVe+Wf2VzbjIku5JOYcb
g+NW9Q38amKXv56hdUmUPid0gUYL5yRKecpZ8rUgoSXcTnNbxQx+wsO7at3BsHADLM1o2L287O5s
WMQK53Qygeg3BcKYJkxJJCdz6/2kBq37Nr9aMEqLtlAUrGg3tVVmQ/5CQM/fmJeeRwGX+/92lKFZ
tiEpMn7uwDoUHpDCDY1kitCbJ3ZNrtCwprjy/dfuzfWHw8uTm1+/190a+T+Ce+Fpi52KmPAkyVhC
YjYVcUqGc93mfoaZKL4bTz7w9EwTWkC05fZ5Y/wsN3g9MVyXArfZ3Ty1uJFMmXJTgMLqcGFteHIl
Ulw/L77U0XpG/H1gIb70n/TFMU88EfuGizE7GgwUafnfTbjrnfQ/n5vzFQ0onJhRyBaPuiefr0j/
5HBnExaFcjDosfQzn25EOR7QeZaZ88YFyKS+/qxC4VbHs+lKYd795rbVY5gkdmliuigDuGYxaMP9
bFuoYYkRVZHTYf7eiK0xZ9YaiQasPSLH3Av85LB57BjymsEWe40VVfnfDRmLuty7ow9MvoZjs2g3
mcw2H+tu7YaLLbRW7HsLAwSH+MGKCjnkD3kH79Ybj7YjXi6bFshXsKdeAXX79x/ZDsWv+9yG9Cy8
Y7F9sqEBLI6UQuXrU5jG9DSk0+nO8hEDJY4IScl7scXG4x7/zlReb7K0BD5djtnZPlDs8AI7BC4W
vzei/46H4WHEJ9Ra07DAa0p4/R8sYb+wUIzv35tk2Fcb8YZ6tRWjIcUla3ejvfo7eCsnUQQ8u3y8
pGw/52XJ6I1I5en+jxletDw6z2RDxp3nm6ZNwRYjK6VBcJnZZrmA/ZsPZ8M+tyS9j90UaVfAJ1/O
+cBHNEovmDx5ZFf0J9j55gxIMntTYdmSAVwj/SNIw9lD90RWCpa73fZKZ3MwhVP8usjl0e+y+W1J
o/l7/dtI/XHGTsP5Z9fkdwErJqTFg/RY2j8/u9jdrn63v4Wq+CT/goXl6mz4k3stf2V0dyNFHgVo
df7yAwFtXpBpcSf6Yx4n6XtqMW3Bn9z6e6PT5l1691hW75GIjTQnphcMF36Ggsa+xYXV8EedQ2nQ
sIU5WrTjySw/ZEw2/gcwh3Q8l0F7FvG47T+Ava1edLI5OE9+yNx58ofxViRkK+4+C/s4uwWoeBTj
c17d2qCsJU8CwB5Lq97iyqlZ/tqIrRikcdU9MtnKQWuUtFj6J3/5CznNoju6y/NYciq20FDMfftQ
yByyhpFhLO44mxS39D3blWt8+NUs2f9g0L1ckrKWj0/nhSV6DShs3i7mfmAJ6VyWPkEN33+Xw/IU
IZtr5DONYNZF9UKb/IaWwdaq1jVlyP6YHX7vuO2V+9Od52tspkjB48Bi9pxD4DVd+6t4AkF8EWHA
WVI+BcRY3e+zB9NOVzY//S7VrjYBQs/HLHJqtcHA7H1zHcsdzN1YFN4utsDFw6TbRUfCs3BnZRmF
bTCQ+7WnioJNvp+xQq2XGY8DrHSa3xfKPzyYxgy/foTHiO5b3IJQWJLgch0MM2vbmQUuTqfd30O/
Zo+DQaH/tbrlmiVhRj0DWHxl2fl9Dwlf9vzyaYHBBTAas/lcjOiXNB5z04pteLHE2LTZ1TdfRizM
HnZ+JIDGDnQ4mw5O/AoUjYETMNHCMUfly25lOlanmSfyhZMKDJUp7oTFzTOlV93FFTkSUcBHBL+7
OYgH0asexa87zIhTI07noFE9cFvkv6st4lZdB29Q+Mq4nvbW6Tg11wDy6VvcMQr/Q+BEpP5biyj9
tTpsvAdWWTnkSfpW3kz1kcpltTGiTL0xZ+rbnMlbmLNjJ/h6XlmPedDTW6cpu6EP+qHkrStx4eLg
RPhMYQ5EDGgXMBEECAXp+Lg8lV9PZ1Pdjc/xWMoMwu1byZv6aCCYUjlhKXrQ5C2CQ1xYKKMlve3d
zS/EcDh3l/CEMd+4DT+x+vb45PTw00UfocpGyv/MWDzX3WpQDKE6pwl/V6Y0ScDZ+W//S/4DSWWp
KCd0xvSDM87uyz5XH2N820bQw1A8lNF29S34lc+MjthbFo2WkqRYLw2TvDcFnIjhAmJ9q6wyn+C3
yl4R+TVPT1pNFsvKnTQeAnImlrbBmAiEzoSRXHAEPx6Ln38VEVheOgZT89SXZYeM8MgLM5/5+C3Y
R0aLuHpiAk8GiKCIM6EB2yMCd6YniJIMY0bvyFxkscZFeEBA/xwcPvYAqsevvUIkAcRX7H6Bbt9n
gdyGQ+5F9FNKsERJY4JCnwCz+N1A+bVa/Eam4vt+zCKSTUeQ0QKCyiDC4aCQHQwiQl59Gcst8yQV
BL9ySQCF/swlyEB/eRWIks2S1FBAN8Aq/GKplBce9ecxgvtuQynBCWJWlp0r94BIh4MNyThLfYHa
VF/6PCCDkv5QpKT6gcSs/A0mtyQS93/6058GJUnoYRiKe4JjErco6EhIZpySv6Gh4j3SYvMgeUDQ
x8tHT6T16mfkcU84uAgoEGSE2IZzoiWL92tjXzQbtL/6AikWGAiImfo+EJoobaCUQf53ZMJoksXS
MyA3Q4ZEg6zYPzMaohRHfAb3zmiYMfJadwru6w1iVz3CMJMbAsqghdGIxQfQLPtWZ2SgkR0m88jr
0+QO7CC+A7OqyBs+JaAptPScU7xtHEN6nYEy4fZkj8jUhGi3IT+7ih/VBEYS+WlbkA24cYRNsggM
Cm9RyHtS2/hV5CnQ+SBXM0AMwJI05GhBHMpWE3QeoOniPWiie4SnP4H40lg+po5gUR9cth8mr4EH
/GyuK8Ui2ShrTg8kqqLpUmkccRZFqE5fvYkglSBPHk8qBCYm+jeZ4PftiDyuY88ci9pwUCJxnE1T
BVUCQ8FMgDbNl1QujFH5rVFfjQ86E9wHsldTgDaCNidA0GBdFcPQ4Oayuim3WYgbEA/iuRqiH0Ix
BOPB6EwUHIbBhKc40idsRIfzFAROekrSVSlbniBq+XgflXbPpeClQcEQvi8rRLmNJZLBgMvT0AjD
wzEQTQB5Zt6lsnFQlvxKLxkJ0BO+YSWNAjsaSTLLkrQDUkUuoHfpkNXnPv/jOcB05yn6MSy/jP4k
FVNJgnamC5I0uoSA98CgyvwFQdhrkSrpAL7IEaGJS37aAXlyTEh60FsQL4vx080wytkD8zLpeIWi
V41GjFuLu9mDB3lFsmRHOa3r/skB6Z+d98jF+eV5nxx2uxfnJz3SPbkhkDl+PLnZI3AT6V/DXSfk
y9n1xQnp3lwfnfR6leLwXymMLou5kJEZXXCC7HljJp2xlMXCzTogdsgNfOlV5C1l3K2sHKxEhR8Y
5xG4ZjAk5PZHdqbsC9JEjIQR3qY7k5gVEnC6Sxeej2vo4xqjBwZ8+UDl8d1oBjpPB6VNmYd5gZIr
kqu0qp5d8ACWxabJktVaVfOavFlNkua8pjkf0XgIg6LsiTBUCaz0PaulK0cZkqOfIvop8NoTGmUy
CzEpgQwtAwt8s5dHg6IJ5kaoAmsQAC7F72Q5+irkWnl7Ze6QRogs9Be0cAgf9xFZ0p8oxFNJPjDa
rFY1r9DbqfQTj8KjNB2FYcFbEItJHmbV0/qOsmmYpoaRG63JR7ZBVpiUZR29PHNElcXQE5qhNmQ/
m0xVmqVyOaIbytiQ6+sYb9IPSNolmTkH+KX7ewZDna4QMIRrCHnQw4zlm0TvYf4KWhvlaSf6K+xt
SdVerkiVHejssqKowVt/KCecG3njLLpLctqP6BShfJJNILrKb6/ncwdUJFEzKUXFUq44XrQo5Yh5
bGOQdU81RbLDMqbDGYTb+kJjx0I1FW0asyL0eQq/ujkfQgqXvtHkTOYMZQ+miWzB2zGQIrMUSBxR
ekCdSi0UlinFyQlRzygOl9zBY1qeip+8Z7x5meeiAPHrjznep1E9ZYeDKGIpKuxABwhIysYiVMnl
kKbeWObgkmTIl8CEdIiRvk1NgXSrCixDtkgzVWR7ZWopb0K3Gs9TRL5Hyo6hQKk82XE5zYkBt91o
aq+9zGDllBaTR19xjpMameLjwwDUZFXIGWSBYEtvZVpHjrqf9uBZoGEI4+ue+2D2Mk1Q3nOBvyzx
H5BmnnAvc/FESse4t0IOfXBUYxoG+/iJCTlB8BnYsO4KOiVYR0EDMwbiMugZyMxJyMkDejVMLmlY
IUjEp27UzdPs5UxQ7u8Gou5xKRQezKbRtKyvC/OaSz3qEv6dLfSJCXmuRqze5dkSJOzKPIzQWu+4
6qE3FdLVz4QUP2iDU2k9JdW2IHsMYjpCFkAnILZkGsp8BeeZMO8PcbDTGPV0FHIss8iJcwzTKJak
5LL/SVKaAEvI9jBLCU7UpSqX3alpRSX3NZM0K+NTB5JatHKfDbPRQT5V+V/i4BRFZ2pjGKqyneh5
aqJm1mjJUSJU4NLW4CAy5ZwUtqOxEImcfeczFJbPQaUH82lKSUJnuafEikleXMI2Y/IKhMlipUpY
dGECp8dqGixLSz+Rr0PxgFYfk/Nj8vrrp/PjN8AzmDzQAPffg7ufxurtFzAMnLnEMG2pLPM/sAQh
b5HCjsDSv76/yPHrWY0B+Ul2hgUmGTQh+8DprQzDkjeRl0l0CDGKPkEgu4U2HszLDxn3DUOkkKeA
d2M0zf0m8K9qlfkMQE4eNaVgN5BzypQsEl7Ip0Q+C2ZzSedgMjiJxHMg9HwcQ5qOA9IXl/M21aUx
/8oLZWappC9rHcre8bxXmiplyHu1cWeJrrl4MJJT5ev0M2X1zAGZQpI04yF2o/y49lG6FwxENBot
5ggRPhYW4+FefpdVYVtZnlJaPpyIDIdwoAKOHtEoSq1jDLDoomQlAuwQf8sICQ/fyHhpPCwZj5ia
+Q6ZQjZU52nLWp0McePc4KWNyxKeFXkV+9jRgn1wRIQWSQVePBk6CIOgtorK6moyaQyYwD7ycQfE
5g/j3wU1NTmYsS5QzqY+vsFo2KT8YrPsSJaEzbF5LDsbyuOvpQdCebIYNU1wVw2kX5o7ousoeQSX
z1isA74ycckrMopxF/9CPMtazUJClcci0r7pnqpXeMBPwixG6WYqplmYG6O+wFAm79EesSb9oczw
y1PtxTCYoGOCaKdzZ1ndVdWpAx3FsZgmZ40KrIKg1heerL0oc/hLuaG9Q2zzWQG0GG42eDqGdDMQ
hkZglJXVCsvizrFAzUhSKvjiWoULSTF4svkE5z0JbuRMgMNkSTpO5nQ7WbZLFqQXo6NRDPNnVSfT
RTVVPEhjKjVn8SfpgxF8fXx9gEVM7fNV6EOncM9Uck1h6NzLHhNJ+JIBCasYhW2ItAvJK9NUynkk
VFCoatfGBEE+KutQZeaIEi5M0UHaHaGdGEWrPfCP0zHdI3gklozP6SINA9cbsBhS7bKnzjc+0K15
uFLBglpFML16ZcTXDFJOCOXSi+XOQiOUmlfteR+PNK14NVWd8snSV+sAjEjxfhwJ6JpRs+gwsUNZ
3dMP5ZXcyrID3WL2kEvz6RCv3bbSrhoVRuFE4wD0qZZnXiIZa6D0GDjL0Ymz9hhYbYa5iS8zRx4s
EMH0AxhRKw3ogfLKgfJxgE+7yDyy0ZDTRE9LIJOkk2mYX2HOAzRqXR3kSlNtYLdYvTogf5fJCsTP
PVnO+gcilTOOZZg0V0AkG5g44i4UVTXI16xkOWBVxJIBXUboRCbIcraJZ5YBrTrcmuSrfiUN6ifB
FS6MCip6LXs8IKcXh/0D96+tvUbnwdmrPdT23L86f/UxIZLj/DWurXvoXN+2q8oVq6t6443K8tTq
gjlZVyMcYwvIWFfSZOohS2GgNW+OayqZl2Zx7pTzGUq8WJeQHgfwQKjy5DJQkgusnK9pgC2odPbV
qXQ1sit5v4Ukk5mCgtwakLLMLY2kT0zl/JY9gONL9OTOu8PpQSInMiCRIYfEfK6SOHkf8ivPiA9V
GFFjRnEp8UMyEi98dWmvxPAjEQnXpz2og0tKbdycj2v2Qw9yorEJweWlyMf9sQZMTG59kYIztKC4
cmkBsjg0r335dsjyOuCh3Ea3hIwmU/NyDOHDvOYwymYm4Fsil+AX15OhWiwzYZiK+XJr7BI29Wy2
b1igqwvWk9LvJzYIMpSJCel1LywK5sk/QzyQJ/9FFk2puGMRhHeL4zmVS6WuPufrO5+qLQUduanr
e8iH5t1w+TCxZSqQGrdarTmOi4dYdI+vLU59cSspKQIBxG11wHCPksS6scdxQH+9tFgsUACXsdxI
WQDe48FfFnCqi4V6b6QDEQkJHtvGtYy2tzKZylKOn3LCMw/l5gk+GvKI4pHmEguKSfogfyhvUp/M
8OL5FA+glQBX2RrDtMWyNv+R5rilbCmimiXuxPguB8zbMumSR5myr5zEXzEPu+7Kks/y6d9++397
/bgC
===END CRASH DUMP===
