PocketMine-MP Crash Dump Wed Dec 1 10:40:29 +07 2021

Error: Cannot declare class muqsit\invmenu\InvMenuHandler, because the name is already in use
File: plugins/AuctionHouse/src/shock95x/auctionhouse/libs/muqsit/invmenu/InvMenuHandler
Line: 35
Type: E_COMPILE_ERROR

THIS CRASH WAS CAUSED BY A PLUGIN
BAD PLUGIN: AuctionHouse v1.2.5

Code:
[26] use muqsit\invmenu\metadata\MenuMetadata;
[27] use muqsit\invmenu\metadata\SingleBlockActorMenuMetadata;
[28] use muqsit\invmenu\session\network\handler\PlayerNetworkHandlerRegistry;
[29] use pocketmine\block\BlockFactory;
[30] use pocketmine\block\BlockIds;
[31] use pocketmine\network\mcpe\protocol\types\WindowTypes;
[32] use pocketmine\plugin\Plugin;
[33] use pocketmine\tile\Tile;
[34] 
[35] final class InvMenuHandler{
[36] 
[37] 	/** @var Plugin|null */
[38] 	private static $registrant;
[39] 
[40] 	/** @var MenuMetadata[] */
[41] 	private static $menu_types = [];
[42] 
[43] 	public static function getRegistrant() : ?Plugin{
[44] 		return self::$registrant;
[45] 	}

Backtrace:

PocketMine-MP version: 3.26.1 [Protocol 475]
Git commit: 6b7d0307afb36a7faca2dd65734e15000baf17ba
uname -a: Windows NT tungnguyen2-8si 10.0 build 14393 (Windows Server 2016) AMD64
PHP Version: 8.0.13
Zend version: 4.0.13
OS: WINNT, win
Composer libraries: 
- adhocore/json-comment 1.1.2@fc2f76979f0a44a5f5bc2a2b600d0762fe0e78e7
- daverandom/callback-validator unknown@unknown
- pocketmine/binaryutils 0.1.13@0abee38d4e2861621f262c79a2a3d699d8a697f4
- pocketmine/callback-validator 1.0.3@64787469766bcaa7e5885242e85c23c25e8c55a2
- pocketmine/classloader 0.1.3@3c484a27787f7732ce842ed694928a29ba340961
- pocketmine/log 0.2.1@830b44a2cf96ef703c550abe64302f230231ca49
- pocketmine/log-pthreads 0.1.4@01620c3628cdaa6b4a21122cff4c5d2f70b5c1d3
- pocketmine/math 0.2.6@43057cb8c179a9859677b496a788db922fd5cfc3
- pocketmine/nbt 0.2.18@9f82ca4d7f97fcd9a566e44b63c4f18a7657ae82
- pocketmine/pocketmine-mp 3.26.1@6b7d0307afb36a7faca2dd65734e15000baf17ba
- pocketmine/raklib 0.12.12@5abe22043352e94099e4edfcef5fb3644578ddc1
- pocketmine/snooze 0.1.6@92abf1e988c71635d466abb777f61f89e5a9c990
- pocketmine/spl 0.4.2@6b08b7cf8c4afa17139c9a1b3bf1b408531de161

Loaded plugins:
AddGems 1 by  for API(s) 3.0.0
AlwaysNight 0.0.1 by YTBJero for API(s) 3.0.0
AntiInternalKick 1 by Jibix for API(s) 3.0.0
AntiTNT 0.1 by Adam1609 for API(s) 3.0.0
AntiToolbox 1.0 by FaigerSYS for API(s) 3.0.0-ALPHA4, 3.0.0-ALPHA5, 3.0.0-ALPHA6, 3.0.0-ALPHA7, 3.0.0-ALPHA8, 3.0.0-ALPHA9, 3.0.0-ALPHA10, 3.0.0-ALPHA11, 3.0.0-ALPHA12, 3.0.0, 4.0.0
AuctionHouse 1.2.5 by Shock95x for API(s) 3.0.0
AutoClearLagg 3.1.0 by Twisted for API(s) 3.0.0
AutoFeed 1 by Ghast Noob for API(s) 3.0.0
AutoFix 1 by Ghast Noob for API(s) 3.0.0
AutoInv 0.0.10 by JackNoordhuis for API(s) 3.0.0
AutoSell 1 by Jero, Cur for API(s) 3.0.0
AutoXP 1.1.0 by JackMD for API(s) 3.0.0
Badge 1.0.0 by YTBJero for API(s) 3.0.0
BanItem 2.3.3 by LDX for API(s) 3.0.0
BanXuid 0.0.1 by YTBJero for API(s) 3.0.0
Bank 0.0.1 by YTBJero, GhastNoob, Kaido Joestar for API(s) 3.21.0
BetterVoting 2.0.2 by Twisted for API(s) 3.0.0
BlockCMD 1.0.0-beta by kenygamer for API(s) 3.0.0-ALPHA10, 3.0.0-ALPHA11, 3.0.0-ALPHA12, 3.0.0
BlockCountry 0.0.1 by YTBJero for API(s) 3.0.0
BlockSniper 3.2.3 by BlockHorizons, Sandertv (@Sandertv), Chris-Prime (@PrimusLV) for API(s) 3.2.0
Boss_Quai 2.1 by phuongaz for API(s) 3.0.0
Broadcaster 1.5 by EvolSoft for API(s) 3.0.0
BuilderTools 1.2.0-beta4 by CzechPMDevs, VixikHD for API(s) 3.16.0
BurgerSellWands 1.0.1 by Heisenburger69 for API(s) 3.0.0
BurgerSpawners 0.1.4 by Heisenburger69 for API(s) 3.0.0
BuyKey 1.0.0 by  for API(s) 3.0.0
Buy_cmd 1 by TungstenVn for API(s) 3.0.0
Cameraman 1.1.1 by ChalkPE for API(s) 3.0.0
ChoDenUI 3.5 by BlackPMFury for API(s) 3.0.0, 3.2.0
CmdSnooper 1.0.0 by HotshotHD for API(s) 3.1.1
CoinAPI 2.0.9 by onebone | Edit By SenKai Official for API(s) 3.0.0
Command 1.1.2 by PIG for API(s) 3.0.0
CrateVH 1.1 by PIG for API(s) 3.0.0
Crossbow 1 by SonsaYT for API(s) 3.0.5
CustomAlerts 2.1 by EvolSoft for API(s) 3.0.0
CustomPrivateTalkCMD 1.0.0 by YTBJero for API(s) 3.0.0
CustomWing 1.5 by YTEsDev for API(s) 3.0.0
DEVirion 1.2.7 by poggit, SOFe for API(s) 3.0.0
DLevelIsland 1.0.0 by Nguyễn Công Danh (NCD) for API(s) 3.0.0
DancingFarm 1 by RicardoMilos384, DontTouchMeXD for API(s) 3.17.0
DanhHieu 3.0.0 by padreon for API(s) 3.0.0
DevTools 1.14.2 by PocketMine Team for API(s) 3.13.0
EasyCommandAutofill 1.0.9 by jasonwynn10 for API(s) 3.0.0
EconomyAPI 5.7.3 by onebone for API(s) 3.0.0
Enchanted_Item 1.0.0 by Panda for API(s) 3.0.0, 4.0.0
Eternity 1 by minefore and shin1134 for API(s) 3.9.0
ExtendedBlocks 1.3.0 by Javier Leon9966 for API(s) 3.14.0
Fishing 0.4 by benda95280 for API(s) 3.0.0
Fix 0.0.1 by YTBJero for API(s) 3.22.0
FormAPI 1.3.0 by jojoe77777 for API(s) 3.2.0
FormImagesFix 0.0.1 by  for API(s) 3.11.4
GCPClan 1.2 by InstantlyTa for API(s) 3.0.0, 4.0.0
GMCDetect 1 by TungstenVn for API(s) 3.0.0
GemUI 1 by WoolChannel3295 for API(s) 3.0.0
GiftCode 0.0.1-Beta1 by YTBJero for API(s) 3.0.0
GuessTheNumber 3.1.0 by SalmonDE for API(s) 3.0.0
Hyperion 2.6 by hachkingtohach1 for API(s) 3.19.3
InvCrashFix 0.0.1 by  for API(s) 3.14.0
InvSee 1.0.0 by BlockHorizons for API(s) 3.0.0
KeepInventory 1.0 by KhoaGamingPro for API(s) 3.0.0
KeepYourXp 1.1.1 by ArasakaID for API(s) 3.0.0
KingofBlock 1 by YTBJero for API(s) 3.0.0
KitUI 1.3.5 by Infernus101 for API(s) 3.4.0
LoadWorlds 1.1 by shin for API(s) 3.0.0
LockWorld 0.0.1 by YTBJero for API(s) 3.0.0
LockedItem 3.0.1 by ytbjero for API(s) 3.0.0
MSpawns 2.2 by EvolSoft for API(s) 3.0.0
MapImageV2 1.1.3 by Fixed fernanACM for API(s) 3.0.0
MaxEnchants 1.2.1 by Xenophilicy for API(s) 3.0.0
MenuAuto 1.0.0 by JeroGamingYT for API(s) 3.0.0
Minion 1.0.4 by phuongaz for API(s) 3.0.0
MonsterGate 1.2 by K27 for API(s) 3.0.0
MuaDanhHieu 3.5 by BlackPMFury for API(s) 3.0.0, 3.2.0
MuaPointUI 2.0.0 by JKPVN (JakayPluginVN) for API(s) 3.0.0
MuaSsp 2 by NoobPvP2k3 And Shin1134 for API(s) 3.0.0
MultiServerChat 0.0.2 by tungsten for API(s) 3.0.0-ALPHA12, 3.0.0, 3.0.6, 4.0.0
MultiWorld 1.6.0-beta5 by CzechPMDevs, VixikCZ, fuyutsuki, kaliiks for API(s) 3.20.0
MyItem 0.1 by AnhKhoaaa for API(s) 3.0.0
NGVS_Khoe 1.0.0 by NguyenDongQuy for API(s) 3.0.0
NGVS_Quest 1 by NguyenDongQuy for API(s) 3.0.0
NVSSP 0.2.1 by YTBJero for API(s) 3.15.4
NV_Mitsuhi_Otake 1 by Nguyen_Dong_Quy for API(s) 3.0.0
NameSpaceRemover 1.0.0 by JackMD for API(s) 3.0.0
Napthe 0.0.1 by hachkingtohach1,tungstenvn for API(s) 3.0.0
Netherite 1.2.1 by Wertzui123 for API(s) 3.0.0
NichiSkyBlock 17 Official Release by BaliGamerz\MadeAja for API(s) 3.0.0
NoAdvertisings 0.0.3 by YTBJero for API(s) 3.0.0
NoFallDamage 1.0 by DeveloperNeb101 for API(s) 3.0.0
NoPvPArea 0.0.1 by author_name for API(s) 3.0.0
NoTP 1.0.7 by awzaw for API(s) 3.0.0
OffHand 2.1.2 by alvin0319 for API(s) 3.0.0
OnlineTOP 1.0.1 by HMMMM for API(s) 3.0.0
OreGenerator 0.1 by phuongaz for API(s) 3.0.0
PCEBookShop 1.0.3 by Aericio for API(s) 3.11.2
PHP-Sell 1.2.7 by Muqsit for API(s) 3.0.0-ALPHA9, 3.0.0-ALPHA10, 3.0.0-ALPHA11, 3.0.0-ALPHA12, 3.0.0
PM-Beacons 2.0.1 by jasonwynn10 for API(s) 3.0.0
PiggyCrates 2.0.9 by DaPigGuy for API(s) 3.2.0
PiggyCustomEnchants 2.4.3 by DaPigGuy for API(s) 3.19.0
PlayerVaults 3.3.1 by  for API(s) 3.0.0
PureChat 1.4.11 by 64FF00 for API(s) 3.0.0
PureEntitiesX 0.7.0 by milk0417, RevivalPMMP for API(s) 3.19.0
PurePerms 1.4.3 by 64FF00 & ProjectInfinity for API(s) 3.0.0
QuyenVipUI 1.2 by NightBlackDM for API(s) 3.1.1
RandomBlock1 2.0.0 by Edit By Nờ Cờ Dờ for API(s) 3.0.0
RankShopSystem 1.0.0 by zZPROGAMERZz423 | §eFor issues report by §2Visiting GitHub.com/zZPROGAMERZz423 for API(s) 3.0.0
RankUP 1 by PlateWheel remake by BrMcpeBoy for API(s) 3.0.0, 4.0.0
Report 1.3 by ImNotYourDev for API(s) 3.7.0
SAC 3.6.5 by DarkWav for API(s) 3.0.0
SETVIP 2.3 by MCPEVN TEAM for API(s) 3.0.0
SeasonPass 2.0.0 by TungstenVn for API(s) 3.0.0
Shield 1.1.0 by JavierLeon9966 for API(s) 3.7.0
Shigeootaku 1 by Nguyen_Dong_Quy for API(s) 3.0.0
ShinPickaxeLevel 6.0.0 by shin for API(s) 3.0.0
ShopGem 1.0.0 by YTBJero for API(s) 3.0.0
ShopPoint 1 by S2TwKen for API(s) 3.0.0
Shulkerbox 1.1.2 by UltraFlappy for API(s) 3.0.0
SizePlayer 1.0.3 by  for API(s) 3.0.0
SkillAnimate 1.0.1 by Tungsten for API(s) 3.0.0
Slapper 1.6.2 by jojoe77777 for API(s) 3.0.0, 4.0.0
SlapperRotation 1.2.0 by jojoe77777 for API(s) 3.0.1
SpawnerGUI 1 by DandierSmile122 for API(s) 3.0.0
SpawnerUI 1 by DandierSmile122 for API(s) 3.0.0
StaffMute 1.0.0 by YTBJero for API(s) 3.0.0
StaffTable 0.4 by GigantLeyKey for API(s) 3.0.0
TableSpoon 1.0.0 by CortexPE, Xenophilicy, HyperFlareMC for API(s) 3.0.0
TimeCommander 2.2 by Zeao for API(s) 3.0.0
TokoThirstBar 1.1 by Rand for API(s) 3.0.0, 4.0.0
TopLeaderboard 1.0.0 by YTBJero for API(s) 3.0.0
TopLeaderboardCoin 1.0.0 by YTBJero for API(s) 3.0.0
TopLeaderboardGem 1.0.0 by YTBJero for API(s) 3.0.0
TopLeaderboardIs 1.0.0 by YTBJero for API(s) 3.0.0
TopVoter 3.2.0 by SalmonDE for API(s) 3.0.0
TradeNPC 1.0.0 by alvin0319 && FunkaDev for API(s) 3.0.0
Trident 1.0.0 by brokiem for API(s) 3.15.0
VanillaEnchantments 4.0.0 by TheAz928 for API(s) 3.0.0, 3.1.0
Wolfies-FloatingText 1.3.5 by  for API(s) 3.0.0
WorldProtect 2.3.8 by aliuly for API(s) 3.0.0
essentialsTP 1.2.2 by  for API(s) 3.0.0
fly 1 by IDontKnow for API(s) 3.0.0
iProtector 3.1.1 by LDX for API(s) 3.0.0

----------------------REPORT THE DATA BELOW THIS LINE-----------------------

===BEGIN CRASH DUMP===
eNrNXQtz2ziS/isoz9XOZM+SJertrdzFke3YE8vWWMpjZrnlgkhIYkQSXD5kK7vz368bACWAVizJ
VjY3WxuLTbLx9QONbhAE/3Uw5nFA07s5ixOPhwfH9cOD1AvYwXG1WWvXapWK1SnXrFqr1Tw8yCJ5
qlmu1hqNTrNSa3aq1Uq1enjA4pjHB8f/OkgXEVxxcHbXven1L6/O7s5ub29uDw4PApYkdILnujQM
eUpc5vg0ZgT+TRISZP9MvNS2vXAesDCz7ctw3oMfFzR0fRYfkhFzaJYwkk4ZCWnAiJcQ6seMugvi
hQROQSNjz8cWIj+beGFydJI5KUh1weHsURI7R8mUO7NO4+GIyjNTccb3RsmRBHCk2j8ymwfWvhcC
61rjz0PF/g4u5f6cweUptOl6MXPSg/wsUPTWge5wl6GGrCacQ0keiRywlLo0pbaNTffU0d/gXqu1
+Z6BF0589tYHCU+clMePeLS/xSMB0wBQ2w5Zes/jmW1Ppdi23ffpgsXXkq6UccsmXpLGC8G0o5hG
0CxLA1CSbY8Qg20LKOcUsYhra5UN1166ibiuuua6JbTAieAwinnKHe7bNjpcYtufvNDl90M8EDys
NTykZVAo/Csuq625LAUnsu0h/CsuqcMl+LcBf8deSH3lsaaH/AsvaapL0Vp2evTXv5I3cxoT2d6/
w8z3yV+P8IK2uCCKvTlNGUlSmnoO+a9YKpaGqWi4I7nVKyY33a5//4dkWK+uZYjmvRMKIq/J3/+B
XOuW4lqTd2QjH65UN4yzULgsmbD0dgnml1fkmPyvFALFrNfFrXYaszSLQ5Iwf3x8XEBfb4iL/jyA
/gJEB1z/7/84PJiwkMXUx36AnRiu6QvN90DzpV4fbhzRhK3C0UGtbEG4QXrm+e7BsVWpQbjxkjuX
zQ+Ox9RPGHQ55Q0QvloNaMTDDtkctdxKrdKi41GtSVtj6lDLdZuNVq3Oqo1KpTKi42prRIF3prBI
J0rI9ZCkWTgJJ9mChVapnXikWilXiMBAqvVap0Z+yS8esBjgEqtSbb4iJ73TZh2DwDQCfu1yBUIl
HH5lIWA/qOfHcPqOJ9ji5fX1EAji4B7CBsaJIOIJi+8gLMU09liC2qIuhC4es6MvCQ9LcI0KO9Vy
tWy9GTvWuNXstDrjCq3XaWPcGDkWtUbNSsWttJrWmFVYq81awN6lgBZ8lgdHDvX9EXVmpTn1PXAn
jOCgi1nI78M36i+CXfaNoxH4f7zIoIcgXhAGxHlToSPGam23zqx2s9q0qmOraTmtDrVozW12Om6b
ArRx3WS1tvEqKKj2pllvtVt1uKfZHDmUtlij3W5YdYu1G45Vc6wGazuNBrUKDLFX+py6LFbYam9q
Tr1dp1YL+I1brZrlsDawAVD1jtWmVmdEa/VKp1k1Ofl8IjhY5eqbdq0yAo1azrjTZONWpQYto8DN
eq1ijS34p1Z1aL3ziEMpSqc4OuWKqr8BB7EqTq1ptR2X0uYIuFarFnAe152GCwasjBpO1a2ZrGB0
nio0zTfQaKPljNpOFdTbacMY3GqN6h1w73bbHXUsa+w2nLFTYBGO0lye9pvOuG0BYLc1Bps4boc2
mk1Wr4+aoKtxtU1b0EMoaxeUu/pZCqJlt3yzQx/TmMV0Br4t9QKYrDcNUKhlVeq1WsNiHbBIh9WZ
O3bYuIGM6/VGq+26TsFMScj5V6bU23zTsehoXGWddttpQfLScOvNJh2NWq3WuFkdtzusQTtOp1Mp
MIl8waEOvag5qrRHLWfcdup0TKutag1uoNVRDfiO6pV2o1Z1WRW85c9lEiD65onrvmNBogW1nHJ4
sIpkiJ5m6ZTHiYyFNPLgB6gSQssBHLOQjnwGcSKNMwhqLosgaqhrEz5OT3VCQEWOEU0zHk7oV9u+
YNCxYXDDdntURBLsDBhhbwbDTze3V6dAumcjGPsRIgbmE/+eLpJrbzJNdfAaVReggtHLEOLg9+Hb
X1nMD/YkjWJn2xQE2VqIMPUuw5TFMDS/95yZLknx1LftcfCrN/Ie9iWIYGbbxfZ3E2oII4Mpy1CM
FbpFCkKcuDSoNiudfcmhGi3iHgxPbocf+utRc+6P+EMRuaIaBihXTPTn1JuwePD7oAi/dHLVvzjB
AUQ7bJiHTfOwZR62zcOOeVitFI6rhWMrP8bM5iUKXYoonUOpxTjY5B7TNI2S46MjyHKm2agMqcDR
kuuRzgcNopcgmkXMykQ3iVVumEYZqJLpZS51cObwkAeLk/4lsIfUuRvTZHoue5zSTV6cQffXqjPQ
jYl2c9/JUt71GY2v6GRiSK3TdbFr5Ue+OLyHZBZE21NHSiU7FA0yVQThAwiUzcS0q+UVzJNk4WdB
r3tk8lPKOGeI1tCDID0RDd9NaZKSa85HewslqtUdYiDe4T0UkXsPPwA4RvNdcIOHF3Aj5dFoWnC6
XyEfBuixO828ZF/4vwDTMGcqHRAqf+l6EtRWEg2Y7xdEEqSnhlQYyw9JN4v3aQqoNv3dbPG5X8D9
uV8Ieo96Pxqid7q3bEBwkxr/3N8O/Jq+LtkcKQlAuLfUnehhXR4XhtiiaN8rZRONb2+YtzS8TFlg
oJcUHb9VrpVrJv6r08/7wg6sELdo9tlWASalXrd/dpTjl8J9zjzXFE5QflA+rZrfyTwzE/5sW+yH
MgaLEHx48J56Lie/cpak1IwDVnUPgo0A2A5SsRSS8Y889UI9MTDIpvtB0fwd8oKDvjeZLLpZkvLg
LHSmNEyTgzXJwkgAmwtgYEQT5mZpcU61C2FMkzQnPQoSJWiLmqLOWLiYwH3x+nR8h6T5mVbO0arp
YYl7S7F5Fqbx4pHoivyjuqGGYQevxbsGoRexuCiPopq5rFUMmeLSCx57X3mIcxIDGrosTufklzf5
z1dA7k5jLyn1Yy9gcAb/ZsnVx1dmp93Z1XuLvs/Tg4JVczRKJ1IO276S03fbKIUnyd1vGfV0lSxp
ZicuWDefMznY+xzMSRZTBAFSwb9biRHDFQ6ES9O2GtXsqYXi7GzO/QHA2pcoWsMgg4HiidI/HxXv
7+/LDBAh93I6E/LhjDmLsSTV58cMcrEAlbGobkra/cqcab93yuZ4w0fvwZtdmAlatfl8uR3kHgUu
cIeoK8GlCA60YELdNT3QcB8ZrIRyYizbIaH9RAUiTT/mmWK4Lnj0BfMSFo7ETc3dJn/0wvwJBZkt
oFYMgDsEM3ljRO9DFq8ROT9RmOYq1/cm8e5SKkzPThELYIUWFu+ZMTpJwtO5+746uWhrF5Mt7pzA
NdEKyhO13zALJxA5wo/hvowjOWK720PvYvpCAxpq4Fe0YhFYEKE7pf6sf7Yv/A6ys20nb962dSQb
fQpcSnAoR0xINuWnLPxwqQuWk8x0oFFMBqCM7PfOM0iDipIdPmeEX0mYAwDJxK8d7BS4g5BzM8PR
iBtq2gueJlOeFgcEMOhzbRW4iWwaZNFhbJaEeyHGUk0MRSkWFh1TBh6yEfyf/JucuV5K3i7IgIVQ
PZGb8dhzPOrvyw9VQ+CJAAwYgoRLhFuIF4C/uoZ4klLsTIW6qX/5bl8CqBZ3GHS6MU3ZxwsdtaIU
UH83zAOe+Z/EzNUfmT+m08A7/xLvIgDkkyN+b0igSE8E4QFk2PT3YUGIxvOFEOzAYVTbOwggat0T
H9IqfdA3yE8m7fvOdPWWQSATx/NyXcmkL9fgDCFUm7X32tM/aLJuHZZdjfnJnETRiE+WLL8PzxLI
hvdrx09igmRb/KdnH71YwFuiX5KKxUirUDvyCa4ughr65pztrYAUTG17LiDYNpQh6pcGa8Oj19Mr
Nmf+ZeKb0dkgb3C260m2sLMqcxoh6dpZpTKuhxNySsMp+eW6e/rq2XXF4cE5j4MNFca1WGzVhUoa
WwTRTeSbjUpDB7zgnMb6pLJOfSJQ3noOjV3e83ye1NpYa5zyMB3yzJn22OdCWtF6vqUNriDjCp1x
sKW80wuPZaawkmQmgI8MHVE3Znxviblih0sm09RnJ6e3O3RFNi/ODSxJhbG5/iilWK4cJENGA9NI
tRcYSQEAk6ygbDEkaBXfCtrRkgdIe0aThcpe8CnO2DMeqa07W+yyhaTxC014eL8Iw2plf48Llyxt
ew2k7W2rRQBNSD0srGRrlFvFWUuVp+497WUSgch8DTSbBZJT9cy9Kzy6KpzYEGf7oE26pvZ60cKS
JYQd7IMLk7xUn4ZYkp6IlbhsbsxjRkAMkky9sFqt1Q1xOs8XI2du28F4B0keUuDEXDGXrMeSwgnT
MLXHT33nHovJFQSzTqfZNANK/SXPf5Fvzha8zkC1vZjnHqpbT7pyijlbVpgrG0FjtNOw2nuLEapZ
2161vyE9MddxFNdwbPkIxrL2kPrutJQjz1s06IqywZW+8C+ctfC/lz0+0eLykiPIIEEsf2wrymVA
Jywp2MKgP20Vo0PgnOxze7l6AwVfPvJE2+NdrPKu2+/6xpxeTilk76ZNLsMkhRDpL4Z7j75ezhpf
xBk71PFxfu+8e6JQbTO7B7dFrDwPhYS97ilL8X0iTcYl7UdMu04CxxWt72AmFhjzk/L4CfCfIE/q
wigWMr9mdRr7kuDdtqs7BGhvnHbVm1o57pz0qHOU3rKU/oeeHeconr98CNi8ozDATn4fCkkzliTD
KbvOgpEx71o4sWGh5ID6AQ9P9zZNnvMDiQ0c25vwYhGxQnm/JJlzTE1TlCl1pjPQT8rxV9Uc/zuQ
nz5TpAJf287hrH5tGSNwZsB34kU5WaQsKYcsPXJpMh1xqF6PUHZ9Ze1KfJ26Q4R/QcqjvWPoYMsi
vm//dB8ADxgzJUDChszaXOiwr8dl5noFiWQXYd4zFsFdLMQXITWZTPqTK+PfTzmVfbe/v9BiMLVt
A872vQ1v+51n8eeoIJoibnjIdgLeQWf0cm+LLZcMpUQSxQ7igDr4WNhcl0ejPjGA7Tn2v795uwvw
1Bht5XExTW0UU6IxFHxZUq2Y0e4FPV9jCRZAENvLgH3qE499Yy2ERnzyaQ1WIntbGbpsc/vhFkdb
J5qH5ZRHUhhnJngYsuS0H7QC7erTLtZwZswtTHVoxOIsY0GERTr6skcRFDsMvDkC/fc2AvXESg7d
t3KKmRZY3/fRk2oUDLFs/XkPnHo0EpXbR0sXaUUsht7CBBtkA8wl2FtpeNLt7W1yYPWKU47lLJyI
N+vN461MRh+WC2R1GVfU4gObghd+ZiGPpp7vOYt9CaixRJGWUIyDrYRjYYbTqrpkOWlDpmMk8/vy
S9X29hGi54Vmnq0IRfD177sAs3t1cipW7snmd8APGV3K4nc01XNNnfrkhMJ7q7W3od5qAexVw7vk
l72MrnkYpFN/4IKgLmBQK4K64rne1rbJaJ97oZnUaMTicppiB3nf/3hNfvkVUsGF3Lri4/Wrvb3Q
g8xBlIzuJM8giUxZkGDIUXggy/moP+9bsxo5CV0yWDfX/pL+LgDsIoGfenK3i+6UpoYo5pliclOQ
K1WTVN94r0B/2Rb/Nl86O5e3V9tR1mL2phHNuNBUa5YbG9csd//AXYqyRZYm2QzXqc+o73kzs1i1
KntayRwg4HsEjM6qgX/JKmaNESpqUUgQFeHp19TDKRaflO7NlRfbv8OFqK/ffRzcAQQ97K9oW6yT
YOEpDGG/ZXtLKt5f7oj+t4wlaRG+JD5RoX4X7KcXO2D/OBjo72PKY9NbrG2qoWrj+c8fTnz28Db2
wl1g3/U86LNT7+4mpTPDb4qnNqr/DvV/t0cDXH/cQRJADXWHw25ZwOfGxO+jU5uS0O/ylmwRxS6i
RenUMI0kbKi1C9Ozh/lwMd/bdMKjCWAJLP+7lWwMLow9I1Fd0TYUQZ9YnH7NvKpV25dEK44gRA7j
2Y8mVtyOVjKh0J4z9QazRXE6zqQbwreW66XJLfMZFVtG6NkujLfvcN39V0TrspMvexuEdNY5uN2m
j1YayaGhEviJCwKmXgIepFfBhRNFL6/9Z2aUTBQ7dFZ+Tn3/lAbUeIfdID85J36K6wNxWf41GxXn
LysvWv2ls0UBV4h2EQ8y95OYUUO2nLYhIsmfd+K2vT7GRWkUBu3ndvIMjWEbD4vDQ2GtLL3/Su/3
hV8ws+2Qp9Gzw4wEBMJAiLgw18nmlMIa9GLlQv25F1Zq1b29cbZkaNsAAbfdXP7Yxio3IW5LOrzR
TbOibXprsAf/7W95na+m+LbrHzcxeyf2gky5noIY5CdriO/3Fq+OYZd5mH737C3ns8GU62W+Ti0a
pBCiT2Dgc7xCmos++ORC62/sJfDN3Fc2YtsaMOPgGR1L8TzSuIin0f2Lfqmwb8yStGGhfU88QF4/
Q/D83bueuyYBAF+Ivrmte/d7pbeMOtx42qARi7NX1f/sut6RgIFbSuRwNksk3AxfmzJE0qgbXnA7
pXDxu0LRY+1564y8EfDoFTLj4BnunTM90tgcrXRiYinqxjxr6qhejABrdVR9wXraoj4MNGuJL9eP
wU7qSewi/ZFmvqkgnWzOUdfK32W7zHxZSiRanouW802ulzg2d4UsZoUZ0CXJDGv1crXQs5v18/PK
bp1aMO+zOFgT1w9wf21oLemLnXc+s7nHs6R/VsrpWt+4k22DvArs6tczjC5AqX3Wl2yUcs7C1Es9
lnwuaGhFN4f2VjG3Dzx/VqlXcUy4BZHm1O/3ev299YpY8oyCAIa+CIAxBUxqJIe582sfGtYjU16l
GGlFUymSVvSb2jq3IX8hYOcvzEkvw7EnFurvqWMYviEQaT/34B2SD2jhN5wA++hFxmMdjfjkAzex
J614XnXa29er3h8v+7gJjeBp2zmIjTHgVmyhLWr8qiaJQd7wiCp/z/saX7pzXXznTvw9lX/3ZVoN
0vb5C9wk0rjBIjGn9wsnNswQfv2jf3vz7qR3dvvH17pVI/8m+F4hbbFzHhMvSTKWkJhFPE7JaKHO
WR89AOKFE/LOSy+UPxUY7R4/VZRbLZh/IqgautOk3U19H/oFtX3oPzU1DINQyj5NGfNBIwGdMdTI
27jnROwtX+x7wfqSsW1LaDvIJuylyyYJhaVmhYVmwTVPcS1e8dXf1jMSwAfm475kyZCfeonDY1cb
5PSGQDYBLf+7jXSDk64mGh6ZiUmz+Pj8lMazT3Rv7zMrdrYNTYt/Nr9bMzgbQhDTUUtCYSPFQn3V
7Z99vCbDs5O9TQFIlgCapRBGt1I2w6KkTxN9TNSIGwLo93rZATmiGDkO/fdWYk09Zjw4VoSNm47q
r4nt1EuW81c7vIUmQeV/t5RrwjhP6SwzhVtSf8SjL2v70IUrKPqeM6MPTLxdbkphntJFaT72vX2u
Ni22vYtAPHpnjM855YdsLHHnTCe7gRereQrwJe2pbU2s4f17tkf1qzZ3gZ75Mxab+9xrxA2b4Xzw
05ie+zSK9tYPNJbYpQWSt3yHl+oG3lcmC2FdpBXx6bnLfZkC27vC9vB7VvnvreDPPN8/Cb3AXMtn
kDfMhw+/sSzppYMJPg1coTCPthINrWqaRVGKq5CsrV5C3UP6mEgAz34Ss0J2lMuyEvSW49eojHWl
xTOPtozcUvBnV4kFADt0K7l54Duj3tWIT4S5UxjQYcQeBJ7Pqpa1W82zKnQKGys+mXuKBncWbp1s
30+0vQqQ0vG4l5khY0n7z46h2OSOyIfYShG6JD65I8A7b0LD9IqJPSf3BD/BtrfHL1AOIm50c424
QfddKOfYQ/9MzHmuVvirlz/P8cOSve53WfC/wqj/3lylDb2Aqa1UjFhu0p98EeUPRvle97432n75
DvimKCgzn/Hh1IuT9C01ZDboT77Vdauqmn2OXrF4lIcgtvJUHl0xfAYs3rI1pDBO/KCt3DQIO/Q+
Azru//hNucTJHy8bwniufGaF9Pjcj5dupy0KTAEuk2/Kdpn8KNGKOHYS7iM3d0Nfkorb3H+XnQjU
tmLY4sG6XQlyNKtfW4kVgzau+/rc4pK0wUbLJULkL38h51k4o3vcPjEHsYOBYs9lRs2eUzbIMYr5
zGNBcRH3s6ErfmAH2b5t93srKBvl+EhDKMOoek6NX1PVO9K6s7p89TWzkVN28rVjtde+RPWCb53M
JRTcpjdmz/lEmMJ1tE4mUMQn7o89lpTOgTE+dhmyB926a08//Vr5vtYYQ8unLKzWaratt769r4q3
VPoxL+ykY5CLnxtqF3ufl/mL/S33Q262Ld7JiSSCbT6uuMasvcyLxzhzq3+bNf/weRoz/HIsvk14
ZEgLSmFJgo+7qZ8YKzoNcrG+tr6HffUWbbvQ/kbbjn19Lw08eqLevMSNN9+HfG/LUc/9HbbI8JT2
jZWOGrG4w071+37xatXyy1N+TQrxUVwag3QpK27QWer1y9FUfgAqEe8JlsH7I1w2jsvJDn7qL49I
l4djb0LG+BX22A5/GlD8nt+cVGuk2jluVI6tFvnvSotYFauKF0h+JXzA97raqdYsjehFr3F5NfwP
iQFP3dfyIbMj//iQmogfLm4zi9fcT0Hoku8l6WsO9SxQaBjyLHSwc+FkZIk6U4/NmYifr6EKxNZw
zqOk+jPY8bVsjj6oe5LXlqDgU8uAu0yeH/MYuC5pqjnQkosf+s6Po3mkWnE9fLMh89PFayHjJF+k
WkpYisExeY1kHx8hlNDLXve65Yvf+5efz67K12fD1cmEMVe7Fr8Q//r07Pzkw5W4SHpW6Z8Zixeq
bUWKHRBOAcPf5YgmCQQz9/VfxX+grSzlpYTOmbpx7rH7kuvh9mgOe91G0sOIP5TQv9UloPpJRifs
NQsnK21SnCD1k7w1SQz4aEkxvuNcXgT4HeefCDo0cYQLZbGYqxOeREDZxPBH8CwCQ2PCSK49QmNG
0ikjPAQ3TKfgdw4aPyUjRrzQ8TOXufCDPPJg5DXgAdw5RgZFngkds0PC8cWWBFmSUczojCx4Fite
xBsTcAIPAjq2APaPwZMgxgDja3a/ZHfksrFYpkbuefhzSnBSksYElR6AsPhN9QUiTKdeIuW+n7KQ
ZNEE8jxgULZD7BuS2bEdEvLTp6l444akHFoJXQIsSJLGAnwKlXKC6xJceVpA9Tk0A6LCL5YKfeGu
VA4juGjdFxoMkLN079y4x2QM1mR4IplmqcvRmhDzxSn7QPbCWHXOHv5l1QXpTnEtDGuRt/iX1jgZ
imuYA7cg+hPf5/cEuysuGFHDH5l7lPyG3ovXCDfOR8ZjgtFS3HomXFrdIzYzxW5HwKqgOOQ2WhCl
brxe9YDlaU2gnz5BXgVeA7qnrktilkgToerBKDMSMJpksQgZBAwzYggaFMj+mVEfVTvx5nDtnPoZ
I7+oRiHAvULuskXoe2INQwlMM5mw+BhOi7bl7mjoeSfJInSGNJmBc8Qz8LWyuOBDgrt8QGu5pHjZ
NOYQ1cDCcHlySEQ+QlRAgT5zCLoIIhAERyWhGxgOkBZkIXgZXiKZD4QLgEzgiTF/EM80QA0gkvDu
cAkOdasAXY7Rn/Ea9NtD4qU/g/rSWNwmNxkUblW4mfwCMmTQtyyhFiFGSUl6LFgV/ZkK54izMERz
uvLFHmEE8YmnpEygklK/SYBry4jYrOxQ76DKcVAjcZxFqaRKhaFiAsCm5BLGhY4LahL7uwoMc+65
AHs9AvQR9DkOigbvKmuOBheX5EW5z8KIAiNFvJD99p3PR+A8ONITSYduEHgpdv+ATehI7BBHBlLT
FaFbL0HW4vYhGu3eE4oXDgX9+r4kGeU+lggBx57Y65cw3BoM2YwhucyblD4OxsqwJ5MJBzvhS5vC
KbChiYBZEtCOSQWlgNZFlE6noGX3/70EmDo9hR8H7JfhT1IeCQgqwi4hKXYJgeiBIy1zl4Cw1SIq
EQA+iR6hwCU/7wGe6BMCD0YL4mQwOOFep4Q9MCcTgZdLvLI34mC2vJo9OJBsJCtxZNC6GZ4dk+HF
5YBcXfYuh+Sk37+6PBuQ/tktgQz0/dntIYGLyPAGrjojny5urs5I//amezYYlIvdf60y+rivohiu
MQQnKJ4zZSIYC10sw2wV1A4JgyuiirikhCv8ZYAVrCAjBSkhNIMjobTf8jPpX5BB4vAY4mWqMcFZ
MoGguwrheb+GNm5w9MAsQNxQfnw1uoFK+cFoEXMwWZB6RbjSqvLepQzgWSxKVqLWKkrW5NV6SEry
mpJ8QuMRdIqSw31fZrYi9qzXruhlCEfdRdRdELUDGmYiNdGRQNqWgQe+OsxHg6IL5k4oB9bxGHhJ
eYNV7yuTGxntpbtDbsEz311i8WD4uA/JCn8iGYtNN10QtFmpKFmhtXMRJx4Nj8J1JIelbOOYB/kw
K+9WV5R0x9QtjNIoSz7yDbLGpQzvGOTpJJoshpbQDZUju1kQydxLJnhEnSjhidxep3iRukFgFzBz
CeAIBnjo6nSNgmG4hiEPWpizfMnuPVSCYLVJnotivMLWVqgOc0PK7EClnGWJBi/9pp6wanKmWThL
cuxdGiHVC7IARld8tkTyggINSWSNJVGs9Ir9RalS9JjHPgapeKQQiQZLmCNnMNzWlxY75fJU0acx
K8KYJ/nLi/MuJHmpC3XJRM5QcqB+ZEvZTgGKyFIgcUTtATqZWkguEcWKhch7pIQr6eA2pU8pT94y
XrzKc1GBPhYJiu/TrJ7yQzsMWYoGO1YDBCRlU+7L5HJEU2cqcnABGfIlcCE1xIjYJusidVYOLCO2
TDPlyPaTbqX8FIbVeJEi80NSqmoGFMYTDZfSHAyE7UZTRe1VBivqXEweXSk5VjoixcebgahglckF
ZIHgS69FWke6/Q+HcC9gGEH/uvdccHuRJsjoueRfEvyPSTNPuFe5eCK0o11bJicuBKop9cdH+L03
USC4DHxYNQWNEpyPQQfTOuJq0NOY6UXI2QNGNUwuqV8mCOJDP+znafaqPBSr7QHUPT4xhBuzKIxK
6rhQ1/RUr0u8r2xpT0zIczPilF2eLUHCLt1DG1rrHUve9KpM+uoen+J6FKyvVZ2qfEG0OI7pBEUA
m4DaksgX+QoWnwGAx85OY7RT1/dw/kVU0zGUUSxJSW/4QSBNQCQUe5SlBKt3YcpVc7KsKOexJkiz
Et51LNCil7tslE2O81Llf0gVSxSVqU2hq4rzRBWviSy30ZPDhMuBS3lDFZnJ4CS5daecJ6IkzysU
ltegIoK5NKUkofM8UuI0Sj7rhOe04hWAiWk/mbCo2Yov3AtlGSwmnX4mn0f8Ab0+Jpen5JfPHy5P
X4HM4PKAAa6/h3AfxfKVMXAMrFxiKFvKq/wPPIGLS4SyQ/D0z2+vcv6qqtEoP4vGcOpJDJqQfWB5
K4ZhIRvP507UEKLNBI3Holk4540XpYfMczVHpJCnQHRjNM3jJsgvzh7mFYAoHhVS8BvIOUVKFnLH
9yIi7gW36dEFuAwWkbi1jKrHcUhT44CIxaX8nGxSq7/y2TN9/mQoJkCkv+P3DGgqjSGuVc6dJWoi
xoGenMpYp+4pyXuOSQRJ0tzzsRkZx1WMUq3gQETDybJGCPE2vzgeHuZXGdNua+espJVPAvwauaix
xZgrezSqUtkYB1gMUWImAvwQf4sREm6+FeOldrMQPGSy8h0xyWwkvxYjJvDEEDfNHV74uJjXM0Ze
KT42tBQfAhGhRaggiyOGDsJgUFuHsrIeJo2BE/hH3u8AbH4z/l2iqYnOjPMCpSxy8a1fzScdHFRF
Q2K2WO+bp6Kxkfi6i4hAqE8Wo6VJLN7GIko6ouZR8hFc3GOIDvxKxCI/kUmMbyIs1bOaq1lqqPxY
RSo23VP5QhXESahipG0iHmV+7ozqAIcycY2KiDURD0WGX4pUFMPBBAMTjHYqdxZTvnJ26liN4jiZ
JqpGSZaDoLIXfjhmOc3hrvSG/g5jm8sKpGV3M8nRFNLNMdcsAr2sJJ9VLK+ccrSMgFLGtz3LHheI
IZItAqx7ElzPmYCEyQo6FnPqPFmdFyKIKEYnkxjqZzlPpibV5ORBGlNhOUM+gQ968M3pzTHoo6Ri
vhz6MCjcM5lcU+g696LFRABfCSBoZW22G0bapeala0rjPFIqGFSeV84Eg3xYUkOVniMKOtdVB2l3
iH6iTVodQnyMpvSQ4F6HYnxOl2kYhN4xiyHVLjnyCx7H6mw+XMnBghqTYOqxlza+ZpBywlAuolge
LBRDYXl5Pm/jkaWlrLqpUy9YxWo1ACNTvB57AoZmtCwGTGxQzO6pm/KZ3PKqAXVGbyHX5tNDvArb
0rqyV2gTJ4oHsE+VPvMpkqkiioiBVY5KnFXEwNlmqE1ckTl64yUjKD9AEPn4ASNQPnMgYxzwUyEy
H9mo79FElSWQSdIg8vMjzHkAo7LVcW40eQ78FmevjsnfRbIC4+ehmM76BzIVFcdqmNQfiwgxMHHE
BRty1iB/miWmA9aNWGJAFyN0IhJkUW3iZpSAVQ23OnzZrsAgfxJ87IWjghy9Vi0ek/Ork+Gx9bfW
YaPzUD2sPdQOrb9V/+ZiQiT6+S/4QN3B4Pq6XZGhWB7VG69kliefLujFuuzhOLaAjtVMmkg9xFQY
WM1Z4IOWzEmzOA/KeYUSL59LiIgDfGCocsSzoSRXWCl/pgG+INPZn85FqBFNiesNJpnIFCTlTqOU
RG6pJX08EvUte4DAl6jizplheZCIQgY0MvIgMV/IJE5ch/KKjyD5chiRfUZKKfhDMhIvY/XB4QHD
b6AlntogRSxtOT5o4xJ9fLFk5EBONNUp+MwpdHEVqUbjwZ3LUwiGBhUfZxqELPb1Y1e8IrI6Hnu+
WHC2okyCSD+cwvChH3vQy+Y64Usint0vj4ORfIJm0KDH5zsZifUUmJu5YkXp6qLIMfVwy8ZqukGn
JmIgSEwSpCyBThn0r4zmF8k/fdzyKv9FlqdSPmMhjPeGCh4elNQVtSBhQcUTVkvtLvjVi+Ry3Y5Y
/PPV90b67XD4EJha5wjPqlRq1aqFW8P0T28M0V1+J6AViUDyTINBQAiTxLhw4GGX/9wzZC4ggMNY
LEosEO9xu0GDGKnpRG2hV39a8D1MsLLU8xNLKEluWOJNRl5I8SsvYoEi7lwsApM7UhchKydeRLjp
uyBYUllQDfjSLSvqxdDVaH+3aks7j88EMQEy/NZ9ZHLP8BKhyppOgqIvE/F8kklfzPn/gUncTV/M
F61u+PPP/wOAnL0O
===END CRASH DUMP===
