PocketMine-MP Crash Dump Wed Dec 1 10:25:56 +07 2021

Error: Trying to access array offset on value of type null
File: plugins/PickaxeLevelV6/src/ShinPickaxeLevel/Main
Line: 102
Type: ErrorException

THIS CRASH WAS CAUSED BY A PLUGIN
BAD PLUGIN: ShinPickaxeLevel v6.0.0

Code:
[93] 			$this->rb->set(strtolower($ev->getPlayer()->getName()), 1);
[94] 			$this->rb->save();
[95] 		}
[96] 	}
[97] 	
[98] 	public function onQuit(PlayerQuitEvent $ev){
[99] 		if($this->getDataProvider()->getPlayer($ev->getPlayer()) == null){
[100] 			$this->getDataProvider()->registerPlayer($ev->getPlayer());
[101] 		}
[102] 		$this->getDataProvider()->savePlayer($ev->getPlayer(), $this->data[$ev->getPlayer()->getName()]);
[103] 	}	
[104] 	
[105] 	public function onItemHeld(PlayerItemHeldEvent $ev){
[106] 		
[107] 		$p = $ev->getPlayer();
[108] 		$level = $this->getLevel($p);
[109] 		$exp = $this->getExp($p);
[110] 		$next = $this->getNextExp($p);
[111] 		$pickaxename = $this->getNamePickaxe($p);
[112] 		$i = $p->getInventory()->getItemInHand();

Backtrace:
#0 plugins/PickaxeLevelV6/src/ShinPickaxeLevel/Main(102): pocketmine\utils\Utils::errorExceptionHandler(integer 2, string[51] Trying to access array offset on value of type null, string[99] C:\Users\tungnguyen\Desktop\Servers\AcidIsland\plugins\PickaxeLevelV6\src\ShinPi, integer 102)
#1 pmsrc/src/pocketmine/plugin/MethodEventExecutor(42): ShinPickaxeLevel\Main->onQuit(object pocketmine\event\player\PlayerQuitEvent)
#2 pmsrc/src/pocketmine/plugin/RegisteredListener(80): pocketmine\plugin\MethodEventExecutor->execute(object ShinPickaxeLevel\Main, object pocketmine\event\player\PlayerQuitEvent)
#3 pmsrc/src/pocketmine/event/Event(88): pocketmine\plugin\RegisteredListener->callEvent(object pocketmine\event\player\PlayerQuitEvent)
#4 pmsrc/src/pocketmine/Player(3726): pocketmine\event\Event->call()
#5 plugins/AntiInternalKick_dev-4/src/Jibix/AntiInternalKick/utils/ModifiedRakLib(101): pocketmine\Player->close(object pocketmine\lang\TranslationContainer, string[17] client disconnect)
#6 pmsrc/vendor/pocketmine/raklib/src/server/ServerHandler(127): Jibix\AntiInternalKick\utils\ModifiedRakLib->closeSession(string[19] 123.17.155.13 33627, string[17] client disconnect)
#7 plugins/AntiInternalKick_dev-4/src/Jibix/AntiInternalKick/utils/ModifiedRakLib(88): raklib\server\ServerHandler->handlePacket()
#8 plugins/AntiInternalKick_dev-4/src/Jibix/AntiInternalKick/utils/ModifiedRakLib(78): Jibix\AntiInternalKick\utils\ModifiedRakLib->process()
#9 pmsrc/vendor/pocketmine/snooze/src/SleeperHandler(113): Jibix\AntiInternalKick\utils\ModifiedRakLib->Jibix\AntiInternalKick\utils\{closure}()
#10 pmsrc/vendor/pocketmine/snooze/src/SleeperHandler(75): pocketmine\snooze\SleeperHandler->processNotifications()
#11 pmsrc/src/pocketmine/Server(2155): pocketmine\snooze\SleeperHandler->sleepUntil(double 1638329156.7835)
#12 pmsrc/src/pocketmine/Server(1992): pocketmine\Server->tickProcessor()
#13 pmsrc/src/pocketmine/Server(1586): pocketmine\Server->start()
#14 pmsrc/src/pocketmine/PocketMine(330): pocketmine\Server->__construct(object BaseClassLoader, object pocketmine\utils\MainLogger, string[47] C:\Users\tungnguyen\Desktop\Servers\AcidIsland\, string[55] C:\Users\tungnguyen\Desktop\Servers\AcidIsland\plugins\)
#15 pmsrc/src/pocketmine/PocketMine(360): pocketmine\server()
#16 pmsrc(11): require(string[102] phar://C:/Users/tungnguyen/Desktop/Servers/AcidIsland/PocketMine-MP.phar/src/poc)

PocketMine-MP version: 3.26.1 [Protocol 475]
Git commit: 6b7d0307afb36a7faca2dd65734e15000baf17ba
uname -a: Windows NT tungnguyen2-8si 10.0 build 14393 (Windows Server 2016) AMD64
PHP Version: 8.0.13
Zend version: 4.0.13
OS: WINNT, win
Composer libraries: 
- adhocore/json-comment 1.1.2@fc2f76979f0a44a5f5bc2a2b600d0762fe0e78e7
- daverandom/callback-validator unknown@unknown
- pocketmine/binaryutils 0.1.13@0abee38d4e2861621f262c79a2a3d699d8a697f4
- pocketmine/callback-validator 1.0.3@64787469766bcaa7e5885242e85c23c25e8c55a2
- pocketmine/classloader 0.1.3@3c484a27787f7732ce842ed694928a29ba340961
- pocketmine/log 0.2.1@830b44a2cf96ef703c550abe64302f230231ca49
- pocketmine/log-pthreads 0.1.4@01620c3628cdaa6b4a21122cff4c5d2f70b5c1d3
- pocketmine/math 0.2.6@43057cb8c179a9859677b496a788db922fd5cfc3
- pocketmine/nbt 0.2.18@9f82ca4d7f97fcd9a566e44b63c4f18a7657ae82
- pocketmine/pocketmine-mp 3.26.1@6b7d0307afb36a7faca2dd65734e15000baf17ba
- pocketmine/raklib 0.12.12@5abe22043352e94099e4edfcef5fb3644578ddc1
- pocketmine/snooze 0.1.6@92abf1e988c71635d466abb777f61f89e5a9c990
- pocketmine/spl 0.4.2@6b08b7cf8c4afa17139c9a1b3bf1b408531de161

Loaded plugins:
AddGems 1 by  for API(s) 3.0.0
AlwaysNight 0.0.1 by YTBJero for API(s) 3.0.0
AntiInternalKick 1 by Jibix for API(s) 3.0.0
AntiTNT 0.1 by Adam1609 for API(s) 3.0.0
AntiToolbox 1.0 by FaigerSYS for API(s) 3.0.0-ALPHA4, 3.0.0-ALPHA5, 3.0.0-ALPHA6, 3.0.0-ALPHA7, 3.0.0-ALPHA8, 3.0.0-ALPHA9, 3.0.0-ALPHA10, 3.0.0-ALPHA11, 3.0.0-ALPHA12, 3.0.0, 4.0.0
AuctionHouse 1.2.5 by Shock95x for API(s) 3.0.0
AutoClearLagg 3.1.0 by Twisted for API(s) 3.0.0
AutoFeed 1 by Ghast Noob for API(s) 3.0.0
AutoFix 1 by Ghast Noob for API(s) 3.0.0
AutoInv 0.0.10 by JackNoordhuis for API(s) 3.0.0
AutoSell 1 by Jero, Cur for API(s) 3.0.0
AutoXP 1.1.0 by JackMD for API(s) 3.0.0
Badge 1.0.0 by YTBJero for API(s) 3.0.0
BanItem 2.3.3 by LDX for API(s) 3.0.0
BanXuid 0.0.1 by YTBJero for API(s) 3.0.0
Bank 0.0.1 by YTBJero, GhastNoob, Kaido Joestar for API(s) 3.21.0
BetterVoting 2.0.2 by Twisted for API(s) 3.0.0
BlockCMD 1.0.0-beta by kenygamer for API(s) 3.0.0-ALPHA10, 3.0.0-ALPHA11, 3.0.0-ALPHA12, 3.0.0
BlockCountry 0.0.1 by YTBJero for API(s) 3.0.0
BlockSniper 3.2.3 by BlockHorizons, Sandertv (@Sandertv), Chris-Prime (@PrimusLV) for API(s) 3.2.0
Boss_Quai 2.1 by phuongaz for API(s) 3.0.0
Broadcaster 1.5 by EvolSoft for API(s) 3.0.0
BuilderTools 1.2.0-beta4 by CzechPMDevs, VixikHD for API(s) 3.16.0
BurgerSellWands 1.0.1 by Heisenburger69 for API(s) 3.0.0
BurgerSpawners 0.1.4 by Heisenburger69 for API(s) 3.0.0
BuyKey 1.0.0 by  for API(s) 3.0.0
Buy_cmd 1 by TungstenVn for API(s) 3.0.0
Cameraman 1.1.1 by ChalkPE for API(s) 3.0.0
ChoDenUI 3.5 by BlackPMFury for API(s) 3.0.0, 3.2.0
CmdSnooper 1.0.0 by HotshotHD for API(s) 3.1.1
CoinAPI 2.0.9 by onebone | Edit By SenKai Official for API(s) 3.0.0
Command 1.1.2 by PIG for API(s) 3.0.0
CrateVH 1.1 by PIG for API(s) 3.0.0
Crossbow 1 by SonsaYT for API(s) 3.0.5
CustomAlerts 2.1 by EvolSoft for API(s) 3.0.0
CustomPrivateTalkCMD 1.0.0 by YTBJero for API(s) 3.0.0
CustomWing 1.5 by YTEsDev for API(s) 3.0.0
DEVirion 1.2.7 by poggit, SOFe for API(s) 3.0.0
DLevelIsland 1.0.0 by Nguyễn Công Danh (NCD) for API(s) 3.0.0
DancingFarm 1 by RicardoMilos384, DontTouchMeXD for API(s) 3.17.0
DanhHieu 3.0.0 by padreon for API(s) 3.0.0
DevTools 1.14.2 by PocketMine Team for API(s) 3.13.0
EasyCommandAutofill 1.0.9 by jasonwynn10 for API(s) 3.0.0
EconomyAPI 5.7.3 by onebone for API(s) 3.0.0
Enchanted_Item 1.0.0 by Panda for API(s) 3.0.0, 4.0.0
Eternity 1 by minefore and shin1134 for API(s) 3.9.0
ExtendedBlocks 1.3.0 by Javier Leon9966 for API(s) 3.14.0
Fishing 0.4 by benda95280 for API(s) 3.0.0
Fix 0.0.1 by YTBJero for API(s) 3.22.0
FormAPI 1.3.0 by jojoe77777 for API(s) 3.2.0
FormImagesFix 0.0.1 by  for API(s) 3.11.4
GCPClan 1.2 by InstantlyTa for API(s) 3.0.0, 4.0.0
GMCDetect 1 by TungstenVn for API(s) 3.0.0
GemUI 1 by WoolChannel3295 for API(s) 3.0.0
GiftCode 0.0.1-Beta1 by YTBJero for API(s) 3.0.0
GuessTheNumber 3.1.0 by SalmonDE for API(s) 3.0.0
Hyperion 2.6 by hachkingtohach1 for API(s) 3.19.3
InvCrashFix 0.0.1 by  for API(s) 3.14.0
InvSee 1.0.0 by BlockHorizons for API(s) 3.0.0
KeepInventory 1.0 by KhoaGamingPro for API(s) 3.0.0
KeepYourXp 1.1.1 by ArasakaID for API(s) 3.0.0
KingofBlock 1 by YTBJero for API(s) 3.0.0
KitUI 1.3.5 by Infernus101 for API(s) 3.4.0
LoadWorlds 1.1 by shin for API(s) 3.0.0
LockWorld 0.0.1 by YTBJero for API(s) 3.0.0
LockedItem 3.0.1 by ytbjero for API(s) 3.0.0
MSpawns 2.2 by EvolSoft for API(s) 3.0.0
MapImageV2 1.1.3 by Fixed fernanACM for API(s) 3.0.0
MaxEnchants 1.2.1 by Xenophilicy for API(s) 3.0.0
MenuAuto 1.0.0 by JeroGamingYT for API(s) 3.0.0
Minion 1.0.4 by phuongaz for API(s) 3.0.0
MonsterGate 1.2 by K27 for API(s) 3.0.0
MuaDanhHieu 3.5 by BlackPMFury for API(s) 3.0.0, 3.2.0
MuaPointUI 2.0.0 by JKPVN (JakayPluginVN) for API(s) 3.0.0
MuaSsp 2 by NoobPvP2k3 And Shin1134 for API(s) 3.0.0
MultiServerChat 0.0.2 by tungsten for API(s) 3.0.0-ALPHA12, 3.0.0, 3.0.6, 4.0.0
MultiWorld 1.6.0-beta5 by CzechPMDevs, VixikCZ, fuyutsuki, kaliiks for API(s) 3.20.0
MyItem 0.1 by AnhKhoaaa for API(s) 3.0.0
NGVS_Khoe 1.0.0 by NguyenDongQuy for API(s) 3.0.0
NGVS_Quest 1 by NguyenDongQuy for API(s) 3.0.0
NVSSP 0.2.1 by YTBJero for API(s) 3.15.4
NV_Mitsuhi_Otake 1 by Nguyen_Dong_Quy for API(s) 3.0.0
NameSpaceRemover 1.0.0 by JackMD for API(s) 3.0.0
Napthe 0.0.1 by hachkingtohach1,tungstenvn for API(s) 3.0.0
Netherite 1.2.1 by Wertzui123 for API(s) 3.0.0
NichiSkyBlock 17 Official Release by BaliGamerz\MadeAja for API(s) 3.0.0
NoAdvertisings 0.0.3 by YTBJero for API(s) 3.0.0
NoFallDamage 1.0 by DeveloperNeb101 for API(s) 3.0.0
NoPvPArea 0.0.1 by author_name for API(s) 3.0.0
NoTP 1.0.7 by awzaw for API(s) 3.0.0
OffHand 2.1.2 by alvin0319 for API(s) 3.0.0
OnlineTOP 1.0.1 by HMMMM for API(s) 3.0.0
OreGenerator 0.1 by phuongaz for API(s) 3.0.0
PCEBookShop 1.0.3 by Aericio for API(s) 3.11.2
PHP-Sell 1.2.7 by Muqsit for API(s) 3.0.0-ALPHA9, 3.0.0-ALPHA10, 3.0.0-ALPHA11, 3.0.0-ALPHA12, 3.0.0
PM-Beacons 2.0.1 by jasonwynn10 for API(s) 3.0.0
PiggyCrates 2.0.9 by DaPigGuy for API(s) 3.2.0
PiggyCustomEnchants 2.4.3 by DaPigGuy for API(s) 3.19.0
PlayerVaults 3.3.1 by  for API(s) 3.0.0
PureChat 1.4.11 by 64FF00 for API(s) 3.0.0
PureEntitiesX 0.7.0 by milk0417, RevivalPMMP for API(s) 3.19.0
PurePerms 1.4.3 by 64FF00 & ProjectInfinity for API(s) 3.0.0
QuyenVipUI 1.2 by NightBlackDM for API(s) 3.1.1
RandomBlock1 2.0.0 by Edit By Nờ Cờ Dờ for API(s) 3.0.0
RankShopSystem 1.0.0 by zZPROGAMERZz423 | §eFor issues report by §2Visiting GitHub.com/zZPROGAMERZz423 for API(s) 3.0.0
RankUP 1 by PlateWheel remake by BrMcpeBoy for API(s) 3.0.0, 4.0.0
Report 1.3 by ImNotYourDev for API(s) 3.7.0
SAC 3.6.5 by DarkWav for API(s) 3.0.0
SETVIP 2.3 by MCPEVN TEAM for API(s) 3.0.0
SeasonPass 2.0.0 by TungstenVn for API(s) 3.0.0
Shield 1.1.0 by JavierLeon9966 for API(s) 3.7.0
Shigeootaku 1 by Nguyen_Dong_Quy for API(s) 3.0.0
ShinPickaxeLevel 6.0.0 by shin for API(s) 3.0.0
ShopGem 1.0.0 by YTBJero for API(s) 3.0.0
ShopPoint 1 by S2TwKen for API(s) 3.0.0
Shulkerbox 1.1.2 by UltraFlappy for API(s) 3.0.0
SizePlayer 1.0.3 by  for API(s) 3.0.0
SkillAnimate 1.0.1 by Tungsten for API(s) 3.0.0
Slapper 1.6.2 by jojoe77777 for API(s) 3.0.0, 4.0.0
SlapperRotation 1.2.0 by jojoe77777 for API(s) 3.0.1
SpawnerGUI 1 by DandierSmile122 for API(s) 3.0.0
SpawnerUI 1 by DandierSmile122 for API(s) 3.0.0
StaffMute 1.0.0 by YTBJero for API(s) 3.0.0
StaffTable 0.4 by GigantLeyKey for API(s) 3.0.0
TableSpoon 1.0.0 by CortexPE, Xenophilicy, HyperFlareMC for API(s) 3.0.0
TimeCommander 2.2 by Zeao for API(s) 3.0.0
TokoThirstBar 1.1 by Rand for API(s) 3.0.0, 4.0.0
TopLeaderboard 1.0.0 by YTBJero for API(s) 3.0.0
TopLeaderboardCoin 1.0.0 by YTBJero for API(s) 3.0.0
TopLeaderboardGem 1.0.0 by YTBJero for API(s) 3.0.0
TopLeaderboardIs 1.0.0 by YTBJero for API(s) 3.0.0
TopVoter 3.2.0 by SalmonDE for API(s) 3.0.0
TradeNPC 1.0.0 by alvin0319 && FunkaDev for API(s) 3.0.0
Trident 1.0.0 by brokiem for API(s) 3.15.0
VanillaEnchantments 4.0.0 by TheAz928 for API(s) 3.0.0, 3.1.0
Wolfies-FloatingText 1.3.5 by  for API(s) 3.0.0
WorldProtect 2.3.8 by aliuly for API(s) 3.0.0
essentialsTP 1.2.2 by  for API(s) 3.0.0
fly 1 by IDontKnow for API(s) 3.0.0
iProtector 3.1.1 by LDX for API(s) 3.0.0

----------------------REPORT THE DATA BELOW THIS LINE-----------------------

===BEGIN CRASH DUMP===
eNrtfQtz20ay7l+ZUrZ25XNFigDf2nLKMiVZWksyY9GPZJlSDYEhCQsEEDwo0Xvy3293z4CcgWg+
JHp9b1WSSkQ0gJ6vH9PTPRgM/rM3DOMJT2+nIk68MNg7qh3spd5E7B1ZjWqrareteqPcsupWvX2w
l0X5qXrZsur1Zs2yrVqzbtsHez5P0tM4DuO9o//spbMILtuj49MHR8B9wPtgbyKShI/wVC+eecGI
pSHjjgNUxuOYz1g4HCYiZWHAptzPBBwz5MWCzPfh/iH8OfN8ZNA56vc/JIC630+zYBSMspkI+v0T
kdylYdTv34h4SmePHc+9SHweuP1+5GcjLwBi13Pu+IO4FFPhf2z0+0nswC1jL9BP9PtX3AvK0TjC
pmWzisOhyeAQ7j8s3n6Id8OdvhegziqgpDTmDvz+995PFbYtp33g8OKIRaFzJ9IJ8Oz3s9TzQZgP
+OfoSBjaPgeBfRHve0EqRiJm9gFL0hh0/u+69Tt7gvrn97fbv7Pvpv0DlgNGcUF7P1ksmqBS8L+F
8IeS2eGVSMehezoVQXr6IJwsDeP9GuppuTFLP4fBL5mX7oeDL8JJDW0KZIIo+UzEAJL+4sXEnbDY
K7G8FyMvSUUs3Ev8G4D2W5WCyeSlAOYx7tLPgn6JHNxyEQ7Y07BXl2OnOw/psv1W6xtoH0tW+tnh
vi9vexqe2nI88tL9atNuFMAonsRBNr9PjOrzrnQcpN4FuE8ccP8tKO7WFdNSjVr4lzfwHh5dcEg9
6PAqdL2hJ9z3/O7SG0BHswpNS1DQqB8mYpm84OCjfr8X8wB8HbtfJwxSMJaI593Gav7OHN8D8Mz1
EicMAmBCAjSUJkAwN4x1ZcT8zvcGJEBCPepQdqy8c1t2E5CSbNDVCsLN44MpnpLiBno94NzP0UGn
tuxq2WqWIbCXrSqrVht2cwP0zV2rn7xQSg6hgeTNA4qSu/TzmH50OWpKekFr1zCarSeoNopDDKcS
Uvubdk2CMPwqZKz3hYg0i1rVJzS77vr/oMmzWPwpgVmVJyBr1gudQl4KpjGum+vgOkwBo0O9QSnE
+kYsl8bdt8HzNmwjweMPIK6/74bZwBdMS1earWpdtmevbM9qt4sjqjxT+jkF7XWlHDCgSGbV1czq
rcY3mCUpj5WXWt+KevTzCn7uV6uVb/C5vYV+B/0xc+Yx9zVPRAdSr+Qy5C4GmyWxKfcZCEeX4Wik
haRa84kj+SKXqD83F5Bqqa9XS6OoFhkalF5VDIX+g8FD/JF5sZjHtor9O4vGPD46POwcHRLWwwXU
Q4VUWRICyBynBqB01S0jjxzii73f/zzYE989431+2gkw5e23XjAN/amYQBQHni6oyEn38rNAKbKC
c07oCpSvXYXz/RT//Vs69pLSzzHEHUCOSk5DP7wHU/wNAu3PI5GqMfwFHVzzidh/8eKAWS/+CQzb
taWM+BQuovN1df5PPGjQAf1s0k/81aJfEXR7z2HDLHBQ10wldoVUgwGmF//Bu9qKrzfcVw0DuBOe
cujnU8+d41Xgi7K8YC9fklGIm1WpFMVYwi1WadO3WP6TOFmawGAudfRtrqirb3A8YOo2F+759wpz
/K7allb9k/RqVWq5iq1K/Rs6vkjF5Fz4rtJzfmjq2qo0lBR00MxFithLVgQlcbTyS3z0O7xsLj55
4v7fInVlbsa/iYfIuO70IZpfZeXW+VsgHlLjsmsgGJdac3TS8wNQkHkHEFSvWNw1N5OH10Z04UWA
WgjjmVI1KueCCjEU88+/yr+/yr+/yr+/yr+/yr+/yr+/yr+/yr+/yr//v8u/g70RDoXcx/oIs0ZI
CY0bANkADLR4trJXLduNsoX0zPPdvSO7UrUO9rwEY9Te0ZD7iYByLA7T0AmBba1Zh0Y8LNYag6Zb
qVaafDioNnhzyB1uu26j3qzWhFWvVCoDPrSaAw68M4Xlkwe9+z5h1z22kNYutRIPkqtyhREGZtWq
7Srbzy+WSmB2xWq8YMdXJ40aFojjCPi1yhUYGODwK4QNOK7lx3D6NkywxYvr6x4Q6OCeqlAnnEQw
3MS3EM5jHnsiQW1xdwwSxuLwSxIGJbhGlaRW2Srbr4aOPWw22s32sMJrNV4f1geOze1Bo1JxK82G
PRQV0WyJJrB3oRaCUdcNJ4eYEQxgRChB7upB/YN1OejiLgjvg1fqL4JduNfAC3g8o/4Bl4IwIM6r
Ch8IUW25NWG3GlbDtoZ2w3aabW7zqttot90WB2jDmslqaeMWKKj6qlFrtpo1uKfRGDicN0W91arb
NVu06o5ddey6aDn1OrcLDLFX+9SrFbbqq6pTa9W43QR+w2azajuiBWwAVK1tt7jdHvBqrdJuWCYn
PxwRB7tsvWpVKwPQqO0M2w0xbFaq0DIK3KhVK/bQhv9VLYfX2o84lKJ0HAvu5oqqvQIHsSsOJAkt
x+W8MQCuUBUB52HNqbtgwMqg7lhu1WQ14elYoWm8gkbrTWfQcixQb7tVbzeazUGtDe7darmDtm0P
3bozdAosgkGay9N61R62bADsNodgE8dt83qjIWq1QQN0NbRavAk9hItWQbmLn6VJNO+Wr7boY4+S
NKkXwGS/qoNCbbtSq1brtmiDRdqiJtyhI4Z1ZFyr1Zst13UKZpJDnVJv41Xb5oOhJdqtltOEsa3u
1hoNPhg0m81hwxq22qLO2067XSkwiXziUINe1BhUWoOmM2w5NT7kVtOqwg3cGlSB76BWadWrliss
8JY/5xNE1DePXfeNmCRaUMspB3uLSIboeQZFTAxX/htiIY88rGyr4PMVjI1QR8O4DHECBiwIai6M
34Grrk3CYXqiEyac5p+icRYGI/613z8X0LFhFMF28/ks6AwYYd/d9D69e395AqR7MUi8FCFidX3s
3/NZcu2NxqkOXqPqAlQwehlC7P3ae/0vEYd7O5JGsev3eSCH342EKORwuiTFU9+2xx5lhLsS5Jvp
5TZC9WBkMGXp0VihW6QgxLHLJ1aj0t6VHKrRIu6b3vH73ofuctRh6A/ChyJyRTUMUK6Y6M+4B8nW
za83Rfil48vu+TEOINph3TxsmIdN87BlHrbNQ6tSOLYKx3Z+DH9rz1HoXETpHEotxsE69xinaZRA
YgZZzjgblCEVOJxzPdT5oEEymoU8D7NE6BbRyaZJ7HLdNMoN5B137fozu8beKWTi4WR23L0A9hfB
tBPzZHwme5zSTaJagu4v8Y0RH+jGRLu+72Rp2PEFjy/5aGRIrdN1saGKL/pi7x7nbdxddaRUskPR
IFNFED6AQNlMTNtaXsE8TmZ+NrnqHJr8lDLOBKI19ECkFdHwzZgnKbsOw8HOQolqdYsYiHd4D0Xk
3sMPAI7RfBvc4OEF3Eh5NJoWnO5fkA8D9NgdZ16yK/xfgGmQM5UO6AVT6XoS1EYS3QjfL4hEpFVD
KozlB6yTxbs0RQKNbmeLz90C7s/dQtB71PvREFcnO8sGiJvU+OfuZuCX9HXJ5lBJAMK95u5ID+vy
uDDEFkX7XikbNb65YV5zejBmoJcUHb9drparJv7Lk8+7wg6sEDc1+2SrAJPSVad7epjjl8J9zjzX
FI4oPyifVs1vZZ47E/7dptgPZAymEHyw95Z7bsj+FQqc0zPksq0dCDYAYFtIJVJIxj+GqRfoiYFB
Nt0PiubvkBfsdb3RaNbJkjScnAbOmAdpsrckWRgQsCkBAyOaMNdL60M+1YEwpkmakx4FiRK0xU1R
70QwG8F98fJ0fIuk+YlWztGC6AvcG4odZkEazx6Jrsg/qhtqGLbwWrzrJvAiERflUVQzl7WLIZMu
PQ9j72sY4JzEDQ9cEadTtv8q/4lzwp1x7CWlbuxNBJzBv1ly+fGF2Wm3dvWrWdcP072CVXM0SidS
jn5fTspvpJQwSW5/ybinq2ROMztxwbr5nMnezudgjrOYIwiQCv6/kRgxXOFwfFSsC6JRzZ5aKM5O
p6F/A7B2JYrWMMhgoFhR+uej4v39fVkAIuReTu9IPpwxFzGWpPr8mEEuFqAyFtVMSTtfhTPuXp2I
Kd7w0Xvw7s7NBM1qPF1uB7lHExe4Q9SV4FIEB1owoW6bHmi4Dw1WpJwYy3ZIaD9xQqTpxzxTDNcF
jz4XXiKCAd3U2G7yRy/MVyjIbAG1YgDcIpjJGyN+H4h4icj5icI0V7m2M4m3l1JhenKKWABLWpi9
FcboJAmrc/dddXJqaxuTzW6diWuiJcqK2q+XBSNc+PIx2JVxJEdsd3PoHUxf+IQHGvgFrVgEFkTo
jLl/1z3dFX4H2fX7Tt58v68jWetT4FLEoRwJkmwcnojgw4UuWE4y04F6MRmAMrJ7dZZBGlSU7OAp
I/xCwhwASEa/trDTxL0JwtDMcDTimpr2PEyTcZgWBwQw6FNtNXET2TTIosNYL0noBRhLNTEUpVhY
tE0ZwkAM4D/2v+zU9VL2esZuRADVE3s3HHqOx/1d+aFqCDwRgAFDkHCOcAPxJuCvriGepBQ7U6Fu
6l682ZUAqsUtBp1OzFPx8VxHrSgF1N8N802Y+Z9o5uq3zB/y8cQ7+xJvIwDkk4Pw3pBAkVYE4RvI
sPmvvYIQ9acLQezAYVTbWwhAte6xD2mVPugb5JVJ+64zXb1lEMjE8bRcVzKBumkKvtWDUG3W3ktP
/6DJumVYtjXmJ3MSRSOuLFl+7Z0mkA3v1o6faIJkU/wnpx+9mODN0c9JxWKkWagdwxGuLoIa+t2Z
2FkBSUz7/SlB6PehDFG/NFhrHr2e0IJnuQhLl0snr3G261E262eWcOoB6/SzSmVYC0bshAdjtn/d
OXnx5LriYO8sjCdrKoxrWmzVgUoaWwTRTeTrjcoDB7zgjMf6pLJOXREo33sOj93wyvPDpNrCWuMk
DNJemDnjK/G5kFY0n25pgyvIuEBnHGwo7/jcE5kprCSZCeAjQ0fcjUW4s8Rcsev3e16a+uL45P0W
XVFMi3MDc1JhbK49SinmKwdZT/CJaaTqM4ykAOCKzGmh7l81JGgV3wLa4ZwHSHvKk5nKXvApztAz
HqktO1vssoWk8QtPwuB+FgRWZXePC+cs+/0lkDa3rRYBNCH1sLCQrV5uFmctVZ6687RXSASU+Rpo
1gskp+qFe1t4dFU4sSbOdkGbfEnt9ayFJXMIW9gHFyZ5qT4NMSetiJW4bG4YxoKBGCwZe4FlVWuG
OO2ni5Ez7/cnwy0keUiBk3BpLlmPJYUTpmGqj5/6Tj0Rs0sIZu12o2EGlNpznv8i35wteJ2BanMx
zzxUt5505RRztqwwVzaAxni7brd2FiNUs/3+ov016Ym5jqO4hmPDRzC2vYPUd6ulHHneokFXlDWu
9CX8Eoom/vO8xydaXJ5zBBkkiPmPTUW5mPCRSAq2MOirrWJ0CJyTfWovz/5IMOHFnZQ8anu4jVXe
dLod35jTyymF7N20yUWQpBAi/Vlv59HXy1mnHKRyuOPj/N5Z51ih2mR2D26LRHkakIRXnROR4rvm
moxz2o+Ydh1NHJda38JMYmLMT8rjFeA/QZ7UgVEsEH7Vbtd3JcGbTVd3EGhvmHbUG/w57pz0qHOU
XouU/5eeHeconr58CNi84TDAjn7tkaSZSJLeWFxnk4Ex71o4sWah5A33J2FwsrNp8pwfSGzg2NyE
57NIFMr7OcmcY2qYooy5M74D/aQh/rLM8b8N+ekTRSrw7fdzOItfG8YInBnwnXhWTmapSMqBSA9d
nowHIVSvhyi7vrJ2Ib5O3SLCPyPlySO8F0wdbJni++ZP9wHwjRCmBEhYk1mbCx129bjMXK8gkWwj
zFshovlGB5pMJn3lyvi345DLvtvdXWgxmPb7BpzNexve9muYxZ+jgmiKuOYh2zF4B7/jFztbbDln
KCWSKLYQB9QRDsnmujwadcUAtuPY//bd622Ap8ZoK4+LaWq9mBINoeDLEtxSRQf9jJ6vsQQLIIjN
ZcA+9SmMfWMthEZc+bQGK5GdrQydt7n5cIujrRNNg3IaRlIY5454GLLktB+0Au3y0zbWcO6EW5jq
0IjFWcaCCLN08GWHIih2GHhzBPrvTQS6opUcum/lFDMtsL/voyfVKBhi3vrTHjhd8Ygqt4+2LtKC
WAy9hQk2yAaEy7C38uC4c7WzyYHFK045ltNgRC+gm8cbmYw/zBfI6jIuqMUHNgUv/CyCMBp7vufM
diWgxhJFmkMxDjYSTgQZTqvqkuWkNZmOkczvyi9V25tHiCsvMPNsRSiCr33fBZidy+MTWrknm98C
P+4OIeI3PNVzTZ26ckLhrd3c2VBvN3GTknnD2+SXVxlf8jBIp/7ABUEdwKBWBHXoud7Gtsl4N/QC
M6nRiMXlNMUO8rb78Zrt/wtSwVmXXtX+eP1iZy/0IHMQJeNbyXOTRKYsSDDkKDyQDcNBd9q176rs
OHBpd6tHc+3P6e8EYBsJ/NSTu110xjw1RDHPFJObglypmqT6xnsF+su2+Lfx3Nm5vL3qlrIWszeN
aMaFhlqzXF+7ZrnzG+3JPsvSJLvDdep33Pe8O7NYtSs7Wsk8QcD3CBidVQP/nFXMGiNU1KyQICrC
6tfUgzEWn5zvzJVnm7/Dhaiv33y8uQUIethf0DZYJyGCExjCfsl2llS8vdgS/S+ZSNIifElcUaF+
F+wn51tg/3hzo7+PKY9Nb7E3qYas+tOfPxz74uF17AXbwL698qDPjr3bdym/M/ymeGqt+m9R/7c7
NMD1xy0kAdRQdzjivZiEU2Pi99GpdUnod3lLtohiG9GidGyYRhLW1NqF6dmDfLiY7mw64dEEsASW
/91INgEXxp6RqC5oa4qgTyJOv2aeZVd3JdGCIwiRw3jyo4kFt8OFTCi054y9m7tZcTrOpBvCN+fr
pdl74QtOW0bo2S6Mt29w3f1XROuK4y87G4R01jm47aaPFhrJoaESwmMXBEy9BDxIr4ILJ4peXv3v
zCiZKLborOEZ9/0TPuHGO+wGeeWc+AmuD8Rl+ddiUJy/rDxr9ZfOFgVcINpGPMjcj2PBDdly2pqI
JH/e0m07fYyL0igM2s/N5OkZwzYeFoeHwlpZfv+V3+8KPzHr94MwjZ4cZiQgEAZCxLm5TjanFNag
FysX7k+9oFK1dvbG2Zxhvw8QxrTTo/qxiVXeBbhnfe+dbpoFbd1bg1fwz+6W1/lqim+z/vEuFm9o
L8g01FMQg7yyhvh+b/HqGLaZh+l2Tl+H4d3NONTLfJ1aNEghRB/DwOd4hTQXfXDlQutv7CXwzdxX
NtLva8CMgyd0LMXzUONCT6O7591SYd+YOWnNQvsreoC8fIbg6bt3PXVNAgA+p765qXt3r0qvBcfd
Z3XZF8Ti7JX1313XOyAYuKVEDme9RORm+NqUIZJGXfOC2wmHi98Uih57x1tn5I3glvlzZMbBE9w7
Z3qosTlc6MTEUtSNedbUUa0YAZbqyHrGetqiPgw0S4nP14/BTuqJdoP/yDPfVJBONueoq+Xvsl1m
vixFbrM/pZbzzernONZ3hSwWhRnQOckMa7WyVejZjdrZWWW7Tk3MuyKeLInre2ecNsdLurTzzmcx
9cIs6Z6WcrrWN25l2yCvArv49QSjE6j8ixw5G6Wc0yD1Uk8knwsaWtDNob1ZzO0nnn9XqVk4JrwH
kabc715ddXfWK2LJM5pMYOiLAJhQwKRGcphbv/ahYT005VWKkVY0lSJpRb+pLnMb9ncGdsb9yi+C
oUcL9XfUMQzfIETazx14h+QDWvgFJ8A+epHxWEcjrnzgRnvS0vOqk6tdver98aKLm9AQz34/B7E2
BrynLbSpxrc0SQzymkdU+Xve1/jSneviO3f090T+3ZVpNUib5y9wE6VxN7PEnN4vnFgzQ/j1t+77
d2+Or07f//a1ZlfZ/zJ8r5A3xVkYMy9JMpGwWERhnLLBTJ2zP3oABD+288ZLz5U/FRhtHz9VlFss
mF8RVA3dadJup74P3YLaPnRXTQ3DIJSKT2MhfNDIhN8J1Mjr+MqJxOtwtusF63PG/b6EtoVsZC9d
NkkoLDUrLDSbXIcprsUrvvrbfEIC+CB83Jcs6YUn+GWV2NUGOb0h/AwPQsv/biLdzXFHEw2PzMSk
UXx8fsLju098Z+8zK3b9PjRN/1v/bs3NaQ+CmI5aEgobKRbqq0739OM1650e72wKQLLEz1ekEEY3
UrbAoqTLE31M1IhrAuj3etkBOaIYOQ7990ZijT1hPDhWhLWbjuqviW3VS+bzV1u8hSZB5X83lGsk
wjDld5kp3Jz6Ix592ZuHrkdfazSkKH7IcSFK47Hv7XK16fLPlm0mUBi9McbnnPJDNpa4dcaj7cDT
ap4CfElbta2J3bt/K3aoftXmNtAz/07E5j73GnHNZjgf/DTmZz6Pop31A40ldmlC8jrc4qW6G++r
+kamLtKCuHruclemwPYu5SfwFr83gn/n+f5x4E3MtXwGec18eO8by5KeO5jg08AFCvNoI9HQqqZZ
FKW4Csne6CXUHaSPiQTw5CcxC2SHuSwLQd/DWJKa60qLZx5tGbmh4E+uEgsAtuhWcvPAN0a9qxFX
hLkTGNBhxL6ZeL6wbHu7mmdR6BQ2VlyZe1KDWwu3TLbvJ9pOBUj5cHiVmSFjTvvvjqHY5JbIe9hK
EbokrtwR4I034kF6KWjPyR3BT7DtzfETypsoNLq5Rlyj+w6Uc+Khe0pznosV/urlTxgHY3HV+S4L
/hcY9d/rq7SeNxFqKxUjlpv0lS+i/CZ4uNO97422n78DvikKyhzehb2xFyfpa27IbNBXvtX1XlU1
uxy9YnqUhyA28tQwuhT4DJjesjWkME78oK3cNAhb9D4DOu7/+E256OSPlw1hPFU+s0J6fO7HS7fV
FgWmABfJN2W7SH6UaEUcWwn3MTR3Q5+Titvcf5edCNS2Ytji3rJdCXI0i18biRWDNq67+tzinLTG
RvMlQuzvf2dnWXDHd7h9Yg5iCwPFniuMmj2nrJFjEId3npgUF3E/Gbrihx8Rp/b7/e7VAspaOT7y
AMowrp5T49dU9Y607KwuX23JbORYHH9t262lL1E941snUwkFt+mNxVM+EaZwHS6TCRTxKfSHnkhK
Z8AYH7v0xINu3aWnV79Wvqs1xtDyiQisarXf11vf3FfpLZVuHBZ20jHIxc8NtYq9z8v82e6W+yG3
fp/eyYkkgk0+rrjErFeZFw9x5lb/Nmv+Rfc0FvjlWHyb8NCQFpQikgQfd3M/MVZ0GuRifW1/D/vq
Lfb7hfbX2nbo63tp4NGKevMCN958G4Q7W4565m+xRYantG+sdNSIxR12rO/7xatFy89P+TUp6KO4
PAbpUlHcoDP/FjjNPtB7gmXw/giXjeNysr2fuvMj1gmDoTdiQ88X/bgf/HTD8Xt+U2ZVmdU+qleO
7Cb7P5Umsyu2hRdIfiV8wPfSaltVWyN60UtcXg3/InESpu5L+ZDZkX98SE3oh0sfWYdr7scgdMn3
kvRlCPUsUHgQhFngYOfCycgSd8aemAqKny+hCsTWcM6jpPoz2PGlbI4/qHuSlzZR8KnlJHSFPD8M
Y+A6p6nmQEsufug7P46mkWrF9fDNhsxPZy9JxlG+SLWUiBSDY/ISyT4+Qiihl7286pTPf+1efD69
LF+f9hYnEyFc7doUauaXJ6dnxx8u6SLpWaU/MhHPVNuKFDsgnAKGv8sRTxIIZu7L/6F/QFtZGpYS
PhXqxqkn7kuuh9ujOeJlC0kPg/ChhP6tLgHVjzI+Ei9FMFpok+MEqZ/krUniJBzMKcZ3nMuzCX7H
+SeGDs0ccqEsprk68iQGymaGP4JnMRgaE8Fy7TEeC5aOBQsDcMN0DH7noPFTNhDMCxw/c4ULP9gj
D0ZeN+EE7hwigyLPhA/FAQvxxZYEWbJBLPgdm4VZrHgxb8jACTwI6NgC2D8GT4IYA4yvxf2c3aEr
hrRMjd2HwT9ShpOSPGao9AkIi99UnyHCdOwlUu77sQhYFo0gzwMG5X6AfUMyO+oHjP30aUxv3LA0
hFYClwELlqQxgU+hUk5wXYIrTxNUP4RmQFT4JVLSF+5K5QiGi9Z90uAEOUv3zo17xIZgTYEnknGW
uiFaE2I+nervyV4Yq855hX+FNWOdMa6FEU32Gv/yash6dI1w4BZEf+z74T3D7ooLRtTwx6YeZ7+g
9+I15Mb5yHjEMFrSrafk0uoe2swUux0Dq4LikNtgxpS68XrVA+anNYF++gR5FXgN6J67LotFIk2E
qgej3LGJ4EkWU8hgYJiBQNCgQPFHxn1U7cibwrVT7meC7atGIcC9QO6yReh7tIahBKYZjUR8BKep
bbk7GnrecTILnB5P7sA54jvwtTJd8CHBXT6gtVxSvGwchxDVwMJweXLAKB9hKqBAnzkAXUwiEARH
JdINDAdIm2QBeBleIpnfkAuATOCJcfhAzzRADSASeXcwB4e6VYAuhujPeA367QHz0n+A+tKYbpOb
DJJbFW5m+yBDBn3LJrWQGCUl6RGxKvozJ+eIsyBAc7ryxR4yAn3iKSkzqKTUbzbBtWWMNis70Duo
chzUSBxnUSqpUmGomAlgU3KRcaHjgppof1fCMA09F2AvR4A+gj4XgqLBu8qao8HFJXlR7rMwosBI
Ec9kv33jhwNwHhzpmaRDN5h4KXb/iRjxAe0Qx26kpiukWy9B1nR7D41275HiyaGgX9+XJKPcxxIS
cOjRXr9M4NZgyGYIyWXepPRxMFaGPZmNQrATvrRJToENjQhmiaAdsQpKAa1TlE7HoGX3/3kJMHVa
hR8H7OfhT9IwIggqws4hKXYJg+iBI61w54Cw1SIqCgCfqEcocMk/dgCP+gThwWjBnAwGJ9zrlIkH
4WQUeEOJV/ZGHMzmV4sHB5KNZCGODFrveqdHrHd+ccMuL64ueuy42728OL1h3dP3DDLQt6fvDxhc
xHrv4KpT9un83eUp675/1zm9uSkXu/9SZXRxX0UarjEEJyieMxYUjEkX8zBrgdohYXApqtAlJVzh
LwMssYKMFKSE0AyOhNJ+y8+kf0EGicNjgJepxoizZAJBdxHC834NbbzD0QOzALqh/PhqdAOV8oPR
IuFgsiD1inClVeW9cxnAs0SULEStVpSsyYvlkJTkVSX5iMcD6BQlJ/R9mdlS7FmuXeplCEfdxdRd
ELUnPMgoNdGRQNqWgQe+OMhHg6IL5k4oB9bhEHhJeSeL3ldm72S0l+4OuUWY+e4ciwfDx33AFvgT
yZg23XRB0EalomSF1s4oTjwaHsl1JIe5bMM4nOTDrLxbXVHSHVO3MEqjLPnIN9gSlzK84yZPJ9Fk
MbSEbqgc2c0mkcy9ZILH1IkSnsjtdYIXqRsIO8HMJYAjGOChq/MlCobhGoY8aGEq8iW791AJgtVG
eS6K8QpbW6A6yA0pswOVcpYlGrz0m3rCqskZZ8FdkmPv8Aip3iSbwOiKz5ZYXlCgIZmssSSKhV6x
vyhVUo957GOQikcKETVYwhw5g+G2NrfYSShPFX0asyKMeZK/vDjvQpKXulCXjHKGkgP1o5jLdgJQ
KEuBxBG1B+hkaiG5RBwrFibvkRIupIPblD6lPHnLePEiz0UF+lgkKL6rWa3yw34QiBQNdqQGCEjK
xqEvk8sBT50x5eAEGfIlcCE1xFBsk3WROisHloGYp5lyZPtJt1J+CsNqPEuR+QErWZoByXjUcCnN
wUDYrjdU1F5ksFTnYvLoSsmx0qEUH28GooJVZueQBYIvvaS0jnW6Hw7gXsAwgP5177ng9pQmyOg5
518i/keskSfci1w8Ie1o15bZsQuBasz94SF+740KBFeAD6umoFGG8zHoYFpHXAx6GjO9CDl9wKiG
ySX3ywxBfOgG3TzNXpSHtNoeQN3jE0O4MYuCqKSOC3XNlep1ifdVzO2JCXluRpyyy7MlSNile2hD
a61ty5telFlX3eNzXI+C9bWqU5UvUIvDmI9QBLAJqC2JfMpXsPicAHjs7DxGO3V8D+dfqJqOoYwS
Scqueh8IaQIiodiDLGVYvZMpF83JsqKcx5pJmpXwriNCi17uikE2OspLlZ+ZhSWKytTG0FXpPFPF
ayLLbfTkIAnlwKW8wUJmMjhJbp1xGCZUkucVishrUIpgLk85S/g0j5Q4jZLPOuE5rXgFYDTtJxMW
NVvxJfQCWQbTpNM/2OdB+IBeH7OLE7b/+cPFyQuQGVweMMD19xDuo1i+MgaOgZVLDGVLeZH/gSeE
dAkpOwBP//z6MuevqhqN8g9qDKeeaNCE7APLWxqGSbYwnztRQ4g2EzQcUrNwzhvOSg+Z52qOyCFP
gegmeJrHTZCfzh7kFQAVjwop+A3knJSSBaHjexGje8FtrvgMXAaLSNxaRtXjOKSpcYBicSk/J5vU
6q989kyfP+nRBIj0d/yeAU+lMeha5dxZoiZiHOjJqYx16p6SvOeIRZAkTT0fm5FxXMUo1QoORDwY
zWuEAG/zi+PhQX6VMe22dM5KWvl4gl8jpxqbxlzZo1GVysY4wGKIopkI8EP8TSMk3PyexkvtZhI8
ELLyHQjJbCC/FkMTeDTEjXOHJx+neT1j5JXiY0Nz8SEQMV6ECrI4NHQwAYPaMpSV5TB5DJzAP/J+
B2Dzm/HvHE2VOjPOC5SyyMW3fjWfdHBQpYZotljvmyfU2IC+7kIRCPUpYrQ0i+ltLKakY2oeJR/B
6R5DdOBXYjb7iY1ifBNhrp7FXM1cQ+XHKlKx6Z7LF6ogTkIVI20ThVHm586oDnAoo2tURKxSPKQM
vxSpKIaDCQYmGO1U7kxTvnJ26kiN4jiZRlWjJMtBUNkLPxwzn+ZwF3pDf4exzRUF0ry7meRoDOnm
MNQsAr2sJJ9VzK8ch2gZglLGtz3LXkiIIZLNJlj3JLieMwEJkwV0LObUebY4TyJQFOOjUQz1s5wn
U5NqcvIgjTlZzpCP8EEPfnfy7gj0UVIxXw59GBTuhUyuOXSde2oxIeALAYhW1ma7YaSda166pjTO
I6WCQeV55UwwyAclNVTpOSLRQ111kHYH6CfapNUBxMdozA8Y7nVI43M6T8Mg9A5FDKl2yZFf8DhS
Z/PhSg4W3JgEU4+9tPE1g5QThnKKYnmwUAzJ8vJ83sYjS0tZdVOn3mQRq9UAjEzxeuwJGJrRshgw
sUGa3VM35TO55UUD6ozeQq7N1UO8CtvSurJXaBMnigewT5U+8ymSsSJSxMAqRyXOKmLgbDPUJi5l
jt5wzgjKDxBEPn7ACJTPHMgYB/xUiMxHNu57PFFlCWSSfBL5+RHmPIBR2eooN5o8B36Ls1dH7N+U
rMD4eUDTWb8jU6o4FsOk/liExMDEERdsyFmD/GkWTQcsG7FoQKcROqEEmapN3IwSsKrhVocv2yUM
8ifDx144KsjRa9HiETu7PO4d2f9sHtTbD9ZB9aF6YP/T+qeLCRH18318oO5gcH3ZqshQLI9q9Rcy
y5NPF/RiXfZwHFtAx2omjVIPmgoDqzkzfNCSOWkW50E5r1Di+XMJijjAB4Yqh54NJbnCSvkzDfAF
mc7+dEahhpqi6w0mGWUKknKrUUqUW2pJXxhRfSseIPAlqrhz7rA8SKiQAY0MPEjMZzKJo+tQXvoI
ki+HEdlnpJTEH5KReB6r9w72BH4DLfHUBim0tOVor4VL9PHFkoEDOdFYp+Azp8DFVaQaLZzcumEK
wdCg4uNMg5DFvn7s0isii+Oh59OCswVlNIn0wzEMH/qxB71sqhO+JPTsfn48GcgnaAYNeny+kxGt
p8DczKUVpYuLIsfUw3sxVNMNOjWhgSAxSZCyTHTKTffSaH6W/OHjllf5LzY/lYZ3IoDx3lDBw4OS
uqIWJMw4PWG11e6CX71ILtdt0+Kfr7430G+Hw4eJqfUQ4dmVStWybNwapnvyzhDdDW8JWpEIJM80
GASEIEmMC2887PKfrwyZCwjgMKZFiQXiPW43aBAjNZ2oLfTqjgu+hwlWlnp+YpOS5IYl3mjgBRy/
8kILFHHnYgpM7kBdhKyceBbhpu9EsKWyoBrwpVtW1Iuhi9H+dtGWdh6fCWICZPit+8jknuElpMqq
ToKiL6N4PsqkL+b8f8Mk7l2X5osWN/z55/8F/7kpQQ==
===END CRASH DUMP===
