PocketMine-MP Crash Dump Wed Nov 10 10:21:21 +07 2021

Error: Call to undefined method YTBJero\MagicSkill\Main::getId()
File: plugins/Magic skill/src/YTBJero/MagicSkill/Main
Line: 111
Type: Error

THIS CRASH WAS CAUSED BY A PLUGIN
BAD PLUGIN: MagicSkill v0.0.1

Code:
[102] $pz = $time*sin($i);
[103] $vector1 = $vector->add($px, $py, $pz);
[104] $level->addParticle(new SmokeParticle($vector1));
[105] $level->addParticle(new SmokeParticle($vector1));
[106] $directvector = $player->getDirectionVector();
[107] $unitVector = new Vector3(-$directvector->x, -$directvector->y, -$directvector->z);
[108] $unitVector = $unitVector->normalize();
[109] $item = Item::get(276,0,1);
[110] $pk = new AddItemActorPacket();
[111] 		$pk->entityRuntimeId = $this->getId();
[112] 		$pk->position = $this->asVector3();
[113] 		$pk->motion = $this->getMotion();
[114] 		$pk->item = $item;
[115] 		$pk->metadata = $this->getDataPropertyManager()->getAll();
[116] 		$player->dataPacket($pk);
[117]     }
[118] //return true;
[119]    }
[120] 		}
[121] 		public function showOnScreenAnimation($player, int $effectId)

Backtrace:
#0 pmsrc/src/pocketmine/plugin/MethodEventExecutor(42): YTBJero\MagicSkill\Main->onMove(object pocketmine\event\player\PlayerMoveEvent)
#1 pmsrc/src/pocketmine/plugin/RegisteredListener(80): pocketmine\plugin\MethodEventExecutor->execute(object YTBJero\MagicSkill\Main, object pocketmine\event\player\PlayerMoveEvent)
#2 pmsrc/src/pocketmine/event/Event(88): pocketmine\plugin\RegisteredListener->callEvent(object pocketmine\event\player\PlayerMoveEvent)
#3 pmsrc/src/pocketmine/Player(1663): pocketmine\event\Event->call()
#4 pmsrc/src/pocketmine/Player(1776): pocketmine\Player->processMostRecentMovements()
#5 pmsrc/src/pocketmine/level/Level(854): pocketmine\Player->onUpdate(integer 801)
#6 pmsrc/src/pocketmine/level/Level(787): pocketmine\level\Level->actuallyDoTick(integer 801)
#7 pmsrc/src/pocketmine/Server(2265): pocketmine\level\Level->doTick(integer 801)
#8 pmsrc/src/pocketmine/Server(2396): pocketmine\Server->checkTickUpdates(integer 801, double 1636514481.7602)
#9 pmsrc/src/pocketmine/Server(2152): pocketmine\Server->tick()
#10 pmsrc/src/pocketmine/Server(1992): pocketmine\Server->tickProcessor()
#11 pmsrc/src/pocketmine/Server(1586): pocketmine\Server->start()
#12 pmsrc/src/pocketmine/PocketMine(314): pocketmine\Server->__construct(object BaseClassLoader, object pocketmine\utils\MainLogger, string[39] C:\Users\tungnguyen\Desktop\AcidIsland\, string[47] C:\Users\tungnguyen\Desktop\AcidIsland\plugins\)
#13 pmsrc/src/pocketmine/PocketMine(344): pocketmine\server()
#14 pmsrc(11): require(string[94] phar://C:/Users/tungnguyen/Desktop/AcidIsland/PocketMine-MP.phar/src/pocketmine/)

PocketMine-MP version: 3.25.0 [Protocol 471]
Git commit: f48b703533e0ced4e8ff9e118c5fe3889ccaf23e
uname -a: Windows NT tungnguyen2-4si 10.0 build 14393 (Windows Server 2016) AMD64
PHP Version: 8.0.11
Zend version: 4.0.11
OS : WINNT, win
Composer libraries: 
- adhocore/json-comment 1.1.2@fc2f76979f0a44a5f5bc2a2b600d0762fe0e78e7
- daverandom/callback-validator unknown@unknown
- pocketmine/binaryutils 0.1.13@0abee38d4e2861621f262c79a2a3d699d8a697f4
- pocketmine/callback-validator 1.0.3@64787469766bcaa7e5885242e85c23c25e8c55a2
- pocketmine/classloader 0.1.2@9757928424652393b178a3760073113aa7c9911b
- pocketmine/log 0.2.1@830b44a2cf96ef703c550abe64302f230231ca49
- pocketmine/log-pthreads 0.1.3@e477ecf6ec214fdd4415ea1da3fdd9d73bf699ea
- pocketmine/math 0.2.6@43057cb8c179a9859677b496a788db922fd5cfc3
- pocketmine/nbt 0.2.18@9f82ca4d7f97fcd9a566e44b63c4f18a7657ae82
- pocketmine/pocketmine-mp 3.25.0@f48b703533e0ced4e8ff9e118c5fe3889ccaf23e
- pocketmine/raklib 0.12.11@9cce458b8bfde3e4dfdbf70c659fc7b7fe26b5c4
- pocketmine/snooze 0.1.5@70b5e7937a06878dd321a3182ceb76d56298f2cd
- pocketmine/spl 0.4.2@6b08b7cf8c4afa17139c9a1b3bf1b408531de161

Loaded plugins:
AcidIsland 3.2.9 by GODSMineVn for API(s) 3.0.0
AntiInternalKick 1 by Jibix for API(s) 3.0.0
AntiTNT 0.1 by Adam1609 for API(s) 3.0.0
AntiToolbox 1.0 by FaigerSYS for API(s) 3.0.0-ALPHA4, 3.0.0-ALPHA5, 3.0.0-ALPHA6, 3.0.0-ALPHA7, 3.0.0-ALPHA8, 3.0.0-ALPHA9, 3.0.0-ALPHA10, 3.0.0-ALPHA11, 3.0.0-ALPHA12, 3.0.0, 4.0.0
AuctionHouse 1.2.5 by Shock95x for API(s) 3.0.0
AutoClearLagg 3.1.0 by Twisted for API(s) 3.0.0
AutoFeed 1 by Ghast Noob for API(s) 3.0.0
AutoFix 1 by Ghast Noob for API(s) 3.0.0
AutoInv 0.0.10 by JackNoordhuis for API(s) 3.0.0
AutoSell 1 by Jero, Cur for API(s) 3.0.0
AutoXP 1.1.0 by JackMD for API(s) 3.0.0
Badge 1.0.0 by YTBJero for API(s) 3.0.0
BanItem 2.3.3 by LDX for API(s) 3.0.0
Bank 0.0.1 by YTBJero, GhastNoob, Kaido Joestar for API(s) 3.21.0
BetterVoting 2.0.2 by Twisted for API(s) 3.0.0
BlockCMD 1.0.0-beta by kenygamer for API(s) 3.0.0-ALPHA10, 3.0.0-ALPHA11, 3.0.0-ALPHA12, 3.0.0
BlockSniper 3.2.3 by BlockHorizons, Sandertv (@Sandertv), Chris-Prime (@PrimusLV) for API(s) 3.2.0
BossAnnouncement 2.0.4 by XenialDan for API(s) 3.13
BossPlugin 3.21 by HmmHmmmmm for API(s) 3.11.0
Broadcaster 1.5 by EvolSoft for API(s) 3.0.0
BuilderTools 1.2.0-beta4 by CzechPMDevs, VixikHD for API(s) 3.16.0
BurgerSellWands 1.0.1 by Heisenburger69 for API(s) 3.0.0
BuyKey 1.0.0 by  for API(s) 3.0.0
CmdSnooper 1.0.0 by HotshotHD for API(s) 3.1.1
CoinAPI 2.0.9 by onebone | Edit By SenKai Official for API(s) 3.0.0
CrateVH 1.1 by PIG for API(s) 3.0.0
Crossbow 1 by SonsaYT for API(s) 3.0.5
CustomAlerts 2.1 by EvolSoft for API(s) 3.0.0
CustomWing 1.5 by YTEsDev for API(s) 3.0.0
DEVirion 1.2.7 by poggit, SOFe for API(s) 3.0.0
DLevelIsland 1.0.0 by Nguyễn Công Danh (NCD) for API(s) 3.0.0
DancingFarm 1 by RicardoMilos384, DontTouchMeXD for API(s) 3.17.0
DevTools 1.14.2 by PocketMine Team for API(s) 3.13.0
EasyCommandAutofill 1.0.9 by jasonwynn10 for API(s) 3.0.0
EconomyAPI 5.7.3 by onebone for API(s) 3.0.0
EnchantUI 0.6 by UnknownOre for API(s) 3.0.0
EnchantVipUI 0.6 by UnknownOreforsource|RBpmmpformod for API(s) 3.0.0
Eternity 1 by minefore and shin1134 for API(s) 3.9.0
ExtendedBlocks 1.3.0 by Javier Leon9966 for API(s) 3.14.0
Fishing 0.4 by benda95280 for API(s) 3.0.0
Fix 0.0.1 by YTBJero for API(s) 3.22.0
FormAPI 1.3.0 by jojoe77777 for API(s) 3.2.0
FormImagesFix 0.0.1 by  for API(s) 3.11.4
GCPClan 1.2 by InstantlyTa for API(s) 3.0.0, 4.0.0
GemUI 1 by WoolChannel3295 for API(s) 3.0.0
GuessTheNumber 3.1.0 by SalmonDE for API(s) 3.0.0
InvCrashFix 0.0.1 by  for API(s) 3.14.0
InvSee 1.0.0 by BlockHorizons for API(s) 3.0.0
KeepInventory 1.0 by KhoaGamingPro for API(s) 3.0.0
KeepYourXp 1.1.1 by ArasakaID for API(s) 3.0.0
KingofBlock 1 by YTBJero for API(s) 3.0.0
LoadWorlds 1.1 by shin for API(s) 3.0.0
LockedItem 3.0.1 by ytbjero for API(s) 3.0.0
MSpawns 2.2 by EvolSoft for API(s) 3.0.0
MagicSkill 0.0.1 by YTBJero for API(s) 3.22.0
MaxEnchants 1.2.1 by Xenophilicy for API(s) 3.0.0
MenuAuto 1.0.0 by JeroGamingYT for API(s) 3.0.0
Minion 1.0.4 by phuongaz for API(s) 3.0.0
MuaPointUI 2.0.0 by JKPVN (JakayPluginVN) for API(s) 3.0.0
MuaTuNhanUI 1 by FurryJaki1992 for API(s) 3.0.0
MultiServerChat 0.0.2 by tungsten for API(s) 3.0.0-ALPHA12, 3.0.0, 3.0.6, 4.0.0
MultiWorld 1.6.0-beta5 by CzechPMDevs, VixikCZ, fuyutsuki, kaliiks for API(s) 3.20.0
MyItem 0.1 by AnhKhoaaa for API(s) 3.0.0
NGVS_Khoe 1.0.0 by NguyenDongQuy for API(s) 3.0.0
NVSSP 0.2.1 by YTBJero for API(s) 3.15.4
NameSpaceRemover 1.0.0 by JackMD for API(s) 3.0.0
Napthe 0.0.1 by hachkingtohach1,tungstenvn for API(s) 3.0.0
Netherite 1.2.1 by Wertzui123 for API(s) 3.0.0
NoAdvertisings 0.0.3 by YTBJero for API(s) 3.0.0
NoFallDamage 1.0 by DeveloperNeb101 for API(s) 3.0.0
NoTP 1.0.7 by awzaw for API(s) 3.0.0
OffHand 2.1.2 by alvin0319 for API(s) 3.0.0
OnlineTOP 1.0.1 by HMMMM for API(s) 3.0.0
OreCore 1.01 by  for API(s) 3.0.0
PCEBookShop 1.0.3 by Aericio for API(s) 3.11.2
PHP-Sell 1.2.7 by Muqsit for API(s) 3.0.0-ALPHA9, 3.0.0-ALPHA10, 3.0.0-ALPHA11, 3.0.0-ALPHA12, 3.0.0
PM-Beacons 2.0.1 by jasonwynn10 for API(s) 3.0.0
PiggyCustomEnchants 2.4.3 by DaPigGuy for API(s) 3.19.0
PlayerVaults 3.3.1 by  for API(s) 3.0.0
PureChat 1.4.11 by 64FF00 for API(s) 3.0.0
PureEntitiesX 0.7.0 by milk0417, RevivalPMMP for API(s) 3.19.0
PurePerms 1.4.3 by 64FF00 & ProjectInfinity for API(s) 3.0.0
RankShopSystem 1.0.0 by zZPROGAMERZz423 ( Edit: PhongGremVN) for API(s) 3.0.0
RebirthUI 3.0.0 by YTBJero [Edit by NCD, Ghast, CurlliestDrake66] for API(s) 3.0.0
Report 1.3 by ImNotYourDev for API(s) 3.7.0
SETVIP 2.3 by MCPEVN TEAM for API(s) 3.0.0
ScoreHud 4.0.0 by JackMD for API(s) 3.0.0
SeasonPass 2.0.0 by TungstenVn for API(s) 3.0.0
Shield 1.1.0 by JavierLeon9966 for API(s) 3.7.0
ShopPoint 1 by S2TwKen for API(s) 3.0.0
ShopUI 1.0.0 by SaltyPixelDevz for API(s) 3.0.0
Shulkerbox 1.1.2 by UltraFlappy for API(s) 3.0.0
SizePlayer 1.0.3 by  for API(s) 3.0.0
Slapper 1.6.2 by jojoe77777 for API(s) 3.0.0, 4.0.0
SlapperRotation 1.2.0 by jojoe77777 for API(s) 3.0.1
StaffMute 1.0.0 by YTBJero for API(s) 3.0.0
StaffTable 0.4 by GigantLeyKey for API(s) 3.0.0
TableSpoon 1.0.0 by CortexPE, Xenophilicy, HyperFlareMC for API(s) 3.0.0
TimeCommander 2.2 by Zeao for API(s) 3.0.0
TokoThirstBar 1.1 by Rand for API(s) 3.0.0, 4.0.0
TopVoter 3.2.0 by SalmonDE for API(s) 3.0.0
TradeNPC 1.0.0 by alvin0319 && FunkaDev for API(s) 3.0.0
Trident 1.0.0 by brokiem for API(s) 3.15.0
UIShop 3.5.4 by SaltyPixelDevz for API(s) 3.0.0
VanillaBlocks 1.0.7 by xSuper for API(s) 3.0.0
VanillaEntityAI 1.0.0-alpha5 by jasonwynn10 for API(s) 3.0.0
WorldProtect 2.3.8 by aliuly for API(s) 3.0.0
essentialsTP 1.2.2 by  for API(s) 3.0.0
iProtector 3.1.1 by LDX for API(s) 3.0.0
reyyogaWtrhit 1.1.6 by reyyogaMnelux for API(s) 3.0.0, 4.0.0

----------------------REPORT THE DATA BELOW THIS LINE-----------------------

===BEGIN CRASH DUMP===
eNrtPWl32ziSfwWj9Jt2diVZpG7PS784PhJ3fGgtx0n3aF4eREISY4pg85Ct7PZ/3yoAJAHa0eEo
s/uhM4fFIlCoC1WFg8B/VyY8mtPk84JFsceDykGrWkm8OascWJ1mp221Wj2r3uv0bICnoXzT6tYb
zR68afTbTdvqtNvVik/j5CSKeFQ5+O9KsgyhWEU+VytzFsd0ipAj6vsk4SQNXDbxAuaSOUtm3CW/
3bz5lUV8NLqgU88Z3nm+j7+94OBgypIzd+8l4Jmkvn/q+QLRwWj0IQaaR6MkDabBNF2yYDQ6ZvFd
wsPR6NDx3LPYp4E7GoV+OvWCWOEmsUQeR85o9M1m6+EsxBZlawrDvoZgH+rvq+r7Re19rAwVfWAO
RGhZIM2IOvD7n5UXDRLOsRr+L+TOHUvmUGxfYt+/EJI4WbAgOXlgTprwaK9lvzz4tmxqv/Dggi/Y
Hh9/YU5CCpyjEUM8yDtdsmg0Goi/WFg0gNJ8Ya0k55pNvThhEXPP8W/Aor1eA6jRG5FFgZjHpNd+
YeJXTtw3uaiS55FvP02+qLkviu31et8g+DFztV8csE1Z7Xn0NJ+mRxbdszqdZokYhVNgkM0LK3/R
Wo2o2+2UEMk3tV/CiDvQ1S54nFwzB7AigXP4G0vE7acR+0CIv3+O/7/Xa7e+gZwHH0KXgj69IGFT
FpFewxJYO+uxdnvdElbxdjQSr2u/UCdJgf3lMb/xnLtHLXSfbmHIIvBae7bdaa/E7j6Ntbcaa7Nf
FrN8A5qaMecOUUqBxDrmKnF5OvYZ0bxnt9OwRYv91S1abfsbLSZIv+yzjZU4rH5/FY6BNBBwLBKZ
tRpZu/ctEcQJjRKF5Bv9cCB+XsDPvabV+gaez58dHsRJlDp5r3tDY3YE0SQ+59Rl0ZPeIU08P5be
45xPp1gKkHjB9J/N/r/INrEhr9jqblcxDypSCM31QmiVhRBLMUsEqtPvWRaUitgfqRexPUVbv/Uv
Es5odLC/f3SwLyjcLwjcV/TtF+Rp7dYuBnWsW6bsZeVff1Yr7EdH7O+On0CkrP3ZCxbcl/4MULog
HyepZG8BUiABqMNdhnxZDRte/RR+Ja/IT5i9/EfsBXs/eS//AYWsRhNfLgARjywsIX+CQ3LdvZ/C
hyr5KVzi/31V5VtY3ldOy3UH0As8x2d7Absnwzm/Yzkkw/pS1Ww/u2YHa0p25RskNFReGUR9LF5B
7nYr3u6pal2slgZecptVwqbkQ3OvZmCs/QKslkHLx6BMDL1HuLWn2i8BppS+95VltPSxvJewOZQ8
gz/CRPbsbqfaqFqyjNUQerpTdB66LhY8RIQDilarcFkWlBslowTKQo4RJF6yvE4DVO2ZK5Q882Ih
FzRBWcXWq4Q89lBaRVkaZ1JR5Zt6+Tk3SwPmCwHKSrf00opJwax83TaQsYRCzKAGumMAgGcOWZQs
L2gA/Q6UKN4cYkog0XRyNErziEZJBlCrUqh0Av/+FE+opv39iCVpFBBwskwW6stCoozdUHjlUybc
EGIY9NRJGgjLIvGM318FQydiLDgMPBgwoAAULVUCAZD8xCYTEOOZ+7Ly519J719J719J719J719J
719J7/+zpLdamaLnoz5mhwHF6ayKUREIG4M2igmxSrNut+sNhKee71YO7IbVrFa8+LPLFpWDCfVj
BmloxBPucB9nxyxoxMMkddLqjbuNZrvZZA2HuS3Wm0z6DAKz056wZq/Xdxw6sZsMcKeKlo9e4PL7
mFzekIJbu9aKPWI16g0iaCBWq9lvkr2ssLQsAoR1XpLDi+NOCxPjWQj4evVGHXKmauUrC4D2Sit7
htefeYwtnl1e3gBAPNyL7Nvhc0iTWPTZ98YRjTwWo7SoOwMOI7b/JeZBDcqoVNyqW3X79cSxJ91O
v9ufNGirRduT9tixqT3uNBpuo9uxJ6zBuj3WBfQuBWpBY3y+jwFgDFlMbQEJIzgWHI2ALO4Cfh+8
Vn+R2EKHYy+g0VJ0BigKzNSt5usGHTMQKEjY7nWsjm1N7I7tdPvUpk230++7PQqkTVomqicbt0BA
zdedFrjvFtTpdMYOpV3W7vXadstmvbZjNx27zUCHbWqXEGIX9kUXVrTZr/vddrdv91p2q9MG/9oc
W90ebYJ7bHSbkGoCbqfft6yxicnnU4HBrluve83GGCRqO5N+h03AnqBlZLjTajZsMJ+G3bQc2uo/
wlALk1nEqJsJqvmatbpd5kw6zLGt1sR1Wy2rzajl0iY89N1uczwBaTFqooJ0b6ao6byGRttdZ9xz
LBBvv9fud7rdcavfod1ezx33bXvitp2J0zRRBOMk46f3uj/p2UCw252AThy3T9udDmu1xp2m05pY
PdrttLuU9UrCLX7W5mHeLV9v0cc0ZBG9A9uWcgGarNdQjLXavXFvPHFZk7XciTsGWTuddn/idMfd
CbM747ZTsqA44PwrU+Jtv+42xm3W7Te7tNHpdXuu27Qt2rSAWzbudtx2x+73JrbjlpCEvsDQAmvp
jBvAjjPpOS06oVbXavadPrXGoBhr3Gr02k3LZVbHqvyZD4xF3yzcoObXNGC1YvizOhoLTSGBjWLM
0t9eHQ/R/90G6CFp6CGwCT2hgc8soBDdATOOIaD7shB8CdaDdzGfJMc5oHICoY3Pl4eDM2hA+VUe
sCWimVM5Tl8OfA4poPyLY33oMOiFr4Y3H6+uz48BdM/GMEpDHnAwcQjDuzNIN6KA+u8houssll/p
jFomk796Y+/h+/gruBDIIDqW2pfxeVOmbsDxmrzcCFdcsAB2ZTJx6NK51YER9Y74UI2W6R7eHF7f
fBg8TTXn/pg/lClXUEMBImxq1J9SDxKX4W/DMvm1w/PBu0PsXdpj23zsmI9d87FnPvbNR6tRerZK
z3b2DH9b3yPQnEVpHEosxsM685glSRhD3gNJxCwd1yHS7udY93U8qJBUjNDf8TRmukZ0sKkSu942
lTKEsH7Xbz/ssuufBYujiMazU9njlGxi1dJoRCV9M6QPZGNSu77vwGD7yGc0OqfTqcG1Djd93iNb
vLnHUbC7q46USHTIGiSCSIQPRCBvJk3bal6ReRgv/XR+cbRv4lPCOGXMLclBgFZ4w7czGifkkvPx
zlyJanULH4g1vIcy5d7D/wHh6M23oRssvEQ3QkzfDd67ZHS/QroJpEfuLPXiXdH/BZAGGVJpgF6w
kKYnidqIoyHz/RJLArQqpLKIV8lRGu1SFTHLZsk2pfzToET3p0HJ6T3q/aiIi+OdZQMCm5T4p8Fm
xD/R1yWafcUBMPeGulPdrcvnUogts6YmHXfFWz6HKRrfXDFvaIBT+Ab1EqLTb9eb9aZJ//nxp13R
DqiQbtHss7UCSGoXR4OT/Yx+ydydydnd477/tFqq0oMJB1atvKeey8mvnOHsksG2be1AZ2MgbAuV
sQRS2VueeIEeVg2wqTwY0f2AqFoZeNPp8iiNEz4/CZwZDZK48kSoHQvCFoIw0LNJ5npufchGjsAJ
aJxmoEddrAZtUZPVOxYsp1AvejqZ3SLlfKaWM2qB9YLuzdgeBl7IojLnCloeLJb6pyj6jkfeVw6D
z2plCANMFiULsvc6+4nTe0ezyItrg8ibM3iDf9P4/PalaeNbW4YaNZaEkFGjJCH5GI3kbOpGQuFx
fBgEPA0ctcJcSKb8qtwDWqZ4PrHAo/4xNYfSVvO5Wn4Q+FwaAHMlUrblcKDWyg3eFLCk9JLzejef
w3/hn8nUOhdVGfo0lCY1SCN2gsu1HouFf/8Wv7P5fIYtQfcG6iTTz/DaGcX7Go8ohgjwOBTXwXQ5
aFCz65fGSicL7g+B8F0FKK1h4NSgYsVIPGP3/v6+zoAixF5P7gR/OD/MIhwhxjqDOrg8HpTOrWTG
R1+ZMxtcHLMFVrj1Hry7d2a+ZHWez7eD2MO5C9hBz5K4BIkDKZikbqt3je59A5UQToSjaMgvP1JB
kSYf803Z/5e7A/NiFoxFpc52czH6OHmFgMwWUCoGgVvE9HT5ni0NVgVgdRK5K/MWbW1O7NHcHcJI
xgxNGnBN5vuOJ/GMJ2U7Be0910znbiybHo0MMtZzAkMwVLHGhoKUw0dpKpYHbAz/I/9DTlwvIW+W
ZMgCyBLJ1WTiORAJduV6VEOjkQOEAULgMKdwPXsRTdjtO509BSmNu0zmBmdvd0X+kKf+RzFS/D31
J3Q2906/RFtYWgRhYczvDQ4UaMWAdwhJBv3tpsRE+/lMCHQgetX2FgyI7PjQB7+pOzIDbJqa9WND
md4yMGTS8bxgJpF8NEcjGnBlqP7t5iSGKLBb9j6KkcamOjo+ufUiQV5OfQ4qB+GuSX3Ip7iGDNn1
1SnbFQ8S6Wi0ECSMRhB+1S+NrDUrAMdig8mjtSYDvMZNX07T5Si1mNMOyNEobTQmrWBKIGOekb3L
o+OXz46n1copj+ZrIuulWFI/4sEUWwTWTcrXK5UGDljBKY30uQ0dusJ/XHsOjVx+4fk8bvYw5Trm
QXLDU2d2wT6V4lb3+Zo2sAKPBXXGw0b8skU5m8xBJWffKs8GFDsryA2jpcFD8zvYUwTgPpVFKVNc
5WO0PLEgbT/HAdye0Hh5xOdzMAachpt4xpzoU2/Lxl6K519ozIP7ZRBYjd3N9+YoR6MnSNrcQWl9
R2NS71AFb+16tzwToFKInWckTFIgkhKDmvUMydmiDwY/OcycoeuYzHyQu02uop3xU2AENjIitlCO
rHLrhU+xI8EbcjQBCE8jh/3P9ZtwPg/xoz/u7p5PK2dUkLcFr7iE7iX6OCUHrXCnuH8CeGEErJ/E
My+wrGbLYKv/fLYy5KPRfLIFJw8JYGKumIjSnWbphek2mo/XJxYei8g540G/3+mYnrP1PSsViDdD
C+oyqNqczVMPxa3nZRnENMnSrMIYGqP9tt3bmTNUzY5GRftrMhhzxbG82rhi5t6YubR3MDu/1aJj
ltpopCvIGlP6wr9w1sV/3zf3qgWgHCPwIInIf2zKytmcTllc0oUBX62V0jxk69m9PP0jxpwYXaIn
2p5so5W3R4MjyBw1JjJIKcE3dXIWxAl4SX95Qx91hO/cgOJlqBMKXDnU8XHq+PToUFG1dkIN8iSo
FrL6QsyYvmVzI/7I5xVO+SPkUkcQAwLmN+1+e1cd/e2mS3iC6JTF8c2MXabzsTGZVHqxZo/IkPpz
Hhyf7GzSQuEbjUw6NmdM31hTcKVDt+g23xFHsm7jBQsHWxadZvPVCCB4yJjJAQLWjBzNpaddTVKa
K0iSkm2Yec9YCLVYkPBIz2BM+MqNce9nnL6lkHFMB7tbuTeQjkYGOZtbHFb7DZLHT2GJNQUsb7Qo
b1gE66B39Gxney1yhJIjScUW7IA4+EToXOdHg65wbTveWvH+6s3mhKM9fuSRb6xbaMCVE6+YGu1s
U0Xe5uZbKnDs7YSLoJ7wUDIDo2+3tD9EA5p++VFGtkzGX3aoB4UO+3xGgf57E+1cDEN6H+iqySDm
JKz9YydhVaOgmLz15029al9Tayzpn1j/36TM5Q8pN9INfch3kejMFNDyZKz1aEmfhzPP95zlrhSl
oURGclKMh42YY0GKEz86ZxloTTRFicr48GhF4/kGqNreQjteYE6RK0CZ+NJIMpylPJjSrzub3z8/
PBar0bL5LehP6YB7pTknDVhe7ysr4f3g9pLs/QohbSm3KdxevtzZvkREDqykdCt+btJLsL8yQzl0
RYA8TaNoCbx4+FHmzob4OlLBTUbKNlz5iSe/k4OxSWJwZr4pe7aSx8av8vDr6W9s+tK/I8C/ne8d
zmXtNbfkVUToMpsSaPasjtr/0V67/+Pod3EI1zJN4vTOg9931Pe8OzMRtxs72hUyR4LvkWBUuUb8
9+wI0RChoJalDEQBVn+BE8wwsaZ0Zy5zufn2VKT68u3t8DOQoA+fCtgGa28sOAbX+V/pzoLZ+y06
4uXtcKhv15bPpsTtTdIJq/38SZ9Dnz28ibwtvPwlUAsplcOu2ZwvjCmFR6/Whd0fsvW8TMU2rIXJ
zDAmCViT4s2oM7uD3CHh+MuqZo5qsbOBRqkF5BEJy/5uxBuDgpF4LtjLYWvSvo8sSr6mnmU3d8VR
gRGYyMh49sb0Att+wRMyzQ9dYCzxYhCenvKWXpQV3Pz3fEdgUrGFnfJT6vvHdE6NbyIM8MpJlmNc
6McNXJdsbDWsXTFWQosMFhRtw96N4RfxsexJSptE6P1Xer8rNgSy0SjgSfhsi5QEATNXk8k7c4NI
BintSSqnV9RfeEGjae3sA9cc4WgEJMzEORbqxyZauQrwKLKbK101BWzdNtEL+Le71XFfnKCxqT1d
ReyIR3pPySAlqq0fsfNTtbXNNOrg6OQN53fDGddnGnVoWdwlh3UIHtDxeHmLur16/9A3vjX5Zuog
GxmNNMKMh2d0G4VzX8OyLyTyblArfZWXg9bsH7sQ8/NPD1Ke/230c5c9gOB3oudtaryDi9obRvGc
HJ33AlgeVFv/3k03Y0EGfnKUkbOeoyfMTGPtibcmj62ytR9TqPS2lMRb37HfIUMI1vyYmieBzzD1
rJH9J9BJmxdHb91SGKgZAtLB5uxws/5DPFi2wiWPP1uIlrOTwXI61qs9BUdoTjjkILMLt+S5PJqG
O63T08Z2BiyQD1g0f8KHVU6p+Mw+HoivED+xhcfTeHBSy+DaV1WfZdvAryK2+PUMpQui1BmgOZo/
y98EmRIq4Gaa2i1ndXPPv2u0LPR/18DSgvqDi4vBznpFJHHirimwhRRPQJSESYlkZG69/1Cjdd/k
VwlGatEUioSV7ab5lNmQvxPQM54idhZMPLGRakcdw7ANQZH2cwfWIfGAFK5pIGLhcBmb0zSlF2vG
219/H1xfvT28OLn+/WvLbpI98WXFARnMeDB9G7H5thOueg8udr3oIiig2TcVK+RpcrN5jLxmYy9K
ZsY0bQErr6A9/ZE4+af4ymS8JJdHx1UivkwWH/T7PthichzRO9bp/GtXpnPNvMChUUCTbY6JuGYh
jxKDSwEo7Xsq7bCZX/IEF4fL3wB0n/E18gPz8Uvf+IYfe7HDI1dzlXpDeMgmkpb93YS74cnN7Zk+
vFCA0lfypfTuaHBye0luTg53Nr6QKPGYQty8uRHleBrcu1Qf5eUgnfrWv2sOLGt9c9MaMkzrBjTW
Pa0GXLN4c6PmvG53NudVYERNZHTovzdia+YxY/ZfAdYeiqFvDt2q1+Tj+y32nkqisr+b8cVDsa5m
sJbBVn23Zd/cv2c701Le5haWBlUMV60Aa4LXkPrJUjggcC87W+z8cCaHrZsTn/p3LDJP/dKAZbsq
Tep88JOInuKn4DtLQjSUaECCkjd8i42bQ+8rk8m8zlIBXD3XsCs7wvbO5fHKxe+NyFcf1mu055/a
m6t79ka7gXew8TSWBDx78rCgbD/jpWD0mifi0PHHDOdvHn3WviHjz/46uETAFraX0MnkIjVWJQrY
v/d4H2xyS8pvsJUy6RK4cvP/W28Kw/xzJr4/3xH5Mba9Of2CymHIDUPSgGtkfwQ5HXsYnIjhc7En
qFp5twRDAHcUsYujH7JFqKBR/73+Y4cbb87U52GGtzDhK/eo/c4o3+mBTEbb338sk8kK8szv+M3M
i+LkDTV4NuAr90teq1Rml/4xEjOgSMRGlsrDW26eUpKDygf0/JBd6+rjTWyx8tQO9oya4tdGbEXU
ZZeDI52tDLSm8+UrOeTvfyenaXBHd/h5d0bEFq4k8lzzpKAMsoaPccTvPDYvb2Z4NukKH+hBtj8a
DS4KUtbyIXNBjQ0FMI2sXXbm35GYbngEyrZJ6i0NPN+njz68M+FrllQfhmnIoi3ZMb/sW3WWk8A+
GhkklR63YFXMGS4Pzx4zm795fJAZ9cNZebPXztZLHh/z9NTySYlI/Gg0J3dNPBN7twYRuBtH73oG
uHy+YK/sR7zUX+5ufRmxjUZip1ooKdjkNOUnItpF6kUTHArrZ51nd2clEcOT2PFwqH2DW7zGK45x
Vpr6sbGFwACXs2P7R4xn9BZHo1L7a63aUyxxPehpwPLHWtaPPTeyaPn7cxSNC2A0Yssln9KPSTTz
dCs24eVBdenrblX4ImB++rDzXEUiBzKsTR0wHkhPI2AELLR0+EN2H4dwjWKnbT2UF16JqyUqLwb5
EzniwcSbErw5bhSNghcfmUsu+YJYDdLoH9jWQbtJ/rPRJXbDtrCAxFfD2dZXVt9qtjSgF77CfU3w
HwTOeeK+MohSF2fgy3tgldV8LwYs+EzVMXs1dd8WdWYeUxcLvYIkHBvBLyxqqsuDml5ZHdEMfVCV
4le2aBinjufcZa/E04RHgDaHcRi+ABSk4+LsZfYcLkLVjOvhwU8pRNtXtsAm7i/B26ZiluBZl/Er
BMu75dCQXp3z8XhZs9oFOGbM1UrhbX+vjk9ODz+c3yBUWkjtj5RFS9WqAkUQqTOS8Hc9pHEMrs59
9R/iHwgqTXgtpgumKi48dl9zPfwG1WGvegh6GPOHGlquKuLTYJrSKXvFgmkhSIr3ivlx1poEzvk4
hxi3JtSXc7w14QVB4ySOMJo0EuNwYTsExEwMZYMtkZsZixnJ5EZguEaSGSM8AMNLZjQhDuo9IWNG
vMDxUwjq8IM8slnENeRzqDlBBGWcMZ2wKuG4JS9GlGQcMXpHljyNFC7iTQio3wN3jy2A5vGePYgj
gPiS3efo9l02EWvN5J4HPycEJxxoRFDoeAkb3mCyRArxMjnJ9/2MBSQNp5DPAoL6KMDeIJEdjAJC
Xnycib2CeKkjuGeX4AWP8s4dkAGMUWIfV2fka0EqZCUUEIM8fZYIeeG5QQ4juIfKFxKcI2Zp2Jly
D4i4GQdfxLM0cTlqU14reUBGFXVljaD6gUSs9oUDGwG//9vf/jaqCEIPfZ/fE+ySQBtRcZAsPEr+
Cw0VywiLzULkgbjjTlQ9Edar6ojDIbBvEVAgyAixjZdESRbLK2PPX2u0v/gImQoYCIiZui4QGktt
oJTxdikyZzSGnAcdA3IzZkg0yIr9kVJxc+bUW0DZBfVTRvZUo+C9XiJ22SJ0M7FaVAMt4MVOB/Ba
tC0/DkYjO4yXgXND4zuwg+gOzKouCnyIQVNo6RmnWGwWQXadgjKheFwlIjEhymtA96gSvN4HGMHQ
ImQDXhxh8zQAg8IiEvlQaBt4AqOL+APe+sdADMCSMOQgJw5lqwg6m6DpYhk00Srxkp/x/tBIVHMZ
ekphQaXKZA94SKEb2UIsgo2a4vRAoCqbLhXGEaVBgOp05RZMoQRxmmRcJzAsUb/J3JvOoG/jd8pV
vS8qw0GJRFEaJhIqBYaCmQNtii+hXOij4tYjV/YPuuCeC2Q/TQHaCNocB0GDddU1Q4PCNVkotzSI
GxAPoqXso299PgbrwehMJBz6wdxLsKvP2ZSOlwlInAylqBtCuF6MuEX1G9TavSckLywK+vB9TSLK
jCwWHE48cXgKEdfyIZoJpJlZk9LIQVsp9loy5aAo3FourAIbmgoya4K0A9JALqB14ZHlzUP/7znA
dGcV/RiWv4/+OOGhIEF505wkhS4m4D4wqjI3JwhbLVMlPMBH0SUUcfHPOyBPdApBD7oL4qQQiPDw
CCJvskTT5pJe2R0xcOWl2YMDiUVcsCO91tXNyQG5eXc2JOdnF2c35HAwOD87GZLByTWBzPH9yXWV
QCFycwWlTsjHd1fnJ2RwfXV0MhzWy/3/SWEMWORxEZrRB8fInrigMJNF7mctEDskB65wK6JIDc+p
lB5WoIJ8E7gE3wyGhNx+y86kfUGaiKEwwGKqMYFZIgGvW/hwGYxEG1cYPjDiiwr1x6XRDFSaDkoL
mYOJgZQrkiu1KuvmPIBlsTAuWG02FK/xy6dJUpw3FedTGo2hU9Qc7vsygRW+52npil6G5KhaRNUC
tz2ngbjH0qAEUrQULPBlNQsHZRPMjFBGVnF1rOR3XvS+OrmS7l6aO95Cm/puTosH8eM+IAX9sUQc
CvKB0U6joXiF1k6Fn3gUH4XpSAw5b5OIz7M4K2urEjXdMHUNIzdKk49sgzxhUoZ1DLPUEVUWQUto
hsqQ3XQeyjxLJnNEvajhi0xfx1hIVRC0CzIzDuAJIjx0dfqEgCFeQ8yDFhZgZHGcMnQLyQy0Ns3y
TvRX2FpBVTVTpEwPVHpZl9Rg0W/KCcdGziwN7uKM9iMaItSbp3MIrziDT7LBAyqSyJGUpKKQK/YX
JUrRYx7bGKTdoaJINFjDfDiFeNvKNXbM5auyTWNahD5P4peFsy4kcamCOmciaag5MExkOW/HQIpI
UyBzROkBdTK3kFhCcXszkXUkhwV3UE3JU/KTtYyFi0QXBYh3AWV4V6NaZYejIGAJKuxABQjIymbc
l9nlmCbOTCThguQYb3wmKsQI3ybHQOqtDCxjlueZMrK90LWUvUK3Gi0TRF4lNUtToFCeaLiWZMSA
2253lNcuUlgxpsXs0ZWc46hG5PhYGYCKrDp5B2kgw9vKMa8jR4MPVagLNIyhf917Lpi9SBOk98zx
1wT+A9LJMu4iGY+FdLSydby4PIbu5E/28RBnMUJwGdiwagoaJTiPggamdcQi6GnI9FHIyQN6Ncwu
qV8nSMSHQTDI8uxiKIjDCCTqHoImVkzDIKyp59LA5kL1utj7ynJ9YkaeqREn77JsCTJ2aR5aaG31
bVnpZZ0MVB2f4jHlOJZWY1JlC6LFSUSnyALoBMQWh77IV3CgCQN/Hzs7jVBPR76H0yxi5Iy3wrI4
IRc3HwSlMbCEbI/ThOBIXaiyaE6OK+qZr5knaQ1rHQhq0cpdNk6nB9lY5Rdi4RhFZWoz6KriPVED
1VgOrdGSg5jLwKWswUJk0jlJbEczzmMx/M6GKCwbhAoPJq59j+ki85Q4ZZJNLuE7bfQKhImpOpmw
qJkJHB/LcbCYWvqZfBrzB7T6iJwdk71PH86OXwLPYPJAA5S/B3cfRnKPNxgGDl0iGLfUi/wPLIGL
IkLYAVj6pzfnGX41rNEgP4vGcIJJBE3IPnB8K8Kw4I1n8yQqhGizPpOJaBbeeZNl7SH1XM0QKeQp
4N0YTTK/CfzLW3WzEYAYPSpKwW4g5xQpWcAd3wuJqAtmc0GXYDI4ipyrK8BVSFNxQPjiWvZONhkX
HjCbKdPnSm7EZIe0dzwgjiZSGaKsMu40VpMuDvTkRPo6Vacm6xyQEJKkhedjM9KPKx+lWsFARINp
PkYIsJpfjofVrJQxxfbk/JTU8uGcp9iFJzLgqB6NolQ6xgCLLkpMRYAd4m8RIaHytYiXWmXBeMDk
0HfMJLKxPH5TTNaJEDfLDF7YuJjDMyKvZB8bytkHR0RomVR1rTu0xiCoPUVl42kyaQSYwD6yfgfE
ZpXxb05NU3RmnBiopfJKc80mxf19oiExJaz3zWPR2Fgs1QkPhPJkEWqayEuNieKOqImULIKLOgbr
gK9GbPKCTCPc5JmLp5isySVUfywi5ZvuqSeGaeAnYRQjdRPyMPUzY1QPGMpEGeURm8Ifigy/Fiov
hsEEHRNEO5U7i+ldOT11oKI4zqaJUaMEyyCo9IUncebzHG4hN7R3iG0uK4Hy7maCwxmkmxOuaQR6
WU0usOQlZxw1I0ip4+cZdY8LisGTLec47olxX1YMHMYF6TiYU+9J8V6wILwYnU4jGD/LiTI1qyYn
D5KICs0Z/An6oAdfHV/hDeY15fNl6EOncM9kck2h69yLFmNBeMGAgNW1mW2ItLnkpWlK5TwSKihU
vlfGBEEe7+UWoUrPEQWc66KDtDtAO9FmrapELAxXCZ4FIuJzkqdh4HonLIJUu+bIcx0P1NssXMlg
QY1ZMLV4pcXXFFJOCOXCi2XOQiEUmpfvszYeaVryqqs68eaFr1YBGJFieewJ6JpRs+gwsUExvacq
ZVO59aIB9UZvIZPm6hCv3LbUruwV2sSJwgHoEyXPbIpkpoDCY+AoRyXOymPgdDOMTVyROXqTHBEM
P4ARudSAHiibOZA+DvApF5lFNup7NFbDEsgk6Tz0syfMeYBGpauDTGnyHdgtzl4dkH+KZAXiZ1VM
Z/0LkYoRRxEm9SUQwQYmjrgJRc4aZGtWYjrgqYglArqI0LFIkMVoEw9rAVpVuNXJl+0KGuRPgktc
GBVk9CpaPCCn54c3B/Y/utV2/8GqNh+aVfsf1j9cTIhEP9/DpXUHneurXkO6YvnUar+UWZ5cXtAH
67KHY2wBGauZNJF6iKkw0JqzxEWV1EnSKHPK2QglyhcmhMcBPBCqHLEOFGcCq2WLGmALMp19cSpc
jWhKlDeQpCJTkJDPGqQmckst6eOhGN+yB3B8sRrcOXc4PIjFQAYkMvYgMV/KJE6UQ37FqbK+DCOy
z0guBX5IRqLcV1eqFYYbYmJPfb0rv0Kv9HCrLS7Zjx11oXwOwfWlwMW9ehqMzz+7PAFnaEBx6dIA
pJGvP6OL0J8nni820RWQqbg9Pn+cQfjQnz3oZQsd8CUWK/D583wsV8t0GKZiQL+rw0LHZPuaTdTs
glFT+P3YBEGGMtchw8G5QcEy/sPHwxWyXyR/lfA7FkB4NzheUrFWaqsTTr56odxR0Bd7ur763lgv
DY8Pc1OmHKmxG42mZdn48fjg+Mrg1OWfBSVlIIA8Ux3Q3YM4NgoOPezQny4MFksUwCMOk022AHiP
R54YwFBNFqqdkRZEJCR4ZhpXEW0/i2QqTTy84AIPexJ7J7zp2AsoHuYqsKCYhA9yx6KQPGLbiZYh
nrsnALa0NYZpi2Ft7iPNeYayhYiahrhj7RxvGLelwiVPU2lfGYm/Yx52NRBTPkXtP//8X7Cm2pU=
===END CRASH DUMP===
