PocketMine-MP Crash Dump Wed Dec 1 15:28:47 WIB 2021

Error: Non-abstract method muqsit\invmenu\metadata\MenuMetadata::sendGraphic() must contain body
File: C:/Users/tungnguyen/Desktop/Servers/AcidIsland/virions/InvMenu-master/src/muqsit/invmenu/metadata/MenuMetadata
Line: 74
Type: E_COMPILE_ERROR

THIS CRASH WAS CAUSED BY A PLUGIN

Code:
[65] 		$offset->y *= -(1 + $player->height);
[66] 		$offset->z *= -(1 + $player->width);
[67] 		return $offset;
[68] 	}
[69] 
[70] 	public function calculateGraphicPosition(Player $player) : Vector3{
[71] 		return $player->getPosition()->add($this->calculateGraphicOffset($player))->floor();
[72] 	}
[73] 
[74] 	 public function sendGraphic(Player $player, MenuExtradata $metadata) : bool;
[75] 
[76] 	 public function removeGraphic(Player $player, MenuExtradata $extradata) : void;
[77] }

Backtrace:

PocketMine-MP version: 3.26.1 [Protocol 475]
Git commit: 6b7d0307afb36a7faca2dd65734e15000baf17ba
uname -a: Windows NT tungnguyen2-8si 10.0 build 14393 (Windows Server 2016) AMD64
PHP Version: 8.0.13
Zend version: 4.0.13
OS: WINNT, win
Composer libraries: 
- adhocore/json-comment 1.1.2@fc2f76979f0a44a5f5bc2a2b600d0762fe0e78e7
- daverandom/callback-validator unknown@unknown
- pocketmine/binaryutils 0.1.13@0abee38d4e2861621f262c79a2a3d699d8a697f4
- pocketmine/callback-validator 1.0.3@64787469766bcaa7e5885242e85c23c25e8c55a2
- pocketmine/classloader 0.1.3@3c484a27787f7732ce842ed694928a29ba340961
- pocketmine/log 0.2.1@830b44a2cf96ef703c550abe64302f230231ca49
- pocketmine/log-pthreads 0.1.4@01620c3628cdaa6b4a21122cff4c5d2f70b5c1d3
- pocketmine/math 0.2.6@43057cb8c179a9859677b496a788db922fd5cfc3
- pocketmine/nbt 0.2.18@9f82ca4d7f97fcd9a566e44b63c4f18a7657ae82
- pocketmine/pocketmine-mp 3.26.1@6b7d0307afb36a7faca2dd65734e15000baf17ba
- pocketmine/raklib 0.12.12@5abe22043352e94099e4edfcef5fb3644578ddc1
- pocketmine/snooze 0.1.6@92abf1e988c71635d466abb777f61f89e5a9c990
- pocketmine/spl 0.4.2@6b08b7cf8c4afa17139c9a1b3bf1b408531de161

Loaded plugins:
AddGems 1 by  for API(s) 3.0.0
AlwaysNight 0.0.1 by YTBJero for API(s) 3.0.0
AntiInternalKick 1 by Jibix for API(s) 3.0.0
AntiTNT 0.1 by Adam1609 for API(s) 3.0.0
AntiToolbox 1.0 by FaigerSYS for API(s) 3.0.0-ALPHA4, 3.0.0-ALPHA5, 3.0.0-ALPHA6, 3.0.0-ALPHA7, 3.0.0-ALPHA8, 3.0.0-ALPHA9, 3.0.0-ALPHA10, 3.0.0-ALPHA11, 3.0.0-ALPHA12, 3.0.0, 4.0.0
AuctionHouse 1.3.4 by Shock95x for API(s) 3.25.4
AutoClearLagg 3.1.0 by Twisted for API(s) 3.0.0
AutoFeed 1 by Ghast Noob for API(s) 3.0.0
AutoFix 1 by Ghast Noob for API(s) 3.0.0
AutoInv 0.0.10 by JackNoordhuis for API(s) 3.0.0
AutoSell 1 by Jero, Cur for API(s) 3.0.0
AutoXP 1.1.0 by JackMD for API(s) 3.0.0
Badge 1.0.0 by YTBJero for API(s) 3.0.0
BanItem 2.3.3 by LDX for API(s) 3.0.0
BanXuid 0.0.1 by YTBJero for API(s) 3.0.0
Bank 0.0.1 by YTBJero, GhastNoob, Kaido Joestar for API(s) 3.21.0
BetterVoting 2.0.2 by Twisted for API(s) 3.0.0
BlockCMD 1.0.0-beta by kenygamer for API(s) 3.0.0-ALPHA10, 3.0.0-ALPHA11, 3.0.0-ALPHA12, 3.0.0
BlockCountry 0.0.1 by YTBJero for API(s) 3.0.0
BlockSniper 3.2.3 by BlockHorizons, Sandertv (@Sandertv), Chris-Prime (@PrimusLV) for API(s) 3.2.0
Boss_Quai 2.1 by phuongaz for API(s) 3.0.0
Broadcaster 1.5 by EvolSoft for API(s) 3.0.0
BuilderTools 1.2.0-beta4 by CzechPMDevs, VixikHD for API(s) 3.16.0
BurgerSellWands 1.0.1 by Heisenburger69 for API(s) 3.0.0
BurgerSpawners 0.1.4 by Heisenburger69 for API(s) 3.0.0
BuyKey 1.0.0 by  for API(s) 3.0.0
Buy_cmd 1 by TungstenVn for API(s) 3.0.0
Cameraman 1.1.1 by ChalkPE for API(s) 3.0.0
ChoDenUI 3.5 by BlackPMFury for API(s) 3.0.0, 3.2.0
CmdSnooper 1.0.0 by HotshotHD for API(s) 3.1.1
CoinAPI 2.0.9 by onebone | Edit By SenKai Official for API(s) 3.0.0
Command 1.1.2 by PIG for API(s) 3.0.0
CrateVH 1.1 by PIG for API(s) 3.0.0
Crossbow 1 by SonsaYT for API(s) 3.0.5
CustomAlerts 2.1 by EvolSoft for API(s) 3.0.0
CustomPrivateTalkCMD 1.0.0 by YTBJero for API(s) 3.0.0
CustomWing 1.5 by YTEsDev for API(s) 3.0.0
DEVirion 1.2.7 by poggit, SOFe for API(s) 3.0.0
DLevelIsland 1.0.0 by Nguyễn Công Danh (NCD) for API(s) 3.0.0
DancingFarm 1 by RicardoMilos384, DontTouchMeXD for API(s) 3.17.0
DanhHieu 3.0.0 by padreon for API(s) 3.0.0
DevTools 1.14.2 by PocketMine Team for API(s) 3.13.0
EasyCommandAutofill 1.0.9 by jasonwynn10 for API(s) 3.0.0
EconomyAPI 5.7.3 by onebone for API(s) 3.0.0
Enchanted_Item 1.0.0 by Panda for API(s) 3.0.0, 4.0.0
Eternity 1 by minefore and shin1134 for API(s) 3.9.0
ExtendedBlocks 1.3.0 by Javier Leon9966 for API(s) 3.14.0
Fishing 0.4 by benda95280 for API(s) 3.0.0
Fix 0.0.1 by YTBJero for API(s) 3.22.0
FormAPI 1.3.0 by jojoe77777 for API(s) 3.2.0
FormImagesFix 0.0.1 by  for API(s) 3.11.4
GCPClan 1.2 by InstantlyTa for API(s) 3.0.0, 4.0.0
GMCDetect 1 by TungstenVn for API(s) 3.0.0
GemUI 1 by WoolChannel3295 for API(s) 3.0.0
GiftCode 0.0.1-Beta1 by YTBJero for API(s) 3.0.0
GuessTheNumber 3.1.0 by SalmonDE for API(s) 3.0.0
Hyperion 2.6 by hachkingtohach1 for API(s) 3.19.3
InvCrashFix 0.0.1 by  for API(s) 3.14.0
InvSee 1.0.0 by BlockHorizons for API(s) 3.0.0
KeepInventory 1.0 by KhoaGamingPro for API(s) 3.0.0
KeepYourXp 1.1.1 by ArasakaID for API(s) 3.0.0
KingofBlock 1 by YTBJero for API(s) 3.0.0
KitUI 1.3.5 by Infernus101 for API(s) 3.4.0
LoadWorlds 1.1 by shin for API(s) 3.0.0
LockWorld 0.0.1 by YTBJero for API(s) 3.0.0
LockedItem 3.0.1 by ytbjero for API(s) 3.0.0
MSpawns 2.2 by EvolSoft for API(s) 3.0.0
MapImageV2 1.1.3 by Fixed fernanACM for API(s) 3.0.0
MaxEnchants 1.2.1 by Xenophilicy for API(s) 3.0.0
MenuAuto 1.0.0 by JeroGamingYT for API(s) 3.0.0
Minion 1.0.4 by phuongaz for API(s) 3.0.0
MonsterGate 1.2 by K27 for API(s) 3.0.0
MuaDanhHieu 3.5 by BlackPMFury for API(s) 3.0.0, 3.2.0
MuaPointUI 2.0.0 by JKPVN (JakayPluginVN) for API(s) 3.0.0
MuaSsp 2 by NoobPvP2k3 And Shin1134 for API(s) 3.0.0
MultiServerChat 0.0.2 by tungsten for API(s) 3.0.0-ALPHA12, 3.0.0, 3.0.6, 4.0.0
MultiWorld 1.6.0-beta5 by CzechPMDevs, VixikCZ, fuyutsuki, kaliiks for API(s) 3.20.0
MyItem 0.1 by AnhKhoaaa for API(s) 3.0.0
NGVS_Khoe 1.0.0 by NguyenDongQuy for API(s) 3.0.0
NGVS_Quest 1 by NguyenDongQuy for API(s) 3.0.0
NVSSP 0.2.1 by YTBJero for API(s) 3.15.4
NV_Mitsuhi_Otake 1 by Nguyen_Dong_Quy for API(s) 3.0.0
NameSpaceRemover 1.0.0 by JackMD for API(s) 3.0.0
Napthe 0.0.1 by hachkingtohach1,tungstenvn for API(s) 3.0.0
Netherite 1.2.1 by Wertzui123 for API(s) 3.0.0
NichiSkyBlock 17 Official Release by BaliGamerz\MadeAja for API(s) 3.0.0
NoAdvertisings 0.0.3 by YTBJero for API(s) 3.0.0
NoFallDamage 1.0 by DeveloperNeb101 for API(s) 3.0.0
NoPvPArea 0.0.1 by author_name for API(s) 3.0.0
NoTP 1.0.7 by awzaw for API(s) 3.0.0
OffHand 2.1.2 by alvin0319 for API(s) 3.0.0
OnlineTOP 1.0.1 by HMMMM for API(s) 3.0.0
OreGenerator 0.1 by phuongaz for API(s) 3.0.0
PCEBookShop 1.0.3 by Aericio for API(s) 3.11.2
PHP-Sell 1.2.7 by Muqsit for API(s) 3.0.0-ALPHA9, 3.0.0-ALPHA10, 3.0.0-ALPHA11, 3.0.0-ALPHA12, 3.0.0
PM-Beacons 2.0.1 by jasonwynn10 for API(s) 3.0.0
PiggyCrates 2.0.9 by DaPigGuy for API(s) 3.2.0
PiggyCustomEnchants 2.4.3 by DaPigGuy for API(s) 3.19.0
PlayerVaults 3.3.1 by  for API(s) 3.0.0
PureChat 1.4.11 by 64FF00 for API(s) 3.0.0
PureEntitiesX 0.7.0 by milk0417, RevivalPMMP for API(s) 3.19.0
PurePerms 1.4.3 by 64FF00 & ProjectInfinity for API(s) 3.0.0
QuyenVipUI 1.2 by NightBlackDM for API(s) 3.1.1
RandomBlock1 2.0.0 by Edit By Nờ Cờ Dờ for API(s) 3.0.0
RankShopSystem 1.0.0 by zZPROGAMERZz423 | §eFor issues report by §2Visiting GitHub.com/zZPROGAMERZz423 for API(s) 3.0.0
RankUP 1 by PlateWheel remake by BrMcpeBoy for API(s) 3.0.0, 4.0.0
Report 1.3 by ImNotYourDev for API(s) 3.7.0
SAC 3.6.5 by DarkWav for API(s) 3.0.0
SETVIP 2.3 by MCPEVN TEAM for API(s) 3.0.0
SeasonPass 2.0.0 by TungstenVn for API(s) 3.0.0
Shield 1.1.0 by JavierLeon9966 for API(s) 3.7.0
Shigeootaku 1 by Nguyen_Dong_Quy for API(s) 3.0.0
ShinPickaxeLevel 6.0.0 by shin for API(s) 3.0.0
ShopGem 1.0.0 by YTBJero for API(s) 3.0.0
ShopPoint 1 by S2TwKen for API(s) 3.0.0
Shulkerbox 1.1.2 by UltraFlappy for API(s) 3.0.0
SizePlayer 1.0.3 by  for API(s) 3.0.0
SkillAnimate 1.0.1 by Tungsten for API(s) 3.0.0
Slapper 1.6.2 by jojoe77777 for API(s) 3.0.0, 4.0.0
SlapperRotation 1.2.0 by jojoe77777 for API(s) 3.0.1
SpawnerGUI 1 by DandierSmile122 for API(s) 3.0.0
SpawnerUI 1 by DandierSmile122 for API(s) 3.0.0
StaffMute 1.0.0 by YTBJero for API(s) 3.0.0
StaffTable 0.4 by GigantLeyKey for API(s) 3.0.0
TableSpoon 1.0.0 by CortexPE, Xenophilicy, HyperFlareMC for API(s) 3.0.0
TimeCommander 2.2 by Zeao for API(s) 3.0.0
TokoThirstBar 1.1 by Rand for API(s) 3.0.0, 4.0.0
TopLeaderboard 1.0.0 by YTBJero for API(s) 3.0.0
TopLeaderboardCoin 1.0.0 by YTBJero for API(s) 3.0.0
TopLeaderboardGem 1.0.0 by YTBJero for API(s) 3.0.0
TopLeaderboardIs 1.0.0 by YTBJero for API(s) 3.0.0
TopVoter 3.2.0 by SalmonDE for API(s) 3.0.0
TradeNPC1 1.0.0 by alvin0319 && FunkaDev for API(s) 3.0.0
Trident 1.0.0 by brokiem for API(s) 3.15.0
VanillaEnchantments 4.0.0 by TheAz928 for API(s) 3.0.0, 3.1.0
Wolfies-FloatingText 1.3.5 by  for API(s) 3.0.0
WorldProtect 2.3.8 by aliuly for API(s) 3.0.0
essentialsTP 1.2.2 by  for API(s) 3.0.0
fly 1 by IDontKnow for API(s) 3.0.0
iProtector 3.1.1 by LDX for API(s) 3.0.0

----------------------REPORT THE DATA BELOW THIS LINE-----------------------

===BEGIN CRASH DUMP===
eNrNXQtz2ziS/isoz9ZOsmfJEvX2VqbiyHbiiWVrLMXJzOnKBZGQhIgiuHzIVvbmv183AEoA7ehh
Kzc7WxuLTbLRX3ejuwGC4L8PRiKa0eRuzqKYi+DguHp4kPAZOzgu1yvNSrVRcRrFUsUptWqHB2mo
TjlFOAOUUqnsOKVGqXJ4wKJIRAfH/z5IFiFccXB2177udC8uz+7Obm6ubw4OD2YsjukYz12JoECH
cRJRNyEzlkyER2bpv2KeDAY8mM9YkA4GQKceTehg0IHjjj46Po5Z4L2PaDjh7qvXcFucEFcECeUB
GQpvAQ2NuI+ttI+PPsWA6ihJg3EwThcsODpl8TQR4VGPRQj46MTl3kXs08A7mvMI8MdHF8EcGyzM
aJyw6CiO3CMl25EW7SiT7MgUDNr1eQDtNqp/Hh6EfjrmwR3cIfw5g7sSEMjjEXMTuNAVHkNV1WtA
HSSD5G9iNIpZUvhlQf7xhhRelcl/kb+FPl2wqPDLhPHxJHn9T7ixXs/f8O2JG+65l0zU9Q19fcSS
NAqIvk2easpTf+LPFvyEv42SJIXp0OcuGaWBm4BGiEt9N/VpwrTWuwKUASdedWV7WbuvyTG5BXwi
qvwbmZVzTWfSjVmy5PC68Av1vFd/SyY8LvySb+haCvsq4w8Xj3wholcSWsNZyt+oaPmrkkTyAEyP
sWU+JGjCswfwRLQh+VtmWgQzFMKXLdU0+/rT7CM2E3O2ZQMs+4ktzAX3ZAtopj8PwG+wS4Br/Pf/
HB6MWcAi6qOfBBQ73UFXuFOWdMDLCp0u3DakMVv124NK0akXy0hPue9BJy1VyocHPL7z2PzgeET9
mIFjRiIRrgC21QZ06DFHx6wPG16pUmrQ0bBSp40RdanjefVao1JlZejkpSEdlRtD9PFUy/KZB564
j8lVn6y6l1NoxpyUS8USkTKQcrXSqpBX2cWq1xGnVK6/Jied03oVOIaTEPg1i6ViuQKH38BYcFzN
juH0nYixxYurqz4Q5ME9D2Q/moUCuvidz4cRjTiLUVvUmwDCiB19jSHOwDW6+5WL5aLzduQ6o0a9
1WiNSrRapbVRbeg61BnWSyWv1Kg7I1ZijSZrAHuPgrQQGsTsCFzTH1J3WphTn4P5MNSBLqaBuA/e
6r8orLTQDCx0NOQBjRZpwn2UF8AAnLclOmSs0vSqzGnWy3WnPHLqjttoUYdWvHqr5TUpiDaq2qye
bLwMCqq8rVcbzUYV7qnXhy6lDVZrNmtO1WHNmutUXKfGmm6tRp0cQ5/GsS+oxyItW+Vtxa02q9Rp
AL9RA4K+y5rABoSqtpwmdVpDihG/XrY5+WIsOTjF8ttmpTQEjTruqFVnI0gK0DICrlcrJWfkwD+V
skurrUccCmEyiRj1MkVV34KDOCW3UnearkdpfQhcy5Bp3NGo6tY8MGBpWHPLXsVmBWlsoqWpv4VG
aw132HTLoN5Ws9aqNxrDagvcu9n0hi3HGXk1d+TmWATDJMPTfNsaNR0Q2GuMwCau16K1ep1Vq8M6
6GpUbtIG9BDKmjnlrn4WZuGyW77doY8ZzCI6Bd9WegGZnLc1UCik3GqlUnNYCyzSYlXmjVw2qiHj
arXWaHqemzNTHAjxjWn11t+2HDoclVmr2XQbkOVrXrVep8Nho9EY1cujZovVaMtttUo5JqEvOVSh
F9WHpeaw4Y6abpWOaLlRrsANtDysAN9htdSsVcoeK4O3/LlMhrJvnnjeezaLjaCWUQ4PVpEMpacp
lAVRrGIhDTn8AFVCaDmAYxbQoc+8ZVTzWAhhQ18ci1FyahJmUBsA13CSimBMvw0GHxj07GAwwIY7
VIYS7A0YYq97/c/XN5enQLpnQ0hTKCNG5hP/ni7iK0zFpvQG1URQwvBloTj4vf/uVxaJg33B0fwG
AwpItkYRJPwigLomoP5H7k5NKPlT37fIwa98yB/2hkRyGwzyAuyGqg/JwQbTl+nCtEkOxYlHZ+V6
qbUWSBKl2+LQjebl7vVPbvqfuk9LDTXGUDzkJddUywLFki39OeVjFvV+7+XFL5xcdj+cYA4xDmv2
Yd0+bNiHTfuwZR+WS7njcu7YyY7hb/UlCl1CVM6h1WIdbHKPSZKE8fHRERQ6k3RYhGrgaMn1yOSD
BkllQfdBpDEzLWKSbZNUilXbKD0oPaatmt03nBpctpMKDs5gSCNmi5PuxcFKHbFmDl1eiTRBkUAd
toCbu0uaiLbPaHRJx2MLqEk3kVaKj9yvf89hfOTtLQgkih9igwIVpfBBCgRnC7WrtbWcJ/HCT2ed
9pHNT2vjnKG4liIkaU0IfD+B8SG5EmK4NxVkze4Q+PAO/pAXnT/8FZJjDN9FcBho5wRHyqMsmvO7
X6EQBtkjb5LyeG8AvgLXIOOqfBDG7sr7lFRbQeox389hkqR1qRRy+CFpp9HeshA0GkOjuxnjSzcn
95duLtY9igBoic7pvsRW3JTGv3S3E/6J7q7YHGkEAO4d9cZmNFfHucyah/bDajXZ+vaWeUeDi4TN
LPEVxQTgQB6q2AAuT7/syzDACuWWzT7bLMCk0Gl3z44y+RW4Lyn3bHCS8ldV0rr9newzteWfbiv8
oYrDMgwfHnyk3BPkV8HihNqRwCnvA9kQJNsBFkugDL8VCQ/M+sAi2w4II+bdy4PNZVCXj8eLdhon
YnYWuBMaJPHBEyXDUAo2l4KBFW0xN6P1oaxqQyQzkGakR3GiAG1RG+qUBYsx3Bc9XYjvUC4/18yZ
uIB9JfiWuEUaJNHiEXZN/st6oiHEDn6Ld/UCHrIoD0hT7aLWyYdNeekHEfFvIsApiR4NPBYlc/Lq
bfbzNZDbk4jHhW7EZwzO4N80vrx9bffbnZ29s+j6IjnImTWTRutE4RgMLtXs3TZKEXF891tKuamS
Jc3uxjnzZjMmB/ufgjlJI4pSACz4dyscEVzhyocyJhKDanfWmo3lbC78Hoi1r7RoNAwYLCnWjPuz
1Hh/f19kIBFyLyZTiQ9nzFmE41Fzfswi2wgdHY5yY9D2N+ZOup1TNscbbvkDn36wy7Ry/fm4XeQe
zjzgDoFXCZegcKAFW9RdawRD7iOLlVROhGN2KGs/UymRoR/7TD5i51z6A+MxC4bypnprN8fOjcq/
pyG7CVSLJeEO4UzdGNL7gEVPYM5O5Ca58nMSL4G8O0wt1LMrxZy0Ug2Lj8zKUIqwvobfF0zV2C5G
W9y5M88WV1LWDAL7aTCG4BHcBnszj2KJDW8vexurGDqjgSH9ipYfDuYwtCfUn3bP9hVfXWQ3GLhZ
84OBKclGrwKnkhyKIZPIJuKUBZ8uTGAZya4JavmKAAaU3c55CsVQHtnhc9L8CmEmACCTv3aw08zr
BULYZY5B3DC6/SCSeCKSfFIAgz7X2cDLYtU2gDHl2AxF8ADjqYFDU/IDjJYNQgRsCP8n/0vOPJ6Q
dwvSYwEMo8j1aMRdTv19OaJuCFwRBAOGgHAp4RbwZuCwngVPUfK9KTd+6l6831so0E3ukHnaEU3Y
7QdTbE3Jif3jhO6J1P8sp7H+SP0Rncz4+ddoFwRQVg7FvQVBk9YE4h5U2vT3fg5F7QUoJD/wGd34
DgjksPfEh/LKzP0WeW31vu+K12wZANlyPK/mVUxgADUH7+pDuLaH4U+e/qum7p4SZldrfrYnVAzi
2rHL7/2zGMri/QWEZbvbAzg9u5UL5Azxl6T8sKSRG0aKMa4zguH09TnblzcqpoOBWrY3GMCARP8y
xNrwBPb0ks2Zr9b/mbhM8gZ3uxqni0FaZm4tIO1BWiqNqsGYnNJgQl5dtU9fP3+EcXhwLqLZhrHG
lVx31YZBNTYJ2G3RN1uVBi64wTmNzElmk7omWN5wl0ae6HBfxJUmjjpORZD0RepOOuxLrrpoPN/U
FlfAuJLOOtgS7+QDZ6kNVpHsOvCRpUPqRUzsr0DX/AaDPk8Sn52c3uzQGdk8P0+wJOUydPVRZbFc
RUj6jM5sK1VeYCUtANhkJcoWacEY+61EO1ryALRnNF7oGgaf64y49ZDtqbP5TpurHb/SWAT3iyAo
l/b4BHHJczB4QqbtjWvEAAOlGRhW4GrFRn4OU9erewO2rH+ZEkGWwJY4mxGpuXvm3eWeZuVObIi1
XVAnfWIU9qI1JksRdjAQrlHiiTklsSStCZe4iG4kIkYABoknPCiXK1ULTuv5MDLmg8FstAOShwQ4
MU9OLZvRJHciv+rl0ZPgOWcRuYRw1mrV63ZIqb5kZZhknPEFt7PE2h7nOUd9m6VXRrHnznIzZ0No
jLZqTrO0r6pFNzsYrNrfUKPYyzvySzu2fCbjOPuogHda4ZEVL4bsmrLBmb6Kr4I18L+XPU8xQvOS
I2BQQix/bAvlYkbHLM4Zw6KvN4vVJcq59WC7WCN7TwZf2+Gy8dEuZnnf7rZ9a4Ivo+SKeNsoF0Gc
QJT0F/3tAvAuiHjGG9/1GbnU9XG277x9osXaZq4PbgtZcR5IiJ32KUvwTRsD5JL2l8zCjmeuJ5vf
wVBsZk1XquM10n+GcqkNqSxgfsVp1fYG4f22yz6k1HyUtPXbTZngGelRBym8Ywn9/3qinInx/JVF
wOY9hTw7/r0voaYsjvsTdpXOhtZEbO7EhnWUPerPRHB6tr+JM80QIFuCbG/ED4uQ5Yb6S5I941S3
sUyoO5mCghKBv8p2HdCCQvW5mHKMB4NMntWvLQMFThP4brQoxouExcWAJUcejSdDASPZIwR/Eczb
EVDsUG9Sdwj01RcUdKv3IV1sWUb57Z/6g8A9xmwESNhQYtsLIPb1qNxex6Ak2QXMR8ZCuIsFibCW
qtj0tavlP04EVb23uyG67ADMYjoYWOJs393wtt9FGn0Jc9A0ccNztxPwDjqlF6f7W82bcVSQlBg7
4AF9iJE0ugnIoK7JYvuO/x+v3+0ieWLlXHWcr1dr+dJoBGO/NC6X7ID3gr5vsAQToBDbY8Be9VlE
vrVIwiCufYCDY5K9qX7V6PY5F1OuG86DYiJChcadSh4WmIz2V61Ou/y8iz3cKfNy8x4GMT/rmMOw
SIZf94lB88Pom4lg/t4GUUeu8TDdK6PYxYHzYx9H6UbBEsvWn/cQqkNDOYq7dUxIK2I+/ubm26Ak
YB7BDkuDk3ZnbzMFq3efMlnOgjEPWP54K5PRh+X6WRPjipp/hJNzwy8sEOGE+9xd7AugwRIhLUWx
DrYCx4IUZ1lNZBlpQ7lj1fT76mJZ49vHiA4P7HJbE/LSV5+xPHOXB7yXJ6dyWZ9qfgf5oa5LWPSe
JmbFaVLXTi58dBr7y/dOA+RetbxLmdlJ6RPPh0zqXpcK7fTEdiLaIIReLNSWz/q2tk5Ku4IHdmlj
EPMLbfJ95GP39oq8+hUqwkVXvsl9e/V6b2/9IHOAktKd8PTi0MaCBAtH7imtEMPuvOtMK+Qk8Ejv
qcn3F3V5KcEuEPyEq90w2hOaWFjsM/kSJwcs0VNW33n1wHwTF//WXzxZlzVY2RFsvogziHZsqOtF
zbWNi5rbf+BeP+kiTeJ0iivZp9TnfGoPW52XgLXWOs9Q4nuUGP3VkP4l65wNRqipRa5O1IT1b7EH
ExyHUro/b15s/64Xin31/rZ3BzKYwX9F22IBBQtOIZH9li72lwYudhT/t5TFSV5+RVwzWv0xwp9+
2EH4217PfHVTHdsO42wzMCrXXvBQ4sRnD+8iHuwi912HQ8ed8LvrhE4t18mf2miAO7TA3T5NcHW7
AxQQG4YgLruRG0GZU8GPTm2qR3/IK7V5KXaBFiYTyzaKsGHgnZuuPcySxnx/kwuPZoSVZNnfrcAx
uDDiVs26om0YEH1mUfIt5WWnsi9rrTgCiEyMZz+tWHE7WmFC0Nyd8N50kZ+es+kW+MZySTW5YT6j
cpMJs+6FtPse1+Z/Q2k9dvJ1f6nI5J1Jt9ts0kolmWyoBXHiAcKEx+BC5pA4dyLv55XdJ5h28IDl
/JItxQ7dVZxT3z+lM2q98m6R186Sn+LqQVy6f8WG+fnM0ouWhplsEeBKol3gQQ1/EjFqYctoG2KS
+nknb9vv012Eo4Uwfm4HqG/lbjzMZ4jcWlp6/43e7w2A5DYYBCIJnx1plESABqLEB3shbUbJLVPP
D2KoP+dBqVLe37tpS46DAcgwARmWP7axy3WAW3n2r03jrGib3jDswH97XH3n6zm/7frIdcTey40j
E2EWIhZ57XDiB77zawqxy7xMt332TohpbyLMUb9JzZskF6dPIP25PFfvohuuX4z9nd0HvlsEq1YG
A0My6+AZnUvzPDK4yKfU3Q/dQm6zmSVpw2r8jnyw/PSEwfN3+nr2agWQ+IPsn9t6eLdTeMeoK6wn
EAYxP51Vft7a313Wl5lLf4dSDNyFIhNnMyLpZ/iClQXJoG54F+6UwsXvc8MfZ8+7bWSNgEuvJLMO
nuHfGdMjg83RSie2LHnd2GdtHVXzMeBJHZVbLxmm5xRiifMk8eUKstgpRcl9hm9p6tsaMsn2tHWl
+GP218xWrKidj+eyaVCDLcjmzpBGLDcnuiTZka1aLOf6dr16fl7acUm/5N5l0eyJ2H5wTuXOenFX
btjzhc25SOPuWSGjG93jTjUOgLW0q1/PMLsUSm2berRko7VzFiQ84Sz+klPRim4n+Ea+yp9xf1qq
ljEv3ACkOfW7nU53fcfYIRxGimc4m0H6C0EwpgVTGsnE3PntEEPWIxuvVoyyoq0URcs7TuUpvyF/
J2Dnr8xNLoIRl6v595QgLN+QEhk/9+Adig9o4TecDbvlofWoxyCufQwnd7GVD7FOO3t7M/z2oos7
10img0EmxcYocCO33ZbD/bIBxSJveG6VvRZ+ha/neR6+nSf/nqq/+7KtIdL2NQzcJGu53iK2J/xz
JzZMF377o3tz/f6kc3bzx7eqUyH/S/ANRNpg5yIiPI5TFpOIhSJKyHChzzm3HDffD8bkPU8+aIfK
MXpGBNVxbrWqfk1YtZRnwN1Nf5+6Ob196q6bKe7ihwU+TxjzccN+OmWokndRxw3ZO7HY+6L2JefB
QMm2AzhpMROcIuTWoeVWoc2uRIIr9fLvCTd2BgHV1QPzcUezuC9OeeyKyDMSndkSgJOyZX+3gdc7
aRvY8MguT+r55+qnNJp+pvO9TUYpdoMBNC3/2fwOTu+sD3HMlFoRcpsw5sZZ7e7Z7RXpn53sbU2Q
YglCswQi6VbKZjg26dLYzIsGcUMM/WFvRCBLxJEJYv7eCteEM+t5siZs3LLUfJ9st36ynM3a4X01
JVX2d0tgYyZEQqepjW5J/Uuehjnbhy9cXNHl7pQ+MPkyug3DPmViqT92v70uR803vgsiEb630nRG
+Wv2orhzJ+PdpJdLfXLyK9q6vVCc/v1Htk8D6EZ3kT31pyyyd8g3iBs20fnkJxE992kY7q2UN1hi
t5aSvBM7vIDX49+YGhObkFbE9VOZe7MFNniJDQKK5e+t5J9y3z8J+Mxe7GeRN8yQ97+zaOnFOQWf
Ea7EsI+2woZ2tQ2jKfk1Ss5W76zuo5CMlQTPfjyzEu0oA7NCegMpJbGXnubPPNpyckvkzx8y5iTY
oWupvQffW6Nfg7gm1p1CYofM3Ztxn5UdZ8cB0GrUk9uZcW0ZKlvcGd1T4H4gtr0iSOho1EntuLGk
/T/nUmxzR9H72ExedkVcu43Aez6mQXLJ5K6V+5I/xsa3ByDF7IXC6usGcYP22zC4Yw/dMzkLunoV
QL8rCvkwYp32D3kzYCWj+XvzmK3PZ0xvwWJFdJu+9o2VPxjdn7/JbfStxl++mb6NBUGLqehPeBQn
76gF2qKvfQXsRg9x9rnHSiQf8KEQW7mqCC8ZPhuWL+VaKKwTf9VGcIYMO/Q/S3bcQfK7wOTJ/wBw
KMdzAdrDpcfn/gPg7bSvgY3gIv4uuIv4L8OWF2QndLfC3ld9ScrvmP9jti/Qu5JhkwdPbWWQibP6
tRWuCNRx1W2bjxBWtA12Wq4hIn//OzlPgynd5xaMmRg7GCniHrNG8RllA5BhJKaczfKrvZ8dzTU/
MIVqfzDodlaibMRxSwMYlVH9EBu/zWr2pqfOmviqT0xSTtjJt5bTfPKlq5d8PWWuZMENfyP2nE+P
acGOngIFmvgs/BFnceEcGOMTmT57MM375On1L6PvaykytHzKgnKlMhiYrW/vrPKVlm4kctvwWOT8
J4ya+f7HU39v8zaK22AgX+AJlQTbfKjxCbN2Uh6NcD7X/NSr/sbpURIx/BCt/HS4hRaUwuIYH4WD
B1rLPi1yfrjt/Aj7mi0OBrn2N9p25Jt7cODRmsHnBW7e+TEQ+1uzeu7vsLcG1+q3FkMaxPzmPOUf
+xmtVcsvL/4NFPIjuzQCdAnLb/JZ6HSL4UR9VCqW7xUWwf1DXF2Oy80Ofuouj0hbBCM+JiPus0E0
CH7qUfxO4JyUK6TcOq6Vjp0G+a9Sgzglp4wXKH4FfPL3ptwqVxyDyMM3uAob/ofEmUi8N+oBtKv+
+FCgyB8e7lWL19xPAHTB53HyRsDQFig0CEQauNi75LfjqTvhbM5kAH0DA0JsDWdACrpDgx3fqObo
g74nfuNICj7OnAmPqfMjEQHXJU03B1ry8MPh2XE4D3UrHsc3IFI/WbyRGMfZMtZCzBKMjvEbJPv4
XKGAXvam0y5++L178eXssnh11l+djBnzjGsTGD6/OT07P/l0KS9SnlX4V8qihW5bkyIXwGnB8Hcx
pHEM0cx78w/5H2grTUQhpnOmb5xzdl/wOG6u5rI3TSQ9DMVDAf1bXwKqH6d0zN6wYLzSJsUZUz/O
WlPEmRguKdZ3oYuLGX4X+ieCDk1c6UJpJKfupCcRUDax/BE8i0BujBnJtEdoxEgyYUQE4IbJBPzO
ReMnZMgID1w/9ZgHP8gjD0ZePTGDO0fIIM8zpiN2SAS+ABMjSzKMGJ2ShUgjzYvwEQEn4BDRsQWw
fwSeBDEGGF+x+yW7I4+N5CI2ci+CnxOCc5Q0Iqj0GYDFb7QvUMJkwmOF+37CApKGY6j0gEFxEGDf
UMyOBwEhP32eyDdzSCKglcAjwILESSSFT2DMHOOSBU+dlqL6ApoBqPCLJVJfuJ2VywgubPelBmfI
Wbl3ZtxjIsMrnognaeIJtCYEfXlqcKB6YaQ7Zwf/svKCtCe4ToY1yDv8SyuC9OU1zIVbUPoT3xf3
BLsrLibR+Y/MOSW/offiNdKNs9R4TDBaylvPpEvre+R2qNjtCFgVFIfchgui1Y3X6x6wPG0A+ukz
FFbgNaB76nkkYrEyEaoejDIlM0bjNJIhg4BhhgyFBgWyf6XUR9WO+RyunVM/ZeSVbhQC3GvkrlqE
vicXNxTANOMxi47htGxb7auGnncSLwK3T+MpOEc0BV8rygs+xbgzCLSWIcXLJpGAqAYWhsvjQyIL
EqIDCvSZQ9DFLAQgmJWkbiAdIG2WBuBleIli3pMuAJjAEyPxIB9ygBoAkvTuYCkc6lYLdDFCf8Zr
0G8PCU9+BvUlkbxN7VAo3Sp3M3kFGFLoW45Ui4RR0EiPJau8P1PpHFEaBGhOT73/I40gPxkVFwkM
pvRvMsOFZ0TucnZodlDtOKiRKErDRFGVwlAxM5BN45LGhY4LapIbxEoZ5oJ7IPbTEqCPoM8JUDR4
V9FwNLi4oC7KfBYyCmSKaKH67XtfDMF5MNMTRYduMOMJdv8ZG9Oh3FqO9JSmS1K3PEbW8vY+Gu2e
S8VLh4J+fV9QjDIfiyXAEZe7BROGe4ohmxFUl1mTysfBWCn2ZDIWYCd8u1M6BTY0lmIWpGjHpIQo
oHUZpZMJaNn7j0eApdM6+TFhv0z+OBGhFEFH2KVIml1MIHpgpmXeUiBsNS+VDACfZY/QwsU/70E8
2SekPBgtiJtCcsKdUgl7YG4qA69Q8qreiMlseTV7cKHYiFdwVNC67p8dk/6Hix65vOhc9MlJt3t5
cdYj3bMbAhXox7ObQwIXkf41XHVGPn+4vjwj3Zvr9lmvV8x3/yeV0cUNGWW6xhAcIzx3wmQwlrpY
htkyqB0KBk9GFXlJAd8AUAFWsoKKFFBCaAZHQrTf8zPlX1BBYnoM8DLdmOSsmEDQXYXwrF9DG9eY
PbAKkDcUH1+NbqBLfjBayFwsFpReUVxlVXXvEgN4FgvjFdRKSWONXz8tkkZe0cjHNBpCpyi4wvdV
ZStjz9Palb0MxdF3EX0XRO0ZDVJZmpiSQNmWgge+PsyyQd4FMydUiXU0Al4K72zV+4rkWkV75e5Q
W4jU95aycEgf9wFZyR8rxnK3Tg+A1ksljRVaO5dx4lF6lK6jOCyxjSIxy9KsultfUTAd07QwotGW
fOQb5AmXsryjl5WTaLIIWkI31I7spbNQ1V6qwCP6RAFPZPY6xYv0DVJ2KWaGAI4gwUNXp08oGNI1
pDxoYc6y5bz3MBIEq42zWhTjFba2kuowM6SqDnTJWVTS4KXf1ROOmtxJGkzjTPY2DZHKZ+kMsis+
ZSLZgAINSdQYS0mx0iv2F61K2WMe+xiU4qGWSDZYwBo5hXRbXVrsVKhTeZ/GqghjnuKvLs66kOKl
LzSRyZqh4ML4kS2xnYIoskqBwhG1B9Kp0kJxCSmOWIi6RyFcoYPbtD4VnqxlvHhV56ICfRwkaL7r
Wa3zw0EQsAQNdqwTBBRlE+Gr4nJIE3cia3ApMtRL4EI6xcjYpsZF+qxKLEO2LDNVZvvJtFJ2CsNq
tEiQ+SEplA0DSuPJhgtJJgyE7VpdR+1VBSvHuVg8ego5jnRkiY83A1GLVSQfoAoEX3ojyzrS7n46
hHtBhiH0r3vugdvLMkFFzyX/guR/TOpZwb2qxWOpHePaIjnxIFBNqD86wk/HyQGCx8CHdVPQKMH5
GHQwoyOukp7BzByEnD1gVMPikvpFgkJ86gbdrMxeDQ/lSnwQ6h4fHcKNaRiEBX2cG9d0dK+L+Te2
tCcW5JkZcc4uq5agYFfuYaTWastRN70ukq6+x6e4OgXH13qcqn1BtjiK6BghgE1AbXHoy3oFB58z
EB47O43QTm2f4/yLHE1HMIxicUI6/U9S0hggIexhmhAcvUtTrppTw4piFmtmSVrAu46ltOjlHhum
4+NsqPILKeMQRVdqE+iq8jzRg9dYDbfRk4NYqMSlvaGMzFRwUtzaEyFiOSTPRigsG4PKCObRhJKY
zrNIidMo2awTnjMGryCYnPZTBYuerfgqeKCGwXLS6WfyZSge0OsjcnFKXn35dHH6GjCDy4MMcP09
hPswUu+TgWPgyCWCYUtxVf+BJwh5iVR2AJ7+5d1lxl+PagzKz7IxnHqSSROqDxzeyjQssYls7kSn
EGMmaDSSzcI5PloUHlLuGY5IoU6B6MZoksVNwK+ma7MRgBw8aknBb6DmlCVZIFyfh0TeC27ToQtw
GRxE4h40ejyOKU3nARmLC9k51aQx/spmz8z5k76cAFH+jp9DoIkyhrxWO3ca64kYF3pyomKdvqeg
7jkmIRRJc+5jMyqO6xilW8FERIPxcowQ4G1+Ph8eZldZ025PzlkpK5/M8PPmcowtc67q0ahKbWNM
sBii5EwE+CH+lhkSbr6R+dK4WQIPmBr5DpliNlTfm5ETeDLFTTKHlz4u5/WszKvgY0NL+BCICM2L
ClhcmToIg6T2lJSlp8WkEXAC/8j6HQib3Yx/l9JUZGfGeYFCGnr4VrDhky4mVdmQnC02++apbGwo
Pw8jIxDqk0VoaRLJN7WIRkf0PEqWweU9FnTgVyAO+YmMI3xDYame1VzNUkPFxyrSsemeqpetIE7C
KEbZJhRh6mfOqA8wlclrdESsyHgoK/xCqKMYJhMMTJDtdO0sp3zV7NSxzuI4mSZHjYqskqC2F355
ZjnN4a30hv4Ouc1jOdKyu9nkcALl5kgYFoFeVlDPKpZXTgRaRopSxFdBi1xIiSGSLWY47olxeWcM
COOV6DiY0+fJ6ryEIKMYHY8jGD+reTI9qaYmD5KISstZ+KR80IOvT6+PQR8FHfNV6sOgcM9UcU2h
69zLFmMp+AqApBWN2W7ItEvNK9dUxnmkVDCoOq+dCZJ8UNCpyqwRJV2YqoOyO0A/MSatDiE+hhN6
SHBrRJmfk2UZBqF3xCIotQuu+vzHsT6bpSuVLKg1CaYfexn5NYWSE1K5jGJZsNAMpeXV+ayNR5ZW
WE1TJ3y2itU6ASNTvB57AoZmtCwGTGxQzu7pm7KZ3OKqAX3GbCHT5voUr8O2sq7qFcbEieYB7BOt
z2yKZKKJMmLgKEcXzjpi4GwzjE08WTny0ZIRDD8AiHr8gBEomzlQMQ746RCZZTbqcxrrYQlUknQW
+tkR1jwgo7bVcWY0dQ78Fmevjsl/y2IF8uehnM76H2QqRxyrNGk+FpEwsHDEJRtq1iB7miWnA57K
WDKhywwdywJZjjZx60qQVadbU3zVrpRB/ST42AuzgspeqxaPyfnlSf/Y+WfjsNZ6KB9WHiqHzj/L
//SwIJL9/BU+UXcxuL5pllQoVkfV2mtV5amnC+ZgXfVwzC2gYz2TJksPORUGVnMX+KAldZM0yoJy
NkKJls8lZMQBPpCqXPlsKM4UVsieaYAvqHL2p3MZamRT8nqLSSorBUW5MygFWVsaRZ8I5fiWPUDg
i/Xgzp3i8CCWAxnQyJBDYb5QRZy8DvHKTyj5Ko2oPqNQSv5QjETLWH1weMDwI2ox1xuoyLUtxwdN
XLKP75oMXaiJJiYFnzkFHq4nNWhidueJBIKhRcXHmRYhjXzz2JMvjayOR9yXy85WlPEsNA8nkD7M
Yw69bG4Svsby2f3yeDZUT9AsGvT4bLMjuaACazNPri1dXRS6th5u2EhPN5jUWCaC2CZByTIzKb3u
pdX8Iv6Xj/tiZb/I8lQipiyAfG+p4OFBoy7pBQkLKp+wOnoXwm88VAt3W3L1zzefD83b4fBhZmtd
oHhOqVQplx3cOqZ7em1B98SdFC1PBBK3DQYBIYhj68Iexy7/pWNhzkkAh5Fcmpgj3uO2hBYx1NOJ
xlKv7iTne1hgpQn3Y0cqSe1nwsdDHlD8PIxcpog7HcvA5A31RcjKjRYhbhQvCY5SFowGfOWWJf3C
6Crb363aMs7jM0EsgCy/9R6ZnFteIlVZMUkw6EtlPB+nyhcz/n9gEXfdlfNFqxv+/PP/ADHUgY4=
===END CRASH DUMP===
