PocketMine-MP Crash Dump Wed Nov 24 17:02:42 WIB 2021

Error: Cannot redeclare BaliGamerz\SkyBlock\Main::formatInt()
File: plugins/226-NichiSkyBlock/src/BaliGamerz/SkyBlock/Main
Line: 1134
Type: E_COMPILE_ERROR

THIS CRASH WAS CAUSED BY A PLUGIN

Code:
[1125]                 break;
[1126]         }
[1127]         return true;
[1128]     }
[1129] 
[1130]     /**
[1131]      * @param $number
[1132]      * @return string
[1133]      */
[1134]     public function formatInt($number, $per = 0): string
[1135]     {
[1136]         $result = is_numeric($number) ? $number : 0;
[1137]         $integer = (int)$result;
[1138] 
[1139]         $key = [
[1140]             12 => 'T',
[1141]             9 => 'B',
[1142]             6 => 'M',
[1143]             3 => 'K',
[1144]             0 => ''

Backtrace:

PocketMine-MP version: 3.25.0 [Protocol 471]
Git commit: f48b703533e0ced4e8ff9e118c5fe3889ccaf23e
uname -a: Windows NT tungnguyen2-8si 10.0 build 14393 (Windows Server 2016) AMD64
PHP Version: 8.0.11
Zend version: 4.0.11
OS : WINNT, win
Composer libraries: 
- adhocore/json-comment 1.1.2@fc2f76979f0a44a5f5bc2a2b600d0762fe0e78e7
- daverandom/callback-validator unknown@unknown
- pocketmine/binaryutils 0.1.13@0abee38d4e2861621f262c79a2a3d699d8a697f4
- pocketmine/callback-validator 1.0.3@64787469766bcaa7e5885242e85c23c25e8c55a2
- pocketmine/classloader 0.1.2@9757928424652393b178a3760073113aa7c9911b
- pocketmine/log 0.2.1@830b44a2cf96ef703c550abe64302f230231ca49
- pocketmine/log-pthreads 0.1.3@e477ecf6ec214fdd4415ea1da3fdd9d73bf699ea
- pocketmine/math 0.2.6@43057cb8c179a9859677b496a788db922fd5cfc3
- pocketmine/nbt 0.2.18@9f82ca4d7f97fcd9a566e44b63c4f18a7657ae82
- pocketmine/pocketmine-mp 3.25.0@f48b703533e0ced4e8ff9e118c5fe3889ccaf23e
- pocketmine/raklib 0.12.11@9cce458b8bfde3e4dfdbf70c659fc7b7fe26b5c4
- pocketmine/snooze 0.1.5@70b5e7937a06878dd321a3182ceb76d56298f2cd
- pocketmine/spl 0.4.2@6b08b7cf8c4afa17139c9a1b3bf1b408531de161

Loaded plugins:
AddGems 1 by  for API(s) 3.0.0
AlwaysNight 0.0.1 by YTBJero for API(s) 3.0.0
AntiInternalKick 1 by Jibix for API(s) 3.0.0
AntiToolbox 1.0 by FaigerSYS for API(s) 3.0.0-ALPHA4, 3.0.0-ALPHA5, 3.0.0-ALPHA6, 3.0.0-ALPHA7, 3.0.0-ALPHA8, 3.0.0-ALPHA9, 3.0.0-ALPHA10, 3.0.0-ALPHA11, 3.0.0-ALPHA12, 3.0.0, 4.0.0
AuctionHouse 1.2.5 by Shock95x for API(s) 3.0.0
AutoFix 1 by Ghast Noob for API(s) 3.0.0
AutoXP 1.1.0 by JackMD for API(s) 3.0.0
BanItem 2.3.3 by LDX for API(s) 3.0.0
Bank 0.0.1 by YTBJero, GhastNoob, Kaido Joestar for API(s) 3.21.0
BetterVoting 2.0.2 by Twisted for API(s) 3.0.0
BlockCMD 1.0.0-beta by kenygamer for API(s) 3.0.0-ALPHA10, 3.0.0-ALPHA11, 3.0.0-ALPHA12, 3.0.0
BlockSniper 3.2.3 by BlockHorizons, Sandertv (@Sandertv), Chris-Prime (@PrimusLV) for API(s) 3.2.0
Broadcaster 1.5 by EvolSoft for API(s) 3.0.0
BuilderTools 1.2.0-beta4 by CzechPMDevs, VixikHD for API(s) 3.16.0
BurgerSpawners 0.1.4 by Heisenburger69 for API(s) 3.0.0
BuyKey 1.0.0 by  for API(s) 3.0.0
CmdSnooper 1.0.0 by HotshotHD for API(s) 3.1.1
CoinAPI 2.0.9 by onebone | Edit By SenKai Official for API(s) 3.0.0
Command 1.1.2 by PIG for API(s) 3.0.0
CrateVH 1.1 by PIG for API(s) 3.0.0
CustomAlerts 2.1 by EvolSoft for API(s) 3.0.0
CustomWing 1.5 by YTEsDev for API(s) 3.0.0
DEVirion 1.2.7 by poggit, SOFe for API(s) 3.0.0
DancingFarm 1 by RicardoMilos384, DontTouchMeXD for API(s) 3.17.0
DanhHieu 3.0.0 by padreon for API(s) 3.0.0
DevTools 1.14.2 by PocketMine Team for API(s) 3.13.0
Enchanted_Item 1.0.0 by Panda for API(s) 3.0.0, 4.0.0
ExtendedBlocks 1.3.0 by Javier Leon9966 for API(s) 3.14.0
FormAPI 1.3.0 by jojoe77777 for API(s) 3.2.0
FormImagesFix 0.0.1 by  for API(s) 3.11.4
GCPClan 1.2 by InstantlyTa for API(s) 3.0.0, 4.0.0
GemUI 1 by WoolChannel3295 for API(s) 3.0.0
GuessTheNumber 3.1.0 by SalmonDE for API(s) 3.0.0
InvCrashFix 0.0.1 by  for API(s) 3.14.0
InvSee 1.0.0 by BlockHorizons for API(s) 3.0.0
KeepInventory 1.0 by KhoaGamingPro for API(s) 3.0.0
KingofBlock 1 by YTBJero for API(s) 3.0.0
MSpawns 2.2 by EvolSoft for API(s) 3.0.0
MapImageV2 1.1.3 by Fixed fernanACM for API(s) 3.0.0
MaxEnchants 1.2.1 by Xenophilicy for API(s) 3.0.0
Minion 1.0.4 by phuongaz for API(s) 3.0.0
MultiWorld 1.6.0-beta5 by CzechPMDevs, VixikCZ, fuyutsuki, kaliiks for API(s) 3.20.0
NGVS_Khoe 1.0.0 by NguyenDongQuy for API(s) 3.0.0
NGVS_Quest 1 by NguyenDongQuy for API(s) 3.0.0
NameSpaceRemover 1.0.0 by JackMD for API(s) 3.0.0
Napthe 0.0.1 by hachkingtohach1,tungstenvn for API(s) 3.0.0
Netherite 1.2.1 by Wertzui123 for API(s) 3.0.0
NoAdvertisings 0.0.3 by YTBJero for API(s) 3.0.0
NoFallDamage 1.0 by DeveloperNeb101 for API(s) 3.0.0
NoTP 1.0.7 by awzaw for API(s) 3.0.0
OreCore 1.01 by  for API(s) 3.0.0
OreGenerator 0.1 by phuongaz for API(s) 3.0.0
PiggyCrates 2.0.9 by DaPigGuy for API(s) 3.2.0
PiggyCustomEnchants 2.4.3 by DaPigGuy for API(s) 3.19.0
PureEntitiesX 0.7.0 by milk0417, RevivalPMMP for API(s) 3.19.0
PurePerms 1.4.3 by 64FF00 & ProjectInfinity for API(s) 3.0.0
QuyenVipUI 1.2 by NightBlackDM for API(s) 3.1.1
SETVIP 2.3 by MCPEVN TEAM for API(s) 3.0.0
Shigeootaku 1 by Nguyen_Dong_Quy for API(s) 3.0.0
Shulkerbox 1.1.2 by UltraFlappy for API(s) 3.0.0
SkillAnimate 1.0.1 by Tungsten for API(s) 3.0.0
Slapper 1.6.2 by jojoe77777 for API(s) 3.0.0, 4.0.0
SpawnerGUI 1 by DandierSmile122 for API(s) 3.0.0
StaffMute 1.0.0 by YTBJero for API(s) 3.0.0
TableSpoon 1.0.0 by CortexPE, Xenophilicy, HyperFlareMC for API(s) 3.0.0
TokoThirstBar 1.1 by Rand for API(s) 3.0.0, 4.0.0
TopLeaderboardCoin 1.0.0 by YTBJero for API(s) 3.0.0
TopVoter 3.2.0 by SalmonDE for API(s) 3.0.0
Trident 1.0.0 by brokiem for API(s) 3.15.0
VanillaEnchantments 4.0.0 by TheAz928 for API(s) 3.0.0, 3.1.0
Wolfies-FloatingText 1.3.5 by  for API(s) 3.0.0
WorldProtect 2.3.8 by aliuly for API(s) 3.0.0
essentialsTP 1.2.2 by  for API(s) 3.0.0
iProtector 3.1.1 by LDX for API(s) 3.0.0

----------------------REPORT THE DATA BELOW THIS LINE-----------------------

===BEGIN CRASH DUMP===
eNrNPYly2ziWv4JRujZJrySL1K0uz8bxkbhjx2pLOWZGUymIBCW2SILNQ7Yy2/++7wGgCNAeW06U
qe2pqYgP4MO78C6C9L9qHk9Cmn1ZsyT1eVQbdeq1zA9ZbWT12v1+Z2D17GbbslrWsF7LYzXU7LT7
w1530BsOW+1ur9Ot11iS8KQ2+lct28QwpXb65fjqcnx+cfrl9Pr66rpWr4UsTekCx45pFPGMJMxl
TkATRl7TwH9DQ5Z8nc0mq83rgDur2eyS+tFoJAk8j7IXLwGJ5weIIQ7yhR+lB7bda7z3naVf3HWQ
Js5Bie5gC0dkcH/gR8iA1e78WVdYvvjRmgdrFrIoA9SunzAng6kOdxkyZFl2F+Ck8t88YXT1C8yD
8Z42/qcE9TVQwrI8iUiW5EzdMFCjavIQLsWvdksNHPz8swRYBZ6fyauYJjQkP0V5OGeJHLa1YbVM
miV+tJDD7e3wgQR0FCDO54HvEC+PnAz0TkopK/R18lPMEnJIWi9HBspCFv+SlzrrPyUszYMMbvLT
L4CGJb5T4HtJ/qegnIxIS8qhrUvpJz/K2EKs+QJ+vlTY1MzBVkRD/Z4V28D8f4iRTquiJssmh38l
z6fP63LcqowPxfDrYtiuDPfE8GUx3K4Mt8Xwu2K4UxluieHnNbCzLKEOmNI//lmvLVjEEhqgXUUU
91JtDNbJskuwy8blGFDNacrK7VhrN+1us4Xw3A/c2shuWe16DeTrsnVt5NEgZWDICc+4wwFtp2/B
Ij4astcZzPuwPdtt1nKY22EDzxsyyxo4XY+1B4Oh41DPbjPAnStaPvmRy29S8n5KsjxaRIt8wyK7
MUh9YrWaLSJoICCKYZu8KCZPWALkEiCs95IcXZ70OoAxXsaAb9BsNS0LLr+yCGivdYprGP7CU1zx
/P37KQDExY3Yog4PY56y5EvgzxOa+CxFaVF3CRwm7OD3lEcNmKO2q9W0mvYrz7G9fm/YH3ot2unQ
rtedOza1571Wy231e7bHWqw/YH1A71KglgLp4YFDg2BOnVVjDQ7DpRk6MJDFKuI30Sv1LxIrNBSC
hg7mfkSTTZ75AdILzDSt9qsWnTMQKEjYHvTAX1qe3bOd/pDatO2Ci3QHFEjzOiaqexe3QEDtV71O
f9DvwD293tyhtM+6g0HX7ths0HXstmN3GeiwS+0KwoCmacCpyxJFm/1q2O/2h/agY3d6XRu0Nrf6
A9rug1j64NTbgNsZDi1rbmIK+EJgsJvWq0G7NQeJ2o437DEP7AlWRoZ7nXbLBvNp2W3LoZ3hHQyN
OFuCi3QLQbVfsU6/zxyvxxzb6niu2+lYXUYtl7bhYuj223MPpMWoiQrc0lJR03sFi3b7znzgWCDe
4aA77PX7886wR/uDgTsf2rbndh3PaZsoonlW8DN4NfQGNhDs9j3QieMOabfXY53OvNd2Op41oP1e
t0/ZoCLc8mcjjLfb8tUT9piGLKErsG0pF6DJegXTWKc7mA/mnsvarON67hxk7fS6Q8/pz/ses3vz
rlOxoDTi/CtT4u2+6rfmXdYftvu01Rv0B67bti3atoBbNu/33G7PHg4823ErSOJAYOiAtfTmLWDH
8QZOh3rU6oOvdYbUmoNirHmnNei2LZdZPav25zZ4ir155LpvWJhqTq2A1GulJ8N9T/NsyZNU+kIa
+/ADRAmupQbXLKLzgLlbr+ayGNyGmpxyLzvRASEGdMgEljmPFhQSh7cMdnY0m+HCRbSH3YAu9moy
/XR1fXECoBs2T/0MaUTPfBTc0E363l8sM516Dapz0EL3ZXBR+9v09a8s4bV9saPwzWY0kgnQTlxE
mQ+hmyURDd75zkpnpTr07zVS+9Wf+7d740Rgm82qBDyNqynnwZzfVhgqoAYvIkhq3JxRH5KJyd8m
VY4aRxfjt0e4l7TLrnnZMy/75uXAvByal1arcm1Vru3iGv7tfJeMtzxKOSu5GBePSXqZZXE6OjiA
nGGZz5sQWA+2WA90PKiRXCSLb3meMl0lOtjUid3smlqZQBRfDbvfa2a1U4dHPNwcjc8B/3m0Pk5o
ujyT5quEk6qlYC9JApdIIAjHJPdxO8wzjph1hiXkgb30ZknTjLznfL63DaVWfcIGghs+jyt0fx5X
VHRn4/wKScnlyf78gECHYsfFd6P+HqOUaA4UC8DdaxqdZyzU2CsgOn9QvDbbJn8XJ5/3xhzgms3U
ut/MGiBpXB6PTw8KBiR3K5O11a6hqC6NT9hevfaO+i4nv3KWZjQx+LatfcSpOVC2u0m+ZhmEgo88
w3JSY08Hm+qDrM1kc3rjpxmQ+50OZOwvFpvjPM14eBo5SxplqeY7MrkIsCcoWwvKQNMmnY+zi62H
Y9hMGqsFqBK8IDrAWtTkdcWizQIbGffHsCdEmm/Vc0Eu8F4Svhvfk8iPWVJlXUF17sEUq3tUTH3L
E/8rjzCLnEDBxpJsTV68Kn5iN+h4mfhpY5z4IYMR/DdPLz6+NM386bZxuRkHPKtVpFCQo0QhGZnN
LmTFtYtUEpjhwNY0paJBTZuohM7TNQ8mQOjenJe2MvBkkKF4mUyPrqcfxvc6sJubmyYDkhB7M1sJ
BrE9wBLMGPRiwABX8wNp9h2T1eOvzFmOL0/YGm/46N/6q7dmRLJ638G4g+jj0AX0sMMldRlSB2Iw
aX2qK9cIPzBQCekkmFbF9CZiiSkfY8B081azIpu3zE9ZNBf39IZ7MwYTLQpCJ+qbY1uFWiGGzTu2
MdgXgDv+8IeUi3Kx3QPWcehOoMw2HZkGfJjq2lueQRqaVY0XQvc3227opnLt2cyg43FWuB9hvqzx
oSDViDs0meARm8P/yf+SU9fPyOsNmbAI8gpy5Xm+49Ngb0aoVprNHKAMMAKLWxJ34C8MKbYZNf4k
pJrwVjKK8fmbvXGglkyfYGEJzdjHtzrZClIh+8cRPeF58IkFwWz29zzw6DL0z35PnsCByKKOAnCi
ulszwKaJWT84sulLgw2ZhHxbbJNIPpl5qwZ8MHT/bXqaQkzYM3+fRE66q5ZOTj/6iaBvS/4WVA3K
fZP8mC/wkQKkYVdnbG9MSKyz2VrQMJtBOFa/NLoeUJZgikYOSOGMJnohqEMfqNGvfYcmLr/0A562
BxhmT3iUTXnuLC/Z54rL7n8HpwZaYK8kz7jYSYs0Wr71WW5yK0FmTn0nFsXUTRgM7k1/Et9sNvWz
LGBHJ9dPMEa2rmaJW1DF7XXuuOvtAzMyZTQ01dSuMITPXHfVkiIAdFKSsoOz0LKdkrSDLQ7gVhWY
zP1S6VhUBh5JJsYQWOgd9X1vD3FLw+7aO73NAA1zRR2k67AyYPLTvttoWvssIRdgRMNhr2cqsvNd
LSdEXOCdzUyydufzjCehmTEVkEc4+53/zlkf//vOUrTkqUQ5mykqtj925eU8pAuWmr1ME/5wi8lQ
EBYm38pMmP+RouvHUwe+WNx7SmPzzfH4OKB6JCsglUBmauU8SjOw9GAz3f8u8gvcGQW2HOoE+ADn
7PhIkfVo3QSOBG6LWXMdCRZZ+EE3PHn9QDD7BM7mGDZyxIK2Pezuzcu/2bWxKajOWZpOl+y9PKGi
kW8OmJHqTgd6QoOQRyen+0twFcLZzCRkd870RwwlWzr0CVvne3xbsXX8aO3g0mLj7N6DAoonjJks
IOCR0GP24/ZWjJttNUnKU7h5x1gMd7Eo44neUjDhDz4mfLfk9A0NIQUb7/ExroF1NjPo2d3o3sH9
3BNS0pnToA84hH0/mX539Xp3yi9F40hPDQqIWQjaP7gQVKsC4dvlv638u6SxiJIfbZ2nElhtMVT6
2eAgmEs8fAoeHR1f7o0/7QFwQcxptPCxhWJe76Q0ert9FKIzWUKrdWLF5D6ziMdLP/Cdzd441HAi
T1tajIuduPMjs/pVgKrnq7Rbi/Ml+6vdL45ORONZrv+EPZUHmf+JJ4He4tKAJiM91VnvPtpZP/47
nqvNN3mW5isffq9o4Psr083brX3120Ok+AYpBtZ16r+n164hAkm9f/Nx8gVcsB7nStgjoe69OPQI
Jfvit3x/ZvzufHdFC1J/g0Qlq9IvgQ84/R9D/MnbJxAP5IKvddg1C/naSALvDD2iiR90EKFKxlN4
i7OlYVQS8MiD+SV1lisI2hnHX1Ydj9amUJGu99eLqSyBTCJlxb87McdgYiKuS/62sEc8/yeWZF9z
37Lbe2OpRAlcFHR883OoEttByRRyzY9c4CzzU5CeHvYqA1UVt/9DxwBNMp5gqvyMBsEJDcUbFxpX
GvjBvBjcKgvw0dJ7Nrda1v58iYkXOSxJegp/07HB13R8x51Uutj05iu92RsfAttsFvEs/majlBQB
N1cJO+aJrqgCUuHpx5yhVYs9pfKCW96IVxkynphkl+DKg+wfnFeVB4F1Ip7CkzwShA/fdEegQx95
UHpCYfKbSuC19302qVhlNtNIMy6+wRQLpAcamoNSKCYtVeGYo6aQOlVXea+QrOH3uJSKQAxy7gV+
v4AMdFJQeQK1VuZnPks/6yIy4Oae6Fe9bugHq1bHQs91zdb+mgbjy8vxw6J6wiOOROKMwxCcVgyE
MUUYSEkj88nPPTRaD0x+lWDGLDHeDyhhpoO7Yy29ztlZq0X+i4wT/jtzsvPIg7Ip219u+0WuIAUg
SNJ+foOdiHvV24klHhDDb5iZf/Rjo62rAR9sXYt3EV4HkMGeXO7tKMnH8zGeZRNIZ7OCikfd5OR0
CndqTChA5dityQCeb/34nkxPj/bX/JA4Z7MJy4D4nUhf+gvGeUZX+gNUHfpobfUFi6sv+6yu3n+0
d897Jss8WLHEfCdCAz5y1OVDkCX0LKBxvD/6NZygC0nKa/6ExzmTlR8ER5EfUqP4MMDV3K6im6kq
qfbGVIEQ30cuyTCvduIN5WJUwQWk2q6xd3qEuI9nVamk4JvT1pK0g4IZ5FQeFXxj+DcN+MDOOqGR
67NkAtGPWbb9NCVqz2QrBykfTBnEik+w0Yx63mVuGugW9kgjY9/VIa65O+lTXGESc6P5qQEfIR4q
g4zdjk8Bqvd367W3G9D8Gb6/f3n8Y9q9JZH678dPBU35ik+XfpJmr6m+9Uz4g8frrvHc4L43Hr52
DJwAFTvpjccXDGuXOaeJiwchDVbuDP6HjXDboqjQ8QTD5PFHbh6G34Kq7wf8mCfE6iwRLlm772lx
QU75aye+Et8VL6eXbCnIIyqaJ3zls8qJpu536EghBPIlAZDaXpa0PMrIRxpBtKOqzMEX7vUc/r5R
ncHOXQanS3b0dWgP7tlZ8hjAtzK6lrTgeeGEfUNIKwg7uI8pkMQnHnhQzzTOADG+/DNlt7p+7x2u
nhHq/pDeDS59wiKr3Z7N9OV334bisQmUVxl+9kTnSQNXX6kbVFprgZ8H+8soJbrZTDwliiUJVX52
rEwvcz8B1QSu/gZ/8fWYDArgg1C883JgsAtSYWmKxTFQbTQaDXC1KW7/EA3rS85mFQIe1a6veDLa
dBqwehTH+sEvS5ZLf//7khob4osE+HkclrHqMdHG5bgZL+Xbj6n4WEkTjCrGrjp2+mrPxtsrcswj
z18Q/MzQLJlFzyYU3+JdE6tNrOGo2xrZffLfrT6xW7aFEyS+RgxJ0qE1tNq2BvTjQ3xUAP9DYMgz
93CWt1q078h/gvNU/nADTAxgzs0SmG4EfpodQs4DAPxQUh45aLJ0Ayips/SZ/FRRqqakmO421C4B
PR5aPbEcvVU3pYe2IABfJAy5yw7FlccTQLuFcc9DKEjJxa+sFNfxOlbLuD6+7JEH2eZQ8LgoOqyN
lGXodNJDBAfY3m+gmR1CfujfsqCEpoy52iT8UNThyenZ0YeLKUKlTTX+yFmyUYsqUOIAW4oi/N2M
aZqCc3APfxb/gZzyjDdSumbqxrXPbhquj2fyHHY4QNAtlMcNtGw1BWS+yOmCHbJoUcqRYmkXpMVq
Ehjy+RZifD2juQnx6xnPCFoycYTt5CAV8UUlMCH8rBIxDBFMikCwSRkpxEbwA1jZkhEegf1lSzA4
R34fa86IHzlB7jIXfpA7pou4JjyEOz1EUMWZUo/VCceHXSmilF+sIhueJwoX8T0C2vfBQeIKoHj8
9BV4XkD8nt1s0R24zKOg+pTc8Oh5RrDmowlBoUMd7OOXbDZIYbb0U8n3zZJFJI8XCXUBQXMW4aaQ
yEaziJBnn5biKRzJOKwSuQRQqK9MgQwgT4YaNQOixLAgNeCwDLAKv1gm5IXvCziMQJx2AyHBEDFL
uy6UOyLCQeFAuswzl6M25XfIRmRWU58uElTfkoQ1focElkT85i9/+cusJgg9CgJ+Q3BLAm1ERQ6y
9in5DQ0V5wiLLYLKSHzmS9x6KqxX3UOATIJbi4ACQUaIbb4hSrI4Xxn7dlij/dknSErAQEDM1HWJ
/DBWKqUM8l+RkNE0T4RfQG7mDIkGWbE/chqgFBf+GuauaZAz8kItCk7sJWKXK8I2Y+jGGqCFBZTR
IxgWa8ujkmhkR+kmcqY0XYEdJCswq6aY8CHFs02wWsEpTlsmHFwXKBOmp3UiQjlRTgO2R53gZ56A
EQw9Qjbg8hEW5hEYFE6RyCdC28ATGF3Cb0XjBcQALAlDjrbEoWwVQecemi7OQROtEz97DuLLEnGb
y9BRCguq3ExeAA85bCNbiEWw0VCcjgSqqulSYRxJHkWoTlc+2hRKEG+Vpk1ywtbqNwmxh0vEoc26
vheV4aBEkiSPMwmVAkPBhECb4ksoF/ao+PqVK/cHXXPfBbLvpwBtBG2Og6DBupqaocHkhpxU2CxE
DYgGyUZu0TcBn4PxYDQnEg7bIPQz3OkhW9D5JgOBk4mUdEvI1k8Rtbh9ikq78YXghUHBFr5pSESF
jaWCQc8HCsE/MTwgiWg8yMuKJaWNg7Jy3LRkwUFPeGpDGAUutBBkNgRpI9JCLmB14ZDlB6j+33OA
6dFD9GNQ/j7604zHggTlTLckKXQpAe+BQZW5W4Jw1SpVwgF8EjtCEZc+3wN5Yk8IetBbECeHOIRn
6Qm7ZU4uHC+X9MrdiHFrO5vdOpBXpCU70mldTU9HZPr2fEIuzi/Pp+RoPL44P52Q8ek1gSzz3el1
ncAkMr2CWafk09uri1Myvr46Pp1MmtXtf68wxizxuYjM6IJTZM9ZMuGMhSy2btYCsUNu4AqvIqY0
8PmqdLACFWSdwCW4ZjAk5Pbf2Zm0L8gSMRJGOE0tJjBLJOB0Sxde7GtY4wqjBwZ8cUPz7mw0A5XX
g9Ji5mBeIOWK5Eqtynu3PIBlsTgtWW23FK/py/tJUpy3FecLmsxhUzQcHgQyfRW+537pil2G5Ki7
iLoLvHZIo1xkITolkKHlYIEv60U0qJpgYYQysHoe4JL8huXua5Ir6e2luUMawfPA3dLiQ/i4iUhJ
fyoRx4J8YLTXaileYbUz4SfuhEdhOhLDljcv4WERZuXdakZDN0xdw8iN0uQd2yD3mJRhHZMic0SV
JbASmqEyZDcPY5lmyVyOqIEGDhT6OsFJ6gZBuyCz4ACuIMDDVqf3CBjCNYQ8WGENRpamOUO3kC1B
a4si7UR/hauVVNULRcrsQGWXTUkNTv23csLKyFnm0SotaD+mMUL9MA8huuLnRUhRO6AiiayjJBWl
XHG/KFGKHXPXxiDrjhVFYsEGpsM5hNvOVmMnXA5VbRqzIvR5Er+cXGwhiUtN1DkTOUPDgSKRbXk7
AVJElgKJI0oPqJOphcQSUyxOiLxHclhyB7cpeUp+ipVxcpnnogADrAcU3odRPWSHsyhiGSpspAIE
JGVLHsjkck4zKH4xBxckQ74EJqRCjPBtsgRSozKwzNk2zZSR7ZmupWII3WqyyRB5nTQsTYFCeWLh
RlYQA26721Neu8xgRUmLyaMrOceiRqT4eDMAFVlN8hayQPGNW0zryPH4Qx3uBRrmsL9ufBfMXqQJ
0ntu8TcE/hHpFQl3mYunQjra3CY5csFRLWngHeBnG0SB4DKwYbUULEqw54IGpm3EMuhpyPQi5PQW
vRomlzRoEiTiwzgaF2l2WQliFYFE3UDQxBvzOIob6rpS11yqXZf6X9lWn5iQF2rEZleRLUHCLs1D
C62doS1vetkkY3VPQPExIJbSqiRVtiBW9BK6QBZAJyC2NA5EvoJ1JtT9AW52mqCejgMfmyyicE6g
jGJpRi6nHwSlKbCEbM/zjGChLlRZLifLimbha8Isb+BdI0EtWrnL5vliVJQqfyUWligqU1vCVhXj
RNWpqays0ZKjlMvApazBQmTSOUlsx0vOU1F9FxUKK2pQ4cFcmlGS0nXhKbFjUrSWcEwrXoEwcbBI
JiyqMYHlsSyDRWPpOfk857do9Qk5PyEvPn84P3kJPIPJAw0w/wbcfYyHjiDUgWFg5ZJA2dIs8z+w
BC6mCGFHYOmfX18U+FVVo0Gei8WwvSSCJmQfWN6KMCx440WbRIUQrenjeWJZGPO9TeM2913NECnk
KeDdGM0Kvwn8y95mUQGI4lFRCnYDOadIySLuBH5MxL1gNpd0AyaDRSSeLVf1OIY0FQeEL24UY3JJ
rf4qGmV6q2Qqeh3S3uVnuqUyxFxl3Hmqei4O7ORM+jp1T0PeMyIxJElrP8BlpB9XPkqtgoGIRott
jRDhbUE1HtaLWUaH7d72lNTyUchz3MKeDDhqR6MolY4xwKKLEp0IsEP8LSIk3Hwt4qV2s2A8YrLy
nTOJbM483ICiVydC3LIweGHjooVnRF7JPi60ZR8cEaFVUoEXR4QOwiCo3Udl634yaQKYwD6KfQfE
Fjfjv1tq2mIzY1+gkccunrnUbNLBoCoWEh1hfW+eiMXm4nV24YFQnixBTRP5bWuiuCOqj1JEcHGP
wTrgaxCbPCMLqMLSUjxlr2YroeZdESnfdEN9UaaBn4QqRuom5nEeFMaoLjCUiTnKI7aFPxQZfiNW
XgyDCTomiHYqdxbdXdmdGqkojs00UTVKsAyCSl/4WZRtm8Mt5Yb23sCv+ldA2+1mguMlpJse1zQC
u6whn0dsZy45akaQ0sRjlU2fC4rBk21CrHtgg2TYPHTSknQs5tQ4KccFC8KL0cUigfpZ9slUU002
D/BL8qsqf4I+2MFXJ1cjbGIqny9DHzqFGyaTawpb50asmArCSwYErKk1tiHSbiUvTVMq545QQaFy
XBkTBHn8PLsIVXqOKOBcFx2k3RHaida0qoN/jJe0TvDNNRGfs20aBq7XYwmk2g1HvuY+UqNFuJLB
ghpNMPVsS4uvOaScEMqFFyuchUIoNC/HizXuaFryqqs688PSV6sAjEhxPu4EdM2oWXSYuKDo7qmb
ik5us1xAjegrFNJ8OMQrty21K3eF1jhROAB9puRZtEiWCig8BlY5KnFWHgO7zVCbuCJz9L0tIig/
gBH5pAE9UNE5kD4O8CkXWUQ2Gvg0VWUJZJI0jIPiCnMeoFHpalQoTY6B3WL3akT+IZIViJ910c76
JyIVFUcZJvUnIIINTBzxuIPsGhRPrEQ74L6IJQK6iNCpSJBFtYlvFgKtKtzq5Mt1BQ3yJ8EnXBgV
ZPQqVxyRs4uj6cj+pV/vDm+tevu2Xbd/sX5xMSES+/wFPot20LkeDlrSFcurTvelzPLk0wW9WJc7
HGMLyFh10kTqIVphoDVng89UcifLk8IpFxVKsn0uITwO4IFQ5YjHQGkhsEbxTANsQaazz86EqxFL
ifkGklxkCuqPqmiQhsgttaSPx6K+Zbfg+FJV3DkrLA9SUciAROY+JOYbmcSJeciv+MhGIMOI3DOS
S4EfkpFk66tr9RrDj76gHYkzK/L1mvIPUswd9XcFthB8vBS5eF5Mg/Hwi8szcIYGVP2JmxKQJ4F+
7YqDrOW15wfimFMJWYTGn8dYQvjQr33YZWsdgH/0Qr8O5+pPsmgwTMWAfleHxY7J9jXzVHfBuFP4
/dQEQYYS6pDJ+MKgYJP+EYg/6qF+ke1QxlcsgvBucLyh4lGprd4d/OrH8tjdULxw/VX+PYTtbLi8
DU2ZcqTGbrXa4u/l1GvjkyuDU5d/EZRUgQDyTXXAdo/S1Jg48XFDf740WKxQAJcJU39dQwfe4LuE
BlD7yxd4ds3CP9UCBC9N4yqj7ReRTOl/VQRPRPkL+ddGFBYUk/BBrvzLEfKjQ06yiTOuALb6A0mY
thjW5t7RnG8oW4iobYg71b5sBHVbLlzyIpf2VZD4d8zDrsai5VPe/eef/wfje6qc
===END CRASH DUMP===
