PocketMine-MP Crash Dump Wed Nov 10 15:21:02 +07 2021

Error: Call to undefined method pocketmine\OfflinePlayer::get()
File: plugins/239-GCPClan-f06eb/src/instantlyta/fcaclan/FCAClan
Line: 1037
Type: Error

THIS CRASH WAS CAUSED BY A PLUGIN
BAD PLUGIN: GCPClan v1.2

Code:
[1028]         $this->save();
[1029]         $profile->set("rank", $rank);
[1030]         $profile->save();
[1031]     }
[1032] 
[1033]     public function haveClan($player)
[1034]     {
[1035]         if ($player instanceof Player) $player = $player->getName();
[1036]         $profile = $this->getProfile($player);
[1037]         return $profile->get("clan") !== false;
[1038]     }
[1039] 
[1040]     public function getClanName($player)
[1041]     {
[1042]         $profile = $this->getProfile($player);
[1043]         return $profile->get("clan");
[1044]     }
[1045] 
[1046]     public function getClanTag($player)
[1047]     {

Backtrace:
#0 plugins/PureChat_v1.4.11/src/_64FF00/PureChat/PureChat(459): instantlyta\fcaclan\FCAClan->haveClan(object pocketmine\OfflinePlayer)
#1 plugins/PureChat_v1.4.11/src/_64FF00/PureChat/PureChat(503): _64FF00\PureChat\PureChat->applyPCTags(string[82] ..c..l... ..3..l{prefix} ... ..f ... {suffix}..r..f ... ..amyngoc1998 ..f... ah , object pocketmine\OfflinePlayer, string[5] ah .., NULL )
#2 plugins/MultiChat_OTHERS/src/tungsten3/Main(74): _64FF00\PureChat\PureChat->getChatFormat(object pocketmine\OfflinePlayer, string[5] ah .., NULL )
#3 plugins/MultiChat_OTHERS/src/tungsten3/PopupTask(19): tungsten3\Main->ShowChat()
#4 pmsrc/src/pocketmine/scheduler/TaskHandler(137): Tungsten3\PopupTask->onRun(integer 1)
#5 pmsrc/src/pocketmine/scheduler/TaskScheduler(179): pocketmine\scheduler\TaskHandler->run(integer 1)
#6 pmsrc/src/pocketmine/plugin/PluginManager(654): pocketmine\scheduler\TaskScheduler->mainThreadHeartbeat(integer 1)
#7 pmsrc/src/pocketmine/Server(2389): pocketmine\plugin\PluginManager->tickSchedulers(integer 1)
#8 pmsrc/src/pocketmine/Server(2152): pocketmine\Server->tick()
#9 pmsrc/src/pocketmine/Server(1992): pocketmine\Server->tickProcessor()
#10 pmsrc/src/pocketmine/Server(1586): pocketmine\Server->start()
#11 pmsrc/src/pocketmine/PocketMine(314): pocketmine\Server->__construct(object BaseClassLoader, object pocketmine\utils\MainLogger, string[39] C:\Users\tungnguyen\Desktop\AcidIsland\, string[47] C:\Users\tungnguyen\Desktop\AcidIsland\plugins\)
#12 pmsrc/src/pocketmine/PocketMine(344): pocketmine\server()
#13 pmsrc(11): require(string[94] phar://C:/Users/tungnguyen/Desktop/AcidIsland/PocketMine-MP.phar/src/pocketmine/)

PocketMine-MP version: 3.25.0 [Protocol 471]
Git commit: f48b703533e0ced4e8ff9e118c5fe3889ccaf23e
uname -a: Windows NT tungnguyen2-4si 10.0 build 14393 (Windows Server 2016) AMD64
PHP Version: 8.0.11
Zend version: 4.0.11
OS : WINNT, win
Composer libraries: 
- adhocore/json-comment 1.1.2@fc2f76979f0a44a5f5bc2a2b600d0762fe0e78e7
- daverandom/callback-validator unknown@unknown
- pocketmine/binaryutils 0.1.13@0abee38d4e2861621f262c79a2a3d699d8a697f4
- pocketmine/callback-validator 1.0.3@64787469766bcaa7e5885242e85c23c25e8c55a2
- pocketmine/classloader 0.1.2@9757928424652393b178a3760073113aa7c9911b
- pocketmine/log 0.2.1@830b44a2cf96ef703c550abe64302f230231ca49
- pocketmine/log-pthreads 0.1.3@e477ecf6ec214fdd4415ea1da3fdd9d73bf699ea
- pocketmine/math 0.2.6@43057cb8c179a9859677b496a788db922fd5cfc3
- pocketmine/nbt 0.2.18@9f82ca4d7f97fcd9a566e44b63c4f18a7657ae82
- pocketmine/pocketmine-mp 3.25.0@f48b703533e0ced4e8ff9e118c5fe3889ccaf23e
- pocketmine/raklib 0.12.11@9cce458b8bfde3e4dfdbf70c659fc7b7fe26b5c4
- pocketmine/snooze 0.1.5@70b5e7937a06878dd321a3182ceb76d56298f2cd
- pocketmine/spl 0.4.2@6b08b7cf8c4afa17139c9a1b3bf1b408531de161

Loaded plugins:
AcidIsland 3.2.9 by GODSMineVn for API(s) 3.0.0
AntiInternalKick 1 by Jibix for API(s) 3.0.0
AntiTNT 0.1 by Adam1609 for API(s) 3.0.0
AntiToolbox 1.0 by FaigerSYS for API(s) 3.0.0-ALPHA4, 3.0.0-ALPHA5, 3.0.0-ALPHA6, 3.0.0-ALPHA7, 3.0.0-ALPHA8, 3.0.0-ALPHA9, 3.0.0-ALPHA10, 3.0.0-ALPHA11, 3.0.0-ALPHA12, 3.0.0, 4.0.0
AuctionHouse 1.2.5 by Shock95x for API(s) 3.0.0
AutoClearLagg 3.1.0 by Twisted for API(s) 3.0.0
AutoFeed 1 by Ghast Noob for API(s) 3.0.0
AutoFix 1 by Ghast Noob for API(s) 3.0.0
AutoInv 0.0.10 by JackNoordhuis for API(s) 3.0.0
AutoSell 1 by Jero, Cur for API(s) 3.0.0
AutoXP 1.1.0 by JackMD for API(s) 3.0.0
Badge 1.0.0 by YTBJero for API(s) 3.0.0
BanItem 2.3.3 by LDX for API(s) 3.0.0
Bank 0.0.1 by YTBJero, GhastNoob, Kaido Joestar for API(s) 3.21.0
BetterVoting 2.0.2 by Twisted for API(s) 3.0.0
BlockCMD 1.0.0-beta by kenygamer for API(s) 3.0.0-ALPHA10, 3.0.0-ALPHA11, 3.0.0-ALPHA12, 3.0.0
BlockSniper 3.2.3 by BlockHorizons, Sandertv (@Sandertv), Chris-Prime (@PrimusLV) for API(s) 3.2.0
BossAnnouncement 2.0.4 by XenialDan for API(s) 3.13
BossPlugin 3.21 by HmmHmmmmm for API(s) 3.11.0
Broadcaster 1.5 by EvolSoft for API(s) 3.0.0
BuilderTools 1.2.0-beta4 by CzechPMDevs, VixikHD for API(s) 3.16.0
BurgerSellWands 1.0.1 by Heisenburger69 for API(s) 3.0.0
BuyKey 1.0.0 by  for API(s) 3.0.0
CmdSnooper 1.0.0 by HotshotHD for API(s) 3.1.1
CoinAPI 2.0.9 by onebone | Edit By SenKai Official for API(s) 3.0.0
CrateVH 1.1 by PIG for API(s) 3.0.0
Crossbow 1 by SonsaYT for API(s) 3.0.5
CustomAlerts 2.1 by EvolSoft for API(s) 3.0.0
CustomWing 1.5 by YTEsDev for API(s) 3.0.0
DEVirion 1.2.7 by poggit, SOFe for API(s) 3.0.0
DLevelIsland 1.0.0 by Nguyễn Công Danh (NCD) for API(s) 3.0.0
DancingFarm 1 by RicardoMilos384, DontTouchMeXD for API(s) 3.17.0
DevTools 1.14.2 by PocketMine Team for API(s) 3.13.0
EasyCommandAutofill 1.0.9 by jasonwynn10 for API(s) 3.0.0
EconomyAPI 5.7.3 by onebone for API(s) 3.0.0
EnchantUI 0.6 by UnknownOre for API(s) 3.0.0
EnchantVipUI 0.6 by UnknownOreforsource|RBpmmpformod for API(s) 3.0.0
Eternity 1 by minefore and shin1134 for API(s) 3.9.0
ExtendedBlocks 1.3.0 by Javier Leon9966 for API(s) 3.14.0
Fishing 0.4 by benda95280 for API(s) 3.0.0
Fix 0.0.1 by YTBJero for API(s) 3.22.0
FormAPI 1.3.0 by jojoe77777 for API(s) 3.2.0
FormImagesFix 0.0.1 by  for API(s) 3.11.4
GCPClan 1.2 by InstantlyTa for API(s) 3.0.0, 4.0.0
GemUI 1 by WoolChannel3295 for API(s) 3.0.0
GuessTheNumber 3.1.0 by SalmonDE for API(s) 3.0.0
InvCrashFix 0.0.1 by  for API(s) 3.14.0
InvSee 1.0.0 by BlockHorizons for API(s) 3.0.0
KeepInventory 1.0 by KhoaGamingPro for API(s) 3.0.0
KeepYourXp 1.1.1 by ArasakaID for API(s) 3.0.0
KingofBlock 1 by YTBJero for API(s) 3.0.0
LoadWorlds 1.1 by shin for API(s) 3.0.0
LockedItem 3.0.1 by ytbjero for API(s) 3.0.0
MSpawns 2.2 by EvolSoft for API(s) 3.0.0
MaxEnchants 1.2.1 by Xenophilicy for API(s) 3.0.0
MenuAuto 1.0.0 by JeroGamingYT for API(s) 3.0.0
Minion 1.0.4 by phuongaz for API(s) 3.0.0
MuaPointUI 2.0.0 by JKPVN (JakayPluginVN) for API(s) 3.0.0
MuaTuNhanUI 1 by FurryJaki1992 for API(s) 3.0.0
MultiServerChat 0.0.2 by tungsten for API(s) 3.0.0-ALPHA12, 3.0.0, 3.0.6, 4.0.0
MultiWorld 1.6.0-beta5 by CzechPMDevs, VixikCZ, fuyutsuki, kaliiks for API(s) 3.20.0
MyItem 0.1 by AnhKhoaaa for API(s) 3.0.0
NGVS_Khoe 1.0.0 by NguyenDongQuy for API(s) 3.0.0
NVSSP 0.2.1 by YTBJero for API(s) 3.15.4
NameSpaceRemover 1.0.0 by JackMD for API(s) 3.0.0
Napthe 0.0.1 by hachkingtohach1,tungstenvn for API(s) 3.0.0
Netherite 1.2.1 by Wertzui123 for API(s) 3.0.0
NoAdvertisings 0.0.3 by YTBJero for API(s) 3.0.0
NoFallDamage 1.0 by DeveloperNeb101 for API(s) 3.0.0
NoTP 1.0.7 by awzaw for API(s) 3.0.0
OffHand 2.1.2 by alvin0319 for API(s) 3.0.0
OnlineTOP 1.0.1 by HMMMM for API(s) 3.0.0
OreCore 1.01 by  for API(s) 3.0.0
PCEBookShop 1.0.3 by Aericio for API(s) 3.11.2
PHP-Sell 1.2.7 by Muqsit for API(s) 3.0.0-ALPHA9, 3.0.0-ALPHA10, 3.0.0-ALPHA11, 3.0.0-ALPHA12, 3.0.0
PM-Beacons 2.0.1 by jasonwynn10 for API(s) 3.0.0
PiggyCustomEnchants 2.4.3 by DaPigGuy for API(s) 3.19.0
PlayerVaults 3.3.1 by  for API(s) 3.0.0
PureChat 1.4.11 by 64FF00 for API(s) 3.0.0
PureEntitiesX 0.7.0 by milk0417, RevivalPMMP for API(s) 3.19.0
PurePerms 1.4.3 by 64FF00 & ProjectInfinity for API(s) 3.0.0
RankShopSystem 1.0.0 by zZPROGAMERZz423 ( Edit: PhongGremVN) for API(s) 3.0.0
RebirthUI 3.0.0 by YTBJero [Edit by NCD, Ghast, CurlliestDrake66] for API(s) 3.0.0
Report 1.3 by ImNotYourDev for API(s) 3.7.0
SETVIP 2.3 by MCPEVN TEAM for API(s) 3.0.0
ScoreHud 4.0.0 by JackMD for API(s) 3.0.0
SeasonPass 2.0.0 by TungstenVn for API(s) 3.0.0
Shield 1.1.0 by JavierLeon9966 for API(s) 3.7.0
ShopPoint 1 by S2TwKen for API(s) 3.0.0
ShopUI 1.0.0 by SaltyPixelDevz for API(s) 3.0.0
Shulkerbox 1.1.2 by UltraFlappy for API(s) 3.0.0
SizePlayer 1.0.3 by  for API(s) 3.0.0
Slapper 1.6.2 by jojoe77777 for API(s) 3.0.0, 4.0.0
SlapperRotation 1.2.0 by jojoe77777 for API(s) 3.0.1
StaffMute 1.0.0 by YTBJero for API(s) 3.0.0
StaffTable 0.4 by GigantLeyKey for API(s) 3.0.0
TableSpoon 1.0.0 by CortexPE, Xenophilicy, HyperFlareMC for API(s) 3.0.0
TimeCommander 2.2 by Zeao for API(s) 3.0.0
TokoThirstBar 1.1 by Rand for API(s) 3.0.0, 4.0.0
TopVoter 3.2.0 by SalmonDE for API(s) 3.0.0
TradeNPC 1.0.0 by alvin0319 && FunkaDev for API(s) 3.0.0
Trident 1.0.0 by brokiem for API(s) 3.15.0
UIShop 3.5.4 by SaltyPixelDevz for API(s) 3.0.0
VanillaBlocks 1.0.7 by xSuper for API(s) 3.0.0
VanillaEntityAI 1.0.0-alpha5 by jasonwynn10 for API(s) 3.0.0
WorldProtect 2.3.8 by aliuly for API(s) 3.0.0
essentialsTP 1.2.2 by  for API(s) 3.0.0
iProtector 3.1.1 by LDX for API(s) 3.0.0
reyyogaWtrhit 1.1.6 by reyyogaMnelux for API(s) 3.0.0, 4.0.0

----------------------REPORT THE DATA BELOW THIS LINE-----------------------

===BEGIN CRASH DUMP===
eNrtfQtz2ziy7l/BarZ2nHssWaTe3spUHD8Sb/zQsZTHzGoqBZGgxDFFcPiwrcyZ/367AZAEaEcP
R9lzb9Vkd8piE2x83Wh0Nx4E/6h5PF7Q9PMdixOfh7XD9n4t9Resdmh1W91Oy2537UbXttsde7+W
RfJWu2Hb/YFtW3a/2+u1uv39WkCT9DSOeVw7/KOWLiMoVZPX+7UFSxI6Q8oxDQKScpKFLvP8kLlk
wdI5d0nEnVuWLoA0mVx7XgA/hgFdsvjwcMbSvRfAxcuC4MwPBJvDyeR9AognkzQLZ+EsW7JwMjlh
yW3Ko8nkyPHd8ySgoTuZREE280MoabcG9TfHw2Mg171ml00nkyR2JhO4mdIwDZYpnUw8hzpQYDI5
Oz7Cko1oHmHdsl7F6+ARqwPgdKAxOlB8DhQbYIEigVKbrR4oOKYOXPy79kOT5DyHWcyO59gSVqPd
sCzB8nO3fXbWbBY3ix977c7gxSFZib3+05zeMfy1x6e/MSf9upZRvz9Yz8XSabYAi7o/meT08lf9
JxpFwXJ4PKazZC9JYz+c/btv/0oaDafRCBqNBvxqwa8/ohjs4uFPIkme+PtHknlIbDTinNRo0MUy
nHHHGgz6WBCJdE72yTpJ94mqvvMrPtBo7JOr9xcXRGjALjRwmQWpL1RwPX57ejMSGkBbS1IWtg4u
qR/u9drrpAbTxR9noovtfRO01qbQhjzKojFNbvcstJDixmSCoOs/jeb8XrSaYNsm0QKfx/9KYAeJ
M2duFrD4ADm9hY4Ev/esVg84jkuORV31n3h4k4V7fpiyGYuJJZh3NmE+yq/2rB4C1tVTlJxMNBz1
n+JHVXWfrkrq7GAo/lzSELxQvNfttFfXU0Cq/7QAnY3nMaPuW0bjdMpAcWbNvadrHrEYXOqe3epX
hZKYQHk6qPpPqe+UFSeVSvqrK7E6dqUSeUdylS09WMkC+tEqFsOYO+DEeSx5Wc3VzDr97leYgbuK
lelZ1tNMhuLnJfzca1ntr/D5/Nnh4PvizCn61WuaoLNLkgtOXexNT/S3LPWDRPaECz6baX2uNfiV
bBNWigfbve0eLOKRVIK9XgntR+Yq1SwZtCSDPcuCUjH7PfNjlrvYQftXEs1pfHhwcHx4IBAelAAP
FL6DEp5Wb/1y2MBnq8he1H79c7/Gvm+o32W4BbSS0Wc/vOPBHVuwMAXuLijKSWv5XaCoOoDkcJeh
dFbT7sMNov79PZ37CRgxhNW9F/+EcnB/oN+PYo7YoQhIMqnFNLyd1PbJ3/GHeqDVfPoBjWfLUkX+
lJc2XMpfLXUjyqaB7xAvC50UsjZSBPq/R0U8h+JtVfwPednRavY9khdWWYTDuEdUOkDyWy/zXyKY
XdFFCbL7hBxYXuoISg8lrcCknutpz8UszeJQU8NM6E2kMbUX5G8vXxKPBglTj/ZNvQxyvbSbX9EL
BmDgJXAbqmlbhmra9vOEabc2FkY90DZEaHcKEbqrRYDMqSJBr5Dgz78yyr8yyr8yyr8yyr8yyr8y
yv8vM8r92oyFLKYBJl0hxTmmmvEgAJtCa5TTVLVWw+40mkjP/MCtHdpNq7Vf85PPLrurHYqsAVK7
mKfc4cC23bOgEh8TP6/dn/YgG2q1WNNhbpv1PW/ALKvvdDzW6vcHjkM9u8WAd6awfPRDl98n5GpM
SmntejvxidVsNInAQKx2a9Aie3lhaVkEgHVfkKPLk24bk815BPz6jSYEQbj8wkLAXmvn13D7M0+w
xvOrqzEQxMW9L5PSRcRB458DfxrT2GcJaou6c5AwZge/JTysQxmV3loNq2G/8hzb63UHvYHXpO02
7XidqWNTe9ptNt1mr2t7rMl6fdYD9i6EdshTXb44cCB3n1Lntn5HA9+lKab6oIvbkN+Hr9RfBFu2
4dQPabwUnQGKgjANq/WqSacMFAoatvtdq2tbnt21nd6A2rTldgcDt08Bmtc2WT1ZuQUKar3qtnv9
Xhue6XanDqU91un3O3bbZv2OY7ccu8OgDTvUrjDELhyILqyw2a8GvU5vYPfbdrvbgeFFa2r1+rTV
A7X0WpbVAt7OYGBZU5NTwGeCg92wXvVbzSlo1Ha8QZd5YE9QMwrcbbeaNphP025ZDm0PHnGoR6lw
/7miWq9Yu9djjtdljm21Pddtt60Oo5ZLW3AxcHutqQfaYtRkBQnAXKHpvoJKOz1n2ncg5NFBvzPo
9nrT9qBLe/2+Ox3Ytud2HM9pmSzCaZrL03818Po2AHZ7HrSJ4w5op9tl7fa023LantWnvW6nR1m/
otzyZ30RFd3y1RZ9TGMW01uwbakXwGS9gmKs3elP+1PPZS3Wdj13Crp2up2B5/SmPY/Z3WnHqVhQ
EnL+hSn1dl71mtMO6w1aPdrs9nt9123ZFm1ZIC2b9rpup2sP+p7tuBUmUSA4tMFautMmiON4fadN
PWr1rNbAGVBrCg1jTdvNfqdluczqWrU/i8Gm6JulG9T8mkbcrxn+rIHGQjMYJccJ5vJvrk9G6P8+
hOghaeQjsQU9oYnXLKTTgAFniFng6lwWgS/B5+Bewr30pCDUTiG08cXyaHgOFSi/ykO2RDaYj0D1
l8thwCHVlH9xAA0dBr3w9Wj88frm4gRI92ya+CnKgEOOozD1zyGniEMavIOIrotYvaULaplC/suf
+g/fJl8phWAG0bFSv4zPmwo1BsdryjIWrrgUAezKFOLIpQur2xzsSg5VaRX3aHx0M34/fBo158GU
P1SRK6rRACJsaujPqA+Jy+jnURV+/ehi+PYIe5d22TEvu+Zlz7zsm5cD89JqVq6tyrWdX8Pf9rco
tBBRGodSi3GxzjzmaRolkPdAEjHPpg2ItAcF1wOdDzZIJgbvb3mWML1FdLLZJHajYzYKjKqc20Hn
YZdd/zy8O45pMj+TPU7pJlE1TSZU4psjPtCNiXZ938lSfhzAoOaCzmaG1Drd9HmPbHF878NQ0N1V
R0olOxQNEkEEEQAIlM3EtG3LK5hHyTLIFpfHByY/pYwzxtyKHgRphTd8M6dJSq44n+7Mlahat/CB
+IT/UEXuP/wvAEdvvg1usPAKbqSYvhu8d8Xo/gXpJkCP3XnmJ7vC/xswDXOm0gD98E6angS1kUQj
FgQVkQRpVUhlMd8nx1m8y6ZIoNLt2uLTsIL707Di9B71fmyIy5OdZQOCm9T4p+Fm4J/o65LNgZIA
hHtN3Znu1uV1JcRWRft5/BrbZVeyKXaTiah884Z5TcPzlC0M9JKi47cbrUbLxH9x8mlX2IEV4hbV
PrtVgEn98nh4epDjl8LdmpLdPu77TzfLvvRgwoHt195R3+XkX5zh7JIhtm3toM2muC60eZOxFFLZ
Dzz1Qz2sGmSz8WBE9x2iam3oz2bL4yxJ+eI0dOY0TJPaE6F2KoDdCWDQzibM9dIGkI0cgxPQJM1J
j7pYHeqipqi3LFzO4Ln46WR2i5Tzma2cowXRS9ybiT0K/YjFVckVtTpYrPRPUfQtj/0vHAaf+7UR
DDBZnN6RvVf5T5zeO57HflIfxv6CwR38myUXH16YNr61ZahRY0UJORqlCSnHZCJnUzdSCk+SozDk
WeioVdtSM9Vb1R7QNtXziYU+DU6oOZS2Ws9t5QfBz8XFsSqUbSUcqvVnQzZFrDR6xXm9XSzg//DP
FGqdi6qNAhpJk8KVpVMYu6Q+S4R//5q888VijjVB9wZ0UuhneO0c8YEmI6ohBj4O+F/T+jWq2fUr
Y6XTOx6MAPiuApRWMUhqoFgxEs/Fvb+/bzBAhNwb6a2QD+eHWYwjxEQXUCdXx4PSuVXM+PgLc+bD
yxN2hw988B/827dmvmR1ny+3g9yjhQvcoZ0luBTBgRZMqNu2u4b7wGAllBPjKBryy49UINL0Y96p
+v9qd2B+wsKpeKi73VyMPk5eoSCzBtSKAXCLmJ4t37GlIaogrE4id2Xeoq7NwR4v3BGMZMzQpBHX
ZL5veZrMeVq1U2i955rpwk1k1ZOJAWO9JDAEwybWxFCUavioTMXykE3hP/I/5NT1U/J6SUYshCyR
XHue70Ak2JXrURVNJg4AA4YgYYFwvXgxTdmHt7p4ilIZd5nCDc/f7Ar+iGfBRzFS/CULPDpf+Ge/
xVtYWgxhYcrvDQkUacWAdwRJBv15XBGi83whBDtQvap7CwFEdnwUgN/UHZlBNk3N+r6hTK8ZBDJx
PC+YSSYfzdGIRlwZqn8enyYQBXYr3kcx0ti0jU5OP/ixgFegL0jVINwz0Ud8hmvIkF1fn7FdySCZ
TiZ3AsJkAuFX/dJgrVkBOLlgdyx4tNZkkNe46atZtpxkFnM6ITmeZM2m1w5nBDLmOdm7Oj558ex4
ul/D7UprIuuVWFI/5uEMawTRTeTrG5WGDljBGY31uQ2dusJ/3PgOjV1+6Qc8afUx5TrhYTrmmTO/
ZJ8qcav3/JY2uIKMJTrjYiN52V01myxIFWffrs4GlDsryJjRyuCh9Q3iKQC4T+Wukimu8jFanlhC
Oyh4gLSnNFke88UCjAGn4TzfmBN96m7V2Cvx/Dea8PB+GYZWc3fzvQXLyeQJSJs7KK3vaELqHaqU
rdPoVWcCVAqx84yESQQiKTHQrBdIzha9N+QpaOYMXdcU5r3cbXId70yekiOIkYPYonHkIx/86Clx
JHlDiTyg8Cx22P/cvI4WiwhfxePu7uW0CkEFvC1kxSV0P9XHKQVphTvF/RMgCyNg/SSZ+6FltdqG
WIPni5Uzn0wW3haSPKTAibliIkp3mpUbpttoPV6fuPNZTC4YDweDbtf0nO1vWalAvjlbaC4D1eZi
nvmobj0vyymmSVZmFaZQGR107P7OnKGqdjIp61+TwZgrjtXVxhUz98bMpb2D2fmtFh3z1EaDrihr
TOk3/htnPfz3bXOvWgAqOIIMEkTxY1NRzhd0xpJKWxj01a1SmYdsP7uXZ78nmBOjS/RF3d42rZK/
yVMKUb7bYyT4Zpuc5y8/jOmjjvCNG1BWvlexyYQa5EnwWMQad2LG9A1bGPFHXq9wyh8hlzqGGBCy
oGUPOrvq6G82XcIToDOWJOM5u8oWU2MyqXJjzR6REQ0WPDw53dmkheI3mZg4NhdM31hTSqVTt+g2
3xBH8m7jh3cO1iw6zearEQB4xJgpARLWjBzNpaddTVKaK0gSyTbCvGMsgqdYmPJYz2BM+sqNce/m
nL6hkHHMhrtbuTeYTiYGnM0tDh/7GZLHT1FFNEWsbrSoblgE66C39Hxney0KhlIiiWILcUAd3BNt
rsujUVe4th1vrXh3/Xpz4GiPH3kcGOsWGnHlxCumRjvbVFHUufmWChx7O9Fd2Eh5JIWB0bdb2R+i
EU2//CgjW6bT33bYDood9vkcgf57k9a5HEX0PtSbJqeYk7D2952EVZVCwxS1P2/q9ZI+FDsvNJk0
anUC03q0DM6juR/4znJXwmks0fIKKMbFRo3FwgwnS3TJctKaCITdX/rUR6sAz280VffmvuDSD81p
ZUWogq+MvqJ5xsMZ/bKzOfGLoxOxgiur3wJ/Rofcr8zTaMTqGlm1Ed4NP1yRvX9BGFjKpf0PVy92
tpcPmYMoGd1KnnF2BfZXFaigrggqZ1kcL0EWH19k3NmwWGcqpMmhbCNVkPry3TJ869aQzLxTzTkr
Xi5/kfcrG6X0vff4t/utQ6DKi8MbyyqiWlVMSTR7Vlftmeis3TNx/Is4UGqZpUl268PvWxr4/q2Z
vNrNHe2kWCDgewSMTa6B/5ZdFBojVNSyErUVYfVbK+Eck1FKd+Yyl5tv6UTUV28+jD4DBH3IUdI2
WK9i4Qm4zv/OdhbM3m3REa8+jEb6Fmd5bWrc3mTWyuo8f6LkKGAPr2N/Cy+Ph2FAGuKwG7bgd8Yw
/NGtdWH3u2zXrqLYRrQonRvGJAlrZhLn1JnfQu6Qcvxl7eeO6m5nyXmlBpQRgeV/N5KNQcFYXJfi
FbQ1ad9HFqdfMt+yW7uSqOQIQuQwnr2Zu+R2UMqEQvMjFwRL/QSUp6e8lRvVBm79Z/bemyi2sFN+
RoPghC6o8R6BQV45MXGCi+O46emKTa2mtSvBKmxRwBLRNuKNDb+Il1VPUtlYQe+/0PtdiSGYTSYh
T6NnW6QEBMJce95bc1NFTqns46mmVzS488Nmy9rZS6EFQ3HKy1yc/aB+bNIq1yEeDDO+1pumpK3b
WnkJ/3a3ohyIUyc2tafrmB3zWO8pOaWC2voeuyVVXdtMPQ6PT19zfjuac312TqdW1V1xWEfgAR2f
V7d126v33Hzl/Yyvpg6ykslEA2ZcPKPbKJ4HGpcDoZG3w3rlTbaCtGbP1aWY0356kPL894mfu1QA
gN+Knrep8Q4v668ZxbNldNlLYnVQbf1nN6pMBQx8TSeHs16iJ8xME+2Ju6aM7aq1n1B46E0libe+
YY9AzhCs+TGaJ4nPMPW8koMn2EmbF2dwfaAwUDMUpJPNGdVW47t4sHxVSB4fdydqxtOiDBzrm10d
QqaLkpPMLtyWZ9loLSyPNNtuByEyH7J48YQPq51R8Wp6MhRv7n1idz7PkuFpPadrbyKtOE7tGY0u
QFXOtMuVU75HY2qopJtpaq+a1S384LbZttD/3YBIdzQYXl4Od9YrYskTdxqBLQAwpoBJjeQwt96z
p2E9MOVVipGtaCpF0qp203rKbMg/CLQznrx1Hnq+2Hy0o45h2IZApP3cgXVIPqCFGxqKWDhaJuY0
TeXGmvH2l1+GN9dvji5Pb3750rZbZE+8jXBIhnMezt7EbLHthKveg8udIroKSmr+HsIKfZrSbB4j
b9jUj9O5MU1b0qqrTk+/WE3+Ld7MmC7J1fHJPhFv84qX4IMAbDE9iekt63Z/3ZXp3DA/dGgc0nSb
oxVuWMTj1JBSECp7hSq7UhZXPMUF1eq++d4z3uB9YAG+HZuM+YmfODx2NVepVzSZSGj5302kG52O
P5zrwwtFqLxZXknvjoenH67I+PRoZ+MLyRKP9sMNjxshxxPU3mb6KK8g6ejb/6k5sLz2zU1rxDCt
G9JE97Qacc3iTX4G54edzXmVHLElchz6743EmvvMmP1XhLUHSegbKrfqNcX4fov9mhJU/nczuXgk
1tUM0XLaqned7PH9O7azVirq3MLS4BHDVSvCmuA1okG6FA4I3MvOFjvfn8th6+bgs+CWxeZJWRqx
aleVSZ33QRrTM3x9emdJiMYSDUggec232Ow48r+o8351kUri6rmGXdkR1neB9YEQxe+N4KuX0TXs
xevp5uqevdEO2h1s1kwkgGdPHpbIDnJZSkFveEpTc59A9c6jV8E3FPzZb9RWAGxheyn1vMvMWJUo
af/ZI3Gwyi2Rj7GWKnRJXLlh/o0/g2H+BRPvbO8IfoJ1b45foBxF3DAkjbhG98eQ07GH4akYPpd7
gvZrb5dgCOCOYnZ5/F22CJUY9d/rXxAY+wumXqkyvIVJX7mv6xdG+U4PMTLq/vajjExRUGZ+y8dz
P07S19SQ2aCv3GN4o1KZXfrHWMyAIoiNLJVHH7h5skdBqh5q8112eqsXHrHG2lO7vnM05a+NxIqp
y66Gx7pYOWlN5ytWcsg//kHOsvCW7vCV6BzEFq4k9l3zdJ2cskaOacxvfbaobmZ4NnTFD9pB1j+Z
DC9LKGvlkLmgJoYimEbWqTrzb0hMNzw2ZNsk9QMN/SCgj15WM+lrllQfRlnE4i3FMd+GW3X+keA+
mRiQKpdbiCrmDJdH54+FLe48PvyLBtG8utlrZ+slj49Gemr5pAISX7Qs4K6JZ2Lv1jAGd+PoXc8g
V8/k61f9iJ8Fy92tLyO3yUTsVIskgk1OIH4iol1mfuzhUFg/Hzz/3EgaMzy9HA9UOjCkxe9KJQnO
StMgMbYQGORqdmx/j/GMXuNkUql/rVX7SiSuBz2NWH3Byfq+Zy2WNX97jqJJAYLGbLnkM/oxjee+
bsUmvTqorrwRrQpfhizIHnaeq0jmAMPa1AHjIe40BkHAQisHJuTfsBCuUey0bUBPiXAPEH6OofbD
sLgixzz0/BnBb0FN4kn4w0fmkit+R6wmaQ4Obeuw0yL/1ewRu2lbWEDyq+Ns60trYLXaGtGPXuK+
JvgfEhc8dV8aoNTHJvDmPYjK6oGfABe8pupourr6kBd15j6TX0FLXkISjpXgWwl11eWhmV5aXVEN
fVAPJS9tUTFOHS+4y16KK4/HwLagcRi+ABW04+LsZX4d3UWqGtfHw5IyiLYvbcFNfPMDLKmesBTP
h0xeIjnAXUh1NKSXF3w6XdatTklOGHO1Uvj5uZcnp2dH7y/GSJUWUv89Y/FS1apIMUTqHBL+bkQ0
ScDVuS//j/gHispSXsfvsKkH73x2X3d9+W20l30kPUz5Qx0tVxUJaDjL6Iy9ZOGsVCTEhAW4irw2
SVzwaUExvjTQWC7wSwM/EDRO4gijyWIxDhe2Q0DNxGhssCUynrOEkVxvBIZrJJ0zwkMwvHROU+Jg
u6dkyogfOkEGQR1+kEc2i7xGfAFPesigyjOhHtsnHLfkJciSTGNGb8mSZ7HihV+Sg+b3wd1jDdDy
+Fk9iCPA+IrdF+wOXOaJtWZyz8MfU4ITDjQmqPQFCItf/VgiQvzimpT7fs5CkkUzyGeBQWMSYm+Q
zA4nISE/fJyLvYL4lUFwzy7BLw7K79SADmCMkgS4OiNvC6iQlVBgDPoMWCr0hWftOIzMxXegkLJA
ztKw88Y9lN+gwxvJPEtdjq0pv3N4SCY19ZkXgfqBxKz+GwcxQn7/t7/9bVITQI+CgN8T7JKALf/s
FrnzKflvNFQsIyw2D5GHBB2cePRUWK96RhyogH2LyG/MIbfpkijNYnll7MVtDfsPHyFTAQMBNVPX
BaCJbA3UMn6RiSwYTSDnQceA0kwZggZdsd8zKj7lOPPvoOwdDTJG9lSl4L1eIPf8o3exWC2qQyvg
x5AO4baoW75Qi0Z2lCxDB7+JBXYQ34JZNUSB9wm0FFp6LikWm8eQXWfQmFA82SciMSHKa0D32Cf4
SRwQBEOL0A14caQtshAMCotI5iPR2iATGF3MH6B3pgzUACIJQw4LcKhbBejcQ9PFMmii+8RPf8QP
WsbiMZehpxQWVHmY7IEMGXQjW6hFiFFXkh4KVlXTpcI44iwMsTlduQVTNII4gTFpEBiWqN9k4c/m
0Lfx3d59vS8qw0GNxHEWpZIqFYaKWQA2JZdoXOij4ktBruwf9I77LsB+GgHaCNocB0WDdTU0Q4PC
dVmosDSIGxAP4qXso28CPgXrwehMJB36wcJPsasv2IxOlylonIykqptCuX6CvMXjY2y1e19oXlgU
9OH7umSUG1kiJPR8ceAIYfgqLbLxIM3Mq5RGDq2VYa8lMw4NhVvLhVVgRTMBsy6gHZImSgG1C48s
v9bz/7wEmO6swo9h+dvwJymPBATlTQtIil1CwH1gVGVuAQhrraISHuCj6BIKXPLjDuCJTiHwoLsg
TgaBCA9cIOyBOZnwvFzild0RA1dRmj04kFgkpTjSa12PTw/J+O35iFycX56PydFweHF+OiLD0xsC
meO705t9AoXI+BpKnZKPb68vTsnw5vr4dDRqVPv/k8oYstjnIjSjD05QPGfOhDcWuij8rAVqh+TA
FW5FFKnj2Y7SwwpWkG+ClOCbwZBQ2q/ZmbQvSBMxFIZYTFUmOEsm4HVLHy6DkajjGsMHRnzxQONx
aTQDlaZDo0XMwcRA6hXhylaVzxYygGWxKClFbTWVrMmLpyEpyVtK8hmNp9Ap6g4PApnACt/ztHZF
L0M46imingK3vaBhJtIQHQmkaBlY4Iv9PBxUTTA3QhlZPQ94SXkXZe9rkGvp7qW5Qx7Bs8AtsPgQ
P+5DUuJPJONIwAdBu82mkhVqOxN+4lF8FKYjORSyeTFf5HFWPq1K1HXD1FsYpVEt+cg2yBMmZVjH
KE8dscliqAnNUBmymy0imWfJZI6oG3W8kbfXCRZSDwjsAmYuAVxBhIeuTp9QMMRriHniS8hgg0nG
0C2kc2i1WZ53or/C2kpU+3lDyvRApZcNiQaLflVPODZy5ll4m+TYj2mEVH+RLSC84gw+yQcP2JBE
fVFZoCj1iv1FqVL0mMc2Bml3pBCJCuuYD2cQb9tFi51weatq05gWoc+T/GXhvAtJXqqgLplIGuoO
DBNZIdsJQBFpCmSOqD1AJ3MLySWiODoh8hkpYSkdPKb0KeXJa8bCZaKLCsTv5+R8V7NaZYeTMGQp
NtihChCQlc15ILPLKU2duUjCBWRImMCEVIgRvk2OgdRdGVimrMgzZWT7QW+l/Ba61XiZIvN9Ure0
BhSNJyqupzkYcNudrvLaZQorxrSYPbpSchzViBwfHwaigtUgbyENFF/nxryOHA/f78OzgGEK/eve
d8HsRZogvWfBvy74H5JunnGXyXgitKOVbZAjFxzVnAbeAR58LEYILgMbVlVBpQTnUdDAtI5YBj2N
mT4KOX1Ar4bZJQ0aBEG8H4bDPM8uh4I4jEBQ9xA08cEsCqO6uq4MbC5Vr0v8L6xoT8zI82bEybs8
W4KMXZqHFlrbA1s+9KJBhuqZgOLR3jiWVmNSZQuiRi+mMxQB2gTUlkSByFdwoAkD/wA7O42xnY4D
H6dZxMgZv6TKkpRcjt8LpAmIhGJPs5TgSF00ZVmdHFc0cl+zSLM6PnUo0KKVu2yazQ7zscpPxMIx
isrU5tBVxX2iBqqJHFqjJYcJl4FLWYOFzKRzktyO55wnYvidD1FYPggVHsylKSUJvcs9JU6Z5JNL
eE8bvQIwMVUnExY1M4HjYzkOFlNLP5JPU/6AVh+T8xOy9+n9+ckLkBlMHjBA+Xtw91Es93iDYeDQ
JYZxS6PM/8ASuCgilB2CpX96fZHzV8MajfKjqAwnmETQhOwDx7ciDAvZeD5PokKINuvjeaJauOd7
y/pD5ruaIVLIU8C7MZrmfhPkl1+izUcAYvSokILdQM4pUrKQO4EfEfEsmM0lXYLJ4CgSX4BVA3IM
aSoOCF9cz+/JKpPSA+YzZfpcyVhMdkh798TXw2VjiLLKuLNETbo40JNT6evUM3X5zCGJIEm68wOs
Rvpx5aNULRiIaDgrxgghPhZU4+F+XsqYYntyfkq28tGCZ9iFPRlwVI9GVao2xgCLLkpMRYAd4m8R
IeHhGxEvtYeF4CGTQ98pk8ym8shKMVknQtw8N3hh42IOz4i8UnysqBAfHBGhVaiR/NI11MYgqD2F
svk0TBoDJ7CPvN8B2Pxh/FugaYnOjBMD9SwCA2aJZpPim3eiIjElrPfNE1HZVCzVCQ+E+mQxtjSR
HwImSjqiJlLyCC6eMUQHfnVikx/ILMZNnoV6ysmaQkONxypSvume+mKYBn4SRjGybSIeZUFujOoC
Q5koozxiS/hDkeHXI+XFMJigY4Jop3JnMb0rp6cOVRTH2TQxapRkGQRVe+HplcU8h1vqDe0dYpvL
KqSiu5nkaA7ppse1FoFeVpcLLEXJOceWEVAa+HpGw+cCMXiy5QLHPQnuy0pAwqSEjoM5dZ+U94UI
wovR2SyG8bOcKFOzanLyII2paDlDPoEPevD1yTV+9buufL4MfegU7plMril0nXtRYyKAlwIIWkOb
2YZIW2hemqZsnEdKhQaV95UxQZDHb1mLUKXniILOddVB2h2inWizVvtELAzvEzwLRMTntEjDwPV6
LIZUu+7IsxAP1d08XMlgQY1ZMLV4pcXXDFJOCOXCi+XOQjEULS/v53U8amkpq97Uqb8ofbUKwMgU
y2NPQNeMLYsOEysU03vqoXwqt1FWoO7oNeTaXB3ilduWrSt7hTZxongA+1TpM58imSui8Bg4ylGJ
s/IYON0MYxNXZI6+VzCC4QcIIpca0APlMwfSxwE/5SLzyEYDnyZqWAKZJF1EQX6FOQ9gVG11mDea
vAd2i7NXh+TfIlmB+LkvprN+RaZixFGGSX0JRIiBiSNuQpGzBvmalZgOeCpiiYAuInQiEmQx2sTD
WgCrCrc6fFmvwCB/Elziwqggo1dZ4yE5uzgaH9r/7O13Bg/WfuuhtW//0/qniwmR6Od7uLTuoHN9
2W9KVyyv2p0XMsuTywv6YF32cIwtoGM1kyZSDzEVBq3mLHFRJXPSLM6dcj5CiYuFCeFxgA+EKkes
AyW5wur5ogbYgkxnfzgTrkZUJcobTDKRKUjKZ41SF7mllvTxSIxv2QM4vkQN7pxbHB4kYiADGpn6
kJgvZRInyqG84iTWQIYR2WeklII/JCNx4atr+zWGG2ISX729K99Cr/Vxqy0u2U8d9RH2goLrS6GL
e/U0Gl98dnkKztCg4tKlQcjiQL9GF6Ffe34gNtGVlJn44npxOYfwoV/70MvudMJviViBL64XU7la
ptMwFQP8rk6LHFPsG+ap2QXjSeH3E5MEGcpCp4yGFwaCZfJ7gIcr5L9IcSvltyyE8G5IvKRirdRW
J5x88SO5o2Ag9nR9kR+PL0rD5cPC1ClHNHaz2bIsG18eH55cG5K6/LNAUiUCyTebA7p7mCRGwZGP
HfrTpSFiBQFc4jDZFAuI93jkiUGM1GSh2hlpQURCwHPTuMpo+1kkU1nq40ch8LAnsXfCn039kOIB
qIILqkn4IHcqCsljqZ14GeG5e4JgS1tjmLYY1uY+ajnfaGyhopah7kQ7+xrGbZlwybNM2lcO8RfM
w66HYsqnfPrPP/8vUT49pQ==
===END CRASH DUMP===
