PocketMine-MP Crash Dump Wed Jul 28 14:34:56 +07 2021

Error: Argument 2 passed to pocketmine\entity\Entity::createEntity() must be an instance of pocketmine\level\Level, null given, called in C:\Users\Administrator\Desktop\VOL1\plugins\Pets\src\BlockHorizons\BlockPets\Loader.php on line 429
File: pmsrc/src/pocketmine/entity/Entity
Line: 377
Type: TypeError

A PLUGIN WAS INVOLVED IN THIS CRASH
BAD PLUGIN: BlockPets v1.1.3

Code:
[368] 	}
[369] 
[370] 	/**
[371] 	 * Creates an entity with the specified type, level and NBT, with optional additional arguments to pass to the
[372] 	 * entity's constructor
[373] 	 *
[374] 	 * @param int|string  $type
[375] 	 * @param mixed       ...$args
[376] 	 */
[377] 	public static function createEntity($type, Level $level, CompoundTag $nbt, ...$args) : ?Entity{
[378] 		if(isset(self::$knownEntities[$type])){
[379] 			$class = self::$knownEntities[$type];
[380] 			/** @see Entity::__construct() */
[381] 			return new $class($level, $nbt, ...$args);
[382] 		}
[383] 
[384] 		return null;
[385] 	}
[386] 
[387] 	/**

Backtrace:
#0 plugins/Pets/src/BlockHorizons/BlockPets/Loader(429): pocketmine\entity\Entity::createEntity(string[7] WolfPet, NULL , object pocketmine\nbt\tag\CompoundTag)
#1 plugins/Pets/src/BlockHorizons/BlockPets/listeners/EventListener(98): BlockHorizons\BlockPets\Loader->createPet(string[4] Wolf, object pocketmine\Player, string[4] Ch.., double 0.5, boolean 1, integer 1, integer 0, boolean 1, boolean 1, string[37] ...........b`.d...+K.+./.d.....:.....)
#2 plugins/Pets/src/BlockHorizons/BlockPets/pets/datastorage/SQLiteDataStorer(22): BlockHorizons\BlockPets\listeners\EventListener->BlockHorizons\BlockPets\listeners\{closure}(array[1])
#3 C:/Users/Administrator/Desktop/VOL1/virions/libasynql/src/poggit/libasynql/base/DataConnectorImpl(159): BlockHorizons\BlockPets\pets\datastorage\SQLiteDataStorer->BlockHorizons\BlockPets\pets\datastorage\{closure}(array[1], array[9])
#4 C:/Users/Administrator/Desktop/VOL1/virions/libasynql/src/poggit/libasynql/base/DataConnectorImpl(189): poggit\libasynql\base\DataConnectorImpl->poggit\libasynql\base\{closure}(object poggit\libasynql\result\SqlSelectResult)
#5 C:/Users/Administrator/Desktop/VOL1/virions/libasynql/src/poggit/libasynql/base/SqlThreadPool(112): poggit\libasynql\base\DataConnectorImpl->poggit\libasynql\base\{closure}(object poggit\libasynql\result\SqlSelectResult)
#6 C:/Users/Administrator/Desktop/VOL1/virions/libasynql/src/poggit/libasynql/base/DataConnectorImpl(268): poggit\libasynql\base\SqlThreadPool->readResults(array[1])
#7 C:/Users/Administrator/Desktop/VOL1/virions/libasynql/src/poggit/libasynql/base/SqlThreadPool(65): poggit\libasynql\base\DataConnectorImpl->checkResults()
#8 pmsrc/vendor/pocketmine/snooze/src/SleeperHandler(113): poggit\libasynql\base\SqlThreadPool->poggit\libasynql\base\{closure}()
#9 (): --- below is the original stack trace ---()
#10 C:/Users/Administrator/Desktop/VOL1/virions/libasynql/src/poggit/libasynql/base/DataConnectorImpl(178): poggit\libasynql\base\DataConnectorImpl->executeImplRaw(string[133] SELECT.PetName,.EntityName,.PetSize,.IsBaby,.Chested,.PetLevel,.LevelPoints,.Vis, array[1], integer 3, object Closure, NULL )
#11 C:/Users/Administrator/Desktop/VOL1/virions/libasynql/src/poggit/libasynql/base/DataConnectorImpl(157): poggit\libasynql\base\DataConnectorImpl->executeImpl(string[20] blockpets.loadplayer, array[1], integer 3, object Closure, NULL )
#12 plugins/Pets/src/BlockHorizons/BlockPets/pets/datastorage/SQLiteDataStorer(23): poggit\libasynql\base\DataConnectorImpl->executeSelect(string[20] blockpets.loadplayer, array[1], object Closure)
#13 plugins/Pets/src/BlockHorizons/BlockPets/listeners/EventListener(106): BlockHorizons\BlockPets\pets\datastorage\SQLiteDataStorer->load(string[11] Khanh392007, object Closure)
#14 pmsrc/src/pocketmine/plugin/MethodEventExecutor(42): BlockHorizons\BlockPets\listeners\EventListener->onPlayerJoin(object pocketmine\event\player\PlayerJoinEvent)
#15 pmsrc/src/pocketmine/plugin/RegisteredListener(80): pocketmine\plugin\MethodEventExecutor->execute(object BlockHorizons\BlockPets\listeners\EventListener, object pocketmine\event\player\PlayerJoinEvent)
#16 pmsrc/src/pocketmine/event/Event(88): pocketmine\plugin\RegisteredListener->callEvent(object pocketmine\event\player\PlayerJoinEvent)
#17 pmsrc/src/pocketmine/Player(1094): pocketmine\event\Event->call()
#18 pmsrc/src/pocketmine/network/mcpe/PlayerNetworkSessionAdapter(310): pocketmine\Player->doFirstSpawn()
#19 pmsrc/src/pocketmine/network/mcpe/protocol/SetLocalPlayerAsInitializedPacket(45): pocketmine\network\mcpe\PlayerNetworkSessionAdapter->handleSetLocalPlayerAsInitialized(object pocketmine\network\mcpe\protocol\SetLocalPlayerAsInitializedPacket)
#20 pmsrc/src/pocketmine/network/mcpe/PlayerNetworkSessionAdapter(109): pocketmine\network\mcpe\protocol\SetLocalPlayerAsInitializedPacket->handle(object pocketmine\network\mcpe\PlayerNetworkSessionAdapter)
#21 pmsrc/src/pocketmine/network/mcpe/protocol/BatchPacket(130): pocketmine\network\mcpe\PlayerNetworkSessionAdapter->handleDataPacket(object pocketmine\network\mcpe\protocol\SetLocalPlayerAsInitializedPacket)
#22 pmsrc/src/pocketmine/network/mcpe/PlayerNetworkSessionAdapter(109): pocketmine\network\mcpe\protocol\BatchPacket->handle(object pocketmine\network\mcpe\PlayerNetworkSessionAdapter)
#23 pmsrc/src/pocketmine/Player(3321): pocketmine\network\mcpe\PlayerNetworkSessionAdapter->handleDataPacket(object pocketmine\network\mcpe\protocol\BatchPacket)
#24 pmsrc/src/pocketmine/network/mcpe/RakLibInterface(169): pocketmine\Player->handleDataPacket(object pocketmine\network\mcpe\protocol\BatchPacket)
#25 pmsrc/vendor/pocketmine/raklib/src/server/ServerHandler(95): pocketmine\network\mcpe\RakLibInterface->handleEncapsulated(string[21] 103.167.196.218 61926, object raklib\protocol\EncapsulatedPacket, integer 0)
#26 pmsrc/src/pocketmine/network/mcpe/RakLibInterface(109): raklib\server\ServerHandler->handlePacket()
#27 pmsrc/src/pocketmine/network/mcpe/RakLibInterface(99): pocketmine\network\mcpe\RakLibInterface->process()
#28 pmsrc/vendor/pocketmine/snooze/src/SleeperHandler(113): pocketmine\network\mcpe\RakLibInterface->pocketmine\network\mcpe\{closure}()
#29 pmsrc/vendor/pocketmine/snooze/src/SleeperHandler(75): pocketmine\snooze\SleeperHandler->processNotifications()
#30 pmsrc/src/pocketmine/Server(2155): pocketmine\snooze\SleeperHandler->sleepUntil(double 1627457696.3312)
#31 pmsrc/src/pocketmine/Server(1992): pocketmine\Server->tickProcessor()
#32 pmsrc/src/pocketmine/Server(1586): pocketmine\Server->start()
#33 pmsrc/src/pocketmine/PocketMine(311): pocketmine\Server->__construct(object BaseClassLoader, object pocketmine\utils\MainLogger, string[36] C:\Users\Administrator\Desktop\VOL1\, string[44] C:\Users\Administrator\Desktop\VOL1\plugins\)
#34 pmsrc/src/pocketmine/PocketMine(341): pocketmine\server()
#35 pmsrc(11): require(string[91] phar://C:/Users/Administrator/Desktop/VOL1/PocketMine-MP.phar/src/pocketmine/Poc)

PocketMine-MP version: 3.22.1 [Protocol 448]
Git commit: 9477034a4ae58cc5c12b8278c14a8e46a43992b2
uname -a: Windows NT HQDATA-788 6.3 build 9600 (Windows Server 2012 R2 Standard Edition) AMD64
PHP Version: 7.4.18
Zend version: 3.4.0
OS : WINNT, win
Composer libraries: 
- adhocore/json-comment 1.1.2@fc2f76979f0a44a5f5bc2a2b600d0762fe0e78e7
- daverandom/callback-validator unknown@unknown
- pocketmine/binaryutils 0.1.13@0abee38d4e2861621f262c79a2a3d699d8a697f4
- pocketmine/callback-validator 1.0.3@64787469766bcaa7e5885242e85c23c25e8c55a2
- pocketmine/classloader 0.1.2@9757928424652393b178a3760073113aa7c9911b
- pocketmine/log 0.2.1@830b44a2cf96ef703c550abe64302f230231ca49
- pocketmine/log-pthreads 0.1.3@e477ecf6ec214fdd4415ea1da3fdd9d73bf699ea
- pocketmine/math 0.2.6@43057cb8c179a9859677b496a788db922fd5cfc3
- pocketmine/nbt 0.2.18@9f82ca4d7f97fcd9a566e44b63c4f18a7657ae82
- pocketmine/pocketmine-mp 3.22.1@9477034a4ae58cc5c12b8278c14a8e46a43992b2
- pocketmine/raklib 0.12.11@9cce458b8bfde3e4dfdbf70c659fc7b7fe26b5c4
- pocketmine/snooze 0.1.5@70b5e7937a06878dd321a3182ceb76d56298f2cd
- pocketmine/spl 0.4.2@6b08b7cf8c4afa17139c9a1b3bf1b408531de161

Loaded plugins:
AntiTNT 0.1 by Adam1609 for API(s) 3.0.0
AntiToolBox 0.1 by NgLamVN for API(s) 3.19.0
AntiVoid 1.1.0 by FiberglassCivic for API(s) 3.0.0
AuctionHouse 1.2.5 by Shock95x for API(s) 3.0.0
AutoClearLagg 3.1.0 by Twisted for API(s) 3.0.0
AutoFeed 1 by Ghast Noob for API(s) 3.0.0
AutoFix 1 by Ghast Noob for API(s) 3.0.0
AutoInv 0.0.10 by JackNoordhuis for API(s) 3.0.0
AutoSell 1 by Jero, Cur for API(s) 3.0.0
AutoXP 1.1.0 by JackMD for API(s) 3.0.0
AxELevel 1.0.0 by YTBJero for API(s) 3.0.0
BLOCKBREAK 1 by YTBJero for API(s) 3.0.0
Banking_vonfram 1 by Noob for API(s) 3.0.0
BetterVoting 2.0.2 by Twisted for API(s) 3.0.0
BlockCMD 1.0.0-beta by kenygamer for API(s) 3.0.0-ALPHA10, 3.0.0-ALPHA11, 3.0.0-ALPHA12, 3.0.0
BlockPets 1.1.3 by itzmade for API(s) 3.19.0
BlockSniper 3.2.3 by BlockHorizons, Sandertv (@Sandertv), Chris-Prime (@PrimusLV) for API(s) 3.2.0
BossAnnouncement 2.0.4 by XenialDan for API(s) 3.13
Boss_Quai 2.1 by phuongaz for API(s) 3.0.0
BuilderTools 1.2.0-beta4 by CzechPMDevs, VixikHD for API(s) 3.16.0
BuonLau 3.0.0 by AmGM for API(s) 3.1.2
BurgerSellWands 1.0.1 by Heisenburger69 for API(s) 3.0.0
BuyCMD 1.0.0 by zZPROGAMERZz423 for API(s) 3.0.0, 3.1.0, 4.0.0
BuyFix 1 by phuongaz for API(s) 3.0.0
CachMuaLand 1.2 by Noob for API(s) 3.1.1
ChoCanh 1 by YTBJero for API(s) 3.0.0
Class 1 by YTBJero for API(s) 3.0.0
CmdSnooper 1.0.0 by HotshotHD for API(s) 3.1.1
CustomAlerts 2.1 by EvolSoft for API(s) 3.0.0
CustomCraft 1.0.0 by TeamBixby, alvin0319 for API(s) 3.0.0
CustomItem 1.0.0 by Phuongaz for API(s) 3.0.0
DEVirion 1.2.7 by poggit, SOFe for API(s) 3.0.0
DLevelIsland 1.0.0 by Nguyễn Công Danh (NCD) for API(s) 3.0.0
DancingFarm 1 by RicardoMilos384, DontTouchMeXD for API(s) 3.17.0
DanhHieu 1.0.0 by JeroGamingYT for API(s) 3.0.0
DevTools 1.14.2 by PocketMine Team for API(s) 3.13.0
DragonChestplate 1 by YTBJero for API(s) 3.0.0
EatFoodHealth 1.0.0 by YTBJero for API(s) 3.0.0
EconomyAPI 5.7.2 by onebone for API(s) 3.0.0
EconomyLand 2.1.2 by onebone for API(s) 3.0.0
Eff 2 by AmGM for API(s) 2.0.0, 3.0.0
EnchantUI 0.6 by UnknownOre for API(s) 3.0.0
EnchantVipUI 0.6 by UnknownOreforsource|RBpmmpformod for API(s) 3.0.0
Eternity 1 by minefore and shin1134 for API(s) 3.9.0
Fly 1 by Ghast Noob for API(s) 3.0.0
FormAPI 1.3.0 by jojoe77777 for API(s) 3.0.0
FormImagesFix 0.0.1 by  for API(s) 3.11.4
GemUI 1 by WoolChannel3295 for API(s) 3.0.0
HeartWings 1.3 by Edit Nờ Cờ Dờ (NCD) for API(s) 3.0.0
HuongDan 1.0.0 by YTBJero for API(s) 3.0.0
InvCrashFix 0.0.1 by  for API(s) 3.14.0
InvSee 1.0.0 by BlockHorizons for API(s) 3.0.0
KeepInventory 1.0 by KhoaGamingPro for API(s) 3.0.0
Kickk 1.1 by MCPEVN-TEAM for API(s) 3.0.0
KingofBlock 1 by YTBJero for API(s) 3.0.0
LoadAllWorlds 1.1.2 by  for API(s) 3.12.0
LoadWorlds 1.1 by shin for API(s) 3.0.0
LpkCuaHangUI 1.0.0 by phuongaz | Moded by LamPocketVN for API(s) 3.0.0
MS_GiftCode 1 by YTBJero for API(s) 3.0.0
MS_NV 1 by YTBJero for API(s) 3.0.0
MSpawns 2.2 by EvolSoft for API(s) 3.0.0
MaxEnchants 1.2.1 by Xenophilicy for API(s) 3.0.0
MenuAuto 1.0.0 by JeroGamingYT for API(s) 3.0.0
MenuPet 1.0.0 by YTBJero for API(s) 3.0.0
MineLevel 1.0.0 by TungstenVn for API(s) 3.0.0
Minerloot 1.0.0 by Distoxicqted for API(s) 3.1.4
Minion 1.0.4 by phuongaz for API(s) 3.0.0
MuaCoinUI 3.5 by BlackPMFury for API(s) 3.0.0, 3.2.0
MuaFLY 1.2 by SableIamNoob for API(s) 3.1.1
MuaKeyUI 1.0VH - RBplugin by Ibenrm01 for API(s) 3.0.0
MuaKitUI 1.3.6 by Infernus101 for API(s) 3.0.0
MuaPointUI 2.0.0 by JKPVN (JakayPluginVN) for API(s) 3.0.0
MuaTuNhanUI 1 by FurryJaki1992 for API(s) 3.0.0
MultiWorld 1.6.0-beta1 by CzechPMDevs, VixikCZ, fuyutsuki, kaliiks for API(s) 3.20.0
NapTheFGC 1 by KaYuuVN for API(s) 3.0.0
Netherite 1.2.1 by Wertzui123 for API(s) 3.0.0
NoFallDamage 1.0 by DeveloperNeb101 for API(s) 3.0.0
NoTP 1.0.7 by awzaw for API(s) 3.0.0
OreGenerator 0.1 by phuongaz for API(s) 3.0.0
PCEBookShop 1.0.3 by Aericio for API(s) 3.11.2
PECollide 1 by saxavlax001 for API(s) 3.0.0
PHP-Sell 1.2.7 by Muqsit for API(s) 3.0.0-ALPHA9, 3.0.0-ALPHA10, 3.0.0-ALPHA11, 3.0.0-ALPHA12, 3.0.0
PM-Beacons 2.0.1 by jasonwynn10 for API(s) 3.0.0
PayPoint 1.0.0 by YTBJero for API(s) 3.0.0
PickaxeFunction 1.0.0 by NamVN for API(s) 3.0.0
PiggyCrates 2.0.9 by DaPigGuy for API(s) 3.2.0
PiggyCustomEnchants 2.4.1 by DaPigGuy for API(s) 3.19.0
PiggyFactions 1.2.0 by DaPigGuy for API(s) 3.13.0
PixelgamesToDiscord 1 by ImNotYourDev for API(s) 3.0.0
PlayerVaults 3.3.0 by  for API(s) 3.0.0
PointAPI 2.0.9 by onebone | Edit By Nờ Cờ Dờ (NCD) (Danh Miner) for API(s) 3.0.0
PureChat 1.4.11 by 64FF00 for API(s) 3.0.0
PureEntitiesX 0.7.0 by milk0417, RevivalPMMP for API(s) 3.19.0
PurePerms 1.4.3 by 64FF00 & ProjectInfinity for API(s) 3.0.0
QuyenVipUI 1.2 by NightBlackDM for API(s) 3.1.1
RandomBlock1 2.0.0 by Edit By Nờ Cờ Dờ for API(s) 3.0.0
RankUPUI 4 by YTBJero for API(s) 3.0.0
RebirthUI 3.0.0 by YTBJero [Edit by NCD, Ghast, CurlliestDrake66] for API(s) 3.0.0
RedstoneCircuit 2.0.0 by tedo0627 for API(s) 3.6.0
Report 1.3 by ImNotYourDev for API(s) 3.7.0
SEnchant 1.0.0 by NamVN for API(s) 3.0.0
ScoreHud 4.0.0 by JackMD for API(s) 3.0.0
SeasonPass 2.0.0 by TungstenVn for API(s) 3.0.0
ShopUI 1.0.0 by SaltyPixelDevz for API(s) 3.0.0
Shulkerbox 1.1.2 by UltraFlappy for API(s) 3.0.0
SizePlayer 1.1.0 by  for API(s) 3.0.0
SkyBlock 1 by KhoaGamingPro for API(s) 3.0.0
SkyBlockUI 2.0 KSCore by KaysilGMVN for API(s) 3.0.0
Slapper 1.6.2 by jojoe77777 for API(s) 3.0.0, 4.0.0
SlapperPlayerCount 2.1.3 by  for API(s) 3.12.0
StaffTable 0.4 by GigantLeyKey for API(s) 3.0.0
TN 1.0.0 by JeroGamingYT for API(s) 3.0.0
TimeCommander 2.2 by Zeao for API(s) 3.0.0
TopGems 2 by moch for API(s) 3
TopVoter 3.1.0 by SalmonDE for API(s) 3.0.0
TradeGui 1.2.3 by Only FurkanGM for API(s) 3.11.0
TradeNPC 1.0.0 by Free for API(s) 3.0.0
VQMN 3.0.0 by AmGM for API(s) 3.1.2
VanillaEnchantments 4.0.0 by TheAz928 for API(s) 3.0.0, 3.1.0
VanishV2 1.0.0 by superbobby for API(s) 3.0.0
WorldProtect 2.3.8 by aliuly for API(s) 3.0.0
essentialsTP 1.2.2 by  for API(s) 3.0.0
helpnewbie 1 by YTBJero for API(s) 3.0.0
iProtector 3.1.1 by LDX for API(s) 3.0.0

----------------------REPORT THE DATA BELOW THIS LINE-----------------------

===BEGIN CRASH DUMP===
eNrtfQlz20by71eZp6Re5F1eAG9tOc8yJdmKJZmR5GMTuvyGwJBEhCs4JNG7+e6vu2cAYiCZh0Q7
/6qnVMUiGoOe/vX0dPccGPxnZxJEHk8+X4sodgJ/Z69V2UkcT+zsGR2z22p3O/1OrdU0G4ZR2UlD
davbqnU6rX6n0esYZqPTaFd2XB4nh1EURDt7/9lJ5iEU27mEP5JW2fFEHPMpUvejaeoJP2EmC3kc
C5slAQsD60oknuOL0QjuOcl8NDqkv3t7ViR4IuTV7jPmpXHCxoJxnzl+nHDfEiyYaBxccS3c0egE
/1SYn7oumzrXwq8wi7su1Oj4bLA3Gr2LAfZotG/DY06cRDwJotHoQMRXSRCORu/fnhijUeimU6ho
NBqKBP6NI2s0eulCba+DyPkS4B26lLdPAm6LqBbOQhb4zAVxWMvsgwImIMWR46IGwhmP9ur1wV6d
BKhr9ddV9XWsvT4kVKfApno6rOGDdRCgvgBbl9qqS/VgvViXqsfDssvKQ1kUcWev2e1Cw0fcgt+/
7/zQYAp1HVERCw1yPUdcl4B3AeSzvfWbEcA6/vT37if2IXAnwKjCzt6dnLAKC8Z/CCvROPnjZDRK
+HQ0GgReGKS+fcmnz0D2H4z15XRBwcJHdR+CJSQn6nK33wO5V7Vn9WcpPdAy0VtS9HsFHrp8LqIK
WxQdzGq1CrODdOwK1qi1K2wcBK4AGzYqYI2JmIqo+LOhFSj8VCyboLna4r/x/63Z8Oefb2r/rNXp
Z622R/+Smsz11RTiPzZPoDsHEXTY+sWvJ04iDoByARRQmGkuVViuZ2j5oqKrP6/1zH8sN4jTSPy1
y6OIz383PhGCJlunt1w7kYNwXGfM47n/p6uMfzp1kgIR/oo6IhoEvg9tF0THXujuGu3+UmQh/VvQ
zWhUVs4ykPc8fhdshclffQm79T1g92TPxdLYFKr4aITlwRuWH6j+/NWyCzx5p7hTMhJx6gLp4k/3
QrhQ6JwIBLe9dbhQy+UMuq49hC60axjm/xSone/Qsmantwyuppvqz/hLChjrfa/7jVul096wUayZ
sK4yUUnEHpOxDhyODYIVwl3sB8EXQbJcuEKEInrNfdsFP2YYzQ20s4YhkCR9tgtcq9UqpChucMOc
mCUzSFAiB/wvd8F/c+uKUaTFUvIho/E9+nm3t6Gexa2w0kTgxTm/yQKf0Wx+YheHJ4eDyxp4tjPu
iUpNhnX5G4gXzhf4cRy/5ON5pTaYCfDvNt2ROVmN/gwDCHdxpfbeiTO/hx4wi4HNPLYOpIpVjiBV
ZnyXiNB9uMoyfZmNT2yMYQADQM2FfCJU6cGmkLcbxpsPgyY92SbgdEQSSvPxiZvR6Dw+XKPEuWEb
n9ibGfdnzb7ZaHTvF7zF7s2qJZr6qUhmgU1yHpK6AsyMH5gvBb7MI3+BbrJ7T5YpsDiOT7BQlnRi
YeIjxW0vFfdcTLG2SNi5VnuNUhovi45G90DLbSKTbnOU96bP6wDr3A+MHpWGstvrfQXKXdgQU2Bg
KB97oEDd+wWSZcFY+63y+EgyJRayfhUMevdz8kVyE0RXdc8KM7ZnknQBY2vwcvs2DwHVbtMot6Es
Xf3ZDo6cKE4uQn7jq8r6a1QWRkESWIFbvwD/HYCkkt9+fOw7icNdcPb2kOOzu612qWrFaDRCTpkk
98pd/XlGkXlJJfe1TamCTFbo7KuElUOjxiO1DS27HPIGEmUqWAPnEpEkLmOThn3JE2ummtBoNh7d
huhiFbtv0GTm92uygmK22TjNpc6i2TSNv6sJCoClqK01lH3Or06c8TEkMdEEEttdo9P/igfarmzt
r6b9Eb+CnIaEhhTxWkTgu/BPlvz3V/ipEqJM8EPf4iGMOziks3kKBGmD0WjWjE63ZvQ7NRMceMfo
m508tklhikiKfCSgwtSPxNZ5iN7JsLPqJHDsVQXkGRKlfllX9wF19fsbahDQW2CpqsrHjNg2qPPr
ZUvjNrP/AIG6ZSuSRUHlWrkc+1mQOBPH4gmOSWS9za/EH9lou6bRXreOGK/fwTjM3VXzjIUp/GbT
MGV9xtL6jH7fLNUn71R/ThxI5iQOyGolM3M5s3av8xVmMAyOlPU1v+YM86lvyGiMr/D5/NkCVSZR
auWu5CUMYAYuj2M5dXtvhpmCliAVPeWOfwJDoMJcbbPzaf2lgcUMb+vTAxYUJPzWavitMnzZtZX+
lBfcJSVF4s/UiUTmnPrgnLa63AAlnu18+quyI54We5Ys9jxkAQaUKqv/7PjXgXstUHHAxfFtaFEr
2cnuAy0XAohWYAtsiGanB3dGyV9Aa3b68Bt/dBtErP/jH3Rl0BX7BxuQomPUrJSI3TjJjCar4lBY
4KewsaBRK4w0DAVtdvbysiLLBSE6MQ5k23ayn6qxY2pkaG78CwypYjOrWNb2U8zynks20+w2VQm6
aGXFX4Q84h5Gx/9Km2bsRzI5LNUulfKcW5Ba/ler1X4EiWIq2FEF63TVpasQnKRj4YwcuDY2SX0L
cTDNAn+UGiDjYj+60sYKq1DsR38MsTur6xnbY/9HPvofqkm2yAjc/q4D5p/sxsKd7O39eOUHNz4V
dET8O9Xy6dkz+UxfPTNKfrTQj7HnbMlT/8Jneo38GWho9iIWgmU9quginykN9Iy8fCSSNPKZL26Y
rG43g1mCJisy1YNkZL2mMrJeS5EzbtALZfn2wiR7nax0NzfJv55WHZ9WHZ9WHZ9WHZ9WHZ9WHZ9W
HZ9WHZ9WHZ9WHZ9WHZ9WHZ9WHZ9WHZ9WHZ9WHZ9WHZ9WHZ9WHZ9WHZ9WHZ9WHZ9WHf//XnWs7Ewx
beYurnb5HF9F29GeBcFwILl4m22nWTPNmoH01HHtnT2j12pVdpz4sy2ud/Ym3I1FZSfzkDt7rVYP
KnFw1a3f6nYbzRZvcdHuWVbbMsxxz+z2LKPFe6LV4a0mWO3YBN6pkuWDA534JmZnl+z1rwf7l/vV
bg+8cq3JqHbW7zQabDcrJY2JmQ0YYZ+b7CKBLsUjmx3K9bRnbP/0oNPCRb9ZCMy7tVbN6MHlF3AV
hKxVa8i7n4MYaz8+O7sEAl3cOD6tDHphANr/DJ454pEjYtQct2eANhL1P+LAr0IZtc5o1Iya+WJi
mRPovN3+pMFbLd6etMeWyc0xyG43uh1zIhqi2xNdYG9zAABSB14dBxJjcO7Va0icbGxiYJj6tGD1
Qv1FYRdNOnZ8Hs2pS0DRBtRtNF80+FiIZs9uCbPXAUdiTMyOaXX73ORNu9Pv2z0Ook1aOqt7Kzdq
jVrzRafV7XVb8EynM7Y470Jb9tpmyxS9tmU2LbMtela7zc0SQ+zILnVkJZv5ot9td/tmr2W2Om2z
2W+OjW6PN7ugli44iibwtvp9wxjrnNxgShzACF/0mo0xaNS0Jv2OmIBxQc0IuNNqNsyJCf80DYu3
+nc4VMOE5gQzRTVfCDBOYU06wjKN1sS2Wy2jLbhh8yZc9O1uczwBbQmus/J4MlPSdF5Ape2uNQZ7
BvX2e+1+p9sdt/odDjZrj/umObHb1sRq6iz8cZLh6b3oT3omCGx3J9Amlt3n7U5HtFrjTtNqTYwe
73baXS56JeUufla9MO+iLzbob3cyLqkX4AJsLEu02r1xbzyxRVO07Ik9Bl1bnXZ/YnXH3YkwO+O2
VbIgGd2Uetsvuo1xW3T7zS5vdHrdnm1DasybBqAV427HbnfMfm9iWnaJSegShxZYS2fc6I271qRn
tfiEG12j2bf63BhDwxjjVqPXbhq2MDrGzl/5qj/1zX2IpJfQjRcOLqNUdhZerUEujafJLIhiXDqF
LNwzOo0++kgeOkhqgv038Fr4HMIyuAyIV+DsbAjfPprS73AvDibJQZHgcdpeoCqVsQr3KEBfAPLF
5f755Tt0szdiHDsJyodLuFQ8CNyXwW1ZckVdKv3Z9IR778804Y3+w6VX/CAiLiTI1lQXYIZvLy4/
vD0/OdDggPOfpeMaeMV6JpYC+D5w7BI6IhWhoQtt6OCOnLGIpuhQBs61Y22rhV7iyvDskl9BvHXn
L8mZSsAo1OLXKryzJAljiNMF3Pexruf8UBsp7ZR4HaSxKGqkSNa1YtbaulYuIARd9du3j1PHziHk
YYE33x8eA/tj/3oQ8Xh25BBbpahY1TQacSnfDOUDBenSLlWSBJ0EA1fw6IRPpxrqIr0Iu3nXGC5v
cOrP3pYRJJIdQoMEBoVwQQjEpsu0qQUoMffjuZt6p4O6zk8p40gIu6QHImktr8N/NeNxws6CYLw1
R6VqLXuq5e2IFlKS3Ln9GwR3bjeTGyy8JDdSdN8K3rVkdL9AagSiR/YsdeJtyf8HMPUzptIAHf9a
mp4Uai1EF8J1S5CItKQtfhFRUGGDNNpmU8RQ6WZt8XFYkvvjcFUowIY4PdiW2JKb1PjH4XrC39PX
JZu6QoDgbg9pnbQILyPpABtlgP++fImtsy2E/Fas3yYvT94O3rw8P9x/UxC8QFxiUVsWW7EbjcbR
BuJzH+Pt5+vAn0TcK2Io3VkCZJsOCnnh5Kd/tQEIkSQieh8kIG8RQZFcFN8EAc1vECF3hs50Oh+k
cRJ4h741434S79wTNsck2DUJBlh1MVejxYXGAXToAtKMdKejVKEurkO9Ev58Cs/dcWTV/ZPh631y
48Vro3RtZtcPziGVtGrNVMq9HmzaelzCrbYj6y6wqWN2ki8epOFbS/VXbaFcG9CF74QiKkNSVD2r
M8ugNCHg1gX3oerkmu2+yH7inNlgFjlxdRg5noA7+DeNT94/03Rhbmzqp/OhGyQ7y1UicWyklCCO
930/SH1L7UNfaKZ8q9ylW7p6Pgrf4e4B9/VWbz60zW+Jn819AFcSZVOEn39NuVOCJmk6ppKfDWdp
4E/5l2352owfBvOIoxAS2lowcGpRRDjM1XpkkVwejElvVGqmwRdhzYanB+IaH3jv3DpXr/Vkxeg8
HKKF3EPPBu7gd6VwCQoHSHVRN01gCnLXNVaknMA/4ammF0nRu/SdTGbfe3WqY4dA9UDo4w0yy5dp
NBURpsAfOPEpCK7fKUeYkom+Fk4s/DE91NlsXqg4ql4CS68Bm1ETcBPM81IUlYQVyeaX34bnb1/t
nx6e//alZTbvQKzkA/DWY/rmacpPhD97d7wRIH2EqQhLMrdtexRZ4/oiD7g1Q6TcL47pi9SSD1mR
eELof6joLtQ2GvmUfnopd2XlqxHMggH3Z0XpFeVvyPwtawPV49xgUWy6/n5CU33vnXADiT37AtpH
z5cKxBUd93WQxLMgKQeXh1uM5dmxrHo00sRYjYSGCPsuxCKtCYrkpZnA4XXgXoBYW2uMQs0ARpdj
ySx8Fhdvbm5qAmRC/rXkaoFxEPFJcgeipK5or0vBvZfO7RhfVuTuteM3msYjVxpU9ceJ8FTCtlBB
Xl2Gn4TULtZvWqzhDmoirgA93LJDXtS8fj87OHxPG8kLAHJSOaXrluIJbbHGscjbI7G1NFXt25bb
20cjSObUr4JYK5aKDmgi6Th29UijkVc0zdk0nY9SQ1htnw1GaaMxaflTBuOLGds9Gxw8e3CyU9k5
CiJvRdqDtQt/AMaBNQJ0XfLVjcp9y/GnRzwqGmaRusT1nzsWj+zg1HGDGF+6BHaBn1wGKcRp8bHk
ULsPb2mNK+7Lz6XTLtbEO3vtiFQHK0krGhqj3CvuQWX/vtyWDR+83qD/ievysConleY5WuWMaLEv
haFDKw19HyG/EgD391yXhkzLAkNhwLQQrZ7zQLQRnwY+vTUT4hbBIuryrb8hpToY4P/rNNshT46C
wH4tuJsU80Gd/n2nsnMY69pewS0VEBR91UL8dq1bNr/AF2P4f1viK3ajkZASAM/RSJNmXUClEUaR
Wkq0tgFpzaFsGZ4cguiyrQY4mRSBwZUGaOn8gpmPWB/RSFClMRohZ2MDO5PT4+80M8tp+tJiR8fw
Tm7rehttzcwWHGmzshRiYywwlrkPjiSviWgClCCNLPHf85eh54V4TH5gbx+nkQMl8TbAmojIxwNE
Cjgz0hLvjBuVAIug0zzimeMbRrOlwXrEZHzGHMbtk/WRHLlFEHj1XRfiocINZFX5YUFeRdHDSbMc
Tv4I/ghEF//b2gJ8znE0UkLkP9aFcuzxqYj1uSqdfmdvgQZLS2qMWuvBhpP+GePAAnuZQ3VPNpm8
eiU8rcPL6yVW9AFyngF0Ol+4TbPf3laTvNpkcAdpSJR8gNy2mF4WiCWDKk072A70AhwE2TaOgejv
gfq7+SBo6SxvJtEG0FI5OioCy0jfN+3Kql1f9uImsoX4ReoGXaL1CF+quoTjX1tYM3WI9Re3QOAL
IXQESFihfn0lc1tz0fqCpJRkEzBvhAjhKeEnQVSMFTq9BE0H9mYWcDmUHG7PujSmo5EmzvoW98ax
rq6KqOi6NL7U0ZwOhofvz6qXh/un28IiWQIIVfsaYvvTYEJtqwm/oH6/QeKbty/X1zfa3b7rfggi
V1tg0+nlfQzm13u5+XDBrwIfFGYF+HYeCs5d94bq3wzOvVjuB6K3A2aA22qERZ3r70XDiQkrvPZr
SRASmPBqkPLX3J9qAV0jr3Bh2Uoa+y87DWxhs/GcnXBPTnqUNpmvHD4u8ik6NUT+1Ma9X9lptHql
Pwe0flOfXnx+5UySgTrvTymnSP1+Xe70AivFowdHo0L162A4e69LD9ffU26obzSiOtcQFs8siDVx
JUWfqzC/7aKQqhQMJa/9YUtBp/w2N9ICpgK1vKxg3NnKE4Qzx3Ws+bbAFVhiT8hF0S7Waizhp7iL
tYgsI/0NE81Z3Rt0b3hiKJKS/Ej5m+YqPVwTzkVYLT8M/8s7hxe0VYuMKQwxEuG/31o8WnAEFAUx
1sIRuUGQlHBI2gocBw6EglvH+rO8ifURw+Miz9Eo2WA7EYitrx8qQhlE69vuRhmc7B/Qxi9Z/Qby
p3wAgVdLBhY0fQ9XuzyU4dbV8PQojeb3bg0yH7Ul6DcrwDN9DgLn0hGbATo6+beOBglLd9dcoIjH
3NvmLhusF2e+zpzpLCFdHZwCDKKuCeSNmJcbRpJK1vX+Nauy85fq7GIN2fFY+JHXMLZlaBk/QpIJ
sxYWJ7mDxUne3Z3XK80YH/sTEflpbGwRw4IlDsc2mgEHsSlRLWPJiOWduuU4+Gb4/ozt/sKv+HxI
zfX+bGszScScGmYjPJfpGaQAZUA5dUnmCF0/mgMWB4+X2Np0cZEpoclE2QSVmzg0VNJA5UTd5jpq
u66xcrvu4Df6zuw8TeL0CrcwX3HXca70iRyzsaVNvB4KTKNVVENB+Mds4C0wAkWd8fByJo5eDQp6
WtCWNP0b/u803XCwt2x+QbIDb5lVvn5jn4lkJiJHW09f0Fbk2x9ElHxJHeOe7a0PhLLgCGgyMR78
8tiCW32BCUEHR9x1D7hHXwFY4C6Sl87XHWCyhrv4zsR4i761xBZUUJBogzYNLocarMvhnZSqtCGL
33zhN1t7MQ6Z4R7ZJHxw00mBAMzbSLyiY1WSoLifUyMvfX3/270NUZRhkwnj4eDwZRBcXcyCsHhU
TIFabq3S+so+WLLl6CMqY9UrAJvOBalKRqOCYNrFA1pV8awXuNRJI4eDwHUdbeJoQVviSWN+y69d
ftvYXicssMTzUi0pxLpnTQxfD6ult4Zz0opNkae0pnL/23b90st13/zlOxT4Ne0zWdfrDE+rLwXH
k6eK2BfEcnJXask/eBz4N3PfNxrbewk8Z4kvU6IY+BplJs5qRJBmYmZaxJOR/qY5j3CDffBDx7ri
t+JIfTmkiKJ0Z9WO1jvHnzzGfcq6N4GBbivCr8FoEBbUsmX1S8GaQ+FX6fyRbzIuf2k3qwQ85EIy
7eIB7jJjWi+wqS90ostS1o1+V9dRq9z77tXRY958LetDk+Ze4uP1o7Fb6OmIk5Xf0VBOv/P+4Tq6
aT7uNBgaSSjKV9ZpKjuvz98MZpz2yeOJaK9T++sWl6EpXT5aqzkjUuetcPGd8PgyOHBikMnWlHr3
7pLQfeydBcm/gzSCrHdrkxMFnqCIV7kgdLHW++PyUNb3HL+jUARXJOsze+XdVFvCkm2xkAdsX1PN
2ZmxuRyr4WQLg8UzCfO1wqV+U207Zf+lM//Yy/nyLT1sl95xoKnoZ1vf2Rui0LSvtyD+avRpJKgH
FdBnJL3Xg0cs2WendXTU2CwXIeZDEXn3JNZ3fE72E3d8VHY+imsnSOPhYTUvstDCZykLYFfCL349
oH+TkNmHBjI2SlnZ17s+ljS2oOtjrW7ZWXqOe9VoGZjangOka+4OT0+HWwsrkeSJe17BJkAwoQST
GsnE3Pilg4KsdR2vUoxsVV0pkla2o+Z9ZsT+N4N2xiNXj/2JQ9tgt9RDNNsgiQo/t2Adkg9o4Vd8
sai8eblAXP4GbmEef1trBO+Ph3h+hFobyIRY6RPO6UhQ2gNkFJBo5BUT0Sv84baatiDS+ukyPHT1
bqg1Uk4qwmp90wELVpmGqbOB3GLsRMlMFzynrTgPQUnPfqeWGUPLDA4qjHZj01lcMIQXcXIQ8SvR
6XzaGkjh+BaPfJ5scsLbubAhzfPFwIms1Ek0uPqdFVYItQaNjqlv2e48xrfK6ted6jgXYRDp8hNh
6dbgr2Z93QcMyO7mm19LBaVo2d91mulC5eEFfDnpe46Xz+RZoetaVz5QKIidkbTuf8/y2jc5/y2r
fQMIAudthvqxAwXiim7xbbdqLOQo/l4L1izQY6cirDCmC+4mczJ1MOStTWK/O5bTuWu3ySx1r0Q0
1k7QLRCX70fdeecmET9yeRhuLe8psISWkJLQQbprQ3K+CDmaKkJaEJeflrglFFTfifyC0uL3WuJf
zcu7m3PSsqXH7e00L+00la/tQvyYF7ywPP4LGkUeA7YypmQQ9I6yIJb6PntzMQD3Ul5dnceO++p0
ez54IcAG5oWmqduWopTXz82138V65FlBsRTgwWtyC8nqGZYFUNlrBkGqh8y7N8vv0Ta/ydZ1kUCk
diw86eauDBu0YsInk0usvghqQdRHw6Wc+pUzhWzhRMzfiK25vRjrXl/+y7OC3HDxN+w0vdwge7l0
PDEIPI+OJSxKrtGX7m7+TfCtjWJODj6ORlrdD+47wKqKL7HUdSiIOQhfCW1uIaMseUHbC6xZEeWD
JxmBD0CUFW7QTkH4Pkj0JspIK84Yh3zGC/yDw635ZsWPUJAEi19rQYm4LV6lxWMWc1J5YaA0lnnr
u3N2lEZX3C8fx2c8agsXMQQYKMcGjYLFz4aDMhIkrej3R5HY2lvyWZ3rC/7+19Oim6LL73gA4vWf
3gZbZN9DWHFdroaCeKpnseved3fFsOtyJva/9M3eV08IfCgsKcpopDKkjU/ZV3LV78OkFBHP3psl
9ERaYW5xGuKwYTzeXljMOY5GmRSLX+u0K+3qg5w4EVYxgdHIeuBp1nqlTVSuk7pbgyS5jUa0hzGU
EqwzNXNPU56mTjRxhGsXv26TfWs4gb5f9zh++7WuoQWliDjGCXbuxtqOMo1cdpLmtxgnFWscjUr1
r2zbmXBDX9yMnWIWVyB+v/e7XkOl6/saRzWFtvOtQCyH2pLskHNsNRNa1Pz4NKiAgr4xxCNAByZY
Op0q++IarafRF8lq0BWgr9Mqz97OD8P8ig0Cf+JM2cRxxSga+T98EDb7JXWZ2WON/l6judc22D8b
XWY2TAMLuNyfpnwqngt/itdekNjP8cA23nXlH2uUNhtGg8mryTX8bY77QG20WmYAf8xeg/6dqCIC
ia1+U1128GZ/MkoNu9GF3+2Gnf82uy363WbFukgwCbSKM5XPjb7RNJF4MwOlVvGT0c8beM3VudJV
uT5c5dbMEdd0zHT8PPCJD76OV1WuA6xEPujxW/VM/LxJFJxD9QJbyPuTIAKuOS2A4QZQoQ1snMnL
rsPrUNViO5OJY6VuMn9Ogk6zLZHVWCR4WH38nLSNe1uraMPPx8K+4VFco7nbxb1YCLtQNJmH4vnR
yf4lkqTNVv9MRTRX9SpSZAEwJRT+roU8jsFn2s//Qf+BptIkqMb8WqgHrx1xU7VBkRzU97yHpNtx
cFvFnpNxkqqD8OGBk9GJXjDOKdoXtmpzD7+w9QPDvsEsssY0ou9aklEy0CzTTBuMlEGYjQXLVMV4
JFgyEyzwwaJhDJswC1s6YWPBHN9yU3xnGNjf6QzI6yLw4MkJMijzjPlEVFiAm6BjZMnGkeBXbB6k
keLFnAmDFncgUGAN0NgRmA1EIGB8Jm5ydnVbTGj7AbsJ/J8ShoNrHjHUsgdg8Wt3c5QwmTmxxH0z
Ez5LwykkhsCgNvLRxCWzvZHP2A8fZrQ7myUB1OLbDFioj0iCDiLux/RNWHmbRHXxg8gAFX6JhPSF
hz1agsnvuCLFQ87SlrOOvsfoi4p4I56liR1ga0IsoVujHfXFQ5L6lkWi+kcAMPzg5n+NdkjMfdcN
bhh2QZCMqfjJrh3OfkW7xDJkoFlo3WPoYenRQzJW9QydboSdiUHzgYaQ23jOlF6xvLLt/HZB8h8+
QDIG5gFK5rYNYsayLVDH+DVS5gmOn3BFR4BYxgKFBk2JP1Puog6nzjWUveZuKtiuqhSc4jPkLmuE
XkXrJFVoA/wQ6B7cprrPUm8MKgIT24/nvnXJ4yuG348Fo6pRgXcxtBPaeYYUi82iAHwVNCUUjyuM
Ehqm3AR0jgrDD0FG8oPNpBsIIUjzUl99F1Yyv6C2BkxgclFwC30zEaAGgERm7OfCoW6VQMcTNFws
gwZaYU7yE6gviegxW6BnJPspPcx2AUMKncgktRCMqkK6R6zKhsvJOKLUxyMT0BxxJz81Ah0nH9fY
gbhWv5mHy+GMTk6pFHuiMhzUSBSlYSKpUmGoGA9kU7iocaGH0vcxbdk7+HXg2CD2/RKgjaDNBaBo
sK5awdCgcFUWyi0NAgUEgGgue+grNxiD9WB6wCQd+oHnJNjRPTHl43kCGmcXUtUNUq4TI296/BJb
7cYhzZNFQQ++qUpGmZHFhHDi0OlfTOBBJchmAulpVqU0cmitFPssmwbQUAH2WbQKrGhKYlZJtD3W
QBRQO/lj+Y3K//EIMN9aJj/G4cfJHydBSCIoX5qLpNjFDNwHBlFh5wJhrZlURsNsKcHICXygXqHk
i3/agoTUL0gk9BjMSiES+RCJmLgVVkrON5Aiyx6JkSsvLW4tyCPiBSLpuN5eHu6xy9fHF+zk+PT4
ku0PhyfHhxdseHjOIHN9c3heYVCIXb6FUofsw+u3J4dseP52cHhxUSu7AE0fZruj1DEUkRNQdEZH
HCNAaybIJZM2cmdrgO4hP7DJt1CRKu7tlW6WWEEuCzjBQYM1Id6vGZs0MsgNMRr6WExVRpwlE3C9
C0cuIxLVQdNXGPTpgdrd0mgLarAAzRYKC3MDqVkUV7arfDbHAOYlwngBtdlQWONn94ukkDcV8imP
xtAzqvjahcxayQHdr13qaiiOeoqpp8B3e9xPKRMpSgJZWgo2+KySxYSyEWZmKMPrZAK8JF5v0QVr
7K30+dLgIZUIUtfOZXEgiNz4bCF/LBmHJD4A7TQaCivUdkTO4k6QJNORHHJskyjwsmArn1YlqkXT
LLYwolEtecc22D0mpVnHRZY9YpNF+BIMmKEyZDv1QplqyXyOqRtVvJG11wEWUg+Q7CRmhgCuIMxD
Z+f3KBiCNgQ+qOEajCyOU4GOIZlBq02z1BOdFta2kKqSNaTMEVSGWZPSYNGv6glHRNYs9a/iTPYB
D5HqeKkHMRZn6lk2YMCGZHL8JKVY6BX7i1Il9Zi7NgaZd6gkogqrmBKnEHRbeYsdBPJW2aYxN0Kv
J/nLwlkXkrxUwSIyyhyqFowNRY7tAEShXAXSR9QeSCcTDMkl5DhAYfIZiXCBDh5T+pR4spqx8CLb
RQXi5zgzvstZLbPDke+LBBtsT4UISM1mgStTzDFPYMyLmTiJDFkTmJAKMuTb5DBI3ZWhZSzyZFOG
tx+KrZTdQrcazRNkXmFVo9CA1HhUcTXJhFEhgLz2Io+lQSymkLZEjgMbSvTxYSAqsWrsNeSCYEvP
Kbljg+G7CjwLMoyhf904Npg95QrSe+b8q8R/j3WytHuRkceknULZGtu3wVHNuDup44ZuGibYAmxY
VQWVMpzJQQMrdMRF2CswKw5FDm/Rq2GKyd0aQyHeDf1hlmwvRoM4lkChYNRPTNPQD6vqujS6OVW9
Lna+iLw9MS3PmhFn/rKUCdJ2aR6F0Nrqm/KhZzU2VM+4HL/9g8NpNSxVtkA1TiI+RQjQJqC2OHQp
Y8GxJoz9XezsPMJ2GrgOzq3Q4DmCwZSIE3Z6+Y4kjQESwh6nCcPBOjXlojo5uKhlvsZL0io+tUfS
opXbYpxO97IBy8/MwIGKStdm0FXpPlNj1ViOrtGS/TiQgUtZg4HMpHOS3AazIIhpBJ6NU0Q2EiUP
ZvOEs5hfZ54Sp0myGSW8VxjCgmA0YSgTFjU5gUNkORimCaWf2MdxcItWH7HjA7b78d3xwTPADCYP
MkD5G3D3YST3uoNh4PglgsFLbZEBgiUEVISU7YOlf3x5kvFXY5sC5SeqDKeVKGhC9oGDXArDhC3I
pkpUCNFmeqhauOdM5tXb1LELhsghTwHvJniS+U3AT3cr2TCAhpBKUrAbyDopJfMDy3VCRs+C2Zzy
OZgMDiW94DoblWNIU3GAfHE1uyerjBceMJsaK06XXNJ8h7R3PJOWJ7IxqKwy7jRW8y4Wfi5b+jr1
TFU+s8dCSJKuHRerkX5c+ShVCwYi7k/zgYKPj7nleFjJSmnTavdOUclW3vdwCwaNtCnmyh6NqlRt
jAEWXRTNR4Ad4m+KkPDwOcXLwsME3Bdy/DsWktlYHiJN83UU4maZwZON0zSeFnklfKwohw+OiPGy
qIDFotDBBAS1+6Rs3C8mj4AT2EfW70DY7GH8m0vTpM6MswPVNLTxfb+CTdIntKkimgcu9s0DqmyM
m5Ri8kCoTxFhS0OujtvImULH1GxKFsHpGQ068Ksyk/3AphFuc8zVs5ixyTVUu6si5ZtuuEMDNfCT
MIqRbRMGYepmxqguMJRRGeURm+QPKcOvhsqLYTBBxwTRTuXONKUr56j2VBTHKTUaN0qyDIKqvfD7
qflkh73QG9p7FQ8JLJHy7qaTwxmkm5Og0CLQy6pylSMvOQuwZUiUGr6mUnMCkhg82dzDcQ90kASn
EK14IToO5tR9trhPEMiL8ek0ghG0nC1TU2tyBiGJOLWcho/kgx789uDtHk5kKp8vQx86hRshk2sO
XeeGaoxJ8AUAotUKk9sQaXPNS9OUjXNHqdCg8r4yJgjyflWFqmKOSPSgqDpIu320k8LUVQX8Yzjj
FYZHzFB8TvI0DFzvRESQalcteVj2nrqbhSsZLLg2FaYWzArxNYWUE0I5ebHMWSiG1PLyflbHnZaW
WItNnTjewlerAIxMsTz2BHTN2LLoMLFCmuNTD2XzubVFBepOsYZMm8tDvHLbsnVlryhMnSgewD5R
+swmSWaKSB4DRzkqcVYeA+ecYWxiU+boTHJGMPwAIHK1AT1QNnMgfRzwUy4yi2zcdXishiWQSXIv
dLMrzHlARtVWe1mjyXtgtziFtcd+p2QF4meF5rQ+IVN5PG0eJourIAQDE8fIsdWsQbZSRdMB90Us
CugUoWNKkGm0iW/ugqwq3BbFl/WSDPInwzUtjAoyei1q3GO4srVn/qtbafdvjUrztlkx/2X8y8aE
iPr5Lq7LW+hcn/ca0hXLq1b7mczy5BpDcbAuezjGFtCxmkuj1IMmw6DVrDmuq6RWkkaZU85GKFG+
OkEeB/hAqLJoKSjOFFbNVjbAFmQ6+8MRuRqqisprTFLKFCTlc4FSpdyykPQFIY1vxS04vlgN7qwr
HB7ENJABjYwdSMznMomjcogXRIGhhwwjss9IlMQfkpEo99U7lR1xmwg/zt4Ep10xeztdfPMT93GM
LciJZkUKLjH5No80WuB9toPEx3MwC1Rcq9QIaeQWr236YNHieuK4tHtuQZl6YfFyBuGjeO1AL7su
Ev6IadU/v/bGcsGsSMNUDOS3i7TQ0mGfi4maXdCeJL8f6yTIULwi5WJ4okkwj/908es52S+W30qC
K+FDeNcQzzktl5rqWKkvTig32rfpELsvrjMulobLW0/XaYDSmI1G0zBMfHV5ePBWQ2oHn0mSMhFI
jt4c0N39ONYKXjjYoT+eahBLEsAlDpN1WEC8wXOmNGKoJgvVB7oNiEgo8Ew3rkW0/UzJVJo4+HUv
PNKIdlA507HjczxjnrjgRhtimX3QgxySPaYnpFKtaB7ikbNAaFL5qX2nyRytlUk3zSIJxmgpud9p
Km0pE+c3zLneDml6Z/HAX3/9P2v+TsI=
===END CRASH DUMP===
