PocketMine-MP Crash Dump Wed Sep 15 16:31:54 +07 2021

Error: Argument 2 passed to _64FF00\PureChat\PureChat::setSuffix() must implement interface pocketmine\IPlayer, string given, called in C:\Users\tungnguyen\Desktop\Servers\VOL1\plugins\AppellationUI\src\YTBJero\aui\Main.php on line 40
File: plugins/PureChat_v1.4.11/src/_64FF00/PureChat/PureChat
Line: 705
Type: TypeError

THIS CRASH WAS CAUSED BY A PLUGIN
BAD PLUGIN: PureChat v1.4.11

Code:
[696]         return true;
[697]     }
[698] 
[699]     /**
[700]      * @param $suffix
[701]      * @param Player $player
[702]      * @param null $levelName
[703]      * @return bool
[704]      */
[705]     public function setSuffix($suffix, IPlayer $player, $levelName = null)
[706]     {
[707]         if($levelName === null)
[708]         {
[709]             $this->purePerms->getUserDataMgr()->setNode($player, "suffix", $suffix);
[710]         }
[711]         else
[712]         {
[713]             $worldData = $this->purePerms->getUserDataMgr()->getWorldData($player, $levelName);
[714] 
[715]             $worldData["suffix"] = $suffix;

Backtrace:
#0 plugins/AppellationUI/src/YTBJero/aui/Main(40): _64FF00\PureChat\PureChat->setSuffix(string[1]  , string[9] DuanDuBai)
#1 plugins/AppellationUI/src/YTBJero/aui/AUI_Task(18): YTBJero\aui\Main->onCheckPerm()
#2 pmsrc/src/pocketmine/scheduler/TaskHandler(137): YTBJero\aui\AUI_Task->onRun(integer 1)
#3 pmsrc/src/pocketmine/scheduler/TaskScheduler(179): pocketmine\scheduler\TaskHandler->run(integer 1)
#4 pmsrc/src/pocketmine/plugin/PluginManager(654): pocketmine\scheduler\TaskScheduler->mainThreadHeartbeat(integer 1)
#5 pmsrc/src/pocketmine/Server(2389): pocketmine\plugin\PluginManager->tickSchedulers(integer 1)
#6 pmsrc/src/pocketmine/Server(2152): pocketmine\Server->tick()
#7 pmsrc/src/pocketmine/Server(1992): pocketmine\Server->tickProcessor()
#8 pmsrc/src/pocketmine/Server(1586): pocketmine\Server->start()
#9 pmsrc/src/pocketmine/PocketMine(311): pocketmine\Server->__construct(object BaseClassLoader, object pocketmine\utils\MainLogger, string[41] C:\Users\tungnguyen\Desktop\Servers\VOL1\, string[49] C:\Users\tungnguyen\Desktop\Servers\VOL1\plugins\)
#10 pmsrc/src/pocketmine/PocketMine(341): pocketmine\server()
#11 pmsrc(11): require(string[96] phar://C:/Users/tungnguyen/Desktop/Servers/VOL1/PocketMine-MP.phar/src/pocketmin)

PocketMine-MP version: 3.22.1 [Protocol 448]
Git commit: 9477034a4ae58cc5c12b8278c14a8e46a43992b2
uname -a: Windows NT tungnguyen2-4si 10.0 build 14393 (Windows Server 2016) AMD64
PHP Version: 7.4.18
Zend version: 3.4.0
OS : WINNT, win
Composer libraries: 
- adhocore/json-comment 1.1.2@fc2f76979f0a44a5f5bc2a2b600d0762fe0e78e7
- daverandom/callback-validator unknown@unknown
- pocketmine/binaryutils 0.1.13@0abee38d4e2861621f262c79a2a3d699d8a697f4
- pocketmine/callback-validator 1.0.3@64787469766bcaa7e5885242e85c23c25e8c55a2
- pocketmine/classloader 0.1.2@9757928424652393b178a3760073113aa7c9911b
- pocketmine/log 0.2.1@830b44a2cf96ef703c550abe64302f230231ca49
- pocketmine/log-pthreads 0.1.3@e477ecf6ec214fdd4415ea1da3fdd9d73bf699ea
- pocketmine/math 0.2.6@43057cb8c179a9859677b496a788db922fd5cfc3
- pocketmine/nbt 0.2.18@9f82ca4d7f97fcd9a566e44b63c4f18a7657ae82
- pocketmine/pocketmine-mp 3.22.1@9477034a4ae58cc5c12b8278c14a8e46a43992b2
- pocketmine/raklib 0.12.11@9cce458b8bfde3e4dfdbf70c659fc7b7fe26b5c4
- pocketmine/snooze 0.1.5@70b5e7937a06878dd321a3182ceb76d56298f2cd
- pocketmine/spl 0.4.2@6b08b7cf8c4afa17139c9a1b3bf1b408531de161

Loaded plugins:
AcidRainVictory 1 by YTBJero for API(s) 3.0.0
AntiTNT 0.1 by Adam1609 for API(s) 3.0.0
AntiToolBox 0.1 by NgLamVN for API(s) 3.19.0
AntiVoid 1.1.0 by FiberglassCivic for API(s) 3.0.0
AppeallationUI 1.0.0 by YTBJero for API(s) 3.22.0
AuctionHouse 1.2.5 by Shock95x for API(s) 3.0.0
AutoClearLagg 3.1.0 by Twisted for API(s) 3.0.0
AutoFeed 1 by Ghast Noob for API(s) 3.0.0
AutoFix 1 by Ghast Noob for API(s) 3.0.0
AutoInv 0.0.10 by JackNoordhuis for API(s) 3.0.0
AutoSell 1 by Jero, Cur for API(s) 3.0.0
AutoXP 1.1.0 by JackMD for API(s) 3.0.0
Bank 0.0.1 by YTBJero, GhastNoob, Kaido Joestar for API(s) 3.21.0
BetterVoting 2.0.2 by Twisted for API(s) 3.0.0
BlockCMD 1.0.0-beta by kenygamer for API(s) 3.0.0-ALPHA10, 3.0.0-ALPHA11, 3.0.0-ALPHA12, 3.0.0
BlockPets 1.1.3 by BlockHorizons, Nexus9265 for API(s) 3.19.0
BlockSniper 3.2.3 by BlockHorizons, Sandertv (@Sandertv), Chris-Prime (@PrimusLV) for API(s) 3.2.0
BoilingCauldrons 1.0.1-stable by Spice for API(s) 3.0.0
BossPlugin 3.21 by HmmHmmmmm for API(s) 3.11.0
Broadcaster 1.5 by EvolSoft for API(s) 3.0.0
BuilderTools 1.2.0-beta4 by CzechPMDevs, VixikHD for API(s) 3.16.0
BuonLau 3.0.0 by AmGM for API(s) 3.1.2
BuyFix 1 by phuongaz for API(s) 3.0.0
BuyRank 0.0.1 by tungstenvn for API(s) 3.0.0
Buy_cmd 1 by TungstenVn for API(s) 3.0.0
CustomAlerts 2.1 by EvolSoft for API(s) 3.0.0
DEVirion 1.2.7 by poggit, SOFe for API(s) 3.0.0
DLevelIsland 1.0.0 by Nguyễn Công Danh (NCD) for API(s) 3.0.0
DancingFarm 1 by RicardoMilos384, DontTouchMeXD for API(s) 3.17.0
DevTools 1.14.2 by PocketMine Team for API(s) 3.13.0
EasyCommandAutofill 1.0.9 by jasonwynn10 for API(s) 3.0.0
EconomyAPI 5.7.2 by onebone for API(s) 3.0.0
EnchantUI 0.6 by UnknownOre for API(s) 3.0.0
EnchantVipUI 0.6 by UnknownOreforsource|RBpmmpformod for API(s) 3.0.0
Eternity 1 by minefore and shin1134 for API(s) 3.9.0
ExtendedBlocks 1.1.5 by Javier Leon9966 for API(s) 3.14.0
Fishing 0.4 by benda95280 for API(s) 3.0.0
FormAPI 1.3.0 by jojoe77777 for API(s) 3.0.0
FormImagesFix 0.0.1 by  for API(s) 3.11.4
GCPClan 1.2 by InstantlyTa for API(s) 3.0.0, 4.0.0
GMCDetect 1 by TungstenVn for API(s) 3.0.0
GemUI 1 by WoolChannel3295 for API(s) 3.0.0
Giftcode 1.0.0 by  for API(s) 3.0.0, 4.0.0
HotBlock 1.1.5 by survanetwork for API(s) 3.0.0
HuongDan 1.0.0 by YTBJero for API(s) 3.0.0
InfoBook 1.0 by  for API(s) 3.0.0
InvCrashFix 0.0.1 by  for API(s) 3.14.0
InvSee 1.0.0 by BlockHorizons for API(s) 3.0.0
KDR 1.0.0 by JackMD for API(s) 3.0.0
KeepInventory 1.0 by KhoaGamingPro for API(s) 3.0.0
Kickk 1 by ytbjero for API(s) 3.0.0
KingofBlock 1 by YTBJero for API(s) 3.0.0
KitEffect 0.0.1 by YTBJero for API(s) 3.22.0
LoadWorlds 1.1 by shin for API(s) 3.0.0
LockedItem 3.0.0 by ytbjero for API(s) 3.0.0
Lucky 0.0.1 by YTBJero for API(s) 3.0.0
MSpawns 2.2 by EvolSoft for API(s) 3.0.0
MaxEnchants 1.2.1 by Xenophilicy for API(s) 3.0.0
MenuGUI 0.0.1 by YTBJero for API(s) 3.22.0
MenuPet 1.0.0 by YTBJero for API(s) 3.0.0
MineLevel 1.0.0 by TungstenVn for API(s) 3.0.0
Minion 1.0.4 by phuongaz for API(s) 3.0.0
MuaCoinUI 3.5 by BlackPMFury for API(s) 3.0.0, 3.2.0
MuaKeyUI 1.0VH - RBplugin by Ibenrm01 for API(s) 3.0.0
MuaKitUI 1.3.6 by Infernus101 for API(s) 3.0.0
MuaPointUI 2.0.0 by JKPVN (JakayPluginVN) for API(s) 3.0.0
MuaTuNhanUI 1 by FurryJaki1992 for API(s) 3.0.0
MultiServerChat 0.0.2 by tungsten for API(s) 3.0.0-ALPHA12, 3.0.0, 3.0.6, 4.0.0
MultiWorld 1.6.0-beta3 by CzechPMDevs, VixikCZ, fuyutsuki, kaliiks for API(s) 3.20.0
MyCrate 1.0.0 Beta by VirakMC7788 for API(s) 3.0.0
MyItem 0.1 by AnhKhoaaa for API(s) 3.0.0
NameSpaceRemover 1.0.0 by JackMD for API(s) 3.0.0
Napthe 0.0.1 by hachkingtohach1,tungstenvn for API(s) 3.0.0
Netherite 1.2.1 by Wertzui123 for API(s) 3.0.0
NoFallDamage 1.0 by DeveloperNeb101 for API(s) 3.0.0
NoTP 1.0.7 by awzaw for API(s) 3.0.0
OreGenerator 0.1 by phuongaz for API(s) 3.0.0
PCEBookShop 1.0.3 by Aericio for API(s) 3.11.2
PHP-Sell 1.2.7 by Muqsit for API(s) 3.0.0-ALPHA9, 3.0.0-ALPHA10, 3.0.0-ALPHA11, 3.0.0-ALPHA12, 3.0.0
PM-Beacons 2.0.1 by jasonwynn10 for API(s) 3.0.0
PayPoint 1.0.0 by YTBJero for API(s) 3.0.0
PiggyCustomEnchants 2.4.1 by DaPigGuy for API(s) 3.19.0
PlayerVaults 3.3.0 by  for API(s) 3.0.0
PointAPI 2.0.9 by onebone | Edit By Nờ Cờ Dờ (NCD) (Danh Miner) for API(s) 3.0.0
PremiumAccount 1.0.0 by YTBJero for API(s) 3.0.0
PureChat 1.4.11 by 64FF00 for API(s) 3.0.0
PureEntitiesX 0.7.0 by milk0417, RevivalPMMP for API(s) 3.19.0
PurePerms 1.4.3 by 64FF00 & ProjectInfinity for API(s) 3.0.0
RandomBlock1 2.0.0 by Edit By Nờ Cờ Dờ for API(s) 3.0.0
RebirthUI 3.0.0 by YTBJero [Edit by NCD, Ghast, CurlliestDrake66] for API(s) 3.0.0
RedSkyBlock 3.1.1 by RedCraftPE for API(s) 3.0.0
RedstoneCircuit 2.0.0 by tedo0627 for API(s) 3.6.0
Report 1.3 by ImNotYourDev for API(s) 3.7.0
SEnchant 1.0.0 by NamVN for API(s) 3.0.0
ScoreHud 4.0.0 by JackMD for API(s) 3.0.0
SeasonPass 2.0.0 by TungstenVn for API(s) 3.0.0
ShopGUI- 6 by ItzFabb for API(s) 3.0.0
ShopGem 1.0.0 by YTBJero for API(s) 3.0.0
Shulkerbox 1.1.2 by UltraFlappy for API(s) 3.0.0
SimpleLay 2.1.8 by brokiem for API(s) 3.16.0
Slapper 1.6.2 by jojoe77777 for API(s) 3.0.0, 4.0.0
SlapperRotation 1.2.1 by jojoe77777 for API(s) 3.0.0
Specter 0.9 by Falkirks for API(s) 3.14, 3.15, 3.16, 3.17, 3.18
StaffTable 0.4 by GigantLeyKey for API(s) 3.0.0
Teleporter 1 by Dannly for API(s) 3.4.0
ThirstBar 1.1 by BaliGamerz for API(s) 3.0.0
TimeCommander 2.2 by Zeao for API(s) 3.0.0
TradeGui 1.2.3 by Only FurkanGM for API(s) 3.11.0
TradeNPC 1.0.0 by alvin0319 && FunkaDev for API(s) 3.0.0
TreeCapitator 1.0.8 by  for API(s) 3.0.0
VQ 1.0.0 by YTBJero for API(s) 3.0.0
VanillaBlocks 1.0.7 by xSuper for API(s) 3.0.0
VanillaEnchantments 4.0.0 by TheAz928 for API(s) 3.0.0, 3.1.0
Wolfies-FloatingText 1.3.5 by  for API(s) 3.0.0
WorldProtect 2.3.8 by aliuly for API(s) 3.0.0
essentialsTP 1.2.2 by  for API(s) 3.0.0
fly 1 by IDontKnow for API(s) 3.0.0
iProtector 3.1.1 by LDX for API(s) 3.0.0

----------------------REPORT THE DATA BELOW THIS LINE-----------------------

===BEGIN CRASH DUMP===
eNrtfXt32zbS91fBKnu2zr6WLOou9aQnjmwn3tiO1nbSPFv25EAkJDHmrbzIVvbpd39mBiAF0oou
jtK+f7RnNxaH5OA3F8wMQBD8b2USRB5PPs1FFDuBXxm0DiuJ44nKwOg0jU6/1zRatUa73jSMw0oa
ylOtmmE0+k2j3+l0e0bH6BxWXB4np1EURJXBfyvJIoSrKrfwR9IOK56IYz5F6nE0TT3hJ6zBQh7H
wmZJwD51Wmdn9bppjtJIDGc8Wf4aDGKR3KSTifNw8Jx5aZwwxwtdQTwcPxHRhFuChYF1JxLP8YVp
no9cvhDRIYuTyPGnbOrMhX/ILO660Jzjs+HANN/HILJpJqk/9afpQvimeSLiuyQITfNGRHM6++Hd
hWGaoZtOHR8Oj8NQuC5PQFPvz00zjizT/J/bV/8SUWCaPHVM85I7fi2chSzwmQtgWKsO0k9S1z1z
XBT/qU1n6vg0N2qof9X6GsUhDGxbtqsYHZX5HAGbI8UlP5n/gPtRisqgW2+DY0Sg6crgl8qzOsv4
FVRCzJRCjkAfR6iOg1b9+WCdhas/LS0sLfaL8Stjmfl+6f/KTlLun6SvuPMcED0ztmz9+P35p1se
3x0YPUDw2FDVnwJ/OBPW3UhE3gGxBqf0kA3+f+lSR7E1E3bqiugI+b3hvg2/D4xm9xHfrE3kfZ36
B+ihUxExg9g3t2F/kx0dGN0+NKC7dn6laWpIqj9Fj5pqrW5Kau5oRH8uuQ+dMjrotFvr28khVX/y
QHG3s0hw+43gUTIWPCm13F7dsvTsg0azVxZKYgKH0EFVf0oca9lwXGqks74Ro90oNSLPSK7S1t21
LIx+fx2LURRYENOCSPLqrefV7nW+witOQImSR381jxH9vISfBxCFv8Lm0ycr8KG/pFZyEIw/Cyth
r3gshhCX44uA2xgNFV2/PU0cN5ad4SKYTpcx85cWdMEdY9Xy3v6vTw6xsoPXN6uiVVZFLHUtGRiS
wQEpLBK/pU4ksuDS7/zKwhmPBkdHw8ERgTxaYjxSEJXt4iMEqLVcvRzV8O4itueVX38/rIi/MuDX
MuC+shBoWTL55PjzwJ2TFoCzDQa28Ep5Fija3VZgCzRLp9+BE0z9F4kkjXwGnUb8CBd1+l118nc6
6sER/egr8tE//wnH3Xo94/FP9jLkEffY32OyDp01Hp2VtmB/D+kvXdR4dJEPJQL7uyvmwr3iUGTh
VU3tKgV2HAQunWvl547ouK2Ow3TsOhabpL6FRmJL11EgD9l5EdCh1ix7QUCeE8tMV/+lo66mOWdy
oN/zQr+rp10n7+xrFPzv78nMias/hWAfTLzwcyoSdMYTnvDLKXRhqgiuwGgHOUazIuGblcNM3c/R
al2jrrH/nSiGRhFuTMo0GmVcRrOM6z6IXBtBgBq2AQmUn7NbDlZoUwFsSUfqGu2vNvjLUrxfsXF5
8GPl97+Krr+Krr+Krr+Krr+KrtVF12FlKnwRcRfTu4+JExK/fhsAG4NNlhMclWat0agZSE8d164M
jF6rdVhx4k+2mFcGEw4JA6qIKEgCC3LtoNXqQSMO1hj9VheScou3uGj3LKttGY1xr9HtWUaL90Sr
w1tN8N9xA3inCsvPjm8H9zG7umVLaRvVVuwwo16rM8LADLixyQ6yi6USWKNudJ6z48uTTgvrGhjN
DypdLJd6cPhF+DYJ06rV5dlPQYwNnl9d3QKBDu6hEMLqxwsDUPgn1xlHPHJEjMri9gwEjMTR5zjw
q3CNKqSMmlFrvJxYjUkXKqL+pM5bLd6etMdWgzfGnXrdrnc7jYmoi25PdIG9zQEshMTAO8L6csyt
u+qcu47NEyyGQRV3fnDvv1R/EezSucaOz6MF9Qi4tA5tG82XdT4WotmzW6LR6xidhjFpdBpWt88b
vGlDPWb3OECbtIqsVjZu1Oq15stOq9vrtuCeTmdscd4F8/XajVZD9NpWo2k12qJntdu8UWKI/dil
fqywNV72u+1uv9FrNVqddgOMNja6Pd7sglq6ECeawNvq9w1jXOTkBlPiAH73stesj0GjDWvS74gJ
+BO0jAJ3Ws16Y9KAf5qGxVv9RxyqYUIZIFNU86UAfxTWpCOshtGa2HarZbQFN2zehIO+3W2OJ6At
wYusPJ7MFJrOS2i03bXG4MKg3n6v3e90u+NWv8O7vZ497jcaE7ttTaxmkYU/TjJ5ei/7k14DANvd
CdjEsvu83emIVmvcaVqtidHj3U67y0WvpNzlz6oX5r3y5Q5dTGMW8TvwbakX4AJsLEu02r1xbzyx
RVO07Ik9Bl1bnXZ/YnXH3YlodMZtq+RBsR8EX4RSb/tltz5ui26/2eX1Tq/bs+1mw+BNA6QV427H
bnca/d6kYdklJqFLHFrgLZ1xvTfuWpOe1eITbkDJ2bf63BiDYYxxq95rNw1bGB2j8ns+rKG+eWw5
9jWkhw+OBW680GJb+cxhZRnYMKbxNJkFUYz1oiqRMEby0EFKEzpDHY+Fz8cwEKwMcOwDPViEEE3w
JjgXB5PkRCdg7QHcuTWXOQtHY9ApMNC+u7n9+d31xQmQ7sU4dhKEiEXrsZ84txCHNOCKogOu10qQ
j23uGR0YMOwJs2q0jPvm9vj69v1oNWoYYL0KHsrIFXUt+qvpBfc+XBXAG/2no1f8oLxdIjBNWVhs
MgIkrFk6rkFYP8pgKQE/BI5dko5IBU8C/68XhTtzxiKaYkQcOnPH2peFXkFES2a3/A5qBHfxirKB
FBhBLX9tkneWJGEMtYUm9yrWRzk/1AaMY3g+kNF1UjxR1Ey9rJlV/Qxi2XqVVM6CyDseIfNTKCID
byEPtEmLUTb0rKzR3+Px1VbdM6XJgTdBGgtdbp1clLpRaxelvoHq4a7ffvg2RygKf+7PhxGPZ2cO
sVUixqollJHwzRAfuEYR7RZCJ8HQheHTBZ9OC1LrdF3s5uNucHvvxAmItif3TyQ7FA3KTQThAgiU
rYhpV99XMI/jhZt6l8OjIj+ljDMh7JIeiLQmp7ye8ThhV0Ew3luIVq3u4rxwh/NQRu48/AnAnYfd
cIOHl3AjpZhVIK+UnO5fUNUC9MiepU68L/yfgamfMZUO6Phz6XoS1FYS3QjXLYlEpDW2wIB1yIZp
tE9TxNDobrb4OCrh/jjalATREJcn+4ItuUmNfxxtB35FX5dsjpQEINwr7t9potHhIxdbncMOZUeh
fnJYecsdO2D/CgTOlxTzm/F0sfOUNQZg25vslUgSEX0IEkjnunQ6WZcSMnCt8R2Cd2XkTKeLYRon
gXfqWzPuJ3FlRUQfE7A5ATPNEszN0rqQ9Ibga5qkGelRPVKFtnhR1DvhL6Zw36M+Vj2+GL05pgij
Hxul40Z2/OTCTqEF0Ze4txN7JJK4LDfRyr2zWZSZLnwTRM6XwMeLr8RDGvcbnfbeKvJCC0oyRLZt
VZ6LeOM7oYjKQipqsQRpbBLzhvvQdDJnBy+znzgdN5xFTlwdRY4n4Az+TeOLD8+L3Xhn579cjNwg
qaxXiZRjJ6UEjgs9Y8hT144Cv2D+8qmy+xtVCE+Av1Sfho4l9hWpY2RmmlaGAeR8jGrXuE0IP0rp
43ikHltqcufEkkOUYvcbz4P/wX9FN98UoSs3Lg+lu+FI4xQGRokj4o/rRhszz5thSxDdAB1qIX6K
5BniI01GVEMEfCxIP8WeoVGLpi+NSE7ngXsDwPc3NM0bBkkLKNbMI2Ti3t/f1wQgQu615I7kw7le
EeFIvuDgOrk86pKxvVWUdPhFWLPR5YmY4w0fnAfn7k2xKjE6T5fbQu6hZwN3sLMElyA40EIR6q52
13AfFViRcgL/gqcFvUhK0fsfDb+PvdeXRdkh7T9R9PEOJeSrdFEchSjCmsI3nIFIU/5lbx5KLe4E
+bpUGyrKhvIQH12A6/tzf28D35wjehWByH9sKcony7OLohBljf5vVaMf9iaG5Ijtbm8FWToeu9Cr
9DBQIBcLWeP7Bjq9ZdMs4XhaqDs5/eBEBD+XLyeVQ1y31EmCKT5tg7rm3dneErhkappzgmCaENzU
Lw3Whtnhkwtc13Eeu9zX/a5A3jBVeDVNF2ZqCKvts6GZ1uuTlj9lJ9yfsYOr4cnzncQtzp1l84lr
55Px4eMQQhC2CKIXkW90XLjLgprnjEeeLr9GXdP3rh2LR3Zw6bhB3OxhQjsJ/OQ2SK3ZpfhYyl7d
p1u6wBVkXKIrHGwlr5iXc3VOKg1FWuWh5vIZNLsVvFSaNb9BPAUAH+rPS3l4XR/VsvAS2lHOA6Q9
5fFiGHgeOANOJUycwrzOqrNlZ+8XVfCZx4F/v/B9o76/OaucpWmugLR9ENb6jiak3qGWsrVr3bJ5
A1+M4f/7kkuxM00hEQBPkE9Hs1kgORVReI6xpBXze6cozHv5YP5dtDd5lhxBjAzEDsaRt3xwwlXi
SPKWEk2AEqSRJf73+lXoeSG+7hLY+5fTyAUleDvICiMK30n0Z7w5aU04xUfNIItg4P0snjm+YTRb
BbG+YZojY26a3mQHSR6gtLKFTVMAetAsnSjP4rTLc6xzR0TsQgR+v9/pFCNn61tmW5FvxhbMVUC1
vZhnDqpbn4LMKEWXLI3ZxtAY77cbvb0FQ9WsaS7b31DBZDWCBj1/CqnbpFmuWz4HnwPRxf/2Fslz
joBfgsh/bGUFuPTc41MRFwdhRfr6YU1puqT15O6S/hZjcYmxxaG2J7uMyl4PR0MowTQhMkqpUi7a
5NyPEwg37uKWPzLKYaX1LcZxMtYJB6ksbgEYsM7wWKHaOO6HggNuC0VtThM7ry+HJyLB5fmajDnt
zxiwTT3LptZ3MJPwCtlIHq8B/zNUVkPICL5wm41+e18SQLs7gHYmSfbyQ4Y7I60fq+zZpW65fxug
F2HzQ2h+exneBAnFaE2GnLQhl8RpNOe+SO6D6O7JY6t188LI3zRnQTJGOKapAdtqckyt+aoRoxog
PXqWMSPRUzlY00XPSE9YlfIN9sua3d5s5/4keBUEutlyUgn7Wsd7IuDL6MrxP/N6vWeajmoXJ6yD
u+3AL1ei6PiX1B1SyzcULVlqcfy5hS1TYtn+sQoAvhGiKAESNvhO8QnTviYriw+KJJJdhHl7cq1J
gkcbxPg+T+uhYfpnK8hChCCo8EurOIv0db2h8nYW8NccKvLpaH+9ucAUpNHhbN/D3zrWnd695fGa
jLhIxp/3GJMUO9O8w4Z3we1Pg0k5p+jUP25V7dt3r3YBnpxOJsU6aknbconHTssUt1nGkSPYXhDs
9PTmnD5M1IiltF5K6jDY2Zf6l21uv/wGZ9OscO7XkiCUwlh3wj5PhFcQJidueH71vTrFEoH+eyvr
pNadHq3k8RPcq74H73Kx8e096/Im5PeF9QMZpfhIpfF9H6moRgF33vrTHqRc8od8kZEmk0YtP04p
2eWj8INw5riOtdiXcBpLNEwOpXCwlbGEn74uDKoyyh8cy+aO5UHLO7gZXD0SSQk5Uv7YsjzvJl4I
4HMIm/E7vqCnP7oEOW2DDN9rVI4cQQoNxjZyFJ8yKkJZgtb3fRA/vDg+oeUSsvkd/Cjlw8Apvn2w
pBUzR7tcpENBOro8S6PFivmfJ6zt0qJXyv9jBfhy8Eng3DpiN4HeikVZHkkqGeXDG1Zl16/CbI2T
Prc1Fn7k1Y192SfjB3IswWwli5M8ksVJ3j+eMO2UJ+cmIvLT2NijDEuWVHPt8pABYI/Ano9kyYjl
dbPlgdTb0YcrdvAvfscXcrnWh6vnextXIXMyzE7y3KZXkGfKAuXUNRU89JhoAbI4+LL53ibjdaYk
TQZlF6ncxJHv/tIrQLpkxTPl9NhYvVznK2t/l2t75d/Ot07uZe01d5SVKu+ymJJY7F8dtQ6uuXEd
3PA/tN3aIk3i9M6B33fcdZy74ixGo76n1XEeAqZNPNDkGvhvWRmnMUJFLYYRT/Q5nIzyKEuzV4+W
gX9wIn53Oex2e719ebpiCQJLHPmPrcy+KI2TFGH9W6H+DCcsON9bdb6Qw6JtnRX3coE63hLXwgvm
hdWpj079KXNSZRS7iBYmM1EQiAgbCvAZt2b4XmUS4C/jcP8LBEstoIwILPu7lWwCLoycQudZ0jaM
m34WUfIldYxGc18SLTmCEBmMJ7/1s+R2tJQJhQ7OuOuecI/2GlvKrZPXTjieYO0dhCK6EuM9li8l
tqACDdEO/hrcjgpi3Y4edbnSgkJ+/4Xf7+0teGRmmn6QhE82nQQEwryLxGvavSQJ9JhSIK+NjPse
x2T8TFPHsMsk/Wh4is9YbmZBqO/IolHL1irl9GPwZMsJyu8yrF/S/bV3sr76wqBsxDQ1YIWDJ1hV
8TzSuByRRt6MqqWXJHPShqWwl/T0Z3UV1y+9sPXdX+hCwLjz1fZ9dXRZfSW4VXydRyOWRx3GH7t+
cEww8NW8DM5miWD8g0MmXZ6M9CdN/IThDgZZ0Us0SVacLZqoVTbRCYebXqeLvb1glzGEzvgYzUri
E3pq1sjRCnayy9JOfh84FOIFBenk4txM8/s8xM4e/8qtBefUMu7YVsCx2ezon8V1Xzmp3Af7K9e5
sv9lp7aTsFcLdoXr120bl6/T3xP1l9avswNay45TeNHzvS+ODRE0LY3V4G+WPhKek3rHlhWkxZ5b
PPHH9t9wh9mOfE8QDftymxAdNW6lWoQtN4Dcbe3Lmo1HKmecNt2IR/Sy+Ecxd4I0Hp1WM7r2Zuia
zSef0GkJVGn32Ew5y3cXixpa0otVVLdsXM9x7+otA9PvNYg05+7o8nK0t6gWSZ64/hi8GIAJBUxq
JIO580p+DetRUd7f9e1jikqRtLLfNFe5DfsHAzvj/oXn/sShJcl7cv+CbxAi7ecevEPyAS1c08Z0
9FTf0BRRIG+Y/dwQ+falEg3S9qHhWoydKJkVpkGXtA1PnlVIY7+QhGOQcHhyyGgDCNqew3XBl5KT
iN+JTufXvckpHN/ikc+TXTZ9uRb2zd2ivGZDp5Y37im/fyTsYcQnyeh0f4JkHE1TA2KaGqRt5ILy
wxdDJ7JSJynKVjizwUtBm0G90ygu0O58S8ySzW+7d9q1CIOoiJ8IpQclpcck3lWQ/E+QRidiXgDe
fcKuHA/CxR0v4tvgxImtILK1XKQ3hNZCaNnfbcx0o+pDTb6ctOmdv0d7wn2Dz13JDeG27TU3uMHn
m1SfY89JOuzWHzVRmbW+gwgCx2wjHut5TCNu6Bbf91n1Eof+eyuxZkH4+v15VRcqI+kilZ8rJl/O
+Hj8De+JlvZY++rTRtkQiEVTI1tbC2UoTPBnlD9lePzJmk13AZ+6dyIaF3Z/1Ijlxealp27v3STi
Z7ipxt7KJI0lWoKQ0CaQW4tEH4q44PpyriWt9JZ5rVd6ZSkK7hzh7W1jCcXPNGNCAKNYEEoDs2vR
p/gd5Txo8J5ta6IJnG90Unym2Nj6JadvfD4aSwBPnjBeIjvKZFkKeh0ktFHlY4HzMxsedez/7a4S
gB38NYTBRtF4ilIcwZWmKc64e+dEpae8RoumPI22/NORf7ryT2/H8sIZBn4SBe57fWNKCQ2cOMe4
WcCETya3tF2RJuOSuPYdwtfOFAqOC7F4K/YWYmJse3sD3QqXiqaCjTTimnUXJ9z33SLub3gzYtmm
aQ6hqNgK/MyJ4uQVL2DPaWsXHb/irvMa91Pb3+YtOcdut2PtYAHHE+q196IRCvS1q13/I/jeMu3F
yUfTLLT95DAHrKqXw9HpUVEUlDnitnidOrq4Gakc3EpDjHfgc+wsje64X94nyPim5T7EEERHHDtY
Dy+/Gg3LkiBpQ4nE3bnj15tGn/3jHyCRf8fLo6ZvqWoViF0kEWIITSelp5dFelmm3veYJn83Tb/g
WisvTdwUTaIhKB1uI9mHf2viwMEfW7p++Pf2NvjAfcd1+aM37ov0Dc/HH27SUEQ7DimKr/SvEUdy
N80CpNLhDqKqQTd+q2KFwIWzGwa4tzNx/KXf6K1cPPsNoWEuoWyXlVZt3axwHa2SCRTxc+BOHBFX
z4Ax7iZ6Kx70aYmVp8urVdvfoxdiyyfCN5pN09Rb396dadHbKApKr4oXyMXE1iyPWSCppu7eiiPJ
zTRpiV8oEWwzIbbCrJepE4FhXFv/8kX2Ra0EQtSRR7sLHhWkxW8KxjE+LuBuXFj5UiCXc2Dje9hX
b9E0S+1vtO3E1cegeLSmVDzHXZze+sHelu2cuTu8Q+Qo7RfSmkbcMNMMZcxei6tly99eWWlS0CdH
8NODAryutGdV9rklCuy07LgG3g9xnB5TDSrPRvkRg4HRxJky/MCjGZn+s5vUZzciZEYD/jdoNQbN
Pvt/9S5r1BsGXuByf5ryqXgh/Ckee0Fiv8C90Hi3I/+4ZtqsG3UmjyYp/G10W/Bvc9ynfzlbXt/q
N83UsOt1/N208qsa/Qn+25uwFbwJiBSsioOIF0bfaDaQeD8DJVZdJ05e1PEYxixB6lvYVfGhe5Vb
M0fIj07GL2Bki3zwDa+qig7gFfJGjz+oe+IXTaLg5LQX2EKenwQRcM1pAQzCgAo6t3GKNDsO56Fq
xXYmE8dK3WTxgoBOs9VZ1VgkGGrjF6RdXGZXRZ99QW+eLWmxELZ2CX6h9MXZxfEtkqRvVn9LRbRQ
7SlSZIFACgz+ruEXSyEc2i/+Sf+BhtIkqMZ8LtSNc0fcV20HdxCxxIsekh7GwUMVe0jGSaoM8psH
8aNI9IJxTil8WKe28PDDOs8Y9gFmkdelEc0vkPMx0CgruDA4I4NsGguWqYjxSLBkJljgg+cmM54w
Cy2csLFgjm+5qS0/j/rI6ZHXTeDBnRNkUOYZ84k4ZAGuw4yRJRtHgt+xRZBGihdzJgws7UAOwBbA
yPi9UghLwPhK3OfsjmwxoZUd7D7wf0gYTqTwiKGWPRAWP3K1QIT4eUop9/1M+CwNp1DBA4Oa6aNr
S2YD02fs2c8zWiCKX5mFmG0zYKE+Ggc6iLgfu/gsTp4mqFCUcWAM+nRFQvrC/RItwWb05UOkeMhZ
+nDWoQeMvp2GJ+JZmtgBWlN+9HbAzIr6qBmhfmCRqH4OQAyI8X/729/MCgE9dt3gnmHnw2/WquTI
5g5n/0bPxGvIRbO8OaBvt9Ktp+Su6h7aFAu7EQMDTmijZny8qTSL1yvvzk9r2J/9DFUXOAiomds2
AI2lNVDL+A1C5gkep5H6+m4MnoOgQVfit5S7qEX62C6bczcV7EA1CuHvOXKXLUK/osmLKlgBPwA4
gNPU9lXqjUFJ4GTH8cK38CuQDDcvAbeq0QXv8XPB6OmZpHjZLAogSoEx4fL4kFG1wlSAgO5xyPAL
cCAI5izSDSQLpHmpDw6Fl0jmN2RtkAmcLgoeoHcmAtQAIpEj+zk41K0CdD5B18Vr0EUPmZP8AOpL
IrpN7rFDHlS6mR2ADCl0owaphcSoKkkHxKrsupycI0p9H81py+XEZATaoziuMRgOq9/Mc6Yz6Nv4
oONQ74vKcVAjUZSGiaRKhaFiPMCm5CLjQh+lD+PZsn/weeDYAHs1AvQR9LkAFA3eVdMcDS6uyoty
T4MUAaE/Wsg++toNxuA9WAgwSYd+4Dn4fWc4nvLxIgGNsxup6jop14mRN91+i1a7d0jz5FHQh++r
klHmZDFJOHFo0zgmcLsHZDOB2jNrUjo5WCvFXsumARgK3ycgr8CGpgSzStAGrI5SQOsUkeXH6f6/
lwArq3X4MQN/G/44CUKCoKJpDkmxixmED/nh7xwQtlpGRRHgZ+oSClz8wx7gUacgPBgumJVCIsK9
vph4EFZKkTeQeGV3xMSVXy0eLCgj4qU4Mmq9uz0dsNs35zfs4vzy/JYdj0YX56c3bHR6zaBAfXt6
fcjgInb7Dq46ZT+/eXdxykbX74anNze1cv9fqYyRiJyAUjPG4BjFs/Ajwpku8jhrgNqhOLAprNAl
VXw5SUZYYoUz+Y4PsRkcCaX9mp9J/4KCEFOhj5epxoizZAJRdxnDZTKiNmjWETM+3VB7fDW6gRoR
gNFCYWFhIPWKcKVV5b25DOBZIoyXojbrStb4+WpISvKmknzKozF0iqoVuK4sVSn2rNYu9TKEo+5i
6i4I2x73UypDdCRQoqXggc8Ps3RQdsHMCWVmpQ1DpLzesvfV2DsZ7qW7Qx0RpK6dY3Egf9z7bIk/
loxDgg+Cdup1JSu0dkZx4lF+JNeRHHLZJlHgZXlW3q2uqOqOqVsYpVGWfOQbbIVLFbzjJisdLflQ
iQoU5ch26oWyzpLFHFMnqngis9cJXqRuIOwEM5MAjiDDQ1fnKxQM+RpyHrQwByeL41RgWEhmYLVp
VndivMLWlqgOM0PK8kCVlzWJBi/9qp5wGGTNUv8uzrAPeYhUx0s9SK84w8+y0QIakslBk0Sx1Cv2
F6VK6jGPfQzK7lAhogarWA+nkG9bucVOAnmq7NNYFmHMk/zlxVkXkrzUhbpkVDRULRgQily2E4BC
ZQpUjqg9QCdrC8kl5Dg6YfIeKeFSOrhN6VPKk7WMFy8LXVQgfsct47ue1To/NH21Md5AJQioymaB
K6vLMU+sGRXhBBkKJnAhlWIotskxkDorE8tY5HWmzGzPdCtlpzCsRosEmR+yqqEZkIxHDVeTDAyE
7XZHRe1lCUsjWKwebSk5jmqoxsebgahg1dgbKAPBl15QXceGo/eHcC9gGEP/undscHsqE2T0zPlX
if+AdbKKe1mMx6Qd7doaO7YhUM24OznChfI0QrBxbYNqChplOF2DDqZ1xGXS05jpo5DTB4xqWF1y
t8YQxPuRP8rq7OVQEIcRCOoekibemIZ+WFXHpYHNpep1sfNF5PbEijwzI87oZdUSVOzSPbTU2uo3
5E3Pa2yk7nF5NKUbuBqTKl+gFicRn6IIYBNQWxy6VK/gQBMG/i52dh6hnYaugxMqNHLG74aLOGGX
t+8JaQwiodjjNGE4UidTLpuT44paFmu8JK3iXQNCi15ui3E6HWRjlZ+YgWMUVanNoKvSeaYGqrEc
WqMn+3EgE5fyBgOZyeAkuQ1nQRDT8DsboohsEEoRzOYJZzGfZ5ES50iyaSQ8p41eARjNCsqCRc1M
4PhYjoNpFukH9nEcPKDXR+z8hB18fH9+8hxkBpcHDHD9PYT7MJIr8sExcOgSwbiltqz/wBMCuoSU
7YOnf3x1kfFXwxqN8gM1hnNJlDSh+sDxLaVhki3I5klUCilM81CzcM6ZLKoPqWNrjsihToHoJniS
xU2QX353PRsB0OhRIQW/gZqTSjI/sFwnZHQvuM0lX4DL4CgS33pWA3JMaSoPUCyuZudkk/EyAmbz
YvpcyS1Ndkh/x/18eSKNQdcq505jNeli4RdmZaxT91TlPQMWQpE0d1xsRsZxFaNUK5iIuD/Nxwg+
3uaW8+FhdlVhTm3l/JS08rGHr7LQIJtyruzRqEplY0ywGKJoKgL8EH9ThoSbrylfajeT4L6QQ9+x
kMzGcttxmqyjFDfLHJ58nObwCplXio8N5eJDIGK8DBVksSh1MAFJbRXK+mqYPAJO4B9ZvwOw2c34
N0fTpM6MEwPVNAQHFrHmk/TtVWqIJn/1vnlCjdGerDFFINSniNDSTH73ninpmJpIyTI43VMQHfhV
WYM9Y9MIF43m6llO1uQaqj1WkYpN99yhYRrESRjFSNuEQZi6mTOqA0xldI2KiE2Kh1ThV0MVxTCZ
YGCCbKdqZ5rPldNTA5XFcTaNRo2SLJOgshfuQJ7Pc9hLvaG/V3Gf4RIp725FcjgLcZdWzSLQy6ry
UUZ+5SxAyxCUGr5MU3MCQgyRbOHhuCfG9WYxSBgvoeNgTp1ny/MkAkUxPp1GMH6WE2VqVk1OHiQR
J8sV5CN80IPfnbwb4Cymivky9WFQuBeyuObQde6pxZiALwUgWk2b2YZMm2teuqY0ziOlgkHleeVM
kOT9qkpVeo1I9EBXHZTdPvqJNmt1CPExnPFDhjurUH5O8jIMQu9ERFBqVy25g/VAnc3SlUwWvDAL
pp6Kafk1hZITUjlFsSxYKIZkeXk+a+ORpaWsuqkTx1vGapWAkSlejz0BQzNaFgMmNkjTe+qmbCq3
tmxAndFbyLS5PsWrsC2tK3uFNnGieAD7ROkzmyKZKSJFDBzlqMJZRQycboaxiU2VozPJGcHwAwSR
jxowAmUzBzLGAT8VIrPMxl2Hx2pYApUkx/Wx6ghrHsCobDXIjCbPgd/i7NWA/ULFCuTPQ5rO+hWZ
0ohjmSb1RyAkBhaOkWOrWYPs8RRNB6zKWJTQKUPHVCDTaBO3vgGsKt3q8GW7hEH+ZPhAC7OCzF7L
FgcMH2sNGj92D9v9B+Ow+dA8bPxo/GhjQUT9/ACft9Nbny96dRmK5VGr/VxWefLxgj5Ylz0ccwvo
WM2kUelBU2FgNWuBD1VSK0mjLChnI5QofzBBEQf4QKqy6DlQnCmsmj3UAF+Q5eyzMwo11BRdX2CS
UqUgKZ80SpVqS63oC0Ia34oHCHyxGtxZdzg8iGkgAxoZO1CYL2QRR9ehvPQRAFemEdlnpJTEH4qR
KI/VlcOKwPVAsaNe9aeVL4NKF99HxfUZYwtqoplOwedLvo0LMTVa4H2yg8THbRU1Kj6oLBDSyNWP
bdodaXk8cVxanbqkTL1QP5xB+tCPHehlc53wOaZH+/mxN5ZPy3QalmKA39ZpoVUU+1pM1OxC4U6K
+3GRBBWKp1NuRhcFBIv4Nxe/Opb9YvmpJLgTPqT3gsQLTs9KG2qt9xcnlGta27TX1xfXGetXw+GD
V9RpgGga9XrTMBq41np08q4gqR18IiRlIpCcojmgu/txXLhQrtf/eFkQsYQADnGYXBQLiPe4z02B
GKrJQvWxXAMyEgKeFZ1rmW0/UTGVJg5+2Au3VKElX8507PgcN+kmLriAhlhmH0OhgGSP6Q6pVCta
hElAhCZdP7UfmcwpWJl009RJMEZLKfxOU+lLGZz/YM31bkTTO8sbfv/9/wDIn+3u
===END CRASH DUMP===
